# started on Tue Nov 12 11:58:04 2019

#           time             counts unit events
     0.100355153              4,482      context-switches                                            
     0.200487328              9,772      context-switches                                            
     0.300596031              9,824      context-switches                                            
     0.400784009              9,013      context-switches                                            
     0.500952455             25,479      context-switches                                            
     0.601179971             23,569      context-switches                                            
     0.701298080             35,508      context-switches                                            
     0.801416494             37,917      context-switches                                            
     0.901530767             43,276      context-switches                                            
     1.001731701             41,853      context-switches                                            
     1.101920528             45,059      context-switches                                            
     1.202134587             43,733      context-switches                                            
     1.302246648             45,964      context-switches                                            
     1.402405370             42,484      context-switches                                            
     1.502678321             42,928      context-switches                                            
     1.602985136             42,165      context-switches                                            
     1.703210018             43,009      context-switches                                            
     1.803381574             41,600      context-switches                                            
     1.903600187             43,121      context-switches                                            
     2.003799294             43,363      context-switches                                            
     2.104057239             43,030      context-switches                                            
     2.204287066             41,148      context-switches                                            
     2.304443234             37,966      context-switches                                            
     2.404557389             39,418      context-switches                                            
     2.504696539             43,701      context-switches                                            
#           time             counts unit events
     2.605052069             42,792      context-switches                                            
     2.705167727             40,760      context-switches                                            
     2.805282501             41,105      context-switches                                            
     2.905438743             44,490      context-switches                                            
     3.005596851             44,468      context-switches                                            
     3.105837671             44,343      context-switches                                            
     3.206068990             37,205      context-switches                                            
     3.306242217             41,802      context-switches                                            
     3.406359249             42,228      context-switches                                            
     3.506495738             41,395      context-switches                                            
     3.606603516             42,324      context-switches                                            
     3.706715241             36,259      context-switches                                            
     3.806828784             39,789      context-switches                                            
     3.907023315             39,340      context-switches                                            
     4.007138470             42,432      context-switches                                            
     4.107243315             43,612      context-switches                                            
     4.207359142             42,913      context-switches                                            
     4.307470844             42,585      context-switches                                            
     4.407611615             42,444      context-switches                                            
     4.507684824             43,202      context-switches                                            
     4.607920650             41,865      context-switches                                            
     4.708031339             30,301      context-switches                                            
     4.808199521             27,219      context-switches                                            
     4.908314069             21,538      context-switches                                            
     5.008424343             43,410      context-switches                                            
#           time             counts unit events
     5.108597980             39,774      context-switches                                            
     5.208783309             40,026      context-switches                                            
     5.309017344             41,463      context-switches                                            
     5.409216407             37,114      context-switches                                            
     5.509443065             40,879      context-switches                                            
     5.609550649             42,221      context-switches                                            
     5.709785630             44,196      context-switches                                            
     5.809895422             43,907      context-switches                                            
     5.910043077             42,329      context-switches                                            
     6.010201381             43,620      context-switches                                            
     6.110481627             41,608      context-switches                                            
     6.210589489             41,775      context-switches                                            
     6.310791375             44,468      context-switches                                            
     6.411049036             45,033      context-switches                                            
     6.511327595             41,108      context-switches                                            
     6.611554894             41,359      context-switches                                            
     6.711731037             42,981      context-switches                                            
     6.811902550             41,224      context-switches                                            
     6.912024245             44,541      context-switches                                            
     7.012153761             41,052      context-switches                                            
     7.112294779             39,453      context-switches                                            
     7.212472925             44,052      context-switches                                            
     7.312627767             43,542      context-switches                                            
     7.412759672             38,397      context-switches                                            
     7.513019868             40,266      context-switches                                            
#           time             counts unit events
     7.613127558             40,991      context-switches                                            
     7.713262426             42,623      context-switches                                            
     7.813371245             42,580      context-switches                                            
     7.913487467             42,692      context-switches                                            
     8.013686291             39,709      context-switches                                            
     8.113851219             40,678      context-switches                                            
     8.213996737             37,767      context-switches                                            
     8.314188458             40,230      context-switches                                            
     8.414337780             41,207      context-switches                                            
     8.514445492             43,319      context-switches                                            
     8.614654442             39,169      context-switches                                            
     8.714810961             37,177      context-switches                                            
     8.815033514             39,555      context-switches                                            
     8.915141340             43,302      context-switches                                            
     9.015348613             44,044      context-switches                                            
     9.115534822             44,485      context-switches                                            
     9.215725779             41,953      context-switches                                            
     9.315968671             41,155      context-switches                                            
     9.416148050             38,281      context-switches                                            
     9.516412593             41,026      context-switches                                            
     9.616655690             44,590      context-switches                                            
     9.716880170             38,527      context-switches                                            
     9.817018015             42,094      context-switches                                            
     9.917121597             40,776      context-switches                                            
    10.000699248             34,881      context-switches                                            
