# started on Tue Nov 12 12:38:37 2019

#           time             counts unit events
     0.100199815             37,772      context-switches                                            
     0.200337387             38,841      context-switches                                            
     0.300447691             38,004      context-switches                                            
     0.400584470             37,972      context-switches                                            
     0.500697214             36,202      context-switches                                            
     0.600817950             32,828      context-switches                                            
     0.700936721             34,063      context-switches                                            
     0.801055131             33,976      context-switches                                            
     0.901186875             36,626      context-switches                                            
     1.001271579             35,510      context-switches                                            
     1.101471568             35,586      context-switches                                            
     1.201595425             35,171      context-switches                                            
     1.301829080             35,030      context-switches                                            
     1.401943524             36,826      context-switches                                            
     1.502056705             35,668      context-switches                                            
     1.602166953             36,861      context-switches                                            
     1.702303984             37,337      context-switches                                            
     1.802426047             32,643      context-switches                                            
     1.902607156             28,508      context-switches                                            
     2.002719465             36,218      context-switches                                            
     2.102843694             37,115      context-switches                                            
     2.202985275             35,007      context-switches                                            
     2.303217864             36,178      context-switches                                            
     2.403425259             37,845      context-switches                                            
     2.503547071             35,602      context-switches                                            
#           time             counts unit events
     2.603665984             37,249      context-switches                                            
     2.703778955             40,495      context-switches                                            
     2.803888135             35,621      context-switches                                            
     2.904030958             38,820      context-switches                                            
     3.004152794             33,109      context-switches                                            
     3.104275420             35,358      context-switches                                            
     3.204397250             35,903      context-switches                                            
     3.304666870             33,529      context-switches                                            
     3.404790664             41,535      context-switches                                            
     3.504907867             38,379      context-switches                                            
     3.605022420             37,467      context-switches                                            
     3.705224112             37,614      context-switches                                            
     3.805335499             34,604      context-switches                                            
     3.905553606             36,201      context-switches                                            
     4.005735879             35,929      context-switches                                            
     4.105868648             38,847      context-switches                                            
     4.206006624             40,471      context-switches                                            
     4.306133124             35,768      context-switches                                            
     4.406262221             35,605      context-switches                                            
     4.506407471             34,204      context-switches                                            
     4.606530069             36,416      context-switches                                            
     4.706712557             37,458      context-switches                                            
     4.806880146             41,990      context-switches                                            
     4.906987308             42,925      context-switches                                            
     5.007124925             36,282      context-switches                                            
#           time             counts unit events
     5.107303461             38,555      context-switches                                            
     5.207440454             36,566      context-switches                                            
     5.307549947             40,023      context-switches                                            
     5.407681737             33,628      context-switches                                            
     5.507789330             35,448      context-switches                                            
     5.608039171             35,975      context-switches                                            
     5.708173078             34,146      context-switches                                            
     5.808292790             32,514      context-switches                                            
     5.908405212             32,898      context-switches                                            
     6.008518203             33,397      context-switches                                            
     6.108615958             36,663      context-switches                                            
     6.208725911             35,831      context-switches                                            
     6.308838263             39,434      context-switches                                            
     6.408980157             31,384      context-switches                                            
     6.509122407             29,606      context-switches                                            
     6.609329956             32,786      context-switches                                            
     6.709449025             36,406      context-switches                                            
     6.809562043             35,078      context-switches                                            
     6.909684088             37,920      context-switches                                            
     7.009819846             38,105      context-switches                                            
     7.109944446             33,473      context-switches                                            
     7.210124713             31,778      context-switches                                            
     7.310241017             37,349      context-switches                                            
     7.410441606             38,115      context-switches                                            
     7.510549204             34,237      context-switches                                            
#           time             counts unit events
     7.610666691             33,660      context-switches                                            
     7.710799346             32,455      context-switches                                            
     7.810922381             33,234      context-switches                                            
     7.911046025             33,583      context-switches                                            
     8.011217795             33,933      context-switches                                            
     8.111335730             37,830      context-switches                                            
     8.211451834             38,532      context-switches                                            
     8.311570845             41,043      context-switches                                            
     8.411689912             38,745      context-switches                                            
     8.511810308             34,183      context-switches                                            
     8.611938522             35,632      context-switches                                            
     8.712061798             37,495      context-switches                                            
     8.812201781             38,347      context-switches                                            
     8.912311227             37,364      context-switches                                            
     9.012446555             39,253      context-switches                                            
     9.112563754             40,482      context-switches                                            
     9.212685776             38,316      context-switches                                            
     9.312805569             37,418      context-switches                                            
     9.412961031             36,718      context-switches                                            
     9.513082008             35,241      context-switches                                            
     9.613313618             36,160      context-switches                                            
     9.713505885             41,394      context-switches                                            
     9.813661489             39,474      context-switches                                            
     9.913799605             42,785      context-switches                                            
    10.000641903             32,955      context-switches                                            
