# started on Wed Nov  6 00:10:08 2019

#           time             counts unit events
     0.100768976                409      context-switches                                            
     0.201425890                707      context-switches                                            
     0.301944224                508      context-switches                                            
     0.402524784                276      context-switches                                            
     0.502794327              6,522      context-switches                                            
     0.603328140                250      context-switches                                            
     0.703917017                384      context-switches                                            
     0.804515101                274      context-switches                                            
     0.905121002                185      context-switches                                            
     1.005697303                321      context-switches                                            
     1.106258263                273      context-switches                                            
     1.206872365                594      context-switches                                            
     1.307448080                342      context-switches                                            
     1.408073858                332      context-switches                                            
     1.508663482                252      context-switches                                            
     1.609261333                186      context-switches                                            
     1.709704655                325      context-switches                                            
     1.810266213                238      context-switches                                            
     1.910809348                230      context-switches                                            
     2.011405031                245      context-switches                                            
     2.111860405                232      context-switches                                            
     2.212410772                580      context-switches                                            
     2.312840006                338      context-switches                                            
     2.413319421                417      context-switches                                            
     2.513918558                247      context-switches                                            
#           time             counts unit events
     2.614514827                195      context-switches                                            
     2.715067533                257      context-switches                                            
     2.815612709                259      context-switches                                            
     2.916218716                281      context-switches                                            
     3.016827977                248      context-switches                                            
     3.117418111                279      context-switches                                            
     3.217890726                563      context-switches                                            
     3.318305232                408      context-switches                                            
     3.418786272                204      context-switches                                            
     3.519304642                307      context-switches                                            
     3.619928187                164      context-switches                                            
     3.720536556                261      context-switches                                            
     3.821054440                292      context-switches                                            
     3.921615187                274      context-switches                                            
     4.022129823                224      context-switches                                            
     4.122723920                214      context-switches                                            
     4.223243706                573      context-switches                                            
     4.323863286                419      context-switches                                            
     4.424460591                247      context-switches                                            
     4.525062638                341      context-switches                                            
     4.625704694                221      context-switches                                            
     4.726184541                308      context-switches                                            
     4.826693889                253      context-switches                                            
     4.927237343                247      context-switches                                            
     5.027665461              2,872      context-switches                                            
#           time             counts unit events
     5.128239591                351      context-switches                                            
     5.228767417                744      context-switches                                            
     5.329037143              2,381      context-switches                                            
     5.429477194              3,310      context-switches                                            
     5.530101659                150      context-switches                                            
     5.630645724              1,251      context-switches                                            
     5.731273270              3,748      context-switches                                            
     5.831776255                207      context-switches                                            
     5.932109366                905      context-switches                                            
     6.032274071              2,211      context-switches                                            
     6.132715158              2,464      context-switches                                            
     6.233210848                533      context-switches                                            
     6.333403147              2,361      context-switches                                            
     6.433815121              3,161      context-switches                                            
     6.534435228                220      context-switches                                            
     6.634660199              1,827      context-switches                                            
     6.734998633              3,539      context-switches                                            
     6.835582279                294      context-switches                                            
     6.936038013              1,132      context-switches                                            
     7.036664968              4,149      context-switches                                            
     7.137189808                295      context-switches                                            
     7.237573354                949      context-switches                                            
     7.337883473              1,550      context-switches                                            
     7.438291743              2,987      context-switches                                            
     7.538787361                172      context-switches                                            
#           time             counts unit events
     7.639184653              1,518      context-switches                                            
     7.739762042              3,761      context-switches                                            
     7.840365786                267      context-switches                                            
     7.940935512              1,028      context-switches                                            
     8.041213235              2,319      context-switches                                            
     8.141542171              2,350      context-switches                                            
     8.242173402                174      context-switches                                            
     8.342538567              3,496      context-switches                                            
     8.442999801              1,818      context-switches                                            
     8.543492346                874      context-switches                                            
     8.643860762              1,308      context-switches                                            
     8.744430408              3,293      context-switches                                            
     8.844972326                262      context-switches                                            
     8.945294957              1,178      context-switches                                            
     9.045709191              4,097      context-switches                                            
     9.146082260                489      context-switches                                            
     9.246577455                800      context-switches                                            
     9.346849899              1,828      context-switches                                            
     9.447363034              2,740      context-switches                                            
     9.547966283                172      context-switches                                            
     9.648194996              1,660      context-switches                                            
     9.748659369              3,452      context-switches                                            
     9.849247645                339      context-switches                                            
     9.949676193              1,074      context-switches                                            
    10.000840199                545      context-switches                                            
