# started on Tue Nov 12 12:00:05 2019

#           time             counts unit events
     0.100230567             42,560      context-switches                                            
     0.200459755             42,561      context-switches                                            
     0.300560776             39,536      context-switches                                            
     0.400725676             38,696      context-switches                                            
     0.500893155             38,615      context-switches                                            
     0.601064180             40,644      context-switches                                            
     0.701245876             40,872      context-switches                                            
     0.801374401             40,561      context-switches                                            
     0.901605309             42,479      context-switches                                            
     1.001718384             34,011      context-switches                                            
     1.101915288             40,393      context-switches                                            
     1.202024403             42,666      context-switches                                            
     1.302140185             39,521      context-switches                                            
     1.402247517             42,751      context-switches                                            
     1.502460467             39,920      context-switches                                            
     1.602575233             39,631      context-switches                                            
     1.702774708             40,816      context-switches                                            
     1.802937688             40,986      context-switches                                            
     1.903051484             42,177      context-switches                                            
     2.003264463             40,544      context-switches                                            
     2.103356596             40,495      context-switches                                            
     2.203468717             39,267      context-switches                                            
     2.303590399             43,384      context-switches                                            
     2.403654521             39,078      context-switches                                            
     2.503774385             41,137      context-switches                                            
#           time             counts unit events
     2.603956206             41,651      context-switches                                            
     2.704068416             39,029      context-switches                                            
     2.804190467             39,644      context-switches                                            
     2.904394315             40,729      context-switches                                            
     3.004582605             42,676      context-switches                                            
     3.104694592             41,319      context-switches                                            
     3.204816632             40,911      context-switches                                            
     3.305050168             40,094      context-switches                                            
     3.405165864             38,068      context-switches                                            
     3.505279388             40,297      context-switches                                            
     3.605395256             41,524      context-switches                                            
     3.705520794             44,281      context-switches                                            
     3.805638917             42,584      context-switches                                            
     3.905788949             38,200      context-switches                                            
     4.005941949             39,824      context-switches                                            
     4.106176158             43,293      context-switches                                            
     4.206352447             41,794      context-switches                                            
     4.306468161             40,843      context-switches                                            
     4.406586898             43,366      context-switches                                            
     4.506801348             40,780      context-switches                                            
     4.606963327             41,203      context-switches                                            
     4.707132428             37,995      context-switches                                            
     4.807329888             43,716      context-switches                                            
     4.907509921             40,678      context-switches                                            
     5.007623529             38,361      context-switches                                            
#           time             counts unit events
     5.107791956             41,229      context-switches                                            
     5.208036200             40,709      context-switches                                            
     5.308169946             41,777      context-switches                                            
     5.408401711             42,735      context-switches                                            
     5.508547003             42,353      context-switches                                            
     5.608660575             45,500      context-switches                                            
     5.708834638             42,208      context-switches                                            
     5.809020657             38,401      context-switches                                            
     5.909132770             40,876      context-switches                                            
     6.009382881             40,370      context-switches                                            
     6.109556901             43,338      context-switches                                            
     6.209672260             41,694      context-switches                                            
     6.309792603             41,509      context-switches                                            
     6.410009875             36,372      context-switches                                            
     6.510121855             37,142      context-switches                                            
     6.610362754             42,682      context-switches                                            
     6.710517071             44,061      context-switches                                            
     6.810686175             42,647      context-switches                                            
     6.910880076             41,681      context-switches                                            
     7.011114716             40,261      context-switches                                            
     7.111315512             39,916      context-switches                                            
     7.211559187             38,436      context-switches                                            
     7.311669101             42,313      context-switches                                            
     7.411783705             42,988      context-switches                                            
     7.511890760             38,842      context-switches                                            
#           time             counts unit events
     7.612033894             36,831      context-switches                                            
     7.712145705             39,451      context-switches                                            
     7.812380915             37,585      context-switches                                            
     7.912546516             41,325      context-switches                                            
     8.012661222             40,662      context-switches                                            
     8.112776690             44,473      context-switches                                            
     8.212902120             38,492      context-switches                                            
     8.313108102             38,841      context-switches                                            
     8.413222194             40,410      context-switches                                            
     8.513331942             42,758      context-switches                                            
     8.613545171             42,751      context-switches                                            
     8.713716263             41,831      context-switches                                            
     8.813910410             39,618      context-switches                                            
     8.914050118             39,181      context-switches                                            
     9.014304578             38,696      context-switches                                            
     9.114462829             42,845      context-switches                                            
     9.214599789             41,680      context-switches                                            
     9.314872440             43,221      context-switches                                            
     9.414989306             41,521      context-switches                                            
     9.515142466             39,783      context-switches                                            
     9.615334349             38,943      context-switches                                            
     9.715436829             42,566      context-switches                                            
     9.815553101             44,017      context-switches                                            
     9.915719293             43,037      context-switches                                            
    10.000698661             34,749      context-switches                                            
