# started on Wed Nov 13 12:12:15 2019

#           time             counts unit events
     0.100238300             27,883      context-switches                                            
     0.200413754             27,414      context-switches                                            
     0.300628849             28,327      context-switches                                            
     0.400864514             19,001      context-switches                                            
     0.501112165             21,957      context-switches                                            
     0.601308087             20,182      context-switches                                            
     0.701475326             22,712      context-switches                                            
     0.801921422             25,733      context-switches                                            
     0.902534924             16,113      context-switches                                            
     1.003157315             12,551      context-switches                                            
     1.103813215             13,717      context-switches                                            
     1.204045842             21,256      context-switches                                            
     1.304354040             17,781      context-switches                                            
     1.404643906             16,283      context-switches                                            
     1.504968899             15,831      context-switches                                            
     1.605429061             16,628      context-switches                                            
     1.705895894             17,162      context-switches                                            
     1.806156019             17,969      context-switches                                            
     1.906365253             19,058      context-switches                                            
     2.006657026             15,676      context-switches                                            
     2.107586360             16,704      context-switches                                            
     2.208043807             19,956      context-switches                                            
     2.308921312             14,430      context-switches                                            
     2.409179772             19,229      context-switches                                            
     2.509628909             24,405      context-switches                                            
#           time             counts unit events
     2.609824118             17,427      context-switches                                            
     2.709998173             18,853      context-switches                                            
     2.810273485             18,379      context-switches                                            
     2.910456620             28,358      context-switches                                            
     3.010851192             22,972      context-switches                                            
     3.111140119             15,631      context-switches                                            
     3.211326587             19,481      context-switches                                            
     3.311546553             16,805      context-switches                                            
     3.411805773             18,222      context-switches                                            
     3.512004575             16,691      context-switches                                            
     3.612300097             22,215      context-switches                                            
     3.712632822             14,644      context-switches                                            
     3.813155027             19,354      context-switches                                            
     3.913475599             22,158      context-switches                                            
     4.013826513             16,476      context-switches                                            
     4.114070432             17,559      context-switches                                            
     4.214322218             14,528      context-switches                                            
     4.314701082             22,370      context-switches                                            
     4.414892548             18,951      context-switches                                            
     4.515127317             16,397      context-switches                                            
     4.615342676             18,710      context-switches                                            
     4.715865132             14,720      context-switches                                            
     4.816417304             13,394      context-switches                                            
     4.916640302             15,591      context-switches                                            
     5.016860164             16,854      context-switches                                            
#           time             counts unit events
     5.117171652             17,689      context-switches                                            
     5.217447014             21,753      context-switches                                            
     5.317667864             20,472      context-switches                                            
     5.417836553             22,135      context-switches                                            
     5.518294369             22,869      context-switches                                            
     5.618764743             19,493      context-switches                                            
     5.719298677             20,134      context-switches                                            
     5.819646454             15,321      context-switches                                            
     5.919941103             19,361      context-switches                                            
     6.020325416             15,144      context-switches                                            
     6.120765287             15,196      context-switches                                            
     6.221097885             12,950      context-switches                                            
     6.321443481             23,533      context-switches                                            
     6.421691769             18,083      context-switches                                            
     6.522027561             24,601      context-switches                                            
     6.622307752             25,723      context-switches                                            
     6.722688984             15,946      context-switches                                            
     6.823185147             19,106      context-switches                                            
     6.923578346             22,679      context-switches                                            
     7.023803328             18,298      context-switches                                            
     7.123986066             16,816      context-switches                                            
     7.224167412             18,482      context-switches                                            
     7.324520709             15,234      context-switches                                            
     7.424862108             20,581      context-switches                                            
     7.525148864             18,684      context-switches                                            
#           time             counts unit events
     7.625551527             15,304      context-switches                                            
     7.726145762             13,686      context-switches                                            
     7.826337304             15,825      context-switches                                            
     7.926524071             20,516      context-switches                                            
     8.026766895             22,047      context-switches                                            
     8.127008031             22,481      context-switches                                            
     8.227236843             16,978      context-switches                                            
     8.327517440             24,432      context-switches                                            
     8.427926200             17,669      context-switches                                            
     8.528298618             16,154      context-switches                                            
     8.628819862             20,471      context-switches                                            
     8.729130224             17,440      context-switches                                            
     8.829517016             19,419      context-switches                                            
     8.930091853             15,148      context-switches                                            
     9.030330123             16,659      context-switches                                            
     9.130627530             21,183      context-switches                                            
     9.230904001             22,186      context-switches                                            
     9.331233634             17,167      context-switches                                            
     9.431479265             17,128      context-switches                                            
     9.531812208             16,782      context-switches                                            
     9.632022513             17,081      context-switches                                            
     9.732411672             20,798      context-switches                                            
     9.832642426             18,859      context-switches                                            
     9.932856186             21,386      context-switches                                            
    10.002292708             12,870      context-switches                                            
