# started on Wed Nov  6 01:58:30 2019

#           time             counts unit events
     0.100886302                364      context-switches                                            
     0.201571774                161      context-switches                                            
     0.302215553                260      context-switches                                            
     0.402846912                188      context-switches                                            
     0.503360364                216      context-switches                                            
     0.603813356                219      context-switches                                            
     0.704364686                264      context-switches                                            
     0.805002470                256      context-switches                                            
     0.905593302                326      context-switches                                            
     1.006228114                171      context-switches                                            
     1.106859983                254      context-switches                                            
     1.207498906                230      context-switches                                            
     1.308036913                255      context-switches                                            
     1.408677248                196      context-switches                                            
     1.509295484                186      context-switches                                            
     1.609909908                222      context-switches                                            
     1.710535709                290      context-switches                                            
     1.811003475                371      context-switches                                            
     1.911621446                314      context-switches                                            
     2.012083315                204      context-switches                                            
     2.112628339                220      context-switches                                            
     2.213238407                158      context-switches                                            
     2.313840262                218      context-switches                                            
     2.414430184                200      context-switches                                            
     2.515056593                251      context-switches                                            
#           time             counts unit events
     2.615606682                212      context-switches                                            
     2.715987416                368      context-switches                                            
     2.816306875                489      context-switches                                            
     2.916810151                127      context-switches                                            
     3.017417290                187      context-switches                                            
     3.117962830                260      context-switches                                            
     3.218552334                186      context-switches                                            
     3.319141732                236      context-switches                                            
     3.419750523                178      context-switches                                            
     3.520315895                132      context-switches                                            
     3.620780893                176      context-switches                                            
     3.721341791                262      context-switches                                            
     3.821921043                438      context-switches                                            
     3.922531494                166      context-switches                                            
     4.023121118                256      context-switches                                            
     4.123581126                277      context-switches                                            
     4.224198799                176      context-switches                                            
     4.324817323                246      context-switches                                            
     4.425410623                185      context-switches                                            
     4.526014333                178      context-switches                                            
     4.626602749                197      context-switches                                            
     4.727179922                223      context-switches                                            
     4.827809532                469      context-switches                                            
     4.928418108                150      context-switches                                            
     5.028623004                728      context-switches                                            
#           time             counts unit events
     5.129043279              2,252      context-switches                                            
     5.229429376                918      context-switches                                            
     5.329831150              4,202      context-switches                                            
     5.429957086              2,001      context-switches                                            
     5.530238269              6,192      context-switches                                            
     5.630518703              5,927      context-switches                                            
     5.730701604              2,317      context-switches                                            
     5.830910117              7,776      context-switches                                            
     5.931233631              1,847      context-switches                                            
     6.031676625              4,153      context-switches                                            
     6.131859095              5,592      context-switches                                            
     6.232328927              3,859      context-switches                                            
     6.332739890              4,826      context-switches                                            
     6.433011439              5,115      context-switches                                            
     6.533322868              4,973      context-switches                                            
     6.633718352              2,150      context-switches                                            
     6.733901813              7,662      context-switches                                            
     6.834063056              3,167      context-switches                                            
     6.934423349              3,126      context-switches                                            
     7.034831935              5,917      context-switches                                            
     7.135274105              3,970      context-switches                                            
     7.235704677              4,685      context-switches                                            
     7.335980714              4,828      context-switches                                            
     7.436262479              5,004      context-switches                                            
     7.536477647              3,716      context-switches                                            
#           time             counts unit events
     7.636642872              5,231      context-switches                                            
     7.736777824              5,597      context-switches                                            
     7.836906702              2,684      context-switches                                            
     7.937132808              4,963      context-switches                                            
     8.037558572              3,752      context-switches                                            
     8.137795477             11,471      context-switches                                            
     8.238177776              4,282      context-switches                                            
     8.338502891              5,112      context-switches                                            
     8.438849501              4,878      context-switches                                            
     8.539092259              4,838      context-switches                                            
     8.639395846              2,026      context-switches                                            
     8.739641475              7,112      context-switches                                            
     8.839773528              4,100      context-switches                                            
     8.940040743              2,919      context-switches                                            
     9.040218312              5,792      context-switches                                            
     9.140418092              4,320      context-switches                                            
     9.240919749              4,186      context-switches                                            
     9.341139725              4,580      context-switches                                            
     9.441520387              5,079      context-switches                                            
     9.541632732              2,072      context-switches                                            
     9.641863503              5,379      context-switches                                            
     9.742212356              6,972      context-switches                                            
     9.842492891              1,728      context-switches                                            
     9.942621699              6,463      context-switches                                            
    10.001237349              2,868      context-switches                                            
