# started on Tue Nov 12 12:02:06 2019

#           time             counts unit events
     0.100182126             41,592      context-switches                                            
     0.200476881             42,702      context-switches                                            
     0.300596471             41,025      context-switches                                            
     0.400709953             39,500      context-switches                                            
     0.500968101             39,594      context-switches                                            
     0.601075302             42,483      context-switches                                            
     0.701287950             40,670      context-switches                                            
     0.801536462             38,391      context-switches                                            
     0.901674323             37,186      context-switches                                            
     1.001817668             38,896      context-switches                                            
     1.101932003             40,622      context-switches                                            
     1.202050961             43,895      context-switches                                            
     1.302239521             42,609      context-switches                                            
     1.402328643             42,398      context-switches                                            
     1.502437476             39,442      context-switches                                            
     1.602695584             43,273      context-switches                                            
     1.702822976             42,549      context-switches                                            
     1.802931891             39,569      context-switches                                            
     1.903049719             42,202      context-switches                                            
     2.003162605             42,515      context-switches                                            
     2.103274244             41,611      context-switches                                            
     2.203388926             39,778      context-switches                                            
     2.303501790             39,126      context-switches                                            
     2.403662613             41,837      context-switches                                            
     2.503783030             34,036      context-switches                                            
#           time             counts unit events
     2.603856245             40,140      context-switches                                            
     2.703976301             42,375      context-switches                                            
     2.804092919             35,298      context-switches                                            
     2.904210229             40,415      context-switches                                            
     3.004327652             39,399      context-switches                                            
     3.104618038             36,237      context-switches                                            
     3.204842402             39,014      context-switches                                            
     3.305011908             41,862      context-switches                                            
     3.405231477             39,563      context-switches                                            
     3.505411061             40,782      context-switches                                            
     3.605652077             37,689      context-switches                                            
     3.705763715             41,796      context-switches                                            
     3.805879334             36,250      context-switches                                            
     3.905992121             43,709      context-switches                                            
     4.006172130             37,371      context-switches                                            
     4.106390179             36,759      context-switches                                            
     4.206499476             36,358      context-switches                                            
     4.306703346             41,217      context-switches                                            
     4.406815544             43,781      context-switches                                            
     4.506956172             39,529      context-switches                                            
     4.607074645             43,549      context-switches                                            
     4.707187278             40,006      context-switches                                            
     4.807355577             43,152      context-switches                                            
     4.907493070             41,436      context-switches                                            
     5.007677629             41,968      context-switches                                            
#           time             counts unit events
     5.107887865             42,593      context-switches                                            
     5.208159974             42,166      context-switches                                            
     5.308321191             41,385      context-switches                                            
     5.408507608             40,154      context-switches                                            
     5.508624527             42,957      context-switches                                            
     5.608737914             44,743      context-switches                                            
     5.708849094             44,276      context-switches                                            
     5.808957464             42,247      context-switches                                            
     5.909153127             39,797      context-switches                                            
     6.009290354             35,354      context-switches                                            
     6.109446909             41,908      context-switches                                            
     6.209562890             39,125      context-switches                                            
     6.309676654             39,813      context-switches                                            
     6.409844376             39,848      context-switches                                            
     6.510034013             39,442      context-switches                                            
     6.610145738             41,722      context-switches                                            
     6.710256878             38,390      context-switches                                            
     6.810502045             41,546      context-switches                                            
     6.910617575             41,905      context-switches                                            
     7.010726557             43,307      context-switches                                            
     7.110842112             41,978      context-switches                                            
     7.210955630             42,143      context-switches                                            
     7.311071671             37,906      context-switches                                            
     7.411194689             41,757      context-switches                                            
     7.511324295             40,368      context-switches                                            
#           time             counts unit events
     7.611437949             43,139      context-switches                                            
     7.711579433             39,499      context-switches                                            
     7.811720504             37,507      context-switches                                            
     7.912000113             35,954      context-switches                                            
     8.012127988             40,014      context-switches                                            
     8.112367521             39,001      context-switches                                            
     8.212505185             36,767      context-switches                                            
     8.312628870             39,551      context-switches                                            
     8.412772795             39,681      context-switches                                            
     8.512890318             32,444      context-switches                                            
     8.613009425             37,401      context-switches                                            
     8.713143222             39,955      context-switches                                            
     8.813407570             36,123      context-switches                                            
     8.913642642             36,560      context-switches                                            
     9.013755956             38,494      context-switches                                            
     9.113878610             39,276      context-switches                                            
     9.213994420             37,212      context-switches                                            
     9.314109625             36,819      context-switches                                            
     9.414217307             39,657      context-switches                                            
     9.514324530             38,011      context-switches                                            
     9.614521101             39,750      context-switches                                            
     9.714755280             39,925      context-switches                                            
     9.814960338             40,739      context-switches                                            
     9.915069796             38,706      context-switches                                            
    10.000655225             33,600      context-switches                                            
