# started on Wed Nov 13 15:46:58 2019

#           time             counts unit events
     0.100235526              3,356      context-switches                                            
     0.200564240             13,315      context-switches                                            
     0.300701504             29,338      context-switches                                            
     0.400818375             36,926      context-switches                                            
     0.500937501             41,374      context-switches                                            
     0.601152247             42,814      context-switches                                            
     0.701350570             43,075      context-switches                                            
     0.801510822             44,237      context-switches                                            
     0.901664099             44,983      context-switches                                            
     1.001785503             44,538      context-switches                                            
     1.101986140             44,788      context-switches                                            
     1.202109026             42,859      context-switches                                            
     1.302428652             44,100      context-switches                                            
     1.402570172             41,043      context-switches                                            
     1.502685683             43,462      context-switches                                            
     1.602809490             40,664      context-switches                                            
     1.702921837             40,098      context-switches                                            
     1.803060042             43,246      context-switches                                            
     1.903200269             46,531      context-switches                                            
     2.003335083             43,177      context-switches                                            
     2.103535478             41,943      context-switches                                            
     2.203653127             40,554      context-switches                                            
     2.303794271             28,750      context-switches                                            
     2.403911923             35,979      context-switches                                            
     2.504027285             42,575      context-switches                                            
#           time             counts unit events
     2.604162105             45,194      context-switches                                            
     2.704326348             44,193      context-switches                                            
     2.804464893             41,201      context-switches                                            
     2.904578869             43,396      context-switches                                            
     3.004855097             39,945      context-switches                                            
     3.105038201             40,488      context-switches                                            
     3.205141510             36,511      context-switches                                            
     3.305250629             43,968      context-switches                                            
     3.405418397             43,841      context-switches                                            
     3.505531631             43,234      context-switches                                            
     3.605645140             40,027      context-switches                                            
     3.705839517             41,332      context-switches                                            
     3.806039295             40,167      context-switches                                            
     3.906196267             44,384      context-switches                                            
     4.006430876             28,777      context-switches                                            
     4.106760978             37,318      context-switches                                            
     4.206870219             43,879      context-switches                                            
     4.307157384             45,230      context-switches                                            
     4.407310220             44,236      context-switches                                            
     4.507413807             43,952      context-switches                                            
     4.607680293             42,518      context-switches                                            
     4.707940677             44,665      context-switches                                            
     4.808196037             42,235      context-switches                                            
     4.908410663             44,128      context-switches                                            
     5.008564898             41,485      context-switches                                            
#           time             counts unit events
     5.108668368             45,245      context-switches                                            
     5.208771799             40,903      context-switches                                            
     5.308942797             44,364      context-switches                                            
     5.409227076             45,970      context-switches                                            
     5.509402254             45,335      context-switches                                            
     5.609591139             42,670      context-switches                                            
     5.709834404             42,976      context-switches                                            
     5.809996912             40,132      context-switches                                            
     5.910178873             39,245      context-switches                                            
     6.010446828             40,259      context-switches                                            
     6.110568234             42,791      context-switches                                            
     6.210749740             42,983      context-switches                                            
     6.310858515             45,056      context-switches                                            
     6.410963556             40,777      context-switches                                            
     6.511063737             41,568      context-switches                                            
     6.611292442             45,626      context-switches                                            
     6.711472294             41,907      context-switches                                            
     6.811578131             39,896      context-switches                                            
     6.911672102             42,501      context-switches                                            
     7.011903274             41,974      context-switches                                            
     7.112012622             38,104      context-switches                                            
     7.212124218             40,938      context-switches                                            
     7.312316977             41,862      context-switches                                            
     7.412525683             44,888      context-switches                                            
     7.512626845             43,125      context-switches                                            
#           time             counts unit events
     7.612939163             41,177      context-switches                                            
     7.713042729             43,184      context-switches                                            
     7.813168379             44,281      context-switches                                            
     7.913277160             39,927      context-switches                                            
     8.013389148             38,001      context-switches                                            
     8.113632016             38,934      context-switches                                            
     8.213831935             42,482      context-switches                                            
     8.313937445             42,007      context-switches                                            
     8.414069803             41,514      context-switches                                            
     8.514174641             41,385      context-switches                                            
     8.614283391             46,103      context-switches                                            
     8.714413995             45,978      context-switches                                            
     8.814523250             42,643      context-switches                                            
     8.914739719             43,379      context-switches                                            
     9.014793233             42,215      context-switches                                            
     9.114898859             43,655      context-switches                                            
     9.215014748             39,699      context-switches                                            
     9.315116698             41,610      context-switches                                            
     9.415366152             38,933      context-switches                                            
     9.515541151             42,774      context-switches                                            
     9.615642201             42,399      context-switches                                            
     9.715868230             43,997      context-switches                                            
     9.815999665             41,020      context-switches                                            
     9.916103153             40,575      context-switches                                            
    10.000686329             34,562      context-switches                                            
