# started on Tue Nov 12 11:59:24 2019

#           time             counts unit events
     0.100202607             39,566      context-switches                                            
     0.200333829             39,979      context-switches                                            
     0.300538170             38,847      context-switches                                            
     0.400640813             42,211      context-switches                                            
     0.500807843             43,204      context-switches                                            
     0.600925742             41,346      context-switches                                            
     0.701097364             40,830      context-switches                                            
     0.801265758             37,961      context-switches                                            
     0.901507702             40,384      context-switches                                            
     1.001709418             44,334      context-switches                                            
     1.101841315             39,227      context-switches                                            
     1.202004835             43,265      context-switches                                            
     1.302145636             36,807      context-switches                                            
     1.402265713             43,497      context-switches                                            
     1.502379882             39,939      context-switches                                            
     1.602548925             39,906      context-switches                                            
     1.702668370             40,709      context-switches                                            
     1.803405138             37,323      context-switches                                            
     1.903547656             35,944      context-switches                                            
     2.003715892             39,284      context-switches                                            
     2.103878815             44,473      context-switches                                            
     2.203987917             43,108      context-switches                                            
     2.304108748             38,185      context-switches                                            
     2.404330108             40,272      context-switches                                            
     2.504521587             37,590      context-switches                                            
#           time             counts unit events
     2.604740338             38,762      context-switches                                            
     2.704902754             40,798      context-switches                                            
     2.805044246             43,327      context-switches                                            
     2.905261180             42,005      context-switches                                            
     3.005396439             41,226      context-switches                                            
     3.105516547             41,968      context-switches                                            
     3.205608176             39,788      context-switches                                            
     3.305753752             38,395      context-switches                                            
     3.406023097             41,167      context-switches                                            
     3.506169343             37,415      context-switches                                            
     3.606307485             41,945      context-switches                                            
     3.706416098             43,011      context-switches                                            
     3.806580202             39,663      context-switches                                            
     3.906693884             43,483      context-switches                                            
     4.006931582             43,811      context-switches                                            
     4.107049220             40,066      context-switches                                            
     4.207163605             42,050      context-switches                                            
     4.307282068             43,078      context-switches                                            
     4.407465799             42,263      context-switches                                            
     4.507638064             42,756      context-switches                                            
     4.607746280             41,830      context-switches                                            
     4.707892302             42,270      context-switches                                            
     4.808065451             37,186      context-switches                                            
     4.908181142             41,767      context-switches                                            
     5.008342695             44,833      context-switches                                            
#           time             counts unit events
     5.108477058             41,936      context-switches                                            
     5.208601409             41,593      context-switches                                            
     5.308824713             37,214      context-switches                                            
     5.409007798             39,344      context-switches                                            
     5.509121355             43,550      context-switches                                            
     5.609365639             42,636      context-switches                                            
     5.709485133             40,662      context-switches                                            
     5.809596821             40,271      context-switches                                            
     5.909719608             42,902      context-switches                                            
     6.009968041             41,584      context-switches                                            
     6.110111988             39,963      context-switches                                            
     6.210345405             40,670      context-switches                                            
     6.310460334             42,619      context-switches                                            
     6.410625213             40,445      context-switches                                            
     6.510745098             41,331      context-switches                                            
     6.610898851             38,849      context-switches                                            
     6.711087368             41,120      context-switches                                            
     6.811296622             40,498      context-switches                                            
     6.911414628             44,135      context-switches                                            
     7.011528247             44,436      context-switches                                            
     7.111643537             35,523      context-switches                                            
     7.211762878             41,486      context-switches                                            
     7.311971693             44,116      context-switches                                            
     7.412112022             42,593      context-switches                                            
     7.512333003             38,926      context-switches                                            
#           time             counts unit events
     7.612438268             43,286      context-switches                                            
     7.712574617             41,625      context-switches                                            
     7.812793445             43,478      context-switches                                            
     7.912901681             40,262      context-switches                                            
     8.013050450             41,453      context-switches                                            
     8.113215918             39,689      context-switches                                            
     8.213363030             42,312      context-switches                                            
     8.313572328             42,113      context-switches                                            
     8.413689255             43,436      context-switches                                            
     8.513865436             37,699      context-switches                                            
     8.613976282             38,762      context-switches                                            
     8.714131338             43,774      context-switches                                            
     8.814269133             39,156      context-switches                                            
     8.914506445             42,767      context-switches                                            
     9.014696523             41,642      context-switches                                            
     9.114811577             42,425      context-switches                                            
     9.214967651             40,841      context-switches                                            
     9.315073777             39,287      context-switches                                            
     9.415226955             39,794      context-switches                                            
     9.515341491             43,279      context-switches                                            
     9.615449789             42,148      context-switches                                            
     9.715637766             41,053      context-switches                                            
     9.815748238             42,432      context-switches                                            
     9.915965759             38,064      context-switches                                            
    10.000590115             33,599      context-switches                                            
