# started on Wed Nov  6 01:53:54 2019

#           time             counts unit events
     0.100753267                375      context-switches                                            
     0.201426121                234      context-switches                                            
     0.302054483                210      context-switches                                            
     0.402662593                226      context-switches                                            
     0.503260842                160      context-switches                                            
     0.603752704                164      context-switches                                            
     0.704235349                270      context-switches                                            
     0.804729927                743      context-switches                                            
     0.905139889              2,206      context-switches                                            
     1.005472561                889      context-switches                                            
     1.105579068              3,490      context-switches                                            
     1.206140653              1,027      context-switches                                            
     1.306595748                178      context-switches                                            
     1.407161556                240      context-switches                                            
     1.507793447                210      context-switches                                            
     1.608405909                160      context-switches                                            
     1.709004175                188      context-switches                                            
     1.809609351                226      context-switches                                            
     1.910201757                200      context-switches                                            
     2.010741802                396      context-switches                                            
     2.111267402                233      context-switches                                            
     2.211881170                177      context-switches                                            
     2.312407667                227      context-switches                                            
     2.412936671                158      context-switches                                            
     2.513490245                257      context-switches                                            
#           time             counts unit events
     2.613987155                156      context-switches                                            
     2.714586241                279      context-switches                                            
     2.815115003                199      context-switches                                            
     2.915786634                211      context-switches                                            
     3.016420475                367      context-switches                                            
     3.116994951                146      context-switches                                            
     3.217551051                334      context-switches                                            
     3.318151795                188      context-switches                                            
     3.418639531                168      context-switches                                            
     3.519154090                299      context-switches                                            
     3.619791875                138      context-switches                                            
     3.720351098                276      context-switches                                            
     3.820937842                234      context-switches                                            
     3.921506206                342      context-switches                                            
     4.022084970                388      context-switches                                            
     4.122719795                188      context-switches                                            
     4.223291265                342      context-switches                                            
     4.323749144              5,787      context-switches                                            
     4.424270510                169      context-switches                                            
     4.524852247                242      context-switches                                            
     4.625437660                233      context-switches                                            
     4.726021451                222      context-switches                                            
     4.826599775                212      context-switches                                            
     4.927115704                174      context-switches                                            
     5.027325721             20,956      context-switches                                            
#           time             counts unit events
     5.127557287             36,841      context-switches                                            
     5.227662544             37,597      context-switches                                            
     5.327908538             36,992      context-switches                                            
     5.428024948             37,928      context-switches                                            
     5.528241260             37,247      context-switches                                            
     5.628347581             37,850      context-switches                                            
     5.728680554             36,971      context-switches                                            
     5.828796599             35,438      context-switches                                            
     5.929024954             37,942      context-switches                                            
     6.029154745             37,518      context-switches                                            
     6.129405815             38,259      context-switches                                            
     6.229514495             37,318      context-switches                                            
     6.329793415             38,267      context-switches                                            
     6.429901495             37,828      context-switches                                            
     6.530122642             37,579      context-switches                                            
     6.630232666             36,990      context-switches                                            
     6.730511352             38,055      context-switches                                            
     6.830620904             36,192      context-switches                                            
     6.930844791             37,468      context-switches                                            
     7.030951804             36,565      context-switches                                            
     7.131113381             38,459      context-switches                                            
     7.231283563             36,161      context-switches                                            
     7.331421926             39,382      context-switches                                            
     7.431720639             35,869      context-switches                                            
     7.531893649             39,134      context-switches                                            
#           time             counts unit events
     7.632099896             37,628      context-switches                                            
     7.732285184             38,764      context-switches                                            
     7.832453876             36,320      context-switches                                            
     7.932646973             38,815      context-switches                                            
     8.032912242             37,331      context-switches                                            
     8.133185653             38,469      context-switches                                            
     8.233324873             37,232      context-switches                                            
     8.333563895             38,171      context-switches                                            
     8.433759613             36,507      context-switches                                            
     8.533944870             38,525      context-switches                                            
     8.634176852             36,277      context-switches                                            
     8.734456689             39,464      context-switches                                            
     8.834669596             36,331      context-switches                                            
     8.934920851             38,927      context-switches                                            
     9.035027481             36,001      context-switches                                            
     9.135291602             38,258      context-switches                                            
     9.235401526             36,318      context-switches                                            
     9.335644078             38,324      context-switches                                            
     9.435896876             36,915      context-switches                                            
     9.536150023             38,835      context-switches                                            
     9.636289142             36,168      context-switches                                            
     9.736553338             38,709      context-switches                                            
     9.836690957             34,115      context-switches                                            
     9.936851678             38,641      context-switches                                            
    10.000730727             22,339      context-switches                                            
