# started on Tue Nov  5 20:36:27 2019

#           time             counts unit events
     0.100831671                308      context-switches                                            
     0.201501704                420      context-switches                                            
     0.302101912                151      context-switches                                            
     0.402684007                220      context-switches                                            
     0.503250356                197      context-switches                                            
     0.603499228              1,081      context-switches                                            
     0.704066290              6,599      context-switches                                            
     0.804599248                447      context-switches                                            
     0.905099060                192      context-switches                                            
     1.005702609                187      context-switches                                            
     1.106281588                204      context-switches                                            
     1.206836278                350      context-switches                                            
     1.307386263                254      context-switches                                            
     1.407958323                142      context-switches                                            
     1.508502561                204      context-switches                                            
     1.609000399                433      context-switches                                            
     1.709582222                539      context-switches                                            
     1.810160449                460      context-switches                                            
     1.910750310                222      context-switches                                            
     2.011245479                207      context-switches                                            
     2.111847931                271      context-switches                                            
     2.212464643                387      context-switches                                            
     2.313064361                152      context-switches                                            
     2.413712282                222      context-switches                                            
     2.514225136                198      context-switches                                            
#           time             counts unit events
     2.614777392                324      context-switches                                            
     2.715230075                484      context-switches                                            
     2.815759957                441      context-switches                                            
     2.916359951                254      context-switches                                            
     3.016933687                204      context-switches                                            
     3.117491887                224      context-switches                                            
     3.218093178                354      context-switches                                            
     3.318704445                230      context-switches                                            
     3.418975533              7,436      context-switches                                            
     3.519184226             22,805      context-switches                                            
     3.619772304                358      context-switches                                            
     3.720397331                456      context-switches                                            
     3.821016375                446      context-switches                                            
     3.921547713                191      context-switches                                            
     4.022173009                169      context-switches                                            
     4.122757667                188      context-switches                                            
     4.223323418                386      context-switches                                            
     4.323829435                221      context-switches                                            
     4.424417958                195      context-switches                                            
     4.524920913                228      context-switches                                            
     4.625554162                414      context-switches                                            
     4.726139607                590      context-switches                                            
     4.826706878                449      context-switches                                            
     4.927295201                190      context-switches                                            
     5.027516987              2,136      context-switches                                            
#           time             counts unit events
     5.127689593              4,505      context-switches                                            
     5.227930886              5,301      context-switches                                            
     5.328442504              5,383      context-switches                                            
     5.428772479              1,413      context-switches                                            
     5.529238367              2,265      context-switches                                            
     5.629469506              2,277      context-switches                                            
     5.729824634              5,094      context-switches                                            
     5.830224374              1,048      context-switches                                            
     5.930846761              2,065      context-switches                                            
     6.031208169              1,180      context-switches                                            
     6.131590944              4,318      context-switches                                            
     6.232073063              2,763      context-switches                                            
     6.332629673                976      context-switches                                            
     6.433027147              1,874      context-switches                                            
     6.533478750              1,647      context-switches                                            
     6.633791364              1,350      context-switches                                            
     6.734423238              1,772      context-switches                                            
     6.834802568              1,560      context-switches                                            
     6.935386760              1,628      context-switches                                            
     7.035855412              1,316      context-switches                                            
     7.136470518              1,685      context-switches                                            
     7.236852321              1,429      context-switches                                            
     7.337380636              1,500      context-switches                                            
     7.437795677              1,247      context-switches                                            
     7.538397504              1,681      context-switches                                            
#           time             counts unit events
     7.638754219              1,526      context-switches                                            
     7.739330395              1,492      context-switches                                            
     7.839671056              1,632      context-switches                                            
     7.940228422              1,486      context-switches                                            
     8.040585290              1,240      context-switches                                            
     8.141081115              1,613      context-switches                                            
     8.241434015              1,311      context-switches                                            
     8.341909535              1,530      context-switches                                            
     8.442288722              1,410      context-switches                                            
     8.542825250              1,599      context-switches                                            
     8.643129264              1,556      context-switches                                            
     8.743554010              1,478      context-switches                                            
     8.843864348              1,710      context-switches                                            
     8.944444829              1,365      context-switches                                            
     9.044730447              1,497      context-switches                                            
     9.144906869              3,984      context-switches                                            
     9.245512398              3,077      context-switches                                            
     9.346056922              1,034      context-switches                                            
     9.446531426              2,412      context-switches                                            
     9.546880637              1,724      context-switches                                            
     9.647139476              5,437      context-switches                                            
     9.747697668                431      context-switches                                            
     9.847988478              2,166      context-switches                                            
     9.948373249              1,738      context-switches                                            
    10.000853755              1,342      context-switches                                            
