# started on Wed Nov  6 01:18:00 2019

#           time             counts unit events
     0.100592896                422      context-switches                                            
     0.201276200                287      context-switches                                            
     0.301883733                245      context-switches                                            
     0.402555774                208      context-switches                                            
     0.503070393                185      context-switches                                            
     0.603656677                225      context-switches                                            
     0.704154335                145      context-switches                                            
     0.804773175                260      context-switches                                            
     0.905380019                202      context-switches                                            
     1.005983419                174      context-switches                                            
     1.106510663                449      context-switches                                            
     1.207143914                168      context-switches                                            
     1.307702825                201      context-switches                                            
     1.408321782                239      context-switches                                            
     1.508917946                158      context-switches                                            
     1.609515407                243      context-switches                                            
     1.710071000                143      context-switches                                            
     1.810695231                242      context-switches                                            
     1.911198064                183      context-switches                                            
     2.011574740                254      context-switches                                            
     2.112107195                426      context-switches                                            
     2.212627882                263      context-switches                                            
     2.313213086                173      context-switches                                            
     2.413840530                260      context-switches                                            
     2.514490230                198      context-switches                                            
#           time             counts unit events
     2.615089456                206      context-switches                                            
     2.715652490                202      context-switches                                            
     2.816167974                297      context-switches                                            
     2.916769382                251      context-switches                                            
     3.017258967                325      context-switches                                            
     3.117833604                392      context-switches                                            
     3.218450405                150      context-switches                                            
     3.319041254                138      context-switches                                            
     3.419583766                337      context-switches                                            
     3.520126198                170      context-switches                                            
     3.620657572                199      context-switches                                            
     3.721243645                142      context-switches                                            
     3.821703540                211      context-switches                                            
     3.922321711                194      context-switches                                            
     4.022913311                232      context-switches                                            
     4.123431627                400      context-switches                                            
     4.223994532                165      context-switches                                            
     4.324514362                241      context-switches                                            
     4.425056586                291      context-switches                                            
     4.525585978                164      context-switches                                            
     4.626183632                227      context-switches                                            
     4.726783029                146      context-switches                                            
     4.827376531                232      context-switches                                            
     4.928022137                198      context-switches                                            
     5.028335219              1,893      context-switches                                            
#           time             counts unit events
     5.128517422              3,575      context-switches                                            
     5.228841336              2,446      context-switches                                            
     5.329401089              3,435      context-switches                                            
     5.429671480              1,539      context-switches                                            
     5.529811142              7,683      context-switches                                            
     5.629957641              2,621      context-switches                                            
     5.730215548             11,736      context-switches                                            
     5.830595245              5,753      context-switches                                            
     5.930911354              3,299      context-switches                                            
     6.031243794              3,589      context-switches                                            
     6.131450733              5,406      context-switches                                            
     6.231926346              4,450      context-switches                                            
     6.332306314              2,276      context-switches                                            
     6.432847998              4,132      context-switches                                            
     6.533035078              2,536      context-switches                                            
     6.633399318              7,068      context-switches                                            
     6.733561438              1,551      context-switches                                            
     6.833865115             10,097      context-switches                                            
     6.934085372              1,266      context-switches                                            
     7.034259433              8,741      context-switches                                            
     7.134383369              3,404      context-switches                                            
     7.234506233             12,679      context-switches                                            
     7.334900572              6,009      context-switches                                            
     7.435094073              4,465      context-switches                                            
     7.535546971              2,136      context-switches                                            
#           time             counts unit events
     7.635707846              5,531      context-switches                                            
     7.736107292              4,194      context-switches                                            
     7.836373425              5,153      context-switches                                            
     7.936845073              4,024      context-switches                                            
     8.037081505              2,133      context-switches                                            
     8.137567867             12,473      context-switches                                            
     8.237740419              2,051      context-switches                                            
     8.337849695              5,620      context-switches                                            
     8.438050852             11,203      context-switches                                            
     8.538508742              4,947      context-switches                                            
     8.638723250              1,062      context-switches                                            
     8.739175930              4,764      context-switches                                            
     8.839463507              1,873      context-switches                                            
     8.939672558              8,017      context-switches                                            
     9.040008016              1,129      context-switches                                            
     9.140218339              5,619      context-switches                                            
     9.240437963              2,279      context-switches                                            
     9.340691246              4,819      context-switches                                            
     9.440913660              5,298      context-switches                                            
     9.541064110              2,268      context-switches                                            
     9.641545659             16,546      context-switches                                            
     9.741891930              2,226      context-switches                                            
     9.842321680              3,667      context-switches                                            
     9.942553654              3,158      context-switches                                            
    10.000654406              4,381      context-switches                                            
