# started on Tue Nov 12 21:04:15 2019

#           time             counts unit events
     0.100247732             25,658      context-switches                                            
     0.200435611             26,504      context-switches                                            
     0.300766454             22,962      context-switches                                            
     0.400947659             17,280      context-switches                                            
     0.501539722             18,385      context-switches                                            
     0.601763844             19,746      context-switches                                            
     0.701952337             21,719      context-switches                                            
     0.802294762             26,854      context-switches                                            
     0.902606833             14,442      context-switches                                            
     1.003236687             13,271      context-switches                                            
     1.103732561             17,370      context-switches                                            
     1.204091203             23,304      context-switches                                            
     1.304363248             13,008      context-switches                                            
     1.404752605             13,110      context-switches                                            
     1.505102433             14,031      context-switches                                            
     1.605392105             22,455      context-switches                                            
     1.705688493             16,380      context-switches                                            
     1.806003396             14,853      context-switches                                            
     1.906322432             15,750      context-switches                                            
     2.006655930             16,156      context-switches                                            
     2.106987131             15,126      context-switches                                            
     2.207205920             16,851      context-switches                                            
     2.307455907             15,202      context-switches                                            
     2.407810560             21,528      context-switches                                            
     2.508097738             14,663      context-switches                                            
#           time             counts unit events
     2.608289603             22,089      context-switches                                            
     2.708543396             24,423      context-switches                                            
     2.808848161             25,459      context-switches                                            
     2.909718691             15,234      context-switches                                            
     3.009975102             17,103      context-switches                                            
     3.110169743             17,928      context-switches                                            
     3.210647493             18,624      context-switches                                            
     3.311003658             14,644      context-switches                                            
     3.411301339             15,398      context-switches                                            
     3.511511632             17,722      context-switches                                            
     3.611702221             20,679      context-switches                                            
     3.711909411             21,659      context-switches                                            
     3.812197607             17,050      context-switches                                            
     3.912443302             17,676      context-switches                                            
     4.012891041             18,833      context-switches                                            
     4.113180886             17,626      context-switches                                            
     4.213426503             17,527      context-switches                                            
     4.313630946             14,795      context-switches                                            
     4.413844075             19,103      context-switches                                            
     4.514252285             19,145      context-switches                                            
     4.614608741             17,385      context-switches                                            
     4.714962369             18,725      context-switches                                            
     4.815327976             22,817      context-switches                                            
     4.915625454             15,210      context-switches                                            
     5.016129352             14,454      context-switches                                            
#           time             counts unit events
     5.116413328             14,533      context-switches                                            
     5.216740170             14,601      context-switches                                            
     5.317043981             18,604      context-switches                                            
     5.417279803             18,317      context-switches                                            
     5.517508539             17,535      context-switches                                            
     5.617704632             23,589      context-switches                                            
     5.718024981             18,393      context-switches                                            
     5.818258431             18,551      context-switches                                            
     5.918634161             18,597      context-switches                                            
     6.019213561             15,222      context-switches                                            
     6.119776040             17,060      context-switches                                            
     6.220118386             18,882      context-switches                                            
     6.320463204             13,401      context-switches                                            
     6.420681552             16,106      context-switches                                            
     6.521042937             17,472      context-switches                                            
     6.621247576             17,752      context-switches                                            
     6.721608335             22,577      context-switches                                            
     6.821956539             19,563      context-switches                                            
     6.922197469             20,240      context-switches                                            
     7.022974034             14,813      context-switches                                            
     7.123415288             14,691      context-switches                                            
     7.223886697             12,900      context-switches                                            
     7.324182662             18,017      context-switches                                            
     7.424398797             15,499      context-switches                                            
     7.524653501             16,512      context-switches                                            
#           time             counts unit events
     7.625311395             18,541      context-switches                                            
     7.725617149             20,553      context-switches                                            
     7.826499040             17,702      context-switches                                            
     7.926695470             18,160      context-switches                                            
     8.027083829             25,345      context-switches                                            
     8.127309103             18,855      context-switches                                            
     8.227699913             14,877      context-switches                                            
     8.328073376             15,330      context-switches                                            
     8.428390290             16,733      context-switches                                            
     8.528634996             19,285      context-switches                                            
     8.628992142             17,206      context-switches                                            
     8.729193279             20,152      context-switches                                            
     8.829413629             17,480      context-switches                                            
     8.929678050             16,683      context-switches                                            
     9.030077484             18,118      context-switches                                            
     9.130342560             19,901      context-switches                                            
     9.230679203             14,044      context-switches                                            
     9.331528168             14,121      context-switches                                            
     9.431983472             15,896      context-switches                                            
     9.532281700             13,115      context-switches                                            
     9.632743895             13,955      context-switches                                            
     9.732948235             16,159      context-switches                                            
     9.833178422             16,040      context-switches                                            
     9.933376064             20,266      context-switches                                            
    10.001006748             14,457      context-switches                                            
