# started on Tue Nov 12 23:38:36 2019

#           time             counts unit events
     0.100223387                458      context-switches                                            
     0.200408163              2,261      context-switches                                            
     0.300550991              6,832      context-switches                                            
     0.400700757              7,597      context-switches                                            
     0.500802895              8,088      context-switches                                            
     0.600961081              9,512      context-switches                                            
     0.701113259              7,418      context-switches                                            
     0.801238835              5,694      context-switches                                            
     0.901371491              7,170      context-switches                                            
     1.001506357             33,105      context-switches                                            
     1.101638294             43,002      context-switches                                            
     1.201806799             38,429      context-switches                                            
     1.301966315             40,507      context-switches                                            
     1.402128841             32,782      context-switches                                            
     1.502282957             37,820      context-switches                                            
     1.602445524             39,920      context-switches                                            
     1.702602649             41,357      context-switches                                            
     1.802761015             39,697      context-switches                                            
     1.902925240             41,175      context-switches                                            
     2.003080605             30,851      context-switches                                            
     2.103238630             36,784      context-switches                                            
     2.203393325             38,058      context-switches                                            
     2.303553520             35,306      context-switches                                            
     2.403714135             40,597      context-switches                                            
     2.503856000             41,757      context-switches                                            
#           time             counts unit events
     2.603998255             42,112      context-switches                                            
     2.704154850             41,697      context-switches                                            
     2.804308464             26,201      context-switches                                            
     2.904442869             32,156      context-switches                                            
     3.004596333             39,172      context-switches                                            
     3.104743587             43,951      context-switches                                            
     3.204878621             42,717      context-switches                                            
     3.305029075             43,800      context-switches                                            
     3.405186329             36,031      context-switches                                            
     3.505315903             38,498      context-switches                                            
     3.605463137             37,740      context-switches                                            
     3.705598911             41,815      context-switches                                            
     3.805743095             37,742      context-switches                                            
     3.905903818             38,669      context-switches                                            
     4.006073611             36,773      context-switches                                            
     4.106217104             41,080      context-switches                                            
     4.206355637             39,694      context-switches                                            
     4.306496210             39,787      context-switches                                            
     4.406653173             39,024      context-switches                                            
     4.506811366             39,578      context-switches                                            
     4.606969259             40,074      context-switches                                            
     4.707116363             42,372      context-switches                                            
     4.807256795             41,475      context-switches                                            
     4.907409367             42,638      context-switches                                            
     5.007529959             44,822      context-switches                                            
#           time             counts unit events
     5.107665752             37,560      context-switches                                            
     5.207822094             41,802      context-switches                                            
     5.307975406             38,790      context-switches                                            
     5.408111788             37,158      context-switches                                            
     5.508250030             37,377      context-switches                                            
     5.608398742             40,392      context-switches                                            
     5.708542544             43,344      context-switches                                            
     5.808673026             45,018      context-switches                                            
     5.908802407             39,993      context-switches                                            
     6.008945039             42,589      context-switches                                            
     6.109084910             35,637      context-switches                                            
     6.209247661             41,807      context-switches                                            
     6.309389032             42,038      context-switches                                            
     6.409526733             47,511      context-switches                                            
     6.509668094             46,721      context-switches                                            
     6.609819946             41,199      context-switches                                            
     6.709958177             40,364      context-switches                                            
     6.810103267             41,230      context-switches                                            
     6.910251247             41,079      context-switches                                            
     7.010385748             41,810      context-switches                                            
     7.110528828             42,102      context-switches                                            
     7.210679398             41,337      context-switches                                            
     7.310829739             43,543      context-switches                                            
     7.410978309             45,539      context-switches                                            
     7.511129748             42,766      context-switches                                            
#           time             counts unit events
     7.611242678             39,045      context-switches                                            
     7.711375609             37,221      context-switches                                            
     7.811535808             41,295      context-switches                                            
     7.911685008             40,984      context-switches                                            
     8.011845917             36,570      context-switches                                            
     8.111994326             38,188      context-switches                                            
     8.212130265             37,200      context-switches                                            
     8.312279164             34,947      context-switches                                            
     8.412412994             45,861      context-switches                                            
     8.512563593             34,763      context-switches                                            
     8.612723672             36,673      context-switches                                            
     8.712860552             40,769      context-switches                                            
     8.813003841             40,921      context-switches                                            
     8.913161739             41,158      context-switches                                            
     9.013310037             43,717      context-switches                                            
     9.113437745             39,956      context-switches                                            
     9.213592903             27,713      context-switches                                            
     9.313750352             30,731      context-switches                                            
     9.413893180             31,400      context-switches                                            
     9.514025508             31,897      context-switches                                            
     9.614171576             41,669      context-switches                                            
     9.714312204             40,042      context-switches                                            
     9.814459703             37,872      context-switches                                            
     9.914596980             35,261      context-switches                                            
    10.000691063             39,285      context-switches                                            
