# started on Tue Nov 12 12:20:27 2019

#           time             counts unit events
     0.100118672             37,804      context-switches                                            
     0.200263831             37,074      context-switches                                            
     0.300581007             40,917      context-switches                                            
     0.400802490             41,863      context-switches                                            
     0.500908967             42,344      context-switches                                            
     0.601090169             42,078      context-switches                                            
     0.701219011             38,067      context-switches                                            
     0.801501211             37,053      context-switches                                            
     0.901658528             43,337      context-switches                                            
     1.001772757             41,560      context-switches                                            
     1.101884191             34,661      context-switches                                            
     1.202088275             37,799      context-switches                                            
     1.302232742             38,275      context-switches                                            
     1.402384839             37,322      context-switches                                            
     1.502493007             41,540      context-switches                                            
     1.602601713             41,217      context-switches                                            
     1.702758227             42,219      context-switches                                            
     1.802894806             41,942      context-switches                                            
     1.903082466             42,618      context-switches                                            
     2.003275241             37,898      context-switches                                            
     2.103414737             37,664      context-switches                                            
     2.203587043             38,519      context-switches                                            
     2.303699515             38,608      context-switches                                            
     2.403810998             38,434      context-switches                                            
     2.503928524             38,652      context-switches                                            
#           time             counts unit events
     2.604124172             35,824      context-switches                                            
     2.704273701             43,028      context-switches                                            
     2.804506204             41,093      context-switches                                            
     2.904635859             41,438      context-switches                                            
     3.004745755             41,788      context-switches                                            
     3.104861177             40,449      context-switches                                            
     3.205060641             36,865      context-switches                                            
     3.305230330             39,584      context-switches                                            
     3.405342406             36,068      context-switches                                            
     3.505455587             36,648      context-switches                                            
     3.605730402             37,145      context-switches                                            
     3.705917206             41,649      context-switches                                            
     3.806156161             40,963      context-switches                                            
     3.906295683             40,452      context-switches                                            
     4.006499606             40,720      context-switches                                            
     4.106604084             42,826      context-switches                                            
     4.206779081             39,557      context-switches                                            
     4.306894416             39,313      context-switches                                            
     4.407008531             37,362      context-switches                                            
     4.507123850             37,193      context-switches                                            
     4.607237977             35,889      context-switches                                            
     4.707337000             38,577      context-switches                                            
     4.807536641             40,666      context-switches                                            
     4.907718661             41,941      context-switches                                            
     5.007913326             42,383      context-switches                                            
#           time             counts unit events
     5.108140851             42,177      context-switches                                            
     5.208352972             40,492      context-switches                                            
     5.308550417             40,633      context-switches                                            
     5.408663266             35,358      context-switches                                            
     5.508786071             38,698      context-switches                                            
     5.608932374             35,268      context-switches                                            
     5.709051934             34,476      context-switches                                            
     5.809243978             39,827      context-switches                                            
     5.909468060             37,994      context-switches                                            
     6.009606379             42,692      context-switches                                            
     6.109849956             39,422      context-switches                                            
     6.210096685             41,395      context-switches                                            
     6.310295245             37,706      context-switches                                            
     6.410411653             40,402      context-switches                                            
     6.510646743             40,293      context-switches                                            
     6.610761506             39,159      context-switches                                            
     6.710902204             37,119      context-switches                                            
     6.811087534             37,195      context-switches                                            
     6.911315383             42,515      context-switches                                            
     7.011490867             42,444      context-switches                                            
     7.111662374             41,402      context-switches                                            
     7.211909146             41,068      context-switches                                            
     7.312136144             39,638      context-switches                                            
     7.412248452             40,169      context-switches                                            
     7.512411986             41,693      context-switches                                            
#           time             counts unit events
     7.612690175             36,388      context-switches                                            
     7.712802148             38,824      context-switches                                            
     7.812914808             40,267      context-switches                                            
     7.913077883             37,216      context-switches                                            
     8.013204736             37,583      context-switches                                            
     8.113436360             39,475      context-switches                                            
     8.213602430             40,651      context-switches                                            
     8.313779480             44,124      context-switches                                            
     8.413918214             37,910      context-switches                                            
     8.514133285             39,382      context-switches                                            
     8.614248045             36,962      context-switches                                            
     8.714365991             41,012      context-switches                                            
     8.814481320             40,193      context-switches                                            
     8.914594227             39,130      context-switches                                            
     9.014714269             41,902      context-switches                                            
     9.114986941             32,569      context-switches                                            
     9.215147871             40,771      context-switches                                            
     9.315408656             40,005      context-switches                                            
     9.415517452             41,204      context-switches                                            
     9.515693425             40,439      context-switches                                            
     9.615915409             38,882      context-switches                                            
     9.716073826             36,244      context-switches                                            
     9.816194474             38,160      context-switches                                            
     9.916459916             38,449      context-switches                                            
    10.000677032             33,105      context-switches                                            
