# started on Tue Nov  5 20:49:33 2019

#           time             counts unit events
     0.100276715             36,732      context-switches                                            
     0.200519269             35,866      context-switches                                            
     0.300779866             37,462      context-switches                                            
     0.401009779             36,542      context-switches                                            
     0.501324833             37,701      context-switches                                            
     0.601550454             35,962      context-switches                                            
     0.701823079             37,993      context-switches                                            
     0.802071935             36,618      context-switches                                            
     0.902339685             37,919      context-switches                                            
     1.002592593             37,186      context-switches                                            
     1.102874161             37,815      context-switches                                            
     1.203102315             36,992      context-switches                                            
     1.303320848             36,860      context-switches                                            
     1.403570964             36,940      context-switches                                            
     1.503809410             37,443      context-switches                                            
     1.604106906             35,665      context-switches                                            
     1.704391176             37,113      context-switches                                            
     1.804631593             36,596      context-switches                                            
     1.904876605             36,989      context-switches                                            
     2.005087864             37,219      context-switches                                            
     2.105339354             38,469      context-switches                                            
     2.205567188             36,103      context-switches                                            
     2.305866977             38,516      context-switches                                            
     2.405993080             36,440      context-switches                                            
     2.506272225             38,123      context-switches                                            
#           time             counts unit events
     2.606469472             35,907      context-switches                                            
     2.706705171             38,536      context-switches                                            
     2.806871061             35,905      context-switches                                            
     2.907116318             38,536      context-switches                                            
     3.007366319             35,945      context-switches                                            
     3.107577463             37,699      context-switches                                            
     3.207830029             36,556      context-switches                                            
     3.308097063             38,527      context-switches                                            
     3.408390359             36,578      context-switches                                            
     3.508641904             38,152      context-switches                                            
     3.608871367             35,938      context-switches                                            
     3.709110550             38,221      context-switches                                            
     3.809301897             36,048      context-switches                                            
     3.909528595             37,407      context-switches                                            
     4.009847180             36,766      context-switches                                            
     4.110067005             38,867      context-switches                                            
     4.210279992             35,768      context-switches                                            
     4.310575185             38,693      context-switches                                            
     4.410707981             35,881      context-switches                                            
     4.510943132             38,557      context-switches                                            
     4.611050831             35,188      context-switches                                            
     4.711242692             38,547      context-switches                                            
     4.811393608             35,539      context-switches                                            
     4.911562075             38,124      context-switches                                            
     5.011763846             36,336      context-switches                                            
#           time             counts unit events
     5.112028932             37,736      context-switches                                            
     5.212277286             36,933      context-switches                                            
     5.312497757             37,042      context-switches                                            
     5.412772305             36,337      context-switches                                            
     5.512935287             36,471      context-switches                                            
     5.613185207             36,675      context-switches                                            
     5.713292866             37,624      context-switches                                            
     5.813607913             37,421      context-switches                                            
     5.913750929             37,206      context-switches                                            
     6.013958045             36,949      context-switches                                            
     6.114068647             37,084      context-switches                                            
     6.214298405             34,816      context-switches                                            
     6.314407545             37,514      context-switches                                            
     6.414702215             36,746      context-switches                                            
     6.514817225             34,221      context-switches                                            
     6.615212644              1,641      context-switches                                            
     6.715423207              5,160      context-switches                                            
     6.815722754              2,525      context-switches                                            
     6.916153138              3,086      context-switches                                            
     7.016273991              3,513      context-switches                                            
     7.116861561              2,853      context-switches                                            
     7.217434259                246      context-switches                                            
     7.317868615              1,562      context-switches                                            
     7.418364836              3,538      context-switches                                            
     7.518883636                193      context-switches                                            
#           time             counts unit events
     7.619234762              1,508      context-switches                                            
     7.719682800              3,975      context-switches                                            
     7.820163235                132      context-switches                                            
     7.920619194                868      context-switches                                            
     8.020873982              4,223      context-switches                                            
     8.121319304                218      context-switches                                            
     8.221827705                886      context-switches                                            
     8.322210922              4,188      context-switches                                            
     8.422735861                251      context-switches                                            
     8.523323661                195      context-switches                                            
     8.623604417              2,262      context-switches                                            
     8.724048525              3,151      context-switches                                            
     8.824603005                174      context-switches                                            
     8.925149219                803      context-switches                                            
     9.025724767              4,335      context-switches                                            
     9.126346136                190      context-switches                                            
     9.226761958                946      context-switches                                            
     9.326952791              1,573      context-switches                                            
     9.427375991              3,165      context-switches                                            
     9.527890365                302      context-switches                                            
     9.628345777              1,391      context-switches                                            
     9.728745896              4,001      context-switches                                            
     9.829309924                154      context-switches                                            
     9.929852310                807      context-switches                                            
    10.001238810                539      context-switches                                            
