# started on Tue Nov 12 12:27:11 2019

#           time             counts unit events
     0.100201453             36,346      context-switches                                            
     0.200345839             33,261      context-switches                                            
     0.300468162             37,324      context-switches                                            
     0.400631181             33,512      context-switches                                            
     0.500754624             31,667      context-switches                                            
     0.600941274             35,577      context-switches                                            
     0.701120802             36,301      context-switches                                            
     0.801241674             36,568      context-switches                                            
     0.901344302             34,576      context-switches                                            
     1.001513912             38,967      context-switches                                            
     1.101711599             34,697      context-switches                                            
     1.201940776             30,150      context-switches                                            
     1.302058928             34,039      context-switches                                            
     1.402177156             36,138      context-switches                                            
     1.502301430             32,916      context-switches                                            
     1.602497133             34,505      context-switches                                            
     1.702611721             30,738      context-switches                                            
     1.802757217             34,404      context-switches                                            
     1.902917870             37,938      context-switches                                            
     2.003120125             36,365      context-switches                                            
     2.103297589             37,381      context-switches                                            
     2.203411857             37,276      context-switches                                            
     2.303556413             40,054      context-switches                                            
     2.403669272             37,161      context-switches                                            
     2.503801893             33,781      context-switches                                            
#           time             counts unit events
     2.603926910             38,949      context-switches                                            
     2.704096416             33,323      context-switches                                            
     2.804261048             36,998      context-switches                                            
     2.904425845             37,135      context-switches                                            
     3.004533780             40,410      context-switches                                            
     3.104721009             36,308      context-switches                                            
     3.204832012             38,047      context-switches                                            
     3.305014868             34,275      context-switches                                            
     3.405177232             35,149      context-switches                                            
     3.505322002             33,634      context-switches                                            
     3.605435681             36,765      context-switches                                            
     3.705644547             35,408      context-switches                                            
     3.805761874             34,288      context-switches                                            
     3.905925640             30,874      context-switches                                            
     4.006073480             35,938      context-switches                                            
     4.106210919             39,229      context-switches                                            
     4.206406581             39,985      context-switches                                            
     4.306564636             37,361      context-switches                                            
     4.406675911             37,665      context-switches                                            
     4.506824750             34,679      context-switches                                            
     4.607001113             32,726      context-switches                                            
     4.707115077             35,954      context-switches                                            
     4.807225692             36,802      context-switches                                            
     4.909296454             32,769      context-switches                                            
     5.009412814             30,198      context-switches                                            
#           time             counts unit events
     5.109571572             34,271      context-switches                                            
     5.209788568             39,675      context-switches                                            
     5.309980281             35,637      context-switches                                            
     5.410068639             37,096      context-switches                                            
     5.510235852             35,851      context-switches                                            
     5.610413200             37,120      context-switches                                            
     5.710551824             34,479      context-switches                                            
     5.810690612             36,009      context-switches                                            
     5.910807285             32,972      context-switches                                            
     6.010959785             33,995      context-switches                                            
     6.111149229             31,128      context-switches                                            
     6.211361495             37,312      context-switches                                            
     6.311468375             42,413      context-switches                                            
     6.411636610             37,033      context-switches                                            
     6.511801567             41,050      context-switches                                            
     6.611918157             40,381      context-switches                                            
     6.712027054             38,010      context-switches                                            
     6.812166220             36,315      context-switches                                            
     6.912311583             35,713      context-switches                                            
     7.012503487             34,868      context-switches                                            
     7.112624614             38,312      context-switches                                            
     7.212745587             34,787      context-switches                                            
     7.312973357             36,615      context-switches                                            
     7.413164887             36,277      context-switches                                            
     7.513333194             35,537      context-switches                                            
#           time             counts unit events
     7.613442354             34,506      context-switches                                            
     7.713564704             36,086      context-switches                                            
     7.813797631             36,509      context-switches                                            
     7.913993393             37,075      context-switches                                            
     8.014108030             38,250      context-switches                                            
     8.114222762             41,277      context-switches                                            
     8.214424328             40,224      context-switches                                            
     8.314557756             37,216      context-switches                                            
     8.414741758             41,082      context-switches                                            
     8.514915341             40,959      context-switches                                            
     8.615085033             39,713      context-switches                                            
     8.715285220             42,880      context-switches                                            
     8.815422683             43,393      context-switches                                            
     8.915576512             35,803      context-switches                                            
     9.015796830             38,861      context-switches                                            
     9.115950322             38,964      context-switches                                            
     9.216227959             39,487      context-switches                                            
     9.316428682             42,639      context-switches                                            
     9.416668088             42,452      context-switches                                            
     9.516933922             39,399      context-switches                                            
     9.617167648             40,789      context-switches                                            
     9.717306824             38,580      context-switches                                            
     9.817547031             37,228      context-switches                                            
     9.917758308             43,625      context-switches                                            
    10.000758507             34,002      context-switches                                            
