# started on Tue Nov 12 12:33:55 2019

#           time             counts unit events
     0.100214044             31,058      context-switches                                            
     0.200405349             29,582      context-switches                                            
     0.300568774             35,608      context-switches                                            
     0.400710972             32,233      context-switches                                            
     0.500828985             34,894      context-switches                                            
     0.600943962             38,926      context-switches                                            
     0.701175342             35,112      context-switches                                            
     0.801294026             34,335      context-switches                                            
     0.901499706             32,669      context-switches                                            
     1.001736210             35,304      context-switches                                            
     1.101928821             35,624      context-switches                                            
     1.202079447             39,527      context-switches                                            
     1.302188998             36,687      context-switches                                            
     1.402296337             36,941      context-switches                                            
     1.502406897             32,373      context-switches                                            
     1.602567697             29,809      context-switches                                            
     1.702673725             33,911      context-switches                                            
     1.802899474             35,022      context-switches                                            
     1.903066231             35,753      context-switches                                            
     2.003262981             31,351      context-switches                                            
     2.103427558             38,286      context-switches                                            
     2.203546183             39,638      context-switches                                            
     2.303661434             35,918      context-switches                                            
     2.403785416             38,642      context-switches                                            
     2.503900188             34,773      context-switches                                            
#           time             counts unit events
     2.604045378             36,602      context-switches                                            
     2.704169925             35,393      context-switches                                            
     2.804333959             33,527      context-switches                                            
     2.904499296             38,473      context-switches                                            
     3.004640518             38,229      context-switches                                            
     3.104758752             35,829      context-switches                                            
     3.205033455             36,846      context-switches                                            
     3.305169785             36,889      context-switches                                            
     3.405285855             38,221      context-switches                                            
     3.505550087             33,445      context-switches                                            
     3.605656472             42,390      context-switches                                            
     3.705764307             41,627      context-switches                                            
     3.805962204             37,342      context-switches                                            
     3.906084929             34,550      context-switches                                            
     4.006303861             37,512      context-switches                                            
     4.106440776             43,026      context-switches                                            
     4.206578596             42,609      context-switches                                            
     4.306750601             35,521      context-switches                                            
     4.406957677             40,904      context-switches                                            
     4.507103606             39,071      context-switches                                            
     4.607319031             40,192      context-switches                                            
     4.707477767             37,899      context-switches                                            
     4.807668875             33,486      context-switches                                            
     4.907775248             36,216      context-switches                                            
     5.007954689             37,319      context-switches                                            
#           time             counts unit events
     5.108198559             35,376      context-switches                                            
     5.208309002             36,265      context-switches                                            
     5.308423603             34,901      context-switches                                            
     5.408644467             34,807      context-switches                                            
     5.508761151             35,005      context-switches                                            
     5.608933015             33,877      context-switches                                            
     5.709045159             33,157      context-switches                                            
     5.809220964             34,220      context-switches                                            
     5.909353322             32,631      context-switches                                            
     6.009534505             35,545      context-switches                                            
     6.109651670             36,274      context-switches                                            
     6.209767250             41,124      context-switches                                            
     6.309894441             35,234      context-switches                                            
     6.410010370             35,714      context-switches                                            
     6.510160509             34,332      context-switches                                            
     6.610328822             37,826      context-switches                                            
     6.710484701             33,797      context-switches                                            
     6.810698415             36,324      context-switches                                            
     6.910838503             33,583      context-switches                                            
     7.010962805             38,616      context-switches                                            
     7.111109000             35,764      context-switches                                            
     7.211227645             36,473      context-switches                                            
     7.311341196             33,195      context-switches                                            
     7.411483874             37,869      context-switches                                            
     7.511623518             38,323      context-switches                                            
#           time             counts unit events
     7.611746862             36,382      context-switches                                            
     7.712796460             37,962      context-switches                                            
     7.812910080             37,442      context-switches                                            
     7.913022799             36,127      context-switches                                            
     8.013203715             35,818      context-switches                                            
     8.113327688             38,311      context-switches                                            
     8.213452108             41,754      context-switches                                            
     8.313653171             37,280      context-switches                                            
     8.413766859             35,188      context-switches                                            
     8.513882408             37,300      context-switches                                            
     8.613997207             36,676      context-switches                                            
     8.714105124             39,494      context-switches                                            
     8.814237666             34,679      context-switches                                            
     8.914361785             35,650      context-switches                                            
     9.014532745             32,162      context-switches                                            
     9.114784482             37,092      context-switches                                            
     9.214925354             38,746      context-switches                                            
     9.315067525             39,675      context-switches                                            
     9.415186450             37,367      context-switches                                            
     9.515313673             37,784      context-switches                                            
     9.615519905             37,594      context-switches                                            
     9.715650953             34,070      context-switches                                            
     9.815774214             36,713      context-switches                                            
     9.915906023             34,919      context-switches                                            
    10.000728181             31,395      context-switches                                            
