# started on Wed Nov  6 00:34:00 2019

#           time             counts unit events
     0.100667061                320      context-switches                                            
     0.201349349                205      context-switches                                            
     0.301965627                197      context-switches                                            
     0.402583823                339      context-switches                                            
     0.503144584                237      context-switches                                            
     0.603758612                244      context-switches                                            
     0.704420563                197      context-switches                                            
     0.805035242                239      context-switches                                            
     0.905627835                336      context-switches                                            
     1.006200430                429      context-switches                                            
     1.106797405                298      context-switches                                            
     1.207334053                177      context-switches                                            
     1.307879356                214      context-switches                                            
     1.408379642                291      context-switches                                            
     1.508897771                235      context-switches                                            
     1.609478073                282      context-switches                                            
     1.710082629                160      context-switches                                            
     1.810559861                228      context-switches                                            
     1.911139078                259      context-switches                                            
     2.011731842                441      context-switches                                            
     2.112284699                192      context-switches                                            
     2.212884913                180      context-switches                                            
     2.313480959                184      context-switches                                            
     2.414060642                326      context-switches                                            
     2.514649281                208      context-switches                                            
#           time             counts unit events
     2.615177303                283      context-switches                                            
     2.715809473                173      context-switches                                            
     2.816519199                280      context-switches                                            
     2.916828519                404      context-switches                                            
     3.017465979                347      context-switches                                            
     3.118069726                214      context-switches                                            
     3.218575331                236      context-switches                                            
     3.319152111                212      context-switches                                            
     3.419755586                296      context-switches                                            
     3.520408152                186      context-switches                                            
     3.620980856                222      context-switches                                            
     3.721543157                167      context-switches                                            
     3.822166614                200      context-switches                                            
     3.922534073                460      context-switches                                            
     4.023080330                204      context-switches                                            
     4.123681199                190      context-switches                                            
     4.224145341                252      context-switches                                            
     4.324671437                200      context-switches                                            
     4.425244861                292      context-switches                                            
     4.525877031                194      context-switches                                            
     4.626478868                184      context-switches                                            
     4.727085951                169      context-switches                                            
     4.827698021                258      context-switches                                            
     4.928071581                453      context-switches                                            
     5.028214244             14,240      context-switches                                            
#           time             counts unit events
     5.128419954             37,788      context-switches                                            
     5.228589415             36,115      context-switches                                            
     5.328785304             39,246      context-switches                                            
     5.429038551             37,543      context-switches                                            
     5.529262665             39,158      context-switches                                            
     5.629453751             36,864      context-switches                                            
     5.729676976             38,476      context-switches                                            
     5.829851215             36,453      context-switches                                            
     5.930067089             38,414      context-switches                                            
     6.030184251             36,759      context-switches                                            
     6.130358519             38,244      context-switches                                            
     6.230564531             36,310      context-switches                                            
     6.330676575             38,268      context-switches                                            
     6.430881144             36,642      context-switches                                            
     6.531097703             39,397      context-switches                                            
     6.631269299             36,795      context-switches                                            
     6.731463435             38,984      context-switches                                            
     6.831698198             36,437      context-switches                                            
     6.931863459             38,882      context-switches                                            
     7.032060496             35,521      context-switches                                            
     7.132265560             36,490      context-switches                                            
     7.232487072             36,491      context-switches                                            
     7.332761089             38,125      context-switches                                            
     7.433015735             36,854      context-switches                                            
     7.533279544             39,137      context-switches                                            
#           time             counts unit events
     7.633471766             36,414      context-switches                                            
     7.733669922             38,798      context-switches                                            
     7.833945908             35,834      context-switches                                            
     7.934191491             38,596      context-switches                                            
     8.034482724             36,657      context-switches                                            
     8.134767300             39,257      context-switches                                            
     8.235019238             37,106      context-switches                                            
     8.335194880             38,653      context-switches                                            
     8.435361886             35,950      context-switches                                            
     8.535650753             38,415      context-switches                                            
     8.635843222             35,895      context-switches                                            
     8.736115994             36,795      context-switches                                            
     8.836338289             36,289      context-switches                                            
     8.936615325             37,874      context-switches                                            
     9.036836100             36,599      context-switches                                            
     9.137113320             38,215      context-switches                                            
     9.237336481             36,237      context-switches                                            
     9.337630220             38,332      context-switches                                            
     9.437903322             36,368      context-switches                                            
     9.538147605             39,137      context-switches                                            
     9.638369215             36,614      context-switches                                            
     9.738655010             37,357      context-switches                                            
     9.838853920             36,735      context-switches                                            
     9.939105283             38,592      context-switches                                            
    10.000726335             22,719      context-switches                                            
