# started on Tue Nov  5 21:21:04 2019

#           time             counts unit events
     0.100802234                303      context-switches                                            
     0.201434157                186      context-switches                                            
     0.301956159                289      context-switches                                            
     0.402528119                182      context-switches                                            
     0.503148527                383      context-switches                                            
     0.603694680                386      context-switches                                            
     0.704303692                236      context-switches                                            
     0.804905875                262      context-switches                                            
     0.905448457                201      context-switches                                            
     1.005915069                249      context-switches                                            
     1.106502960                279      context-switches                                            
     1.207056908                182      context-switches                                            
     1.307687728                285      context-switches                                            
     1.408268854                215      context-switches                                            
     1.508887089                296      context-switches                                            
     1.609418125                399      context-switches                                            
     1.709936937                193      context-switches                                            
     1.810547253                276      context-switches                                            
     1.911105396                199      context-switches                                            
     2.011615283                232      context-switches                                            
     2.112192669                240      context-switches                                            
     2.212796651                227      context-switches                                            
     2.313353095              2,428      context-switches                                            
     2.413584433              2,699      context-switches                                            
     2.514039407              4,574      context-switches                                            
#           time             counts unit events
     2.614563532                361      context-switches                                            
     2.715153283                216      context-switches                                            
     2.815757236                168      context-switches                                            
     2.916386171                202      context-switches                                            
     3.017010393                204      context-switches                                            
     3.117613007                252      context-switches                                            
     3.218120953                176      context-switches                                            
     3.318689370                256      context-switches                                            
     3.419371587                154      context-switches                                            
     3.519827771                391      context-switches                                            
     3.620493416                557      context-switches                                            
     3.721081225                233      context-switches                                            
     3.821639495                200      context-switches                                            
     3.922111994                168      context-switches                                            
     4.022695773                190      context-switches                                            
     4.123242603                362      context-switches                                            
     4.223922494                237      context-switches                                            
     4.324367216                262      context-switches                                            
     4.424702108                234      context-switches                                            
     4.525094780                583      context-switches                                            
     4.625614474              6,734      context-switches                                            
     4.726163352                258      context-switches                                            
     4.826829711                232      context-switches                                            
     4.927433063                201      context-switches                                            
     5.027591701             27,402      context-switches                                            
#           time             counts unit events
     5.127755390             37,549      context-switches                                            
     5.227944126             35,947      context-switches                                            
     5.328132556             36,904      context-switches                                            
     5.428299167             36,153      context-switches                                            
     5.528513801             35,999      context-switches                                            
     5.628685872             37,118      context-switches                                            
     5.728839382             36,566      context-switches                                            
     5.829020155             36,689      context-switches                                            
     5.929294056             37,377      context-switches                                            
     6.029482573             36,859      context-switches                                            
     6.129711514             37,655      context-switches                                            
     6.229878111             36,518      context-switches                                            
     6.330044286             37,302      context-switches                                            
     6.430314510             35,306      context-switches                                            
     6.530535341             37,981      context-switches                                            
     6.630661283             36,325      context-switches                                            
     6.730887177             37,092      context-switches                                            
     6.831137553             37,051      context-switches                                            
     6.931307851             37,270      context-switches                                            
     7.031511822             36,774      context-switches                                            
     7.131673260             37,642      context-switches                                            
     7.231831184             36,936      context-switches                                            
     7.332116586             36,496      context-switches                                            
     7.432288136             36,053      context-switches                                            
     7.532464094             38,685      context-switches                                            
#           time             counts unit events
     7.632772103             36,225      context-switches                                            
     7.733027242             37,815      context-switches                                            
     7.833276087             36,207      context-switches                                            
     7.933406104             38,298      context-switches                                            
     8.033646820             35,393      context-switches                                            
     8.133866767             37,202      context-switches                                            
     8.234111185             35,949      context-switches                                            
     8.334339748             37,463      context-switches                                            
     8.434633168             35,617      context-switches                                            
     8.534798487             37,600      context-switches                                            
     8.634983062             36,790      context-switches                                            
     8.735184946             37,962      context-switches                                            
     8.835338051             37,109      context-switches                                            
     8.935547576             37,807      context-switches                                            
     9.035717242             36,024      context-switches                                            
     9.135869196             36,952      context-switches                                            
     9.236012683             36,421      context-switches                                            
     9.336177353             36,615      context-switches                                            
     9.436369464             36,010      context-switches                                            
     9.536533716             37,865      context-switches                                            
     9.636703760             36,258      context-switches                                            
     9.737011321             36,917      context-switches                                            
     9.837275386             36,482      context-switches                                            
     9.937440914             37,053      context-switches                                            
    10.000752057             23,250      context-switches                                            
