# started on Mon Nov 11 22:52:06 2019

#           time             counts unit events
     0.100161063             47,742      context-switches                                            
     0.200318717             41,248      context-switches                                            
     0.300456741             51,401      context-switches                                            
     0.400605066             51,092      context-switches                                            
     0.500758660             47,901      context-switches                                            
     0.600921414             41,153      context-switches                                            
     0.701062709             36,886      context-switches                                            
     0.801203163             38,615      context-switches                                            
     0.901355708             30,235      context-switches                                            
     1.001498052             29,702      context-switches                                            
     1.101654097             32,348      context-switches                                            
     1.201807082             39,326      context-switches                                            
     1.301933767             42,150      context-switches                                            
     1.402068642             45,071      context-switches                                            
     1.502211557             45,245      context-switches                                            
     1.602358722             37,528      context-switches                                            
     1.702504777             44,345      context-switches                                            
     1.802652982             39,136      context-switches                                            
     1.902811417             44,749      context-switches                                            
     2.002963632             36,840      context-switches                                            
     2.103113927             31,293      context-switches                                            
     2.203254333             38,484      context-switches                                            
     2.303396608             46,730      context-switches                                            
     2.403543754             41,569      context-switches                                            
     2.503680169             44,975      context-switches                                            
#           time             counts unit events
     2.603830665             41,579      context-switches                                            
     2.703966571             49,546      context-switches                                            
     2.804112916             44,153      context-switches                                            
     2.904245642             42,335      context-switches                                            
     3.004389277             40,372      context-switches                                            
     3.104534313             44,377      context-switches                                            
     3.204679839             36,676      context-switches                                            
     3.304816885             42,150      context-switches                                            
     3.404961421             40,526      context-switches                                            
     3.505091067             44,719      context-switches                                            
     3.605212394             46,030      context-switches                                            
     3.705342620             44,934      context-switches                                            
     3.805487966             44,442      context-switches                                            
     3.905642962             40,889      context-switches                                            
     4.005810867             44,064      context-switches                                            
     4.105956764             44,853      context-switches                                            
     4.206104870             37,626      context-switches                                            
     4.306252727             40,507      context-switches                                            
     4.406376844             41,802      context-switches                                            
     4.506480171             41,489      context-switches                                            
     4.606619668             41,208      context-switches                                            
     4.706759524             40,190      context-switches                                            
     4.806901071             39,006      context-switches                                            
     4.907037778             44,170      context-switches                                            
     5.007174754             48,678      context-switches                                            
#           time             counts unit events
     5.107303641             46,399      context-switches                                            
     5.207447058             40,718      context-switches                                            
     5.307595185             42,427      context-switches                                            
     5.407742562             39,089      context-switches                                            
     5.507893699             37,340      context-switches                                            
     5.608017927             42,825      context-switches                                            
     5.708151544             47,154      context-switches                                            
     5.808249141             46,900      context-switches                                            
     5.908388278             49,042      context-switches                                            
     6.008509117             48,205      context-switches                                            
     6.108645004             50,628      context-switches                                            
     6.208770841             48,811      context-switches                                            
     6.308934759             46,222      context-switches                                            
     6.409070127             49,639      context-switches                                            
     6.509196385             49,798      context-switches                                            
     6.609334372             41,992      context-switches                                            
     6.709473600             41,472      context-switches                                            
     6.809609268             47,705      context-switches                                            
     6.909742755             52,016      context-switches                                            
     7.009861753             45,862      context-switches                                            
     7.109992591             52,517      context-switches                                            
     7.210135739             49,284      context-switches                                            
     7.310285137             48,098      context-switches                                            
     7.410416036             42,119      context-switches                                            
     7.510542924             44,143      context-switches                                            
#           time             counts unit events
     7.610702272             41,383      context-switches                                            
     7.710861850             49,356      context-switches                                            
     7.810998359             45,211      context-switches                                            
     7.911123737             47,337      context-switches                                            
     8.011267545             44,677      context-switches                                            
     8.111411134             45,142      context-switches                                            
     8.211543232             41,581      context-switches                                            
     8.311684481             40,516      context-switches                                            
     8.411824500             36,272      context-switches                                            
     8.511965128             45,807      context-switches                                            
     8.612118217             40,817      context-switches                                            
     8.712255356             43,292      context-switches                                            
     8.812381525             34,818      context-switches                                            
     8.912519033             43,204      context-switches                                            
     9.012650852             43,717      context-switches                                            
     9.112787411             46,890      context-switches                                            
     9.212943951             45,099      context-switches                                            
     9.313068760             43,881      context-switches                                            
     9.413206819             49,157      context-switches                                            
     9.513353098             41,586      context-switches                                            
     9.613509888             42,777      context-switches                                            
     9.713670236             47,038      context-switches                                            
     9.813825286             33,846      context-switches                                            
     9.913958675             43,345      context-switches                                            
    10.000620361             41,238      context-switches                                            
