# started on Tue Nov 12 11:57:27 2019

#           time             counts unit events
     0.100121363             39,881      context-switches                                            
     0.200254460             43,074      context-switches                                            
     0.300362630             42,148      context-switches                                            
     0.400479782             37,391      context-switches                                            
     0.500602791             39,439      context-switches                                            
     0.600758330             42,099      context-switches                                            
     0.700866777             41,143      context-switches                                            
     0.801035184             40,329      context-switches                                            
     0.901278851             41,890      context-switches                                            
     1.001384225             40,387      context-switches                                            
     1.101495408             41,576      context-switches                                            
     1.201613185             42,293      context-switches                                            
     1.301794179             42,021      context-switches                                            
     1.401910856             41,126      context-switches                                            
     1.502025401             38,847      context-switches                                            
     1.602221636             42,966      context-switches                                            
     1.702336874             44,990      context-switches                                            
     1.802533724             39,850      context-switches                                            
     1.902709081             38,760      context-switches                                            
     2.002834211             38,310      context-switches                                            
     2.103003293             39,913      context-switches                                            
     2.203120007             42,419      context-switches                                            
     2.303240961             37,470      context-switches                                            
     2.403352605             39,250      context-switches                                            
     2.503464429             42,280      context-switches                                            
#           time             counts unit events
     2.603571339             41,308      context-switches                                            
     2.703678727             39,489      context-switches                                            
     2.803790633             41,646      context-switches                                            
     2.903905981             46,328      context-switches                                            
     3.004098072             41,605      context-switches                                            
     3.104253160             41,866      context-switches                                            
     3.204450839             42,721      context-switches                                            
     3.304595332             42,966      context-switches                                            
     3.404733679             42,232      context-switches                                            
     3.504846097             43,469      context-switches                                            
     3.604960051             43,964      context-switches                                            
     3.705078926             41,204      context-switches                                            
     3.805192157             41,337      context-switches                                            
     3.905358003             43,469      context-switches                                            
     4.005522915             42,696      context-switches                                            
     4.105628297             43,521      context-switches                                            
     4.205763040             43,207      context-switches                                            
     4.305931970             43,306      context-switches                                            
     4.406043508             42,493      context-switches                                            
     4.506158444             41,007      context-switches                                            
     4.606328411             44,363      context-switches                                            
     4.706541986             42,481      context-switches                                            
     4.806704136             41,220      context-switches                                            
     4.906876066             38,333      context-switches                                            
     5.007092772             41,619      context-switches                                            
#           time             counts unit events
     5.107204154             43,126      context-switches                                            
     5.207310912             43,072      context-switches                                            
     5.307416367             43,744      context-switches                                            
     5.407524166             43,112      context-switches                                            
     5.507631590             43,905      context-switches                                            
     5.607740668             40,104      context-switches                                            
     5.707879050             42,790      context-switches                                            
     5.808046819             43,995      context-switches                                            
     5.908163492             42,530      context-switches                                            
     6.008278595             38,822      context-switches                                            
     6.108421711             43,548      context-switches                                            
     6.208550633             42,252      context-switches                                            
     6.308717199             39,134      context-switches                                            
     6.408824018             42,175      context-switches                                            
     6.508991905             37,729      context-switches                                            
     6.609245761             44,484      context-switches                                            
     6.709353507             43,734      context-switches                                            
     6.809456611             42,714      context-switches                                            
     6.909565051             43,971      context-switches                                            
     7.009793513             43,255      context-switches                                            
     7.109907892             41,114      context-switches                                            
     7.210167768             40,493      context-switches                                            
     7.310419034             42,542      context-switches                                            
     7.410720302             43,565      context-switches                                            
     7.510838366             42,734      context-switches                                            
#           time             counts unit events
     7.610945927             42,485      context-switches                                            
     7.711158966             40,866      context-switches                                            
     7.811425620             41,581      context-switches                                            
     7.911634150             42,162      context-switches                                            
     8.011790718             43,425      context-switches                                            
     8.111995962             42,498      context-switches                                            
     8.212225989             42,920      context-switches                                            
     8.312438931             35,822      context-switches                                            
     8.412668784             39,689      context-switches                                            
     8.512836489             39,500      context-switches                                            
     8.612952261             43,044      context-switches                                            
     8.713068283             38,859      context-switches                                            
     8.813173912             42,601      context-switches                                            
     8.913377492             42,220      context-switches                                            
     9.013525712             43,481      context-switches                                            
     9.113640289             42,555      context-switches                                            
     9.213772037             44,029      context-switches                                            
     9.313887818             38,793      context-switches                                            
     9.414058893             41,635      context-switches                                            
     9.514286457             41,389      context-switches                                            
     9.614529977             40,694      context-switches                                            
     9.714637817             45,643      context-switches                                            
     9.814828889             39,769      context-switches                                            
     9.914942420             40,002      context-switches                                            
    10.000566270             34,418      context-switches                                            
