# started on Wed Nov  6 00:55:42 2019

#           time             counts unit events
     0.100756147                338      context-switches                                            
     0.201464641                174      context-switches                                            
     0.302005812                234      context-switches                                            
     0.402564118                184      context-switches                                            
     0.502970576                319      context-switches                                            
     0.603460611                219      context-switches                                            
     0.704097303                366      context-switches                                            
     0.804717581                459      context-switches                                            
     0.905267419                155      context-switches                                            
     1.005788886                243      context-switches                                            
     1.106401807                171      context-switches                                            
     1.206976205                173      context-switches                                            
     1.307614351                224      context-switches                                            
     1.408158193                150      context-switches                                            
     1.508794615                197      context-switches                                            
     1.609414053                158      context-switches                                            
     1.710087218                213      context-switches                                            
     1.810713808                412      context-switches                                            
     1.911333706                174      context-switches                                            
     2.011872619                314      context-switches                                            
     2.112524440                124      context-switches                                            
     2.213010531                190      context-switches                                            
     2.313547905                189      context-switches                                            
     2.414017564                161      context-switches                                            
     2.514608375                190      context-switches                                            
#           time             counts unit events
     2.615236226                174      context-switches                                            
     2.715782455                260      context-switches                                            
     2.816321262                499      context-switches                                            
     2.916890019                170      context-switches                                            
     3.017468918                212      context-switches                                            
     3.117934772                164      context-switches                                            
     3.218517172                212      context-switches                                            
     3.319176210                270      context-switches                                            
     3.419788374                127      context-switches                                            
     3.520387328                192      context-switches                                            
     3.620998829                166      context-switches                                            
     3.721631414                168      context-switches                                            
     3.822149266                451      context-switches                                            
     3.922719704                155      context-switches                                            
     4.023357243                250      context-switches                                            
     4.124027593                164      context-switches                                            
     4.224680235                202      context-switches                                            
     4.325185214                209      context-switches                                            
     4.425756246                149      context-switches                                            
     4.526275904                220      context-switches                                            
     4.626848369                167      context-switches                                            
     4.727444799                218      context-switches                                            
     4.827934666                395      context-switches                                            
     4.928271374                230      context-switches                                            
     5.028547429              4,940      context-switches                                            
#           time             counts unit events
     5.128854086              9,620      context-switches                                            
     5.228964813             37,468      context-switches                                            
     5.329132548             38,849      context-switches                                            
     5.429237566             38,602      context-switches                                            
     5.529431052             37,814      context-switches                                            
     5.629537469             38,087      context-switches                                            
     5.729726539             37,045      context-switches                                            
     5.829858034             38,817      context-switches                                            
     5.930036093             35,337      context-switches                                            
     6.030257669             37,886      context-switches                                            
     6.130335715             39,030      context-switches                                            
     6.230476152             37,440      context-switches                                            
     6.330586251             38,885      context-switches                                            
     6.430694090             37,129      context-switches                                            
     6.530802618             38,661      context-switches                                            
     6.630992241             36,893      context-switches                                            
     6.731176295             38,497      context-switches                                            
     6.831285261             37,863      context-switches                                            
     6.931452862             39,296      context-switches                                            
     7.031681616             36,716      context-switches                                            
     7.131847997             39,014      context-switches                                            
     7.232087863             37,839      context-switches                                            
     7.332219303             38,434      context-switches                                            
     7.432509301             37,614      context-switches                                            
     7.532789284             38,441      context-switches                                            
#           time             counts unit events
     7.633076629             36,540      context-switches                                            
     7.733330027             38,984      context-switches                                            
     7.833484661             36,698      context-switches                                            
     7.933723380             38,263      context-switches                                            
     8.033992131             34,483      context-switches                                            
     8.134266756             38,923      context-switches                                            
     8.234490505             37,066      context-switches                                            
     8.334721115             38,710      context-switches                                            
     8.434886593             37,645      context-switches                                            
     8.535055518             39,356      context-switches                                            
     8.635300382             37,213      context-switches                                            
     8.735571091             38,941      context-switches                                            
     8.835741125             37,827      context-switches                                            
     8.935867550             38,207      context-switches                                            
     9.036119340             37,290      context-switches                                            
     9.136338245             38,396      context-switches                                            
     9.236537541             37,902      context-switches                                            
     9.336826534             38,568      context-switches                                            
     9.437109049             37,308      context-switches                                            
     9.537400181             37,926      context-switches                                            
     9.637521526             37,472      context-switches                                            
     9.737742913             38,455      context-switches                                            
     9.838015583             37,558      context-switches                                            
     9.938304374             39,050      context-switches                                            
    10.000593904             23,909      context-switches                                            
