# started on Mon Nov 11 22:26:02 2019

#           time             counts unit events
     0.100205545                732      context-switches                                            
     0.200769379              1,011      context-switches                                            
     0.301095843                484      context-switches                                            
     0.401340318              1,135      context-switches                                            
     0.501603643                570      context-switches                                            
     0.601770678                678      context-switches                                            
     0.702015773                609      context-switches                                            
     0.802208929                806      context-switches                                            
     0.902533533                577      context-switches                                            
     1.002875198                703      context-switches                                            
     1.103103822                631      context-switches                                            
     1.203279098                789      context-switches                                            
     1.303472504              1,207      context-switches                                            
     1.403641418              3,408      context-switches                                            
     1.503816344                842      context-switches                                            
     1.603977879              5,173      context-switches                                            
     1.704186294                912      context-switches                                            
     1.804487789                668      context-switches                                            
     1.904663724                496      context-switches                                            
     2.004892069                661      context-switches                                            
     2.105186204                542      context-switches                                            
     2.205345849                869      context-switches                                            
     2.305666154                412      context-switches                                            
     2.406281437                875      context-switches                                            
     2.506545692                653      context-switches                                            
#           time             counts unit events
     2.606816166                685      context-switches                                            
     2.707046312                555      context-switches                                            
     2.807315776                617      context-switches                                            
     2.907512981                505      context-switches                                            
     3.007755796                553      context-switches                                            
     3.108298730                397      context-switches                                            
     3.208437846                654      context-switches                                            
     3.308653791                664      context-switches                                            
     3.408958985                730      context-switches                                            
     3.509231729                677      context-switches                                            
     3.609437594                544      context-switches                                            
     3.709609730                716      context-switches                                            
     3.809859065                526      context-switches                                            
     3.910077980                507      context-switches                                            
     4.010338095                696      context-switches                                            
     4.110826288                546      context-switches                                            
     4.211296082                765      context-switches                                            
     4.311546937                462      context-switches                                            
     4.412022730                698      context-switches                                            
     4.512187346                791      context-switches                                            
     4.612476850                562      context-switches                                            
     4.712712855                662      context-switches                                            
     4.813010510                438      context-switches                                            
     4.913319704                390      context-switches                                            
     5.013626369                584      context-switches                                            
#           time             counts unit events
     5.113873244                511      context-switches                                            
     5.214081519                729      context-switches                                            
     5.314598772                425      context-switches                                            
     5.415143285                664      context-switches                                            
     5.515365100                729      context-switches                                            
     5.615543385                789      context-switches                                            
     5.715726120                845      context-switches                                            
     5.815962336                650      context-switches                                            
     5.916172560                353      context-switches                                            
     6.016375065                781      context-switches                                            
     6.116767090                535      context-switches                                            
     6.217017434                569      context-switches                                            
     6.317324309                820      context-switches                                            
     6.417666393                890      context-switches                                            
     6.517892798                630      context-switches                                            
     6.618139292                433      context-switches                                            
     6.718385988                647      context-switches                                            
     6.818589143                431      context-switches                                            
     6.918882577                340      context-switches                                            
     7.019192041                454      context-switches                                            
     7.119686105                324      context-switches                                            
     7.219965969                469      context-switches                                            
     7.320267934                361      context-switches                                            
     7.420734387                599      context-switches                                            
     7.521072642                515      context-switches                                            
#           time             counts unit events
     7.621315396                620      context-switches                                            
     7.721589701                579      context-switches                                            
     7.821784056                529      context-switches                                            
     7.921995631                507      context-switches                                            
     8.022171256                715      context-switches                                            
     8.122665310                429      context-switches                                            
     8.222970064                545      context-switches                                            
     8.323216349                341      context-switches                                            
     8.423551133                655      context-switches                                            
     8.523880037                438      context-switches                                            
     8.624134352                790      context-switches                                            
     8.724298827              8,851      context-switches                                            
     8.824545192                472      context-switches                                            
     8.924862517                463      context-switches                                            
     9.025148591                594      context-switches                                            
     9.125477645                475      context-switches                                            
     9.225672080                962      context-switches                                            
     9.325970895                446      context-switches                                            
     9.426454218                783      context-switches                                            
     9.526829342                490      context-switches                                            
     9.627151286                701      context-switches                                            
     9.727374091                699      context-switches                                            
     9.827658346                415      context-switches                                            
     9.927938940                537      context-switches                                            
    10.001067884                316      context-switches                                            
