# started on Tue Nov  5 21:07:01 2019

#           time             counts unit events
     0.100844476                314      context-switches                                            
     0.201529389                260      context-switches                                            
     0.302107023                355      context-switches                                            
     0.402707306                363      context-switches                                            
     0.503235271                207      context-switches                                            
     0.603832749                163      context-switches                                            
     0.704415819                212      context-switches                                            
     0.805055318                202      context-switches                                            
     0.905665981                226      context-switches                                            
     1.006146230                246      context-switches                                            
     1.106727589                274      context-switches                                            
     1.207245544                237      context-switches                                            
     1.307781790                322      context-switches                                            
     1.408339419                495      context-switches                                            
     1.508965402                172      context-switches                                            
     1.609575452                156      context-switches                                            
     1.709970415                286      context-switches                                            
     1.810552220                254      context-switches                                            
     1.911178325                226      context-switches                                            
     2.011773583                198      context-switches                                            
     2.112404315                271      context-switches                                            
     2.212892274              1,459      context-switches                                            
     2.313485460                400      context-switches                                            
     2.414042701                396      context-switches                                            
     2.514666237                178      context-switches                                            
#           time             counts unit events
     2.615113771                202      context-switches                                            
     2.715722238                171      context-switches                                            
     2.816273124                175      context-switches                                            
     2.916880652                209      context-switches                                            
     3.017443375                194      context-switches                                            
     3.117886980                224      context-switches                                            
     3.218429422                184      context-switches                                            
     3.318952664                228      context-switches                                            
     3.419593653                408      context-switches                                            
     3.520213659                203      context-switches                                            
     3.620640874                234      context-switches                                            
     3.721133744                152      context-switches                                            
     3.821683810                130      context-switches                                            
     3.922181121                206      context-switches                                            
     4.022768600                195      context-switches                                            
     4.123355609                187      context-switches                                            
     4.223885425                220      context-switches                                            
     4.324517037                202      context-switches                                            
     4.425177948                404      context-switches                                            
     4.525746056                158      context-switches                                            
     4.626192860                154      context-switches                                            
     4.726728067                164      context-switches                                            
     4.827274259                167      context-switches                                            
     4.927724175                221      context-switches                                            
     5.028292900              2,439      context-switches                                            
#           time             counts unit events
     5.128599990              1,841      context-switches                                            
     5.228823119              1,823      context-switches                                            
     5.329146664              5,164      context-switches                                            
     5.429302722              4,154      context-switches                                            
     5.529453926              5,253      context-switches                                            
     5.629570354              5,785      context-switches                                            
     5.729889606              2,993      context-switches                                            
     5.830134178              5,041      context-switches                                            
     5.930313971              4,529      context-switches                                            
     6.030737736              4,563      context-switches                                            
     6.130907450              2,495      context-switches                                            
     6.231359826              7,634      context-switches                                            
     6.331479212              3,199      context-switches                                            
     6.431633654              5,247      context-switches                                            
     6.531897744              3,114      context-switches                                            
     6.632147934              5,012      context-switches                                            
     6.732449207              4,712      context-switches                                            
     6.832664461              4,083      context-switches                                            
     6.932838582              4,980      context-switches                                            
     7.033137187              4,888      context-switches                                            
     7.133439359              4,566      context-switches                                            
     7.233549701              2,895      context-switches                                            
     7.333671605              6,044      context-switches                                            
     7.433895838              9,977      context-switches                                            
     7.534077437              2,965      context-switches                                            
#           time             counts unit events
     7.634288593              6,060      context-switches                                            
     7.734460782              5,506      context-switches                                            
     7.834931855              2,941      context-switches                                            
     7.935194517              5,272      context-switches                                            
     8.035665173              4,612      context-switches                                            
     8.136088761              4,528      context-switches                                            
     8.236317316              4,975      context-switches                                            
     8.336481929              3,227      context-switches                                            
     8.436712647              4,500      context-switches                                            
     8.536974551              6,841      context-switches                                            
     8.637428711              1,562      context-switches                                            
     8.737658014              5,227      context-switches                                            
     8.837864541              5,313      context-switches                                            
     8.938384873              3,772      context-switches                                            
     9.038713190              5,118      context-switches                                            
     9.139217843              4,644      context-switches                                            
     9.239463971              4,818      context-switches                                            
     9.339629476              1,984      context-switches                                            
     9.439866416              6,862      context-switches                                            
     9.540156751              2,294      context-switches                                            
     9.640329001              5,293      context-switches                                            
     9.740532892              2,427      context-switches                                            
     9.840848021              6,634      context-switches                                            
     9.940986332              4,565      context-switches                                            
    10.001327472              1,829      context-switches                                            
