     0.100595103          3,666,282      LLC-loads                 (59.73%)
     0.100595103            788,545      LLC-load-misses           (79.77%)
     0.200741970          4,640,880      LLC-loads                 (59.81%)
     0.200741970          1,263,122      LLC-load-misses           (79.83%)
     0.300847054          2,537,346      LLC-loads                 (59.83%)
     0.300847054            776,279      LLC-load-misses           (79.85%)
     0.400948044          2,436,072      LLC-loads                 (59.87%)
     0.400948044            741,519      LLC-load-misses           (79.87%)
     0.501057138          3,625,359      LLC-loads                 (59.88%)
     0.501057138          1,074,072      LLC-load-misses           (79.87%)
     0.601178602          4,794,381      LLC-loads                 (59.89%)
     0.601178602          1,128,936      LLC-load-misses           (79.88%)
     0.701318430          5,558,041      LLC-loads                 (59.89%)
     0.701318430          1,513,837      LLC-load-misses           (79.88%)
     0.801424294          2,254,306      LLC-loads                 (59.90%)
     0.801424294            633,917      LLC-load-misses           (79.88%)
     0.901538823          6,991,191      LLC-loads                 (59.91%)
     0.901538823          1,478,337      LLC-load-misses           (79.89%)
     1.001648738          5,202,048      LLC-loads                 (59.91%)
     1.001648738          1,309,672      LLC-load-misses           (79.89%)
     1.101761784          5,607,074      LLC-loads                 (59.91%)
     1.101761784          1,882,388      LLC-load-misses           (79.89%)
     1.201875692          2,511,384      LLC-loads                 (59.92%)
     1.201875692            772,403      LLC-load-misses           (79.89%)
     1.301999355          5,038,410      LLC-loads                 (59.92%)
     1.301999355          1,268,831      LLC-load-misses           (79.90%)
     1.402502668          6,172,313      LLC-loads                 (59.92%)
     1.402502668          1,891,783      LLC-load-misses           (79.90%)
     1.502664135          3,648,970      LLC-loads                 (59.94%)
     1.502664135          1,006,207      LLC-load-misses           (79.91%)
     1.602830316          6,279,168      LLC-loads                 (59.94%)
     1.602830316          1,497,474      LLC-load-misses           (79.92%)
     1.703114972          5,437,621      LLC-loads                 (59.95%)
     1.703114972          1,342,863      LLC-load-misses           (79.92%)
     1.803581891          3,359,972      LLC-loads                 (59.96%)
     1.803581891          1,044,261      LLC-load-misses           (79.93%)
     1.904081650          5,469,568      LLC-loads                 (59.97%)
     1.904081650          1,436,079      LLC-load-misses           (79.94%)
     2.004229896          6,975,885      LLC-loads                 (59.98%)
     2.004229896          1,747,323      LLC-load-misses           (79.95%)
     2.104398494          2,215,906      LLC-loads                 (59.99%)
     2.104398494            679,117      LLC-load-misses           (79.95%)
     2.205058028          2,871,176      LLC-loads                 (60.00%)
     2.205058028            877,925      LLC-load-misses           (79.96%)
     2.305574687          2,634,488      LLC-loads                 (60.01%)
     2.305574687            798,389      LLC-load-misses           (79.97%)
     2.405878707          2,354,111      LLC-loads                 (60.02%)
     2.405878707            611,533      LLC-load-misses           (79.97%)
     2.506086367          2,145,387      LLC-loads                 (60.02%)
     2.506086367            428,863      LLC-load-misses           (79.98%)
     2.606431597          2,251,346      LLC-loads                 (60.03%)
     2.606431597            424,613      LLC-load-misses           (79.98%)
     2.706779739          1,605,842      LLC-loads                 (60.03%)
     2.706779739            338,105      LLC-load-misses           (79.98%)
     2.807073219          2,529,514      LLC-loads                 (60.04%)
     2.807073219            503,563      LLC-load-misses           (79.99%)
     2.907247470          4,076,527      LLC-loads                 (60.04%)
     2.907247470            923,154      LLC-load-misses           (79.99%)
     3.007734681          5,282,043      LLC-loads                 (60.04%)
     3.007734681          1,494,122      LLC-load-misses           (79.99%)
     3.107882320          6,223,438      LLC-loads                 (60.05%)
     3.107882320          1,588,295      LLC-load-misses           (79.99%)
     3.208464296          3,628,466      LLC-loads                 (60.05%)
     3.208464296            999,232      LLC-load-misses           (79.99%)
     3.308896053          2,774,911      LLC-loads                 (60.05%)
     3.308896053            814,834      LLC-load-misses           (80.00%)
     3.409412136          2,805,847      LLC-loads                 (60.06%)
     3.409412136            740,351      LLC-load-misses           (80.00%)
     3.509885006          2,140,626      LLC-loads                 (60.06%)
     3.509885006            402,865      LLC-load-misses           (80.00%)
     3.610042424          4,369,339      LLC-loads                 (60.06%)
     3.610042424          1,125,350      LLC-load-misses           (80.00%)
     3.710243159          5,881,408      LLC-loads                 (60.06%)
     3.710243159          1,676,981      LLC-load-misses           (80.00%)
     3.810706488          5,960,631      LLC-loads                 (60.07%)
     3.810706488          1,684,867      LLC-load-misses           (80.01%)
     3.910913849          4,818,443      LLC-loads                 (60.07%)
     3.910913849          1,418,158      LLC-load-misses           (80.01%)
     4.011049871          6,743,544      LLC-loads                 (60.07%)
     4.011049871          1,927,107      LLC-load-misses           (80.01%)
     4.111215387          4,802,071      LLC-loads                 (60.07%)
     4.111215387          1,238,182      LLC-load-misses           (80.01%)
     4.211392859          7,277,257      LLC-loads                 (60.07%)
     4.211392859          1,985,163      LLC-load-misses           (80.01%)
     4.311868045          2,995,556      LLC-loads                 (60.07%)
     4.311868045            843,837      LLC-load-misses           (80.01%)
     4.412413278          2,828,381      LLC-loads                 (60.07%)
     4.412413278            804,498      LLC-load-misses           (80.01%)
     4.512755040          2,738,825      LLC-loads                 (60.07%)
     4.512755040            799,663      LLC-load-misses           (80.01%)
     4.613222603          2,594,913      LLC-loads                 (60.08%)
     4.613222603            613,215      LLC-load-misses           (80.02%)
     4.713789718          2,136,676      LLC-loads                 (60.08%)
     4.713789718            398,382      LLC-load-misses           (80.02%)
     4.813992700          4,372,067      LLC-loads                 (60.08%)
     4.813992700          1,277,577      LLC-load-misses           (80.02%)
     4.914173451          6,426,333      LLC-loads                 (60.08%)
     4.914173451          1,757,206      LLC-load-misses           (80.02%)
     5.014308814          5,744,210      LLC-loads                 (60.08%)
     5.014308814          1,315,653      LLC-load-misses           (80.02%)
     5.114567731          5,033,838      LLC-loads                 (60.07%)
     5.114567731          1,225,386      LLC-load-misses           (80.02%)
     5.214716320          6,319,397      LLC-loads                 (60.07%)
     5.214716320          2,135,041      LLC-load-misses           (80.02%)
     5.314848974          5,736,622      LLC-loads                 (60.07%)
     5.314848974          1,451,346      LLC-load-misses           (80.02%)
     5.414979300          7,328,789      LLC-loads                 (60.06%)
     5.414979300          2,074,531      LLC-load-misses           (80.02%)
     5.515140975          5,679,711      LLC-loads                 (60.06%)
     5.515140975          1,431,489      LLC-load-misses           (80.02%)
     5.615382012          4,326,613      LLC-loads                 (60.06%)
     5.615382012          1,059,057      LLC-load-misses           (80.02%)
     5.715707287          3,183,595      LLC-loads                 (60.05%)
     5.715707287            846,786      LLC-load-misses           (80.02%)
     5.816030357          3,374,563      LLC-loads                 (60.05%)
     5.816030357            891,475      LLC-load-misses           (80.02%)
     5.916159909          3,035,354      LLC-loads                 (60.04%)
     5.916159909            924,398      LLC-load-misses           (80.02%)
     6.016485293          2,351,825      LLC-loads                 (60.04%)
     6.016485293            497,755      LLC-load-misses           (80.02%)
     6.116821316          2,155,097      LLC-loads                 (60.04%)
     6.116821316            476,493      LLC-load-misses           (80.02%)
     6.217121382          2,311,514      LLC-loads                 (60.04%)
     6.217121382            435,298      LLC-load-misses           (80.03%)
     6.317353997          2,406,522      LLC-loads                 (60.03%)
     6.317353997            514,792      LLC-load-misses           (80.03%)
     6.417552753          2,289,249      LLC-loads                 (60.03%)
     6.417552753            473,338      LLC-load-misses           (80.03%)
     6.517774342          2,174,179      LLC-loads                 (60.03%)
     6.517774342            550,342      LLC-load-misses           (80.03%)
     6.617908550          2,344,213      LLC-loads                 (60.03%)
     6.617908550            522,553      LLC-load-misses           (80.03%)
     6.718059382          5,357,566      LLC-loads                 (60.02%)
     6.718059382          1,422,922      LLC-load-misses           (80.03%)
     6.818194831          6,870,151      LLC-loads                 (60.02%)
     6.818194831          1,904,768      LLC-load-misses           (80.03%)
     6.918309829          5,564,815      LLC-loads                 (60.02%)
     6.918309829          1,477,348      LLC-load-misses           (80.02%)
     7.018459401          5,761,686      LLC-loads                 (60.02%)
     7.018459401          1,662,210      LLC-load-misses           (80.02%)
     7.118606309          5,306,053      LLC-loads                 (60.02%)
     7.118606309          1,504,979      LLC-load-misses           (80.02%)
     7.218722407          7,302,391      LLC-loads                 (60.02%)
     7.218722407          1,817,645      LLC-load-misses           (80.02%)
     7.318841455          2,727,833      LLC-loads                 (60.01%)
     7.318841455            863,298      LLC-load-misses           (80.02%)
     7.418984508          2,930,510      LLC-loads                 (60.01%)
     7.418984508            853,727      LLC-load-misses           (80.01%)
     7.519114353          2,773,032      LLC-loads                 (60.01%)
     7.519114353            861,132      LLC-load-misses           (80.01%)
     7.619221496          2,467,372      LLC-loads                 (60.01%)
     7.619221496            662,679      LLC-load-misses           (80.01%)
     7.719359485          2,374,928      LLC-loads                 (60.01%)
     7.719359485            612,152      LLC-load-misses           (80.01%)
     7.819468154          4,253,896      LLC-loads                 (60.01%)
     7.819468154          1,084,334      LLC-load-misses           (80.01%)
     7.919597283          6,162,674      LLC-loads                 (60.01%)
     7.919597283          1,817,290      LLC-load-misses           (80.01%)
     8.019707256          5,513,146      LLC-loads                 (60.01%)
     8.019707256          1,304,211      LLC-load-misses           (80.01%)
     8.119818881          5,674,658      LLC-loads                 (60.01%)
     8.119818881          1,707,206      LLC-load-misses           (80.00%)
     8.219926295          3,819,012      LLC-loads                 (60.01%)
     8.219926295            819,796      LLC-load-misses           (80.00%)
     8.320063901          4,069,101      LLC-loads                 (60.01%)
     8.320063901          1,014,913      LLC-load-misses           (80.00%)
     8.420201344          2,904,066      LLC-loads                 (60.00%)
     8.420201344            820,164      LLC-load-misses           (80.00%)
     8.520336261          2,846,500      LLC-loads                 (60.00%)
     8.520336261            900,805      LLC-load-misses           (80.00%)
     8.620463393          5,670,953      LLC-loads                 (60.00%)
     8.620463393          1,403,276      LLC-load-misses           (80.00%)
     8.720585452          7,443,189      LLC-loads                 (60.00%)
     8.720585452          2,023,154      LLC-load-misses           (80.00%)
     8.820712053          5,312,738      LLC-loads                 (60.00%)
     8.820712053          1,339,035      LLC-load-misses           (80.00%)
     8.920834804          6,809,449      LLC-loads                 (60.00%)
     8.920834804          1,917,598      LLC-load-misses           (80.00%)
     9.020969290          4,955,371      LLC-loads                 (60.00%)
     9.020969290          1,402,031      LLC-load-misses           (79.99%)
     9.121101805          5,544,944      LLC-loads                 (60.00%)
     9.121101805          1,384,692      LLC-load-misses           (79.99%)
     9.221220651          3,111,825      LLC-loads                 (60.00%)
     9.221220651            858,167      LLC-load-misses           (79.99%)
     9.321338709          2,904,642      LLC-loads                 (60.00%)
     9.321338709            877,211      LLC-load-misses           (79.99%)
     9.421490767          4,521,948      LLC-loads                 (60.00%)
     9.421490767          1,183,295      LLC-load-misses           (79.99%)
     9.521619344          5,521,452      LLC-loads                 (59.99%)
     9.521619344          1,381,895      LLC-load-misses           (79.99%)
     9.621778325          5,243,243      LLC-loads                 (59.99%)
     9.621778325          1,544,548      LLC-load-misses           (79.99%)
     9.721932934          4,945,614      LLC-loads                 (59.99%)
     9.721932934          1,360,434      LLC-load-misses           (79.99%)
     9.822083016          7,148,956      LLC-loads                 (59.99%)
     9.822083016          1,993,704      LLC-load-misses           (79.99%)
     9.922289250          5,537,754      LLC-loads                 (59.99%)
     9.922289250          1,631,114      LLC-load-misses           (79.99%)
    10.000621531          4,536,354      LLC-loads                 (60.00%)
    10.000621531          1,099,427      LLC-load-misses           (80.00%)
