# started on Tue Nov  5 21:00:38 2019

#           time             counts unit events
     0.100812383                331      context-switches                                            
     0.201489700                219      context-switches                                            
     0.302097866                186      context-switches                                            
     0.402686701                232      context-switches                                            
     0.503198808                149      context-switches                                            
     0.603731365                179      context-switches                                            
     0.704338614                225      context-switches                                            
     0.805022856                404      context-switches                                            
     0.905536707                207      context-switches                                            
     1.006080469                228      context-switches                                            
     1.106699207                226      context-switches                                            
     1.207261276                281      context-switches                                            
     1.307780666                203      context-switches                                            
     1.408338253                280      context-switches                                            
     1.508943882                174      context-switches                                            
     1.609433743                240      context-switches                                            
     1.710041260                232      context-switches                                            
     1.810676518                381      context-switches                                            
     1.911295645                142      context-switches                                            
     2.011907014                220      context-switches                                            
     2.112528010                212      context-switches                                            
     2.212961277                261      context-switches                                            
     2.313508786                177      context-switches                                            
     2.414132106                197      context-switches                                            
     2.514712357                169      context-switches                                            
#           time             counts unit events
     2.615095671                308      context-switches                                            
     2.715536829                251      context-switches                                            
     2.815922035                396      context-switches                                            
     2.916432476                152      context-switches                                            
     3.016946303                175      context-switches                                            
     3.117502859                286      context-switches                                            
     3.217776152                410      context-switches                                            
     3.318231732                254      context-switches                                            
     3.418838000                226      context-switches                                            
     3.519392283                170      context-switches                                            
     3.619942892                218      context-switches                                            
     3.720405217                195      context-switches                                            
     3.820630191                404      context-switches                                            
     3.921256154                281      context-switches                                            
     4.021878523                175      context-switches                                            
     4.122434884                211      context-switches                                            
     4.223033635                148      context-switches                                            
     4.323580551                328      context-switches                                            
     4.424085926                244      context-switches                                            
     4.524514178                260      context-switches                                            
     4.625070155                236      context-switches                                            
     4.725642003                291      context-switches                                            
     4.826250229                346      context-switches                                            
     4.926669298                179      context-switches                                            
     5.027023663              4,909      context-switches                                            
#           time             counts unit events
     5.127316365             15,467      context-switches                                            
     5.227432085             38,584      context-switches                                            
     5.327682151             37,935      context-switches                                            
     5.427787812             38,009      context-switches                                            
     5.528117094             38,616      context-switches                                            
     5.628227886             35,132      context-switches                                            
     5.728468193             39,296      context-switches                                            
     5.828569470             35,447      context-switches                                            
     5.928750297             38,604      context-switches                                            
     6.028949731             36,456      context-switches                                            
     6.129125731             39,505      context-switches                                            
     6.229262255             36,786      context-switches                                            
     6.329420514             38,539      context-switches                                            
     6.429645277             36,157      context-switches                                            
     6.529760328             39,046      context-switches                                            
     6.629986041             35,151      context-switches                                            
     6.730101499             38,902      context-switches                                            
     6.830388499             36,678      context-switches                                            
     6.930502622             39,190      context-switches                                            
     7.030730655             35,833      context-switches                                            
     7.130996614             38,371      context-switches                                            
     7.231164521             36,605      context-switches                                            
     7.331403522             38,801      context-switches                                            
     7.431602475             36,432      context-switches                                            
     7.531897908             38,841      context-switches                                            
#           time             counts unit events
     7.632124151             36,593      context-switches                                            
     7.732239177             38,443      context-switches                                            
     7.832484915             36,789      context-switches                                            
     7.932702581             38,427      context-switches                                            
     8.032939240             35,878      context-switches                                            
     8.133127403             36,658      context-switches                                            
     8.233326119             36,513      context-switches                                            
     8.333567096             38,726      context-switches                                            
     8.433789989             36,669      context-switches                                            
     8.533982319             38,844      context-switches                                            
     8.634265163             36,239      context-switches                                            
     8.734380845             38,057      context-switches                                            
     8.834570209             36,902      context-switches                                            
     8.934779676             38,247      context-switches                                            
     9.034970752             35,183      context-switches                                            
     9.135209538             38,752      context-switches                                            
     9.235492578             36,128      context-switches                                            
     9.335798544             38,653      context-switches                                            
     9.436003207             37,106      context-switches                                            
     9.536226685             37,934      context-switches                                            
     9.636481073             36,298      context-switches                                            
     9.736597293             38,005      context-switches                                            
     9.836858343             37,098      context-switches                                            
     9.937091177             38,441      context-switches                                            
    10.000784230             23,432      context-switches                                            
