# started on Thu Nov  7 01:54:10 2019

#           time             counts unit events
     0.100173660             20,519      context-switches                                            
     0.200433337             38,066      context-switches                                            
     0.300576856             38,534      context-switches                                            
     0.400753653             36,744      context-switches                                            
     0.500860866             39,230      context-switches                                            
     0.601027399             36,498      context-switches                                            
     0.701136218             38,786      context-switches                                            
     0.801356882             36,620      context-switches                                            
     0.901464625             37,836      context-switches                                            
     1.001625017             36,683      context-switches                                            
     1.101889709             37,947      context-switches                                            
     1.202108691             36,540      context-switches                                            
     1.302369873             38,529      context-switches                                            
     1.402644185             36,753      context-switches                                            
     1.502893530             37,970      context-switches                                            
     1.603113943             37,255      context-switches                                            
     1.703384775             37,634      context-switches                                            
     1.803651339             37,431      context-switches                                            
     1.903898123             38,713      context-switches                                            
     2.004124551             36,131      context-switches                                            
     2.104421621             38,124      context-switches                                            
     2.204666928             36,359      context-switches                                            
     2.304777293             38,891      context-switches                                            
     2.404973329             37,046      context-switches                                            
     2.505165703             37,899      context-switches                                            
#           time             counts unit events
     2.605333049             37,693      context-switches                                            
     2.705449682             38,182      context-switches                                            
     2.805670590             37,202      context-switches                                            
     2.905803604             38,237      context-switches                                            
     3.006076558             36,736      context-switches                                            
     3.106233757             37,754      context-switches                                            
     3.206453371             37,579      context-switches                                            
     3.306585243             37,714      context-switches                                            
     3.406873094             38,072      context-switches                                            
     3.507007797             38,261      context-switches                                            
     3.607241199             37,621      context-switches                                            
     3.707348175             37,800      context-switches                                            
     3.807597276             37,882      context-switches                                            
     3.907784110             38,497      context-switches                                            
     4.008054056             37,940      context-switches                                            
     4.108262870             37,274      context-switches                                            
     4.208496726             38,390      context-switches                                            
     4.308601202             37,942      context-switches                                            
     4.408841961             37,862      context-switches                                            
     4.508945897             36,951      context-switches                                            
     4.609093660             38,226      context-switches                                            
     4.709200912             37,344      context-switches                                            
     4.809440813             38,892      context-switches                                            
     4.909543769             36,636      context-switches                                            
     5.009686323             38,612      context-switches                                            
#           time             counts unit events
     5.109895723             37,028      context-switches                                            
     5.210135417             38,429      context-switches                                            
     5.310296085             37,181      context-switches                                            
     5.410577647             38,209      context-switches                                            
     5.510689032             36,396      context-switches                                            
     5.610917241             39,262      context-switches                                            
     5.711133410             37,498      context-switches                                            
     5.811369977             39,049      context-switches                                            
     5.911544448             37,024      context-switches                                            
     6.011788239             37,949      context-switches                                            
     6.112059859             36,355      context-switches                                            
     6.212268778             38,977      context-switches                                            
     6.312479974             36,757      context-switches                                            
     6.412765885             39,693      context-switches                                            
     6.513013732             37,450      context-switches                                            
     6.613314269             38,826      context-switches                                            
     6.713454334             36,242      context-switches                                            
     6.813718611             39,968      context-switches                                            
     6.913931885             37,236      context-switches                                            
     7.014171101             39,698      context-switches                                            
     7.114280990             36,292      context-switches                                            
     7.214583594             39,156      context-switches                                            
     7.314797640             35,910      context-switches                                            
     7.415051737             39,126      context-switches                                            
     7.515315247             36,906      context-switches                                            
#           time             counts unit events
     7.615617328             38,262      context-switches                                            
     7.715867823             36,114      context-switches                                            
     7.816113523             38,992      context-switches                                            
     7.916388894             36,556      context-switches                                            
     8.016708324             38,653      context-switches                                            
     8.116922814             36,656      context-switches                                            
     8.217135018             38,731      context-switches                                            
     8.317341998             36,495      context-switches                                            
     8.417563764             38,216      context-switches                                            
     8.517770217             36,163      context-switches                                            
     8.617958622             37,485      context-switches                                            
     8.718207061             37,045      context-switches                                            
     8.818371219             38,215      context-switches                                            
     8.918587222             37,435      context-switches                                            
     9.018876610             38,587      context-switches                                            
     9.119036235             37,059      context-switches                                            
     9.219268279             38,075      context-switches                                            
     9.319546990             36,873      context-switches                                            
     9.419874697             38,346      context-switches                                            
     9.520122511             37,237      context-switches                                            
     9.620284425             38,183      context-switches                                            
     9.720449805             37,086      context-switches                                            
     9.820654325             38,105      context-switches                                            
     9.920819186             36,017      context-switches                                            
    10.000673851             30,533      context-switches                                            
