# started on Wed Nov  6 02:19:40 2019

#           time             counts unit events
     0.100741635                345      context-switches                                            
     0.201374134                188      context-switches                                            
     0.301861020                139      context-switches                                            
     0.402425627                208      context-switches                                            
     0.502996189                239      context-switches                                            
     0.603573428                278      context-switches                                            
     0.704158932                343      context-switches                                            
     0.804773740                198      context-switches                                            
     0.905335297                129      context-switches                                            
     1.005819274                325      context-switches                                            
     1.106157333                219      context-switches                                            
     1.206637641                222      context-switches                                            
     1.307094704                179      context-switches                                            
     1.407610914                840      context-switches                                            
     1.508162052                264      context-switches                                            
     1.608705816                237      context-switches                                            
     1.709244464                350      context-switches                                            
     1.809811692                176      context-switches                                            
     1.910395024                156      context-switches                                            
     2.010993825                227      context-switches                                            
     2.111632544                220      context-switches                                            
     2.212223886                190      context-switches                                            
     2.312781093                148      context-switches                                            
     2.413418616                257      context-switches                                            
     2.513912649                314      context-switches                                            
#           time             counts unit events
     2.614476109                379      context-switches                                            
     2.715074896                323      context-switches                                            
     2.815680174                177      context-switches                                            
     2.916251809                180      context-switches                                            
     3.016833795                219      context-switches                                            
     3.117447505                184      context-switches                                            
     3.218054548                192      context-switches                                            
     3.318599446                185      context-switches                                            
     3.419205250                219      context-switches                                            
     3.519875278                288      context-switches                                            
     3.620512363                203      context-switches                                            
     3.721126531                340      context-switches                                            
     3.821665261                208      context-switches                                            
     3.922290810                209      context-switches                                            
     4.022851325                217      context-switches                                            
     4.123459851                210      context-switches                                            
     4.224019377                185      context-switches                                            
     4.324567748                159      context-switches                                            
     4.425170617                200      context-switches                                            
     4.525778342                324      context-switches                                            
     4.626395214                253      context-switches                                            
     4.727007485                324      context-switches                                            
     4.827655903                153      context-switches                                            
     4.928248608                155      context-switches                                            
     5.028444260              7,015      context-switches                                            
#           time             counts unit events
     5.128660219             36,376      context-switches                                            
     5.228769970             37,284      context-switches                                            
     5.329024281             38,363      context-switches                                            
     5.429132197             38,157      context-switches                                            
     5.529402714             36,543      context-switches                                            
     5.629511999             36,213      context-switches                                            
     5.729751977             38,715      context-switches                                            
     5.829858576             37,192      context-switches                                            
     5.930102535             38,867      context-switches                                            
     6.030215023             37,315      context-switches                                            
     6.130481603             37,485      context-switches                                            
     6.230620468             36,910      context-switches                                            
     6.330879374             37,889      context-switches                                            
     6.431091488             36,752      context-switches                                            
     6.531259585             39,368      context-switches                                            
     6.631394197             36,195      context-switches                                            
     6.731625970             39,318      context-switches                                            
     6.831921482             36,653      context-switches                                            
     6.932111515             38,457      context-switches                                            
     7.032359350             36,426      context-switches                                            
     7.132591508             38,328      context-switches                                            
     7.232810905             36,325      context-switches                                            
     7.333019225             39,144      context-switches                                            
     7.433297819             37,172      context-switches                                            
     7.533542369             38,820      context-switches                                            
#           time             counts unit events
     7.633784349             36,508      context-switches                                            
     7.734038396             37,731      context-switches                                            
     7.834276255             37,361      context-switches                                            
     7.934489703             38,392      context-switches                                            
     8.034744646             38,053      context-switches                                            
     8.135019812             38,347      context-switches                                            
     8.235302382             37,100      context-switches                                            
     8.335424978             38,804      context-switches                                            
     8.435655830             36,320      context-switches                                            
     8.535820220             38,051      context-switches                                            
     8.636057761             36,751      context-switches                                            
     8.736343146             38,775      context-switches                                            
     8.836513643             37,445      context-switches                                            
     8.936688126             38,535      context-switches                                            
     9.036858194             37,224      context-switches                                            
     9.137156801             38,782      context-switches                                            
     9.237427598             37,446      context-switches                                            
     9.337696365             38,720      context-switches                                            
     9.437886171             36,093      context-switches                                            
     9.538194413             37,143      context-switches                                            
     9.638437325             35,617      context-switches                                            
     9.738668468             38,544      context-switches                                            
     9.838894968             37,039      context-switches                                            
     9.939061814             38,756      context-switches                                            
    10.000800642             22,883      context-switches                                            
