# started on Tue Nov  5 23:41:55 2019

#           time             counts unit events
     0.100734647                322      context-switches                                            
     0.201429131                226      context-switches                                            
     0.301987740                231      context-switches                                            
     0.402512739                396      context-switches                                            
     0.503149183                235      context-switches                                            
     0.603814464                232      context-switches                                            
     0.704497992                176      context-switches                                            
     0.804897699                234      context-switches                                            
     0.905307486                160      context-switches                                            
     1.005860038                268      context-switches                                            
     1.106382937                172      context-switches                                            
     1.206894547                233      context-switches                                            
     1.307256910                266      context-switches                                            
     1.407830555                211      context-switches                                            
     1.508499872                262      context-switches                                            
     1.609118816                162      context-switches                                            
     1.709561039                141      context-switches                                            
     1.810141934                220      context-switches                                            
     1.910769118                185      context-switches                                            
     2.011381646                280      context-switches                                            
     2.111979606                178      context-switches                                            
     2.212508788                203      context-switches                                            
     2.312875415                423      context-switches                                            
     2.413409020                154      context-switches                                            
     2.513692310                254      context-switches                                            
#           time             counts unit events
     2.614362421                299      context-switches                                            
     2.714994336                138      context-switches                                            
     2.815453787                203      context-switches                                            
     2.915953839                194      context-switches                                            
     3.016507735                299      context-switches                                            
     3.117144825                199      context-switches                                            
     3.217760370                282      context-switches                                            
     3.318362877                463      context-switches                                            
     3.418977702                159      context-switches                                            
     3.519626139              6,496      context-switches                                            
     3.620278810                224      context-switches                                            
     3.720946917                158      context-switches                                            
     3.821551705                196      context-switches                                            
     3.922104934                180      context-switches                                            
     4.022782884                272      context-switches                                            
     4.123408238                167      context-switches                                            
     4.224065986                192      context-switches                                            
     4.324367975                444      context-switches                                            
     4.424697442                150      context-switches                                            
     4.525227282                257      context-switches                                            
     4.625860225                284      context-switches                                            
     4.726325605                204      context-switches                                            
     4.826896346                205      context-switches                                            
     4.927470305                214      context-switches                                            
     5.027609411              1,531      context-switches                                            
#           time             counts unit events
     5.127722162              3,432      context-switches                                            
     5.228112847              1,913      context-switches                                            
     5.328401464              2,686      context-switches                                            
     5.428613450              5,788      context-switches                                            
     5.529052413              5,766      context-switches                                            
     5.629278477              3,363      context-switches                                            
     5.729687867              7,798      context-switches                                            
     5.829938681              1,450      context-switches                                            
     5.930128553              5,039      context-switches                                            
     6.030401978              5,122      context-switches                                            
     6.130668103              1,907      context-switches                                            
     6.230824972              7,541      context-switches                                            
     6.331235676              3,667      context-switches                                            
     6.431351592              3,572      context-switches                                            
     6.531731226              1,662      context-switches                                            
     6.631937944              6,751      context-switches                                            
     6.732094814              2,655      context-switches                                            
     6.832260585              6,381      context-switches                                            
     6.932674034              1,588      context-switches                                            
     7.032860950              5,095      context-switches                                            
     7.133128297              5,487      context-switches                                            
     7.233540268              3,950      context-switches                                            
     7.333699880              4,478      context-switches                                            
     7.434266793              5,581      context-switches                                            
     7.534497859              3,978      context-switches                                            
#           time             counts unit events
     7.634599658              4,870      context-switches                                            
     7.734993669              4,996      context-switches                                            
     7.835231562              2,727      context-switches                                            
     7.935391815              7,166      context-switches                                            
     8.035800107              2,493      context-switches                                            
     8.136081774              4,697      context-switches                                            
     8.236227766              5,167      context-switches                                            
     8.336570606              4,326      context-switches                                            
     8.436864466              4,755      context-switches                                            
     8.537346765              5,130      context-switches                                            
     8.637561447              2,632      context-switches                                            
     8.737841128              4,552      context-switches                                            
     8.838268039              6,738      context-switches                                            
     8.938525712              1,488      context-switches                                            
     9.038909350              4,966      context-switches                                            
     9.139236658              5,790      context-switches                                            
     9.239564685              3,755      context-switches                                            
     9.340086870              4,903      context-switches                                            
     9.440536658              4,963      context-switches                                            
     9.540712700              4,062      context-switches                                            
     9.640968183              3,619      context-switches                                            
     9.741526181              6,613      context-switches                                            
     9.841753938              1,637      context-switches                                            
     9.941993219              6,490      context-switches                                            
    10.000645673              3,177      context-switches                                            
