# started on Wed Nov  6 00:42:41 2019

#           time             counts unit events
     0.100791648                395      context-switches                                            
     0.201488821                201      context-switches                                            
     0.301994390                301      context-switches                                            
     0.402552126                211      context-switches                                            
     0.503142969                150      context-switches                                            
     0.603911240                339      context-switches                                            
     0.704507282                162      context-switches                                            
     0.805095618                280      context-switches                                            
     0.905653010                357      context-switches                                            
     1.006230061                194      context-switches                                            
     1.106826019                259      context-switches                                            
     1.207349263                183      context-switches                                            
     1.308000529                200      context-switches                                            
     1.408595332                193      context-switches                                            
     1.509187181                162      context-switches                                            
     1.609636976                378      context-switches                                            
     1.710244594                162      context-switches                                            
     1.810868764                366      context-switches                                            
     1.911280432                366      context-switches                                            
     2.011758252                174      context-switches                                            
     2.112344024                209      context-switches                                            
     2.212882070                184      context-switches                                            
     2.313354760                159      context-switches                                            
     2.413901026                183      context-switches                                            
     2.514407023                147      context-switches                                            
#           time             counts unit events
     2.614940837                312      context-switches                                            
     2.715528001                162      context-switches                                            
     2.816055476                234      context-switches                                            
     2.916642126                330      context-switches                                            
     3.017148498                238      context-switches                                            
     3.117699304                294      context-switches                                            
     3.218297563                244      context-switches                                            
     3.318900265                154      context-switches                                            
     3.419390787                204      context-switches                                            
     3.519907949                139      context-switches                                            
     3.620498760                286      context-switches                                            
     3.721015859                163      context-switches                                            
     3.821531873                272      context-switches                                            
     3.921987802                336      context-switches                                            
     4.022585761                156      context-switches                                            
     4.123044576                182      context-switches                                            
     4.223520636                199      context-switches                                            
     4.324119469                179      context-switches                                            
     4.424732872                200      context-switches                                            
     4.525383722                146      context-switches                                            
     4.625936448                301      context-switches                                            
     4.726550271                148      context-switches                                            
     4.827100353                241      context-switches                                            
     4.927679144                351      context-switches                                            
     5.028262793                182      context-switches                                            
#           time             counts unit events
     5.128751164              2,446      context-switches                                            
     5.229309798                177      context-switches                                            
     5.329466286              1,119      context-switches                                            
     5.429603918              4,585      context-switches                                            
     5.530131680              1,224      context-switches                                            
     5.630721999                242      context-switches                                            
     5.731149183              1,738      context-switches                                            
     5.831653549              3,395      context-switches                                            
     5.932217417                350      context-switches                                            
     6.032781995                972      context-switches                                            
     6.133015615              4,012      context-switches                                            
     6.233512669                318      context-switches                                            
     6.333759298                333      context-switches                                            
     6.433949003              2,232      context-switches                                            
     6.534408688              2,922      context-switches                                            
     6.634967044                276      context-switches                                            
     6.735218449              1,668      context-switches                                            
     6.835685841              3,645      context-switches                                            
     6.936213346                400      context-switches                                            
     7.036745396                995      context-switches                                            
     7.136914583              8,958      context-switches                                            
     7.237486759              1,738      context-switches                                            
     7.337976626                186      context-switches                                            
     7.438154659              2,722      context-switches                                            
     7.538719485              2,306      context-switches                                            
#           time             counts unit events
     7.639140691              1,654      context-switches                                            
     7.739385350              3,493      context-switches                                            
     7.839744002              3,277      context-switches                                            
     7.940334935              4,519      context-switches                                            
     8.040844952              1,030      context-switches                                            
     8.141381221              4,018      context-switches                                            
     8.242014422                197      context-switches                                            
     8.342489244                727      context-switches                                            
     8.442655902              1,797      context-switches                                            
     8.543094590              2,754      context-switches                                            
     8.643686386                165      context-switches                                            
     8.743829777              2,868      context-switches                                            
     8.844340573              2,104      context-switches                                            
     8.944886860                419      context-switches                                            
     9.045139585              1,603      context-switches                                            
     9.145765426              3,530      context-switches                                            
     9.246392336                225      context-switches                                            
     9.346967102                607      context-switches                                            
     9.447150301              2,196      context-switches                                            
     9.547686482              2,369      context-switches                                            
     9.648288550                175      context-switches                                            
     9.748548164              1,881      context-switches                                            
     9.849013256              3,572      context-switches                                            
     9.949541132                397      context-switches                                            
    10.000976454                343      context-switches                                            
