# started on Mon Nov 11 22:44:43 2019

#           time             counts unit events
     0.100168817             32,955      context-switches                                            
     0.200331685             49,190      context-switches                                            
     0.300489615             44,011      context-switches                                            
     0.400616834             45,961      context-switches                                            
     0.500744763             45,948      context-switches                                            
     0.600907121             42,668      context-switches                                            
     0.701060220             42,771      context-switches                                            
     0.801222609             41,755      context-switches                                            
     0.901367527             38,860      context-switches                                            
     1.001518977             32,126      context-switches                                            
     1.101646506             32,637      context-switches                                            
     1.201797825             32,081      context-switches                                            
     1.301944155             39,626      context-switches                                            
     1.402092905             45,317      context-switches                                            
     1.502224745             46,230      context-switches                                            
     1.602348876             43,122      context-switches                                            
     1.702490196             46,518      context-switches                                            
     1.802632036             45,438      context-switches                                            
     1.902771486             43,991      context-switches                                            
     2.002917507             45,408      context-switches                                            
     2.103062857             40,528      context-switches                                            
     2.203188447             42,430      context-switches                                            
     2.303318049             45,892      context-switches                                            
     2.403446110             48,063      context-switches                                            
     2.503588422             41,703      context-switches                                            
#           time             counts unit events
     2.603729353             34,860      context-switches                                            
     2.703874295             38,656      context-switches                                            
     2.804016376             41,824      context-switches                                            
     2.904148548             44,441      context-switches                                            
     3.004284509             45,748      context-switches                                            
     3.104455250             48,699      context-switches                                            
     3.204596762             42,419      context-switches                                            
     3.304733355             38,829      context-switches                                            
     3.404867878             33,876      context-switches                                            
     3.504999601             41,387      context-switches                                            
     3.605148033             42,331      context-switches                                            
     3.705291136             46,463      context-switches                                            
     3.805419299             43,814      context-switches                                            
     3.905570222             42,289      context-switches                                            
     4.005726114             43,968      context-switches                                            
     4.105858167             41,304      context-switches                                            
     4.206001590             46,383      context-switches                                            
     4.306138454             43,779      context-switches                                            
     4.406281808             50,908      context-switches                                            
     4.506409042             54,077      context-switches                                            
     4.606539586             50,883      context-switches                                            
     4.706678480             53,755      context-switches                                            
     4.806815234             46,854      context-switches                                            
     4.906941949             44,735      context-switches                                            
     5.007068943             51,334      context-switches                                            
#           time             counts unit events
     5.107199687             47,751      context-switches                                            
     5.207333581             48,106      context-switches                                            
     5.307465046             42,390      context-switches                                            
     5.407584872             48,941      context-switches                                            
     5.507701127             46,924      context-switches                                            
     5.607831343             47,094      context-switches                                            
     5.707967948             45,930      context-switches                                            
     5.808095533             46,128      context-switches                                            
     5.908222229             50,740      context-switches                                            
     6.008354314             45,961      context-switches                                            
     6.108490090             44,345      context-switches                                            
     6.208626825             46,802      context-switches                                            
     6.308771542             50,729      context-switches                                            
     6.408907498             45,717      context-switches                                            
     6.509065325             44,885      context-switches                                            
     6.609199661             45,313      context-switches                                            
     6.709326578             43,767      context-switches                                            
     6.809458715             42,776      context-switches                                            
     6.909601651             43,719      context-switches                                            
     7.009761647             47,040      context-switches                                            
     7.109897974             43,488      context-switches                                            
     7.210052530             45,103      context-switches                                            
     7.310200998             44,710      context-switches                                            
     7.410346596             36,137      context-switches                                            
     7.510483664             45,198      context-switches                                            
#           time             counts unit events
     7.610641721             47,353      context-switches                                            
     7.710781009             46,289      context-switches                                            
     7.810924047             47,639      context-switches                                            
     7.911055244             49,025      context-switches                                            
     8.011199422             38,438      context-switches                                            
     8.111354250             44,506      context-switches                                            
     8.211497537             41,376      context-switches                                            
     8.311638646             34,045      context-switches                                            
     8.411773126             33,957      context-switches                                            
     8.511904725             38,706      context-switches                                            
     8.612051353             44,115      context-switches                                            
     8.712194483             44,827      context-switches                                            
     8.812326752             46,343      context-switches                                            
     8.912499911             50,152      context-switches                                            
     9.012627520             45,239      context-switches                                            
     9.112757769             43,782      context-switches                                            
     9.212886318             44,273      context-switches                                            
     9.313016488             45,275      context-switches                                            
     9.413152369             41,909      context-switches                                            
     9.513309189             37,590      context-switches                                            
     9.613456729             42,414      context-switches                                            
     9.713616509             36,393      context-switches                                            
     9.813763039             28,878      context-switches                                            
     9.913908419             33,141      context-switches                                            
    10.000601895             33,624      context-switches                                            
