# started on Tue Nov  5 22:58:30 2019

#           time             counts unit events
     0.100831796                427      context-switches                                            
     0.201563536                145      context-switches                                            
     0.302167255                163      context-switches                                            
     0.402766882                206      context-switches                                            
     0.503373186                169      context-switches                                            
     0.603925687                252      context-switches                                            
     0.704472352                197      context-switches                                            
     0.805053076                183      context-switches                                            
     0.905631228                267      context-switches                                            
     1.006167518                418      context-switches                                            
     1.106788877                254      context-switches                                            
     1.207326077                164      context-switches                                            
     1.307920167                184      context-switches                                            
     1.408557870                233      context-switches                                            
     1.509109689                172      context-switches                                            
     1.609635525                185      context-switches                                            
     1.710207997                173      context-switches                                            
     1.810798998                166      context-switches                                            
     1.911276529                267      context-switches                                            
     2.011758991                478      context-switches                                            
     2.112370748                259      context-switches                                            
     2.212965676                154      context-switches                                            
     2.313621645                196      context-switches                                            
     2.414225237                194      context-switches                                            
     2.514754967                241      context-switches                                            
#           time             counts unit events
     2.615357512                176      context-switches                                            
     2.715964445                245      context-switches                                            
     2.816570582                191      context-switches                                            
     2.917226941                394      context-switches                                            
     3.017826903                400      context-switches                                            
     3.118447767                228      context-switches                                            
     3.219001159                170      context-switches                                            
     3.319457431                180      context-switches                                            
     3.419927086                213      context-switches                                            
     3.520457916                180      context-switches                                            
     3.620998920                189      context-switches                                            
     3.721633509                189      context-switches                                            
     3.822288719                140      context-switches                                            
     3.922920098                252      context-switches                                            
     4.023545467                338      context-switches                                            
     4.124156557                277      context-switches                                            
     4.224664179                267      context-switches                                            
     4.325247732                194      context-switches                                            
     4.425792195                206      context-switches                                            
     4.526356452                193      context-switches                                            
     4.626954854                178      context-switches                                            
     4.727524924                216      context-switches                                            
     4.827972139                193      context-switches                                            
     4.928399463                246      context-switches                                            
     5.028662109             23,120      context-switches                                            
#           time             counts unit events
     5.128773301             36,381      context-switches                                            
     5.228882556             38,806      context-switches                                            
     5.329019182             35,680      context-switches                                            
     5.429158309             38,623      context-switches                                            
     5.529333654             36,466      context-switches                                            
     5.629498395             36,429      context-switches                                            
     5.729714055             37,816      context-switches                                            
     5.829878405             36,497      context-switches                                            
     5.930115077             36,198      context-switches                                            
     6.030226644             36,488      context-switches                                            
     6.130480726             37,819      context-switches                                            
     6.230617236             35,200      context-switches                                            
     6.330895384             37,519      context-switches                                            
     6.431006458             37,145      context-switches                                            
     6.531286002             34,555      context-switches                                            
     6.631448521             35,273      context-switches                                            
     6.731695000             36,804      context-switches                                            
     6.831869376             37,119      context-switches                                            
     6.932102545             36,928      context-switches                                            
     7.032209776             37,162      context-switches                                            
     7.132523077             37,265      context-switches                                            
     7.232669280             36,427      context-switches                                            
     7.332789853             38,581      context-switches                                            
     7.432933513             34,767      context-switches                                            
     7.533154134             38,477      context-switches                                            
#           time             counts unit events
     7.633317634             35,338      context-switches                                            
     7.733586717             38,630      context-switches                                            
     7.833809498             35,700      context-switches                                            
     7.933981433             38,102      context-switches                                            
     8.034096906             36,238      context-switches                                            
     8.134311764             37,714      context-switches                                            
     8.234442103             36,772      context-switches                                            
     8.334681608             37,911      context-switches                                            
     8.434932064             36,813      context-switches                                            
     8.535154865             36,801      context-switches                                            
     8.635403503             36,776      context-switches                                            
     8.735518018             36,869      context-switches                                            
     8.835719438             36,433      context-switches                                            
     8.935925800             37,499      context-switches                                            
     9.036078945             36,686      context-switches                                            
     9.136272071             38,557      context-switches                                            
     9.236380163             35,911      context-switches                                            
     9.336687470             38,503      context-switches                                            
     9.436985826             34,381      context-switches                                            
     9.537113335             37,937      context-switches                                            
     9.637223175             36,092      context-switches                                            
     9.737516002             37,281      context-switches                                            
     9.837772818             35,237      context-switches                                            
     9.937990922             38,044      context-switches                                            
    10.000788631             22,756      context-switches                                            
