     0.100376973          4,701,105      LLC-loads                 (59.85%)
     0.100376973          1,079,887      LLC-load-misses           (59.69%)
     0.200552602          1,756,418      LLC-loads                 (59.88%)
     0.200552602            562,989      LLC-load-misses           (59.78%)
     0.300637295          2,033,943      LLC-loads                 (59.93%)
     0.300637295            706,829      LLC-load-misses           (59.86%)
     0.400758762          4,076,395      LLC-loads                 (59.92%)
     0.400758762          1,380,503      LLC-load-misses           (59.87%)
     0.500879086          6,703,514      LLC-loads                 (59.93%)
     0.500879086          1,680,828      LLC-load-misses           (59.89%)
     0.600993153          2,665,448      LLC-loads                 (59.93%)
     0.600993153            860,335      LLC-load-misses           (59.90%)
     0.701133569          2,995,136      LLC-loads                 (59.93%)
     0.701133569          1,018,053      LLC-load-misses           (59.90%)
     0.801256157          4,596,811      LLC-loads                 (59.93%)
     0.801256157          1,410,835      LLC-load-misses           (59.90%)
     0.901410542          5,351,874      LLC-loads                 (59.93%)
     0.901410542          1,044,067      LLC-load-misses           (59.90%)
     1.001544837          1,772,783      LLC-loads                 (59.93%)
     1.001544837            467,691      LLC-load-misses           (59.90%)
     1.101837874          6,320,609      LLC-loads                 (59.94%)
     1.101837874          1,211,062      LLC-load-misses           (59.89%)
     1.202057087          4,956,453      LLC-loads                 (59.95%)
     1.202057087          1,239,915      LLC-load-misses           (59.89%)
     1.302184805          5,511,625      LLC-loads                 (59.96%)
     1.302184805          1,321,427      LLC-load-misses           (59.90%)
     1.402469604          2,739,785      LLC-loads                 (59.98%)
     1.402469604            765,008      LLC-load-misses           (59.88%)
     1.502753853          2,263,980      LLC-loads                 (59.98%)
     1.502753853            604,095      LLC-load-misses           (59.88%)
     1.602920981          2,143,732      LLC-loads                 (59.99%)
     1.602920981            612,549      LLC-load-misses           (59.88%)
     1.703230905          1,879,534      LLC-loads                 (59.99%)
     1.703230905            737,844      LLC-load-misses           (59.88%)
     1.803608462          2,435,086      LLC-loads                 (60.00%)
     1.803608462            425,487      LLC-load-misses           (59.88%)
     1.903956096          2,029,615      LLC-loads                 (60.01%)
     1.903956096            434,954      LLC-load-misses           (59.87%)
     2.004042456          1,335,433      LLC-loads                 (60.02%)
     2.004042456            130,449      LLC-load-misses           (59.87%)
     2.104302748          4,630,888      LLC-loads                 (60.02%)
     2.104302748          1,200,529      LLC-load-misses           (59.87%)
     2.204619400          6,095,960      LLC-loads                 (60.03%)
     2.204619400          1,472,541      LLC-load-misses           (59.87%)
     2.304834980          1,954,236      LLC-loads                 (60.03%)
     2.304834980            700,363      LLC-load-misses           (59.87%)
     2.405039144          4,650,639      LLC-loads                 (60.03%)
     2.405039144          1,144,085      LLC-load-misses           (59.87%)
     2.505198818          5,745,834      LLC-loads                 (60.04%)
     2.505198818          1,545,397      LLC-load-misses           (59.87%)
     2.605361576          4,691,927      LLC-loads                 (60.04%)
     2.605361576          1,258,810      LLC-load-misses           (59.88%)
     2.705494446          5,672,305      LLC-loads                 (60.04%)
     2.705494446          1,305,013      LLC-load-misses           (59.88%)
     2.806059316          3,430,113      LLC-loads                 (60.04%)
     2.806059316          1,047,831      LLC-load-misses           (59.88%)
     2.906625871          4,680,151      LLC-loads                 (60.05%)
     2.906625871          1,109,942      LLC-load-misses           (59.90%)
     3.007005559          5,311,498      LLC-loads                 (60.05%)
     3.007005559          1,447,016      LLC-load-misses           (59.91%)
     3.107184860          4,524,399      LLC-loads                 (60.06%)
     3.107184860          1,150,559      LLC-load-misses           (59.91%)
     3.207721264          5,894,114      LLC-loads                 (60.06%)
     3.207721264          1,820,063      LLC-load-misses           (59.92%)
     3.308110398          3,907,384      LLC-loads                 (60.06%)
     3.308110398            977,554      LLC-load-misses           (59.93%)
     3.408534210          4,034,248      LLC-loads                 (60.06%)
     3.408534210          1,135,383      LLC-load-misses           (59.93%)
     3.508918185          5,968,183      LLC-loads                 (60.07%)
     3.508918185          1,897,031      LLC-load-misses           (59.94%)
     3.609155699          2,709,904      LLC-loads                 (60.07%)
     3.609155699            712,150      LLC-load-misses           (59.95%)
     3.709341205          4,017,498      LLC-loads                 (60.07%)
     3.709341205          1,039,343      LLC-load-misses           (59.95%)
     3.809548828          4,946,465      LLC-loads                 (60.07%)
     3.809548828          1,348,649      LLC-load-misses           (59.95%)
     3.909923541          4,477,126      LLC-loads                 (60.07%)
     3.909923541            998,008      LLC-load-misses           (59.96%)
     4.010067381          4,744,385      LLC-loads                 (60.07%)
     4.010067381          1,121,172      LLC-load-misses           (59.96%)
     4.110314632          5,519,801      LLC-loads                 (60.07%)
     4.110314632          1,642,556      LLC-load-misses           (59.96%)
     4.210896656          3,951,604      LLC-loads                 (60.07%)
     4.210896656            980,456      LLC-load-misses           (59.97%)
     4.311038786          5,086,773      LLC-loads                 (60.07%)
     4.311038786          1,170,803      LLC-load-misses           (59.97%)
     4.411551690          5,229,641      LLC-loads                 (60.07%)
     4.411551690          1,621,135      LLC-load-misses           (59.98%)
     4.512108569          4,755,550      LLC-loads                 (60.08%)
     4.512108569          1,471,853      LLC-load-misses           (59.98%)
     4.612258256          6,053,347      LLC-loads                 (60.08%)
     4.612258256          1,423,748      LLC-load-misses           (59.98%)
     4.712648819          2,544,515      LLC-loads                 (60.08%)
     4.712648819            665,627      LLC-load-misses           (59.99%)
     4.813091856          4,370,217      LLC-loads                 (60.08%)
     4.813091856          1,354,501      LLC-load-misses           (59.99%)
     4.913264227          7,043,493      LLC-loads                 (60.08%)
     4.913264227          1,796,680      LLC-load-misses           (59.99%)
     5.013790738          2,947,787      LLC-loads                 (60.08%)
     5.013790738          1,000,723      LLC-load-misses           (60.00%)
     5.114019994          4,127,437      LLC-loads                 (60.08%)
     5.114019994          1,186,532      LLC-load-misses           (60.00%)
     5.214153856          5,611,215      LLC-loads                 (60.08%)
     5.214153856          1,421,970      LLC-load-misses           (60.00%)
     5.314284416          7,791,448      LLC-loads                 (60.07%)
     5.314284416          2,364,335      LLC-load-misses           (60.00%)
     5.414442438          5,913,993      LLC-loads                 (60.07%)
     5.414442438          1,757,211      LLC-load-misses           (60.00%)
     5.514972781          4,238,397      LLC-loads                 (60.07%)
     5.514972781          1,010,885      LLC-load-misses           (60.01%)
     5.615199019          1,925,148      LLC-loads                 (60.06%)
     5.615199019            560,915      LLC-load-misses           (60.01%)
     5.715511157          1,783,054      LLC-loads                 (60.06%)
     5.715511157            485,385      LLC-load-misses           (60.01%)
     5.816002040          2,363,929      LLC-loads                 (60.05%)
     5.816002040            686,535      LLC-load-misses           (60.01%)
     5.916330147          3,422,734      LLC-loads                 (60.05%)
     5.916330147            831,064      LLC-load-misses           (60.02%)
     6.016460028          5,499,983      LLC-loads                 (60.05%)
     6.016460028          1,502,853      LLC-load-misses           (60.02%)
     6.116990967          4,065,756      LLC-loads                 (60.04%)
     6.116990967          1,249,146      LLC-load-misses           (60.02%)
     6.217312875          2,274,453      LLC-loads                 (60.04%)
     6.217312875            542,572      LLC-load-misses           (60.02%)
     6.317583636          2,006,785      LLC-loads                 (60.03%)
     6.317583636            708,785      LLC-load-misses           (60.03%)
     6.417694096          2,500,181      LLC-loads                 (60.03%)
     6.417694096            795,085      LLC-load-misses           (60.02%)
     6.517808884          2,048,609      LLC-loads                 (60.03%)
     6.517808884            567,524      LLC-load-misses           (60.02%)
     6.617950737          1,858,995      LLC-loads                 (60.03%)
     6.617950737            376,733      LLC-load-misses           (60.02%)
     6.718065631          1,307,842      LLC-loads                 (60.03%)
     6.718065631            216,298      LLC-load-misses           (60.02%)
     6.818291770          1,532,775      LLC-loads                 (60.03%)
     6.818291770            266,444      LLC-load-misses           (60.02%)
     6.918456818          3,306,496      LLC-loads                 (60.02%)
     6.918456818            822,862      LLC-load-misses           (60.01%)
     7.018573144          4,379,277      LLC-loads                 (60.02%)
     7.018573144          1,201,665      LLC-load-misses           (60.01%)
     7.118729367          5,944,382      LLC-loads                 (60.02%)
     7.118729367          1,452,967      LLC-load-misses           (60.01%)
     7.218934147          2,558,927      LLC-loads                 (60.02%)
     7.218934147            863,631      LLC-load-misses           (60.01%)
     7.319126543          1,156,482      LLC-loads                 (60.02%)
     7.319126543            382,775      LLC-load-misses           (60.01%)
     7.419284561          2,770,996      LLC-loads                 (60.01%)
     7.419284561            915,208      LLC-load-misses           (60.01%)
     7.519389125          2,181,870      LLC-loads                 (60.01%)
     7.519389125            588,680      LLC-load-misses           (60.00%)
     7.619522964          2,846,412      LLC-loads                 (60.01%)
     7.619522964            329,422      LLC-load-misses           (60.00%)
     7.719643611          1,026,500      LLC-loads                 (60.01%)
     7.719643611            131,946      LLC-load-misses           (60.00%)
     7.819898503          2,000,242      LLC-loads                 (60.01%)
     7.819898503            395,431      LLC-load-misses           (60.00%)
     7.920071163          3,409,723      LLC-loads                 (60.01%)
     7.920071163            836,907      LLC-load-misses           (60.00%)
     8.020185664          4,950,957      LLC-loads                 (60.01%)
     8.020185664          1,281,691      LLC-load-misses           (60.00%)
     8.120295492          5,432,483      LLC-loads                 (60.00%)
     8.120295492          1,605,757      LLC-load-misses           (60.00%)
     8.220432077          2,020,808      LLC-loads                 (60.00%)
     8.220432077            723,951      LLC-load-misses           (60.00%)
     8.320543121          1,973,326      LLC-loads                 (60.00%)
     8.320543121            506,278      LLC-load-misses           (60.00%)
     8.420683702          2,014,832      LLC-loads                 (60.00%)
     8.420683702            662,976      LLC-load-misses           (60.00%)
     8.520823071          2,947,406      LLC-loads                 (60.00%)
     8.520823071            794,791      LLC-load-misses           (60.00%)
     8.620965933          4,697,542      LLC-loads                 (60.00%)
     8.620965933          1,075,251      LLC-load-misses           (59.99%)
     8.721072982          5,856,335      LLC-loads                 (60.00%)
     8.721072982          1,423,426      LLC-load-misses           (60.00%)
     8.821306876          2,134,906      LLC-loads                 (60.00%)
     8.821306876            551,146      LLC-load-misses           (59.99%)
     8.921509115          2,897,838      LLC-loads                 (60.00%)
     8.921509115            675,954      LLC-load-misses           (59.99%)
     9.021646822          2,826,422      LLC-loads                 (60.00%)
     9.021646822            903,819      LLC-load-misses           (59.99%)
     9.121889906          4,188,270      LLC-loads                 (60.00%)
     9.121889906          1,238,855      LLC-load-misses           (59.99%)
     9.222051646          5,849,491      LLC-loads                 (60.00%)
     9.222051646          1,592,524      LLC-load-misses           (59.99%)
     9.322415870          2,654,443      LLC-loads                 (60.00%)
     9.322415870            642,414      LLC-load-misses           (59.99%)
     9.422640646          2,389,444      LLC-loads                 (60.00%)
     9.422640646            707,348      LLC-load-misses           (59.99%)
     9.522922403          4,779,018      LLC-loads                 (60.01%)
     9.522922403          1,254,252      LLC-load-misses           (59.99%)
     9.623184614          6,332,690      LLC-loads                 (60.01%)
     9.623184614          1,713,530      LLC-load-misses           (59.98%)
     9.723305280          1,481,728      LLC-loads                 (60.01%)
     9.723305280            448,236      LLC-load-misses           (59.98%)
     9.823429970          3,040,079      LLC-loads                 (60.01%)
     9.823429970            884,024      LLC-load-misses           (59.98%)
     9.923584995          6,947,112      LLC-loads                 (60.01%)
     9.923584995          2,049,878      LLC-load-misses           (59.98%)
    10.000687014          4,800,105      LLC-loads                 (60.01%)
    10.000687014          1,136,451      LLC-load-misses           (60.00%)
