# started on Tue Nov  5 20:59:38 2019

#           time             counts unit events
     0.100813371                390      context-switches                                            
     0.201453843                571      context-switches                                            
     0.301963314              6,901      context-switches                                            
     0.402483733                145      context-switches                                            
     0.503104742                291      context-switches                                            
     0.603677308                145      context-switches                                            
     0.704185380                184      context-switches                                            
     0.804696266                166      context-switches                                            
     0.905206209                180      context-switches                                            
     1.005719686                258      context-switches                                            
     1.106256604                176      context-switches                                            
     1.206832093                207      context-switches                                            
     1.307495056                375      context-switches                                            
     1.407927320                197      context-switches                                            
     1.508392860                407      context-switches                                            
     1.608968155                186      context-switches                                            
     1.709562351                200      context-switches                                            
     1.810137938                217      context-switches                                            
     1.910576925                268      context-switches                                            
     2.011228263                247      context-switches                                            
     2.111718713                227      context-switches                                            
     2.212190393                183      context-switches                                            
     2.312733850                362      context-switches                                            
     2.413304589                168      context-switches                                            
     2.513868706                338      context-switches                                            
#           time             counts unit events
     2.614319142              1,076      context-switches                                            
     2.714877019                212      context-switches                                            
     2.815534885                174      context-switches                                            
     2.916142609                151      context-switches                                            
     3.016521303                216      context-switches                                            
     3.117016892                174      context-switches                                            
     3.217665868                230      context-switches                                            
     3.318318724                404      context-switches                                            
     3.418958106                128      context-switches                                            
     3.519403296                266      context-switches                                            
     3.619971119                225      context-switches                                            
     3.720577702                190      context-switches                                            
     3.821242806                198      context-switches                                            
     3.921826249                216      context-switches                                            
     4.022442912                200      context-switches                                            
     4.122977883                226      context-switches                                            
     4.223361385                196      context-switches                                            
     4.324026553                303      context-switches                                            
     4.424586316                148      context-switches                                            
     4.525197530                218      context-switches                                            
     4.625796097                233      context-switches                                            
     4.726298957                199      context-switches                                            
     4.826849365                219      context-switches                                            
     4.927392487                213      context-switches                                            
     5.027710367              1,822      context-switches                                            
#           time             counts unit events
     5.127913323              5,055      context-switches                                            
     5.228081765             11,076      context-switches                                            
     5.328277486             29,090      context-switches                                            
     5.428481900             23,534      context-switches                                            
     5.528975408             18,256      context-switches                                            
     5.629483882              3,958      context-switches                                            
     5.730035871              7,885      context-switches                                            
     5.830500111              2,278      context-switches                                            
     5.930881575              4,405      context-switches                                            
     6.031329126              1,143      context-switches                                            
     6.131745523              3,716      context-switches                                            
     6.232260985              1,716      context-switches                                            
     6.332923373              2,430      context-switches                                            
     6.433287770              1,778      context-switches                                            
     6.533695136              1,642      context-switches                                            
     6.634121176              1,533      context-switches                                            
     6.734723195              1,714      context-switches                                            
     6.835394615              1,821      context-switches                                            
     6.935713681              1,878      context-switches                                            
     7.036070265              1,660      context-switches                                            
     7.136505093              1,434      context-switches                                            
     7.236782526              2,015      context-switches                                            
     7.337422207              1,788      context-switches                                            
     7.437900086              1,754      context-switches                                            
     7.538225989              1,683      context-switches                                            
#           time             counts unit events
     7.638692169              1,441      context-switches                                            
     7.739271256              1,640      context-switches                                            
     7.839918947              1,768      context-switches                                            
     7.940497787              1,838      context-switches                                            
     8.040947891              1,761      context-switches                                            
     8.141391684              1,479      context-switches                                            
     8.242081055              1,771      context-switches                                            
     8.342637361              1,683      context-switches                                            
     8.443274907              1,902      context-switches                                            
     8.543688932              1,813      context-switches                                            
     8.644107051              1,356      context-switches                                            
     8.744766536              1,649      context-switches                                            
     8.845404864              1,803      context-switches                                            
     8.945939442              1,783      context-switches                                            
     9.046337844              1,809      context-switches                                            
     9.146794177              1,367      context-switches                                            
     9.247386389              1,724      context-switches                                            
     9.347848557              1,687      context-switches                                            
     9.448364350              1,868      context-switches                                            
     9.548843745              1,808      context-switches                                            
     9.649187601              1,239      context-switches                                            
     9.749587564              1,742      context-switches                                            
     9.850057107              1,811      context-switches                                            
     9.950630616              2,021      context-switches                                            
    10.000812079                826      context-switches                                            
