# started on Tue Nov 12 11:07:18 2019

#           time             counts unit events
     0.100534454              7,316      context-switches                                            
     0.200852194              6,411      context-switches                                            
     0.300955681              7,296      context-switches                                            
     0.401246090              7,838      context-switches                                            
     0.501590575              7,278      context-switches                                            
     0.601742716              5,888      context-switches                                            
     0.702249743              6,730      context-switches                                            
     0.802509713              4,544      context-switches                                            
     0.902731894             17,027      context-switches                                            
     1.002841433             37,318      context-switches                                            
     1.102955744             41,905      context-switches                                            
     1.203067979             41,373      context-switches                                            
     1.303257200             41,645      context-switches                                            
     1.403424088             42,742      context-switches                                            
     1.503706836             40,454      context-switches                                            
     1.603972930             42,083      context-switches                                            
     1.704177567             42,276      context-switches                                            
     1.804353288             42,377      context-switches                                            
     1.904462339             42,671      context-switches                                            
     2.004621204             44,076      context-switches                                            
     2.104899220             42,597      context-switches                                            
     2.205148763             40,973      context-switches                                            
     2.305376004             43,525      context-switches                                            
     2.405585308             41,259      context-switches                                            
     2.505784196             42,300      context-switches                                            
#           time             counts unit events
     2.605915209             41,378      context-switches                                            
     2.706042231             42,192      context-switches                                            
     2.806207364             41,253      context-switches                                            
     2.906388844             42,445      context-switches                                            
     3.006579954             41,772      context-switches                                            
     3.106794229             39,410      context-switches                                            
     3.206917984             38,343      context-switches                                            
     3.307747692             42,820      context-switches                                            
     3.407840786             40,804      context-switches                                            
     3.507945276             41,393      context-switches                                            
     3.608126410             40,331      context-switches                                            
     3.708332445             43,908      context-switches                                            
     3.808529684             40,959      context-switches                                            
     3.908638529             37,325      context-switches                                            
     4.008752409             41,232      context-switches                                            
     4.108990380             43,070      context-switches                                            
     4.209091508             41,423      context-switches                                            
     4.309303627             44,596      context-switches                                            
     4.409449378             44,631      context-switches                                            
     4.509653148             42,965      context-switches                                            
     4.609842089             38,327      context-switches                                            
     4.710006147             37,943      context-switches                                            
     4.810117191             44,398      context-switches                                            
     4.910233457             43,274      context-switches                                            
     5.010407861             38,552      context-switches                                            
#           time             counts unit events
     5.110559663             41,063      context-switches                                            
     5.210788577             39,903      context-switches                                            
     5.310949737             41,330      context-switches                                            
     5.411121944             41,207      context-switches                                            
     5.511299781             40,213      context-switches                                            
     5.611517250             42,532      context-switches                                            
     5.711630405             40,581      context-switches                                            
     5.811739091             42,277      context-switches                                            
     5.911948267             39,677      context-switches                                            
     6.012082418             39,608      context-switches                                            
     6.112187681             42,238      context-switches                                            
     6.212293417             41,412      context-switches                                            
     6.312565986             39,730      context-switches                                            
     6.412796636             42,266      context-switches                                            
     6.512959308             41,364      context-switches                                            
     6.613123926             42,020      context-switches                                            
     6.713286049             41,256      context-switches                                            
     6.813503423             40,143      context-switches                                            
     6.913725632             37,519      context-switches                                            
     7.013849116             43,250      context-switches                                            
     7.113981081             41,143      context-switches                                            
     7.214138586             43,596      context-switches                                            
     7.314252202             40,228      context-switches                                            
     7.414368325             43,447      context-switches                                            
     7.514593163             37,735      context-switches                                            
#           time             counts unit events
     7.614708154             37,777      context-switches                                            
     7.714934679             39,794      context-switches                                            
     7.815042255             36,563      context-switches                                            
     7.915226233             42,955      context-switches                                            
     8.015401788             43,750      context-switches                                            
     8.115510371             41,099      context-switches                                            
     8.215684094             38,847      context-switches                                            
     8.315821480             38,155      context-switches                                            
     8.415967335             38,939      context-switches                                            
     8.516073586             39,606      context-switches                                            
     8.616180322             37,796      context-switches                                            
     8.716346660             38,777      context-switches                                            
     8.816455993             40,311      context-switches                                            
     8.916591446             40,043      context-switches                                            
     9.016775871             41,579      context-switches                                            
     9.116977540             43,098      context-switches                                            
     9.217092510             40,386      context-switches                                            
     9.317204613             38,458      context-switches                                            
     9.417316881             38,835      context-switches                                            
     9.517432320             39,811      context-switches                                            
     9.617551577             37,541      context-switches                                            
     9.717672961             39,104      context-switches                                            
     9.817814289             40,482      context-switches                                            
     9.917979938             44,229      context-switches                                            
    10.000651595             34,133      context-switches                                            
