# started on Tue Nov  5 20:55:36 2019

#           time             counts unit events
     0.100755810                374      context-switches                                            
     0.201488819                391      context-switches                                            
     0.302054895                167      context-switches                                            
     0.402662929                173      context-switches                                            
     0.503255900                162      context-switches                                            
     0.603847690                182      context-switches                                            
     0.704374983                280      context-switches                                            
     0.804936435                176      context-switches                                            
     0.905546199                210      context-switches                                            
     1.006171603                246      context-switches                                            
     1.106775022                282      context-switches                                            
     1.207399552                354      context-switches                                            
     1.308012114                156      context-switches                                            
     1.408398922                177      context-switches                                            
     1.508978507                182      context-switches                                            
     1.609581591                199      context-switches                                            
     1.710125615                312      context-switches                                            
     1.810571379                220      context-switches                                            
     1.911174165                242      context-switches                                            
     2.011684719                223      context-switches                                            
     2.112358798                411      context-switches                                            
     2.212848937              6,745      context-switches                                            
     2.313418013                184      context-switches                                            
     2.414025567                142      context-switches                                            
     2.514500308                191      context-switches                                            
#           time             counts unit events
     2.615017234                216      context-switches                                            
     2.715628699                258      context-switches                                            
     2.816257217                203      context-switches                                            
     2.916870385                220      context-switches                                            
     3.017284161                187      context-switches                                            
     3.117827839                259      context-switches                                            
     3.218369885                397      context-switches                                            
     3.318950215                194      context-switches                                            
     3.419565531                266      context-switches                                            
     3.519994838                180      context-switches                                            
     3.620467198                223      context-switches                                            
     3.721032743                234      context-switches                                            
     3.821575280                317      context-switches                                            
     3.922164211                210      context-switches                                            
     4.022680151                200      context-switches                                            
     4.123158345                230      context-switches                                            
     4.223747498                308      context-switches                                            
     4.324358023                195      context-switches                                            
     4.424968313                190      context-switches                                            
     4.525450473                234      context-switches                                            
     4.625975671                199      context-switches                                            
     4.726518454                191      context-switches                                            
     4.827054028                290      context-switches                                            
     4.927551496                220      context-switches                                            
     5.027777614             24,482      context-switches                                            
#           time             counts unit events
     5.127885411             35,963      context-switches                                            
     5.227991991             37,234      context-switches                                            
     5.328125317             36,556      context-switches                                            
     5.428233131             38,419      context-switches                                            
     5.528402978             37,262      context-switches                                            
     5.628473062             37,997      context-switches                                            
     5.728697129             36,367      context-switches                                            
     5.828803791             38,018      context-switches                                            
     5.928957026             36,347      context-switches                                            
     6.029066121             38,235      context-switches                                            
     6.129318418             37,478      context-switches                                            
     6.229426198             36,228      context-switches                                            
     6.329630320             37,210      context-switches                                            
     6.429737400             36,299      context-switches                                            
     6.529847057             37,221      context-switches                                            
     6.629969542             37,259      context-switches                                            
     6.730190556             37,671      context-switches                                            
     6.830298636             36,628      context-switches                                            
     6.930507481             37,231      context-switches                                            
     7.030616854             37,259      context-switches                                            
     7.130925380             37,794      context-switches                                            
     7.231035949             37,523      context-switches                                            
     7.331279147             36,525      context-switches                                            
     7.431430509             36,262      context-switches                                            
     7.531695073             37,761      context-switches                                            
#           time             counts unit events
     7.631861574             36,378      context-switches                                            
     7.732124104             37,610      context-switches                                            
     7.832333093             36,508      context-switches                                            
     7.932558002             37,656      context-switches                                            
     8.032813473             36,891      context-switches                                            
     8.133089829             37,700      context-switches                                            
     8.233200470             36,701      context-switches                                            
     8.333486688             37,933      context-switches                                            
     8.433675898             36,160      context-switches                                            
     8.533929145             37,755      context-switches                                            
     8.634205147             36,414      context-switches                                            
     8.734463789             36,636      context-switches                                            
     8.834660542             36,136      context-switches                                            
     8.934775329             37,509      context-switches                                            
     9.035035093             35,979      context-switches                                            
     9.135170301             37,771      context-switches                                            
     9.235420048             35,218      context-switches                                            
     9.335543288             38,430      context-switches                                            
     9.435733925             36,162      context-switches                                            
     9.535928908             37,579      context-switches                                            
     9.636167790             34,783      context-switches                                            
     9.736414001             38,076      context-switches                                            
     9.836714293             36,006      context-switches                                            
     9.937016356             38,459      context-switches                                            
    10.000767200             23,191      context-switches                                            
