# started on Tue Nov  5 21:39:47 2019

#           time             counts unit events
     0.100782095                311      context-switches                                            
     0.201520353                167      context-switches                                            
     0.302118372                209      context-switches                                            
     0.402687984                326      context-switches                                            
     0.503314694                230      context-switches                                            
     0.603923700                257      context-switches                                            
     0.704415356                325      context-switches                                            
     0.805043566                318      context-switches                                            
     0.905404737              7,095      context-switches                                            
     1.005859610                209      context-switches                                            
     1.106450122                167      context-switches                                            
     1.207037663                162      context-switches                                            
     1.307589745                152      context-switches                                            
     1.408201388                256      context-switches                                            
     1.508785981                177      context-switches                                            
     1.609308096                172      context-switches                                            
     1.709850969                207      context-switches                                            
     1.810460235                198      context-switches                                            
     1.911068282                373      context-switches                                            
     2.011695687                198      context-switches                                            
     2.112139303                224      context-switches                                            
     2.212704726                162      context-switches                                            
     2.313158327                171      context-switches                                            
     2.413719379                268      context-switches                                            
     2.514339474                168      context-switches                                            
#           time             counts unit events
     2.614874826                245      context-switches                                            
     2.715427001                245      context-switches                                            
     2.815930975                208      context-switches                                            
     2.916518027                391      context-switches                                            
     3.017130604                182      context-switches                                            
     3.117743595                166      context-switches                                            
     3.218347323                192      context-switches                                            
     3.318946789                208      context-switches                                            
     3.419556382                229      context-switches                                            
     3.520145807                208      context-switches                                            
     3.620745987                169      context-switches                                            
     3.721274491                237      context-switches                                            
     3.821778407                203      context-switches                                            
     3.922370851                477      context-switches                                            
     4.023002824                242      context-switches                                            
     4.123607242                172      context-switches                                            
     4.224107161                202      context-switches                                            
     4.324489558                328      context-switches                                            
     4.424988931                278      context-switches                                            
     4.525575715                254      context-switches                                            
     4.626099184                221      context-switches                                            
     4.726660776                267      context-switches                                            
     4.826923922                349      context-switches                                            
     4.927554166                245      context-switches                                            
     5.028071855                198      context-switches                                            
#           time             counts unit events
     5.128631654                167      context-switches                                            
     5.228963748                462      context-switches                                            
     5.329492611              2,406      context-switches                                            
     5.429976117                302      context-switches                                            
     5.530466829                889      context-switches                                            
     5.630717795              4,111      context-switches                                            
     5.731273688                433      context-switches                                            
     5.831494654              1,076      context-switches                                            
     5.931821457              1,295      context-switches                                            
     6.032359828              3,228      context-switches                                            
     6.132981728                166      context-switches                                            
     6.233427831              1,191      context-switches                                            
     6.333958724              3,951      context-switches                                            
     6.434562465                239      context-switches                                            
     6.535150550                862      context-switches                                            
     6.635347291              3,168      context-switches                                            
     6.735912282              1,163      context-switches                                            
     6.836526795                309      context-switches                                            
     6.936893966              1,662      context-switches                                            
     7.037415310              3,536      context-switches                                            
     7.137957714                196      context-switches                                            
     7.238503036              1,182      context-switches                                            
     7.339065828              4,125      context-switches                                            
     7.439688880                180      context-switches                                            
     7.540296626                875      context-switches                                            
#           time             counts unit events
     7.640469334              3,286      context-switches                                            
     7.740969772              1,210      context-switches                                            
     7.841601973                320      context-switches                                            
     7.941806406              1,787      context-switches                                            
     8.042325232              3,245      context-switches                                            
     8.142903412                187      context-switches                                            
     8.243477056              1,146      context-switches                                            
     8.344018009              3,999      context-switches                                            
     8.444571282                159      context-switches                                            
     8.545220739                854      context-switches                                            
     8.645491643              1,910      context-switches                                            
     8.746031201              2,511      context-switches                                            
     8.846611019                340      context-switches                                            
     8.946902603              1,607      context-switches                                            
     9.047323895              3,784      context-switches                                            
     9.147880040                154      context-switches                                            
     9.248342566              1,139      context-switches                                            
     9.348750848              3,978      context-switches                                            
     9.449236152                156      context-switches                                            
     9.549766760                916      context-switches                                            
     9.649927572              2,861      context-switches                                            
     9.750480652              1,652      context-switches                                            
     9.851084531                372      context-switches                                            
     9.951408743              3,655      context-switches                                            
    10.001045973              1,518      context-switches                                            
