# started on Tue Nov  5 22:54:10 2019

#           time             counts unit events
     0.100773857                419      context-switches                                            
     0.201456278                144      context-switches                                            
     0.301893783                250      context-switches                                            
     0.402452099                263      context-switches                                            
     0.503067650                443      context-switches                                            
     0.603680154                199      context-switches                                            
     0.704215325                167      context-switches                                            
     0.804653978                211      context-switches                                            
     0.905214994                214      context-switches                                            
     1.005741777                215      context-switches                                            
     1.106326620                188      context-switches                                            
     1.206896349                182      context-switches                                            
     1.307482892                201      context-switches                                            
     1.408101254                269      context-switches                                            
     1.508755400                426      context-switches                                            
     1.609254041                177      context-switches                                            
     1.709878357                251      context-switches                                            
     1.810378777                275      context-switches                                            
     1.910972975                213      context-switches                                            
     2.011427393                180      context-switches                                            
     2.111870792                229      context-switches                                            
     2.212423618                199      context-switches                                            
     2.312814198                285      context-switches                                            
     2.413455647                205      context-switches                                            
     2.514116023                471      context-switches                                            
#           time             counts unit events
     2.614721470                186      context-switches                                            
     2.715319254                204      context-switches                                            
     2.815905309                212      context-switches                                            
     2.916360288                195      context-switches                                            
     3.016912844                214      context-switches                                            
     3.117456159                234      context-switches                                            
     3.218023803                181      context-switches                                            
     3.318713064                298      context-switches                                            
     3.419360315                327      context-switches                                            
     3.519975648                404      context-switches                                            
     3.620549256                166      context-switches                                            
     3.721158676                164      context-switches                                            
     3.821718199                179      context-switches                                            
     3.922206338                211      context-switches                                            
     4.022710974                139      context-switches                                            
     4.123370552                205      context-switches                                            
     4.223969458                114      context-switches                                            
     4.324654420                408      context-switches                                            
     4.425151683                245      context-switches                                            
     4.525721783                432      context-switches                                            
     4.626368907                191      context-switches                                            
     4.726910210                233      context-switches                                            
     4.827444174                231      context-switches                                            
     4.927966191                201      context-switches                                            
     5.028190406              6,014      context-switches                                            
#           time             counts unit events
     5.128446980             33,406      context-switches                                            
     5.228630860             36,482      context-switches                                            
     5.328917550             37,893      context-switches                                            
     5.429133838             36,384      context-switches                                            
     5.529343154             38,955      context-switches                                            
     5.629571386             35,057      context-switches                                            
     5.729836719             35,904      context-switches                                            
     5.830042039             35,040      context-switches                                            
     5.930326181             38,297      context-switches                                            
     6.030564491             36,760      context-switches                                            
     6.130761425             36,988      context-switches                                            
     6.230988748             36,410      context-switches                                            
     6.331179744             37,649      context-switches                                            
     6.431341262             36,107      context-switches                                            
     6.531586353             37,472      context-switches                                            
     6.631809093             36,663      context-switches                                            
     6.731968677             38,061      context-switches                                            
     6.832100150             34,866      context-switches                                            
     6.932371158             37,588      context-switches                                            
     7.032543284             35,884      context-switches                                            
     7.132796471             37,240      context-switches                                            
     7.232991723             36,854      context-switches                                            
     7.333234947             38,632      context-switches                                            
     7.433455287             35,026      context-switches                                            
     7.533594398             38,983      context-switches                                            
#           time             counts unit events
     7.633790817             36,651      context-switches                                            
     7.733989611             39,037      context-switches                                            
     7.834184979             35,436      context-switches                                            
     7.934444258             38,776      context-switches                                            
     8.034600745             35,994      context-switches                                            
     8.134869784             39,007      context-switches                                            
     8.235084047             36,847      context-switches                                            
     8.335298018             37,583      context-switches                                            
     8.435404866             36,024      context-switches                                            
     8.535508384             37,627      context-switches                                            
     8.635661952             36,624      context-switches                                            
     8.735883966             39,278      context-switches                                            
     8.836139188             36,135      context-switches                                            
     8.936330437             38,873      context-switches                                            
     9.036552304             35,105      context-switches                                            
     9.136790763             38,382      context-switches                                            
     9.236938177             36,126      context-switches                                            
     9.337152381             38,843      context-switches                                            
     9.437263647             35,821      context-switches                                            
     9.537567045             37,899      context-switches                                            
     9.637698071             37,071      context-switches                                            
     9.737979983             37,056      context-switches                                            
     9.838116486             36,571      context-switches                                            
     9.938284471             37,405      context-switches                                            
    10.000797467             22,878      context-switches                                            
