# started on Tue Nov  5 23:35:24 2019

#           time             counts unit events
     0.100695249                338      context-switches                                            
     0.201373908                178      context-switches                                            
     0.301875294                215      context-switches                                            
     0.402469246                235      context-switches                                            
     0.503031915                261      context-switches                                            
     0.603639411                215      context-switches                                            
     0.704172107                115      context-switches                                            
     0.804664861                179      context-switches                                            
     0.905141550                227      context-switches                                            
     1.005568996                397      context-switches                                            
     1.106188601                150      context-switches                                            
     1.206710438                165      context-switches                                            
     1.307248990                170      context-switches                                            
     1.407744715                213      context-switches                                            
     1.508176919                255      context-switches                                            
     1.608754179                217      context-switches                                            
     1.709365715                161      context-switches                                            
     1.810005019                238      context-switches                                            
     1.910649411                253      context-switches                                            
     2.011266635                349      context-switches                                            
     2.111819483                188      context-switches                                            
     2.212346749                183      context-switches                                            
     2.312855510                173      context-switches                                            
     2.413488107                213      context-switches                                            
     2.514087340                226      context-switches                                            
#           time             counts unit events
     2.614720004                242      context-switches                                            
     2.715357269                166      context-switches                                            
     2.815785346                192      context-switches                                            
     2.916332264                225      context-switches                                            
     3.016913117                372      context-switches                                            
     3.117553611                194      context-switches                                            
     3.218139257                368      context-switches                                            
     3.318569229                414      context-switches                                            
     3.419232983                223      context-switches                                            
     3.519902805                260      context-switches                                            
     3.620508873                319      context-switches                                            
     3.721038327                310      context-switches                                            
     3.821594146                318      context-switches                                            
     3.921965949                382      context-switches                                            
     4.022503521                445      context-switches                                            
     4.122813954                634      context-switches                                            
     4.223402205              6,624      context-switches                                            
     4.323880792                232      context-switches                                            
     4.424479010                239      context-switches                                            
     4.525078019                304      context-switches                                            
     4.625697060                256      context-switches                                            
     4.726285389                248      context-switches                                            
     4.826897599                269      context-switches                                            
     4.927486179                400      context-switches                                            
     5.027640095             25,993      context-switches                                            
#           time             counts unit events
     5.127810949             36,307      context-switches                                            
     5.228035596             36,650      context-switches                                            
     5.328204744             36,537      context-switches                                            
     5.428483044             36,210      context-switches                                            
     5.528680397             37,779      context-switches                                            
     5.628840713             34,952      context-switches                                            
     5.729175901             35,280      context-switches                                            
     5.829372081             35,693      context-switches                                            
     5.929589892             37,589      context-switches                                            
     6.029778939             36,747      context-switches                                            
     6.130008065             37,916      context-switches                                            
     6.230314629             35,810      context-switches                                            
     6.330479237             38,167      context-switches                                            
     6.430620765             35,741      context-switches                                            
     6.530816813             37,754      context-switches                                            
     6.630982450             35,638      context-switches                                            
     6.731205881             37,932      context-switches                                            
     6.831443154             35,702      context-switches                                            
     6.931734762             37,033      context-switches                                            
     7.031887882             36,369      context-switches                                            
     7.132247490             37,345      context-switches                                            
     7.232467463             35,213      context-switches                                            
     7.332741115             38,737      context-switches                                            
     7.432987324             36,651      context-switches                                            
     7.533154850             37,179      context-switches                                            
#           time             counts unit events
     7.633369576             36,055      context-switches                                            
     7.733582622             37,750      context-switches                                            
     7.833781229             36,692      context-switches                                            
     7.933916700             38,067      context-switches                                            
     8.034094332             35,719      context-switches                                            
     8.134325868             39,110      context-switches                                            
     8.234434997             35,931      context-switches                                            
     8.334666081             38,694      context-switches                                            
     8.434872668             35,107      context-switches                                            
     8.534978540             38,433      context-switches                                            
     8.635175389             35,416      context-switches                                            
     8.735281809             38,078      context-switches                                            
     8.835525763             34,355      context-switches                                            
     8.935693674             37,193      context-switches                                            
     9.035894034             36,072      context-switches                                            
     9.136137233             37,460      context-switches                                            
     9.236273397             31,733      context-switches                                            
     9.336597614             37,389      context-switches                                            
     9.436710803             36,246      context-switches                                            
     9.536929378             38,499      context-switches                                            
     9.637168157             36,452      context-switches                                            
     9.737450073             38,862      context-switches                                            
     9.837644058             36,451      context-switches                                            
     9.937756599             38,923      context-switches                                            
    10.000524124             22,624      context-switches                                            
