# started on Wed Nov  6 01:44:42 2019

#           time             counts unit events
     0.100663935                391      context-switches                                            
     0.201353373                157      context-switches                                            
     0.301962545                222      context-switches                                            
     0.402517597                405      context-switches                                            
     0.503100998                194      context-switches                                            
     0.603621021                171      context-switches                                            
     0.704119661                143      context-switches                                            
     0.804593779                187      context-switches                                            
     0.905075737                249      context-switches                                            
     1.005680192                264      context-switches                                            
     1.106285706                265      context-switches                                            
     1.206879167                140      context-switches                                            
     1.307364627                383      context-switches                                            
     1.407787673                381      context-switches                                            
     1.508301158                188      context-switches                                            
     1.608902328                152      context-switches                                            
     1.709495455                190      context-switches                                            
     1.810088819                210      context-switches                                            
     1.910688830                218      context-switches                                            
     2.011148273                253      context-switches                                            
     2.111730438                202      context-switches                                            
     2.212325628                228      context-switches                                            
     2.312938876                210      context-switches                                            
     2.413501655                384      context-switches                                            
     2.514064565                260      context-switches                                            
#           time             counts unit events
     2.614608132                230      context-switches                                            
     2.715210813                171      context-switches                                            
     2.815736248                179      context-switches                                            
     2.916212347                223      context-switches                                            
     3.016693126                198      context-switches                                            
     3.117302152                252      context-switches                                            
     3.217833702                142      context-switches                                            
     3.318429177                265      context-switches                                            
     3.418996361                367      context-switches                                            
     3.519599033                175      context-switches                                            
     3.620217164                190      context-switches                                            
     3.720681835                173      context-switches                                            
     3.821164491                199      context-switches                                            
     3.921698387                211      context-switches                                            
     4.022085251                191      context-switches                                            
     4.122677490                246      context-switches                                            
     4.223231734                176      context-switches                                            
     4.323744324                183      context-switches                                            
     4.424223372                371      context-switches                                            
     4.524798340                157      context-switches                                            
     4.625400610                212      context-switches                                            
     4.725958970                158      context-switches                                            
     4.826405383                164      context-switches                                            
     4.926960502                214      context-switches                                            
     5.027368279                261      context-switches                                            
#           time             counts unit events
     5.127819772              2,513      context-switches                                            
     5.228031172              2,507      context-switches                                            
     5.328459906              3,158      context-switches                                            
     5.428589736              1,648      context-switches                                            
     5.528759084              7,290      context-switches                                            
     5.629039214              3,165      context-switches                                            
     5.729438540              3,728      context-switches                                            
     5.829721615              6,137      context-switches                                            
     5.930111301              3,452      context-switches                                            
     6.030432843              4,764      context-switches                                            
     6.130587749              5,013      context-switches                                            
     6.230977725              4,368      context-switches                                            
     6.331249025              2,576      context-switches                                            
     6.431531460              8,030      context-switches                                            
     6.531965793              4,249      context-switches                                            
     6.632181310              1,721      context-switches                                            
     6.732314071             12,435      context-switches                                            
     6.832528940              3,885      context-switches                                            
     6.932875586              4,317      context-switches                                            
     7.032997819              5,467      context-switches                                            
     7.133416641              4,132      context-switches                                            
     7.233959605              5,015      context-switches                                            
     7.334137440              2,451      context-switches                                            
     7.434623681              7,683      context-switches                                            
     7.534982270              1,309      context-switches                                            
#           time             counts unit events
     7.635112236              6,915      context-switches                                            
     7.735218066              5,875      context-switches                                            
     7.835499551              1,588      context-switches                                            
     7.935807439              5,894      context-switches                                            
     8.035959671              4,553      context-switches                                            
     8.136441733              3,943      context-switches                                            
     8.236625316              3,386      context-switches                                            
     8.337010971              6,600      context-switches                                            
     8.437534223              4,422      context-switches                                            
     8.537879993              2,763      context-switches                                            
     8.638050568              9,614      context-switches                                            
     8.738260732              2,092      context-switches                                            
     8.838367547              5,561      context-switches                                            
     8.938539189              9,507      context-switches                                            
     9.039060591              2,799      context-switches                                            
     9.139275010              5,038      context-switches                                            
     9.239624468              4,432      context-switches                                            
     9.339966563              4,525      context-switches                                            
     9.440155460              3,380      context-switches                                            
     9.540403909              7,350      context-switches                                            
     9.640803182              1,212      context-switches                                            
     9.740956996              7,181      context-switches                                            
     9.841158288              5,116      context-switches                                            
     9.941394999              2,798      context-switches                                            
    10.000561892              3,073      context-switches                                            
