# started on Thu Nov  7 01:47:28 2019

#           time             counts unit events
     0.100267812             35,983      context-switches                                            
     0.200413154             37,346      context-switches                                            
     0.300574086             35,125      context-switches                                            
     0.400736371             38,536      context-switches                                            
     0.500905625             37,530      context-switches                                            
     0.601084134             38,272      context-switches                                            
     0.701322636             38,073      context-switches                                            
     0.801448266             38,657      context-switches                                            
     0.901607911             37,780      context-switches                                            
     1.001766595             38,952      context-switches                                            
     1.102059591             37,615      context-switches                                            
     1.202204856             37,821      context-switches                                            
     1.302375879             36,066      context-switches                                            
     1.402483144             38,859      context-switches                                            
     1.502742368             37,028      context-switches                                            
     1.602854805             37,863      context-switches                                            
     1.703106909             37,282      context-switches                                            
     1.803230768             36,808      context-switches                                            
     1.903499694             37,576      context-switches                                            
     2.003662047             37,533      context-switches                                            
     2.103899358             37,625      context-switches                                            
     2.204034583             39,311      context-switches                                            
     2.304253868             37,276      context-switches                                            
     2.404368903             37,018      context-switches                                            
     2.504652774             37,163      context-switches                                            
#           time             counts unit events
     2.604813053             36,678      context-switches                                            
     2.705091955             38,025      context-switches                                            
     2.805351795             36,479      context-switches                                            
     2.905521149             38,411      context-switches                                            
     3.005795425             36,895      context-switches                                            
     3.106136409             36,509      context-switches                                            
     3.206408225             33,560      context-switches                                            
     3.306687871             38,136      context-switches                                            
     3.406860587             36,661      context-switches                                            
     3.507091058             38,336      context-switches                                            
     3.607350723             36,395      context-switches                                            
     3.707575859             37,923      context-switches                                            
     3.807872788             36,125      context-switches                                            
     3.907983217             37,473      context-switches                                            
     4.008245272             36,814      context-switches                                            
     4.108465468             37,853      context-switches                                            
     4.208814833             36,317      context-switches                                            
     4.309112852             37,992      context-switches                                            
     4.409370511             36,774      context-switches                                            
     4.509650911             38,384      context-switches                                            
     4.609915282             37,006      context-switches                                            
     4.710197210             37,936      context-switches                                            
     4.810444703             37,087      context-switches                                            
     4.910687130             38,692      context-switches                                            
     5.010907261             37,069      context-switches                                            
#           time             counts unit events
     5.111194886             38,061      context-switches                                            
     5.211489566             36,719      context-switches                                            
     5.311656406             37,913      context-switches                                            
     5.411825029             36,982      context-switches                                            
     5.512127824             37,872      context-switches                                            
     5.612340287             36,516      context-switches                                            
     5.712652600             39,170      context-switches                                            
     5.812903330             37,353      context-switches                                            
     5.913147189             39,355      context-switches                                            
     6.013422949             37,081      context-switches                                            
     6.113684351             38,578      context-switches                                            
     6.213913461             36,968      context-switches                                            
     6.314237875             38,910      context-switches                                            
     6.414491120             37,097      context-switches                                            
     6.514693943             38,474      context-switches                                            
     6.614927580             36,888      context-switches                                            
     6.715157791             38,222      context-switches                                            
     6.815371512             36,920      context-switches                                            
     6.915532536             37,096      context-switches                                            
     7.015728534             36,689      context-switches                                            
     7.115910434             37,959      context-switches                                            
     7.216213012             37,051      context-switches                                            
     7.316439542             37,819      context-switches                                            
     7.416630054             36,880      context-switches                                            
     7.516844671             38,266      context-switches                                            
#           time             counts unit events
     7.617112478             35,699      context-switches                                            
     7.717271447             37,690      context-switches                                            
     7.817510460             37,083      context-switches                                            
     7.917790649             38,148      context-switches                                            
     8.017998718             37,039      context-switches                                            
     8.118297929             38,169      context-switches                                            
     8.218576302             36,513      context-switches                                            
     8.318869619             38,425      context-switches                                            
     8.419213301             34,517      context-switches                                            
     8.519418881             37,108      context-switches                                            
     8.619682588             37,400      context-switches                                            
     8.719878734             36,376      context-switches                                            
     8.820172263             36,267      context-switches                                            
     8.920363918             38,019      context-switches                                            
     9.020563418             36,179      context-switches                                            
     9.120841000             38,164      context-switches                                            
     9.221126388             36,752      context-switches                                            
     9.321253362             38,784      context-switches                                            
     9.421523517             37,317      context-switches                                            
     9.521798570             38,130      context-switches                                            
     9.622100654             36,965      context-switches                                            
     9.722371654             38,548      context-switches                                            
     9.822670728             35,380      context-switches                                            
     9.922780773             38,455      context-switches                                            
    10.000744865             28,839      context-switches                                            
