# started on Tue Nov 12 21:19:36 2019

#           time             counts unit events
     0.100264164             12,664      context-switches                                            
     0.200624672             21,778      context-switches                                            
     0.300891884             14,434      context-switches                                            
     0.401114220             16,585      context-switches                                            
     0.501277976             28,559      context-switches                                            
     0.601471769             29,206      context-switches                                            
     0.701869699             18,611      context-switches                                            
     0.802559208             15,595      context-switches                                            
     0.902915617             12,206      context-switches                                            
     1.003365363             13,165      context-switches                                            
     1.103841138             15,767      context-switches                                            
     1.204342261             15,904      context-switches                                            
     1.305126420             11,552      context-switches                                            
     1.405459288             21,938      context-switches                                            
     1.505794188             17,834      context-switches                                            
     1.606301351             15,611      context-switches                                            
     1.706566614             12,767      context-switches                                            
     1.806914062             14,848      context-switches                                            
     1.907146714             12,940      context-switches                                            
     2.007425504             15,510      context-switches                                            
     2.107658485             19,781      context-switches                                            
     2.207922070             15,918      context-switches                                            
     2.308077309             21,285      context-switches                                            
     2.408374979             24,572      context-switches                                            
     2.508619614             17,070      context-switches                                            
#           time             counts unit events
     2.609005101             21,750      context-switches                                            
     2.709463528             19,885      context-switches                                            
     2.810355685             18,197      context-switches                                            
     2.911004990             13,572      context-switches                                            
     3.011413687             13,010      context-switches                                            
     3.111812794             18,519      context-switches                                            
     3.212067387             17,003      context-switches                                            
     3.312368603             15,538      context-switches                                            
     3.412724385             22,010      context-switches                                            
     3.513138642             16,432      context-switches                                            
     3.613375814             17,715      context-switches                                            
     3.713732837             14,230      context-switches                                            
     3.814162277             14,890      context-switches                                            
     3.914658950             13,661      context-switches                                            
     4.015126334             16,139      context-switches                                            
     4.115453574             20,861      context-switches                                            
     4.215833873             15,843      context-switches                                            
     4.316215295             16,166      context-switches                                            
     4.416680021             25,671      context-switches                                            
     4.516913297             18,384      context-switches                                            
     4.617135816             18,302      context-switches                                            
     4.717994516             17,267      context-switches                                            
     4.818569330             13,837      context-switches                                            
     4.918949982             22,052      context-switches                                            
     5.019560756             15,612      context-switches                                            
#           time             counts unit events
     5.119876987             18,569      context-switches                                            
     5.220342613             14,214      context-switches                                            
     5.320785234             13,188      context-switches                                            
     5.420964169             12,778      context-switches                                            
     5.521424102             26,343      context-switches                                            
     5.621758842             19,132      context-switches                                            
     5.721998637             19,710      context-switches                                            
     5.822429548             15,442      context-switches                                            
     5.922834006             14,007      context-switches                                            
     6.023338128             14,364      context-switches                                            
     6.124253330             22,488      context-switches                                            
     6.224470638             18,158      context-switches                                            
     6.325346940             16,394      context-switches                                            
     6.425541332             23,100      context-switches                                            
     6.525788476             26,487      context-switches                                            
     6.625983511             18,121      context-switches                                            
     6.726306371             17,544      context-switches                                            
     6.826727815             15,986      context-switches                                            
     6.927236511             18,401      context-switches                                            
     7.028117241             16,532      context-switches                                            
     7.128696662             14,316      context-switches                                            
     7.228916150             17,836      context-switches                                            
     7.329152290             17,793      context-switches                                            
     7.429341671             19,728      context-switches                                            
     7.530325710             18,898      context-switches                                            
#           time             counts unit events
     7.630550215             17,055      context-switches                                            
     7.730791979             19,093      context-switches                                            
     7.831143031             16,972      context-switches                                            
     7.931421317             14,102      context-switches                                            
     8.031756600             14,659      context-switches                                            
     8.132142038             15,978      context-switches                                            
     8.232910615             13,970      context-switches                                            
     8.333162112             17,827      context-switches                                            
     8.433436658             15,685      context-switches                                            
     8.533648065             21,921      context-switches                                            
     8.634134087             17,825      context-switches                                            
     8.734605125             19,482      context-switches                                            
     8.835134352             17,298      context-switches                                            
     8.935469587             19,899      context-switches                                            
     9.036394880             14,026      context-switches                                            
     9.136853412             19,127      context-switches                                            
     9.237714859             13,364      context-switches                                            
     9.337936600             16,888      context-switches                                            
     9.438184659             18,708      context-switches                                            
     9.538380038             18,873      context-switches                                            
     9.638893572             19,464      context-switches                                            
     9.739086155             17,473      context-switches                                            
     9.839376063             17,818      context-switches                                            
     9.940310510             17,233      context-switches                                            
    10.001008307             13,031      context-switches                                            
