# started on Tue Nov  5 17:11:29 2019

#           time             counts unit events
     0.100697113                738      context-switches                                            
     0.201375184                596      context-switches                                            
     0.301878183              1,047      context-switches                                            
     0.402392929                365      context-switches                                            
     0.503043965                313      context-switches                                            
     0.603616055                232      context-switches                                            
     0.704196020                192      context-switches                                            
     0.804767366                331      context-switches                                            
     0.905178040                492      context-switches                                            
     1.005621591                815      context-switches                                            
     1.106322353                575      context-switches                                            
     1.206905610                747      context-switches                                            
     1.307418426              1,320      context-switches                                            
     1.407987098                429      context-switches                                            
     1.508628375                420      context-switches                                            
     1.609265881                339      context-switches                                            
     1.709950709                158      context-switches                                            
     1.810541394                238      context-switches                                            
     1.911149447                290      context-switches                                            
     2.011736787                466      context-switches                                            
     2.112381918                225      context-switches                                            
     2.213033590                541      context-switches                                            
     2.313621497                180      context-switches                                            
     2.414260567                184      context-switches                                            
     2.514818456                246      context-switches                                            
#           time             counts unit events
     2.615427521                235      context-switches                                            
     2.715976671                221      context-switches                                            
     2.816586276                389      context-switches                                            
     2.917181577                188      context-switches                                            
     3.017683137                435      context-switches                                            
     3.118040482                491      context-switches                                            
     3.218625231                681      context-switches                                            
     3.319222583                290      context-switches                                            
     3.419798491                199      context-switches                                            
     3.520374315                801      context-switches                                            
     3.621011291                286      context-switches                                            
     3.721595471                292      context-switches                                            
     3.822261923                294      context-switches                                            
     3.922851998                199      context-switches                                            
     4.023362124                335      context-switches                                            
     4.123716124                748      context-switches                                            
     4.224249648                133      context-switches                                            
     4.324837835                198      context-switches                                            
     4.425380045                226      context-switches                                            
     4.525864593                220      context-switches                                            
     4.626437632                234      context-switches                                            
     4.727019868                225      context-switches                                            
     4.827564622                221      context-switches                                            
     4.927968735                217      context-switches                                            
     5.028196770             26,272      context-switches                                            
#           time             counts unit events
     5.128407180             36,074      context-switches                                            
     5.228525492             35,839      context-switches                                            
     5.328703154             36,061      context-switches                                            
     5.428926164             36,710      context-switches                                            
     5.529145973             34,546      context-switches                                            
     5.629260672             34,231      context-switches                                            
     5.729430020             35,559      context-switches                                            
     5.829573741             34,941      context-switches                                            
     5.929704640             34,093      context-switches                                            
     6.029930448             35,671      context-switches                                            
     6.130157623             34,664      context-switches                                            
     6.230373023             35,333      context-switches                                            
     6.330596019             37,476      context-switches                                            
     6.430799191             36,038      context-switches                                            
     6.531077362             36,590      context-switches                                            
     6.631331053             36,243      context-switches                                            
     6.731577250             35,625      context-switches                                            
     6.831816503             36,219      context-switches                                            
     6.932052529             35,747      context-switches                                            
     7.032202770             36,973      context-switches                                            
     7.132454928             35,491      context-switches                                            
     7.232691548             34,589      context-switches                                            
     7.332809596             35,461      context-switches                                            
     7.432949112             34,546      context-switches                                            
     7.533141253             35,266      context-switches                                            
#           time             counts unit events
     7.633425877             34,443      context-switches                                            
     7.733628666             35,715      context-switches                                            
     7.833785802             34,861      context-switches                                            
     7.933971446             36,202      context-switches                                            
     8.034266245             35,103      context-switches                                            
     8.134561486             35,939      context-switches                                            
     8.234822635             36,580      context-switches                                            
     8.335116828             36,624      context-switches                                            
     8.435416846             36,399      context-switches                                            
     8.535556601             34,068      context-switches                                            
     8.635805658             36,081      context-switches                                            
     8.736100810             36,565      context-switches                                            
     8.836314742             35,400      context-switches                                            
     8.936487801             36,224      context-switches                                            
     9.036645132             35,664      context-switches                                            
     9.136765023             35,775      context-switches                                            
     9.236947147             36,561      context-switches                                            
     9.337195103             36,432      context-switches                                            
     9.437408615             36,790      context-switches                                            
     9.537578866             34,552      context-switches                                            
     9.637793263             33,911      context-switches                                            
     9.737905930             36,008      context-switches                                            
     9.838190978             36,013      context-switches                                            
     9.938311445             36,216      context-switches                                            
    10.000733773             22,985      context-switches                                            
