# started on Tue Nov  5 17:06:28 2019

#           time             counts unit events
     0.100891192                628      context-switches                                            
     0.201571330                291      context-switches                                            
     0.302161737                283      context-switches                                            
     0.402694156                301      context-switches                                            
     0.503203647                324      context-switches                                            
     0.603797185                342      context-switches                                            
     0.704301492                604      context-switches                                            
     0.804929095                284      context-switches                                            
     0.905484206                408      context-switches                                            
     1.006018003                597      context-switches                                            
     1.106629770                386      context-switches                                            
     1.207264468                379      context-switches                                            
     1.307869577                265      context-switches                                            
     1.408403571                353      context-switches                                            
     1.509010401                301      context-switches                                            
     1.609547817                336      context-switches                                            
     1.710094001                639      context-switches                                            
     1.810642057                335      context-switches                                            
     1.911181738                412      context-switches                                            
     2.011660510                607      context-switches                                            
     2.112240986                323      context-switches                                            
     2.212824147                318      context-switches                                            
     2.313428269                309      context-switches                                            
     2.414073173                346      context-switches                                            
     2.514683707                286      context-switches                                            
#           time             counts unit events
     2.615263229                337      context-switches                                            
     2.715861265                584      context-switches                                            
     2.816480534                296      context-switches                                            
     2.916817658                485      context-switches                                            
     3.017367819                567      context-switches                                            
     3.118028055                360      context-switches                                            
     3.218624618                326      context-switches                                            
     3.319205073                276      context-switches                                            
     3.419801315                337      context-switches                                            
     3.520385951                349      context-switches                                            
     3.620976769                339      context-switches                                            
     3.721577718                601      context-switches                                            
     3.822132843                294      context-switches                                            
     3.922379765                740      context-switches                                            
     4.022954949                402      context-switches                                            
     4.123574323                318      context-switches                                            
     4.224175202                291      context-switches                                            
     4.324795723                288      context-switches                                            
     4.425395107                301      context-switches                                            
     4.526036966                318      context-switches                                            
     4.626640283                352      context-switches                                            
     4.727257464                655      context-switches                                            
     4.827847643                385      context-switches                                            
     4.928075396                732      context-switches                                            
     5.028418019              1,052      context-switches                                            
#           time             counts unit events
     5.128609481              3,827      context-switches                                            
     5.228951093              1,622      context-switches                                            
     5.329286700              4,510      context-switches                                            
     5.429594781              1,532      context-switches                                            
     5.529926630              4,113      context-switches                                            
     5.630034581              5,710      context-switches                                            
     5.730314979              6,367      context-switches                                            
     5.830665999              1,126      context-switches                                            
     5.930775165              5,505      context-switches                                            
     6.030914100              3,700      context-switches                                            
     6.131097597              6,970      context-switches                                            
     6.231644820              1,603      context-switches                                            
     6.331972071              3,486      context-switches                                            
     6.432289924              3,301      context-switches                                            
     6.532614934              5,701      context-switches                                            
     6.633009894              4,295      context-switches                                            
     6.733355645              3,286      context-switches                                            
     6.833502638              4,039      context-switches                                            
     6.933616421              7,064      context-switches                                            
     7.033922269              3,451      context-switches                                            
     7.134271523              3,110      context-switches                                            
     7.234823364              3,597      context-switches                                            
     7.335081390              4,280      context-switches                                            
     7.435407831              5,776      context-switches                                            
     7.535546358              3,348      context-switches                                            
#           time             counts unit events
     7.635841087              5,970      context-switches                                            
     7.736012351              3,938      context-switches                                            
     7.836210507              6,905      context-switches                                            
     7.936378490              7,099      context-switches                                            
     8.036945872              3,416      context-switches                                            
     8.137190205                955      context-switches                                            
     8.237671342              5,882      context-switches                                            
     8.337927148              2,567      context-switches                                            
     8.438204486              7,748      context-switches                                            
     8.538624269                905      context-switches                                            
     8.638904884             11,127      context-switches                                            
     8.739085592              3,669      context-switches                                            
     8.839351047              3,430      context-switches                                            
     8.939630838              2,387      context-switches                                            
     9.039856911              6,253      context-switches                                            
     9.140138661              6,900      context-switches                                            
     9.240560316              5,114      context-switches                                            
     9.341087227              2,420      context-switches                                            
     9.441536809              3,790      context-switches                                            
     9.541731603              5,494      context-switches                                            
     9.641850099              8,332      context-switches                                            
     9.742202316              6,041      context-switches                                            
     9.842717027              1,621      context-switches                                            
     9.943132093              2,490      context-switches                                            
    10.000543016              3,598      context-switches                                            
