# started on Tue Nov 12 12:04:47 2019

#           time             counts unit events
     0.100329301             39,928      context-switches                                            
     0.200554987             42,176      context-switches                                            
     0.300713972             44,436      context-switches                                            
     0.400951098             39,962      context-switches                                            
     0.501129102             41,571      context-switches                                            
     0.601250611             40,086      context-switches                                            
     0.701474581             42,358      context-switches                                            
     0.801698088             42,559      context-switches                                            
     0.901917796             42,831      context-switches                                            
     1.002024287             40,757      context-switches                                            
     1.102142988             40,505      context-switches                                            
     1.202255266             42,158      context-switches                                            
     1.302485108             45,122      context-switches                                            
     1.402609533             43,692      context-switches                                            
     1.502802363             42,178      context-switches                                            
     1.603016663             42,217      context-switches                                            
     1.703193893             39,656      context-switches                                            
     1.803353487             40,510      context-switches                                            
     1.903472362             42,475      context-switches                                            
     2.003752257             41,539      context-switches                                            
     2.103893803             40,604      context-switches                                            
     2.204009086             39,561      context-switches                                            
     2.304143878             38,163      context-switches                                            
     2.404385475             42,805      context-switches                                            
     2.504493415             42,778      context-switches                                            
#           time             counts unit events
     2.604767213             42,462      context-switches                                            
     2.704961667             42,410      context-switches                                            
     2.805069929             42,158      context-switches                                            
     2.905185532             42,457      context-switches                                            
     3.005306378             38,228      context-switches                                            
     3.105459379             38,933      context-switches                                            
     3.205704779             41,368      context-switches                                            
     3.305861808             44,645      context-switches                                            
     3.405971375             40,912      context-switches                                            
     3.506170241             41,066      context-switches                                            
     3.606286671             38,891      context-switches                                            
     3.706454366             38,939      context-switches                                            
     3.806698528             38,329      context-switches                                            
     3.906813028             40,745      context-switches                                            
     4.007322946             38,867      context-switches                                            
     4.107432773             41,060      context-switches                                            
     4.207619752             40,860      context-switches                                            
     4.307853704             38,317      context-switches                                            
     4.408050076             42,211      context-switches                                            
     4.508262661             40,759      context-switches                                            
     4.608436645             41,960      context-switches                                            
     4.708554284             37,651      context-switches                                            
     4.808671239             40,883      context-switches                                            
     4.908792664             39,333      context-switches                                            
     5.009019538             42,348      context-switches                                            
#           time             counts unit events
     5.109158401             42,291      context-switches                                            
     5.209268283             42,493      context-switches                                            
     5.309480276             42,187      context-switches                                            
     5.409590303             36,670      context-switches                                            
     5.509709706             40,959      context-switches                                            
     5.609844154             41,035      context-switches                                            
     5.709950066             39,356      context-switches                                            
     5.810030528             41,917      context-switches                                            
     5.910138888             40,324      context-switches                                            
     6.010348086             39,093      context-switches                                            
     6.110421075             41,460      context-switches                                            
     6.210538144             37,018      context-switches                                            
     6.310650340             41,036      context-switches                                            
     6.410765445             38,580      context-switches                                            
     6.510935031             41,847      context-switches                                            
     6.611116491             43,992      context-switches                                            
     6.711228597             35,927      context-switches                                            
     6.811479381             38,742      context-switches                                            
     6.911698903             42,373      context-switches                                            
     7.011808816             41,757      context-switches                                            
     7.111960954             41,985      context-switches                                            
     7.212072222             39,458      context-switches                                            
     7.312318116             37,358      context-switches                                            
     7.412479570             41,431      context-switches                                            
     7.512584556             42,366      context-switches                                            
#           time             counts unit events
     7.612709624             42,705      context-switches                                            
     7.712980819             44,211      context-switches                                            
     7.813202876             42,886      context-switches                                            
     7.913356102             41,396      context-switches                                            
     8.013569249             42,573      context-switches                                            
     8.113729972             43,049      context-switches                                            
     8.213845263             44,868      context-switches                                            
     8.314095846             40,969      context-switches                                            
     8.414271633             38,642      context-switches                                            
     8.514435274             43,730      context-switches                                            
     8.614665865             42,099      context-switches                                            
     8.714864182             42,357      context-switches                                            
     8.814970979             42,502      context-switches                                            
     8.915282373             42,734      context-switches                                            
     9.015398439             41,385      context-switches                                            
     9.115537658             41,608      context-switches                                            
     9.215643244             43,439      context-switches                                            
     9.315906402             43,855      context-switches                                            
     9.416052304             42,317      context-switches                                            
     9.516284608             41,757      context-switches                                            
     9.616520543             42,725      context-switches                                            
     9.716677370             39,329      context-switches                                            
     9.816786939             43,342      context-switches                                            
     9.916853056             41,835      context-switches                                            
    10.000718582             34,429      context-switches                                            
