# started on Tue Nov  5 20:41:30 2019

#           time             counts unit events
     0.100401972              2,241      context-switches                                            
     0.200585660              3,333      context-switches                                            
     0.301013553              4,966      context-switches                                            
     0.401559004                172      context-switches                                            
     0.502013843                474      context-switches                                            
     0.602605447                271      context-switches                                            
     0.703187753                205      context-switches                                            
     0.803705957                225      context-switches                                            
     0.904278275                172      context-switches                                            
     1.004820193                145      context-switches                                            
     1.105319875                325      context-switches                                            
     1.205941284                421      context-switches                                            
     1.306520495                260      context-switches                                            
     1.407036020                140      context-switches                                            
     1.507552146                474      context-switches                                            
     1.608087134                212      context-switches                                            
     1.708683753                208      context-switches                                            
     1.809318674                210      context-switches                                            
     1.909872528                190      context-switches                                            
     2.010507717                328      context-switches                                            
     2.111072836                337      context-switches                                            
     2.211681746                481      context-switches                                            
     2.312283031                191      context-switches                                            
     2.412806361                205      context-switches                                            
     2.513126629                475      context-switches                                            
#           time             counts unit events
     2.613694891                192      context-switches                                            
     2.714269065                236      context-switches                                            
     2.814840256                211      context-switches                                            
     2.915416263                235      context-switches                                            
     3.015983725                232      context-switches                                            
     3.116580428                488      context-switches                                            
     3.217077503                481      context-switches                                            
     3.317718080                173      context-switches                                            
     3.418215686                180      context-switches                                            
     3.518686868                436      context-switches                                            
     3.619338790                287      context-switches                                            
     3.719933027                189      context-switches                                            
     3.820515725                177      context-switches                                            
     3.921098222                147      context-switches                                            
     4.021737059                180      context-switches                                            
     4.122147627                280      context-switches                                            
     4.222779246                482      context-switches                                            
     4.323376218                220      context-switches                                            
     4.423980425                210      context-switches                                            
     4.524393814                491      context-switches                                            
     4.624879502                204      context-switches                                            
     4.725449447                228      context-switches                                            
     4.825975958                267      context-switches                                            
     4.926353914                174      context-switches                                            
     5.026593278             31,282      context-switches                                            
#           time             counts unit events
     5.126703527             36,911      context-switches                                            
     5.226808479             38,110      context-switches                                            
     5.327089661             35,193      context-switches                                            
     5.427213901             36,908      context-switches                                            
     5.527439327             36,681      context-switches                                            
     5.627546454             37,459      context-switches                                            
     5.727828354             36,107      context-switches                                            
     5.827934803             37,286      context-switches                                            
     5.928150036             36,396      context-switches                                            
     6.028260344             37,653      context-switches                                            
     6.128475871             37,393      context-switches                                            
     6.228584142             38,099      context-switches                                            
     6.328805272             37,044      context-switches                                            
     6.428924218             36,752      context-switches                                            
     6.529097098             36,925      context-switches                                            
     6.629228760             36,628      context-switches                                            
     6.729380997             36,087      context-switches                                            
     6.829490870             36,303      context-switches                                            
     6.929654464             37,056      context-switches                                            
     7.029763945             36,421      context-switches                                            
     7.130011667             36,998      context-switches                                            
     7.230148084             35,746      context-switches                                            
     7.330289215             38,122      context-switches                                            
     7.430463820             36,403      context-switches                                            
     7.530656999             37,422      context-switches                                            
#           time             counts unit events
     7.630861516             36,343      context-switches                                            
     7.731071315             37,007      context-switches                                            
     7.831357540             35,862      context-switches                                            
     7.931620975             38,322      context-switches                                            
     8.031797248             36,310      context-switches                                            
     8.132046482             39,814      context-switches                                            
     8.232268693             36,398      context-switches                                            
     8.332490474             37,621      context-switches                                            
     8.432695589             36,464      context-switches                                            
     8.532805744             37,647      context-switches                                            
     8.632970462             36,448      context-switches                                            
     8.733133360             34,219      context-switches                                            
     8.833369638             36,153      context-switches                                            
     8.933520238             38,115      context-switches                                            
     9.033694437             36,698      context-switches                                            
     9.133825635             37,551      context-switches                                            
     9.233985463             36,215      context-switches                                            
     9.334286519             37,094      context-switches                                            
     9.434430140             36,074      context-switches                                            
     9.534599566             38,063      context-switches                                            
     9.634734950             37,099      context-switches                                            
     9.734873748             36,844      context-switches                                            
     9.835170953             35,744      context-switches                                            
     9.935279072             36,705      context-switches                                            
    10.000769512             22,498      context-switches                                            
