# started on Tue Nov  5 23:59:17 2019

#           time             counts unit events
     0.100799624                311      context-switches                                            
     0.201516954                225      context-switches                                            
     0.302099124                216      context-switches                                            
     0.402649229                219      context-switches                                            
     0.503189461                278      context-switches                                            
     0.603765684                391      context-switches                                            
     0.704242178                198      context-switches                                            
     0.804779271                155      context-switches                                            
     0.905212996                225      context-switches                                            
     1.005689220                195      context-switches                                            
     1.106194418                214      context-switches                                            
     1.206839082                299      context-switches                                            
     1.307488531                273      context-switches                                            
     1.408084653                239      context-switches                                            
     1.508617842                368      context-switches                                            
     1.609092737                373      context-switches                                            
     1.709628932                367      context-switches                                            
     1.810122553              6,324      context-switches                                            
     1.910670060                161      context-switches                                            
     2.011145866                221      context-switches                                            
     2.111729605                174      context-switches                                            
     2.212343219                239      context-switches                                            
     2.312984611                206      context-switches                                            
     2.413476064                174      context-switches                                            
     2.514114059                226      context-switches                                            
#           time             counts unit events
     2.614724683                357      context-switches                                            
     2.715403510                286      context-switches                                            
     2.815935804                368      context-switches                                            
     2.916589823                181      context-switches                                            
     3.017222213                220      context-switches                                            
     3.117732926                167      context-switches                                            
     3.218316706                263      context-switches                                            
     3.318900942                204      context-switches                                            
     3.419373615                227      context-switches                                            
     3.519909864                254      context-switches                                            
     3.620405815                393      context-switches                                            
     3.720872875                217      context-switches                                            
     3.821486438                202      context-switches                                            
     3.922004450                193      context-switches                                            
     4.022617469                191      context-switches                                            
     4.123078669                172      context-switches                                            
     4.223670729                264      context-switches                                            
     4.324265420                255      context-switches                                            
     4.424866470                185      context-switches                                            
     4.525318036                248      context-switches                                            
     4.625809696                376      context-switches                                            
     4.726395871                164      context-switches                                            
     4.826872358                222      context-switches                                            
     4.927478710                174      context-switches                                            
     5.027668101              6,270      context-switches                                            
#           time             counts unit events
     5.127905907             35,510      context-switches                                            
     5.228014569             35,535      context-switches                                            
     5.328237225             36,916      context-switches                                            
     5.428453071             37,225      context-switches                                            
     5.528704158             38,340      context-switches                                            
     5.628929217             36,143      context-switches                                            
     5.729196140             38,315      context-switches                                            
     5.829435481             35,997      context-switches                                            
     5.929689192             37,904      context-switches                                            
     6.029902177             37,105      context-switches                                            
     6.130170225             38,468      context-switches                                            
     6.230428291             35,736      context-switches                                            
     6.330700369             37,290      context-switches                                            
     6.430900078             36,722      context-switches                                            
     6.531095558             38,045      context-switches                                            
     6.631398169             37,370      context-switches                                            
     6.731658939             37,677      context-switches                                            
     6.831917189             35,565      context-switches                                            
     6.932218775             38,539      context-switches                                            
     7.032432908             36,227      context-switches                                            
     7.132656508             37,500      context-switches                                            
     7.232876569             35,901      context-switches                                            
     7.333138835             38,919      context-switches                                            
     7.433338410             35,261      context-switches                                            
     7.533596132             36,281      context-switches                                            
#           time             counts unit events
     7.633828255             36,851      context-switches                                            
     7.734081454             38,312      context-switches                                            
     7.834318110             37,106      context-switches                                            
     7.934540532             38,209      context-switches                                            
     8.034786650             35,932      context-switches                                            
     8.135064833             38,485      context-switches                                            
     8.235321546             36,932      context-switches                                            
     8.335594814             38,574      context-switches                                            
     8.435791019             37,329      context-switches                                            
     8.536025534             36,527      context-switches                                            
     8.636289565             37,185      context-switches                                            
     8.736506928             38,729      context-switches                                            
     8.836779759             35,625      context-switches                                            
     8.937039238             38,497      context-switches                                            
     9.037254769             36,603      context-switches                                            
     9.137514933             37,847      context-switches                                            
     9.237739555             36,562      context-switches                                            
     9.337903897             38,924      context-switches                                            
     9.438155611             36,018      context-switches                                            
     9.538428281             38,521      context-switches                                            
     9.638720830             35,008      context-switches                                            
     9.739014519             39,189      context-switches                                            
     9.839277805             37,049      context-switches                                            
     9.939543738             38,671      context-switches                                            
    10.000640392             23,661      context-switches                                            
