# started on Tue Nov  5 21:36:16 2019

#           time             counts unit events
     0.100888831                319      context-switches                                            
     0.201581146                189      context-switches                                            
     0.302168461                190      context-switches                                            
     0.402624747                156      context-switches                                            
     0.503244204                252      context-switches                                            
     0.603815904                197      context-switches                                            
     0.704433671                368      context-switches                                            
     0.804968889                206      context-switches                                            
     0.905548104                189      context-switches                                            
     1.006165266                250      context-switches                                            
     1.106740941                185      context-switches                                            
     1.207284945                282      context-switches                                            
     1.307951705                211      context-switches                                            
     1.408545485                223      context-switches                                            
     1.509133171                317      context-switches                                            
     1.609496623                319      context-switches                                            
     1.710053097              6,636      context-switches                                            
     1.810641098                176      context-switches                                            
     1.911249188                186      context-switches                                            
     2.011862509                250      context-switches                                            
     2.112476386                166      context-switches                                            
     2.212941303                182      context-switches                                            
     2.313495540                160      context-switches                                            
     2.414078091                174      context-switches                                            
     2.514661511                234      context-switches                                            
#           time             counts unit events
     2.615105205                230      context-switches                                            
     2.715776000                400      context-switches                                            
     2.816366457                150      context-switches                                            
     2.916817711                258      context-switches                                            
     3.017392700                188      context-switches                                            
     3.117973258                224      context-switches                                            
     3.218511416                174      context-switches                                            
     3.319099369                167      context-switches                                            
     3.419410198                189      context-switches                                            
     3.519866990                218      context-switches                                            
     3.620161929                351      context-switches                                            
     3.720675536                236      context-switches                                            
     3.821265450                130      context-switches                                            
     3.921880956                186      context-switches                                            
     4.022480135                204      context-switches                                            
     4.123039047                300      context-switches                                            
     4.223645466                208      context-switches                                            
     4.324231235                144      context-switches                                            
     4.424791368                171      context-switches                                            
     4.525225182                232      context-switches                                            
     4.625556140                383      context-switches                                            
     4.726115628                216      context-switches                                            
     4.826690822                181      context-switches                                            
     4.927178745                214      context-switches                                            
     5.027337763             22,630      context-switches                                            
#           time             counts unit events
     5.127503201             35,881      context-switches                                            
     5.227614704             37,875      context-switches                                            
     5.327850644             36,334      context-switches                                            
     5.427979075             36,817      context-switches                                            
     5.528113669             36,963      context-switches                                            
     5.628366280             37,487      context-switches                                            
     5.728651368             37,363      context-switches                                            
     5.828756687             35,678      context-switches                                            
     5.928999940             37,669      context-switches                                            
     6.029109018             36,618      context-switches                                            
     6.129391180             37,703      context-switches                                            
     6.229495189             36,848      context-switches                                            
     6.329684962             37,612      context-switches                                            
     6.429847228             36,971      context-switches                                            
     6.530061575             37,991      context-switches                                            
     6.630172178             36,105      context-switches                                            
     6.730415427             37,405      context-switches                                            
     6.830528306             36,025      context-switches                                            
     6.930749981             38,214      context-switches                                            
     7.030856982             35,579      context-switches                                            
     7.131022539             38,188      context-switches                                            
     7.231184708             35,358      context-switches                                            
     7.331443123             36,899      context-switches                                            
     7.431579670             35,950      context-switches                                            
     7.531811246             37,566      context-switches                                            
#           time             counts unit events
     7.631950715             36,094      context-switches                                            
     7.732188808             38,286      context-switches                                            
     7.832352325             34,862      context-switches                                            
     7.932529565             38,656      context-switches                                            
     8.032719077             36,467      context-switches                                            
     8.132948996             37,719      context-switches                                            
     8.233194549             35,716      context-switches                                            
     8.333420592             37,448      context-switches                                            
     8.433711950             36,316      context-switches                                            
     8.533847426             37,866      context-switches                                            
     8.634036144             36,258      context-switches                                            
     8.734173089             38,512      context-switches                                            
     8.834411676             35,996      context-switches                                            
     8.934543061             38,119      context-switches                                            
     9.034844766             35,970      context-switches                                            
     9.134960731             38,321      context-switches                                            
     9.235156879             34,189      context-switches                                            
     9.335327145             37,885      context-switches                                            
     9.435500060             36,212      context-switches                                            
     9.535735557             38,029      context-switches                                            
     9.635979970             35,648      context-switches                                            
     9.736259310             37,566      context-switches                                            
     9.836466183             35,454      context-switches                                            
     9.936767509             36,236      context-switches                                            
    10.000696477             23,400      context-switches                                            
