# started on Tue Nov 12 12:37:56 2019

#           time             counts unit events
     0.100215128             30,154      context-switches                                            
     0.200351120             31,660      context-switches                                            
     0.300462890             28,928      context-switches                                            
     0.400587728             35,367      context-switches                                            
     0.500710134             35,596      context-switches                                            
     0.600828302             33,805      context-switches                                            
     0.700945408             37,429      context-switches                                            
     0.801056322             37,016      context-switches                                            
     0.901228991             39,159      context-switches                                            
     1.001342832             35,599      context-switches                                            
     1.101544964             36,454      context-switches                                            
     1.201661900             32,128      context-switches                                            
     1.301834330             37,675      context-switches                                            
     1.402021276             37,801      context-switches                                            
     1.502165884             38,400      context-switches                                            
     1.602324117             38,811      context-switches                                            
     1.702436165             33,920      context-switches                                            
     1.802556612             38,692      context-switches                                            
     1.902691518             38,631      context-switches                                            
     2.002808227             37,438      context-switches                                            
     2.102927340             39,449      context-switches                                            
     2.203076819             38,112      context-switches                                            
     2.303267788             38,481      context-switches                                            
     2.403390634             38,889      context-switches                                            
     2.503515706             30,963      context-switches                                            
#           time             counts unit events
     2.603707140             39,218      context-switches                                            
     2.703897010             42,277      context-switches                                            
     2.804057042             39,803      context-switches                                            
     2.904214808             38,591      context-switches                                            
     3.004324572             41,096      context-switches                                            
     3.104398017             41,275      context-switches                                            
     3.204665304             33,821      context-switches                                            
     3.304783250             36,529      context-switches                                            
     3.404926039             33,851      context-switches                                            
     3.505208321             38,701      context-switches                                            
     3.605398692             39,332      context-switches                                            
     3.705556803             39,975      context-switches                                            
     3.805719781             38,963      context-switches                                            
     3.905885623             39,494      context-switches                                            
     4.006023192             35,155      context-switches                                            
     4.106210736             39,010      context-switches                                            
     4.206325330             36,874      context-switches                                            
     4.306434451             38,734      context-switches                                            
     4.406543339             38,704      context-switches                                            
     4.506724755             40,344      context-switches                                            
     4.606898278             37,329      context-switches                                            
     4.707013635             36,906      context-switches                                            
     4.807221693             36,392      context-switches                                            
     4.907395991             37,787      context-switches                                            
     5.007508737             35,795      context-switches                                            
#           time             counts unit events
     5.107618431             42,293      context-switches                                            
     5.207825161             39,225      context-switches                                            
     5.307946238             37,980      context-switches                                            
     5.408060896             39,895      context-switches                                            
     5.508262050             38,507      context-switches                                            
     5.608377672             36,145      context-switches                                            
     5.708498767             36,012      context-switches                                            
     5.808753901             39,688      context-switches                                            
     5.908919977             40,726      context-switches                                            
     6.009092138             40,766      context-switches                                            
     6.109273324             39,089      context-switches                                            
     6.209459896             40,838      context-switches                                            
     6.309634323             40,757      context-switches                                            
     6.409740147             39,028      context-switches                                            
     6.509872428             41,848      context-switches                                            
     6.609982202             39,812      context-switches                                            
     6.710105811             35,590      context-switches                                            
     6.810227855             40,066      context-switches                                            
     6.910445085             40,536      context-switches                                            
     7.010650531             43,077      context-switches                                            
     7.110772327             37,465      context-switches                                            
     7.210948757             37,929      context-switches                                            
     7.311190203             37,377      context-switches                                            
     7.411379757             40,392      context-switches                                            
     7.511490327             38,762      context-switches                                            
#           time             counts unit events
     7.611657819             39,174      context-switches                                            
     7.711841559             38,354      context-switches                                            
     7.811962847             36,598      context-switches                                            
     7.912084516             39,048      context-switches                                            
     8.012209702             37,912      context-switches                                            
     8.112329961             33,591      context-switches                                            
     8.212452229             36,674      context-switches                                            
     8.312640681             38,567      context-switches                                            
     8.412845990             39,947      context-switches                                            
     8.513058469             37,579      context-switches                                            
     8.613203834             40,878      context-switches                                            
     8.713341504             40,344      context-switches                                            
     8.813521797             34,576      context-switches                                            
     8.913645028             38,052      context-switches                                            
     9.013768902             35,153      context-switches                                            
     9.113918975             32,379      context-switches                                            
     9.214082801             38,661      context-switches                                            
     9.314224050             42,311      context-switches                                            
     9.414358856             36,242      context-switches                                            
     9.514465149             39,762      context-switches                                            
     9.614599276             40,282      context-switches                                            
     9.714700242             40,515      context-switches                                            
     9.814843680             37,801      context-switches                                            
     9.915047680             38,127      context-switches                                            
    10.000618545             31,005      context-switches                                            
