# started on Tue Nov  5 21:02:39 2019

#           time             counts unit events
     0.100847843                385      context-switches                                            
     0.201540280                190      context-switches                                            
     0.302043045                189      context-switches                                            
     0.402653476                198      context-switches                                            
     0.503260383                343      context-switches                                            
     0.603860879                144      context-switches                                            
     0.704392965                268      context-switches                                            
     0.805012250                198      context-switches                                            
     0.905604302                334      context-switches                                            
     1.006184135                219      context-switches                                            
     1.106760945                198      context-switches                                            
     1.207373018                208      context-switches                                            
     1.307903162                198      context-switches                                            
     1.408396698                164      context-switches                                            
     1.508953770                250      context-switches                                            
     1.609505837                142      context-switches                                            
     1.710126695                308      context-switches                                            
     1.810733277                202      context-switches                                            
     1.911192238                506      context-switches                                            
     2.011687018                267      context-switches                                            
     2.112297291                155      context-switches                                            
     2.212932469                202      context-switches                                            
     2.313488617                233      context-switches                                            
     2.414001478                227      context-switches                                            
     2.514436982                389      context-switches                                            
#           time             counts unit events
     2.615044984                182      context-switches                                            
     2.715539367                281      context-switches                                            
     2.816095542                217      context-switches                                            
     2.916629963                411      context-switches                                            
     3.017210042                251      context-switches                                            
     3.117834929                176      context-switches                                            
     3.218391290                210      context-switches                                            
     3.318866613                198      context-switches                                            
     3.419352600                179      context-switches                                            
     3.519905072                309      context-switches                                            
     3.620498170                199      context-switches                                            
     3.721158746                341      context-switches                                            
     3.821708438                238      context-switches                                            
     3.922222253                304      context-switches                                            
     4.022789148                176      context-switches                                            
     4.123373757                152      context-switches                                            
     4.223962847                188      context-switches                                            
     4.324531638                198      context-switches                                            
     4.425113622                191      context-switches                                            
     4.525665356                228      context-switches                                            
     4.626240910                174      context-switches                                            
     4.726688984                296      context-switches                                            
     4.826960434                427      context-switches                                            
     4.927510384                192      context-switches                                            
     5.027653195              8,022      context-switches                                            
#           time             counts unit events
     5.127939048             38,053      context-switches                                            
     5.228189162             37,607      context-switches                                            
     5.328406334             38,610      context-switches                                            
     5.428626395             36,096      context-switches                                            
     5.528763326             38,790      context-switches                                            
     5.628976546             36,095      context-switches                                            
     5.729081377             38,298      context-switches                                            
     5.829237464             36,398      context-switches                                            
     5.929419141             38,758      context-switches                                            
     6.029670260             36,428      context-switches                                            
     6.129862913             37,788      context-switches                                            
     6.230202054             34,524      context-switches                                            
     6.330467705             38,341      context-switches                                            
     6.430640566             35,763      context-switches                                            
     6.530806128             36,996      context-switches                                            
     6.631021842             35,299      context-switches                                            
     6.731238962             38,381      context-switches                                            
     6.831460408             35,660      context-switches                                            
     6.931655005             38,373      context-switches                                            
     7.031894827             35,806      context-switches                                            
     7.132167805             36,819      context-switches                                            
     7.232418257             36,351      context-switches                                            
     7.332634326             38,840      context-switches                                            
     7.432885884             35,243      context-switches                                            
     7.533089389             38,180      context-switches                                            
#           time             counts unit events
     7.633252241             35,435      context-switches                                            
     7.733537346             38,018      context-switches                                            
     7.833747948             35,133      context-switches                                            
     7.933974425             38,812      context-switches                                            
     8.034205504             35,487      context-switches                                            
     8.134483263             38,077      context-switches                                            
     8.234652556             35,695      context-switches                                            
     8.334816784             38,514      context-switches                                            
     8.435054636             35,614      context-switches                                            
     8.535189162             37,046      context-switches                                            
     8.635352298             35,669      context-switches                                            
     8.735478989             38,348      context-switches                                            
     8.835730416             37,397      context-switches                                            
     8.935929098             37,056      context-switches                                            
     9.036125731             35,953      context-switches                                            
     9.136370010             38,180      context-switches                                            
     9.236477556             36,149      context-switches                                            
     9.336682185             36,641      context-switches                                            
     9.436799402             34,844      context-switches                                            
     9.536948362             37,708      context-switches                                            
     9.637065999             36,091      context-switches                                            
     9.737207213             37,973      context-switches                                            
     9.837380087             32,857      context-switches                                            
     9.937521085             36,472      context-switches                                            
    10.000819012             19,755      context-switches                                            
