# started on Wed Nov  6 02:11:23 2019

#           time             counts unit events
     0.100790632                382      context-switches                                            
     0.201490410                184      context-switches                                            
     0.302105620                199      context-switches                                            
     0.402696621                163      context-switches                                            
     0.503321870                153      context-switches                                            
     0.603951265                206      context-switches                                            
     0.704532920                450      context-switches                                            
     0.805166419                225      context-switches                                            
     0.905822546                252      context-switches                                            
     1.006393144                175      context-switches                                            
     1.106939495                220      context-switches                                            
     1.207367155                157      context-switches                                            
     1.307754891                224      context-switches                                            
     1.408319195                166      context-switches                                            
     1.508993450                188      context-switches                                            
     1.609526355                239      context-switches                                            
     1.710090697                451      context-switches                                            
     1.810674822                198      context-switches                                            
     1.911280166                170      context-switches                                            
     2.011949003                200      context-switches                                            
     2.112520569                189      context-switches                                            
     2.213173209                227      context-switches                                            
     2.313723804                253      context-switches                                            
     2.414261511                173      context-switches                                            
     2.514778145                139      context-switches                                            
#           time             counts unit events
     2.615312324                208      context-switches                                            
     2.715924028                440      context-switches                                            
     2.816520947                187      context-switches                                            
     2.917142954                148      context-switches                                            
     3.017800385                176      context-switches                                            
     3.118451692                202      context-switches                                            
     3.219062688                194      context-switches                                            
     3.319649499                208      context-switches                                            
     3.420094399                156      context-switches                                            
     3.520713446                184      context-switches                                            
     3.621370471                182      context-switches                                            
     3.721978405                375      context-switches                                            
     3.822482810                307      context-switches                                            
     3.923141512                230      context-switches                                            
     4.023715003                167      context-switches                                            
     4.124302018                211      context-switches                                            
     4.224789842                229      context-switches                                            
     4.325300067                249      context-switches                                            
     4.425758970                209      context-switches                                            
     4.526218124                180      context-switches                                            
     4.626702409                373      context-switches                                            
     4.727205635                409      context-switches                                            
     4.827726447                266      context-switches                                            
     4.928284091                316      context-switches                                            
     5.028489723              8,569      context-switches                                            
#           time             counts unit events
     5.128940014                464      context-switches                                            
     5.229321210              2,229      context-switches                                            
     5.329638180              1,945      context-switches                                            
     5.430048424              3,494      context-switches                                            
     5.530341563              1,919      context-switches                                            
     5.630685136              4,031      context-switches                                            
     5.731152428              4,229      context-switches                                            
     5.831673377              1,600      context-switches                                            
     5.931826485              4,270      context-switches                                            
     6.032322213              4,725      context-switches                                            
     6.132703053                763      context-switches                                            
     6.232963435              4,382      context-switches                                            
     6.333164180              2,750      context-switches                                            
     6.433557515              2,677      context-switches                                            
     6.533880516              3,779      context-switches                                            
     6.634345379              2,392      context-switches                                            
     6.734614721              4,285      context-switches                                            
     6.834822561              1,670      context-switches                                            
     6.935289272              3,992      context-switches                                            
     7.035446377              1,535      context-switches                                            
     7.135713889              4,075      context-switches                                            
     7.236165268              3,713      context-switches                                            
     7.336504326              1,601      context-switches                                            
     7.437042996              4,399      context-switches                                            
     7.537201709              2,603      context-switches                                            
#           time             counts unit events
     7.637622234              2,670      context-switches                                            
     7.738154592              4,276      context-switches                                            
     7.838384363              1,830      context-switches                                            
     7.938826471              3,545      context-switches                                            
     8.039178220              2,018      context-switches                                            
     8.139572825              3,667      context-switches                                            
     8.240055115              3,857      context-switches                                            
     8.340304211              1,687      context-switches                                            
     8.440664359              3,973      context-switches                                            
     8.540900172              1,455      context-switches                                            
     8.641240961              4,103      context-switches                                            
     8.741684345              3,840      context-switches                                            
     8.842046059              1,314      context-switches                                            
     8.942458404              4,313      context-switches                                            
     9.042773361              4,016      context-switches                                            
     9.143214145              1,000      context-switches                                            
     9.243523157              4,041      context-switches                                            
     9.343812121              1,712      context-switches                                            
     9.444150595              4,013      context-switches                                            
     9.544308950              2,234      context-switches                                            
     9.644638648              3,234      context-switches                                            
     9.745037511              4,061      context-switches                                            
     9.845194168              1,969      context-switches                                            
     9.945801474              4,204      context-switches                                            
    10.001057797                253      context-switches                                            
