# started on Wed Nov  6 02:09:33 2019

#           time             counts unit events
     0.100520923              2,409      context-switches                                            
     0.201189211                219      context-switches                                            
     0.301781681                194      context-switches                                            
     0.402396256                234      context-switches                                            
     0.502966800                165      context-switches                                            
     0.603594519                207      context-switches                                            
     0.704145001                191      context-switches                                            
     0.804654132                234      context-switches                                            
     0.905272232                248      context-switches                                            
     1.005919118                379      context-switches                                            
     1.106520274                218      context-switches                                            
     1.207040641                262      context-switches                                            
     1.307591375                220      context-switches                                            
     1.408187967                187      context-switches                                            
     1.508703251                166      context-switches                                            
     1.609298593                192      context-switches                                            
     1.709954337                188      context-switches                                            
     1.810514604                294      context-switches                                            
     1.911143607                215      context-switches                                            
     2.011769266                370      context-switches                                            
     2.112333848                165      context-switches                                            
     2.212939442                193      context-switches                                            
     2.313534625                215      context-switches                                            
     2.414097406                247      context-switches                                            
     2.514704040                143      context-switches                                            
#           time             counts unit events
     2.615303519                182      context-switches                                            
     2.715982349                188      context-switches                                            
     2.816641819                214      context-switches                                            
     2.917294235                268      context-switches                                            
     3.017907624                300      context-switches                                            
     3.118526704                152      context-switches                                            
     3.219092001                228      context-switches                                            
     3.319689272                184      context-switches                                            
     3.420286717                214      context-switches                                            
     3.520867026                352      context-switches                                            
     3.621421965                459      context-switches                                            
     3.722045592                296      context-switches                                            
     3.822430250                190      context-switches                                            
     3.922795757                338      context-switches                                            
     4.023441224                316      context-switches                                            
     4.124090979                147      context-switches                                            
     4.224686006                210      context-switches                                            
     4.325216515                205      context-switches                                            
     4.425786277                273      context-switches                                            
     4.526325111                245      context-switches                                            
     4.626882604                249      context-switches                                            
     4.727457085                255      context-switches                                            
     4.828050687                343      context-switches                                            
     4.928343059                552      context-switches                                            
     5.028504187             27,650      context-switches                                            
#           time             counts unit events
     5.128672606             37,553      context-switches                                            
     5.228789011             37,056      context-switches                                            
     5.328979543             36,657      context-switches                                            
     5.429119877             37,182      context-switches                                            
     5.529429396             37,175      context-switches                                            
     5.629689531             35,887      context-switches                                            
     5.729970438             37,430      context-switches                                            
     5.830121947             37,476      context-switches                                            
     5.930230061             38,176      context-switches                                            
     6.030397706             37,030      context-switches                                            
     6.130565397             38,056      context-switches                                            
     6.230758513             36,054      context-switches                                            
     6.330951448             39,183      context-switches                                            
     6.431148539             37,143      context-switches                                            
     6.531373967             38,179      context-switches                                            
     6.631574949             35,916      context-switches                                            
     6.731683628             37,919      context-switches                                            
     6.831930831             35,331      context-switches                                            
     6.932177182             37,491      context-switches                                            
     7.032415048             35,613      context-switches                                            
     7.132526867             36,006      context-switches                                            
     7.232747565             36,313      context-switches                                            
     7.332943027             37,474      context-switches                                            
     7.433233320             36,377      context-switches                                            
     7.533406681             37,565      context-switches                                            
#           time             counts unit events
     7.633558421             37,257      context-switches                                            
     7.733791479             38,143      context-switches                                            
     7.833986051             36,697      context-switches                                            
     7.934157393             37,893      context-switches                                            
     8.034390034             36,899      context-switches                                            
     8.134498970             37,139      context-switches                                            
     8.234735159             37,246      context-switches                                            
     8.334900730             39,144      context-switches                                            
     8.435066759             36,855      context-switches                                            
     8.535199291             38,058      context-switches                                            
     8.635505901             36,238      context-switches                                            
     8.735741912             38,450      context-switches                                            
     8.835875294             36,254      context-switches                                            
     8.936041583             37,605      context-switches                                            
     9.036213265             36,857      context-switches                                            
     9.136434413             37,881      context-switches                                            
     9.236604081             36,385      context-switches                                            
     9.336741029             37,429      context-switches                                            
     9.436878295             35,834      context-switches                                            
     9.537039341             37,797      context-switches                                            
     9.637286797             37,070      context-switches                                            
     9.737580214             37,817      context-switches                                            
     9.837689972             36,807      context-switches                                            
     9.937858867             38,343      context-switches                                            
    10.000578389             22,881      context-switches                                            
