# started on Wed Nov  6 01:22:36 2019

#           time             counts unit events
     0.100815246                346      context-switches                                            
     0.201545993                138      context-switches                                            
     0.302172977                140      context-switches                                            
     0.402823498                259      context-switches                                            
     0.503462855                228      context-switches                                            
     0.604056236                180      context-switches                                            
     0.704563585                180      context-switches                                            
     0.805173063                242      context-switches                                            
     0.905717803                412      context-switches                                            
     1.006387610                196      context-switches                                            
     1.107030869                192      context-switches                                            
     1.207517238                134      context-switches                                            
     1.308080014                131      context-switches                                            
     1.408643765                253      context-switches                                            
     1.509269522                234      context-switches                                            
     1.609848536                223      context-switches                                            
     1.710466981                195      context-switches                                            
     1.810946704                379      context-switches                                            
     1.911606342                364      context-switches                                            
     2.012185746                146      context-switches                                            
     2.112321657              1,053      context-switches                                            
     2.212872674              5,952      context-switches                                            
     2.313524066                166      context-switches                                            
     2.414117032                257      context-switches                                            
     2.514773564                177      context-switches                                            
#           time             counts unit events
     2.615414395                258      context-switches                                            
     2.715946802                155      context-switches                                            
     2.816415863                252      context-switches                                            
     2.916866777                380      context-switches                                            
     3.017308026                183      context-switches                                            
     3.117859085                271      context-switches                                            
     3.218432342              2,550      context-switches                                            
     3.318835683                698      context-switches                                            
     3.419259280              4,267      context-switches                                            
     3.519604185                244      context-switches                                            
     3.620209700                314      context-switches                                            
     3.720536647                223      context-switches                                            
     3.821169054                233      context-switches                                            
     3.921741145                336      context-switches                                            
     4.022400094                188      context-switches                                            
     4.123058539                226      context-switches                                            
     4.223696538                185      context-switches                                            
     4.324305081                179      context-switches                                            
     4.424749290                281      context-switches                                            
     4.525323717                152      context-switches                                            
     4.625984078                272      context-switches                                            
     4.726623553                222      context-switches                                            
     4.827226610                211      context-switches                                            
     4.927606328                426      context-switches                                            
     5.027845184              5,589      context-switches                                            
#           time             counts unit events
     5.128140662             22,911      context-switches                                            
     5.228246686             37,008      context-switches                                            
     5.328506593             38,525      context-switches                                            
     5.428615314             37,680      context-switches                                            
     5.528836052             38,128      context-switches                                            
     5.628943500             37,723      context-switches                                            
     5.729221288             37,498      context-switches                                            
     5.829380474             36,881      context-switches                                            
     5.929592203             38,525      context-switches                                            
     6.029698176             36,677      context-switches                                            
     6.129907079             39,000      context-switches                                            
     6.230017745             36,845      context-switches                                            
     6.330290635             38,341      context-switches                                            
     6.430406708             36,760      context-switches                                            
     6.530648255             39,256      context-switches                                            
     6.630850644             37,311      context-switches                                            
     6.731150581             39,091      context-switches                                            
     6.831388781             36,409      context-switches                                            
     6.931592247             39,226      context-switches                                            
     7.031866315             36,804      context-switches                                            
     7.132111347             38,929      context-switches                                            
     7.232336489             37,130      context-switches                                            
     7.332580419             38,898      context-switches                                            
     7.432860895             37,018      context-switches                                            
     7.533072283             39,223      context-switches                                            
#           time             counts unit events
     7.633169419             36,527      context-switches                                            
     7.733367820             38,449      context-switches                                            
     7.833534961             37,061      context-switches                                            
     7.933784048             38,725      context-switches                                            
     8.033998471             36,772      context-switches                                            
     8.134218976             37,760      context-switches                                            
     8.234386751             36,662      context-switches                                            
     8.334552679             38,552      context-switches                                            
     8.434824542             36,646      context-switches                                            
     8.535010487             38,479      context-switches                                            
     8.635204145             36,365      context-switches                                            
     8.735308278             38,214      context-switches                                            
     8.835537243             37,628      context-switches                                            
     8.935772370             38,084      context-switches                                            
     9.036074649             37,561      context-switches                                            
     9.136241640             38,778      context-switches                                            
     9.236459825             36,716      context-switches                                            
     9.336565565             38,657      context-switches                                            
     9.436823763             36,063      context-switches                                            
     9.536937241             36,806      context-switches                                            
     9.637049223             37,282      context-switches                                            
     9.737160545             38,799      context-switches                                            
     9.837354215             37,195      context-switches                                            
     9.937662741             38,721      context-switches                                            
    10.000679617             23,099      context-switches                                            
