# started on Tue Nov  5 20:35:27 2019

#           time             counts unit events
     0.100823777                558      context-switches                                            
     0.201461999                726      context-switches                                            
     0.301999841                212      context-switches                                            
     0.402602362                289      context-switches                                            
     0.503218023                227      context-switches                                            
     0.603699561                418      context-switches                                            
     0.704250460                279      context-switches                                            
     0.804574091                683      context-switches                                            
     0.904950466              1,611      context-switches                                            
     1.005229755              3,800      context-switches                                            
     1.105595318              8,504      context-switches                                            
     1.206090219                987      context-switches                                            
     1.306635484                339      context-switches                                            
     1.407028537                333      context-switches                                            
     1.507484545                541      context-switches                                            
     1.608070905                206      context-switches                                            
     1.708684999                257      context-switches                                            
     1.809297414                530      context-switches                                            
     1.909943134                457      context-switches                                            
     2.010449227                542      context-switches                                            
     2.110800953                632      context-switches                                            
     2.211317816              1,093      context-switches                                            
     2.311954493                531      context-switches                                            
     2.412559791                426      context-switches                                            
     2.512980788                448      context-switches                                            
#           time             counts unit events
     2.613529633                556      context-switches                                            
     2.714168997                409      context-switches                                            
     2.814720488                420      context-switches                                            
     2.915216700                501      context-switches                                            
     3.015640460                522      context-switches                                            
     3.115981561                711      context-switches                                            
     3.216524009                750      context-switches                                            
     3.317143748                479      context-switches                                            
     3.417727818                511      context-switches                                            
     3.518280845                516      context-switches                                            
     3.618896527                427      context-switches                                            
     3.719518729                309      context-switches                                            
     3.820100449                222      context-switches                                            
     3.920689456                308      context-switches                                            
     4.021219046                320      context-switches                                            
     4.121821358                531      context-switches                                            
     4.222287372                474      context-switches                                            
     4.322888520                220      context-switches                                            
     4.423490383                217      context-switches                                            
     4.523907458              2,290      context-switches                                            
     4.624464454                508      context-switches                                            
     4.725027290                338      context-switches                                            
     4.825476330                308      context-switches                                            
     4.925921794                601      context-switches                                            
     5.026204375                962      context-switches                                            
#           time             counts unit events
     5.126677364              2,513      context-switches                                            
     5.226829030              2,410      context-switches                                            
     5.327232640              3,491      context-switches                                            
     5.427422252              2,068      context-switches                                            
     5.527748944              6,574      context-switches                                            
     5.628196289              5,663      context-switches                                            
     5.728382633              2,463      context-switches                                            
     5.828520669              7,996      context-switches                                            
     5.928633430              5,120      context-switches                                            
     6.029102017              3,839      context-switches                                            
     6.129351325              5,162      context-switches                                            
     6.229755294              5,033      context-switches                                            
     6.330240428              4,135      context-switches                                            
     6.430606465              2,759      context-switches                                            
     6.531074896              7,216      context-switches                                            
     6.631179639              4,149      context-switches                                            
     6.731297137              6,447      context-switches                                            
     6.831407155              6,272      context-switches                                            
     6.931693248              3,541      context-switches                                            
     7.031931716              5,313      context-switches                                            
     7.132178050              4,580      context-switches                                            
     7.232631757              4,924      context-switches                                            
     7.333018887              5,259      context-switches                                            
     7.433374306              5,248      context-switches                                            
     7.533664207              4,990      context-switches                                            
#           time             counts unit events
     7.633771066              5,678      context-switches                                            
     7.733880782              3,466      context-switches                                            
     7.834045077              6,303      context-switches                                            
     7.934344288              3,097      context-switches                                            
     8.034630924              5,425      context-switches                                            
     8.134816001              5,651      context-switches                                            
     8.235254645              4,501      context-switches                                            
     8.335454642              4,809      context-switches                                            
     8.436052895              4,899      context-switches                                            
     8.536260631              1,789      context-switches                                            
     8.636426784              6,906      context-switches                                            
     8.736770754              2,103      context-switches                                            
     8.836965387              5,412      context-switches                                            
     8.937081381              6,249      context-switches                                            
     9.037549199              2,954      context-switches                                            
     9.137863203              5,614      context-switches                                            
     9.238311059              5,751      context-switches                                            
     9.338731647              5,539      context-switches                                            
     9.438902097              5,526      context-switches                                            
     9.539325194              5,232      context-switches                                            
     9.639671349              3,317      context-switches                                            
     9.739978101              7,990      context-switches                                            
     9.840092083              3,273      context-switches                                            
     9.940250326              7,553      context-switches                                            
    10.000966911              3,857      context-switches                                            
