# started on Tue Nov  5 22:11:23 2019

#           time             counts unit events
     0.100845953                469      context-switches                                            
     0.201555540                339      context-switches                                            
     0.302035690                307      context-switches                                            
     0.402701232                275      context-switches                                            
     0.503378452                363      context-switches                                            
     0.604020667                307      context-switches                                            
     0.704678216                312      context-switches                                            
     0.805346675                645      context-switches                                            
     0.906101581                468      context-switches                                            
     1.006701918                322      context-switches                                            
     1.107385044                370      context-switches                                            
     1.207995318                290      context-switches                                            
     1.308553633                303      context-switches                                            
     1.409109698                269      context-switches                                            
     1.509613116                334      context-switches                                            
     1.610334238                320      context-switches                                            
     1.710962080                366      context-switches                                            
     1.811476427                606      context-switches                                            
     1.912028218                490      context-switches                                            
     2.012536957                275      context-switches                                            
     2.113032679                352      context-switches                                            
     2.213344235                912      context-switches                                            
     2.313768239                324      context-switches                                            
     2.414346663                285      context-switches                                            
     2.514777086                295      context-switches                                            
#           time             counts unit events
     2.615326996                350      context-switches                                            
     2.715932145                320      context-switches                                            
     2.816409919                621      context-switches                                            
     2.916889556                469      context-switches                                            
     3.017416637                276      context-switches                                            
     3.118032866                320      context-switches                                            
     3.218691350                270      context-switches                                            
     3.319248954                319      context-switches                                            
     3.419799869                262      context-switches                                            
     3.520433129                350      context-switches                                            
     3.621054375                366      context-switches                                            
     3.721771541                329      context-switches                                            
     3.822143361                596      context-switches                                            
     3.922780505                439      context-switches                                            
     4.023413114                276      context-switches                                            
     4.124075935                446      context-switches                                            
     4.224704684                339      context-switches                                            
     4.325325738                332      context-switches                                            
     4.425867942                303      context-switches                                            
     4.526336199                334      context-switches                                            
     4.626910155                400      context-switches                                            
     4.727541946                389      context-switches                                            
     4.827897327                822      context-switches                                            
     4.928309180              6,725      context-switches                                            
     5.028449148             19,521      context-switches                                            
#           time             counts unit events
     5.128598477             36,458      context-switches                                            
     5.228717282             34,933      context-switches                                            
     5.328959862             36,031      context-switches                                            
     5.429082032             36,156      context-switches                                            
     5.529284982             36,712      context-switches                                            
     5.629401802             36,437      context-switches                                            
     5.729606173             36,441      context-switches                                            
     5.829747533             34,986      context-switches                                            
     5.929916515             37,267      context-switches                                            
     6.030051424             35,145      context-switches                                            
     6.130219074             36,806      context-switches                                            
     6.230390357             36,313      context-switches                                            
     6.330591571             36,930      context-switches                                            
     6.430764266             35,836      context-switches                                            
     6.531038188             38,037      context-switches                                            
     6.631261304             35,345      context-switches                                            
     6.731515625             37,050      context-switches                                            
     6.831655085             36,126      context-switches                                            
     6.931803912             36,511      context-switches                                            
     7.032010365             34,382      context-switches                                            
     7.132301606             36,510      context-switches                                            
     7.232584243             35,480      context-switches                                            
     7.332875474             37,793      context-switches                                            
     7.433108228             35,694      context-switches                                            
     7.533322507             36,455      context-switches                                            
#           time             counts unit events
     7.633516119             36,033      context-switches                                            
     7.733686668             35,241      context-switches                                            
     7.833914169             35,918      context-switches                                            
     7.934167130             38,270      context-switches                                            
     8.034402600             34,764      context-switches                                            
     8.134566556             37,931      context-switches                                            
     8.234789622             36,671      context-switches                                            
     8.335020395             34,422      context-switches                                            
     8.435290462             36,979      context-switches                                            
     8.535519577             37,018      context-switches                                            
     8.635719775             36,205      context-switches                                            
     8.736054528             36,219      context-switches                                            
     8.836300608             37,125      context-switches                                            
     8.936525572             37,428      context-switches                                            
     9.036705983             35,706      context-switches                                            
     9.137022345             37,935      context-switches                                            
     9.237201021             35,206      context-switches                                            
     9.337414193             38,192      context-switches                                            
     9.437526002             36,297      context-switches                                            
     9.537671228             37,757      context-switches                                            
     9.637832469             36,714      context-switches                                            
     9.738069228             38,148      context-switches                                            
     9.838236893             35,489      context-switches                                            
     9.938516052             37,968      context-switches                                            
    10.000862093             23,177      context-switches                                            
