# started on Tue Nov  5 20:52:04 2019

#           time             counts unit events
     0.100722937                357      context-switches                                            
     0.201409600                277      context-switches                                            
     0.302009199                171      context-switches                                            
     0.402598603                182      context-switches                                            
     0.503169907                182      context-switches                                            
     0.603778672                187      context-switches                                            
     0.704798129                237      context-switches                                            
     0.805368092                284      context-switches                                            
     0.905994346                315      context-switches                                            
     1.006622330                192      context-switches                                            
     1.107276446                136      context-switches                                            
     1.207812526                274      context-switches                                            
     1.308426459                192      context-switches                                            
     1.408993939                171      context-switches                                            
     1.509557225                213      context-switches                                            
     1.610159897                141      context-switches                                            
     1.710821414                229      context-switches                                            
     1.811407374                240      context-switches                                            
     1.911980029                301      context-switches                                            
     2.012590681                206      context-switches                                            
     2.113222597                134      context-switches                                            
     2.213708477                268      context-switches                                            
     2.314215431                192      context-switches                                            
     2.414849238                165      context-switches                                            
     2.515471727                213      context-switches                                            
#           time             counts unit events
     2.616110827                164      context-switches                                            
     2.716623636                300      context-switches                                            
     2.817268538                212      context-switches                                            
     2.917862471                376      context-switches                                            
     3.018449709                130      context-switches                                            
     3.119121506                178      context-switches                                            
     3.219723914                223      context-switches                                            
     3.320364859                241      context-switches                                            
     3.420929282                182      context-switches                                            
     3.521550862                286      context-switches                                            
     3.622196606                168      context-switches                                            
     3.722717152                313      context-switches                                            
     3.822934871              6,997      context-switches                                            
     3.923470851                169      context-switches                                            
     4.024095279                178      context-switches                                            
     4.124661691                160      context-switches                                            
     4.225205573                216      context-switches                                            
     4.325657926                255      context-switches                                            
     4.426179724                178      context-switches                                            
     4.526832279                197      context-switches                                            
     4.627442378                183      context-switches                                            
     4.727859055                295      context-switches                                            
     4.828263048                450      context-switches                                            
     4.928835322                208      context-switches                                            
     5.029222669              3,765      context-switches                                            
#           time             counts unit events
     5.129333806              3,888      context-switches                                            
     5.229454492             23,894      context-switches                                            
     5.329705773             30,490      context-switches                                            
     5.430160082             19,977      context-switches                                            
     5.530449692              5,547      context-switches                                            
     5.630892955              5,015      context-switches                                            
     5.731405652              6,308      context-switches                                            
     5.831965460              4,385      context-switches                                            
     5.932560219              3,197      context-switches                                            
     6.033212973              3,327      context-switches                                            
     6.133719893              2,191      context-switches                                            
     6.234139341              2,141      context-switches                                            
     6.334536698              1,445      context-switches                                            
     6.435176283              1,581      context-switches                                            
     6.535847174              1,867      context-switches                                            
     6.636422815              1,820      context-switches                                            
     6.736888553              1,675      context-switches                                            
     6.837352506              1,547      context-switches                                            
     6.937895911              1,716      context-switches                                            
     7.038478701              1,817      context-switches                                            
     7.139011769              1,787      context-switches                                            
     7.239371038              1,601      context-switches                                            
     7.339799306              1,562      context-switches                                            
     7.440431416              1,630      context-switches                                            
     7.541002542              1,818      context-switches                                            
#           time             counts unit events
     7.641622329              1,815      context-switches                                            
     7.742027823              1,636      context-switches                                            
     7.842459407              1,424      context-switches                                            
     7.943138982              1,455      context-switches                                            
     8.043589518              1,868      context-switches                                            
     8.144152796              1,625      context-switches                                            
     8.244617122              1,451      context-switches                                            
     8.345005934              1,270      context-switches                                            
     8.445598316              1,381      context-switches                                            
     8.546139313              1,668      context-switches                                            
     8.646700159              1,755      context-switches                                            
     8.747045376              1,931      context-switches                                            
     8.847405539              1,904      context-switches                                            
     8.948025406              1,512      context-switches                                            
     9.048654323              1,799      context-switches                                            
     9.149339384              1,715      context-switches                                            
     9.249837474              1,788      context-switches                                            
     9.350238358              1,466      context-switches                                            
     9.450709345              1,488      context-switches                                            
     9.551381672              1,871      context-switches                                            
     9.652002106              1,785      context-switches                                            
     9.752602502              1,857      context-switches                                            
     9.853010471              1,614      context-switches                                            
     9.953326830              1,551      context-switches                                            
    10.000907812                630      context-switches                                            
