# started on Thu Nov  7 02:08:55 2019

#           time             counts unit events
     0.100680480                518      context-switches                                            
     0.201161634              1,782      context-switches                                            
     0.301443299              3,175      context-switches                                            
     0.401843596              2,046      context-switches                                            
     0.502058098              3,909      context-switches                                            
     0.602346096              6,335      context-switches                                            
     0.702592987              5,363      context-switches                                            
     0.802890395              2,080      context-switches                                            
     0.903165355              7,202      context-switches                                            
     1.003426926              3,640      context-switches                                            
     1.103887845              3,647      context-switches                                            
     1.204195901              6,043      context-switches                                            
     1.304433604              3,844      context-switches                                            
     1.404957871              4,511      context-switches                                            
     1.505446502              5,017      context-switches                                            
     1.605827486              5,109      context-switches                                            
     1.706018036              2,445      context-switches                                            
     1.806421097              7,920      context-switches                                            
     1.906694371              1,302      context-switches                                            
     2.006811606              6,306      context-switches                                            
     2.107014257              5,056      context-switches                                            
     2.207419108              3,128      context-switches                                            
     2.307575110              5,080      context-switches                                            
     2.407833001              5,259      context-switches                                            
     2.508265363              3,815      context-switches                                            
#           time             counts unit events
     2.608493660              3,212      context-switches                                            
     2.708794980              7,899      context-switches                                            
     2.809043960              4,018      context-switches                                            
     2.909162270              2,854      context-switches                                            
     3.009423024              6,515      context-switches                                            
     3.109797337              2,344      context-switches                                            
     3.209966563              4,948      context-switches                                            
     3.310215658              5,181      context-switches                                            
     3.410569659              4,222      context-switches                                            
     3.510919423              5,061      context-switches                                            
     3.611189340              5,064      context-switches                                            
     3.711410870              2,622      context-switches                                            
     3.811884136              7,509      context-switches                                            
     3.912039524              2,385      context-switches                                            
     4.012155881              4,915      context-switches                                            
     4.112323024              5,127      context-switches                                            
     4.212792783              3,064      context-switches                                            
     4.313181216              5,292      context-switches                                            
     4.413570023              4,435      context-switches                                            
     4.513827449              4,440      context-switches                                            
     4.614054235             10,198      context-switches                                            
     4.714324680              5,673      context-switches                                            
     4.814631162              1,922      context-switches                                            
     4.914883914              7,323      context-switches                                            
     5.015098066              1,914      context-switches                                            
#           time             counts unit events
     5.115369144              4,284      context-switches                                            
     5.215662379              5,562      context-switches                                            
     5.316026454              4,208      context-switches                                            
     5.416332227              4,656      context-switches                                            
     5.516742891              5,257      context-switches                                            
     5.617182693              4,950      context-switches                                            
     5.717418073              2,654      context-switches                                            
     5.817890640              7,354      context-switches                                            
     5.918120657              1,471      context-switches                                            
     6.018238745              6,687      context-switches                                            
     6.118452364              4,616      context-switches                                            
     6.218697418              5,569      context-switches                                            
     6.318850154              7,691      context-switches                                            
     6.419019750              6,299      context-switches                                            
     6.519534598              4,557      context-switches                                            
     6.619715169              4,609      context-switches                                            
     6.720152100              5,566      context-switches                                            
     6.820404580              1,584      context-switches                                            
     6.920580720              6,588      context-switches                                            
     7.020781742              5,720      context-switches                                            
     7.121220936              1,603      context-switches                                            
     7.221482634              6,121      context-switches                                            
     7.321656913              4,221      context-switches                                            
     7.421946914              4,446      context-switches                                            
     7.522453682              5,158      context-switches                                            
#           time             counts unit events
     7.622710193              5,096      context-switches                                            
     7.723279396              5,381      context-switches                                            
     7.823620832              1,719      context-switches                                            
     7.923934554              7,149      context-switches                                            
     8.024043075              4,745      context-switches                                            
     8.124279583              2,595      context-switches                                            
     8.224561994              6,460      context-switches                                            
     8.324996664              3,410      context-switches                                            
     8.425317134              4,674      context-switches                                            
     8.525450670              5,270      context-switches                                            
     8.625940536              4,876      context-switches                                            
     8.726168314              2,748      context-switches                                            
     8.826590944              7,392      context-switches                                            
     8.926702065              3,341      context-switches                                            
     9.026937639              3,036      context-switches                                            
     9.127194039              5,906      context-switches                                            
     9.227572168              3,563      context-switches                                            
     9.327980919              4,960      context-switches                                            
     9.428232057              5,171      context-switches                                            
     9.528659936              4,259      context-switches                                            
     9.628943145              5,137      context-switches                                            
     9.729267774              5,317      context-switches                                            
     9.829370489              4,393      context-switches                                            
     9.929582282              2,407      context-switches                                            
    10.000797512              3,595      context-switches                                            
