# started on Tue Nov  5 21:12:52 2019

#           time             counts unit events
     0.100763616                410      context-switches                                            
     0.201419488                205      context-switches                                            
     0.301915041                476      context-switches                                            
     0.402443527                193      context-switches                                            
     0.502976091                227      context-switches                                            
     0.603450340                228      context-switches                                            
     0.704049907                245      context-switches                                            
     0.804600283                322      context-switches                                            
     0.905140210                232      context-switches                                            
     1.005753674                281      context-switches                                            
     1.106353187                356      context-switches                                            
     1.206950339                413      context-switches                                            
     1.307558979                466      context-switches                                            
     1.408159096                189      context-switches                                            
     1.508759623                179      context-switches                                            
     1.609343874                172      context-switches                                            
     1.709763909                164      context-switches                                            
     1.810286880                188      context-switches                                            
     1.910838545                229      context-switches                                            
     2.011372123                190      context-switches                                            
     2.111881206                283      context-switches                                            
     2.212477520                197      context-switches                                            
     2.313009204                410      context-switches                                            
     2.413485892                224      context-switches                                            
     2.514077983                248      context-switches                                            
#           time             counts unit events
     2.614711639                162      context-switches                                            
     2.715331672                176      context-switches                                            
     2.815932688                178      context-switches                                            
     2.916500891                212      context-switches                                            
     3.016999237                205      context-switches                                            
     3.117417376                287      context-switches                                            
     3.217919849                161      context-switches                                            
     3.318463148                378      context-switches                                            
     3.419008987                212      context-switches                                            
     3.519582577                163      context-switches                                            
     3.620174385                169      context-switches                                            
     3.720638064                176      context-switches                                            
     3.821058473                176      context-switches                                            
     3.921663900                245      context-switches                                            
     4.022275445                208      context-switches                                            
     4.122947059                262      context-switches                                            
     4.223492285                168      context-switches                                            
     4.323991490                440      context-switches                                            
     4.424572908                199      context-switches                                            
     4.525161626                193      context-switches                                            
     4.625630876                149      context-switches                                            
     4.726158511                189      context-switches                                            
     4.826749571                186      context-switches                                            
     4.927337950                251      context-switches                                            
     5.027481463              4,540      context-switches                                            
#           time             counts unit events
     5.127788532             11,845      context-switches                                            
     5.228067228             37,586      context-switches                                            
     5.328234572             39,489      context-switches                                            
     5.428460006             37,578      context-switches                                            
     5.528662381             38,623      context-switches                                            
     5.628878549             37,243      context-switches                                            
     5.728990013             37,986      context-switches                                            
     5.829186328             37,217      context-switches                                            
     5.929346225             37,584      context-switches                                            
     6.029508514             36,565      context-switches                                            
     6.129617389             39,038      context-switches                                            
     6.229710323             37,564      context-switches                                            
     6.329879461             39,498      context-switches                                            
     6.430150463             36,319      context-switches                                            
     6.530321902             38,102      context-switches                                            
     6.630523229             36,414      context-switches                                            
     6.730750123             38,901      context-switches                                            
     6.830924484             36,583      context-switches                                            
     6.931216800             38,061      context-switches                                            
     7.031372828             35,944      context-switches                                            
     7.131533258             39,402      context-switches                                            
     7.231673715             37,375      context-switches                                            
     7.331909558             37,420      context-switches                                            
     7.432151920             37,839      context-switches                                            
     7.532280586             37,439      context-switches                                            
#           time             counts unit events
     7.632458402             38,413      context-switches                                            
     7.732690404             38,231      context-switches                                            
     7.832926300             38,655      context-switches                                            
     7.933174459             36,867      context-switches                                            
     8.033284723             37,839      context-switches                                            
     8.133492544             37,628      context-switches                                            
     8.233602137             38,239      context-switches                                            
     8.333774354             37,589      context-switches                                            
     8.433963139             36,870      context-switches                                            
     8.534268233             38,828      context-switches                                            
     8.634514563             38,624      context-switches                                            
     8.734748109             37,191      context-switches                                            
     8.834958338             37,413      context-switches                                            
     8.935288334             37,340      context-switches                                            
     9.035508587             38,278      context-switches                                            
     9.135660237             37,901      context-switches                                            
     9.235828910             37,345      context-switches                                            
     9.336087261             37,908      context-switches                                            
     9.436307656             37,512      context-switches                                            
     9.536450953             38,080      context-switches                                            
     9.636714992             38,072      context-switches                                            
     9.736922347             38,049      context-switches                                            
     9.837221824             37,398      context-switches                                            
     9.937328952             39,855      context-switches                                            
    10.000744016             21,852      context-switches                                            
