# started on Thu Nov  7 02:02:53 2019

#           time             counts unit events
     0.100454438              6,355      context-switches                                            
     0.200740550             35,009      context-switches                                            
     0.300981484             38,845      context-switches                                            
     0.401152450             36,690      context-switches                                            
     0.501389706             38,668      context-switches                                            
     0.601617958             37,694      context-switches                                            
     0.701764024             39,136      context-switches                                            
     0.801904988             37,146      context-switches                                            
     0.902069151             37,488      context-switches                                            
     1.002204372             37,089      context-switches                                            
     1.102309277             37,443      context-switches                                            
     1.202496316             37,956      context-switches                                            
     1.302603490             36,542      context-switches                                            
     1.402815110             37,401      context-switches                                            
     1.502929933             37,595      context-switches                                            
     1.603180993             38,597      context-switches                                            
     1.703324071             38,342      context-switches                                            
     1.803580577             38,318      context-switches                                            
     1.903790406             38,285      context-switches                                            
     2.003955277             38,125      context-switches                                            
     2.104148297             37,804      context-switches                                            
     2.204429052             38,060      context-switches                                            
     2.304620605             38,154      context-switches                                            
     2.404837112             37,366      context-switches                                            
     2.505129506             37,508      context-switches                                            
#           time             counts unit events
     2.605264081             38,044      context-switches                                            
     2.705538976             37,218      context-switches                                            
     2.805776647             37,751      context-switches                                            
     2.905959367             37,800      context-switches                                            
     3.006096012             37,776      context-switches                                            
     3.106373369             37,578      context-switches                                            
     3.206594356             38,556      context-switches                                            
     3.306794012             36,685      context-switches                                            
     3.407093481             38,279      context-switches                                            
     3.507310442             37,473      context-switches                                            
     3.607511548             38,121      context-switches                                            
     3.707687214             37,790      context-switches                                            
     3.807876073             36,893      context-switches                                            
     3.908088271             37,893      context-switches                                            
     4.008283986             38,014      context-switches                                            
     4.108435014             37,603      context-switches                                            
     4.208634812             38,183      context-switches                                            
     4.308793746             37,661      context-switches                                            
     4.409039926             38,875      context-switches                                            
     4.509210466             38,102      context-switches                                            
     4.609450913             37,380      context-switches                                            
     4.709560448             37,044      context-switches                                            
     4.809782922             38,729      context-switches                                            
     4.909891795             37,563      context-switches                                            
     5.010055871             38,838      context-switches                                            
#           time             counts unit events
     5.110164487             36,414      context-switches                                            
     5.210440420             39,155      context-switches                                            
     5.310548905             35,361      context-switches                                            
     5.410730326             39,185      context-switches                                            
     5.510886261             38,716      context-switches                                            
     5.611005793             39,134      context-switches                                            
     5.711205646             39,265      context-switches                                            
     5.811316831             39,154      context-switches                                            
     5.911473226             37,535      context-switches                                            
     6.011741444             39,480      context-switches                                            
     6.111984923             36,644      context-switches                                            
     6.212245628             39,498      context-switches                                            
     6.312412102             36,841      context-switches                                            
     6.412702222             38,351      context-switches                                            
     6.512890377             37,098      context-switches                                            
     6.613148201             39,079      context-switches                                            
     6.713265339             34,222      context-switches                                            
     6.813409935             38,622      context-switches                                            
     6.913652072             37,786      context-switches                                            
     7.013852628             39,153      context-switches                                            
     7.114067440             36,298      context-switches                                            
     7.214177958             38,850      context-switches                                            
     7.314448347             36,048      context-switches                                            
     7.414556147             38,167      context-switches                                            
     7.514782580             36,928      context-switches                                            
#           time             counts unit events
     7.614890299             39,014      context-switches                                            
     7.715087589             36,711      context-switches                                            
     7.815198129             38,113      context-switches                                            
     7.915411904             36,858      context-switches                                            
     8.015587007             35,844      context-switches                                            
     8.115844165             37,523      context-switches                                            
     8.216078141             38,621      context-switches                                            
     8.316332005             37,989      context-switches                                            
     8.416572512             38,999      context-switches                                            
     8.516815405             38,122      context-switches                                            
     8.617093049             38,586      context-switches                                            
     8.717321367             37,341      context-switches                                            
     8.817489604             39,063      context-switches                                            
     8.917658352             36,862      context-switches                                            
     9.017907030             37,854      context-switches                                            
     9.118095709             36,912      context-switches                                            
     9.218300891             38,312      context-switches                                            
     9.318555893             37,671      context-switches                                            
     9.418816071             38,420      context-switches                                            
     9.519078965             37,002      context-switches                                            
     9.619245037             38,661      context-switches                                            
     9.719379790             36,996      context-switches                                            
     9.819504179             37,777      context-switches                                            
     9.919667664             36,499      context-switches                                            
    10.000821628             31,485      context-switches                                            
