# started on Tue Nov 12 12:04:07 2019

#           time             counts unit events
     0.100120665             39,357      context-switches                                            
     0.200424459             40,099      context-switches                                            
     0.300536280             39,566      context-switches                                            
     0.400732855             38,335      context-switches                                            
     0.500866668             35,309      context-switches                                            
     0.600981011             38,463      context-switches                                            
     0.701087809             43,382      context-switches                                            
     0.801204371             42,089      context-switches                                            
     0.901316280             38,165      context-switches                                            
     1.001533432             43,258      context-switches                                            
     1.101695526             42,602      context-switches                                            
     1.201815046             42,367      context-switches                                            
     1.301926604             42,838      context-switches                                            
     1.402039522             40,320      context-switches                                            
     1.502168305             40,198      context-switches                                            
     1.602291779             39,634      context-switches                                            
     1.702412555             37,775      context-switches                                            
     1.802606216             37,963      context-switches                                            
     1.902881734             43,656      context-switches                                            
     2.002987956             41,300      context-switches                                            
     2.103095746             40,426      context-switches                                            
     2.203200637             44,028      context-switches                                            
     2.303339237             40,335      context-switches                                            
     2.403451276             37,116      context-switches                                            
     2.503646337             40,069      context-switches                                            
#           time             counts unit events
     2.603811074             39,431      context-switches                                            
     2.703946020             40,082      context-switches                                            
     2.804064301             39,224      context-switches                                            
     2.904321397             41,573      context-switches                                            
     3.004504631             37,856      context-switches                                            
     3.104615332             38,655      context-switches                                            
     3.204725293             39,305      context-switches                                            
     3.304891270             38,991      context-switches                                            
     3.405068466             41,602      context-switches                                            
     3.505202655             42,786      context-switches                                            
     3.605309749             42,897      context-switches                                            
     3.705422130             41,171      context-switches                                            
     3.805568057             40,063      context-switches                                            
     3.905706487             39,418      context-switches                                            
     4.005873528             36,353      context-switches                                            
     4.105985255             37,491      context-switches                                            
     4.206101203             40,702      context-switches                                            
     4.306201289             41,799      context-switches                                            
     4.406317247             39,435      context-switches                                            
     4.506511852             40,589      context-switches                                            
     4.606619586             41,892      context-switches                                            
     4.706749365             41,624      context-switches                                            
     4.806912137             37,572      context-switches                                            
     4.907052036             36,051      context-switches                                            
     5.007166229             41,011      context-switches                                            
#           time             counts unit events
     5.107339372             43,113      context-switches                                            
     5.207459687             42,289      context-switches                                            
     5.307576646             41,144      context-switches                                            
     5.407686005             44,493      context-switches                                            
     5.507798934             38,133      context-switches                                            
     5.608021993             43,688      context-switches                                            
     5.708214409             42,226      context-switches                                            
     5.808458232             40,075      context-switches                                            
     5.908611124             42,621      context-switches                                            
     6.008681773             42,101      context-switches                                            
     6.108800378             38,851      context-switches                                            
     6.209023394             39,805      context-switches                                            
     6.309229449             40,415      context-switches                                            
     6.409340108             42,124      context-switches                                            
     6.509615140             40,262      context-switches                                            
     6.609722067             40,940      context-switches                                            
     6.709836696             43,851      context-switches                                            
     6.809949179             37,307      context-switches                                            
     6.910073019             38,269      context-switches                                            
     7.010270356             39,294      context-switches                                            
     7.110501135             42,028      context-switches                                            
     7.210759716             38,171      context-switches                                            
     7.310914767             43,483      context-switches                                            
     7.411026182             43,699      context-switches                                            
     7.511136030             40,803      context-switches                                            
#           time             counts unit events
     7.611243397             39,314      context-switches                                            
     7.711447363             42,394      context-switches                                            
     7.811551830             40,286      context-switches                                            
     7.911658983             41,269      context-switches                                            
     8.011773756             39,670      context-switches                                            
     8.111971822             39,504      context-switches                                            
     8.212102071             37,997      context-switches                                            
     8.312235985             36,316      context-switches                                            
     8.412352457             43,657      context-switches                                            
     8.512608968             44,208      context-switches                                            
     8.612846299             42,681      context-switches                                            
     8.712953438             42,983      context-switches                                            
     8.813059426             41,528      context-switches                                            
     8.913171659             42,069      context-switches                                            
     9.013298525             42,743      context-switches                                            
     9.113538261             43,314      context-switches                                            
     9.213775723             37,023      context-switches                                            
     9.313882185             41,008      context-switches                                            
     9.414017523             43,297      context-switches                                            
     9.514210628             38,248      context-switches                                            
     9.614325060             39,559      context-switches                                            
     9.714435823             42,841      context-switches                                            
     9.814549407             43,782      context-switches                                            
     9.914672033             39,985      context-switches                                            
    10.000824485             35,149      context-switches                                            
