# started on Wed Nov 13 12:00:24 2019

#           time             counts unit events
     0.100249552             20,163      context-switches                                            
     0.200723288             17,676      context-switches                                            
     0.301005926             16,433      context-switches                                            
     0.401187926             25,434      context-switches                                            
     0.501673846             25,426      context-switches                                            
     0.602782978             18,333      context-switches                                            
     0.703739469             15,235      context-switches                                            
     0.804339936             16,596      context-switches                                            
     0.904723408             16,773      context-switches                                            
     1.005745715             15,162      context-switches                                            
     1.106720178             17,214      context-switches                                            
     1.207633802             12,256      context-switches                                            
     1.308120829             13,547      context-switches                                            
     1.408628568             12,892      context-switches                                            
     1.508839090             18,479      context-switches                                            
     1.609749145             12,229      context-switches                                            
     1.710777799             14,202      context-switches                                            
     1.811307531             15,512      context-switches                                            
     1.911879843             16,652      context-switches                                            
     2.012433193             24,829      context-switches                                            
     2.112716967             21,943      context-switches                                            
     2.213533468             14,315      context-switches                                            
     2.314497851             17,747      context-switches                                            
     2.414800370             17,489      context-switches                                            
     2.515187212             15,564      context-switches                                            
#           time             counts unit events
     2.615676009             15,488      context-switches                                            
     2.716354533             14,361      context-switches                                            
     2.816588378             20,479      context-switches                                            
     2.916779775             26,867      context-switches                                            
     3.017012535             19,782      context-switches                                            
     3.118082882             18,915      context-switches                                            
     3.218460813             14,840      context-switches                                            
     3.318837094             17,092      context-switches                                            
     3.419631833             15,883      context-switches                                            
     3.520115872             20,322      context-switches                                            
     3.620352045             15,900      context-switches                                            
     3.720684362             14,734      context-switches                                            
     3.820932797             14,010      context-switches                                            
     3.921430381             15,392      context-switches                                            
     4.021859441             17,061      context-switches                                            
     4.122048874             19,808      context-switches                                            
     4.222587455             20,607      context-switches                                            
     4.322817031             18,858      context-switches                                            
     4.423063048             16,689      context-switches                                            
     4.523442569             19,484      context-switches                                            
     4.623879647             16,529      context-switches                                            
     4.724206962             15,024      context-switches                                            
     4.824477073             20,820      context-switches                                            
     4.924901860             15,159      context-switches                                            
     5.025136987             16,211      context-switches                                            
#           time             counts unit events
     5.125341599             20,306      context-switches                                            
     5.226317339             20,847      context-switches                                            
     5.326722542             18,757      context-switches                                            
     5.426937880             17,604      context-switches                                            
     5.527361131             16,859      context-switches                                            
     5.627986285             16,027      context-switches                                            
     5.728222632             20,004      context-switches                                            
     5.828669602             14,904      context-switches                                            
     5.928877132             13,904      context-switches                                            
     6.029106384             21,439      context-switches                                            
     6.129291949             19,782      context-switches                                            
     6.229665018             16,727      context-switches                                            
     6.329953075             19,217      context-switches                                            
     6.430203315             14,581      context-switches                                            
     6.530736926             15,614      context-switches                                            
     6.631103833             12,207      context-switches                                            
     6.731566092             13,122      context-switches                                            
     6.831865441             15,596      context-switches                                            
     6.932096481             16,461      context-switches                                            
     7.032296283             17,788      context-switches                                            
     7.132478787             19,335      context-switches                                            
     7.232686987             22,767      context-switches                                            
     7.332983944             21,612      context-switches                                            
     7.433200201             21,911      context-switches                                            
     7.533861296             17,423      context-switches                                            
#           time             counts unit events
     7.634273721             21,029      context-switches                                            
     7.734764965             15,341      context-switches                                            
     7.835105530             18,685      context-switches                                            
     7.935333881             15,852      context-switches                                            
     8.035538376             19,425      context-switches                                            
     8.135753590             20,948      context-switches                                            
     8.236071982             19,633      context-switches                                            
     8.336370301             18,363      context-switches                                            
     8.436672531             14,805      context-switches                                            
     8.536965200             17,015      context-switches                                            
     8.637346568             20,838      context-switches                                            
     8.737541612             17,539      context-switches                                            
     8.837725363             21,478      context-switches                                            
     8.938029371             17,186      context-switches                                            
     9.040604799             15,037      context-switches                                            
     9.140781003             22,187      context-switches                                            
     9.241045451             17,772      context-switches                                            
     9.341892402             15,222      context-switches                                            
     9.442555819             15,630      context-switches                                            
     9.542833481             18,053      context-switches                                            
     9.643124014             16,346      context-switches                                            
     9.743467461             16,792      context-switches                                            
     9.843687952             16,863      context-switches                                            
     9.943925370             19,311      context-switches                                            
    10.001599418             12,585      context-switches                                            
