# started on Mon Nov 11 22:39:21 2019

#           time             counts unit events
     0.100161748             47,222      context-switches                                            
     0.200354286             51,161      context-switches                                            
     0.300509684             46,698      context-switches                                            
     0.400653713             45,072      context-switches                                            
     0.500803573             47,304      context-switches                                            
     0.600944024             31,972      context-switches                                            
     0.701084345             31,938      context-switches                                            
     0.801230785             46,715      context-switches                                            
     0.901377346             48,311      context-switches                                            
     1.001523887             41,873      context-switches                                            
     1.101671597             44,318      context-switches                                            
     1.201820428             48,331      context-switches                                            
     1.301959958             41,025      context-switches                                            
     1.402085261             47,075      context-switches                                            
     1.502223924             45,545      context-switches                                            
     1.602353907             46,431      context-switches                                            
     1.702485700             40,286      context-switches                                            
     1.802633653             42,130      context-switches                                            
     1.902796686             46,262      context-switches                                            
     2.002937179             42,971      context-switches                                            
     2.103068312             46,027      context-switches                                            
     2.203190916             46,872      context-switches                                            
     2.303330499             44,081      context-switches                                            
     2.403465564             44,424      context-switches                                            
     2.503610229             41,523      context-switches                                            
#           time             counts unit events
     2.603758504             46,999      context-switches                                            
     2.703899300             33,343      context-switches                                            
     2.804053295             47,047      context-switches                                            
     2.904190110             47,697      context-switches                                            
     3.004358556             45,343      context-switches                                            
     3.104502471             42,792      context-switches                                            
     3.204641127             52,882      context-switches                                            
     3.304767412             47,894      context-switches                                            
     3.404920198             44,458      context-switches                                            
     3.505070257             49,018      context-switches                                            
     3.605218774             46,308      context-switches                                            
     3.705354932             50,400      context-switches                                            
     3.805504249             48,971      context-switches                                            
     3.905643418             48,831      context-switches                                            
     4.005787975             47,654      context-switches                                            
     4.105931523             46,722      context-switches                                            
     4.206041662             47,676      context-switches                                            
     4.306176160             48,003      context-switches                                            
     4.406300000             49,179      context-switches                                            
     4.506432151             46,281      context-switches                                            
     4.606556801             48,230      context-switches                                            
     4.706695181             41,745      context-switches                                            
     4.806833112             50,002      context-switches                                            
     4.906968822             56,731      context-switches                                            
     5.007101472             51,527      context-switches                                            
#           time             counts unit events
     5.107229873             50,166      context-switches                                            
     5.207374053             46,516      context-switches                                            
     5.307518033             47,279      context-switches                                            
     5.407648564             48,247      context-switches                                            
     5.507777797             44,277      context-switches                                            
     5.607920570             45,268      context-switches                                            
     5.708056343             43,595      context-switches                                            
     5.808198755             45,317      context-switches                                            
     5.908346707             30,840      context-switches                                            
     6.008484300             35,970      context-switches                                            
     6.108617783             40,380      context-switches                                            
     6.208744545             38,905      context-switches                                            
     6.308885288             32,721      context-switches                                            
     6.409018872             37,871      context-switches                                            
     6.509155407             44,790      context-switches                                            
     6.609283882             47,053      context-switches                                            
     6.709419928             37,893      context-switches                                            
     6.809569392             47,611      context-switches                                            
     6.909707617             46,488      context-switches                                            
     7.009858342             46,307      context-switches                                            
     7.110015057             42,177      context-switches                                            
     7.210165031             46,908      context-switches                                            
     7.310316236             45,112      context-switches                                            
     7.410463112             43,766      context-switches                                            
     7.510610869             43,613      context-switches                                            
#           time             counts unit events
     7.610738357             46,231      context-switches                                            
     7.710876184             40,793      context-switches                                            
     7.811001002             42,163      context-switches                                            
     7.911154359             39,437      context-switches                                            
     8.011311296             40,044      context-switches                                            
     8.111460583             30,513      context-switches                                            
     8.211603230             30,256      context-switches                                            
     8.311757847             31,723      context-switches                                            
     8.411914655             35,320      context-switches                                            
     8.512066295             31,945      context-switches                                            
     8.612208344             42,207      context-switches                                            
     8.712340604             43,217      context-switches                                            
     8.812471524             44,864      context-switches                                            
     8.912619654             42,878      context-switches                                            
     9.012765043             45,394      context-switches                                            
     9.112914263             34,788      context-switches                                            
     9.213061462             43,153      context-switches                                            
     9.313214161             43,988      context-switches                                            
     9.413363972             45,834      context-switches                                            
     9.513500114             48,212      context-switches                                            
     9.613646046             44,198      context-switches                                            
     9.713786278             45,448      context-switches                                            
     9.813921609             43,469      context-switches                                            
     9.914078541             43,252      context-switches                                            
    10.000679545             39,471      context-switches                                            
