# started on Wed Nov 13 10:58:45 2019

#           time             counts unit events
     0.100158389             48,617      context-switches                                            
     0.200336257             46,665      context-switches                                            
     0.300465338             49,723      context-switches                                            
     0.400597269             44,388      context-switches                                            
     0.500723350             39,137      context-switches                                            
     0.600869049             48,587      context-switches                                            
     0.701019892             47,597      context-switches                                            
     0.801154304             46,123      context-switches                                            
     0.901302105             43,472      context-switches                                            
     1.001439347             48,397      context-switches                                            
     1.101594218             45,442      context-switches                                            
     1.201732780             44,098      context-switches                                            
     1.301864692             46,445      context-switches                                            
     1.402003034             49,976      context-switches                                            
     1.502143585             48,696      context-switches                                            
     1.602295667             48,153      context-switches                                            
     1.702461473             43,351      context-switches                                            
     1.802614955             42,405      context-switches                                            
     1.902751287             41,422      context-switches                                            
     2.002891151             44,846      context-switches                                            
     2.103056352             47,027      context-switches                                            
     2.203211985             43,001      context-switches                                            
     2.303357928             41,452      context-switches                                            
     2.403508481             37,541      context-switches                                            
     2.503658773             39,644      context-switches                                            
#           time             counts unit events
     2.603757118             41,508      context-switches                                            
     2.703906375             41,467      context-switches                                            
     2.804052959             43,364      context-switches                                            
     2.904206063             41,505      context-switches                                            
     3.004382585             36,476      context-switches                                            
     3.104528639             41,334      context-switches                                            
     3.204685513             42,792      context-switches                                            
     3.304826298             48,040      context-switches                                            
     3.404952053             40,327      context-switches                                            
     3.505092467             32,767      context-switches                                            
     3.605251870             40,232      context-switches                                            
     3.705403479             36,608      context-switches                                            
     3.805537924             35,777      context-switches                                            
     3.905672381             43,178      context-switches                                            
     4.005813326             45,536      context-switches                                            
     4.105942362             40,021      context-switches                                            
     4.206073509             40,165      context-switches                                            
     4.306218764             41,360      context-switches                                            
     4.406371768             41,381      context-switches                                            
     4.506511504             42,587      context-switches                                            
     4.606648120             42,954      context-switches                                            
     4.706782472             40,662      context-switches                                            
     4.806942447             43,426      context-switches                                            
     4.907115663             47,633      context-switches                                            
     5.007266108             46,736      context-switches                                            
#           time             counts unit events
     5.107425684             43,255      context-switches                                            
     5.207594689             31,357      context-switches                                            
     5.307743896             27,577      context-switches                                            
     5.407891572             38,394      context-switches                                            
     5.508017149             37,814      context-switches                                            
     5.608135347             50,567      context-switches                                            
     5.708280009             45,204      context-switches                                            
     5.808424486             39,371      context-switches                                            
     5.908560014             43,688      context-switches                                            
     6.008698612             43,097      context-switches                                            
     6.108826050             43,104      context-switches                                            
     6.208974547             43,138      context-switches                                            
     6.309119535             42,127      context-switches                                            
     6.409290091             39,182      context-switches                                            
     6.509447547             44,300      context-switches                                            
     6.609598794             40,632      context-switches                                            
     6.709735229             45,656      context-switches                                            
     6.809870417             41,152      context-switches                                            
     6.909993777             47,387      context-switches                                            
     7.010133095             48,271      context-switches                                            
     7.110280403             45,373      context-switches                                            
     7.210419312             46,193      context-switches                                            
     7.310566460             46,159      context-switches                                            
     7.410699209             49,966      context-switches                                            
     7.510834208             43,786      context-switches                                            
#           time             counts unit events
     7.611011574             47,241      context-switches                                            
     7.711149738             46,369      context-switches                                            
     7.811271239             44,956      context-switches                                            
     7.911394569             46,292      context-switches                                            
     8.011530198             45,182      context-switches                                            
     8.111669897             42,052      context-switches                                            
     8.211802217             43,339      context-switches                                            
     8.311942826             47,274      context-switches                                            
     8.412097264             42,033      context-switches                                            
     8.512242603             48,738      context-switches                                            
     8.612369823             39,610      context-switches                                            
     8.712594875             44,058      context-switches                                            
     8.812736085             41,648      context-switches                                            
     8.912881054             39,023      context-switches                                            
     9.013022434             44,590      context-switches                                            
     9.113149114             40,297      context-switches                                            
     9.213285364             38,190      context-switches                                            
     9.313424134             43,133      context-switches                                            
     9.413554154             45,200      context-switches                                            
     9.513701374             39,719      context-switches                                            
     9.613859263             42,538      context-switches                                            
     9.713986279             43,807      context-switches                                            
     9.814125389             40,165      context-switches                                            
     9.914266810             42,019      context-switches                                            
    10.000745329             37,956      context-switches                                            
