# started on Tue Nov  5 21:01:09 2019

#           time             counts unit events
     0.100687594                307      context-switches                                            
     0.201375161                191      context-switches                                            
     0.301971563                167      context-switches                                            
     0.402429811                170      context-switches                                            
     0.502744712                499      context-switches                                            
     0.603374986                223      context-switches                                            
     0.703991485                206      context-switches                                            
     0.804497842                213      context-switches                                            
     0.904968204                167      context-switches                                            
     1.005491232                262      context-switches                                            
     1.106028902                204      context-switches                                            
     1.206629161                325      context-switches                                            
     1.306983596                149      context-switches                                            
     1.407497096                234      context-switches                                            
     1.507882636                377      context-switches                                            
     1.608333718                226      context-switches                                            
     1.708938772                192      context-switches                                            
     1.809521673                199      context-switches                                            
     1.910026548                175      context-switches                                            
     2.010570639                275      context-switches                                            
     2.111213809                150      context-switches                                            
     2.211867124                196      context-switches                                            
     2.312533213                160      context-switches                                            
     2.413041679                208      context-switches                                            
     2.513344607                418      context-switches                                            
#           time             counts unit events
     2.613857416                278      context-switches                                            
     2.714246960                185      context-switches                                            
     2.814886099                175      context-switches                                            
     2.915245322                189      context-switches                                            
     3.015642473                270      context-switches                                            
     3.116200807                182      context-switches                                            
     3.216713176                236      context-switches                                            
     3.317356754                175      context-switches                                            
     3.418024160                183      context-switches                                            
     3.518514973                396      context-switches                                            
     3.619167102                246      context-switches                                            
     3.719684601                208      context-switches                                            
     3.820151881                148      context-switches                                            
     3.920733699                196      context-switches                                            
     4.021364228                224      context-switches                                            
     4.122021683                214      context-switches                                            
     4.222523329                244      context-switches                                            
     4.323122820                188      context-switches                                            
     4.423606144                394      context-switches                                            
     4.524142633                547      context-switches                                            
     4.624747150                240      context-switches                                            
     4.725329449                192      context-switches                                            
     4.825917266                179      context-switches                                            
     4.926417708                179      context-switches                                            
     5.026670541              5,084      context-switches                                            
#           time             counts unit events
     5.126879833             19,286      context-switches                                            
     5.227095416             36,616      context-switches                                            
     5.327337704             38,889      context-switches                                            
     5.427538300             36,682      context-switches                                            
     5.527801608             38,847      context-switches                                            
     5.628069351             35,955      context-switches                                            
     5.728308503             37,588      context-switches                                            
     5.828462249             36,365      context-switches                                            
     5.928631483             37,579      context-switches                                            
     6.028909591             35,716      context-switches                                            
     6.129191215             39,053      context-switches                                            
     6.229399310             35,787      context-switches                                            
     6.329605307             38,157      context-switches                                            
     6.429742912             35,807      context-switches                                            
     6.529985823             38,438      context-switches                                            
     6.630199194             37,107      context-switches                                            
     6.730335524             38,336      context-switches                                            
     6.830444603             37,267      context-switches                                            
     6.930605594             38,622      context-switches                                            
     7.030906673             36,955      context-switches                                            
     7.131044577             37,825      context-switches                                            
     7.231322046             35,598      context-switches                                            
     7.331461906             38,606      context-switches                                            
     7.431709565             36,626      context-switches                                            
     7.531817378             38,467      context-switches                                            
#           time             counts unit events
     7.632071455             36,255      context-switches                                            
     7.732181199             37,598      context-switches                                            
     7.832334365             36,701      context-switches                                            
     7.932442582             37,656      context-switches                                            
     8.032698586             36,624      context-switches                                            
     8.132942710             36,640      context-switches                                            
     8.233194944             37,414      context-switches                                            
     8.333404205             38,100      context-switches                                            
     8.433642748             35,986      context-switches                                            
     8.533906603             37,633      context-switches                                            
     8.634046252             37,391      context-switches                                            
     8.734346057             37,733      context-switches                                            
     8.834525770             37,332      context-switches                                            
     8.934692428             37,521      context-switches                                            
     9.034830428             37,541      context-switches                                            
     9.135071779             37,966      context-switches                                            
     9.235313313             36,805      context-switches                                            
     9.335586196             37,361      context-switches                                            
     9.435832816             36,583      context-switches                                            
     9.536016184             39,164      context-switches                                            
     9.636249934             36,898      context-switches                                            
     9.736462796             37,689      context-switches                                            
     9.836620736             36,068      context-switches                                            
     9.936831254             37,738      context-switches                                            
    10.000704200             24,117      context-switches                                            
