# started on Wed Nov  6 01:46:32 2019

#           time             counts unit events
     0.100822523                284      context-switches                                            
     0.201533815                216      context-switches                                            
     0.302124996                165      context-switches                                            
     0.402717644                187      context-switches                                            
     0.503342682                220      context-switches                                            
     0.603917153                213      context-switches                                            
     0.704526908                283      context-switches                                            
     0.804952203                359      context-switches                                            
     0.905241294                334      context-switches                                            
     1.005720107                210      context-switches                                            
     1.106292397                144      context-switches                                            
     1.206758117                272      context-switches                                            
     1.307198653                161      context-switches                                            
     1.407753022                231      context-switches                                            
     1.508300646                185      context-switches                                            
     1.608909547                184      context-switches                                            
     1.709501702                234      context-switches                                            
     1.810004013                245      context-switches                                            
     1.910381468                326      context-switches                                            
     2.010874045                258      context-switches                                            
     2.111321199                238      context-switches                                            
     2.211927237                244      context-switches                                            
     2.312504058                172      context-switches                                            
     2.413083966                194      context-switches                                            
     2.513745195                179      context-switches                                            
#           time             counts unit events
     2.614326569                185      context-switches                                            
     2.714907961                201      context-switches                                            
     2.815507447                261      context-switches                                            
     2.915795174                345      context-switches                                            
     3.016263644                238      context-switches                                            
     3.116842189                133      context-switches                                            
     3.217453737                220      context-switches                                            
     3.318042246                152      context-switches                                            
     3.418627543                210      context-switches                                            
     3.519295644                156      context-switches                                            
     3.619786785                170      context-switches                                            
     3.720188847                262      context-switches                                            
     3.820757432                248      context-switches                                            
     3.921245477                332      context-switches                                            
     4.021825276                176      context-switches                                            
     4.122454444                164      context-switches                                            
     4.223091584                212      context-switches                                            
     4.323664690                164      context-switches                                            
     4.424161510                192      context-switches                                            
     4.524676076                159      context-switches                                            
     4.625216077                219      context-switches                                            
     4.725640382                194      context-switches                                            
     4.826202869                324      context-switches                                            
     4.926601831                311      context-switches                                            
     5.026940590              1,881      context-switches                                            
#           time             counts unit events
     5.127129738              4,509      context-switches                                            
     5.227318540              5,592      context-switches                                            
     5.327578345             28,833      context-switches                                            
     5.428044359              1,893      context-switches                                            
     5.528467374              1,342      context-switches                                            
     5.628980209              1,698      context-switches                                            
     5.729266706              4,178      context-switches                                            
     5.829775122              3,023      context-switches                                            
     5.930358807              1,245      context-switches                                            
     6.030891059              1,934      context-switches                                            
     6.131360595              1,694      context-switches                                            
     6.231811638              7,613      context-switches                                            
     6.332410543              1,555      context-switches                                            
     6.432847771              1,612      context-switches                                            
     6.533377317              1,610      context-switches                                            
     6.633657021              3,235      context-switches                                            
     6.734072935              5,168      context-switches                                            
     6.834481029              6,471      context-switches                                            
     6.934818831              6,512      context-switches                                            
     7.035349378              2,035      context-switches                                            
     7.135915046              1,919      context-switches                                            
     7.236310393              1,345      context-switches                                            
     7.336943948              1,455      context-switches                                            
     7.437407244              1,360      context-switches                                            
     7.538005314              1,503      context-switches                                            
#           time             counts unit events
     7.638456127              1,340      context-switches                                            
     7.738940097              1,307      context-switches                                            
     7.839333463              1,484      context-switches                                            
     7.939953648              1,701      context-switches                                            
     8.040448383              1,443      context-switches                                            
     8.140929995              1,415      context-switches                                            
     8.241315954              1,346      context-switches                                            
     8.341929333              1,470      context-switches                                            
     8.442277307              1,401      context-switches                                            
     8.542917804              1,610      context-switches                                            
     8.643309345              1,456      context-switches                                            
     8.743911399              1,440      context-switches                                            
     8.844181980              1,618      context-switches                                            
     8.944741383              1,583      context-switches                                            
     9.045113294              1,373      context-switches                                            
     9.145686683              1,430      context-switches                                            
     9.246122261              1,368      context-switches                                            
     9.346740483              1,521      context-switches                                            
     9.447016639              1,782      context-switches                                            
     9.547621383              1,194      context-switches                                            
     9.648063831              1,640      context-switches                                            
     9.748679042              1,110      context-switches                                            
     9.849272625              1,482      context-switches                                            
     9.949752607              1,614      context-switches                                            
    10.000696707              1,489      context-switches                                            
