# started on Thu Nov  7 02:14:17 2019

#           time             counts unit events
     0.100219457             26,311      context-switches                                            
     0.200400044             36,269      context-switches                                            
     0.300619325             38,938      context-switches                                            
     0.400752526             36,499      context-switches                                            
     0.500972353             39,017      context-switches                                            
     0.601090829             37,556      context-switches                                            
     0.701250422             38,430      context-switches                                            
     0.801449244             37,153      context-switches                                            
     0.901652838             38,295      context-switches                                            
     1.001877768             35,663      context-switches                                            
     1.102033380             38,345      context-switches                                            
     1.202142490             35,358      context-switches                                            
     1.302350982             38,721      context-switches                                            
     1.402599029             34,666      context-switches                                            
     1.502783198             38,554      context-switches                                            
     1.603048380             36,399      context-switches                                            
     1.703211968             38,968      context-switches                                            
     1.803393976             35,409      context-switches                                            
     1.903588717             38,682      context-switches                                            
     2.003827748             37,158      context-switches                                            
     2.103988410             36,994      context-switches                                            
     2.204225385             36,406      context-switches                                            
     2.304372333             37,877      context-switches                                            
     2.404678676             37,125      context-switches                                            
     2.504793200             37,886      context-switches                                            
#           time             counts unit events
     2.605045379             36,369      context-switches                                            
     2.705152306             38,096      context-switches                                            
     2.805429625             38,971      context-switches                                            
     2.905616789             37,893      context-switches                                            
     3.005786127             36,745      context-switches                                            
     3.105925157             38,385      context-switches                                            
     3.206133854             37,500      context-switches                                            
     3.306349403             38,796      context-switches                                            
     3.406601178             37,420      context-switches                                            
     3.506852493             37,769      context-switches                                            
     3.607072278             36,721      context-switches                                            
     3.707286925             38,500      context-switches                                            
     3.807477271             36,752      context-switches                                            
     3.907677254             37,469      context-switches                                            
     4.007917900             37,160      context-switches                                            
     4.108155800             38,538      context-switches                                            
     4.208249283             36,658      context-switches                                            
     4.308413686             37,393      context-switches                                            
     4.408578992             37,005      context-switches                                            
     4.508687839             37,736      context-switches                                            
     4.608893825             37,800      context-switches                                            
     4.709055350             38,888      context-switches                                            
     4.809250745             37,570      context-switches                                            
     4.909363624             37,521      context-switches                                            
     5.009560007             37,742      context-switches                                            
#           time             counts unit events
     5.109672219             36,628      context-switches                                            
     5.209989292             38,828      context-switches                                            
     5.310146538             37,497      context-switches                                            
     5.410342672             36,964      context-switches                                            
     5.510454317             37,294      context-switches                                            
     5.610620041             37,484      context-switches                                            
     5.710732088             36,988      context-switches                                            
     5.810939974             37,898      context-switches                                            
     5.911054037             37,822      context-switches                                            
     6.011171346             38,882      context-switches                                            
     6.111279731             37,783      context-switches                                            
     6.211448206             38,287      context-switches                                            
     6.311562891             36,637      context-switches                                            
     6.411829403             38,710      context-switches                                            
     6.511944190             37,248      context-switches                                            
     6.612074831             38,742      context-switches                                            
     6.712193363             36,680      context-switches                                            
     6.812445311             37,669      context-switches                                            
     6.912643152             35,383      context-switches                                            
     7.012884251             39,345      context-switches                                            
     7.113077150             35,329      context-switches                                            
     7.213247775             39,156      context-switches                                            
     7.313489006             37,039      context-switches                                            
     7.413754341             37,088      context-switches                                            
     7.513967438             36,357      context-switches                                            
#           time             counts unit events
     7.614262582             38,262      context-switches                                            
     7.714499982             37,008      context-switches                                            
     7.814727609             37,899      context-switches                                            
     7.915001583             36,888      context-switches                                            
     8.015283234             38,399      context-switches                                            
     8.115592327             36,307      context-switches                                            
     8.215871206             38,672      context-switches                                            
     8.316129329             36,949      context-switches                                            
     8.416267625             38,505      context-switches                                            
     8.516512905             36,762      context-switches                                            
     8.616759554             38,774      context-switches                                            
     8.716955531             36,751      context-switches                                            
     8.817167079             39,158      context-switches                                            
     8.917366594             36,681      context-switches                                            
     9.017626982             39,166      context-switches                                            
     9.117783431             37,214      context-switches                                            
     9.217993705             38,344      context-switches                                            
     9.318315323             36,754      context-switches                                            
     9.418505380             38,359      context-switches                                            
     9.518724411             36,134      context-switches                                            
     9.619002409             38,671      context-switches                                            
     9.719322096             36,589      context-switches                                            
     9.819523172             37,658      context-switches                                            
     9.919742891             35,959      context-switches                                            
    10.000706597             29,170      context-switches                                            
