# started on Tue Nov  5 20:44:01 2019

#           time             counts unit events
     0.100802037                434      context-switches                                            
     0.201552375                313      context-switches                                            
     0.302037670                222      context-switches                                            
     0.402607835                324      context-switches                                            
     0.503203632                311      context-switches                                            
     0.603815823                337      context-switches                                            
     0.704413176                194      context-switches                                            
     0.804834295                478      context-switches                                            
     0.905277756                195      context-switches                                            
     1.005842890                291      context-switches                                            
     1.106454326                214      context-switches                                            
     1.207060359                336      context-switches                                            
     1.307680197                360      context-switches                                            
     1.408146340                432      context-switches                                            
     1.508680474                231      context-switches                                            
     1.609205991                196      context-switches                                            
     1.709795829                191      context-switches                                            
     1.810284578                581      context-switches                                            
     1.910817061                175      context-switches                                            
     2.011394441                312      context-switches                                            
     2.111990395                213      context-switches                                            
     2.212533629                303      context-switches                                            
     2.312962535                529      context-switches                                            
     2.413525405                168      context-switches                                            
     2.514105224                186      context-switches                                            
#           time             counts unit events
     2.614704958                192      context-switches                                            
     2.715310681                178      context-switches                                            
     2.815797665                546      context-switches                                            
     2.916409238                228      context-switches                                            
     3.017020095                294      context-switches                                            
     3.117624979                216      context-switches                                            
     3.218283624                284      context-switches                                            
     3.318890327                508      context-switches                                            
     3.419483815                215      context-switches                                            
     3.520081882                225      context-switches                                            
     3.620572560                288      context-switches                                            
     3.721222010                204      context-switches                                            
     3.821756433                574      context-switches                                            
     3.922362243                174      context-switches                                            
     4.022987612                228      context-switches                                            
     4.123649412                190      context-switches                                            
     4.224221706                276      context-switches                                            
     4.324645605                476      context-switches                                            
     4.425225772                168      context-switches                                            
     4.525808061                143      context-switches                                            
     4.626401673                159      context-switches                                            
     4.726985708                199      context-switches                                            
     4.827564197                568      context-switches                                            
     4.928115249                173      context-switches                                            
     5.028383881              1,432      context-switches                                            
#           time             counts unit events
     5.128624266              3,938      context-switches                                            
     5.228783366              3,786      context-switches                                            
     5.329126474              8,991      context-switches                                            
     5.429679736              1,048      context-switches                                            
     5.530163196              1,771      context-switches                                            
     5.630688166              1,610      context-switches                                            
     5.731158054              1,185      context-switches                                            
     5.831783578              2,004      context-switches                                            
     5.932390721              1,165      context-switches                                            
     6.032885764              1,724      context-switches                                            
     6.133504883              1,240      context-switches                                            
     6.234137570              1,647      context-switches                                            
     6.334571990              1,465      context-switches                                            
     6.435115660              1,509      context-switches                                            
     6.535480769              1,289      context-switches                                            
     6.636100288              1,572      context-switches                                            
     6.736646733              1,245      context-switches                                            
     6.837238631              1,920      context-switches                                            
     6.937644346              1,292      context-switches                                            
     7.038243243              1,605      context-switches                                            
     7.138573053              1,433      context-switches                                            
     7.239173180              1,782      context-switches                                            
     7.339347582              7,180      context-switches                                            
     7.439919912              2,473      context-switches                                            
     7.540424887              1,473      context-switches                                            
#           time             counts unit events
     7.640864702              1,634      context-switches                                            
     7.741170024              3,686      context-switches                                            
     7.841770456              2,654      context-switches                                            
     7.942109844              1,937      context-switches                                            
     8.042655466              1,649      context-switches                                            
     8.142822189              2,701      context-switches                                            
     8.243343433              4,115      context-switches                                            
     8.343724375              1,329      context-switches                                            
     8.444253627              1,869      context-switches                                            
     8.544719615              1,287      context-switches                                            
     8.645362000              1,448      context-switches                                            
     8.745795006              1,445      context-switches                                            
     8.846433906              1,677      context-switches                                            
     8.946790722              1,428      context-switches                                            
     9.047375855              1,543      context-switches                                            
     9.147685516              1,486      context-switches                                            
     9.248142030              1,179      context-switches                                            
     9.348619022              1,793      context-switches                                            
     9.449226948              1,318      context-switches                                            
     9.549498712              2,853      context-switches                                            
     9.649983578              4,186      context-switches                                            
     9.750381343              1,026      context-switches                                            
     9.850858934              1,991      context-switches                                            
     9.951269836              1,817      context-switches                                            
    10.000804456                961      context-switches                                            
