# started on Wed Nov  6 01:50:13 2019

#           time             counts unit events
     0.100808684                399      context-switches                                            
     0.201487285                154      context-switches                                            
     0.302079384                204      context-switches                                            
     0.402692579                204      context-switches                                            
     0.503249612                169      context-switches                                            
     0.603841286                186      context-switches                                            
     0.704487125                214      context-switches                                            
     0.805009930                190      context-switches                                            
     0.905524971                215      context-switches                                            
     1.006112006                332      context-switches                                            
     1.106665856                325      context-switches                                            
     1.207276348                222      context-switches                                            
     1.307885203                186      context-switches                                            
     1.408504718                182      context-switches                                            
     1.509045917                153      context-switches                                            
     1.609644668                239      context-switches                                            
     1.710155838                208      context-switches                                            
     1.810660798                284      context-switches                                            
     1.911250400                176      context-switches                                            
     2.011867731                355      context-switches                                            
     2.112300437                482      context-switches                                            
     2.212859369                137      context-switches                                            
     2.313277860                193      context-switches                                            
     2.413883123                189      context-switches                                            
     2.514535316                168      context-switches                                            
#           time             counts unit events
     2.615109565                193      context-switches                                            
     2.715708010                219      context-switches                                            
     2.816340596                234      context-switches                                            
     2.917001988                190      context-switches                                            
     3.017616794                340      context-switches                                            
     3.118039095                341      context-switches                                            
     3.218617342                196      context-switches                                            
     3.319111173                172      context-switches                                            
     3.419769042                199      context-switches                                            
     3.520407206                178      context-switches                                            
     3.621044989                240      context-switches                                            
     3.721615040                229      context-switches                                            
     3.822080390                259      context-switches                                            
     3.922525827                217      context-switches                                            
     4.023120745                327      context-switches                                            
     4.123778062                286      context-switches                                            
     4.224390751                160      context-switches                                            
     4.324983188                164      context-switches                                            
     4.425576215                204      context-switches                                            
     4.526171500                243      context-switches                                            
     4.626736193                264      context-switches                                            
     4.727383618                184      context-switches                                            
     4.827844300                317      context-switches                                            
     4.928165744                437      context-switches                                            
     5.028501403              5,232      context-switches                                            
#           time             counts unit events
     5.128796187             24,639      context-switches                                            
     5.228903278             39,077      context-switches                                            
     5.329084113             38,876      context-switches                                            
     5.429197190             36,557      context-switches                                            
     5.529471173             38,568      context-switches                                            
     5.629588085             37,121      context-switches                                            
     5.729867413             37,842      context-switches                                            
     5.830073658             36,362      context-switches                                            
     5.930323268             39,098      context-switches                                            
     6.030554432             35,872      context-switches                                            
     6.130735637             39,290      context-switches                                            
     6.230998439             37,263      context-switches                                            
     6.331320426             38,926      context-switches                                            
     6.431511719             36,827      context-switches                                            
     6.531792051             38,548      context-switches                                            
     6.632070877             36,650      context-switches                                            
     6.732225245             38,737      context-switches                                            
     6.832395376             36,445      context-switches                                            
     6.932603378             38,220      context-switches                                            
     7.032802595             36,868      context-switches                                            
     7.133078607             38,903      context-switches                                            
     7.233297730             37,211      context-switches                                            
     7.333448783             38,884      context-switches                                            
     7.433662267             36,205      context-switches                                            
     7.533850566             38,474      context-switches                                            
#           time             counts unit events
     7.634099618             36,565      context-switches                                            
     7.734293629             38,297      context-switches                                            
     7.834587993             37,305      context-switches                                            
     7.934784627             38,456      context-switches                                            
     8.035073594             36,038      context-switches                                            
     8.135209664             38,613      context-switches                                            
     8.235382849             36,155      context-switches                                            
     8.335489214             37,331      context-switches                                            
     8.435738543             36,454      context-switches                                            
     8.535933537             37,811      context-switches                                            
     8.636196605             36,605      context-switches                                            
     8.736303407             38,886      context-switches                                            
     8.836610393             37,147      context-switches                                            
     8.936717479             38,807      context-switches                                            
     9.036987261             36,330      context-switches                                            
     9.137098683             38,959      context-switches                                            
     9.237352092             36,850      context-switches                                            
     9.337465444             37,478      context-switches                                            
     9.437681533             36,806      context-switches                                            
     9.537787506             38,018      context-switches                                            
     9.638021277             37,558      context-switches                                            
     9.738205882             38,887      context-switches                                            
     9.838444981             37,443      context-switches                                            
     9.938608151             38,353      context-switches                                            
    10.000708897             23,822      context-switches                                            
