# started on Tue Nov 12 12:06:48 2019

#           time             counts unit events
     0.100144432             41,996      context-switches                                            
     0.200280696             36,537      context-switches                                            
     0.300397379             39,651      context-switches                                            
     0.400517955             36,502      context-switches                                            
     0.500702500             39,334      context-switches                                            
     0.600818146             41,895      context-switches                                            
     0.700950569             39,372      context-switches                                            
     0.801062563             39,337      context-switches                                            
     0.901182345             37,909      context-switches                                            
     1.001436700             37,169      context-switches                                            
     1.101597007             42,098      context-switches                                            
     1.201708268             41,730      context-switches                                            
     1.301823663             38,911      context-switches                                            
     1.401898010             41,197      context-switches                                            
     1.502009134             37,978      context-switches                                            
     1.602122446             39,387      context-switches                                            
     1.702232824             41,687      context-switches                                            
     1.802365964             42,758      context-switches                                            
     1.902571467             40,480      context-switches                                            
     2.002754975             56,481      context-switches                                            
     2.102864117             40,511      context-switches                                            
     2.203065758             40,353      context-switches                                            
     2.303350658             38,780      context-switches                                            
     2.403544354             37,085      context-switches                                            
     2.503656113             43,815      context-switches                                            
#           time             counts unit events
     2.603793242             36,932      context-switches                                            
     2.703959093             40,076      context-switches                                            
     2.804228398             42,357      context-switches                                            
     2.904340574             36,844      context-switches                                            
     3.004451661             38,542      context-switches                                            
     3.104560654             40,513      context-switches                                            
     3.204718551             40,312      context-switches                                            
     3.304891231             41,171      context-switches                                            
     3.405077907             37,663      context-switches                                            
     3.505184407             34,509      context-switches                                            
     3.605301926             40,210      context-switches                                            
     3.705413097             43,452      context-switches                                            
     3.805526273             40,808      context-switches                                            
     3.905761543             35,103      context-switches                                            
     4.005903383             39,033      context-switches                                            
     4.106108255             36,491      context-switches                                            
     4.206290537             40,250      context-switches                                            
     4.306457362             38,499      context-switches                                            
     4.406579175             43,941      context-switches                                            
     4.506691515             37,561      context-switches                                            
     4.606804180             41,316      context-switches                                            
     4.706921092             38,512      context-switches                                            
     4.807035431             41,444      context-switches                                            
     4.907157191             39,541      context-switches                                            
     5.007270959             37,366      context-switches                                            
#           time             counts unit events
     5.107439474             41,778      context-switches                                            
     5.207556201             40,260      context-switches                                            
     5.307839277             40,022      context-switches                                            
     5.408009949             38,085      context-switches                                            
     5.508204962             41,098      context-switches                                            
     5.608319385             41,103      context-switches                                            
     5.708455848             42,873      context-switches                                            
     5.808569258             42,059      context-switches                                            
     5.908892564             41,877      context-switches                                            
     6.009007053             44,747      context-switches                                            
     6.109229915             41,352      context-switches                                            
     6.209455485             44,413      context-switches                                            
     6.309653432             44,099      context-switches                                            
     6.409859805             36,344      context-switches                                            
     6.510036444             34,986      context-switches                                            
     6.610243906             39,683      context-switches                                            
     6.710359982             43,553      context-switches                                            
     6.810519727             40,068      context-switches                                            
     6.910712547             42,522      context-switches                                            
     7.010836979             42,630      context-switches                                            
     7.110964597             38,370      context-switches                                            
     7.211089127             35,636      context-switches                                            
     7.311219849             36,597      context-switches                                            
     7.411430619             37,423      context-switches                                            
     7.511602065             40,290      context-switches                                            
#           time             counts unit events
     7.611747496             33,599      context-switches                                            
     7.711830928             42,958      context-switches                                            
     7.812053269             41,896      context-switches                                            
     7.912278920             41,906      context-switches                                            
     8.012509569             46,427      context-switches                                            
     8.112619790             36,840      context-switches                                            
     8.212788080             41,480      context-switches                                            
     8.313004698             42,923      context-switches                                            
     8.413286015             42,040      context-switches                                            
     8.513519800             43,604      context-switches                                            
     8.613629157             42,964      context-switches                                            
     8.713849720             44,646      context-switches                                            
     8.814068041             41,809      context-switches                                            
     8.914282256             42,883      context-switches                                            
     9.014529181             40,798      context-switches                                            
     9.114678076             43,251      context-switches                                            
     9.214770169             45,511      context-switches                                            
     9.314882398             41,995      context-switches                                            
     9.414995901             39,776      context-switches                                            
     9.515166622             42,727      context-switches                                            
     9.615281225             38,474      context-switches                                            
     9.715445259             39,559      context-switches                                            
     9.815550005             43,828      context-switches                                            
     9.915661738             43,688      context-switches                                            
    10.001306782             34,601      context-switches                                            
