# started on Tue Nov 12 13:00:41 2019

#           time             counts unit events
     0.100354720              1,925      context-switches                                            
     0.200738914              1,640      context-switches                                            
     0.301060331              1,912      context-switches                                            
     0.401299029              2,329      context-switches                                            
     0.501578707              2,369      context-switches                                            
     0.601911114              2,196      context-switches                                            
     0.702233724              2,797      context-switches                                            
     0.802413800              2,609      context-switches                                            
     0.902754241              2,592      context-switches                                            
     1.002991896              2,322      context-switches                                            
     1.103178037              2,511      context-switches                                            
     1.203506744              2,135      context-switches                                            
     1.303712167              2,616      context-switches                                            
     1.403989784              2,130      context-switches                                            
     1.504229847              2,417      context-switches                                            
     1.604513776              2,451      context-switches                                            
     1.704831663              2,736      context-switches                                            
     1.805000918              2,481      context-switches                                            
     1.905274348              2,364      context-switches                                            
     2.005524201              8,662      context-switches                                            
     2.105839383              2,741      context-switches                                            
     2.206219957              2,699      context-switches                                            
     2.306533828              2,955      context-switches                                            
     2.406968474              2,721      context-switches                                            
     2.507333188              2,418      context-switches                                            
#           time             counts unit events
     2.607639687              1,769      context-switches                                            
     2.707990849              2,309      context-switches                                            
     2.808241140              2,039      context-switches                                            
     2.908721178              1,561      context-switches                                            
     3.009006187              1,789      context-switches                                            
     3.109406877              2,009      context-switches                                            
     3.209761126              1,500      context-switches                                            
     3.310080528              1,878      context-switches                                            
     3.410379356              2,238      context-switches                                            
     3.510818640              2,464      context-switches                                            
     3.611278301              2,414      context-switches                                            
     3.711548849              1,878      context-switches                                            
     3.811887212              1,787      context-switches                                            
     3.912211547              1,604      context-switches                                            
     4.012477589              2,361      context-switches                                            
     4.112716737              3,185      context-switches                                            
     4.213002846              2,882      context-switches                                            
     4.313373150              2,330      context-switches                                            
     4.413640158              2,382      context-switches                                            
     4.514049589              2,493      context-switches                                            
     4.614389587              2,148      context-switches                                            
     4.714698636              2,193      context-switches                                            
     4.815133814              1,824      context-switches                                            
     4.915459810              2,006      context-switches                                            
     5.015681023              1,673      context-switches                                            
#           time             counts unit events
     5.116033205              1,953      context-switches                                            
     5.216288583              1,603      context-switches                                            
     5.316792495              1,837      context-switches                                            
     5.417247722              1,489      context-switches                                            
     5.517579949              1,906      context-switches                                            
     5.617725159              1,694      context-switches                                            
     5.718149683              1,572      context-switches                                            
     5.818626827              1,636      context-switches                                            
     5.919027932              1,712      context-switches                                            
     6.019466504              1,675      context-switches                                            
     6.119907203              1,912      context-switches                                            
     6.220314747              1,498      context-switches                                            
     6.320812834              1,951      context-switches                                            
     6.421404083              7,967      context-switches                                            
     6.521817256              1,577      context-switches                                            
     6.622082413              1,799      context-switches                                            
     6.722417536              1,633      context-switches                                            
     6.822833263              1,749      context-switches                                            
     6.923404443              1,559      context-switches                                            
     7.023672554              1,608      context-switches                                            
     7.124061296              2,060      context-switches                                            
     7.224541556              2,143      context-switches                                            
     7.325022354              2,057      context-switches                                            
     7.425352360              1,770      context-switches                                            
     7.525808140              1,610      context-switches                                            
#           time             counts unit events
     7.626276283              1,485      context-switches                                            
     7.726571820              1,672      context-switches                                            
     7.826959993              1,493      context-switches                                            
     7.927315704              1,428      context-switches                                            
     8.027687470              1,557      context-switches                                            
     8.127977767              1,947      context-switches                                            
     8.228301668              1,587      context-switches                                            
     8.328567753              2,012      context-switches                                            
     8.429032860              1,523      context-switches                                            
     8.529343362              1,803      context-switches                                            
     8.629704724              1,605      context-switches                                            
     8.730164846              2,848      context-switches                                            
     8.830631677              1,947      context-switches                                            
     8.930995973              1,759      context-switches                                            
     9.031340571              1,621      context-switches                                            
     9.131650521              2,465      context-switches                                            
     9.231970494              1,841      context-switches                                            
     9.332350746              1,772      context-switches                                            
     9.432747805              1,475      context-switches                                            
     9.533030512              1,639      context-switches                                            
     9.633425788              1,633      context-switches                                            
     9.733903888              1,575      context-switches                                            
     9.834107572              1,600      context-switches                                            
     9.934408908              1,576      context-switches                                            
    10.001176174                951      context-switches                                            
