# started on Wed Nov  6 02:18:45 2019

#           time             counts unit events
     0.100742315                347      context-switches                                            
     0.201382011                167      context-switches                                            
     0.301953675                141      context-switches                                            
     0.402483439                244      context-switches                                            
     0.503070841                215      context-switches                                            
     0.603647687                299      context-switches                                            
     0.704263266                189      context-switches                                            
     0.804879302                182      context-switches                                            
     0.905433190                368      context-switches                                            
     1.005994628                207      context-switches                                            
     1.106547792                182      context-switches                                            
     1.207139085                233      context-switches                                            
     1.307739196                164      context-switches                                            
     1.408379407                256      context-switches                                            
     1.508983059                152      context-switches                                            
     1.609552941                322      context-switches                                            
     1.710093927                164      context-switches                                            
     1.810608259                209      context-switches                                            
     1.911110404                355      context-switches                                            
     2.011659709                195      context-switches                                            
     2.112248256                204      context-switches                                            
     2.212847365                225      context-switches                                            
     2.313443147                152      context-switches                                            
     2.414092467                230      context-switches                                            
     2.514697775                263      context-switches                                            
#           time             counts unit events
     2.615287882                378      context-switches                                            
     2.715890039                174      context-switches                                            
     2.816511604                299      context-switches                                            
     2.916953201                381      context-switches                                            
     3.017400950                176      context-switches                                            
     3.117957451                190      context-switches                                            
     3.218374298              6,223      context-switches                                            
     3.318932591                130      context-switches                                            
     3.419517404                201      context-switches                                            
     3.520028898                193      context-switches                                            
     3.620558995                326      context-switches                                            
     3.721129746                191      context-switches                                            
     3.821506656                220      context-switches                                            
     3.922104936                365      context-switches                                            
     4.022714418                240      context-switches                                            
     4.123304728                238      context-switches                                            
     4.223908306                225      context-switches                                            
     4.324509234                320      context-switches                                            
     4.425038640                251      context-switches                                            
     4.525653874                195      context-switches                                            
     4.626200579                298      context-switches                                            
     4.726706973                195      context-switches                                            
     4.827240518                237      context-switches                                            
     4.927854055                342      context-switches                                            
     5.028130418              6,395      context-switches                                            
#           time             counts unit events
     5.128429232             26,275      context-switches                                            
     5.228539485             37,479      context-switches                                            
     5.328759740             38,720      context-switches                                            
     5.428868922             37,155      context-switches                                            
     5.529166529             38,780      context-switches                                            
     5.629282155             36,840      context-switches                                            
     5.729454446             39,227      context-switches                                            
     5.829626970             35,691      context-switches                                            
     5.929847523             38,833      context-switches                                            
     6.030119674             36,668      context-switches                                            
     6.130342189             38,948      context-switches                                            
     6.230540411             36,531      context-switches                                            
     6.330780055             38,615      context-switches                                            
     6.431010234             36,715      context-switches                                            
     6.531254280             39,506      context-switches                                            
     6.631470213             35,695      context-switches                                            
     6.731674862             38,842      context-switches                                            
     6.831872080             36,268      context-switches                                            
     6.932080550             38,982      context-switches                                            
     7.032379898             35,959      context-switches                                            
     7.132625811             38,506      context-switches                                            
     7.232896373             35,152      context-switches                                            
     7.333091095             39,169      context-switches                                            
     7.433312749             37,053      context-switches                                            
     7.533549474             38,931      context-switches                                            
#           time             counts unit events
     7.633772098             35,456      context-switches                                            
     7.733960067             39,276      context-switches                                            
     7.834209943             36,021      context-switches                                            
     7.934504056             39,016      context-switches                                            
     8.034625878             37,235      context-switches                                            
     8.134827738             38,705      context-switches                                            
     8.235102360             37,439      context-switches                                            
     8.335298989             39,630      context-switches                                            
     8.435526530             35,733      context-switches                                            
     8.535712994             39,402      context-switches                                            
     8.635882154             37,293      context-switches                                            
     8.736051127             39,426      context-switches                                            
     8.836242721             36,116      context-switches                                            
     8.936352434             39,254      context-switches                                            
     9.036595494             36,447      context-switches                                            
     9.136704597             38,922      context-switches                                            
     9.236933925             37,201      context-switches                                            
     9.337044111             38,732      context-switches                                            
     9.437262151             36,336      context-switches                                            
     9.537377310             38,101      context-switches                                            
     9.637575543             37,574      context-switches                                            
     9.737768620             38,090      context-switches                                            
     9.838024601             37,400      context-switches                                            
     9.938339399             38,553      context-switches                                            
    10.000620376             22,939      context-switches                                            
