# started on Wed Nov  6 01:37:20 2019

#           time             counts unit events
     0.100653719                532      context-switches                                            
     0.201329632                399      context-switches                                            
     0.301944128                142      context-switches                                            
     0.402458245                182      context-switches                                            
     0.503070796                202      context-switches                                            
     0.603678911                244      context-switches                                            
     0.704160431                219      context-switches                                            
     0.804812736                201      context-switches                                            
     0.905434023                204      context-switches                                            
     1.006063247                175      context-switches                                            
     1.106619542                308      context-switches                                            
     1.207161827                436      context-switches                                            
     1.307740585                139      context-switches                                            
     1.408356912                211      context-switches                                            
     1.508911228                238      context-switches                                            
     1.609387771                216      context-switches                                            
     1.710045086                212      context-switches                                            
     1.810705837                154      context-switches                                            
     1.911265594                199      context-switches                                            
     2.011872914                197      context-switches                                            
     2.112507379                202      context-switches                                            
     2.213088951                470      context-switches                                            
     2.313617270                130      context-switches                                            
     2.414127628                170      context-switches                                            
     2.514641226                184      context-switches                                            
#           time             counts unit events
     2.615183479                184      context-switches                                            
     2.715711701                226      context-switches                                            
     2.816207810                185      context-switches                                            
     2.916710924                268      context-switches                                            
     3.017321894                196      context-switches                                            
     3.117922192                346      context-switches                                            
     3.218608716                458      context-switches                                            
     3.319199055                128      context-switches                                            
     3.419673499                192      context-switches                                            
     3.520268184                196      context-switches                                            
     3.620881680                140      context-switches                                            
     3.721433802                207      context-switches                                            
     3.821979328                149      context-switches                                            
     3.922601982                205      context-switches                                            
     4.023104321                204      context-switches                                            
     4.123657208                199      context-switches                                            
     4.224159643                490      context-switches                                            
     4.324809014                198      context-switches                                            
     4.425407873                224      context-switches                                            
     4.525897992                130      context-switches                                            
     4.626523348                170      context-switches                                            
     4.727124834                210      context-switches                                            
     4.827685338                187      context-switches                                            
     4.928149198                226      context-switches                                            
     5.028295013              5,646      context-switches                                            
#           time             counts unit events
     5.128415619             27,557      context-switches                                            
     5.228526678             37,274      context-switches                                            
     5.328701224             37,444      context-switches                                            
     5.428876752             37,317      context-switches                                            
     5.529066755             38,679      context-switches                                            
     5.629236247             36,507      context-switches                                            
     5.729355591             38,954      context-switches                                            
     5.829492085             37,597      context-switches                                            
     5.929691801             38,784      context-switches                                            
     6.029808536             35,866      context-switches                                            
     6.129984186             38,397      context-switches                                            
     6.230101420             37,149      context-switches                                            
     6.330367373             39,005      context-switches                                            
     6.430479877             37,061      context-switches                                            
     6.530712359             38,500      context-switches                                            
     6.630920575             36,074      context-switches                                            
     6.731114211             37,902      context-switches                                            
     6.831247983             35,914      context-switches                                            
     6.931485180             38,201      context-switches                                            
     7.031657312             36,532      context-switches                                            
     7.131865861             38,825      context-switches                                            
     7.232071597             37,069      context-switches                                            
     7.332192264             38,901      context-switches                                            
     7.432310951             37,025      context-switches                                            
     7.532475657             38,961      context-switches                                            
#           time             counts unit events
     7.632736153             37,028      context-switches                                            
     7.732881717             38,831      context-switches                                            
     7.833081980             36,961      context-switches                                            
     7.933280098             38,409      context-switches                                            
     8.033534165             36,791      context-switches                                            
     8.133738925             37,855      context-switches                                            
     8.233962555             37,320      context-switches                                            
     8.334178305             39,010      context-switches                                            
     8.434295238             37,030      context-switches                                            
     8.534519781             39,054      context-switches                                            
     8.634696220             37,267      context-switches                                            
     8.734851183             38,329      context-switches                                            
     8.835029520             36,681      context-switches                                            
     8.935206013             39,027      context-switches                                            
     9.035453932             36,375      context-switches                                            
     9.135631754             38,167      context-switches                                            
     9.235820850             36,915      context-switches                                            
     9.335936171             38,364      context-switches                                            
     9.436109426             37,637      context-switches                                            
     9.536216822             37,962      context-switches                                            
     9.636413018             34,568      context-switches                                            
     9.736520704             38,767      context-switches                                            
     9.836766899             36,724      context-switches                                            
     9.936880152             38,558      context-switches                                            
    10.000825918             23,683      context-switches                                            
