# started on Mon Nov 11 22:48:45 2019

#           time             counts unit events
     0.100297831             45,996      context-switches                                            
     0.200457503             41,934      context-switches                                            
     0.300591155             45,027      context-switches                                            
     0.400730038             43,678      context-switches                                            
     0.500876941             46,909      context-switches                                            
     0.601012774             40,423      context-switches                                            
     0.701150597             49,279      context-switches                                            
     0.801277551             49,941      context-switches                                            
     0.901411334             56,224      context-switches                                            
     1.001542208             42,139      context-switches                                            
     1.101676861             50,022      context-switches                                            
     1.201805575             50,554      context-switches                                            
     1.301938898             42,924      context-switches                                            
     1.402080371             47,338      context-switches                                            
     1.502211005             44,891      context-switches                                            
     1.602346719             36,095      context-switches                                            
     1.702488643             33,589      context-switches                                            
     1.802636457             36,457      context-switches                                            
     1.902780761             46,219      context-switches                                            
     2.002921425             48,712      context-switches                                            
     2.103044909             47,029      context-switches                                            
     2.203186473             45,209      context-switches                                            
     2.303337397             51,976      context-switches                                            
     2.403476341             44,335      context-switches                                            
     2.503619906             43,754      context-switches                                            
#           time             counts unit events
     2.603767050             41,984      context-switches                                            
     2.703902035             41,675      context-switches                                            
     2.804044990             44,409      context-switches                                            
     2.904194015             46,868      context-switches                                            
     3.004344120             45,045      context-switches                                            
     3.104489395             45,059      context-switches                                            
     3.204636849             43,073      context-switches                                            
     3.304778574             43,368      context-switches                                            
     3.404908549             44,017      context-switches                                            
     3.505050324             43,244      context-switches                                            
     3.605193009             41,290      context-switches                                            
     3.705351545             45,941      context-switches                                            
     3.805526601             44,501      context-switches                                            
     3.905674106             46,093      context-switches                                            
     4.005823411             37,159      context-switches                                            
     4.105957937             37,980      context-switches                                            
     4.206117042             46,866      context-switches                                            
     4.306282588             43,477      context-switches                                            
     4.406428614             40,902      context-switches                                            
     4.506576069             44,639      context-switches                                            
     4.606728066             30,275      context-switches                                            
     4.706886852             39,439      context-switches                                            
     4.807045758             47,350      context-switches                                            
     4.907189695             43,986      context-switches                                            
     5.007337501             45,462      context-switches                                            
#           time             counts unit events
     5.107490407             42,204      context-switches                                            
     5.207635374             42,590      context-switches                                            
     5.307768510             46,988      context-switches                                            
     5.407908557             40,810      context-switches                                            
     5.508062573             43,174      context-switches                                            
     5.608233080             44,585      context-switches                                            
     5.708383087             32,265      context-switches                                            
     5.808515975             41,002      context-switches                                            
     5.908666452             47,358      context-switches                                            
     6.008841748             46,694      context-switches                                            
     6.108992225             43,998      context-switches                                            
     6.209143902             34,044      context-switches                                            
     6.309281490             33,417      context-switches                                            
     6.409403697             43,328      context-switches                                            
     6.509530145             38,040      context-switches                                            
     6.609615014             45,820      context-switches                                            
     6.709771671             42,031      context-switches                                            
     6.809937379             30,698      context-switches                                            
     6.910084087             44,148      context-switches                                            
     7.010230955             44,923      context-switches                                            
     7.110371973             43,419      context-switches                                            
     7.210546171             47,440      context-switches                                            
     7.310676039             50,278      context-switches                                            
     7.410817936             44,277      context-switches                                            
     7.510945015             46,061      context-switches                                            
#           time             counts unit events
     7.611065254             46,528      context-switches                                            
     7.711214583             43,165      context-switches                                            
     7.811351291             47,852      context-switches                                            
     7.911491020             47,721      context-switches                                            
     8.011646869             46,803      context-switches                                            
     8.111788167             45,053      context-switches                                            
     8.211916046             42,007      context-switches                                            
     8.312044666             43,904      context-switches                                            
     8.412154595             47,261      context-switches                                            
     8.512302904             48,452      context-switches                                            
     8.612460803             47,892      context-switches                                            
     8.712589423             47,574      context-switches                                            
     8.812728602             47,624      context-switches                                            
     8.912865382             50,180      context-switches                                            
     9.013010821             52,661      context-switches                                            
     9.113143541             46,970      context-switches                                            
     9.213283471             55,281      context-switches                                            
     9.313417410             44,493      context-switches                                            
     9.413549110             43,350      context-switches                                            
     9.513710259             41,625      context-switches                                            
     9.613858870             48,787      context-switches                                            
     9.713999670             42,917      context-switches                                            
     9.814152920             46,134      context-switches                                            
     9.914309230             43,246      context-switches                                            
    10.003048830             36,285      context-switches                                            
