# started on Tue Nov 12 12:06:08 2019

#           time             counts unit events
     0.100126306             39,016      context-switches                                            
     0.200378670             42,326      context-switches                                            
     0.300486810             36,655      context-switches                                            
     0.400685222             42,532      context-switches                                            
     0.500798689             40,728      context-switches                                            
     0.601119248             40,842      context-switches                                            
     0.701290711             38,016      context-switches                                            
     0.801402514             35,833      context-switches                                            
     0.901507572             41,043      context-switches                                            
     1.001617429             38,944      context-switches                                            
     1.101814339             38,273      context-switches                                            
     1.201884739             41,975      context-switches                                            
     1.302070954             40,417      context-switches                                            
     1.402189364             40,535      context-switches                                            
     1.502336464             42,687      context-switches                                            
     1.602445042             41,721      context-switches                                            
     1.702562450             41,981      context-switches                                            
     1.802694807             41,873      context-switches                                            
     1.902907692             43,815      context-switches                                            
     2.003083288             41,483      context-switches                                            
     2.103297366             41,849      context-switches                                            
     2.203446398             41,415      context-switches                                            
     2.303551274             41,940      context-switches                                            
     2.403764646             43,723      context-switches                                            
     2.503877652             41,389      context-switches                                            
#           time             counts unit events
     2.603984484             41,623      context-switches                                            
     2.704089282             38,306      context-switches                                            
     2.804198697             39,545      context-switches                                            
     2.904389172             43,871      context-switches                                            
     3.004517613             41,493      context-switches                                            
     3.104711623             40,872      context-switches                                            
     3.204849941             38,522      context-switches                                            
     3.304959344             37,088      context-switches                                            
     3.405171579             40,677      context-switches                                            
     3.505329525             40,518      context-switches                                            
     3.605526942             39,404      context-switches                                            
     3.705634421             43,836      context-switches                                            
     3.805853802             39,601      context-switches                                            
     3.905970287             39,803      context-switches                                            
     4.006096890             37,324      context-switches                                            
     4.106169824             37,578      context-switches                                            
     4.206308136             36,602      context-switches                                            
     4.306440993             43,435      context-switches                                            
     4.406553564             37,912      context-switches                                            
     4.506663201             41,039      context-switches                                            
     4.606847590             41,156      context-switches                                            
     4.707028764             36,711      context-switches                                            
     4.807140978             37,439      context-switches                                            
     4.907277403             37,609      context-switches                                            
     5.007447356             36,337      context-switches                                            
#           time             counts unit events
     5.107564219             35,619      context-switches                                            
     5.207785390             40,803      context-switches                                            
     5.307960506             41,841      context-switches                                            
     5.408075605             39,681      context-switches                                            
     5.508194005             35,861      context-switches                                            
     5.608307724             43,043      context-switches                                            
     5.708418143             42,628      context-switches                                            
     5.808510523             42,338      context-switches                                            
     5.908810289             44,407      context-switches                                            
     6.008921441             43,595      context-switches                                            
     6.109033580             40,798      context-switches                                            
     6.209284177             41,855      context-switches                                            
     6.309393725             38,728      context-switches                                            
     6.409606634             37,393      context-switches                                            
     6.509714884             40,688      context-switches                                            
     6.609828372             41,205      context-switches                                            
     6.709992293             43,629      context-switches                                            
     6.810214367             41,551      context-switches                                            
     6.910330170             41,048      context-switches                                            
     7.010465551             39,314      context-switches                                            
     7.110579695             42,391      context-switches                                            
     7.210695968             42,642      context-switches                                            
     7.310897220             43,842      context-switches                                            
     7.411047748             41,685      context-switches                                            
     7.511169768             44,373      context-switches                                            
#           time             counts unit events
     7.611341928             37,894      context-switches                                            
     7.711480384             42,216      context-switches                                            
     7.811595103             41,549      context-switches                                            
     7.911709488             42,320      context-switches                                            
     8.011828696             40,985      context-switches                                            
     8.112019971             37,437      context-switches                                            
     8.212209284             41,447      context-switches                                            
     8.312369617             41,260      context-switches                                            
     8.412627167             41,575      context-switches                                            
     8.512735687             38,951      context-switches                                            
     8.612842715             39,461      context-switches                                            
     8.712962921             43,321      context-switches                                            
     8.813109700             42,356      context-switches                                            
     8.913216269             41,009      context-switches                                            
     9.013392169             42,092      context-switches                                            
     9.113523852             35,457      context-switches                                            
     9.213687259             41,642      context-switches                                            
     9.313795782             42,788      context-switches                                            
     9.413972564             37,801      context-switches                                            
     9.514140977             39,892      context-switches                                            
     9.614244731             43,143      context-switches                                            
     9.714354579             41,200      context-switches                                            
     9.814490599             41,321      context-switches                                            
     9.914603434             38,731      context-switches                                            
    10.000563997             34,279      context-switches                                            
