# started on Tue Nov  5 23:09:21 2019

#           time             counts unit events
     0.100615401                341      context-switches                                            
     0.201326773                148      context-switches                                            
     0.301867744                246      context-switches                                            
     0.402473743                240      context-switches                                            
     0.503094487                216      context-switches                                            
     0.603699271                196      context-switches                                            
     0.704398334                189      context-switches                                            
     0.805018737                296      context-switches                                            
     0.905407766                369      context-switches                                            
     1.005983873                197      context-switches                                            
     1.106611494                160      context-switches                                            
     1.207200106                148      context-switches                                            
     1.307743841                213      context-switches                                            
     1.408287942                241      context-switches                                            
     1.508993222                194      context-switches                                            
     1.609519221                234      context-switches                                            
     1.710206434                189      context-switches                                            
     1.810816454                435      context-switches                                            
     1.911310440                361      context-switches                                            
     2.011915478                188      context-switches                                            
     2.112451800                173      context-switches                                            
     2.213113817                113      context-switches                                            
     2.313687640                226      context-switches                                            
     2.414276677                195      context-switches                                            
     2.514774613                171      context-switches                                            
#           time             counts unit events
     2.615337002                207      context-switches                                            
     2.715920182                120      context-switches                                            
     2.816489220                298      context-switches                                            
     2.916853432                357      context-switches                                            
     3.017373392                223      context-switches                                            
     3.117916527                199      context-switches                                            
     3.218317759                164      context-switches                                            
     3.318901752                249      context-switches                                            
     3.419499899                222      context-switches                                            
     3.519986167                153      context-switches                                            
     3.620580615                163      context-switches                                            
     3.721100530                166      context-switches                                            
     3.821783233                321      context-switches                                            
     3.922434962                361      context-switches                                            
     4.022950748                164      context-switches                                            
     4.123479019                156      context-switches                                            
     4.224080756                137      context-switches                                            
     4.324627456                231      context-switches                                            
     4.425255298                225      context-switches                                            
     4.525884028                161      context-switches                                            
     4.626505591                192      context-switches                                            
     4.727161004                172      context-switches                                            
     4.827778607                287      context-switches                                            
     4.928223949                352      context-switches                                            
     5.028591335              2,360      context-switches                                            
#           time             counts unit events
     5.128960637              2,353      context-switches                                            
     5.229114760              3,239      context-switches                                            
     5.329541640              1,590      context-switches                                            
     5.429812600              5,284      context-switches                                            
     5.529920413              5,760      context-switches                                            
     5.630362277              3,943      context-switches                                            
     5.730564834              3,885      context-switches                                            
     5.831058007              6,244      context-switches                                            
     5.931636245              4,868      context-switches                                            
     6.031937836              2,891      context-switches                                            
     6.132252480              7,933      context-switches                                            
     6.232449536              1,534      context-switches                                            
     6.332751351              4,170      context-switches                                            
     6.432947298              6,341      context-switches                                            
     6.533315228              3,648      context-switches                                            
     6.633663393              4,719      context-switches                                            
     6.733910622              5,142      context-switches                                            
     6.834426677              4,936      context-switches                                            
     6.934577029              3,073      context-switches                                            
     7.035009784             13,252      context-switches                                            
     7.135240151              1,545      context-switches                                            
     7.235413439              4,791      context-switches                                            
     7.335615769              4,695      context-switches                                            
     7.436115949              4,381      context-switches                                            
     7.536376712              4,502      context-switches                                            
#           time             counts unit events
     7.636621355              5,790      context-switches                                            
     7.736851131              4,939      context-switches                                            
     7.837128762              3,858      context-switches                                            
     7.937338683              6,612      context-switches                                            
     8.037822285              5,191      context-switches                                            
     8.138095102              1,909      context-switches                                            
     8.238304396              7,443      context-switches                                            
     8.338612344              1,973      context-switches                                            
     8.438916231              4,391      context-switches                                            
     8.539030978              5,594      context-switches                                            
     8.639558535              3,842      context-switches                                            
     8.739913567              4,484      context-switches                                            
     8.840511045              5,097      context-switches                                            
     8.940809025              4,199      context-switches                                            
     9.041195071              4,788      context-switches                                            
     9.141409093              2,451      context-switches                                            
     9.241586177              5,657      context-switches                                            
     9.341853027              7,022      context-switches                                            
     9.442313763              2,173      context-switches                                            
     9.542726988              5,282      context-switches                                            
     9.642937007              5,506      context-switches                                            
     9.743324688              4,161      context-switches                                            
     9.843531427              4,625      context-switches                                            
     9.944123503              5,648      context-switches                                            
    10.000760179              2,358      context-switches                                            
