# started on Tue Nov  5 17:16:30 2019

#           time             counts unit events
     0.100445750              5,190      context-switches                                            
     0.200945140                339      context-switches                                            
     0.301416174                675      context-switches                                            
     0.402085533                363      context-switches                                            
     0.502584348                315      context-switches                                            
     0.603226442                593      context-switches                                            
     0.703854816                192      context-switches                                            
     0.804361672                214      context-switches                                            
     0.904888874                268      context-switches                                            
     1.005513909                251      context-switches                                            
     1.106062333                557      context-switches                                            
     1.206692717                274      context-switches                                            
     1.307022577                589      context-switches                                            
     1.407553695                465      context-switches                                            
     1.508108441                331      context-switches                                            
     1.608679362                581      context-switches                                            
     1.709212812                212      context-switches                                            
     1.809799899                355      context-switches                                            
     1.910394922                260      context-switches                                            
     2.011018900                505      context-switches                                            
     2.111653774                259      context-switches                                            
     2.212091427                407      context-switches                                            
     2.312434760                699      context-switches                                            
     2.412864994                507      context-switches                                            
     2.513341280                506      context-switches                                            
#           time             counts unit events
     2.613853147                194      context-switches                                            
     2.714480349                166      context-switches                                            
     2.814964660                228      context-switches                                            
     2.915502219                273      context-switches                                            
     3.016083752                338      context-switches                                            
     3.116624659                278      context-switches                                            
     3.217163625                357      context-switches                                            
     3.317375081                501      context-switches                                            
     3.417872159                191      context-switches                                            
     3.518311727                473      context-switches                                            
     3.618903316                425      context-switches                                            
     3.719547212                318      context-switches                                            
     3.820188052                440      context-switches                                            
     3.920813566                308      context-switches                                            
     4.021387993                328      context-switches                                            
     4.122008255                363      context-switches                                            
     4.222473111                208      context-switches                                            
     4.323070204                523      context-switches                                            
     4.423694614                410      context-switches                                            
     4.524176952                685      context-switches                                            
     4.624739189                292      context-switches                                            
     4.725291254                289      context-switches                                            
     4.825845219                283      context-switches                                            
     4.926436978                323      context-switches                                            
     5.026610236              2,316      context-switches                                            
#           time             counts unit events
     5.126874295              3,352      context-switches                                            
     5.227312416              2,171      context-switches                                            
     5.327573651              5,269      context-switches                                            
     5.427940029              1,177      context-switches                                            
     5.528304051              4,878      context-switches                                            
     5.628468942              3,212      context-switches                                            
     5.728681677              5,821      context-switches                                            
     5.829096987              3,274      context-switches                                            
     5.929475633              3,462      context-switches                                            
     6.029868697              3,607      context-switches                                            
     6.130128418              4,255      context-switches                                            
     6.230698646              5,871      context-switches                                            
     6.330943252              3,114      context-switches                                            
     6.431255121              8,396      context-switches                                            
     6.531529224              1,255      context-switches                                            
     6.631824729              3,957      context-switches                                            
     6.731976486              5,216      context-switches                                            
     6.832192900              4,376      context-switches                                            
     6.932482909              3,017      context-switches                                            
     7.032621248              3,942      context-switches                                            
     7.133121724              6,959      context-switches                                            
     7.233423979              3,194      context-switches                                            
     7.333719974              3,522      context-switches                                            
     7.434120397              1,150      context-switches                                            
     7.534298017              5,817      context-switches                                            
#           time             counts unit events
     7.634639848              7,235      context-switches                                            
     7.734746238              5,216      context-switches                                            
     7.835171633              1,926      context-switches                                            
     7.935851780              1,645      context-switches                                            
     8.036039561              3,554      context-switches                                            
     8.136185584             14,633      context-switches                                            
     8.236542605              5,631      context-switches                                            
     8.336769723              5,476      context-switches                                            
     8.437313331              1,588      context-switches                                            
     8.537467769              4,130      context-switches                                            
     8.637632936              8,733      context-switches                                            
     8.737946634              5,250      context-switches                                            
     8.838240371              6,107      context-switches                                            
     8.938765530              1,292      context-switches                                            
     9.038955653              3,076      context-switches                                            
     9.139223663              9,499      context-switches                                            
     9.239500930              4,579      context-switches                                            
     9.339874302             11,710      context-switches                                            
     9.440235876              1,470      context-switches                                            
     9.540743987              2,050      context-switches                                            
     9.640956359              5,333      context-switches                                            
     9.741257939              7,439      context-switches                                            
     9.841619663              5,390      context-switches                                            
     9.941860686              2,584      context-switches                                            
    10.000765135              1,124      context-switches                                            
