# started on Wed Nov  6 00:29:40 2019

#           time             counts unit events
     0.100612054                405      context-switches                                            
     0.201214563                214      context-switches                                            
     0.301595838                214      context-switches                                            
     0.402130577                479      context-switches                                            
     0.502777833                143      context-switches                                            
     0.603328864                211      context-switches                                            
     0.703911834                314      context-switches                                            
     0.804435703                227      context-switches                                            
     0.904972158                191      context-switches                                            
     1.005654537                220      context-switches                                            
     1.106200289                219      context-switches                                            
     1.206706739                271      context-switches                                            
     1.307224935                290      context-switches                                            
     1.407720902                413      context-switches                                            
     1.508265663                250      context-switches                                            
     1.608683400              1,351      context-switches                                            
     1.709230429                262      context-switches                                            
     1.809869928                230      context-switches                                            
     1.910374927                197      context-switches                                            
     2.010989848                207      context-switches                                            
     2.111666487                242      context-switches                                            
     2.212081799              1,038      context-switches                                            
     2.312479550              2,177      context-switches                                            
     2.412642455              1,045      context-switches                                            
     2.513122705              3,683      context-switches                                            
#           time             counts unit events
     2.613711296                200      context-switches                                            
     2.714200782                200      context-switches                                            
     2.814769122                273      context-switches                                            
     2.915346414                202      context-switches                                            
     3.016000434                240      context-switches                                            
     3.116573601                306      context-switches                                            
     3.217153305                269      context-switches                                            
     3.317755833                390      context-switches                                            
     3.418335858                371      context-switches                                            
     3.518979135                197      context-switches                                            
     3.619480431                368      context-switches                                            
     3.720133207                194      context-switches                                            
     3.820781731                256      context-switches                                            
     3.921438087                138      context-switches                                            
     4.021898902                213      context-switches                                            
     4.122529281                170      context-switches                                            
     4.223147692                217      context-switches                                            
     4.323767505                242      context-switches                                            
     4.424225445                360      context-switches                                            
     4.524642964                209      context-switches                                            
     4.625278940                302      context-switches                                            
     4.725945812                296      context-switches                                            
     4.826617277                296      context-switches                                            
     4.927040994                138      context-switches                                            
     5.027278851              5,316      context-switches                                            
#           time             counts unit events
     5.127502417             26,745      context-switches                                            
     5.227716672             36,616      context-switches                                            
     5.327940512             39,999      context-switches                                            
     5.428046443             37,212      context-switches                                            
     5.528322733             37,620      context-switches                                            
     5.628437424             36,579      context-switches                                            
     5.728711964             37,272      context-switches                                            
     5.828822381             37,215      context-switches                                            
     5.928983934             38,146      context-switches                                            
     6.029097706             37,179      context-switches                                            
     6.129353297             36,043      context-switches                                            
     6.229457917             37,095      context-switches                                            
     6.329619860             37,926      context-switches                                            
     6.429837186             37,104      context-switches                                            
     6.530132720             38,263      context-switches                                            
     6.630377849             37,086      context-switches                                            
     6.730572645             39,005      context-switches                                            
     6.830757551             36,388      context-switches                                            
     6.931006659             38,999      context-switches                                            
     7.031300253             35,797      context-switches                                            
     7.131511067             38,581      context-switches                                            
     7.231760490             36,513      context-switches                                            
     7.332055698             38,419      context-switches                                            
     7.432242565             36,178      context-switches                                            
     7.532446720             38,540      context-switches                                            
#           time             counts unit events
     7.632670533             35,903      context-switches                                            
     7.732875509             38,425      context-switches                                            
     7.833128692             35,813      context-switches                                            
     7.933260647             38,503      context-switches                                            
     8.033400286             36,137      context-switches                                            
     8.133650178             38,635      context-switches                                            
     8.233895270             36,083      context-switches                                            
     8.334191858             38,764      context-switches                                            
     8.434446126             37,042      context-switches                                            
     8.534638611             38,961      context-switches                                            
     8.634912958             39,047      context-switches                                            
     8.735154620             38,508      context-switches                                            
     8.835411199             36,871      context-switches                                            
     8.935608780             38,739      context-switches                                            
     9.035923963             34,614      context-switches                                            
     9.136098706             38,282      context-switches                                            
     9.236273807             35,296      context-switches                                            
     9.336495745             38,643      context-switches                                            
     9.436723174             36,828      context-switches                                            
     9.536831827             38,594      context-switches                                            
     9.637019737             37,169      context-switches                                            
     9.737127022             39,425      context-switches                                            
     9.837263933             36,846      context-switches                                            
     9.937406953             38,668      context-switches                                            
    10.000838185             23,084      context-switches                                            
