# started on Tue Nov 12 12:02:46 2019

#           time             counts unit events
     0.100155499             33,951      context-switches                                            
     0.200311669             35,083      context-switches                                            
     0.300474343             35,815      context-switches                                            
     0.400589346             38,827      context-switches                                            
     0.500707386             41,494      context-switches                                            
     0.600823517             41,883      context-switches                                            
     0.700931848             38,435      context-switches                                            
     0.801155313             41,646      context-switches                                            
     0.901308233             37,483      context-switches                                            
     1.001478172             40,402      context-switches                                            
     1.101733794             40,992      context-switches                                            
     1.201894552             43,151      context-switches                                            
     1.302004838             42,336      context-switches                                            
     1.402145574             41,758      context-switches                                            
     1.502349651             41,769      context-switches                                            
     1.602561676             41,008      context-switches                                            
     1.702694127             39,061      context-switches                                            
     1.802862058             41,503      context-switches                                            
     1.902981437             39,174      context-switches                                            
     2.003185233             40,535      context-switches                                            
     2.103303711             31,976      context-switches                                            
     2.203501850             32,841      context-switches                                            
     2.303663359             37,597      context-switches                                            
     2.403775443             38,518      context-switches                                            
     2.503885316             39,142      context-switches                                            
#           time             counts unit events
     2.603998833             39,234      context-switches                                            
     2.704184494             38,634      context-switches                                            
     2.804334510             32,899      context-switches                                            
     2.904485221             36,769      context-switches                                            
     3.004731711             38,052      context-switches                                            
     3.104845374             42,214      context-switches                                            
     3.204954843             37,373      context-switches                                            
     3.305067378             37,993      context-switches                                            
     3.405189554             38,760      context-switches                                            
     3.505373777             36,298      context-switches                                            
     3.605535157             38,158      context-switches                                            
     3.705647409             40,878      context-switches                                            
     3.805798925             40,707      context-switches                                            
     3.905966780             36,906      context-switches                                            
     4.006092084             38,446      context-switches                                            
     4.106222383             37,976      context-switches                                            
     4.206460263             36,437      context-switches                                            
     4.306572629             37,146      context-switches                                            
     4.406684546             39,901      context-switches                                            
     4.506814209             43,203      context-switches                                            
     4.606945454             36,121      context-switches                                            
     4.707065034             35,383      context-switches                                            
     4.807191966             36,891      context-switches                                            
     4.907385585             41,190      context-switches                                            
     5.007541920             44,426      context-switches                                            
#           time             counts unit events
     5.107662535             36,248      context-switches                                            
     5.207857939             38,241      context-switches                                            
     5.307976375             39,708      context-switches                                            
     5.408191896             35,273      context-switches                                            
     5.508320443             42,358      context-switches                                            
     5.608427052             40,446      context-switches                                            
     5.708559011             37,757      context-switches                                            
     5.808704713             39,038      context-switches                                            
     5.908824780             36,849      context-switches                                            
     6.008944481             36,016      context-switches                                            
     6.109076265             41,250      context-switches                                            
     6.209190543             41,437      context-switches                                            
     6.309328126             38,098      context-switches                                            
     6.409436562             35,725      context-switches                                            
     6.509547501             38,122      context-switches                                            
     6.609775533             38,918      context-switches                                            
     6.709887561             38,219      context-switches                                            
     6.809999192             39,286      context-switches                                            
     6.910221646             38,777      context-switches                                            
     7.010409418             41,674      context-switches                                            
     7.110531687             38,820      context-switches                                            
     7.210679647             36,241      context-switches                                            
     7.310793464             39,185      context-switches                                            
     7.411021801             40,231      context-switches                                            
     7.511249404             37,642      context-switches                                            
#           time             counts unit events
     7.611364256             34,014      context-switches                                            
     7.711534758             35,963      context-switches                                            
     7.811806710             39,688      context-switches                                            
     7.911969068             40,664      context-switches                                            
     8.012253103             44,228      context-switches                                            
     8.112385066             37,443      context-switches                                            
     8.212520349             37,828      context-switches                                            
     8.312684913             38,490      context-switches                                            
     8.412847019             36,639      context-switches                                            
     8.512957523             40,247      context-switches                                            
     8.613075090             35,686      context-switches                                            
     8.713222870             38,716      context-switches                                            
     8.813361830             40,296      context-switches                                            
     8.913476514             38,479      context-switches                                            
     9.013605606             41,199      context-switches                                            
     9.113715603             39,519      context-switches                                            
     9.213862137             41,400      context-switches                                            
     9.314017680             42,117      context-switches                                            
     9.414160499             42,414      context-switches                                            
     9.514328458             41,112      context-switches                                            
     9.614521436             42,765      context-switches                                            
     9.714632657             42,994      context-switches                                            
     9.814826734             40,903      context-switches                                            
     9.915040053             42,223      context-switches                                            
    10.000678480             35,439      context-switches                                            
