# started on Wed Nov  6 01:24:27 2019

#           time             counts unit events
     0.100685042                339      context-switches                                            
     0.201278819                226      context-switches                                            
     0.301951270                243      context-switches                                            
     0.402540156                209      context-switches                                            
     0.503118508                365      context-switches                                            
     0.603661555                240      context-switches                                            
     0.704259942                290      context-switches                                            
     0.804866120                214      context-switches                                            
     0.905506229                196      context-switches                                            
     1.006064491                197      context-switches                                            
     1.106479120                200      context-switches                                            
     1.206980817                230      context-switches                                            
     1.307523427                301      context-switches                                            
     1.408074679                412      context-switches                                            
     1.508581515                389      context-switches                                            
     1.609213039                153      context-switches                                            
     1.709575531              6,522      context-switches                                            
     1.810093292                258      context-switches                                            
     1.910691222                233      context-switches                                            
     2.011209359                223      context-switches                                            
     2.111788801                245      context-switches                                            
     2.212381536                196      context-switches                                            
     2.312893793                338      context-switches                                            
     2.413552448                245      context-switches                                            
     2.514192062                374      context-switches                                            
#           time             counts unit events
     2.614768546                269      context-switches                                            
     2.715417259                411      context-switches                                            
     2.815985944                228      context-switches                                            
     2.916659741                209      context-switches                                            
     3.017266143                182      context-switches                                            
     3.117868361                226      context-switches                                            
     3.218523684                232      context-switches                                            
     3.319087619              2,304      context-switches                                            
     3.419658887                224      context-switches                                            
     3.520289112                357      context-switches                                            
     3.620897792                172      context-switches                                            
     3.721562384                234      context-switches                                            
     3.822194356                212      context-switches                                            
     3.922710400                205      context-switches                                            
     4.023364197                197      context-switches                                            
     4.123959180                248      context-switches                                            
     4.224587911                205      context-switches                                            
     4.325181891                274      context-switches                                            
     4.425754237                221      context-switches                                            
     4.526348639                346      context-switches                                            
     4.626998206                191      context-switches                                            
     4.727603867                306      context-switches                                            
     4.828158957                237      context-switches                                            
     4.928728765                214      context-switches                                            
     5.028919081              5,972      context-switches                                            
#           time             counts unit events
     5.129054696             35,962      context-switches                                            
     5.229211423             37,524      context-switches                                            
     5.329553682             38,438      context-switches                                            
     5.429662483             36,742      context-switches                                            
     5.529891614             38,141      context-switches                                            
     5.630003286             37,272      context-switches                                            
     5.730226425             38,012      context-switches                                            
     5.830340315             36,767      context-switches                                            
     5.930609290             37,695      context-switches                                            
     6.030889083             36,275      context-switches                                            
     6.131056005             38,849      context-switches                                            
     6.231260414             36,133      context-switches                                            
     6.331482667             38,417      context-switches                                            
     6.431611695             37,355      context-switches                                            
     6.531835711             37,994      context-switches                                            
     6.632109810             37,127      context-switches                                            
     6.732350196             39,069      context-switches                                            
     6.832579748             35,266      context-switches                                            
     6.932811901             38,629      context-switches                                            
     7.033053601             36,446      context-switches                                            
     7.133218822             38,031      context-switches                                            
     7.233424000             37,170      context-switches                                            
     7.333577529             39,019      context-switches                                            
     7.433742912             37,159      context-switches                                            
     7.533938123             38,341      context-switches                                            
#           time             counts unit events
     7.634106891             36,427      context-switches                                            
     7.734288391             38,384      context-switches                                            
     7.834528395             37,330      context-switches                                            
     7.934759735             38,602      context-switches                                            
     8.035012109             36,762      context-switches                                            
     8.135227433             39,206      context-switches                                            
     8.235499408             37,038      context-switches                                            
     8.335663810             38,818      context-switches                                            
     8.435831400             36,340      context-switches                                            
     8.536089632             38,120      context-switches                                            
     8.636392562             36,100      context-switches                                            
     8.736548663             38,162      context-switches                                            
     8.836775494             35,914      context-switches                                            
     8.936920786             38,447      context-switches                                            
     9.037165075             36,073      context-switches                                            
     9.137331112             38,311      context-switches                                            
     9.237535426             36,472      context-switches                                            
     9.337736694             37,677      context-switches                                            
     9.437883095             37,184      context-switches                                            
     9.538108286             38,097      context-switches                                            
     9.638332460             34,823      context-switches                                            
     9.738495407             38,734      context-switches                                            
     9.838715079             36,273      context-switches                                            
     9.939020495             38,368      context-switches                                            
    10.000872231             21,970      context-switches                                            
