# started on Wed Nov  6 01:19:50 2019

#           time             counts unit events
     0.100832080                329      context-switches                                            
     0.201537300                158      context-switches                                            
     0.301987106                206      context-switches                                            
     0.402586077                163      context-switches                                            
     0.503113028                260      context-switches                                            
     0.603751887                348      context-switches                                            
     0.704354691                164      context-switches                                            
     0.804829441                208      context-switches                                            
     0.905382446                328      context-switches                                            
     1.005976071                325      context-switches                                            
     1.106486893                192      context-switches                                            
     1.207080764                194      context-switches                                            
     1.307688904                303      context-switches                                            
     1.408185463                296      context-switches                                            
     1.508728126                349      context-switches                                            
     1.609084355                339      context-switches                                            
     1.709592890                148      context-switches                                            
     1.810179282                193      context-switches                                            
     1.910699778                283      context-switches                                            
     2.011343777                275      context-switches                                            
     2.111969414                250      context-switches                                            
     2.212533791                188      context-switches                                            
     2.313133525                271      context-switches                                            
     2.413701054                229      context-switches                                            
     2.514252400                407      context-switches                                            
#           time             counts unit events
     2.614724214                346      context-switches                                            
     2.715305989                168      context-switches                                            
     2.815966655                178      context-switches                                            
     2.916482672                213      context-switches                                            
     3.017068556                291      context-switches                                            
     3.117624711                171      context-switches                                            
     3.218173755                204      context-switches                                            
     3.318766405                214      context-switches                                            
     3.419282147                160      context-switches                                            
     3.519876854                239      context-switches                                            
     3.620402395                329      context-switches                                            
     3.721013066                208      context-switches                                            
     3.821585057                222      context-switches                                            
     3.922143993                175      context-switches                                            
     4.022757664                256      context-switches                                            
     4.123404593                186      context-switches                                            
     4.224063194                176      context-switches                                            
     4.324645648                213      context-switches                                            
     4.425168853                184      context-switches                                            
     4.525667370                227      context-switches                                            
     4.626339956                341      context-switches                                            
     4.726915564                184      context-switches                                            
     4.827599891                185      context-switches                                            
     4.928263945                172      context-switches                                            
     5.028570700              3,431      context-switches                                            
#           time             counts unit events
     5.128859782              2,821      context-switches                                            
     5.228974285             28,457      context-switches                                            
     5.329080463             32,465      context-switches                                            
     5.429215853             32,014      context-switches                                            
     5.529493438             14,485      context-switches                                            
     5.629773693             16,526      context-switches                                            
     5.730240978              2,073      context-switches                                            
     5.830695438              4,054      context-switches                                            
     5.931239290              1,896      context-switches                                            
     6.031798483              3,315      context-switches                                            
     6.132414123              1,975      context-switches                                            
     6.232980156              2,436      context-switches                                            
     6.333361497              1,711      context-switches                                            
     6.433899381              1,367      context-switches                                            
     6.534485745              1,791      context-switches                                            
     6.635112637              2,044      context-switches                                            
     6.735668615              1,899      context-switches                                            
     6.836079590              1,669      context-switches                                            
     6.936537861              1,355      context-switches                                            
     7.037184630              1,557      context-switches                                            
     7.137702416              1,821      context-switches                                            
     7.238237147              1,875      context-switches                                            
     7.338656011              1,796      context-switches                                            
     7.439118572              1,281      context-switches                                            
     7.539659971              1,788      context-switches                                            
#           time             counts unit events
     7.640247067              1,901      context-switches                                            
     7.740812032              1,791      context-switches                                            
     7.840973347              4,104      context-switches                                            
     7.941346545              5,324      context-switches                                            
     8.041696017              1,887      context-switches                                            
     8.142313711              1,589      context-switches                                            
     8.242824261              1,930      context-switches                                            
     8.343145338              1,812      context-switches                                            
     8.443560474              1,209      context-switches                                            
     8.543916368              1,827      context-switches                                            
     8.644555071              1,975      context-switches                                            
     8.745187293              1,859      context-switches                                            
     8.845587475              1,632      context-switches                                            
     8.945977508              1,464      context-switches                                            
     9.046497162              1,576      context-switches                                            
     9.147121881              1,828      context-switches                                            
     9.247636856              1,869      context-switches                                            
     9.348133443              1,943      context-switches                                            
     9.448444136              1,066      context-switches                                            
     9.548926890              1,687      context-switches                                            
     9.649554392              1,870      context-switches                                            
     9.750104491              1,682      context-switches                                            
     9.850397618              1,823      context-switches                                            
     9.950802746              1,742      context-switches                                            
    10.000741867                332      context-switches                                            
