# started on Wed Nov  6 00:47:01 2019

#           time             counts unit events
     0.100677459                327      context-switches                                            
     0.201356076                182      context-switches                                            
     0.301773964                207      context-switches                                            
     0.402287036                207      context-switches                                            
     0.502951357                329      context-switches                                            
     0.603434870                253      context-switches                                            
     0.703898087                310      context-switches                                            
     0.804461516                307      context-switches                                            
     0.905053037                166      context-switches                                            
     1.005607335                292      context-switches                                            
     1.106152914                217      context-switches                                            
     1.206713598                188      context-switches                                            
     1.307165766                246      context-switches                                            
     1.407683922                268      context-switches                                            
     1.508142335                322      context-switches                                            
     1.608850542                342      context-switches                                            
     1.709539566                339      context-switches                                            
     1.810214665                166      context-switches                                            
     1.910659524                141      context-switches                                            
     2.011206611                260      context-switches                                            
     2.111783435                170      context-switches                                            
     2.212298714                180      context-switches                                            
     2.312953173                160      context-switches                                            
     2.413560735                214      context-switches                                            
     2.514124617                298      context-switches                                            
#           time             counts unit events
     2.614678241                221      context-switches                                            
     2.715343387                315      context-switches                                            
     2.815899447                244      context-switches                                            
     2.916446569                181      context-switches                                            
     3.017106901                283      context-switches                                            
     3.117714650                150      context-switches                                            
     3.218312297                176      context-switches                                            
     3.318568143                200      context-switches                                            
     3.419172092                196      context-switches                                            
     3.519832096                245      context-switches                                            
     3.620446705                237      context-switches                                            
     3.720949372                339      context-switches                                            
     3.821499058                208      context-switches                                            
     3.922098873                131      context-switches                                            
     4.022738290                219      context-switches                                            
     4.123342180                186      context-switches                                            
     4.223956103                159      context-switches                                            
     4.324458015                180      context-switches                                            
     4.425050294                191      context-switches                                            
     4.525647875                264      context-switches                                            
     4.626223589                221      context-switches                                            
     4.726813233                307      context-switches                                            
     4.827412860                223      context-switches                                            
     4.928002880                171      context-switches                                            
     5.028281317              2,087      context-switches                                            
#           time             counts unit events
     5.128601558              2,904      context-switches                                            
     5.229043792              1,837      context-switches                                            
     5.329543478              2,374      context-switches                                            
     5.429708867              7,302      context-switches                                            
     5.530213471              4,678      context-switches                                            
     5.630452248              2,910      context-switches                                            
     5.730629217              7,180      context-switches                                            
     5.831068960              4,687      context-switches                                            
     5.931252921              1,615      context-switches                                            
     6.031380031              6,869      context-switches                                            
     6.131783147              3,005      context-switches                                            
     6.232080867              4,911      context-switches                                            
     6.332210580              5,189      context-switches                                            
     6.432583369              4,474      context-switches                                            
     6.532720383              4,190      context-switches                                            
     6.633125733              6,180      context-switches                                            
     6.733264901              2,796      context-switches                                            
     6.833396517              4,208      context-switches                                            
     6.933544623             12,041      context-switches                                            
     7.033805269              3,229      context-switches                                            
     7.134326742              4,202      context-switches                                            
     7.234599898              5,868      context-switches                                            
     7.334839588              4,282      context-switches                                            
     7.435151126              4,565      context-switches                                            
     7.535392761              4,903      context-switches                                            
#           time             counts unit events
     7.635685871              5,185      context-switches                                            
     7.735939782              2,352      context-switches                                            
     7.836433076              7,620      context-switches                                            
     7.936764487              1,385      context-switches                                            
     8.037001342              5,634      context-switches                                            
     8.137261287              4,659      context-switches                                            
     8.237731159              3,933      context-switches                                            
     8.337976160              5,736      context-switches                                            
     8.438363847              3,962      context-switches                                            
     8.538568978              4,774      context-switches                                            
     8.638913858              5,162      context-switches                                            
     8.739215764              4,064      context-switches                                            
     8.839441983              2,935      context-switches                                            
     8.939660931              7,057      context-switches                                            
     9.040125346              1,791      context-switches                                            
     9.140386443              5,285      context-switches                                            
     9.240663176              5,133      context-switches                                            
     9.340977519              3,934      context-switches                                            
     9.441202446              4,294      context-switches                                            
     9.541642227              5,476      context-switches                                            
     9.642131972              5,105      context-switches                                            
     9.742296507              4,891      context-switches                                            
     9.842478229              4,957      context-switches                                            
     9.942603501              2,017      context-switches                                            
    10.000774879              3,663      context-switches                                            
