# started on Tue Nov  5 20:29:54 2019

#           time             counts unit events
     0.100835570                296      context-switches                                            
     0.201464308                150      context-switches                                            
     0.302004164                202      context-switches                                            
     0.402612011                186      context-switches                                            
     0.503164126                514      context-switches                                            
     0.603562982                324      context-switches                                            
     0.703965366                175      context-switches                                            
     0.804436304                191      context-switches                                            
     0.904981992                235      context-switches                                            
     1.005483986                216      context-switches                                            
     1.106074284                179      context-switches                                            
     1.206672726                238      context-switches                                            
     1.307250462                252      context-switches                                            
     1.407813683                181      context-switches                                            
     1.508384085                486      context-switches                                            
     1.608954485                334      context-switches                                            
     1.709532731                167      context-switches                                            
     1.810087150                209      context-switches                                            
     1.910630798                229      context-switches                                            
     2.011213374                235      context-switches                                            
     2.111731968                190      context-switches                                            
     2.212334592                190      context-switches                                            
     2.312793373                227      context-switches                                            
     2.413351538                231      context-switches                                            
     2.513938999                497      context-switches                                            
#           time             counts unit events
     2.614388463                379      context-switches                                            
     2.714958092                192      context-switches                                            
     2.815523861                240      context-switches                                            
     2.916006233                235      context-switches                                            
     3.016613339                309      context-switches                                            
     3.117148233                202      context-switches                                            
     3.217652810                205      context-switches                                            
     3.318368414                312      context-switches                                            
     3.418947510                225      context-switches                                            
     3.519451017                629      context-switches                                            
     3.620006562              6,959      context-switches                                            
     3.720642610                140      context-switches                                            
     3.821254844                212      context-switches                                            
     3.921833349                146      context-switches                                            
     4.022491457                285      context-switches                                            
     4.123041990                213      context-switches                                            
     4.223603543                231      context-switches                                            
     4.324050608                272      context-switches                                            
     4.424474977                266      context-switches                                            
     4.525026683                451      context-switches                                            
     4.625509430                392      context-switches                                            
     4.726073943                186      context-switches                                            
     4.826666366                282      context-switches                                            
     4.927216390                171      context-switches                                            
     5.027381692              2,452      context-switches                                            
#           time             counts unit events
     5.127680239              5,232      context-switches                                            
     5.227914544             30,496      context-switches                                            
     5.328080563             37,833      context-switches                                            
     5.428300202             37,302      context-switches                                            
     5.528594053             37,754      context-switches                                            
     5.628818071             36,306      context-switches                                            
     5.729016704             38,256      context-switches                                            
     5.829233281             36,427      context-switches                                            
     5.929466405             37,861      context-switches                                            
     6.029711675             37,060      context-switches                                            
     6.129818879             37,338      context-switches                                            
     6.230041785             36,669      context-switches                                            
     6.330237995             37,740      context-switches                                            
     6.430458005             38,704      context-switches                                            
     6.530683740             37,964      context-switches                                            
     6.630849147             37,220      context-switches                                            
     6.730976534             38,422      context-switches                                            
     6.831186967             36,880      context-switches                                            
     6.931298617             37,878      context-switches                                            
     7.031570527             37,437      context-switches                                            
     7.131704728             36,443      context-switches                                            
     7.231964384             36,505      context-switches                                            
     7.332223279             37,348      context-switches                                            
     7.432454834             38,024      context-switches                                            
     7.532656377             36,624      context-switches                                            
#           time             counts unit events
     7.632928831             37,108      context-switches                                            
     7.733117239             38,232      context-switches                                            
     7.833391218             37,163      context-switches                                            
     7.933665804             37,163      context-switches                                            
     8.033806490             37,503      context-switches                                            
     8.133991596             37,800      context-switches                                            
     8.234100124             38,464      context-switches                                            
     8.334267129             36,504      context-switches                                            
     8.434551169             38,231      context-switches                                            
     8.534746161             37,574      context-switches                                            
     8.634971351             37,524      context-switches                                            
     8.735230094             38,135      context-switches                                            
     8.835527042             37,487      context-switches                                            
     8.935823235             37,814      context-switches                                            
     9.036129144             35,913      context-switches                                            
     9.136247152             37,475      context-switches                                            
     9.236505109             37,229      context-switches                                            
     9.336676801             36,878      context-switches                                            
     9.436918735             38,434      context-switches                                            
     9.537114070             36,675      context-switches                                            
     9.637307338             37,826      context-switches                                            
     9.737550753             35,559      context-switches                                            
     9.837775745             38,255      context-switches                                            
     9.937920320             35,836      context-switches                                            
    10.000680542             23,707      context-switches                                            
