# started on Tue Nov  5 20:33:56 2019

#           time             counts unit events
     0.100579876                400      context-switches                                            
     0.200877826              4,903      context-switches                                            
     0.301311127              5,143      context-switches                                            
     0.401893321                214      context-switches                                            
     0.502491867                204      context-switches                                            
     0.603047376                259      context-switches                                            
     0.703573536                775      context-switches                                            
     0.804111163                174      context-switches                                            
     0.904580074                269      context-switches                                            
     1.005169889                151      context-switches                                            
     1.105628601                217      context-switches                                            
     1.206197157                416      context-switches                                            
     1.306771867                259      context-switches                                            
     1.407334633                222      context-switches                                            
     1.507924865                199      context-switches                                            
     1.608148423                984      context-switches                                            
     1.708654976              6,942      context-switches                                            
     1.809267872                232      context-switches                                            
     1.909860947                148      context-switches                                            
     2.010491069                332      context-switches                                            
     2.111096198                184      context-switches                                            
     2.211701926                212      context-switches                                            
     2.312314597                177      context-switches                                            
     2.412894432                321      context-switches                                            
     2.513533983                179      context-switches                                            
#           time             counts unit events
     2.614138394                229      context-switches                                            
     2.714619380                740      context-switches                                            
     2.815209147                290      context-switches                                            
     2.915812971                200      context-switches                                            
     3.016428403                182      context-switches                                            
     3.117067560                284      context-switches                                            
     3.217571170                400      context-switches                                            
     3.318131813                207      context-switches                                            
     3.418505493                274      context-switches                                            
     3.518978009                200      context-switches                                            
     3.619549452                282      context-switches                                            
     3.720122756                612      context-switches                                            
     3.820738480                284      context-switches                                            
     3.921367959                159      context-switches                                            
     4.021912679                189      context-switches                                            
     4.122418803                211      context-switches                                            
     4.223116767                232      context-switches                                            
     4.323701730                276      context-switches                                            
     4.424342743                203      context-switches                                            
     4.524949860                166      context-switches                                            
     4.625620502                246      context-switches                                            
     4.726138048                678      context-switches                                            
     4.826770865                320      context-switches                                            
     4.927139428                121      context-switches                                            
     5.027324579             30,069      context-switches                                            
#           time             counts unit events
     5.127492757             34,867      context-switches                                            
     5.227606359             33,851      context-switches                                            
     5.327771147             35,480      context-switches                                            
     5.427875957             36,843      context-switches                                            
     5.527986298             36,112      context-switches                                            
     5.628097735             36,854      context-switches                                            
     5.728277316             36,471      context-switches                                            
     5.828394389             37,046      context-switches                                            
     5.928688071             36,171      context-switches                                            
     6.028799698             36,921      context-switches                                            
     6.129069543             37,127      context-switches                                            
     6.229180590             34,921      context-switches                                            
     6.329398530             32,087      context-switches                                            
     6.429534622             29,352      context-switches                                            
     6.529765107             35,381      context-switches                                            
     6.630020701             36,222      context-switches                                            
     6.730193893             38,528      context-switches                                            
     6.830419420             34,336      context-switches                                            
     6.930617297             36,914      context-switches                                            
     7.030833975             35,891      context-switches                                            
     7.131023138             35,301      context-switches                                            
     7.231223867             35,590      context-switches                                            
     7.331522592             36,163      context-switches                                            
     7.431751188             36,754      context-switches                                            
     7.531948377             35,227      context-switches                                            
#           time             counts unit events
     7.632173620             36,538      context-switches                                            
     7.732378938             37,381      context-switches                                            
     7.832581758             36,850      context-switches                                            
     7.932760487             35,920      context-switches                                            
     8.032943220             36,776      context-switches                                            
     8.133221654             37,602      context-switches                                            
     8.233392364             34,801      context-switches                                            
     8.333533612             36,209      context-switches                                            
     8.433738893             36,578      context-switches                                            
     8.533952609             36,179      context-switches                                            
     8.634169951             37,153      context-switches                                            
     8.734365480             36,749      context-switches                                            
     8.834487773             35,768      context-switches                                            
     8.934702184             37,192      context-switches                                            
     9.034981864             35,592      context-switches                                            
     9.135265428             37,419      context-switches                                            
     9.235439824             36,358      context-switches                                            
     9.335635008             38,612      context-switches                                            
     9.435873954             33,614      context-switches                                            
     9.536058051             35,775      context-switches                                            
     9.636320464             35,230      context-switches                                            
     9.736573532             38,628      context-switches                                            
     9.836768941             36,572      context-switches                                            
     9.937009247             37,271      context-switches                                            
    10.000804152             22,136      context-switches                                            
