# started on Wed Nov  6 01:40:06 2019

#           time             counts unit events
     0.100816085                289      context-switches                                            
     0.201459001                234      context-switches                                            
     0.302018669                161      context-switches                                            
     0.402593027                197      context-switches                                            
     0.503098677                366      context-switches                                            
     0.603709119                173      context-switches                                            
     0.704349748                275      context-switches                                            
     0.804933867                167      context-switches                                            
     0.905484879                144      context-switches                                            
     1.006076954                244      context-switches                                            
     1.106587921                176      context-switches                                            
     1.207177560                256      context-switches                                            
     1.307775049                143      context-switches                                            
     1.408285793                237      context-switches                                            
     1.508761440                349      context-switches                                            
     1.609270125                183      context-switches                                            
     1.709907896                317      context-switches                                            
     1.810521722                178      context-switches                                            
     1.911085158                168      context-switches                                            
     2.011706662                248      context-switches                                            
     2.112302691                177      context-switches                                            
     2.212873156                300      context-switches                                            
     2.313481353                204      context-switches                                            
     2.413912403                324      context-switches                                            
     2.514275993                422      context-switches                                            
#           time             counts unit events
     2.614855755                184      context-switches                                            
     2.715465437                204      context-switches                                            
     2.815815640              6,545      context-switches                                            
     2.916456445                174      context-switches                                            
     3.017059687                200      context-switches                                            
     3.117677551                180      context-switches                                            
     3.218281925                212      context-switches                                            
     3.318893814                144      context-switches                                            
     3.419516350                239      context-switches                                            
     3.519925390                463      context-switches                                            
     3.620339267                189      context-switches                                            
     3.720901614                302      context-switches                                            
     3.821509746                272      context-switches                                            
     3.922098473                164      context-switches                                            
     4.022731050                198      context-switches                                            
     4.123246260                203      context-switches                                            
     4.223813977                266      context-switches                                            
     4.324282528                203      context-switches                                            
     4.424777669                243      context-switches                                            
     4.525142267                445      context-switches                                            
     4.625727411                180      context-switches                                            
     4.726278561                216      context-switches                                            
     4.826890159                225      context-switches                                            
     4.927497875                186      context-switches                                            
     5.027647294             20,394      context-switches                                            
#           time             counts unit events
     5.127813381             37,773      context-switches                                            
     5.227924599             37,681      context-switches                                            
     5.328161088             37,859      context-switches                                            
     5.428325378             36,200      context-switches                                            
     5.528550192             37,429      context-switches                                            
     5.628701610             35,534      context-switches                                            
     5.728919843             38,128      context-switches                                            
     5.829105375             36,848      context-switches                                            
     5.929239232             37,808      context-switches                                            
     6.029347577             35,753      context-switches                                            
     6.129539589             38,506      context-switches                                            
     6.229646685             36,792      context-switches                                            
     6.329855260             38,619      context-switches                                            
     6.429987871             36,249      context-switches                                            
     6.530096330             38,033      context-switches                                            
     6.630265789             36,662      context-switches                                            
     6.730496320             38,219      context-switches                                            
     6.830635871             36,738      context-switches                                            
     6.930857138             38,032      context-switches                                            
     7.031145731             36,103      context-switches                                            
     7.131346579             36,300      context-switches                                            
     7.231512624             36,666      context-switches                                            
     7.331777199             38,124      context-switches                                            
     7.431889726             36,571      context-switches                                            
     7.532126296             37,910      context-switches                                            
#           time             counts unit events
     7.632321817             36,630      context-switches                                            
     7.732609134             37,892      context-switches                                            
     7.832740094             36,435      context-switches                                            
     7.932923125             38,155      context-switches                                            
     8.033165780             36,175      context-switches                                            
     8.133340614             38,378      context-switches                                            
     8.233486748             37,141      context-switches                                            
     8.333654727             38,384      context-switches                                            
     8.433771043             36,039      context-switches                                            
     8.534005302             37,625      context-switches                                            
     8.634179034             37,078      context-switches                                            
     8.734372837             38,472      context-switches                                            
     8.834595258             36,210      context-switches                                            
     8.934871170             38,538      context-switches                                            
     9.035016482             36,239      context-switches                                            
     9.135250208             37,434      context-switches                                            
     9.235389819             36,461      context-switches                                            
     9.335502246             38,135      context-switches                                            
     9.435635706             36,559      context-switches                                            
     9.535866148             38,388      context-switches                                            
     9.636051310             35,988      context-switches                                            
     9.736309020             39,046      context-switches                                            
     9.836572266             36,638      context-switches                                            
     9.936737880             38,462      context-switches                                            
    10.000768363             23,549      context-switches                                            
