# started on Tue Nov  5 22:23:05 2019

#           time             counts unit events
     0.100796937                315      context-switches                                            
     0.201473569                282      context-switches                                            
     0.302023893                191      context-switches                                            
     0.402567873                217      context-switches                                            
     0.503097918                221      context-switches                                            
     0.603593710                191      context-switches                                            
     0.704081637                249      context-switches                                            
     0.804543509                390      context-switches                                            
     0.905019305                206      context-switches                                            
     1.005503853                166      context-switches                                            
     1.105925229                172      context-switches                                            
     1.206542132                272      context-switches                                            
     1.307154526                142      context-switches                                            
     1.407623109                232      context-switches                                            
     1.508218879                254      context-switches                                            
     1.608783151                137      context-switches                                            
     1.709432333                241      context-switches                                            
     1.810032236                371      context-switches                                            
     1.910665040                191      context-switches                                            
     2.011251277                179      context-switches                                            
     2.111752641              2,946      context-switches                                            
     2.212151085                315      context-switches                                            
     2.312428853              4,254      context-switches                                            
     2.412996855                257      context-switches                                            
     2.513574583                242      context-switches                                            
#           time             counts unit events
     2.614142046                279      context-switches                                            
     2.714761508                350      context-switches                                            
     2.815308066              6,821      context-switches                                            
     2.915873989                201      context-switches                                            
     3.016456107                153      context-switches                                            
     3.117097306                183      context-switches                                            
     3.217549355                272      context-switches                                            
     3.318052222                234      context-switches                                            
     3.418664374                189      context-switches                                            
     3.519314524                214      context-switches                                            
     3.619776683                196      context-switches                                            
     3.720317822                235      context-switches                                            
     3.820873610                394      context-switches                                            
     3.921465634                185      context-switches                                            
     4.022083603                266      context-switches                                            
     4.122633167                246      context-switches                                            
     4.223224359                305      context-switches                                            
     4.323721782                180      context-switches                                            
     4.424297302                333      context-switches                                            
     4.524828842                211      context-switches                                            
     4.625229826                241      context-switches                                            
     4.725568897                201      context-switches                                            
     4.826125589                381      context-switches                                            
     4.926756301                222      context-switches                                            
     5.027092895              4,987      context-switches                                            
#           time             counts unit events
     5.127356382             17,184      context-switches                                            
     5.227519547             34,334      context-switches                                            
     5.327746578             37,712      context-switches                                            
     5.427854659             36,724      context-switches                                            
     5.528160717             37,843      context-switches                                            
     5.628274682             37,763      context-switches                                            
     5.728386868             36,915      context-switches                                            
     5.828495574             36,791      context-switches                                            
     5.928727641             35,695      context-switches                                            
     6.028835078             36,456      context-switches                                            
     6.129129770             38,914      context-switches                                            
     6.229353940             37,437      context-switches                                            
     6.329498113             38,423      context-switches                                            
     6.429673952             36,601      context-switches                                            
     6.529928976             38,241      context-switches                                            
     6.630227238             36,205      context-switches                                            
     6.730339367             39,317      context-switches                                            
     6.830565488             36,428      context-switches                                            
     6.930746409             38,564      context-switches                                            
     7.030990319             36,458      context-switches                                            
     7.131154688             39,200      context-switches                                            
     7.231372903             36,818      context-switches                                            
     7.331504353             38,202      context-switches                                            
     7.431758595             35,207      context-switches                                            
     7.531908707             38,607      context-switches                                            
#           time             counts unit events
     7.632180559             36,863      context-switches                                            
     7.732293527             38,651      context-switches                                            
     7.832571209             35,947      context-switches                                            
     7.932683548             37,966      context-switches                                            
     8.032864084             37,153      context-switches                                            
     8.133020915             38,220      context-switches                                            
     8.233202820             36,997      context-switches                                            
     8.333389517             37,543      context-switches                                            
     8.433612197             37,765      context-switches                                            
     8.533894652             38,214      context-switches                                            
     8.634188167             37,104      context-switches                                            
     8.734353237             37,467      context-switches                                            
     8.834622511             36,129      context-switches                                            
     8.934787942             37,109      context-switches                                            
     9.034987597             37,766      context-switches                                            
     9.135230961             37,640      context-switches                                            
     9.235402830             37,324      context-switches                                            
     9.335566446             37,670      context-switches                                            
     9.435673286             37,002      context-switches                                            
     9.535944561             37,214      context-switches                                            
     9.636227267             37,944      context-switches                                            
     9.736400639             37,388      context-switches                                            
     9.836617365             37,779      context-switches                                            
     9.936863899             37,992      context-switches                                            
    10.000829661             23,720      context-switches                                            
