# started on Tue Nov 12 12:32:34 2019

#           time             counts unit events
     0.100121659             38,841      context-switches                                            
     0.200261858             41,938      context-switches                                            
     0.300377579             38,742      context-switches                                            
     0.400523050             33,695      context-switches                                            
     0.500660348             33,791      context-switches                                            
     0.600794391             38,263      context-switches                                            
     0.700908069             35,591      context-switches                                            
     0.801017448             37,437      context-switches                                            
     0.901140419             31,008      context-switches                                            
     1.001279408             29,253      context-switches                                            
     1.101479887             34,180      context-switches                                            
     1.201678831             38,693      context-switches                                            
     1.301784136             39,512      context-switches                                            
     1.401916312             39,717      context-switches                                            
     1.502024419             39,358      context-switches                                            
     1.602142359             38,280      context-switches                                            
     1.702258436             38,105      context-switches                                            
     1.802378581             36,359      context-switches                                            
     1.902489938             34,485      context-switches                                            
     2.002599179             38,014      context-switches                                            
     2.102708570             40,065      context-switches                                            
     2.202913037             40,762      context-switches                                            
     2.303026628             37,203      context-switches                                            
     2.403141746             36,695      context-switches                                            
     2.503258307             36,605      context-switches                                            
#           time             counts unit events
     2.603378131             39,889      context-switches                                            
     2.703518302             40,028      context-switches                                            
     2.803632640             38,729      context-switches                                            
     2.903767425             35,774      context-switches                                            
     3.003967627             35,907      context-switches                                            
     3.104087694             33,851      context-switches                                            
     3.204211460             40,708      context-switches                                            
     3.304330636             34,718      context-switches                                            
     3.404451156             35,387      context-switches                                            
     3.504573527             34,678      context-switches                                            
     3.604695623             37,167      context-switches                                            
     3.704892117             36,819      context-switches                                            
     3.805020701             37,227      context-switches                                            
     3.905140871             37,666      context-switches                                            
     4.005270650             34,234      context-switches                                            
     4.105385697             34,927      context-switches                                            
     4.205489949             36,542      context-switches                                            
     4.305681817             31,561      context-switches                                            
     4.405862083             33,493      context-switches                                            
     4.506006299             33,847      context-switches                                            
     4.606197321             35,180      context-switches                                            
     4.706309262             37,258      context-switches                                            
     4.806555392             40,589      context-switches                                            
     4.906710529             34,526      context-switches                                            
     5.006828778             41,255      context-switches                                            
#           time             counts unit events
     5.107003908             35,053      context-switches                                            
     5.207113476             39,719      context-switches                                            
     5.307227613             37,561      context-switches                                            
     5.407339153             39,914      context-switches                                            
     5.507445733             35,326      context-switches                                            
     5.607617567             35,000      context-switches                                            
     5.707849819             38,131      context-switches                                            
     5.807963535             38,389      context-switches                                            
     5.908086435             36,598      context-switches                                            
     6.008198020             36,692      context-switches                                            
     6.108372971             41,268      context-switches                                            
     6.208498595             31,214      context-switches                                            
     6.308619716             30,691      context-switches                                            
     6.408748423             36,877      context-switches                                            
     6.508896096             34,340      context-switches                                            
     6.609030440             39,751      context-switches                                            
     6.709142046             37,590      context-switches                                            
     6.809278625             34,677      context-switches                                            
     6.909396039             34,894      context-switches                                            
     7.009514065             33,497      context-switches                                            
     7.109695579             36,508      context-switches                                            
     7.209806234             37,815      context-switches                                            
     7.309914735             37,412      context-switches                                            
     7.410022996             38,658      context-switches                                            
     7.510142688             35,568      context-switches                                            
#           time             counts unit events
     7.610264845             35,691      context-switches                                            
     7.710376982             37,763      context-switches                                            
     7.810489552             35,875      context-switches                                            
     7.910605411             35,672      context-switches                                            
     8.010785778             33,841      context-switches                                            
     8.110902364             33,049      context-switches                                            
     8.211000874             36,613      context-switches                                            
     8.311121993             40,395      context-switches                                            
     8.411239510             36,361      context-switches                                            
     8.511356846             36,337      context-switches                                            
     8.611474189             35,331      context-switches                                            
     8.711587319             37,833      context-switches                                            
     8.811702980             34,593      context-switches                                            
     8.911824468             33,095      context-switches                                            
     9.011921445             31,899      context-switches                                            
     9.112047391             36,276      context-switches                                            
     9.212171794             35,293      context-switches                                            
     9.312289011             39,019      context-switches                                            
     9.412410033             35,976      context-switches                                            
     9.512528890             33,167      context-switches                                            
     9.612644880             32,324      context-switches                                            
     9.712755440             34,045      context-switches                                            
     9.812868324             39,977      context-switches                                            
     9.913063422             39,488      context-switches                                            
    10.000644894             31,591      context-switches                                            
