# started on Thu Nov  7 01:43:26 2019

#           time             counts unit events
     0.100190417             15,902      context-switches                                            
     0.200453115             36,870      context-switches                                            
     0.300563424             38,968      context-switches                                            
     0.400829909             36,998      context-switches                                            
     0.500937215             38,912      context-switches                                            
     0.601197137             36,472      context-switches                                            
     0.701315048             38,212      context-switches                                            
     0.801515359             36,832      context-switches                                            
     0.901710425             38,455      context-switches                                            
     1.001933336             36,551      context-switches                                            
     1.102144135             38,909      context-switches                                            
     1.202397383             38,122      context-switches                                            
     1.302638601             38,476      context-switches                                            
     1.402832780             37,665      context-switches                                            
     1.503027130             38,711      context-switches                                            
     1.603305476             37,064      context-switches                                            
     1.703623337             39,152      context-switches                                            
     1.803811687             37,093      context-switches                                            
     1.904029201             38,298      context-switches                                            
     2.004247287             38,007      context-switches                                            
     2.104407966             38,617      context-switches                                            
     2.204549453             37,690      context-switches                                            
     2.304760625             38,913      context-switches                                            
     2.405008821             37,850      context-switches                                            
     2.505245876             38,639      context-switches                                            
#           time             counts unit events
     2.605448736             37,167      context-switches                                            
     2.705655197             37,190      context-switches                                            
     2.805902059             37,295      context-switches                                            
     2.906108554             38,743      context-switches                                            
     3.006399674             37,102      context-switches                                            
     3.106565777             37,503      context-switches                                            
     3.206828070             37,402      context-switches                                            
     3.306995075             37,992      context-switches                                            
     3.407221183             37,271      context-switches                                            
     3.507352468             37,884      context-switches                                            
     3.607627694             38,033      context-switches                                            
     3.707792488             38,808      context-switches                                            
     3.807909400             38,617      context-switches                                            
     3.908029202             39,508      context-switches                                            
     4.008244291             37,465      context-switches                                            
     4.108355875             38,244      context-switches                                            
     4.208615922             35,654      context-switches                                            
     4.308826204             35,932      context-switches                                            
     4.409132718             38,905      context-switches                                            
     4.509368146             37,047      context-switches                                            
     4.609604814             37,407      context-switches                                            
     4.709894267             37,774      context-switches                                            
     4.810130860             38,417      context-switches                                            
     4.910323532             37,987      context-switches                                            
     5.010594737             38,193      context-switches                                            
#           time             counts unit events
     5.110842800             37,878      context-switches                                            
     5.211118391             38,627      context-switches                                            
     5.311338661             37,140      context-switches                                            
     5.411631028             38,236      context-switches                                            
     5.511813441             37,408      context-switches                                            
     5.612016324             37,291      context-switches                                            
     5.712141388             37,286      context-switches                                            
     5.812303316             38,956      context-switches                                            
     5.912583051             37,188      context-switches                                            
     6.012836617             38,426      context-switches                                            
     6.113006031             36,948      context-switches                                            
     6.213279736             36,712      context-switches                                            
     6.313390501             36,224      context-switches                                            
     6.413682523             38,518      context-switches                                            
     6.513844183             37,652      context-switches                                            
     6.614028798             38,625      context-switches                                            
     6.714146449             37,186      context-switches                                            
     6.814402845             37,496      context-switches                                            
     6.914511106             36,463      context-switches                                            
     7.014748142             37,713      context-switches                                            
     7.114932088             36,930      context-switches                                            
     7.215179533             38,964      context-switches                                            
     7.315453311             36,974      context-switches                                            
     7.415719312             37,531      context-switches                                            
     7.515975926             36,362      context-switches                                            
#           time             counts unit events
     7.616205681             38,865      context-switches                                            
     7.716372604             36,250      context-switches                                            
     7.816488958             38,404      context-switches                                            
     7.916741103             35,766      context-switches                                            
     8.016908132             38,670      context-switches                                            
     8.117131716             37,016      context-switches                                            
     8.217366632             39,277      context-switches                                            
     8.317565142             36,586      context-switches                                            
     8.417860405             39,534      context-switches                                            
     8.518000630             37,265      context-switches                                            
     8.618238245             37,876      context-switches                                            
     8.718404144             37,004      context-switches                                            
     8.818673796             38,502      context-switches                                            
     8.918923289             37,236      context-switches                                            
     9.019140279             39,399      context-switches                                            
     9.119294141             36,701      context-switches                                            
     9.219513600             38,725      context-switches                                            
     9.319661178             36,677      context-switches                                            
     9.419896240             38,887      context-switches                                            
     9.520168331             36,913      context-switches                                            
     9.620306693             39,452      context-switches                                            
     9.720519160             36,804      context-switches                                            
     9.820757195             39,269      context-switches                                            
     9.921053421             36,883      context-switches                                            
    10.000740796             31,427      context-switches                                            
