# started on Tue Nov 12 12:09:29 2019

#           time             counts unit events
     0.100180838             35,733      context-switches                                            
     0.200429906             35,826      context-switches                                            
     0.300588664             34,950      context-switches                                            
     0.400714843             37,408      context-switches                                            
     0.500830358             35,196      context-switches                                            
     0.600944791             39,099      context-switches                                            
     0.701061856             34,432      context-switches                                            
     0.801182991             34,929      context-switches                                            
     0.901303217             34,100      context-switches                                            
     1.001502085             37,058      context-switches                                            
     1.101681602             39,036      context-switches                                            
     1.201793530             40,087      context-switches                                            
     1.301900654             40,098      context-switches                                            
     1.402007503             42,129      context-switches                                            
     1.502121483             40,432      context-switches                                            
     1.602327583             40,195      context-switches                                            
     1.702449402             38,664      context-switches                                            
     1.802655874             39,739      context-switches                                            
     1.902819898             38,653      context-switches                                            
     2.002983561             41,049      context-switches                                            
     2.103093744             42,029      context-switches                                            
     2.203203780             41,685      context-switches                                            
     2.303344656             43,457      context-switches                                            
     2.403497686             43,396      context-switches                                            
     2.503661313             39,881      context-switches                                            
#           time             counts unit events
     2.603780765             40,179      context-switches                                            
     2.703952040             40,058      context-switches                                            
     2.804108051             43,158      context-switches                                            
     2.904404732             41,548      context-switches                                            
     3.004646244             41,503      context-switches                                            
     3.104873502             42,118      context-switches                                            
     3.205158104             35,492      context-switches                                            
     3.305368379             40,671      context-switches                                            
     3.405472561             42,605      context-switches                                            
     3.505605016             43,417      context-switches                                            
     3.605742284             42,433      context-switches                                            
     3.705914480             36,919      context-switches                                            
     3.806030033             41,252      context-switches                                            
     3.906272830             42,143      context-switches                                            
     4.006414851             42,916      context-switches                                            
     4.106529655             41,149      context-switches                                            
     4.206740100             43,032      context-switches                                            
     4.306909085             43,170      context-switches                                            
     4.407021159             39,911      context-switches                                            
     4.507160105             44,480      context-switches                                            
     4.607395616             42,790      context-switches                                            
     4.707639051             40,399      context-switches                                            
     4.807823689             43,017      context-switches                                            
     4.908012389             40,298      context-switches                                            
     5.008122174             40,336      context-switches                                            
#           time             counts unit events
     5.108236866             39,558      context-switches                                            
     5.208401714             42,738      context-switches                                            
     5.308523288             41,378      context-switches                                            
     5.408684275             36,435      context-switches                                            
     5.508799748             35,602      context-switches                                            
     5.608915681             38,562      context-switches                                            
     5.709023172             39,740      context-switches                                            
     5.809167163             36,424      context-switches                                            
     5.909287172             37,762      context-switches                                            
     6.009456109             39,009      context-switches                                            
     6.109591080             38,597      context-switches                                            
     6.210078151             33,134      context-switches                                            
     6.310202109             37,227      context-switches                                            
     6.410311429             35,276      context-switches                                            
     6.510421444             36,704      context-switches                                            
     6.610629077             38,875      context-switches                                            
     6.713196080             41,316      context-switches                                            
     6.813267666             36,884      context-switches                                            
     6.913403491             41,299      context-switches                                            
     7.013520254             43,060      context-switches                                            
     7.113656182             41,533      context-switches                                            
     7.213885498             42,850      context-switches                                            
     7.314116646             42,556      context-switches                                            
     7.414280793             41,202      context-switches                                            
     7.514511754             42,340      context-switches                                            
#           time             counts unit events
     7.614673731             44,094      context-switches                                            
     7.714890742             37,250      context-switches                                            
     7.814995578             40,258      context-switches                                            
     7.915102536             37,902      context-switches                                            
     8.015202376             38,869      context-switches                                            
     8.115400945             41,061      context-switches                                            
     8.215633417             36,500      context-switches                                            
     8.315763049             36,849      context-switches                                            
     8.415872988             38,306      context-switches                                            
     8.516016180             37,882      context-switches                                            
     8.616164102             37,781      context-switches                                            
     8.716321116             38,653      context-switches                                            
     8.816496088             32,186      context-switches                                            
     8.916616950             38,434      context-switches                                            
     9.016741276             34,200      context-switches                                            
     9.116857786             40,100      context-switches                                            
     9.216971429             38,188      context-switches                                            
     9.317169337             37,104      context-switches                                            
     9.417287241             39,987      context-switches                                            
     9.517401400             37,308      context-switches                                            
     9.617522225             35,234      context-switches                                            
     9.717734850             34,895      context-switches                                            
     9.817848653             40,145      context-switches                                            
     9.917971120             36,841      context-switches                                            
    10.000734921             31,031      context-switches                                            
