# started on Tue Nov  5 22:31:17 2019

#           time             counts unit events
     0.100765089                527      context-switches                                            
     0.201492620                188      context-switches                                            
     0.301995249                141      context-switches                                            
     0.402585834                191      context-switches                                            
     0.503181323                194      context-switches                                            
     0.603772519                236      context-switches                                            
     0.704240317                300      context-switches                                            
     0.804808572                184      context-switches                                            
     0.905438748                296      context-switches                                            
     1.005712948                370      context-switches                                            
     1.106119184              6,584      context-switches                                            
     1.206585709                208      context-switches                                            
     1.307237779                302      context-switches                                            
     1.407884915                192      context-switches                                            
     1.508464770                159      context-switches                                            
     1.608911908                203      context-switches                                            
     1.709496306                347      context-switches                                            
     1.810151012                184      context-switches                                            
     1.910840109                230      context-switches                                            
     2.011114541                386      context-switches                                            
     2.111629634                284      context-switches                                            
     2.212278714                240      context-switches                                            
     2.312746195                183      context-switches                                            
     2.413219159                193      context-switches                                            
     2.513900326                220      context-switches                                            
#           time             counts unit events
     2.614460735                179      context-switches                                            
     2.715084244                253      context-switches                                            
     2.815447904                154      context-switches                                            
     2.916057675                253      context-switches                                            
     3.016395813                405      context-switches                                            
     3.116892678                255      context-switches                                            
     3.217411396                229      context-switches                                            
     3.317926920                136      context-switches                                            
     3.418500854                195      context-switches                                            
     3.519172918                260      context-switches                                            
     3.619768527                176      context-switches                                            
     3.720240047                239      context-switches                                            
     3.820817667                178      context-switches                                            
     3.921468853                210      context-switches                                            
     4.021909149                384      context-switches                                            
     4.122480569                176      context-switches                                            
     4.223092548                251      context-switches                                            
     4.323688127                116      context-switches                                            
     4.424189742                197      context-switches                                            
     4.524722095                187      context-switches                                            
     4.625184054                160      context-switches                                            
     4.725781968                304      context-switches                                            
     4.826367664                152      context-switches                                            
     4.926866627                217      context-switches                                            
     5.027095030             29,085      context-switches                                            
#           time             counts unit events
     5.127319890             35,469      context-switches                                            
     5.227429981             37,509      context-switches                                            
     5.327538959             36,512      context-switches                                            
     5.427654557             37,733      context-switches                                            
     5.527883775             37,811      context-switches                                            
     5.627995018             37,070      context-switches                                            
     5.728170209             36,844      context-switches                                            
     5.828284772             37,723      context-switches                                            
     5.928524370             35,895      context-switches                                            
     6.028636044             36,312      context-switches                                            
     6.128810906             36,144      context-switches                                            
     6.228931198             37,480      context-switches                                            
     6.329120457             37,409      context-switches                                            
     6.429231287             37,332      context-switches                                            
     6.529399897             38,104      context-switches                                            
     6.629578066             35,537      context-switches                                            
     6.729851996             38,383      context-switches                                            
     6.829965596             36,454      context-switches                                            
     6.930158294             38,274      context-switches                                            
     7.030265050             36,878      context-switches                                            
     7.130395911             37,386      context-switches                                            
     7.230502687             36,535      context-switches                                            
     7.330703739             36,886      context-switches                                            
     7.430841635             36,607      context-switches                                            
     7.531056642             37,740      context-switches                                            
#           time             counts unit events
     7.631251211             35,699      context-switches                                            
     7.731391372             37,045      context-switches                                            
     7.831649940             35,462      context-switches                                            
     7.931842647             37,941      context-switches                                            
     8.032098407             36,378      context-switches                                            
     8.132264386             38,805      context-switches                                            
     8.232461330             35,905      context-switches                                            
     8.332632195             37,797      context-switches                                            
     8.432740500             35,795      context-switches                                            
     8.532859915             37,209      context-switches                                            
     8.633024131             35,925      context-switches                                            
     8.733264350             37,919      context-switches                                            
     8.833434192             35,628      context-switches                                            
     8.933625105             37,299      context-switches                                            
     9.033848566             36,151      context-switches                                            
     9.134056370             37,460      context-switches                                            
     9.234291231             35,755      context-switches                                            
     9.334450870             37,823      context-switches                                            
     9.434667675             35,738      context-switches                                            
     9.534810407             38,113      context-switches                                            
     9.635037644             36,915      context-switches                                            
     9.735148617             36,919      context-switches                                            
     9.835345234             35,696      context-switches                                            
     9.935510811             37,189      context-switches                                            
    10.000652023             23,914      context-switches                                            
