# started on Wed Nov  6 02:04:57 2019

#           time             counts unit events
     0.100710270                429      context-switches                                            
     0.201323676                367      context-switches                                            
     0.301931903                146      context-switches                                            
     0.402486640                257      context-switches                                            
     0.503036874                212      context-switches                                            
     0.603626123                181      context-switches                                            
     0.704162867                293      context-switches                                            
     0.804726433                182      context-switches                                            
     0.905260020                282      context-switches                                            
     1.005845731                222      context-switches                                            
     1.106469386                341      context-switches                                            
     1.206881330                410      context-switches                                            
     1.307429938                165      context-switches                                            
     1.408011079                180      context-switches                                            
     1.508144360              6,812      context-switches                                            
     1.608657467                215      context-switches                                            
     1.709208015                252      context-switches                                            
     1.809695778                169      context-switches                                            
     1.910279476                314      context-switches                                            
     2.010851230                267      context-switches                                            
     2.111362449                242      context-switches                                            
     2.211882686                391      context-switches                                            
     2.312435169                236      context-switches                                            
     2.412939969                207      context-switches                                            
     2.513502443                209      context-switches                                            
#           time             counts unit events
     2.614070264                219      context-switches                                            
     2.714673091                295      context-switches                                            
     2.815271320                162      context-switches                                            
     2.915816281                252      context-switches                                            
     3.016207392                218      context-switches                                            
     3.116741491                234      context-switches                                            
     3.217091671                388      context-switches                                            
     3.317642110                194      context-switches                                            
     3.418200179                194      context-switches                                            
     3.518705683                170      context-switches                                            
     3.619239320                198      context-switches                                            
     3.719832033                266      context-switches                                            
     3.820017713              1,236      context-switches                                            
     3.920267823              2,113      context-switches                                            
     4.020601836              1,199      context-switches                                            
     4.121188756              3,296      context-switches                                            
     4.221836995                351      context-switches                                            
     4.322459818                194      context-switches                                            
     4.422788011                176      context-switches                                            
     4.523391566                179      context-switches                                            
     4.623989300                189      context-switches                                            
     4.724582972                274      context-switches                                            
     4.825222757                178      context-switches                                            
     4.925808258                233      context-switches                                            
     5.025991194              5,617      context-switches                                            
#           time             counts unit events
     5.126205253             28,669      context-switches                                            
     5.226314906             38,643      context-switches                                            
     5.326467744             36,654      context-switches                                            
     5.426575195             37,588      context-switches                                            
     5.526744583             38,272      context-switches                                            
     5.626917206             37,643      context-switches                                            
     5.727164314             38,173      context-switches                                            
     5.827325067             38,099      context-switches                                            
     5.927491297             38,412      context-switches                                            
     6.027595384             37,657      context-switches                                            
     6.127819312             37,756      context-switches                                            
     6.227926646             37,737      context-switches                                            
     6.328122209             38,538      context-switches                                            
     6.428226421             37,699      context-switches                                            
     6.528427206             38,903      context-switches                                            
     6.628567673             37,855      context-switches                                            
     6.728738294             38,870      context-switches                                            
     6.828904222             37,667      context-switches                                            
     6.929122309             37,633      context-switches                                            
     7.029343329             37,304      context-switches                                            
     7.129529120             38,337      context-switches                                            
     7.229692408             37,385      context-switches                                            
     7.329865085             39,097      context-switches                                            
     7.430092725             37,612      context-switches                                            
     7.530332593             38,099      context-switches                                            
#           time             counts unit events
     7.630552346             36,758      context-switches                                            
     7.730664518             37,830      context-switches                                            
     7.830772686             37,448      context-switches                                            
     7.930990852             38,624      context-switches                                            
     8.031140640             37,468      context-switches                                            
     8.131360727             38,395      context-switches                                            
     8.231468575             37,616      context-switches                                            
     8.331687355             38,312      context-switches                                            
     8.431793453             35,809      context-switches                                            
     8.531902961             38,298      context-switches                                            
     8.632007252             36,020      context-switches                                            
     8.732143203             37,623      context-switches                                            
     8.832255194             36,033      context-switches                                            
     8.932350565             38,270      context-switches                                            
     9.032510106             35,737      context-switches                                            
     9.132641433             38,381      context-switches                                            
     9.232836657             37,029      context-switches                                            
     9.332993131             38,339      context-switches                                            
     9.433195995             36,350      context-switches                                            
     9.533366662             38,777      context-switches                                            
     9.633572401             36,509      context-switches                                            
     9.733702743             38,791      context-switches                                            
     9.833923032             37,315      context-switches                                            
     9.934032443             38,561      context-switches                                            
    10.000711205             24,533      context-switches                                            
