# started on Tue Nov 12 23:39:46 2019

#           time             counts unit events
     0.100199532                393      context-switches                                            
     0.200387236              1,248      context-switches                                            
     0.300545738              4,668      context-switches                                            
     0.400706101              6,887      context-switches                                            
     0.500842363             10,104      context-switches                                            
     0.600994277              7,322      context-switches                                            
     0.701147768              5,056      context-switches                                            
     0.801300980              7,304      context-switches                                            
     0.901432882             15,867      context-switches                                            
     1.001578474             40,170      context-switches                                            
     1.101714756             38,607      context-switches                                            
     1.201857308             42,515      context-switches                                            
     1.302028380             38,143      context-switches                                            
     1.402192321             28,832      context-switches                                            
     1.502354663             31,855      context-switches                                            
     1.602520595             39,609      context-switches                                            
     1.702743896             41,221      context-switches                                            
     1.802957526             40,301      context-switches                                            
     1.903200127             39,497      context-switches                                            
     2.003363148             40,841      context-switches                                            
     2.103535069             39,198      context-switches                                            
     2.203677920             33,091      context-switches                                            
     2.303841201             37,794      context-switches                                            
     2.403995082             42,161      context-switches                                            
     2.504150653             36,338      context-switches                                            
#           time             counts unit events
     2.604330054             40,499      context-switches                                            
     2.704491053             36,152      context-switches                                            
     2.804644164             37,716      context-switches                                            
     2.904800014             39,886      context-switches                                            
     3.004960034             36,714      context-switches                                            
     3.105092125             38,114      context-switches                                            
     3.205236965             40,431      context-switches                                            
     3.305386655             45,223      context-switches                                            
     3.405542625             39,646      context-switches                                            
     3.505708815             36,755      context-switches                                            
     3.605876565             35,757      context-switches                                            
     3.706027225             33,483      context-switches                                            
     3.806173334             33,600      context-switches                                            
     3.906313383             40,532      context-switches                                            
     4.006450173             41,955      context-switches                                            
     4.106606242             37,794      context-switches                                            
     4.206751961             42,176      context-switches                                            
     4.306928940             36,998      context-switches                                            
     4.407081560             40,570      context-switches                                            
     4.507211409             39,849      context-switches                                            
     4.607353788             39,473      context-switches                                            
     4.707499097             40,383      context-switches                                            
     4.807647236             39,619      context-switches                                            
     4.907791724             35,394      context-switches                                            
     5.007933183             38,658      context-switches                                            
#           time             counts unit events
     5.108080251             38,386      context-switches                                            
     5.208229480             41,909      context-switches                                            
     5.308380848             43,035      context-switches                                            
     5.408533216             42,027      context-switches                                            
     5.508689105             33,839      context-switches                                            
     5.608840383             37,056      context-switches                                            
     5.708982671             41,075      context-switches                                            
     5.809117879             39,537      context-switches                                            
     5.909266866             41,957      context-switches                                            
     6.009412824             42,208      context-switches                                            
     6.109551912             43,382      context-switches                                            
     6.209691779             46,090      context-switches                                            
     6.309820117             46,658      context-switches                                            
     6.409977635             42,069      context-switches                                            
     6.510134442             45,326      context-switches                                            
     6.610273689             44,387      context-switches                                            
     6.710419666             42,901      context-switches                                            
     6.810570223             33,917      context-switches                                            
     6.910715390             37,689      context-switches                                            
     7.010866377             43,684      context-switches                                            
     7.111016683             40,839      context-switches                                            
     7.211158791             50,822      context-switches                                            
     7.311295178             47,020      context-switches                                            
     7.411422674             46,408      context-switches                                            
     7.511574791             38,441      context-switches                                            
#           time             counts unit events
     7.611728198             42,622      context-switches                                            
     7.711890343             29,828      context-switches                                            
     7.812054359             31,455      context-switches                                            
     7.912205825             41,090      context-switches                                            
     8.012387011             38,389      context-switches                                            
     8.112534097             42,978      context-switches                                            
     8.212695473             38,397      context-switches                                            
     8.312838739             41,251      context-switches                                            
     8.412984245             41,606      context-switches                                            
     8.513143221             38,094      context-switches                                            
     8.613292937             38,226      context-switches                                            
     8.713431761             42,486      context-switches                                            
     8.813594617             43,505      context-switches                                            
     8.913756022             39,185      context-switches                                            
     9.013904867             37,074      context-switches                                            
     9.114048692             35,467      context-switches                                            
     9.214218557             38,671      context-switches                                            
     9.314359382             44,124      context-switches                                            
     9.414490788             37,796      context-switches                                            
     9.514643002             39,503      context-switches                                            
     9.614780977             40,872      context-switches                                            
     9.714949071             41,321      context-switches                                            
     9.815105836             30,273      context-switches                                            
     9.915253430             33,368      context-switches                                            
    10.000783412             37,501      context-switches                                            
