# started on Mon Nov 11 22:41:22 2019

#           time             counts unit events
     0.100170615             34,171      context-switches                                            
     0.200350049             43,403      context-switches                                            
     0.300486914             43,006      context-switches                                            
     0.400619920             49,185      context-switches                                            
     0.500746565             39,103      context-switches                                            
     0.600889700             42,838      context-switches                                            
     0.701025157             40,617      context-switches                                            
     0.801176113             31,025      context-switches                                            
     0.901323590             31,043      context-switches                                            
     1.001490837             45,655      context-switches                                            
     1.101620494             51,653      context-switches                                            
     1.201768761             43,738      context-switches                                            
     1.301914518             42,063      context-switches                                            
     1.402058835             44,025      context-switches                                            
     1.502200192             46,244      context-switches                                            
     1.602359939             42,756      context-switches                                            
     1.702513358             44,340      context-switches                                            
     1.802662906             48,730      context-switches                                            
     1.902824435             42,543      context-switches                                            
     2.003013963             43,308      context-switches                                            
     2.103206811             41,568      context-switches                                            
     2.203344470             45,938      context-switches                                            
     2.303483069             37,171      context-switches                                            
     2.403626148             49,983      context-switches                                            
     2.503762386             46,751      context-switches                                            
#           time             counts unit events
     2.603917645             39,616      context-switches                                            
     2.704072556             37,854      context-switches                                            
     2.804226517             30,370      context-switches                                            
     2.904380897             44,333      context-switches                                            
     3.004537708             45,153      context-switches                                            
     3.104725097             45,131      context-switches                                            
     3.204841069             35,284      context-switches                                            
     3.304970159             34,589      context-switches                                            
     3.405127480             43,537      context-switches                                            
     3.505272991             45,059      context-switches                                            
     3.605403962             38,419      context-switches                                            
     3.705535565             36,245      context-switches                                            
     3.805662038             46,257      context-switches                                            
     3.905793330             47,157      context-switches                                            
     4.005952843             46,902      context-switches                                            
     4.106117825             35,728      context-switches                                            
     4.206261577             33,687      context-switches                                            
     4.306402160             48,278      context-switches                                            
     4.406524133             44,654      context-switches                                            
     4.506671435             46,943      context-switches                                            
     4.606817549             48,919      context-switches                                            
     4.706955003             39,652      context-switches                                            
     4.807101167             47,743      context-switches                                            
     4.907244412             43,376      context-switches                                            
     5.007394587             45,675      context-switches                                            
#           time             counts unit events
     5.107535681             48,251      context-switches                                            
     5.207671375             39,286      context-switches                                            
     5.307808300             39,715      context-switches                                            
     5.407934985             38,077      context-switches                                            
     5.508058220             49,637      context-switches                                            
     5.608207574             44,816      context-switches                                            
     5.708334551             36,463      context-switches                                            
     5.808471467             43,085      context-switches                                            
     5.908618153             49,508      context-switches                                            
     6.008776609             46,344      context-switches                                            
     6.108932815             47,663      context-switches                                            
     6.209085372             43,061      context-switches                                            
     6.309236378             43,498      context-switches                                            
     6.409417903             47,089      context-switches                                            
     6.509575219             46,994      context-switches                                            
     6.609716897             46,889      context-switches                                            
     6.709862855             41,658      context-switches                                            
     6.810040703             43,693      context-switches                                            
     6.910181901             44,571      context-switches                                            
     7.010320419             40,848      context-switches                                            
     7.110472348             30,824      context-switches                                            
     7.210633145             32,023      context-switches                                            
     7.310770154             38,968      context-switches                                            
     7.410967241             44,496      context-switches                                            
     7.511133688             44,843      context-switches                                            
#           time             counts unit events
     7.611289997             43,560      context-switches                                            
     7.711420477             43,021      context-switches                                            
     7.811561278             44,402      context-switches                                            
     7.911705237             48,605      context-switches                                            
     8.011864357             40,319      context-switches                                            
     8.112029577             49,108      context-switches                                            
     8.212181807             41,283      context-switches                                            
     8.312331966             43,319      context-switches                                            
     8.412480546             43,905      context-switches                                            
     8.512648386             39,568      context-switches                                            
     8.612790127             47,005      context-switches                                            
     8.712944178             46,860      context-switches                                            
     8.813087190             44,921      context-switches                                            
     8.913212972             41,951      context-switches                                            
     9.013351404             45,890      context-switches                                            
     9.113502506             49,184      context-switches                                            
     9.213642818             44,914      context-switches                                            
     9.313777290             46,254      context-switches                                            
     9.413929702             42,884      context-switches                                            
     9.514079173             46,693      context-switches                                            
     9.614236265             39,788      context-switches                                            
     9.714378679             33,133      context-switches                                            
     9.814504413             40,200      context-switches                                            
     9.914646767             44,866      context-switches                                            
    10.000519211             43,051      context-switches                                            
