# started on Wed Nov  6 00:14:28 2019

#           time             counts unit events
     0.100631499                971      context-switches                                            
     0.201222521                286      context-switches                                            
     0.301672203              7,046      context-switches                                            
     0.402078968                273      context-switches                                            
     0.502705641                331      context-switches                                            
     0.603088642                378      context-switches                                            
     0.703684809                261      context-switches                                            
     0.804383359                373      context-switches                                            
     0.904985478                258      context-switches                                            
     1.005428814                405      context-switches                                            
     1.105846986                885      context-switches                                            
     1.206381484                306      context-switches                                            
     1.307068016                382      context-switches                                            
     1.407799650                264      context-switches                                            
     1.508319151                325      context-switches                                            
     1.608907476                374      context-switches                                            
     1.709569374                289      context-switches                                            
     1.810043849                345      context-switches                                            
     1.910497367              2,297      context-switches                                            
     2.011079335                351      context-switches                                            
     2.111646834                904      context-switches                                            
     2.212149053                386      context-switches                                            
     2.312794278                300      context-switches                                            
     2.413287959                324      context-switches                                            
     2.513878271                265      context-switches                                            
#           time             counts unit events
     2.614537430                356      context-switches                                            
     2.715163831                260      context-switches                                            
     2.815757683                273      context-switches                                            
     2.916359020                227      context-switches                                            
     3.016926090                260      context-switches                                            
     3.117438989                426      context-switches                                            
     3.217876032                378      context-switches                                            
     3.318413543                228      context-switches                                            
     3.419043056                187      context-switches                                            
     3.519656068                202      context-switches                                            
     3.620226420                325      context-switches                                            
     3.720853589                216      context-switches                                            
     3.821348943                235      context-switches                                            
     3.921922226                288      context-switches                                            
     4.022527412                323      context-switches                                            
     4.123000266                530      context-switches                                            
     4.223569542                171      context-switches                                            
     4.324173683                347      context-switches                                            
     4.424688008                187      context-switches                                            
     4.525295990                198      context-switches                                            
     4.625867158                307      context-switches                                            
     4.726419231                201      context-switches                                            
     4.827008298                323      context-switches                                            
     4.927559520                252      context-switches                                            
     5.027859580                611      context-switches                                            
#           time             counts unit events
     5.128158751              3,659      context-switches                                            
     5.228571300              1,545      context-switches                                            
     5.329066880              3,726      context-switches                                            
     5.429242513              3,206      context-switches                                            
     5.529564573              5,744      context-switches                                            
     5.629894231              5,009      context-switches                                            
     5.730002836              4,531      context-switches                                            
     5.830194930              3,449      context-switches                                            
     5.930588176              4,497      context-switches                                            
     6.030953314              5,708      context-switches                                            
     6.131327482              6,519      context-switches                                            
     6.231572932              5,290      context-switches                                            
     6.331683082              9,156      context-switches                                            
     6.432100320              5,356      context-switches                                            
     6.532305462              2,320      context-switches                                            
     6.632867754              7,837      context-switches                                            
     6.733042499              1,787      context-switches                                            
     6.833474698              3,978      context-switches                                            
     6.933667876              6,024      context-switches                                            
     7.033935316              3,897      context-switches                                            
     7.134143900              5,037      context-switches                                            
     7.234436270              4,780      context-switches                                            
     7.334805336              4,245      context-switches                                            
     7.435153434              2,551      context-switches                                            
     7.535576273              8,148      context-switches                                            
#           time             counts unit events
     7.635680101              3,532      context-switches                                            
     7.735925153              3,105      context-switches                                            
     7.836051928              6,325      context-switches                                            
     7.936376867              2,612      context-switches                                            
     8.036685099              5,670      context-switches                                            
     8.136937634              4,864      context-switches                                            
     8.237421186              4,285      context-switches                                            
     8.337540815              3,795      context-switches                                            
     8.438132401              5,578      context-switches                                            
     8.538425417              3,898      context-switches                                            
     8.638732772              2,570      context-switches                                            
     8.738996177              7,028      context-switches                                            
     8.839383104              1,732      context-switches                                            
     8.939560037              4,690      context-switches                                            
     9.039889341              5,477      context-switches                                            
     9.140280843              3,938      context-switches                                            
     9.240444210              4,341      context-switches                                            
     9.341025358              6,497      context-switches                                            
     9.441207184              2,817      context-switches                                            
     9.541375182              4,409      context-switches                                            
     9.641554619              6,602      context-switches                                            
     9.741677961              2,425      context-switches                                            
     9.841804053              6,481      context-switches                                            
     9.941970490              5,010      context-switches                                            
    10.000928581              2,586      context-switches                                            
