# started on Thu Nov  7 01:33:22 2019

#           time             counts unit events
     0.100517688              6,440      context-switches                                            
     0.200767333             33,916      context-switches                                            
     0.300883926             37,667      context-switches                                            
     0.401185061             38,246      context-switches                                            
     0.501346169             38,383      context-switches                                            
     0.601555067             38,333      context-switches                                            
     0.701810069             37,978      context-switches                                            
     0.801918198             37,052      context-switches                                            
     0.902217019             37,671      context-switches                                            
     1.002414265             38,758      context-switches                                            
     1.102657169             36,705      context-switches                                            
     1.202930946             38,699      context-switches                                            
     1.303118599             37,928      context-switches                                            
     1.403307880             37,682      context-switches                                            
     1.503593000             38,617      context-switches                                            
     1.603797665             38,117      context-switches                                            
     1.704086812             37,746      context-switches                                            
     1.804240108             37,285      context-switches                                            
     1.904438556             37,145      context-switches                                            
     2.004660560             38,426      context-switches                                            
     2.104844069             38,002      context-switches                                            
     2.205080315             38,611      context-switches                                            
     2.305369362             37,720      context-switches                                            
     2.405596858             38,354      context-switches                                            
     2.505762298             37,628      context-switches                                            
#           time             counts unit events
     2.605950439             37,259      context-switches                                            
     2.706104344             36,921      context-switches                                            
     2.806232848             38,391      context-switches                                            
     2.906362777             38,355      context-switches                                            
     3.006604771             38,065      context-switches                                            
     3.106714676             37,219      context-switches                                            
     3.206924405             37,486      context-switches                                            
     3.307040513             36,931      context-switches                                            
     3.407309000             38,222      context-switches                                            
     3.507413344             36,561      context-switches                                            
     3.607596090             37,726      context-switches                                            
     3.707704905             37,066      context-switches                                            
     3.807880128             38,973      context-switches                                            
     3.908070880             37,357      context-switches                                            
     4.008295953             39,032      context-switches                                            
     4.108410487             36,963      context-switches                                            
     4.208654401             38,786      context-switches                                            
     4.308823504             36,292      context-switches                                            
     4.409091849             39,655      context-switches                                            
     4.509284864             35,969      context-switches                                            
     4.609457584             37,884      context-switches                                            
     4.709621963             36,170      context-switches                                            
     4.809889813             38,504      context-switches                                            
     4.910186255             35,540      context-switches                                            
     5.010482968             39,966      context-switches                                            
#           time             counts unit events
     5.110752061             36,913      context-switches                                            
     5.210911155             39,362      context-switches                                            
     5.311122316             35,146      context-switches                                            
     5.411292949             39,030      context-switches                                            
     5.511510137             36,458      context-switches                                            
     5.611788502             39,567      context-switches                                            
     5.712009585             36,504      context-switches                                            
     5.812271717             39,241      context-switches                                            
     5.912482314             36,601      context-switches                                            
     6.012672502             39,119      context-switches                                            
     6.112866616             36,158      context-switches                                            
     6.213080929             39,313      context-switches                                            
     6.313185650             34,291      context-switches                                            
     6.413358397             37,537      context-switches                                            
     6.513461697             35,692      context-switches                                            
     6.613622859             38,987      context-switches                                            
     6.713882110             36,165      context-switches                                            
     6.813993811             39,060      context-switches                                            
     6.914307408             37,672      context-switches                                            
     7.014419557             38,491      context-switches                                            
     7.114729617             36,702      context-switches                                            
     7.214843628             38,595      context-switches                                            
     7.315082288             37,977      context-switches                                            
     7.415289416             38,026      context-switches                                            
     7.515593318             37,251      context-switches                                            
#           time             counts unit events
     7.615717342             38,170      context-switches                                            
     7.715939995             37,887      context-switches                                            
     7.816147392             38,639      context-switches                                            
     7.916429682             37,195      context-switches                                            
     8.016625695             37,062      context-switches                                            
     8.116892197             37,265      context-switches                                            
     8.217079910             38,785      context-switches                                            
     8.317271741             36,958      context-switches                                            
     8.417449757             39,291      context-switches                                            
     8.517713102             37,217      context-switches                                            
     8.617864150             37,462      context-switches                                            
     8.718112438             37,509      context-switches                                            
     8.818407567             38,385      context-switches                                            
     8.918709694             37,804      context-switches                                            
     9.018911135             37,800      context-switches                                            
     9.119174953             37,689      context-switches                                            
     9.219291426             37,813      context-switches                                            
     9.319569809             38,132      context-switches                                            
     9.419704781             38,163      context-switches                                            
     9.519988845             38,071      context-switches                                            
     9.620206075             38,241      context-switches                                            
     9.720366466             37,708      context-switches                                            
     9.820474877             38,043      context-switches                                            
     9.920705330             37,392      context-switches                                            
    10.000632366             30,872      context-switches                                            
