# started on Tue Nov  5 22:38:58 2019

#           time             counts unit events
     0.100677247                572      context-switches                                            
     0.201172209              7,473      context-switches                                            
     0.301776974                200      context-switches                                            
     0.402305569                171      context-switches                                            
     0.502886269                180      context-switches                                            
     0.603546234                197      context-switches                                            
     0.704149196                215      context-switches                                            
     0.804771171                245      context-switches                                            
     0.905299067                168      context-switches                                            
     1.005904970                243      context-switches                                            
     1.106518778                376      context-switches                                            
     1.207121787                334      context-switches                                            
     1.307675301                253      context-switches                                            
     1.408258380                143      context-switches                                            
     1.508851134                252      context-switches                                            
     1.609379308                199      context-switches                                            
     1.709920573                209      context-switches                                            
     1.810529149                218      context-switches                                            
     1.911029180                185      context-switches                                            
     2.011635752                281      context-switches                                            
     2.112214617                333      context-switches                                            
     2.212817164                300      context-switches                                            
     2.313358324                183      context-switches                                            
     2.413929239                152      context-switches                                            
     2.514551190                198      context-switches                                            
#           time             counts unit events
     2.615180347                218      context-switches                                            
     2.715770586                251      context-switches                                            
     2.816326297                199      context-switches                                            
     2.916830881                190      context-switches                                            
     3.017475456                303      context-switches                                            
     3.118168744                352      context-switches                                            
     3.218831396                238      context-switches                                            
     3.319427875                199      context-switches                                            
     3.419970445                143      context-switches                                            
     3.520582397                203      context-switches                                            
     3.621283671                170      context-switches                                            
     3.721906512                155      context-switches                                            
     3.822393970                225      context-switches                                            
     3.922959440                162      context-switches                                            
     4.023572564                239      context-switches                                            
     4.124097855                433      context-switches                                            
     4.224662683                262      context-switches                                            
     4.325173397                245      context-switches                                            
     4.425767445                141      context-switches                                            
     4.526310454                192      context-switches                                            
     4.626957213                185      context-switches                                            
     4.727558195                240      context-switches                                            
     4.828152377                253      context-switches                                            
     4.928747503                227      context-switches                                            
     5.028968983              2,251      context-switches                                            
#           time             counts unit events
     5.129203817              3,189      context-switches                                            
     5.229536936              2,450      context-switches                                            
     5.329968076              5,310      context-switches                                            
     5.430363419              1,608      context-switches                                            
     5.530637441              7,904      context-switches                                            
     5.630965103              3,884      context-switches                                            
     5.731149995             10,796      context-switches                                            
     5.831423660              2,433      context-switches                                            
     5.931753928              3,484      context-switches                                            
     6.031863626              6,851      context-switches                                            
     6.132100734              7,212      context-switches                                            
     6.232528005              2,723      context-switches                                            
     6.332883081              1,903      context-switches                                            
     6.433228629              2,399      context-switches                                            
     6.533350826              9,998      context-switches                                            
     6.633604640              5,508      context-switches                                            
     6.733992066              3,020      context-switches                                            
     6.834477870              2,020      context-switches                                            
     6.934606029              1,956      context-switches                                            
     7.034829200              8,489      context-switches                                            
     7.135077365              7,059      context-switches                                            
     7.235524290              6,638      context-switches                                            
     7.335976966              1,869      context-switches                                            
     7.436256108              1,889      context-switches                                            
     7.536386514              9,250      context-switches                                            
#           time             counts unit events
     7.636615380              6,444      context-switches                                            
     7.736895853              3,183      context-switches                                            
     7.837538430              2,078      context-switches                                            
     7.937904160              1,547      context-switches                                            
     8.038077292              9,821      context-switches                                            
     8.138193385              3,774      context-switches                                            
     8.238358296              8,063      context-switches                                            
     8.338891589              2,321      context-switches                                            
     8.439442912              1,198      context-switches                                            
     8.539925043              2,403      context-switches                                            
     8.640217175              6,279      context-switches                                            
     8.740517548              6,748      context-switches                                            
     8.840806886              4,153      context-switches                                            
     8.941265841              3,353      context-switches                                            
     9.041492638              2,664      context-switches                                            
     9.141782902              8,356      context-switches                                            
     9.242103626              3,104      context-switches                                            
     9.342348596              3,461      context-switches                                            
     9.442891626              1,379      context-switches                                            
     9.543137609              5,080      context-switches                                            
     9.643492088              6,929      context-switches                                            
     9.743801837              4,096      context-switches                                            
     9.844223521              3,442      context-switches                                            
     9.944654807                845      context-switches                                            
    10.000902802                711      context-switches                                            
