# started on Wed Nov  6 01:29:03 2019

#           time             counts unit events
     0.100817078                507      context-switches                                            
     0.201509908                308      context-switches                                            
     0.302013983                152      context-switches                                            
     0.402573820                249      context-switches                                            
     0.503092348                229      context-switches                                            
     0.603704284                207      context-switches                                            
     0.704341257                205      context-switches                                            
     0.804939863                160      context-switches                                            
     0.905534357                187      context-switches                                            
     1.006134761                225      context-switches                                            
     1.106604483                245      context-switches                                            
     1.206926441                393      context-switches                                            
     1.307512275                178      context-switches                                            
     1.408074247                297      context-switches                                            
     1.508683262                226      context-switches                                            
     1.609218463                236      context-switches                                            
     1.709775860                191      context-switches                                            
     1.810301861                174      context-switches                                            
     1.910881633                193      context-switches                                            
     2.011492999                249      context-switches                                            
     2.112099167                279      context-switches                                            
     2.212508155                362      context-switches                                            
     2.313087942                166      context-switches                                            
     2.413581900                244      context-switches                                            
     2.514074671                191      context-switches                                            
#           time             counts unit events
     2.614646883                221      context-switches                                            
     2.715257433                188      context-switches                                            
     2.815883827                124      context-switches                                            
     2.916382353                201      context-switches                                            
     3.016928060                194      context-switches                                            
     3.117538996                240      context-switches                                            
     3.217955830                377      context-switches                                            
     3.318471362                135      context-switches                                            
     3.419008843                182      context-switches                                            
     3.519610987                246      context-switches                                            
     3.620255945                226      context-switches                                            
     3.720822002                177      context-switches                                            
     3.821324010                158      context-switches                                            
     3.921902344                168      context-switches                                            
     4.022522882                268      context-switches                                            
     4.123063589                243      context-switches                                            
     4.223594291                318      context-switches                                            
     4.324168396                156      context-switches                                            
     4.424744368                168      context-switches                                            
     4.525280929                245      context-switches                                            
     4.625811608                233      context-switches                                            
     4.726322839                200      context-switches                                            
     4.826899101                159      context-switches                                            
     4.927494652                218      context-switches                                            
     5.028093120                223      context-switches                                            
#           time             counts unit events
     5.128588932                394      context-switches                                            
     5.228936881              2,182      context-switches                                            
     5.329431953              1,929      context-switches                                            
     5.429993766                390      context-switches                                            
     5.530214329              7,393      context-switches                                            
     5.630556499              2,799      context-switches                                            
     5.731100775              1,521      context-switches                                            
     5.831664722                863      context-switches                                            
     5.931888049              3,999      context-switches                                            
     6.032457000                498      context-switches                                            
     6.133084224                281      context-switches                                            
     6.233292852              1,992      context-switches                                            
     6.333759084              3,075      context-switches                                            
     6.434277435                211      context-switches                                            
     6.534450195              1,436      context-switches                                            
     6.635001193              3,699      context-switches                                            
     6.735610202                188      context-switches                                            
     6.836131915                961      context-switches                                            
     6.936546971              4,173      context-switches                                            
     7.036998124                242      context-switches                                            
     7.137301433                602      context-switches                                            
     7.237613495              1,825      context-switches                                            
     7.338143590              3,040      context-switches                                            
     7.438677907                157      context-switches                                            
     7.539174368              1,215      context-switches                                            
#           time             counts unit events
     7.639646941              3,903      context-switches                                            
     7.740258729                214      context-switches                                            
     7.840854583                815      context-switches                                            
     7.941011518              3,468      context-switches                                            
     8.041548841                943      context-switches                                            
     8.142177877                206      context-switches                                            
     8.242433246              1,773      context-switches                                            
     8.342992768              3,423      context-switches                                            
     8.443607673                198      context-switches                                            
     8.543911696              1,409      context-switches                                            
     8.644262580              3,545      context-switches                                            
     8.744838532                786      context-switches                                            
     8.845221767                636      context-switches                                            
     8.945523142              3,415      context-switches                                            
     9.046068672              1,478      context-switches                                            
     9.146664262                216      context-switches                                            
     9.246888729              3,508      context-switches                                            
     9.347376848              1,732      context-switches                                            
     9.447845646                147      context-switches                                            
     9.548010352              2,486      context-switches                                            
     9.648335828              5,042      context-switches                                            
     9.748701396                608      context-switches                                            
     9.848855629              5,005      context-switches                                            
     9.949394354              4,387      context-switches                                            
    10.001227565                154      context-switches                                            
