# started on Tue Nov  5 20:50:03 2019

#           time             counts unit events
     0.100787042                311      context-switches                                            
     0.201493809                199      context-switches                                            
     0.302029372                187      context-switches                                            
     0.402574145                203      context-switches                                            
     0.502995132                177      context-switches                                            
     0.603320164                294      context-switches                                            
     0.703849827                472      context-switches                                            
     0.804401216                212      context-switches                                            
     0.905037013                208      context-switches                                            
     1.005658035                196      context-switches                                            
     1.106322722                162      context-switches                                            
     1.206696208                215      context-switches                                            
     1.307244233                194      context-switches                                            
     1.407829203                211      context-switches                                            
     1.508372497                178      context-switches                                            
     1.608861595                283      context-switches                                            
     1.709332482                540      context-switches                                            
     1.809908882                128      context-switches                                            
     1.910424034                195      context-switches                                            
     2.011030862                189      context-switches                                            
     2.111647463                142      context-switches                                            
     2.212249753                244      context-switches                                            
     2.312715015                172      context-switches                                            
     2.413217725                183      context-switches                                            
     2.513708792                160      context-switches                                            
#           time             counts unit events
     2.614313916                231      context-switches                                            
     2.714880815                479      context-switches                                            
     2.815511985                163      context-switches                                            
     2.916099580                165      context-switches                                            
     3.016524595                195      context-switches                                            
     3.117154799                150      context-switches                                            
     3.217740352                260      context-switches                                            
     3.318379130                158      context-switches                                            
     3.418971624                213      context-switches                                            
     3.519590258                177      context-switches                                            
     3.620013656                241      context-switches                                            
     3.720536567                472      context-switches                                            
     3.821095145                201      context-switches                                            
     3.921631700                186      context-switches                                            
     4.022182759                182      context-switches                                            
     4.122800542                139      context-switches                                            
     4.223273307                255      context-switches                                            
     4.323892983                181      context-switches                                            
     4.424385445                237      context-switches                                            
     4.524925525                190      context-switches                                            
     4.625498545                385      context-switches                                            
     4.726007487              6,917      context-switches                                            
     4.826540834                235      context-switches                                            
     4.927144673                126      context-switches                                            
     5.027369962                800      context-switches                                            
#           time             counts unit events
     5.127809553              2,221      context-switches                                            
     5.228480394              2,064      context-switches                                            
     5.328719791              1,169      context-switches                                            
     5.428905171              4,162      context-switches                                            
     5.529369170              4,692      context-switches                                            
     5.629780351              1,130      context-switches                                            
     5.730290232              4,700      context-switches                                            
     5.830412472              1,467      context-switches                                            
     5.930864052              3,836      context-switches                                            
     6.031174271              1,293      context-switches                                            
     6.131504697              4,287      context-switches                                            
     6.231896096              3,736      context-switches                                            
     6.332245361              1,424      context-switches                                            
     6.432669717              4,452      context-switches                                            
     6.532951355              4,152      context-switches                                            
     6.633386510              1,243      context-switches                                            
     6.733593488              4,263      context-switches                                            
     6.833848831              2,574      context-switches                                            
     6.934379958              2,429      context-switches                                            
     7.034600020              2,450      context-switches                                            
     7.134991128              3,799      context-switches                                            
     7.235364851              4,048      context-switches                                            
     7.335664038              1,816      context-switches                                            
     7.435958275              3,704      context-switches                                            
     7.536185068              2,007      context-switches                                            
#           time             counts unit events
     7.636651521              3,468      context-switches                                            
     7.737171170              4,117      context-switches                                            
     7.837475751              1,677      context-switches                                            
     7.937937472              4,071      context-switches                                            
     8.038066560              3,284      context-switches                                            
     8.138520107              1,860      context-switches                                            
     8.238764006              3,830      context-switches                                            
     8.338897468              3,095      context-switches                                            
     8.439345980              2,257      context-switches                                            
     8.539552568              2,511      context-switches                                            
     8.639961789              3,584      context-switches                                            
     8.740478013              3,615      context-switches                                            
     8.840839482              1,540      context-switches                                            
     8.941373349              4,224      context-switches                                            
     9.041582443              3,033      context-switches                                            
     9.142019754              2,175      context-switches                                            
     9.242545510              3,823      context-switches                                            
     9.342788519              1,907      context-switches                                            
     9.443185667              3,906      context-switches                                            
     9.543572993              4,231      context-switches                                            
     9.643882908              1,727      context-switches                                            
     9.744155479              4,595      context-switches                                            
     9.844334498              1,502      context-switches                                            
     9.944936116              3,766      context-switches                                            
    10.000924632                432      context-switches                                            
