# started on Tue Nov  5 20:32:56 2019

#           time             counts unit events
     0.100699784                333      context-switches                                            
     0.201231452                346      context-switches                                            
     0.301826819                210      context-switches                                            
     0.402432448                124      context-switches                                            
     0.503006614                152      context-switches                                            
     0.603575308                257      context-switches                                            
     0.704101421                215      context-switches                                            
     0.804750640                212      context-switches                                            
     0.905288878                206      context-switches                                            
     1.005789913                176      context-switches                                            
     1.106376549                296      context-switches                                            
     1.206702734                391      context-switches                                            
     1.307236939                203      context-switches                                            
     1.407751996                230      context-switches                                            
     1.508301677                193      context-switches                                            
     1.608879944                253      context-switches                                            
     1.709477870                208      context-switches                                            
     1.810062624                390      context-switches                                            
     1.910607098                252      context-switches                                            
     2.011205172                197      context-switches                                            
     2.111782993                507      context-switches                                            
     2.212013699              6,861      context-switches                                            
     2.312544628                220      context-switches                                            
     2.413129749                147      context-switches                                            
     2.513718069                164      context-switches                                            
#           time             counts unit events
     2.614309028                216      context-switches                                            
     2.714904960                154      context-switches                                            
     2.815548871                229      context-switches                                            
     2.916162736                252      context-switches                                            
     3.016705580                165      context-switches                                            
     3.116991678              1,215      context-switches                                            
     3.217310386                492      context-switches                                            
     3.317653770              2,827      context-switches                                            
     3.418234022              3,908      context-switches                                            
     3.518824970                166      context-switches                                            
     3.619331510                273      context-switches                                            
     3.719941228                212      context-switches                                            
     3.820580866                164      context-switches                                            
     3.921179995                256      context-switches                                            
     4.021679668                146      context-switches                                            
     4.121977281              1,467      context-switches                                            
     4.222531101                362      context-switches                                            
     4.323147918                190      context-switches                                            
     4.423758167                208      context-switches                                            
     4.524242555                180      context-switches                                            
     4.624741447                222      context-switches                                            
     4.725257269                226      context-switches                                            
     4.825853773                179      context-switches                                            
     4.926332980                265      context-switches                                            
     5.026481075             22,781      context-switches                                            
#           time             counts unit events
     5.126692234             36,676      context-switches                                            
     5.226806131             37,469      context-switches                                            
     5.327084360             36,548      context-switches                                            
     5.427192305             36,299      context-switches                                            
     5.527306739             37,343      context-switches                                            
     5.627441750             37,030      context-switches                                            
     5.727715796             37,016      context-switches                                            
     5.827822740             36,225      context-switches                                            
     5.928042778             38,051      context-switches                                            
     6.028167015             37,239      context-switches                                            
     6.128363298             37,562      context-switches                                            
     6.228510986             36,721      context-switches                                            
     6.328696435             37,808      context-switches                                            
     6.428865203             35,815      context-switches                                            
     6.529112480             37,817      context-switches                                            
     6.629221273             34,773      context-switches                                            
     6.729395480             37,750      context-switches                                            
     6.829506029             36,554      context-switches                                            
     6.929782036             37,682      context-switches                                            
     7.029950864             36,605      context-switches                                            
     7.130187933             37,947      context-switches                                            
     7.230412521             36,829      context-switches                                            
     7.330663400             37,743      context-switches                                            
     7.430847766             36,351      context-switches                                            
     7.531109368             38,009      context-switches                                            
#           time             counts unit events
     7.631235401             37,438      context-switches                                            
     7.731564912             37,014      context-switches                                            
     7.831787165             36,588      context-switches                                            
     7.932007822             37,878      context-switches                                            
     8.032168792             36,681      context-switches                                            
     8.132341373             38,694      context-switches                                            
     8.232511343             35,964      context-switches                                            
     8.332734793             38,511      context-switches                                            
     8.432954305             36,576      context-switches                                            
     8.533099731             38,141      context-switches                                            
     8.633311267             36,191      context-switches                                            
     8.733491067             37,819      context-switches                                            
     8.833769624             35,989      context-switches                                            
     8.934013559             37,781      context-switches                                            
     9.034274648             36,702      context-switches                                            
     9.134524185             37,807      context-switches                                            
     9.234737688             35,669      context-switches                                            
     9.335011882             37,584      context-switches                                            
     9.435207883             36,704      context-switches                                            
     9.535485243             37,452      context-switches                                            
     9.635707073             35,639      context-switches                                            
     9.735884686             38,493      context-switches                                            
     9.836050665             35,572      context-switches                                            
     9.936292688             38,738      context-switches                                            
    10.000673996             21,050      context-switches                                            
