# started on Thu Nov  7 01:31:22 2019

#           time             counts unit events
     0.100422206              5,001      context-switches                                            
     0.200677279             10,257      context-switches                                            
     0.300833678             36,501      context-switches                                            
     0.401014210             38,031      context-switches                                            
     0.501164886             37,438      context-switches                                            
     0.601312490             37,437      context-switches                                            
     0.701417191             36,963      context-switches                                            
     0.801523370             38,147      context-switches                                            
     0.901632999             38,534      context-switches                                            
     1.001742488             38,783      context-switches                                            
     1.101844057             38,348      context-switches                                            
     1.201953596             37,697      context-switches                                            
     1.302122822             38,170      context-switches                                            
     1.402228654             38,074      context-switches                                            
     1.502453053             37,492      context-switches                                            
     1.602559896             37,967      context-switches                                            
     1.702883701             37,965      context-switches                                            
     1.803067930             38,269      context-switches                                            
     1.903288475             36,991      context-switches                                            
     2.003562320             38,384      context-switches                                            
     2.103814430             37,875      context-switches                                            
     2.204087500             38,237      context-switches                                            
     2.304246418             37,691      context-switches                                            
     2.404500508             38,150      context-switches                                            
     2.504608343             38,409      context-switches                                            
#           time             counts unit events
     2.604898823             37,799      context-switches                                            
     2.705007754             36,783      context-switches                                            
     2.805207546             37,965      context-switches                                            
     2.905320650             37,897      context-switches                                            
     3.005521340             38,304      context-switches                                            
     3.105628339             37,370      context-switches                                            
     3.205826995             39,269      context-switches                                            
     3.305961103             33,539      context-switches                                            
     3.406126306             38,582      context-switches                                            
     3.506373492             36,730      context-switches                                            
     3.606639494             38,378      context-switches                                            
     3.706910207             36,670      context-switches                                            
     3.807111076             38,779      context-switches                                            
     3.907326598             37,864      context-switches                                            
     4.007569705             39,292      context-switches                                            
     4.107833761             37,823      context-switches                                            
     4.208124180             39,205      context-switches                                            
     4.308323761             36,694      context-switches                                            
     4.408538022             37,206      context-switches                                            
     4.508780759             38,163      context-switches                                            
     4.609057120             37,986      context-switches                                            
     4.709303289             37,667      context-switches                                            
     4.809422340             38,312      context-switches                                            
     4.909657429             36,197      context-switches                                            
     5.009899034             37,732      context-switches                                            
#           time             counts unit events
     5.110086634             36,730      context-switches                                            
     5.210192795             38,957      context-switches                                            
     5.310413041             38,309      context-switches                                            
     5.410603855             38,158      context-switches                                            
     5.510844713             37,904      context-switches                                            
     5.610976992             38,512      context-switches                                            
     5.711250330             37,686      context-switches                                            
     5.811367830             37,948      context-switches                                            
     5.911511246             38,432      context-switches                                            
     6.011616930             38,299      context-switches                                            
     6.111868301             38,027      context-switches                                            
     6.211977204             37,975      context-switches                                            
     6.312266351             37,526      context-switches                                            
     6.412377043             38,005      context-switches                                            
     6.512645082             38,653      context-switches                                            
     6.612817658             38,415      context-switches                                            
     6.713104262             37,702      context-switches                                            
     6.813278548             38,565      context-switches                                            
     6.913437895             38,164      context-switches                                            
     7.013673219             37,736      context-switches                                            
     7.113824739             38,307      context-switches                                            
     7.213987364             38,549      context-switches                                            
     7.314206010             38,051      context-switches                                            
     7.414430189             36,973      context-switches                                            
     7.514539383             37,958      context-switches                                            
#           time             counts unit events
     7.614818821             38,371      context-switches                                            
     7.715000832             38,263      context-switches                                            
     7.815120771             38,019      context-switches                                            
     7.915279931             38,102      context-switches                                            
     8.015482916             38,340      context-switches                                            
     8.115772158             38,019      context-switches                                            
     8.215982138             38,373      context-switches                                            
     8.316099165             37,561      context-switches                                            
     8.416315374             38,655      context-switches                                            
     8.516574662             38,398      context-switches                                            
     8.616835067             38,438      context-switches                                            
     8.717119161             37,610      context-switches                                            
     8.817378398             38,112      context-switches                                            
     8.917569577             38,646      context-switches                                            
     9.017835285             37,695      context-switches                                            
     9.118020364             37,495      context-switches                                            
     9.218238478             38,917      context-switches                                            
     9.318389775             36,374      context-switches                                            
     9.418626035             37,771      context-switches                                            
     9.518871992             38,489      context-switches                                            
     9.619054323             38,132      context-switches                                            
     9.719300334             37,911      context-switches                                            
     9.819520421             38,075      context-switches                                            
     9.919729182             38,073      context-switches                                            
    10.000652705             30,120      context-switches                                            
