# started on Tue Nov  5 20:54:05 2019

#           time             counts unit events
     0.100810658                339      context-switches                                            
     0.201481080                130      context-switches                                            
     0.302072146                162      context-switches                                            
     0.402670133                220      context-switches                                            
     0.503238507                233      context-switches                                            
     0.603652252                251      context-switches                                            
     0.704211934                164      context-switches                                            
     0.804729207                237      context-switches                                            
     0.905065111                381      context-switches                                            
     1.005627287                182      context-switches                                            
     1.106289043                174      context-switches                                            
     1.206876223                124      context-switches                                            
     1.307359298                162      context-switches                                            
     1.407933589                177      context-switches                                            
     1.508496236                244      context-switches                                            
     1.609092955                234      context-switches                                            
     1.709671125                187      context-switches                                            
     1.810167580                262      context-switches                                            
     1.910741724                328      context-switches                                            
     2.011259663                188      context-switches                                            
     2.111757319                167      context-switches                                            
     2.212360591                155      context-switches                                            
     2.312932260                170      context-switches                                            
     2.413498452                206      context-switches                                            
     2.514009038                255      context-switches                                            
#           time             counts unit events
     2.614439433                198      context-switches                                            
     2.714944647                250      context-switches                                            
     2.815585833                353      context-switches                                            
     2.916204675              7,215      context-switches                                            
     3.016799764                170      context-switches                                            
     3.117293452                164      context-switches                                            
     3.217857947                136      context-switches                                            
     3.318434407                158      context-switches                                            
     3.419040153                160      context-switches                                            
     3.519645905                232      context-switches                                            
     3.620094907                182      context-switches                                            
     3.720618967                229      context-switches                                            
     3.821232988                258      context-switches                                            
     3.921716758                372      context-switches                                            
     4.022260991                230      context-switches                                            
     4.122779850                223      context-switches                                            
     4.223344788                158      context-switches                                            
     4.323910571                214      context-switches                                            
     4.424370672                171      context-switches                                            
     4.524886398                327      context-switches                                            
     4.625398217                182      context-switches                                            
     4.725743753                254      context-switches                                            
     4.826377210                221      context-switches                                            
     4.926916433                340      context-switches                                            
     5.027285066              4,745      context-switches                                            
#           time             counts unit events
     5.127569710             22,573      context-switches                                            
     5.227838090             36,096      context-switches                                            
     5.328053950             38,185      context-switches                                            
     5.428273058             36,361      context-switches                                            
     5.528516938             37,869      context-switches                                            
     5.628701850             34,902      context-switches                                            
     5.728952328             38,084      context-switches                                            
     5.829196671             37,287      context-switches                                            
     5.929405137             38,215      context-switches                                            
     6.029539943             37,117      context-switches                                            
     6.129720594             37,253      context-switches                                            
     6.229942931             36,716      context-switches                                            
     6.330163589             37,610      context-switches                                            
     6.430376331             36,771      context-switches                                            
     6.530643829             36,461      context-switches                                            
     6.630827471             37,002      context-switches                                            
     6.730987120             36,708      context-switches                                            
     6.831238555             35,941      context-switches                                            
     6.931490987             38,055      context-switches                                            
     7.031742678             36,605      context-switches                                            
     7.131850447             37,582      context-switches                                            
     7.232096703             35,997      context-switches                                            
     7.332305622             38,676      context-switches                                            
     7.432611025             35,747      context-switches                                            
     7.532723711             37,045      context-switches                                            
#           time             counts unit events
     7.632917541             36,496      context-switches                                            
     7.733024601             39,081      context-switches                                            
     7.833264654             36,519      context-switches                                            
     7.933370600             38,340      context-switches                                            
     8.033643108             36,243      context-switches                                            
     8.133778452             38,464      context-switches                                            
     8.233944244             36,463      context-switches                                            
     8.334062308             37,466      context-switches                                            
     8.434293538             35,881      context-switches                                            
     8.534514809             38,212      context-switches                                            
     8.634750383             36,483      context-switches                                            
     8.734925378             37,893      context-switches                                            
     8.835056390             36,292      context-switches                                            
     8.935304146             38,202      context-switches                                            
     9.035529017             36,345      context-switches                                            
     9.135827369             37,717      context-switches                                            
     9.236036735             35,896      context-switches                                            
     9.336318976             37,619      context-switches                                            
     9.436538669             37,207      context-switches                                            
     9.536748679             38,088      context-switches                                            
     9.636883279             36,454      context-switches                                            
     9.737156080             38,869      context-switches                                            
     9.837337649             37,279      context-switches                                            
     9.937448635             37,965      context-switches                                            
    10.000702388             22,569      context-switches                                            
