# started on Tue Nov  5 21:43:18 2019

#           time             counts unit events
     0.100816740                461      context-switches                                            
     0.201478260                228      context-switches                                            
     0.301921502                343      context-switches                                            
     0.402077869              5,311      context-switches                                            
     0.502672195              1,437      context-switches                                            
     0.603253122                180      context-switches                                            
     0.703696727                156      context-switches                                            
     0.804166781                158      context-switches                                            
     0.904765082                225      context-switches                                            
     1.005369226                252      context-switches                                            
     1.105941773                226      context-switches                                            
     1.206530180                146      context-switches                                            
     1.306972173                217      context-switches                                            
     1.407474281                399      context-switches                                            
     1.508064557                215      context-switches                                            
     1.608575056                239      context-switches                                            
     1.709121903                156      context-switches                                            
     1.809656167                156      context-switches                                            
     1.910302109                207      context-switches                                            
     2.010945655                244      context-switches                                            
     2.111486487                236      context-switches                                            
     2.211916041                215      context-switches                                            
     2.312393005                199      context-switches                                            
     2.412993903                359      context-switches                                            
     2.513590217                185      context-switches                                            
#           time             counts unit events
     2.614200357                230      context-switches                                            
     2.714778217                174      context-switches                                            
     2.815219203                204      context-switches                                            
     2.915785340                223      context-switches                                            
     3.016388624                221      context-switches                                            
     3.116939452                223      context-switches                                            
     3.217461893                185      context-switches                                            
     3.317912762                179      context-switches                                            
     3.418471396                371      context-switches                                            
     3.519036895                182      context-switches                                            
     3.619600725                217      context-switches                                            
     3.720170188                146      context-switches                                            
     3.820770687                184      context-switches                                            
     3.921368605                204      context-switches                                            
     4.021981786                272      context-switches                                            
     4.122577578                224      context-switches                                            
     4.223076489                195      context-switches                                            
     4.323657802                189      context-switches                                            
     4.424193152                339      context-switches                                            
     4.524744138                199      context-switches                                            
     4.625396968                221      context-switches                                            
     4.725996166                142      context-switches                                            
     4.826597558                162      context-switches                                            
     4.927192372                218      context-switches                                            
     5.027429733              2,370      context-switches                                            
#           time             counts unit events
     5.127618524              3,612      context-switches                                            
     5.227972247              2,674      context-switches                                            
     5.328210107              3,432      context-switches                                            
     5.428610414              1,721      context-switches                                            
     5.529017131              7,658      context-switches                                            
     5.629201563              4,354      context-switches                                            
     5.729505971              4,565      context-switches                                            
     5.830147290              1,898      context-switches                                            
     5.930410647              3,773      context-switches                                            
     6.030564741              8,248      context-switches                                            
     6.130787521              6,388      context-switches                                            
     6.231259974              2,693      context-switches                                            
     6.331615817              1,832      context-switches                                            
     6.431936158              2,686      context-switches                                            
     6.532124538              9,319      context-switches                                            
     6.632243491              5,560      context-switches                                            
     6.732659966              2,604      context-switches                                            
     6.833204428              1,748      context-switches                                            
     6.933429369              1,994      context-switches                                            
     7.033550118              8,022      context-switches                                            
     7.133710271              7,369      context-switches                                            
     7.233979469              6,062      context-switches                                            
     7.334467301              4,196      context-switches                                            
     7.434788410              1,642      context-switches                                            
     7.534976278              9,091      context-switches                                            
#           time             counts unit events
     7.635289463              6,701      context-switches                                            
     7.735594610              5,190      context-switches                                            
     7.836122599              1,846      context-switches                                            
     7.936440230              2,165      context-switches                                            
     8.036598031              9,177      context-switches                                            
     8.136850392              6,062      context-switches                                            
     8.237136959              4,878      context-switches                                            
     8.337575016              1,860      context-switches                                            
     8.437735705              2,693      context-switches                                            
     8.537843752              8,983      context-switches                                            
     8.638052215              5,688      context-switches                                            
     8.738497257              2,612      context-switches                                            
     8.839068835              1,759      context-switches                                            
     8.939497972              2,060      context-switches                                            
     9.039622217              9,413      context-switches                                            
     9.139741522              6,227      context-switches                                            
     9.240131302              3,251      context-switches                                            
     9.340610801              2,882      context-switches                                            
     9.440843470              2,433      context-switches                                            
     9.541046821              8,143      context-switches                                            
     9.641534587              6,449      context-switches                                            
     9.742242743              2,989      context-switches                                            
     9.842869908              1,735      context-switches                                            
     9.943153729              2,491      context-switches                                            
    10.000709580              2,956      context-switches                                            
