# started on Wed Nov  6 02:02:11 2019

#           time             counts unit events
     0.100773741                385      context-switches                                            
     0.201485493                237      context-switches                                            
     0.302144056                244      context-switches                                            
     0.402741903                235      context-switches                                            
     0.503263110                169      context-switches                                            
     0.603870867                247      context-switches                                            
     0.704542861                188      context-switches                                            
     0.805067551                234      context-switches                                            
     0.905594244                323      context-switches                                            
     1.006125043                176      context-switches                                            
     1.106681016                245      context-switches                                            
     1.207262087                191      context-switches                                            
     1.307812553                153      context-switches                                            
     1.408335981                239      context-switches                                            
     1.508780829                237      context-switches                                            
     1.609356235                273      context-switches                                            
     1.709997849                185      context-switches                                            
     1.810645475                402      context-switches                                            
     1.911211453                335      context-switches                                            
     2.011742991                215      context-switches                                            
     2.112373078                246      context-switches                                            
     2.212975336                168      context-switches                                            
     2.313470273                202      context-switches                                            
     2.414161920                245      context-switches                                            
     2.514769153                150      context-switches                                            
#           time             counts unit events
     2.615204058                213      context-switches                                            
     2.715680656                157      context-switches                                            
     2.816222414                227      context-switches                                            
     2.916715780                329      context-switches                                            
     3.017333386                227      context-switches                                            
     3.117897296                364      context-switches                                            
     3.218444643                178      context-switches                                            
     3.319070187                149      context-switches                                            
     3.419733228                218      context-switches                                            
     3.520393190                166      context-switches                                            
     3.620943234                191      context-switches                                            
     3.721451995                182      context-switches                                            
     3.822018094                231      context-switches                                            
     3.922618144                347      context-switches                                            
     4.023304350                210      context-switches                                            
     4.123676592                386      context-switches                                            
     4.224238280                204      context-switches                                            
     4.324838196                180      context-switches                                            
     4.425262507                263      context-switches                                            
     4.525798113                174      context-switches                                            
     4.626338029                184      context-switches                                            
     4.726932575                184      context-switches                                            
     4.827476800                234      context-switches                                            
     4.928085414                320      context-switches                                            
     5.028492273              3,072      context-switches                                            
#           time             counts unit events
     5.128809575              5,621      context-switches                                            
     5.229051139             30,749      context-switches                                            
     5.329187531             38,337      context-switches                                            
     5.429351961             38,136      context-switches                                            
     5.529550096             38,090      context-switches                                            
     5.629725133             37,679      context-switches                                            
     5.729971388             36,707      context-switches                                            
     5.830082317             37,340      context-switches                                            
     5.930311328             38,519      context-switches                                            
     6.030468080             37,732      context-switches                                            
     6.130691957             38,675      context-switches                                            
     6.230909368             36,703      context-switches                                            
     6.331078397             37,162      context-switches                                            
     6.431291748             36,338      context-switches                                            
     6.531476712             38,045      context-switches                                            
     6.631697251             38,544      context-switches                                            
     6.731800569             38,467      context-switches                                            
     6.831993121             36,981      context-switches                                            
     6.932188270             37,939      context-switches                                            
     7.032430883             37,407      context-switches                                            
     7.132543748             37,224      context-switches                                            
     7.232812048             38,897      context-switches                                            
     7.332956629             38,339      context-switches                                            
     7.433118995             37,657      context-switches                                            
     7.533247848             35,736      context-switches                                            
#           time             counts unit events
     7.633495568             37,614      context-switches                                            
     7.733605688             37,661      context-switches                                            
     7.833783658             37,930      context-switches                                            
     7.933977969             36,688      context-switches                                            
     8.034221609             37,776      context-switches                                            
     8.134416703             38,362      context-switches                                            
     8.234704924             37,738      context-switches                                            
     8.334850847             38,434      context-switches                                            
     8.435100242             38,600      context-switches                                            
     8.535257508             37,965      context-switches                                            
     8.635396411             37,386      context-switches                                            
     8.735615608             37,737      context-switches                                            
     8.835872708             37,737      context-switches                                            
     8.936129150             37,532      context-switches                                            
     9.036375464             37,863      context-switches                                            
     9.136609298             36,482      context-switches                                            
     9.236805547             38,140      context-switches                                            
     9.336992052             37,585      context-switches                                            
     9.437249140             38,487      context-switches                                            
     9.537393752             37,738      context-switches                                            
     9.637504721             38,061      context-switches                                            
     9.737720379             38,239      context-switches                                            
     9.837929212             38,396      context-switches                                            
     9.938090688             37,710      context-switches                                            
    10.000659278             23,886      context-switches                                            
