# started on Mon Nov 11 22:42:42 2019

#           time             counts unit events
     0.100152255             38,498      context-switches                                            
     0.200315191             41,381      context-switches                                            
     0.300458647             45,987      context-switches                                            
     0.400591782             45,239      context-switches                                            
     0.500739248             45,728      context-switches                                            
     0.600895334             35,572      context-switches                                            
     0.701049980             42,538      context-switches                                            
     0.801201106             41,936      context-switches                                            
     0.901332122             43,487      context-switches                                            
     1.001463828             44,827      context-switches                                            
     1.101596446             51,392      context-switches                                            
     1.201736543             41,468      context-switches                                            
     1.301865291             40,668      context-switches                                            
     1.401976999             43,478      context-switches                                            
     1.502123937             45,126      context-switches                                            
     1.602290364             44,661      context-switches                                            
     1.702443101             42,890      context-switches                                            
     1.802678177             42,534      context-switches                                            
     1.902828345             44,924      context-switches                                            
     2.003032732             45,575      context-switches                                            
     2.103178450             46,437      context-switches                                            
     2.203305779             43,648      context-switches                                            
     2.303398459             44,889      context-switches                                            
     2.403526459             42,813      context-switches                                            
     2.503654698             43,574      context-switches                                            
#           time             counts unit events
     2.603793497             32,249      context-switches                                            
     2.703944417             45,571      context-switches                                            
     2.804104335             39,636      context-switches                                            
     2.904239215             42,286      context-switches                                            
     3.004386594             43,222      context-switches                                            
     3.104521704             34,526      context-switches                                            
     3.204652765             33,792      context-switches                                            
     3.304744256             45,673      context-switches                                            
     3.404877427             46,328      context-switches                                            
     3.505022648             46,931      context-switches                                            
     3.605184698             47,742      context-switches                                            
     3.705327909             45,183      context-switches                                            
     3.805480580             31,424      context-switches                                            
     3.905629641             42,009      context-switches                                            
     4.005788451             42,047      context-switches                                            
     4.105934053             40,765      context-switches                                            
     4.206066365             46,624      context-switches                                            
     4.306198968             35,162      context-switches                                            
     4.406344460             45,155      context-switches                                            
     4.506470223             44,061      context-switches                                            
     4.606604515             47,308      context-switches                                            
     4.706744768             52,024      context-switches                                            
     4.806879290             48,570      context-switches                                            
     4.907020973             45,135      context-switches                                            
     5.007158825             38,969      context-switches                                            
#           time             counts unit events
     5.107300998             49,310      context-switches                                            
     5.207438803             48,379      context-switches                                            
     5.307568457             46,413      context-switches                                            
     5.407668121             50,453      context-switches                                            
     5.507833675             46,782      context-switches                                            
     5.607971608             41,295      context-switches                                            
     5.708117073             48,029      context-switches                                            
     5.808263576             47,631      context-switches                                            
     5.908407310             43,447      context-switches                                            
     6.008554824             50,515      context-switches                                            
     6.108690689             47,747      context-switches                                            
     6.208819475             47,901      context-switches                                            
     6.308951581             51,003      context-switches                                            
     6.409086226             46,957      context-switches                                            
     6.509218302             45,991      context-switches                                            
     6.609362048             43,434      context-switches                                            
     6.709504143             44,706      context-switches                                            
     6.809651209             40,949      context-switches                                            
     6.909798054             35,870      context-switches                                            
     7.009958849             29,787      context-switches                                            
     7.110101526             33,065      context-switches                                            
     7.210261272             40,510      context-switches                                            
     7.310410849             29,218      context-switches                                            
     7.410554076             34,586      context-switches                                            
     7.510681504             35,495      context-switches                                            
#           time             counts unit events
     7.610852971             49,663      context-switches                                            
     7.711039547             43,324      context-switches                                            
     7.811190854             40,051      context-switches                                            
     7.911351251             41,057      context-switches                                            
     8.011514698             35,328      context-switches                                            
     8.111667276             30,829      context-switches                                            
     8.211816014             31,737      context-switches                                            
     8.311951803             33,962      context-switches                                            
     8.412086062             49,815      context-switches                                            
     8.512239760             38,766      context-switches                                            
     8.612380499             42,432      context-switches                                            
     8.712533168             46,438      context-switches                                            
     8.812676506             46,546      context-switches                                            
     8.912818275             47,541      context-switches                                            
     9.012962284             45,158      context-switches                                            
     9.113107283             38,511      context-switches                                            
     9.213244704             45,576      context-switches                                            
     9.313394424             42,401      context-switches                                            
     9.413544314             44,229      context-switches                                            
     9.513675104             44,892      context-switches                                            
     9.613811885             47,973      context-switches                                            
     9.713988465             47,329      context-switches                                            
     9.814127275             43,648      context-switches                                            
     9.914285895             42,379      context-switches                                            
    10.000664519             35,424      context-switches                                            
