# started on Tue Nov  5 20:46:02 2019

#           time             counts unit events
     0.100712012                403      context-switches                                            
     0.201376875                235      context-switches                                            
     0.301897594                244      context-switches                                            
     0.402398889                340      context-switches                                            
     0.502996115                274      context-switches                                            
     0.603454405                205      context-switches                                            
     0.703972441                245      context-switches                                            
     0.804519783                142      context-switches                                            
     0.905155777                195      context-switches                                            
     1.005718743                319      context-switches                                            
     1.106334273                403      context-switches                                            
     1.206946738                209      context-switches                                            
     1.307441367                377      context-switches                                            
     1.407998990                316      context-switches                                            
     1.508479292                219      context-switches                                            
     1.609002594                147      context-switches                                            
     1.709517124                348      context-switches                                            
     1.810046079                164      context-switches                                            
     1.910642033                209      context-switches                                            
     2.011244364                242      context-switches                                            
     2.111865677                181      context-switches                                            
     2.212453599                213      context-switches                                            
     2.312910908                225      context-switches                                            
     2.413326743                401      context-switches                                            
     2.513936757                219      context-switches                                            
#           time             counts unit events
     2.614535288                224      context-switches                                            
     2.715089221                289      context-switches                                            
     2.815692886                143      context-switches                                            
     2.916319925                164      context-switches                                            
     3.016724704                205      context-switches                                            
     3.117243429                226      context-switches                                            
     3.217893860                198      context-switches                                            
     3.318447583                240      context-switches                                            
     3.419098074                332      context-switches                                            
     3.519617107                178      context-switches                                            
     3.620168312                164      context-switches                                            
     3.720878724                279      context-switches                                            
     3.821425374                131      context-switches                                            
     3.921854504                213      context-switches                                            
     4.022413563                213      context-switches                                            
     4.122986911                198      context-switches                                            
     4.223592091                195      context-switches                                            
     4.324131090                168      context-switches                                            
     4.424739513                306      context-switches                                            
     4.525398144                193      context-switches                                            
     4.626029428                142      context-switches                                            
     4.726570054                272      context-switches                                            
     4.827132521                144      context-switches                                            
     4.927695200                214      context-switches                                            
     5.028053977              5,618      context-switches                                            
#           time             counts unit events
     5.128332300             23,164      context-switches                                            
     5.228502025             36,071      context-switches                                            
     5.328767307             36,841      context-switches                                            
     5.428995057             37,602      context-switches                                            
     5.529271092             38,104      context-switches                                            
     5.629412213             37,329      context-switches                                            
     5.729698499             37,569      context-switches                                            
     5.829852091             36,519      context-switches                                            
     5.930055345             37,858      context-switches                                            
     6.030165079             36,685      context-switches                                            
     6.130482757             38,778      context-switches                                            
     6.230595586             36,357      context-switches                                            
     6.330706794             38,770      context-switches                                            
     6.430817055             36,826      context-switches                                            
     6.531036423             39,067      context-switches                                            
     6.631172179             35,885      context-switches                                            
     6.731386403             39,021      context-switches                                            
     6.831542563             36,467      context-switches                                            
     6.931831800             38,948      context-switches                                            
     7.032082046             36,688      context-switches                                            
     7.132234895             38,370      context-switches                                            
     7.232414016             35,942      context-switches                                            
     7.332548213             38,009      context-switches                                            
     7.432706744             36,407      context-switches                                            
     7.532949080             38,279      context-switches                                            
#           time             counts unit events
     7.633133769             36,627      context-switches                                            
     7.733241711             38,173      context-switches                                            
     7.833461453             36,612      context-switches                                            
     7.933568991             38,252      context-switches                                            
     8.033843956             36,070      context-switches                                            
     8.134058126             38,094      context-switches                                            
     8.234296351             36,247      context-switches                                            
     8.334407529             36,211      context-switches                                            
     8.434604156             37,135      context-switches                                            
     8.534716848             37,824      context-switches                                            
     8.634972082             36,438      context-switches                                            
     8.735164119             36,357      context-switches                                            
     8.835269083             37,130      context-switches                                            
     8.935463145             37,450      context-switches                                            
     9.035737068             37,353      context-switches                                            
     9.135958853             37,874      context-switches                                            
     9.236169986             37,158      context-switches                                            
     9.336367092             37,756      context-switches                                            
     9.436632032             36,721      context-switches                                            
     9.536915585             38,234      context-switches                                            
     9.637191330             36,895      context-switches                                            
     9.737459599             38,133      context-switches                                            
     9.837686203             36,991      context-switches                                            
     9.937995180             37,834      context-switches                                            
    10.000648835             23,739      context-switches                                            
