# started on Tue Nov 12 23:52:38 2019

#           time             counts unit events
     0.100219161                397      context-switches                                            
     0.200413422                950      context-switches                                            
     0.300545674              4,872      context-switches                                            
     0.400696756              6,656      context-switches                                            
     0.500839547              8,939      context-switches                                            
     0.600977339              9,015      context-switches                                            
     0.701117480              7,937      context-switches                                            
     0.801251542              8,138      context-switches                                            
     0.901399093              8,417      context-switches                                            
     1.001534355             15,556      context-switches                                            
     1.101684736             38,816      context-switches                                            
     1.201826677             35,433      context-switches                                            
     1.302000848             36,696      context-switches                                            
     1.402158690             39,238      context-switches                                            
     1.502311891             44,393      context-switches                                            
     1.602476712             41,334      context-switches                                            
     1.702645833             29,239      context-switches                                            
     1.802808545             33,997      context-switches                                            
     1.902955236             37,928      context-switches                                            
     2.003084397             31,101      context-switches                                            
     2.103238288             35,872      context-switches                                            
     2.203400749             39,122      context-switches                                            
     2.303574020             41,114      context-switches                                            
     2.403736432             32,262      context-switches                                            
     2.503892283             30,695      context-switches                                            
#           time             counts unit events
     2.604039054             31,567      context-switches                                            
     2.704185325             38,752      context-switches                                            
     2.804342876             38,279      context-switches                                            
     2.904472996             40,590      context-switches                                            
     3.004604367             31,526      context-switches                                            
     3.104757699             40,125      context-switches                                            
     3.204883930             41,347      context-switches                                            
     3.305027511             40,752      context-switches                                            
     3.405188872             37,770      context-switches                                            
     3.505342093             40,454      context-switches                                            
     3.605502943             38,511      context-switches                                            
     3.705670594             43,786      context-switches                                            
     3.805816435             41,862      context-switches                                            
     3.905968596             42,487      context-switches                                            
     4.006142786             33,035      context-switches                                            
     4.106293867             33,404      context-switches                                            
     4.206446958             41,566      context-switches                                            
     4.306600059             40,584      context-switches                                            
     4.406734490             40,741      context-switches                                            
     4.506882551             41,325      context-switches                                            
     4.607029521             41,760      context-switches                                            
     4.707164212             44,317      context-switches                                            
     4.807294953             40,146      context-switches                                            
     4.907438393             43,280      context-switches                                            
     5.007575394             38,081      context-switches                                            
#           time             counts unit events
     5.107698265             40,125      context-switches                                            
     5.207845665             37,313      context-switches                                            
     5.307986716             42,460      context-switches                                            
     5.408123887             38,927      context-switches                                            
     5.508264998             31,038      context-switches                                            
     5.608400978             32,067      context-switches                                            
     5.708555928             44,216      context-switches                                            
     5.808687599             47,274      context-switches                                            
     5.908857529             43,676      context-switches                                            
     6.009011040             49,019      context-switches                                            
     6.109149060             44,411      context-switches                                            
     6.209284921             36,337      context-switches                                            
     6.309426221             45,341      context-switches                                            
     6.409577482             48,372      context-switches                                            
     6.509726712             44,621      context-switches                                            
     6.609858342             44,422      context-switches                                            
     6.710002643             46,133      context-switches                                            
     6.810129503             40,846      context-switches                                            
     6.910268523             43,680      context-switches                                            
     7.010406504             43,177      context-switches                                            
     7.110556574             39,282      context-switches                                            
     7.210701865             45,269      context-switches                                            
     7.310855765             43,619      context-switches                                            
     7.411001255             41,034      context-switches                                            
     7.511150705             38,358      context-switches                                            
#           time             counts unit events
     7.611300525             41,353      context-switches                                            
     7.711448105             41,722      context-switches                                            
     7.811572655             38,328      context-switches                                            
     7.911711166             38,707      context-switches                                            
     8.011855306             44,930      context-switches                                            
     8.112016206             44,107      context-switches                                            
     8.212166776             37,259      context-switches                                            
     8.312320116             35,817      context-switches                                            
     8.412480536             31,406      context-switches                                            
     8.512636316             29,267      context-switches                                            
     8.612790446             35,830      context-switches                                            
     8.712946645             28,367      context-switches                                            
     8.813094876             33,044      context-switches                                            
     8.913243005             42,767      context-switches                                            
     9.013400875             39,588      context-switches                                            
     9.113539755             39,283      context-switches                                            
     9.213678685             37,728      context-switches                                            
     9.313840135             30,591      context-switches                                            
     9.413992915             31,082      context-switches                                            
     9.514151604             42,950      context-switches                                            
     9.614307854             35,616      context-switches                                            
     9.714449604             27,479      context-switches                                            
     9.814596723             40,814      context-switches                                            
     9.914734384             44,930      context-switches                                            
    10.000682607             38,220      context-switches                                            
