# started on Tue Nov  5 20:47:32 2019

#           time             counts unit events
     0.100792114                330      context-switches                                            
     0.201467513                194      context-switches                                            
     0.301982414                227      context-switches                                            
     0.402491484                245      context-switches                                            
     0.502930814                250      context-switches                                            
     0.603447810                277      context-switches                                            
     0.703734893                349      context-switches                                            
     0.804372681                380      context-switches                                            
     0.904978502                174      context-switches                                            
     1.005541655                197      context-switches                                            
     1.106130661                135      context-switches                                            
     1.206663729                240      context-switches                                            
     1.307142956                200      context-switches                                            
     1.407714078                189      context-switches                                            
     1.508321258                208      context-switches                                            
     1.608802028                212      context-switches                                            
     1.709143435                402      context-switches                                            
     1.809694856                249      context-switches                                            
     1.910216840                182      context-switches                                            
     2.010731996                245      context-switches                                            
     2.111226508                166      context-switches                                            
     2.211727849                200      context-switches                                            
     2.312304403                186      context-switches                                            
     2.412888360                192      context-switches                                            
     2.513485748                214      context-switches                                            
#           time             counts unit events
     2.613968922                200      context-switches                                            
     2.714456974                369      context-switches                                            
     2.814912422                251      context-switches                                            
     2.915412994                159      context-switches                                            
     3.015925287                184      context-switches                                            
     3.116483916                162      context-switches                                            
     3.216989725                280      context-switches                                            
     3.317584753                155      context-switches                                            
     3.418176345                182      context-switches                                            
     3.518778068                214      context-switches                                            
     3.619432237                212      context-switches                                            
     3.719841037                440      context-switches                                            
     3.820337249                219      context-switches                                            
     3.920891215                187      context-switches                                            
     4.021457734                212      context-switches                                            
     4.121997271                149      context-switches                                            
     4.222597166                223      context-switches                                            
     4.323205080                166      context-switches                                            
     4.423778031                212      context-switches                                            
     4.524408425                214      context-switches                                            
     4.624798552                200      context-switches                                            
     4.725087033                405      context-switches                                            
     4.825584221                295      context-switches                                            
     4.926164388                192      context-switches                                            
     5.026314021             10,979      context-switches                                            
#           time             counts unit events
     5.126511265             37,479      context-switches                                            
     5.226617863             37,324      context-switches                                            
     5.326759035             37,106      context-switches                                            
     5.426865845             38,005      context-switches                                            
     5.527031966             37,811      context-switches                                            
     5.627171149             37,759      context-switches                                            
     5.727345302             37,611      context-switches                                            
     5.827514036             36,462      context-switches                                            
     5.927821163             37,352      context-switches                                            
     6.027929779             36,502      context-switches                                            
     6.128093231             36,594      context-switches                                            
     6.228315515             36,118      context-switches                                            
     6.328521312             37,872      context-switches                                            
     6.428824376             36,052      context-switches                                            
     6.529129817             37,688      context-switches                                            
     6.629391702             37,058      context-switches                                            
     6.729622490             37,700      context-switches                                            
     6.829849678             36,602      context-switches                                            
     6.930048143             37,141      context-switches                                            
     7.030320931             35,900      context-switches                                            
     7.130593587             38,840      context-switches                                            
     7.230727718             36,591      context-switches                                            
     7.330965126             37,967      context-switches                                            
     7.431152709             37,029      context-switches                                            
     7.531378686             38,473      context-switches                                            
#           time             counts unit events
     7.631670758             36,368      context-switches                                            
     7.731869219             38,173      context-switches                                            
     7.832106914             33,841      context-switches                                            
     7.932380461             38,526      context-switches                                            
     8.032694417             36,806      context-switches                                            
     8.132985760             39,140      context-switches                                            
     8.233140067             35,898      context-switches                                            
     8.333437514             38,021      context-switches                                            
     8.433632961             36,560      context-switches                                            
     8.533853094             37,671      context-switches                                            
     8.634133034             35,445      context-switches                                            
     8.734329156             38,541      context-switches                                            
     8.834551810             36,182      context-switches                                            
     8.934758965             37,270      context-switches                                            
     9.034991922             35,327      context-switches                                            
     9.135230154             38,611      context-switches                                            
     9.235399314             35,589      context-switches                                            
     9.335646900             37,540      context-switches                                            
     9.435875154             35,293      context-switches                                            
     9.536095237             38,331      context-switches                                            
     9.636338382             35,626      context-switches                                            
     9.736665169             38,388      context-switches                                            
     9.836921951             35,470      context-switches                                            
     9.937081986             37,307      context-switches                                            
    10.000746733             23,408      context-switches                                            
