# started on Tue Nov  5 21:51:29 2019

#           time             counts unit events
     0.100774549                365      context-switches                                            
     0.201449407                233      context-switches                                            
     0.302055457                144      context-switches                                            
     0.402557109                201      context-switches                                            
     0.502937465                162      context-switches                                            
     0.603528122                211      context-switches                                            
     0.704058144                393      context-switches                                            
     0.804490740                168      context-switches                                            
     0.905060782                140      context-switches                                            
     1.005669874                270      context-switches                                            
     1.106163650                174      context-switches                                            
     1.206724484                273      context-switches                                            
     1.307252970                181      context-switches                                            
     1.407804408                216      context-switches                                            
     1.508430577                188      context-switches                                            
     1.608998136                165      context-switches                                            
     1.709339411                391      context-switches                                            
     1.809848021                167      context-switches                                            
     1.910346610                139      context-switches                                            
     2.010875226                269      context-switches                                            
     2.111456577                156      context-switches                                            
     2.211956541                261      context-switches                                            
     2.312579616                167      context-switches                                            
     2.413168851                206      context-switches                                            
     2.513675747                187      context-switches                                            
#           time             counts unit events
     2.614311033                232      context-switches                                            
     2.714842878                471      context-switches                                            
     2.815443773                270      context-switches                                            
     2.915966054                132      context-switches                                            
     3.016569105                296      context-switches                                            
     3.117158960                140      context-switches                                            
     3.217763316                269      context-switches                                            
     3.318361185                214      context-switches                                            
     3.418893861                220      context-switches                                            
     3.519494502                241      context-switches                                            
     3.620148914                350      context-switches                                            
     3.720657793                484      context-switches                                            
     3.821227328                168      context-switches                                            
     3.921809567                122      context-switches                                            
     4.022426780                276      context-switches                                            
     4.122967484                196      context-switches                                            
     4.223563429                264      context-switches                                            
     4.324177610                135      context-switches                                            
     4.424739827                190      context-switches                                            
     4.525310424                177      context-switches                                            
     4.625933078                258      context-switches                                            
     4.726507905                404      context-switches                                            
     4.827124279                240      context-switches                                            
     4.927606925                175      context-switches                                            
     5.027767720              7,276      context-switches                                            
#           time             counts unit events
     5.127904105             36,411      context-switches                                            
     5.228027059             37,143      context-switches                                            
     5.328189526             37,340      context-switches                                            
     5.428302149             37,421      context-switches                                            
     5.528527303             37,624      context-switches                                            
     5.628635359             37,535      context-switches                                            
     5.728872627             36,808      context-switches                                            
     5.828989990             37,104      context-switches                                            
     5.929271023             39,229      context-switches                                            
     6.029420389             36,128      context-switches                                            
     6.129703280             38,466      context-switches                                            
     6.229948894             35,690      context-switches                                            
     6.330084165             37,479      context-switches                                            
     6.430325819             35,970      context-switches                                            
     6.530666352             37,062      context-switches                                            
     6.630906195             36,301      context-switches                                            
     6.731158498             38,779      context-switches                                            
     6.831442300             36,355      context-switches                                            
     6.931696656             38,403      context-switches                                            
     7.031886781             35,129      context-switches                                            
     7.132083472             35,797      context-switches                                            
     7.232349167             36,005      context-switches                                            
     7.332553736             38,714      context-switches                                            
     7.432823247             35,854      context-switches                                            
     7.533075964             38,573      context-switches                                            
#           time             counts unit events
     7.633290545             35,444      context-switches                                            
     7.733566649             38,931      context-switches                                            
     7.833845941             36,334      context-switches                                            
     7.934094131             38,719      context-switches                                            
     8.034324373             35,498      context-switches                                            
     8.134522230             38,984      context-switches                                            
     8.234714538             35,644      context-switches                                            
     8.335014881             37,502      context-switches                                            
     8.435211010             36,509      context-switches                                            
     8.535434858             38,486      context-switches                                            
     8.635652762             35,341      context-switches                                            
     8.735740035             39,228      context-switches                                            
     8.835994271             36,475      context-switches                                            
     8.936200962             37,008      context-switches                                            
     9.036499251             36,362      context-switches                                            
     9.136669451             39,050      context-switches                                            
     9.236890582             36,170      context-switches                                            
     9.337145688             38,516      context-switches                                            
     9.437383773             35,947      context-switches                                            
     9.537674447             38,832      context-switches                                            
     9.637955827             35,591      context-switches                                            
     9.738201153             38,600      context-switches                                            
     9.838427078             36,679      context-switches                                            
     9.938638919             36,948      context-switches                                            
    10.000736043             22,615      context-switches                                            
