# started on Wed Nov  6 01:52:04 2019

#           time             counts unit events
     0.100615604                344      context-switches                                            
     0.201290976                190      context-switches                                            
     0.301864387                179      context-switches                                            
     0.402390748                220      context-switches                                            
     0.503000345                330      context-switches                                            
     0.603669644                260      context-switches                                            
     0.704224774                247      context-switches                                            
     0.804753788                304      context-switches                                            
     0.905385067                146      context-switches                                            
     1.005979306                135      context-switches                                            
     1.106453872                242      context-switches                                            
     1.206941794                220      context-switches                                            
     1.307599403                159      context-switches                                            
     1.408070246                232      context-switches                                            
     1.508773765                358      context-switches                                            
     1.609392038                212      context-switches                                            
     1.710061807                208      context-switches                                            
     1.810563176                244      context-switches                                            
     1.911133928                154      context-switches                                            
     2.011787240                174      context-switches                                            
     2.112431031                244      context-switches                                            
     2.213031589                189      context-switches                                            
     2.313606377                164      context-switches                                            
     2.414181011                232      context-switches                                            
     2.514779419                345      context-switches                                            
#           time             counts unit events
     2.615423637                223      context-switches                                            
     2.716028366                165      context-switches                                            
     2.816500244                230      context-switches                                            
     2.917000781                115      context-switches                                            
     3.017614069                194      context-switches                                            
     3.118221060                222      context-switches                                            
     3.218825295                215      context-switches                                            
     3.319397353                171      context-switches                                            
     3.419947511                216      context-switches                                            
     3.520575695                356      context-switches                                            
     3.621192389                229      context-switches                                            
     3.721816075                155      context-switches                                            
     3.822247357                227      context-switches                                            
     3.922811940                243      context-switches                                            
     4.023421834                234      context-switches                                            
     4.124015027                246      context-switches                                            
     4.224622636                231      context-switches                                            
     4.325203946                198      context-switches                                            
     4.425814190                355      context-switches                                            
     4.526328912                377      context-switches                                            
     4.626934137                229      context-switches                                            
     4.727565724                182      context-switches                                            
     4.827959265              6,466      context-switches                                            
     4.928371121                208      context-switches                                            
     5.028517927              2,817      context-switches                                            
#           time             counts unit events
     5.128790994             37,571      context-switches                                            
     5.228982267             35,925      context-switches                                            
     5.329272927             37,506      context-switches                                            
     5.429469536             37,438      context-switches                                            
     5.529715898             37,877      context-switches                                            
     5.629981843             37,386      context-switches                                            
     5.730269806             38,575      context-switches                                            
     5.830435956             37,075      context-switches                                            
     5.930718533             38,060      context-switches                                            
     6.030941812             36,418      context-switches                                            
     6.131193689             37,763      context-switches                                            
     6.231419095             36,999      context-switches                                            
     6.331546343             36,378      context-switches                                            
     6.431791001             35,534      context-switches                                            
     6.531980016             37,749      context-switches                                            
     6.632134826             36,900      context-switches                                            
     6.732415870             37,894      context-switches                                            
     6.832677977             37,424      context-switches                                            
     6.932966832             37,209      context-switches                                            
     7.033193377             36,405      context-switches                                            
     7.133485363             37,833      context-switches                                            
     7.233681642             37,203      context-switches                                            
     7.333924798             36,912      context-switches                                            
     7.434094025             36,444      context-switches                                            
     7.534211003             38,525      context-switches                                            
#           time             counts unit events
     7.634482668             37,757      context-switches                                            
     7.734665072             37,925      context-switches                                            
     7.834853186             36,496      context-switches                                            
     7.934961455             38,623      context-switches                                            
     8.035128636             36,650      context-switches                                            
     8.135280233             38,694      context-switches                                            
     8.235551429             37,005      context-switches                                            
     8.335656505             37,378      context-switches                                            
     8.435855846             36,615      context-switches                                            
     8.535966640             38,333      context-switches                                            
     8.636184941             36,492      context-switches                                            
     8.736355401             37,672      context-switches                                            
     8.836657321             36,209      context-switches                                            
     8.936770139             37,240      context-switches                                            
     9.036986900             37,596      context-switches                                            
     9.137183301             37,989      context-switches                                            
     9.237419955             37,447      context-switches                                            
     9.337638969             36,869      context-switches                                            
     9.437928181             36,302      context-switches                                            
     9.538033655             38,295      context-switches                                            
     9.638305458             37,047      context-switches                                            
     9.738422465             37,543      context-switches                                            
     9.838662936             36,970      context-switches                                            
     9.938776011             37,158      context-switches                                            
    10.000753696             22,537      context-switches                                            
