# started on Tue Nov 12 12:08:49 2019

#           time             counts unit events
     0.100140013             42,759      context-switches                                            
     0.200265232             43,929      context-switches                                            
     0.300371718             42,100      context-switches                                            
     0.400632696             44,634      context-switches                                            
     0.500837518             40,493      context-switches                                            
     0.600956355             43,798      context-switches                                            
     0.701073143             40,123      context-switches                                            
     0.801222805             38,636      context-switches                                            
     0.901447635             41,497      context-switches                                            
     1.001611277             37,699      context-switches                                            
     1.101739088             41,227      context-switches                                            
     1.201850820             41,656      context-switches                                            
     1.301963588             39,886      context-switches                                            
     1.402638101             41,787      context-switches                                            
     1.502773797             38,096      context-switches                                            
     1.602888165             41,342      context-switches                                            
     1.703002306             43,330      context-switches                                            
     1.803114539             42,632      context-switches                                            
     1.903319782             39,356      context-switches                                            
     2.003438673             40,441      context-switches                                            
     2.103712804             37,328      context-switches                                            
     2.203815455             42,164      context-switches                                            
     2.303923782             40,852      context-switches                                            
     2.404031289             41,633      context-switches                                            
     2.504144243             37,545      context-switches                                            
#           time             counts unit events
     2.604259329             41,119      context-switches                                            
     2.704371488             40,539      context-switches                                            
     2.804482344             44,344      context-switches                                            
     2.904624848             39,229      context-switches                                            
     3.004739222             40,905      context-switches                                            
     3.104884532             39,979      context-switches                                            
     3.205041687             38,553      context-switches                                            
     3.305154411             42,632      context-switches                                            
     3.405288789             42,160      context-switches                                            
     3.505433867             42,656      context-switches                                            
     3.605619800             43,485      context-switches                                            
     3.705873803             41,520      context-switches                                            
     3.806152739             40,275      context-switches                                            
     3.906287217             40,921      context-switches                                            
     4.006564050             44,728      context-switches                                            
     4.106767752             44,311      context-switches                                            
     4.207064958             41,177      context-switches                                            
     4.307256018             37,035      context-switches                                            
     4.407449398             41,377      context-switches                                            
     4.507565136             38,888      context-switches                                            
     4.607674733             41,664      context-switches                                            
     4.707789137             41,720      context-switches                                            
     4.807911075             40,163      context-switches                                            
     4.908129702             42,146      context-switches                                            
     5.008293859             42,126      context-switches                                            
#           time             counts unit events
     5.108428602             42,239      context-switches                                            
     5.208540479             43,050      context-switches                                            
     5.308787432             42,006      context-switches                                            
     5.408943223             42,365      context-switches                                            
     5.509052806             43,812      context-switches                                            
     5.609159133             40,446      context-switches                                            
     5.709363262             41,157      context-switches                                            
     5.809472127             43,219      context-switches                                            
     5.909641820             42,825      context-switches                                            
     6.009865095             41,002      context-switches                                            
     6.110023378             40,027      context-switches                                            
     6.210185116             41,151      context-switches                                            
     6.310343729             44,394      context-switches                                            
     6.410450860             39,972      context-switches                                            
     6.510524298             37,706      context-switches                                            
     6.610750856             38,967      context-switches                                            
     6.710859051             37,191      context-switches                                            
     6.811027735             41,339      context-switches                                            
     6.911134501             42,750      context-switches                                            
     7.011251514             44,523      context-switches                                            
     7.111359365             41,787      context-switches                                            
     7.211531718             40,493      context-switches                                            
     7.311650455             41,726      context-switches                                            
     7.411888930             41,687      context-switches                                            
     7.511993828             43,413      context-switches                                            
#           time             counts unit events
     7.612163726             39,286      context-switches                                            
     7.712283674             38,445      context-switches                                            
     7.812445918             35,666      context-switches                                            
     7.912555037             38,133      context-switches                                            
     8.012680467             37,754      context-switches                                            
     8.112796091             40,711      context-switches                                            
     8.212954181             41,780      context-switches                                            
     8.313088063             44,207      context-switches                                            
     8.413249136             40,512      context-switches                                            
     8.513387184             36,781      context-switches                                            
     8.613521863             38,868      context-switches                                            
     8.713628210             41,451      context-switches                                            
     8.813767412             40,611      context-switches                                            
     8.913952300             41,221      context-switches                                            
     9.014063152             41,050      context-switches                                            
     9.114171643             40,990      context-switches                                            
     9.214288669             32,389      context-switches                                            
     9.314409098             44,646      context-switches                                            
     9.414523467             43,146      context-switches                                            
     9.514642054             42,121      context-switches                                            
     9.614851520             38,899      context-switches                                            
     9.714966398             40,362      context-switches                                            
     9.815080761             40,755      context-switches                                            
     9.915208910             39,640      context-switches                                            
    10.000650363             33,336      context-switches                                            
