# started on Thu Nov  7 01:29:21 2019

#           time             counts unit events
     0.100612823                522      context-switches                                            
     0.200836681              3,633      context-switches                                            
     0.300980084              2,595      context-switches                                            
     0.401267942              1,799      context-switches                                            
     0.501597024              3,993      context-switches                                            
     0.601983792              3,582      context-switches                                            
     0.702400197              3,347      context-switches                                            
     0.802723711              3,610      context-switches                                            
     0.903141968              3,021      context-switches                                            
     1.003436596              4,302      context-switches                                            
     1.103740397              5,732      context-switches                                            
     1.204064818              2,967      context-switches                                            
     1.304259039              4,095      context-switches                                            
     1.404532239                808      context-switches                                            
     1.504867656              5,940      context-switches                                            
     1.604975013              7,267      context-switches                                            
     1.705092379              5,688      context-switches                                            
     1.805477817              1,044      context-switches                                            
     1.905962110              1,637      context-switches                                            
     2.006217292              5,146      context-switches                                            
     2.106582683              8,521      context-switches                                            
     2.206748968              5,605      context-switches                                            
     2.307260570              4,038      context-switches                                            
     2.407663581              1,144      context-switches                                            
     2.507960484              5,031      context-switches                                            
#           time             counts unit events
     2.608235537              8,228      context-switches                                            
     2.708375796              5,572      context-switches                                            
     2.808703247              1,809      context-switches                                            
     2.909095451              1,215      context-switches                                            
     3.009265237              4,735      context-switches                                            
     3.109553717              8,848      context-switches                                            
     3.209762182              5,546      context-switches                                            
     3.310079112              5,046      context-switches                                            
     3.410426630              1,290      context-switches                                            
     3.510641678              5,205      context-switches                                            
     3.610854853              8,377      context-switches                                            
     3.711158001              3,949      context-switches                                            
     3.811534998              3,469      context-switches                                            
     3.912072513              1,081      context-switches                                            
     4.012396277              3,999      context-switches                                            
     4.112620687              6,011      context-switches                                            
     4.212776204              6,230      context-switches                                            
     4.313063529              1,451      context-switches                                            
     4.413422797              1,050      context-switches                                            
     4.513598694              4,209      context-switches                                            
     4.613838028              9,344      context-switches                                            
     4.714260534              3,825      context-switches                                            
     4.814542051              9,850      context-switches                                            
     4.914903391              1,162      context-switches                                            
     5.015149594              4,226      context-switches                                            
#           time             counts unit events
     5.115425786              5,674      context-switches                                            
     5.215662426              5,951      context-switches                                            
     5.316145932              1,300      context-switches                                            
     5.416401524              1,723      context-switches                                            
     5.516637139              6,366      context-switches                                            
     5.616798762              6,014      context-switches                                            
     5.717363148              2,690      context-switches                                            
     5.817927987              1,161      context-switches                                            
     5.918312153              1,914      context-switches                                            
     6.018662602              6,036      context-switches                                            
     6.118770291              7,666      context-switches                                            
     6.219130615              5,001      context-switches                                            
     6.319676576              1,750      context-switches                                            
     6.419831678              3,306      context-switches                                            
     6.520005581              8,364      context-switches                                            
     6.620233608              6,466      context-switches                                            
     6.720502478              5,251      context-switches                                            
     6.821145996              1,397      context-switches                                            
     6.921589617              2,003      context-switches                                            
     7.021840693              5,612      context-switches                                            
     7.122062060              7,575      context-switches                                            
     7.222258715              4,879      context-switches                                            
     7.322900329              4,525      context-switches                                            
     7.423330935              1,233      context-switches                                            
     7.523611983              4,351      context-switches                                            
#           time             counts unit events
     7.623835008              9,229      context-switches                                            
     7.724168471              5,689      context-switches                                            
     7.824423517              9,221      context-switches                                            
     7.924807615              1,612      context-switches                                            
     8.025045031              5,217      context-switches                                            
     8.125158827              8,093      context-switches                                            
     8.225414865              5,745      context-switches                                            
     8.325805287              2,215      context-switches                                            
     8.426273081              1,347      context-switches                                            
     8.526690313              2,332      context-switches                                            
     8.626880199              6,694      context-switches                                            
     8.727049104              7,065      context-switches                                            
     8.827501544              4,109      context-switches                                            
     8.927947909              1,660      context-switches                                            
     9.028180811              3,586      context-switches                                            
     9.128288121              6,386      context-switches                                            
     9.228416946             11,848      context-switches                                            
     9.328850037              1,186      context-switches                                            
     9.429222475                972      context-switches                                            
     9.529647745              1,887      context-switches                                            
     9.629772970              7,997      context-switches                                            
     9.729919121              5,919      context-switches                                            
     9.830396298              3,487      context-switches                                            
     9.930705552              1,932      context-switches                                            
    10.000742677              2,793      context-switches                                            
