# started on Tue Nov 12 12:21:07 2019

#           time             counts unit events
     0.100142670             34,893      context-switches                                            
     0.200804172             33,402      context-switches                                            
     0.300920578             28,221      context-switches                                            
     0.401088272             32,105      context-switches                                            
     0.501247982             31,869      context-switches                                            
     0.601379737             32,444      context-switches                                            
     0.701588797             36,819      context-switches                                            
     0.801704770             39,582      context-switches                                            
     0.901841065             34,104      context-switches                                            
     1.002024210             33,198      context-switches                                            
     1.102871437             33,755      context-switches                                            
     1.203012668             35,257      context-switches                                            
     1.303135544             25,483      context-switches                                            
     1.403305130             37,994      context-switches                                            
     1.503444237             39,399      context-switches                                            
     1.603576110             35,463      context-switches                                            
     1.703688206             41,462      context-switches                                            
     1.803903652             37,673      context-switches                                            
     1.904022637             37,967      context-switches                                            
     2.004212871             38,949      context-switches                                            
     2.104327434             39,558      context-switches                                            
     2.204448452             39,141      context-switches                                            
     2.304589565             38,973      context-switches                                            
     2.404824088             36,693      context-switches                                            
     2.504948705             37,303      context-switches                                            
#           time             counts unit events
     2.605166000             36,975      context-switches                                            
     2.705339617             38,139      context-switches                                            
     2.805496528             43,003      context-switches                                            
     2.905695996             42,639      context-switches                                            
     3.005975264             39,153      context-switches                                            
     3.106091031             38,968      context-switches                                            
     3.206205009             39,280      context-switches                                            
     3.306370003             36,994      context-switches                                            
     3.406511095             38,157      context-switches                                            
     3.506645361             36,114      context-switches                                            
     3.606805481             31,973      context-switches                                            
     3.706937393             34,308      context-switches                                            
     3.807120848             33,220      context-switches                                            
     3.907287562             38,955      context-switches                                            
     4.007426253             32,664      context-switches                                            
     4.107592589             36,195      context-switches                                            
     4.207711007             38,227      context-switches                                            
     4.307891548             32,896      context-switches                                            
     4.408006377             36,244      context-switches                                            
     4.508119062             37,907      context-switches                                            
     4.608233691             30,264      context-switches                                            
     4.708350619             33,917      context-switches                                            
     4.808493531             31,864      context-switches                                            
     4.908730848             35,119      context-switches                                            
     5.008841865             34,018      context-switches                                            
#           time             counts unit events
     5.108958874             37,009      context-switches                                            
     5.209183028             37,289      context-switches                                            
     5.309304366             36,601      context-switches                                            
     5.409415896             33,042      context-switches                                            
     5.509554035             33,412      context-switches                                            
     5.609717917             34,154      context-switches                                            
     5.709835112             35,573      context-switches                                            
     5.810038072             35,432      context-switches                                            
     5.910153900             35,908      context-switches                                            
     6.010319142             36,012      context-switches                                            
     6.110441393             33,976      context-switches                                            
     6.210578949             35,441      context-switches                                            
     6.310699675             37,854      context-switches                                            
     6.410874130             36,427      context-switches                                            
     6.510987136             38,261      context-switches                                            
     6.611234386             37,287      context-switches                                            
     6.711404464             38,369      context-switches                                            
     6.811582997             37,801      context-switches                                            
     6.911695864             37,614      context-switches                                            
     7.011839472             37,136      context-switches                                            
     7.111970068             32,147      context-switches                                            
     7.212116610             35,222      context-switches                                            
     7.312290871             37,131      context-switches                                            
     7.412409759             39,468      context-switches                                            
     7.512638621             36,984      context-switches                                            
#           time             counts unit events
     7.612750006             37,727      context-switches                                            
     7.712942008             39,153      context-switches                                            
     7.813059657             38,604      context-switches                                            
     7.913174484             36,203      context-switches                                            
     8.013287613             36,369      context-switches                                            
     8.113555761             40,845      context-switches                                            
     8.213727711             43,694      context-switches                                            
     8.313852418             39,314      context-switches                                            
     8.413969657             40,382      context-switches                                            
     8.514219519             41,106      context-switches                                            
     8.614327052             37,126      context-switches                                            
     8.714435643             38,513      context-switches                                            
     8.814648802             40,674      context-switches                                            
     8.914758784             44,627      context-switches                                            
     9.014908809             42,824      context-switches                                            
     9.115099740             37,100      context-switches                                            
     9.215208072             35,267      context-switches                                            
     9.315344619             39,254      context-switches                                            
     9.415491690             34,867      context-switches                                            
     9.515604180             37,583      context-switches                                            
     9.615724214             34,510      context-switches                                            
     9.715854128             33,714      context-switches                                            
     9.816041437             20,486      context-switches                                            
     9.916162954             28,422      context-switches                                            
    10.000781745             12,259      context-switches                                            
