# started on Mon Nov 11 22:53:27 2019

#           time             counts unit events
     0.100156124             51,589      context-switches                                            
     0.200325247             42,651      context-switches                                            
     0.300460242             44,442      context-switches                                            
     0.400604445             50,716      context-switches                                            
     0.500699670             52,168      context-switches                                            
     0.600853814             41,810      context-switches                                            
     0.700993599             47,382      context-switches                                            
     0.801123023             46,029      context-switches                                            
     0.901256067             40,074      context-switches                                            
     1.001380693             49,123      context-switches                                            
     1.101506787             48,350      context-switches                                            
     1.201629262             50,541      context-switches                                            
     1.301757926             48,573      context-switches                                            
     1.401886541             48,877      context-switches                                            
     1.501990125             45,337      context-switches                                            
     1.602120900             39,586      context-switches                                            
     1.702253295             48,093      context-switches                                            
     1.802396130             46,589      context-switches                                            
     1.902539745             39,521      context-switches                                            
     2.002695460             40,662      context-switches                                            
     2.102840545             44,017      context-switches                                            
     2.202988150             43,248      context-switches                                            
     2.303134755             44,504      context-switches                                            
     2.403277160             48,609      context-switches                                            
     2.503408465             45,491      context-switches                                            
#           time             counts unit events
     2.603557220             45,057      context-switches                                            
     2.703693196             50,154      context-switches                                            
     2.804561444             41,175      context-switches                                            
     2.904699829             46,462      context-switches                                            
     3.004842184             45,798      context-switches                                            
     3.104988730             43,193      context-switches                                            
     3.205137155             44,997      context-switches                                            
     3.305325480             44,369      context-switches                                            
     3.405470585             47,872      context-switches                                            
     3.505605581             45,301      context-switches                                            
     3.605734857             46,546      context-switches                                            
     3.705866613             47,127      context-switches                                            
     3.806000798             48,355      context-switches                                            
     3.906134694             44,419      context-switches                                            
     4.006282560             46,475      context-switches                                            
     4.106431146             41,157      context-switches                                            
     4.206581202             40,626      context-switches                                            
     4.306724808             41,010      context-switches                                            
     4.406860144             47,494      context-switches                                            
     4.507003029             42,656      context-switches                                            
     4.607136896             42,283      context-switches                                            
     4.707270382             44,005      context-switches                                            
     4.807425708             44,914      context-switches                                            
     4.907570694             45,590      context-switches                                            
     5.007732551             41,167      context-switches                                            
#           time             counts unit events
     5.107900026             49,925      context-switches                                            
     5.208060152             47,670      context-switches                                            
     5.308198079             44,645      context-switches                                            
     5.408338295             45,676      context-switches                                            
     5.508490531             45,236      context-switches                                            
     5.608636478             44,497      context-switches                                            
     5.708770035             46,142      context-switches                                            
     5.808913772             45,058      context-switches                                            
     5.909054719             49,868      context-switches                                            
     6.009191445             49,550      context-switches                                            
     6.109332972             43,307      context-switches                                            
     6.209467619             41,979      context-switches                                            
     6.309609985             46,612      context-switches                                            
     6.409753842             49,268      context-switches                                            
     6.509892999             43,977      context-switches                                            
     6.610030016             46,233      context-switches                                            
     6.710170193             48,643      context-switches                                            
     6.810304380             43,804      context-switches                                            
     6.910429527             48,891      context-switches                                            
     7.010553685             52,966      context-switches                                            
     7.110686792             46,312      context-switches                                            
     7.210821859             51,602      context-switches                                            
     7.310954326             47,336      context-switches                                            
     7.411083553             50,476      context-switches                                            
     7.511219221             47,921      context-switches                                            
#           time             counts unit events
     7.611353889             48,921      context-switches                                            
     7.711487446             46,636      context-switches                                            
     7.811609604             50,885      context-switches                                            
     7.911737632             40,353      context-switches                                            
     8.011874349             45,039      context-switches                                            
     8.112004777             48,483      context-switches                                            
     8.212137905             42,224      context-switches                                            
     8.312274983             36,435      context-switches                                            
     8.412410490             49,235      context-switches                                            
     8.512547978             46,436      context-switches                                            
     8.612689326             47,258      context-switches                                            
     8.712830134             47,716      context-switches                                            
     8.812971402             44,115      context-switches                                            
     8.913104120             44,948      context-switches                                            
     9.013238459             45,730      context-switches                                            
     9.113369787             48,409      context-switches                                            
     9.213519035             43,435      context-switches                                            
     9.313675393             46,133      context-switches                                            
     9.413822780             33,123      context-switches                                            
     9.513997958             31,199      context-switches                                            
     9.614140527             37,822      context-switches                                            
     9.714283906             36,502      context-switches                                            
     9.814422914             47,422      context-switches                                            
     9.914562113             43,861      context-switches                                            
    10.000820576             35,562      context-switches                                            
