# started on Tue Nov  5 22:21:55 2019

#           time             counts unit events
     0.100816019                304      context-switches                                            
     0.201473265                180      context-switches                                            
     0.302052918                204      context-switches                                            
     0.402609810                228      context-switches                                            
     0.503175806                168      context-switches                                            
     0.603675961                227      context-switches                                            
     0.704210130                193      context-switches                                            
     0.804691085                285      context-switches                                            
     0.905313437                229      context-switches                                            
     1.005919411                515      context-switches                                            
     1.106554406                218      context-switches                                            
     1.207129839                150      context-switches                                            
     1.307660203                159      context-switches                                            
     1.408230258                192      context-switches                                            
     1.508827867                188      context-switches                                            
     1.609474729                261      context-switches                                            
     1.709957081                230      context-switches                                            
     1.810429195                184      context-switches                                            
     1.911049178                228      context-switches                                            
     2.011365730                773      context-switches                                            
     2.111787849              1,042      context-switches                                            
     2.212270797                281      context-switches                                            
     2.312875464                192      context-switches                                            
     2.413463330                230      context-switches                                            
     2.513847669                223      context-switches                                            
#           time             counts unit events
     2.614392581                239      context-switches                                            
     2.714976844                272      context-switches                                            
     2.815575602                254      context-switches                                            
     2.916178893                345      context-switches                                            
     3.016412564              6,825      context-switches                                            
     3.116959141                270      context-switches                                            
     3.217565672                159      context-switches                                            
     3.317979006                165      context-switches                                            
     3.418487992                212      context-switches                                            
     3.519051868                147      context-switches                                            
     3.619649173                264      context-switches                                            
     3.720265830                267      context-switches                                            
     3.820753610                183      context-switches                                            
     3.921353300                175      context-switches                                            
     4.022058263                476      context-switches                                            
     4.122566650                277      context-switches                                            
     4.223125452                217      context-switches                                            
     4.323691260                202      context-switches                                            
     4.424253740                223      context-switches                                            
     4.524943609                181      context-switches                                            
     4.625487418                219      context-switches                                            
     4.725985925                275      context-switches                                            
     4.826521449                266      context-switches                                            
     4.927012354                184      context-switches                                            
     5.027156543              4,452      context-switches                                            
#           time             counts unit events
     5.127294501              5,485      context-switches                                            
     5.227518073             37,280      context-switches                                            
     5.327626994             38,102      context-switches                                            
     5.427797563             38,185      context-switches                                            
     5.528013817             37,907      context-switches                                            
     5.628301556             37,193      context-switches                                            
     5.728428307             38,504      context-switches                                            
     5.828730010             36,333      context-switches                                            
     5.928848670             38,661      context-switches                                            
     6.029110101             36,508      context-switches                                            
     6.129287471             37,207      context-switches                                            
     6.229450923             36,799      context-switches                                            
     6.329651052             37,633      context-switches                                            
     6.429959522             35,736      context-switches                                            
     6.530153983             36,939      context-switches                                            
     6.630415668             37,502      context-switches                                            
     6.730646468             37,946      context-switches                                            
     6.830958666             36,581      context-switches                                            
     6.931259593             36,355      context-switches                                            
     7.031419515             37,511      context-switches                                            
     7.131625759             38,229      context-switches                                            
     7.231857830             36,245      context-switches                                            
     7.332093111             38,602      context-switches                                            
     7.432292775             36,587      context-switches                                            
     7.532429788             38,629      context-switches                                            
#           time             counts unit events
     7.632707919             36,463      context-switches                                            
     7.732964548             38,314      context-switches                                            
     7.833274398             36,930      context-switches                                            
     7.933529850             38,574      context-switches                                            
     8.033740629             36,649      context-switches                                            
     8.133961267             38,061      context-switches                                            
     8.234154676             36,751      context-switches                                            
     8.334423380             38,169      context-switches                                            
     8.434647876             37,180      context-switches                                            
     8.534809411             38,000      context-switches                                            
     8.635084438             36,838      context-switches                                            
     8.735251588             37,844      context-switches                                            
     8.835459795             37,292      context-switches                                            
     8.935573848             36,974      context-switches                                            
     9.035646613             37,380      context-switches                                            
     9.135782500             36,970      context-switches                                            
     9.235944916             37,504      context-switches                                            
     9.336076767             36,199      context-switches                                            
     9.436280782             37,405      context-switches                                            
     9.536382883             37,100      context-switches                                            
     9.636618086             37,414      context-switches                                            
     9.736727676             36,295      context-switches                                            
     9.837025675             36,954      context-switches                                            
     9.937140008             35,085      context-switches                                            
    10.000710346             24,791      context-switches                                            
