# started on Tue Nov  5 21:03:09 2019

#           time             counts unit events
     0.100764598                377      context-switches                                            
     0.201207926                210      context-switches                                            
     0.301751367                320      context-switches                                            
     0.402315710                173      context-switches                                            
     0.502762483                283      context-switches                                            
     0.603115993                395      context-switches                                            
     0.703672048                168      context-switches                                            
     0.804195860                188      context-switches                                            
     0.904792835                203      context-switches                                            
     1.005338839                251      context-switches                                            
     1.105925235                226      context-switches                                            
     1.206520780                184      context-switches                                            
     1.307037341                278      context-switches                                            
     1.407536711                177      context-switches                                            
     1.507999810                214      context-switches                                            
     1.608455336                378      context-switches                                            
     1.708946778                191      context-switches                                            
     1.809458369                184      context-switches                                            
     1.910046328                179      context-switches                                            
     2.010528746                226      context-switches                                            
     2.111094589                244      context-switches                                            
     2.211519696                167      context-switches                                            
     2.312089959                276      context-switches                                            
     2.412671391                168      context-switches                                            
     2.513290541                221      context-switches                                            
#           time             counts unit events
     2.613762147                401      context-switches                                            
     2.714388480                202      context-switches                                            
     2.814980454                176      context-switches                                            
     2.915600451                173      context-switches                                            
     3.016037184                213      context-switches                                            
     3.116567015                327      context-switches                                            
     3.217099889                165      context-switches                                            
     3.317674273                272      context-switches                                            
     3.418218694                223      context-switches                                            
     3.518835261                362      context-switches                                            
     3.619234185                669      context-switches                                            
     3.719784492                135      context-switches                                            
     3.820215709                145      context-switches                                            
     3.920779937                166      context-switches                                            
     4.021364941                162      context-switches                                            
     4.121967111                300      context-switches                                            
     4.222524174                167      context-switches                                            
     4.323110493                252      context-switches                                            
     4.423723963                173      context-switches                                            
     4.524286311                212      context-switches                                            
     4.624728369                461      context-switches                                            
     4.725156345                188      context-switches                                            
     4.825747436                235      context-switches                                            
     4.926342591                180      context-switches                                            
     5.026491226             19,120      context-switches                                            
#           time             counts unit events
     5.126628221             36,750      context-switches                                            
     5.226740914             36,149      context-switches                                            
     5.326908355             37,778      context-switches                                            
     5.427016988             34,792      context-switches                                            
     5.527226821             38,289      context-switches                                            
     5.627403213             36,611      context-switches                                            
     5.727626170             36,806      context-switches                                            
     5.827846718             35,782      context-switches                                            
     5.928097308             38,313      context-switches                                            
     6.028466044             34,517      context-switches                                            
     6.128634443             38,346      context-switches                                            
     6.228930791             35,589      context-switches                                            
     6.329180668             38,101      context-switches                                            
     6.429437128             36,112      context-switches                                            
     6.529546653             37,004      context-switches                                            
     6.629709689             34,921      context-switches                                            
     6.729932189             37,887      context-switches                                            
     6.830142118             35,491      context-switches                                            
     6.930361130             38,081      context-switches                                            
     7.030521040             35,907      context-switches                                            
     7.130692313             38,332      context-switches                                            
     7.230926436             35,782      context-switches                                            
     7.331085646             37,035      context-switches                                            
     7.431192436             36,307      context-switches                                            
     7.531401348             37,981      context-switches                                            
#           time             counts unit events
     7.631670155             35,302      context-switches                                            
     7.731868332             38,361      context-switches                                            
     7.831986232             35,067      context-switches                                            
     7.932250101             37,391      context-switches                                            
     8.032445590             36,098      context-switches                                            
     8.132630020             38,182      context-switches                                            
     8.232899426             36,201      context-switches                                            
     8.333115168             37,669      context-switches                                            
     8.433342989             36,045      context-switches                                            
     8.533615471             36,978      context-switches                                            
     8.633866047             37,974      context-switches                                            
     8.734197128             37,639      context-switches                                            
     8.834334507             35,102      context-switches                                            
     8.934547495             37,286      context-switches                                            
     9.034656941             36,548      context-switches                                            
     9.134907106             37,638      context-switches                                            
     9.235161253             34,611      context-switches                                            
     9.335392768             37,875      context-switches                                            
     9.435546398             37,301      context-switches                                            
     9.535681791             36,408      context-switches                                            
     9.635930180             36,889      context-switches                                            
     9.736177897             38,004      context-switches                                            
     9.836435884             37,139      context-switches                                            
     9.936676746             37,100      context-switches                                            
    10.000738546             23,207      context-switches                                            
