# started on Thu Nov  7 02:06:14 2019

#           time             counts unit events
     0.100220467             36,359      context-switches                                            
     0.200519182             37,312      context-switches                                            
     0.300701255             38,287      context-switches                                            
     0.400864820             36,033      context-switches                                            
     0.501061331             38,808      context-switches                                            
     0.601295759             36,191      context-switches                                            
     0.701524763             37,955      context-switches                                            
     0.801642535             35,909      context-switches                                            
     0.901859744             38,356      context-switches                                            
     1.002092166             36,324      context-switches                                            
     1.102234093             39,322      context-switches                                            
     1.202446939             37,307      context-switches                                            
     1.302680428             37,387      context-switches                                            
     1.402879607             36,262      context-switches                                            
     1.502987143             38,252      context-switches                                            
     1.603203039             36,284      context-switches                                            
     1.703422802             38,296      context-switches                                            
     1.803717282             37,191      context-switches                                            
     1.903888042             38,199      context-switches                                            
     2.004111966             36,557      context-switches                                            
     2.104220427             38,315      context-switches                                            
     2.204412416             36,037      context-switches                                            
     2.304543194             37,719      context-switches                                            
     2.404777807             35,849      context-switches                                            
     2.504942516             38,159      context-switches                                            
#           time             counts unit events
     2.605111844             36,300      context-switches                                            
     2.705393581             37,899      context-switches                                            
     2.805535613             37,033      context-switches                                            
     2.905730938             37,608      context-switches                                            
     3.005901246             37,506      context-switches                                            
     3.106112595             37,242      context-switches                                            
     3.206220759             35,203      context-switches                                            
     3.306386307             37,404      context-switches                                            
     3.406637162             36,751      context-switches                                            
     3.506857034             38,209      context-switches                                            
     3.607023856             37,003      context-switches                                            
     3.707178455             38,220      context-switches                                            
     3.807345722             36,656      context-switches                                            
     3.907537022             37,352      context-switches                                            
     4.007682287             35,950      context-switches                                            
     4.107889468             37,706      context-switches                                            
     4.208076122             37,048      context-switches                                            
     4.308376162             37,477      context-switches                                            
     4.408546145             36,926      context-switches                                            
     4.508721494             38,217      context-switches                                            
     4.608882862             36,177      context-switches                                            
     4.709077077             37,915      context-switches                                            
     4.809190015             36,353      context-switches                                            
     4.909393556             37,495      context-switches                                            
     5.009636693             35,759      context-switches                                            
#           time             counts unit events
     5.109801688             38,011      context-switches                                            
     5.210005344             37,470      context-switches                                            
     5.310202010             38,017      context-switches                                            
     5.410454814             36,143      context-switches                                            
     5.510565087             37,796      context-switches                                            
     5.610805381             37,640      context-switches                                            
     5.710969035             38,061      context-switches                                            
     5.811159861             35,784      context-switches                                            
     5.911346819             37,957      context-switches                                            
     6.011541565             37,365      context-switches                                            
     6.111675368             37,619      context-switches                                            
     6.211896592             37,013      context-switches                                            
     6.312000620             37,858      context-switches                                            
     6.412242457             36,667      context-switches                                            
     6.512351443             37,840      context-switches                                            
     6.612548443             36,798      context-switches                                            
     6.712729477             37,033      context-switches                                            
     6.812901700             37,271      context-switches                                            
     6.913005835             38,769      context-switches                                            
     7.013216005             36,819      context-switches                                            
     7.113378272             37,298      context-switches                                            
     7.213604502             37,504      context-switches                                            
     7.313708850             37,537      context-switches                                            
     7.413908747             37,220      context-switches                                            
     7.514021996             36,638      context-switches                                            
#           time             counts unit events
     7.614162511             36,960      context-switches                                            
     7.714244638             36,571      context-switches                                            
     7.814349750             37,331      context-switches                                            
     7.914460983             37,057      context-switches                                            
     8.014664069             37,674      context-switches                                            
     8.114929679             36,733      context-switches                                            
     8.215123855             38,445      context-switches                                            
     8.315336670             35,504      context-switches                                            
     8.415450575             38,175      context-switches                                            
     8.515570838             36,663      context-switches                                            
     8.615759539             37,478      context-switches                                            
     8.715977183             36,086      context-switches                                            
     8.816216636             38,018      context-switches                                            
     8.916441211             35,872      context-switches                                            
     9.016719796             38,476      context-switches                                            
     9.116878523             36,521      context-switches                                            
     9.217133921             37,325      context-switches                                            
     9.317313527             36,579      context-switches                                            
     9.417485546             38,927      context-switches                                            
     9.517676858             36,847      context-switches                                            
     9.617868856             39,171      context-switches                                            
     9.718086841             36,799      context-switches                                            
     9.818249957             38,480      context-switches                                            
     9.918584991             36,519      context-switches                                            
    10.000778274             29,704      context-switches                                            
