# started on Thu Nov  7 01:40:45 2019

#           time             counts unit events
     0.100377262              4,993      context-switches                                            
     0.200856340              3,832      context-switches                                            
     0.301112914             32,585      context-switches                                            
     0.401260692             19,437      context-switches                                            
     0.501682058              5,256      context-switches                                            
     0.602165979              1,976      context-switches                                            
     0.702411519              5,222      context-switches                                            
     0.802811196              1,870      context-switches                                            
     0.903125131              2,719      context-switches                                            
     1.003704590              2,494      context-switches                                            
     1.104082914              1,535      context-switches                                            
     1.204440124              2,221      context-switches                                            
     1.305071713              1,453      context-switches                                            
     1.405726594              1,894      context-switches                                            
     1.506261574              2,106      context-switches                                            
     1.606644901              1,978      context-switches                                            
     1.706980080              1,514      context-switches                                            
     1.807411470              1,696      context-switches                                            
     1.907945987              1,920      context-switches                                            
     2.008605692              2,256      context-switches                                            
     2.109061185              2,109      context-switches                                            
     2.209402279              1,666      context-switches                                            
     2.309762574              1,589      context-switches                                            
     2.410300719              1,630      context-switches                                            
     2.510524980              4,452      context-switches                                            
#           time             counts unit events
     2.610868476              2,741      context-switches                                            
     2.710971756              3,949      context-switches                                            
     2.811373703              3,957      context-switches                                            
     2.911766323              1,598      context-switches                                            
     3.012410880              2,525      context-switches                                            
     3.112776360              1,789      context-switches                                            
     3.213098378              1,726      context-switches                                            
     3.313599021              1,439      context-switches                                            
     3.414187850              1,892      context-switches                                            
     3.514802366              2,200      context-switches                                            
     3.615094639              2,005      context-switches                                            
     3.715401827              2,041      context-switches                                            
     3.815697937              1,506      context-switches                                            
     3.916075627              1,681      context-switches                                            
     4.016621933              2,177      context-switches                                            
     4.117226245              2,025      context-switches                                            
     4.217528012              1,823      context-switches                                            
     4.318062907              1,448      context-switches                                            
     4.418674479              1,763      context-switches                                            
     4.519114189              1,876      context-switches                                            
     4.619672758              1,932      context-switches                                            
     4.720043352              1,829      context-switches                                            
     4.820348689              7,613      context-switches                                            
     4.921032049              1,766      context-switches                                            
     5.021520685              2,171      context-switches                                            
#           time             counts unit events
     5.121902598              1,990      context-switches                                            
     5.222224377              1,688      context-switches                                            
     5.322762304              1,616      context-switches                                            
     5.423167331              1,514      context-switches                                            
     5.523870075              1,919      context-switches                                            
     5.624554111              2,031      context-switches                                            
     5.725002141              1,529      context-switches                                            
     5.825387914              1,430      context-switches                                            
     5.925781663              1,428      context-switches                                            
     6.026394557              1,867      context-switches                                            
     6.126943488              1,744      context-switches                                            
     6.227356943              1,676      context-switches                                            
     6.327758589              1,375      context-switches                                            
     6.428144658              1,433      context-switches                                            
     6.528803147              1,632      context-switches                                            
     6.629323476              1,802      context-switches                                            
     6.729684874              1,642      context-switches                                            
     6.830208727              1,550      context-switches                                            
     6.930667451              1,353      context-switches                                            
     7.031122610              2,033      context-switches                                            
     7.131808461              1,898      context-switches                                            
     7.232382936              1,967      context-switches                                            
     7.332727582              1,640      context-switches                                            
     7.433172242              1,559      context-switches                                            
     7.533745308              1,889      context-switches                                            
#           time             counts unit events
     7.634263815              2,097      context-switches                                            
     7.734807823              1,823      context-switches                                            
     7.835088168              1,916      context-switches                                            
     7.935582154              1,522      context-switches                                            
     8.036160918              2,011      context-switches                                            
     8.136765810              1,836      context-switches                                            
     8.237370809              2,035      context-switches                                            
     8.337823021              1,718      context-switches                                            
     8.438283138              1,441      context-switches                                            
     8.538860945              1,855      context-switches                                            
     8.639510795              2,029      context-switches                                            
     8.740071784              1,894      context-switches                                            
     8.840427906              1,790      context-switches                                            
     8.940783902              1,509      context-switches                                            
     9.041450724              1,884      context-switches                                            
     9.142067520              1,840      context-switches                                            
     9.242676662              2,025      context-switches                                            
     9.343030002              1,995      context-switches                                            
     9.443506522              1,290      context-switches                                            
     9.543881666              1,871      context-switches                                            
     9.644456421              1,898      context-switches                                            
     9.745020949              1,936      context-switches                                            
     9.845364113              1,970      context-switches                                            
     9.945629450              2,142      context-switches                                            
    10.000847915                918      context-switches                                            
