# started on Wed Nov  6 00:53:32 2019

#           time             counts unit events
     0.100784976                551      context-switches                                            
     0.201490444                196      context-switches                                            
     0.302141974                170      context-switches                                            
     0.402742978                185      context-switches                                            
     0.503331214                264      context-switches                                            
     0.603830425                237      context-switches                                            
     0.704492233                216      context-switches                                            
     0.805151239                292      context-switches                                            
     0.905655562                223      context-switches                                            
     1.006050299                371      context-switches                                            
     1.106572591                408      context-switches                                            
     1.207166706                200      context-switches                                            
     1.307686065                174      context-switches                                            
     1.408239919                156      context-switches                                            
     1.508852286                286      context-switches                                            
     1.609389795                176      context-switches                                            
     1.710104606                175      context-switches                                            
     1.810651936                156      context-switches                                            
     1.911083536                193      context-switches                                            
     2.011521931                240      context-switches                                            
     2.112219935                341      context-switches                                            
     2.212830057                241      context-switches                                            
     2.313445992                274      context-switches                                            
     2.413991741                226      context-switches                                            
     2.514602463                272      context-switches                                            
#           time             counts unit events
     2.615209785                252      context-switches                                            
     2.715757182                245      context-switches                                            
     2.816315744                207      context-switches                                            
     2.916887354                257      context-switches                                            
     3.017494381                297      context-switches                                            
     3.118104168                365      context-switches                                            
     3.218675610                218      context-switches                                            
     3.319333804                155      context-switches                                            
     3.419884374                180      context-switches                                            
     3.520388819                305      context-switches                                            
     3.620883401                183      context-switches                                            
     3.721443363                218      context-switches                                            
     3.821980987                240      context-switches                                            
     3.922567903                212      context-switches                                            
     4.023023353                320      context-switches                                            
     4.123624531                213      context-switches                                            
     4.224157040                188      context-switches                                            
     4.324734446                175      context-switches                                            
     4.425265391                195      context-switches                                            
     4.525790098                280      context-switches                                            
     4.626384769                160      context-switches                                            
     4.727055609                218      context-switches                                            
     4.827649865                173      context-switches                                            
     4.928172040                230      context-switches                                            
     5.028404518              4,697      context-switches                                            
#           time             counts unit events
     5.128676983              4,232      context-switches                                            
     5.228896116             24,871      context-switches                                            
     5.329311324             10,949      context-switches                                            
     5.429744069              6,760      context-switches                                            
     5.530075531              6,774      context-switches                                            
     5.630540451              3,008      context-switches                                            
     5.731004205              3,367      context-switches                                            
     5.831471140              1,378      context-switches                                            
     5.931934155              2,926      context-switches                                            
     6.032418861              1,977      context-switches                                            
     6.133026403              2,009      context-switches                                            
     6.233352198              2,287      context-switches                                            
     6.333686099              8,756      context-switches                                            
     6.434111443              1,178      context-switches                                            
     6.534495380              1,857      context-switches                                            
     6.635044446              1,694      context-switches                                            
     6.735525533              1,943      context-switches                                            
     6.835838466              1,770      context-switches                                            
     6.936307614              1,469      context-switches                                            
     7.036903493              1,937      context-switches                                            
     7.137487981              1,907      context-switches                                            
     7.237913754              1,979      context-switches                                            
     7.338264157              1,757      context-switches                                            
     7.438633306              1,466      context-switches                                            
     7.539248866              1,657      context-switches                                            
#           time             counts unit events
     7.639823964              1,943      context-switches                                            
     7.740371301              2,043      context-switches                                            
     7.840563223              1,726      context-switches                                            
     7.940921368              1,529      context-switches                                            
     8.041301173              1,472      context-switches                                            
     8.141924323              1,460      context-switches                                            
     8.242430026              1,580      context-switches                                            
     8.342895782              1,654      context-switches                                            
     8.443391089              1,297      context-switches                                            
     8.544041150              1,378      context-switches                                            
     8.644609385              1,685      context-switches                                            
     8.745280754              1,631      context-switches                                            
     8.845563945              1,921      context-switches                                            
     8.945947378              1,464      context-switches                                            
     9.046314485              2,760      context-switches                                            
     9.146814171              1,903      context-switches                                            
     9.247407913              1,865      context-switches                                            
     9.347946411              1,596      context-switches                                            
     9.448315590              1,472      context-switches                                            
     9.548805565              1,403      context-switches                                            
     9.649314901              1,643      context-switches                                            
     9.749855171              1,682      context-switches                                            
     9.850382991              1,596      context-switches                                            
     9.950590855              1,643      context-switches                                            
    10.000987453                353      context-switches                                            
