# started on Wed Nov  6 01:41:01 2019

#           time             counts unit events
     0.101472570                385      context-switches                                            
     0.202178989                216      context-switches                                            
     0.302816691                422      context-switches                                            
     0.403381078                178      context-switches                                            
     0.503978447                230      context-switches                                            
     0.604601308                267      context-switches                                            
     0.705201415                184      context-switches                                            
     0.805716433                270      context-switches                                            
     0.906307541                222      context-switches                                            
     1.006913468                203      context-switches                                            
     1.107444691                202      context-switches                                            
     1.208145841                257      context-switches                                            
     1.308697858                471      context-switches                                            
     1.409227014                198      context-switches                                            
     1.509736049                176      context-switches                                            
     1.610236237                224      context-switches                                            
     1.710815170                194      context-switches                                            
     1.811382057                258      context-switches                                            
     1.911927622                311      context-switches                                            
     2.012419308                247      context-switches                                            
     2.113108053                243      context-switches                                            
     2.213740594                281      context-switches                                            
     2.314330380                380      context-switches                                            
     2.414879826                177      context-switches                                            
     2.515488136                235      context-switches                                            
#           time             counts unit events
     2.616022095                281      context-switches                                            
     2.716696323                184      context-switches                                            
     2.817213468                209      context-switches                                            
     2.917821553                237      context-switches                                            
     3.018337567                167      context-switches                                            
     3.118873176                200      context-switches                                            
     3.219456025                190      context-switches                                            
     3.319985784                400      context-switches                                            
     3.420625681                244      context-switches                                            
     3.521082800                281      context-switches                                            
     3.621706193                223      context-switches                                            
     3.722287538                204      context-switches                                            
     3.822907637                168      context-switches                                            
     3.923530448                244      context-switches                                            
     4.024224984                146      context-switches                                            
     4.124862196                194      context-switches                                            
     4.225462470                194      context-switches                                            
     4.325988874                354      context-switches                                            
     4.426548243                204      context-switches                                            
     4.527173810                187      context-switches                                            
     4.627767672                214      context-switches                                            
     4.728256787                220      context-switches                                            
     4.828685570                175      context-switches                                            
     4.929186042                254      context-switches                                            
     5.029436567             28,188      context-switches                                            
#           time             counts unit events
     5.129677324             37,362      context-switches                                            
     5.229782794             38,872      context-switches                                            
     5.329995177             36,558      context-switches                                            
     5.430104673             38,809      context-switches                                            
     5.530282319             34,795      context-switches                                            
     5.630395834             36,517      context-switches                                            
     5.730539319             36,548      context-switches                                            
     5.830645364             37,571      context-switches                                            
     5.930867973             36,926      context-switches                                            
     6.030976547             37,654      context-switches                                            
     6.131201691             37,157      context-switches                                            
     6.231312880             37,639      context-switches                                            
     6.331584927             37,433      context-switches                                            
     6.431719545             37,167      context-switches                                            
     6.531867379             37,454      context-switches                                            
     6.631974260             37,024      context-switches                                            
     6.732133911             38,241      context-switches                                            
     6.832271370             36,903      context-switches                                            
     6.932520211             37,441      context-switches                                            
     7.032636205             37,172      context-switches                                            
     7.132851954             38,103      context-switches                                            
     7.232947188             37,197      context-switches                                            
     7.333185876             37,332      context-switches                                            
     7.433304414             36,990      context-switches                                            
     7.533570594             40,523      context-switches                                            
#           time             counts unit events
     7.633704850             36,903      context-switches                                            
     7.733891053             37,965      context-switches                                            
     7.834177527             36,651      context-switches                                            
     7.934339906             38,584      context-switches                                            
     8.034476939             37,084      context-switches                                            
     8.134583178             38,580      context-switches                                            
     8.234783525             36,212      context-switches                                            
     8.334889099             38,016      context-switches                                            
     8.435094691             36,765      context-switches                                            
     8.535288326             38,301      context-switches                                            
     8.635408139             35,956      context-switches                                            
     8.735542203             39,251      context-switches                                            
     8.835676549             36,240      context-switches                                            
     8.935793702             38,473      context-switches                                            
     9.035939675             36,839      context-switches                                            
     9.136144091             38,475      context-switches                                            
     9.236252886             37,210      context-switches                                            
     9.336497405             38,331      context-switches                                            
     9.436691078             36,668      context-switches                                            
     9.536912454             38,240      context-switches                                            
     9.637073343             36,160      context-switches                                            
     9.737344839             37,568      context-switches                                            
     9.837631203             37,195      context-switches                                            
     9.937865091             37,165      context-switches                                            
    10.000759810             21,807      context-switches                                            
