# started on Tue Nov 12 12:39:17 2019

#           time             counts unit events
     0.100176953             35,492      context-switches                                            
     0.200326761             37,645      context-switches                                            
     0.300442906             33,551      context-switches                                            
     0.400564797             31,852      context-switches                                            
     0.500682264             33,121      context-switches                                            
     0.600799136             33,889      context-switches                                            
     0.700904618             36,125      context-switches                                            
     0.801014316             33,328      context-switches                                            
     0.901159168             36,646      context-switches                                            
     1.001281929             30,347      context-switches                                            
     1.101419101             34,369      context-switches                                            
     1.201533221             32,995      context-switches                                            
     1.301651394             36,753      context-switches                                            
     1.401820895             35,001      context-switches                                            
     1.501930645             34,564      context-switches                                            
     1.602054206             34,898      context-switches                                            
     1.702199170             36,146      context-switches                                            
     1.802316020             38,312      context-switches                                            
     1.902449101             39,058      context-switches                                            
     2.002561630             36,045      context-switches                                            
     2.102673267             35,106      context-switches                                            
     2.202783759             32,546      context-switches                                            
     2.302896652             38,068      context-switches                                            
     2.403040405             29,541      context-switches                                            
     2.503157856             33,047      context-switches                                            
#           time             counts unit events
     2.603276078             32,451      context-switches                                            
     2.703484213             34,616      context-switches                                            
     2.803667989             38,408      context-switches                                            
     2.903790142             32,915      context-switches                                            
     3.003905726             35,490      context-switches                                            
     3.104091414             29,573      context-switches                                            
     3.204223858             38,815      context-switches                                            
     3.304389099             39,815      context-switches                                            
     3.404514641             33,047      context-switches                                            
     3.504650946             31,696      context-switches                                            
     3.604775379             32,852      context-switches                                            
     3.704900029             37,289      context-switches                                            
     3.805009646             37,155      context-switches                                            
     3.905119780             39,048      context-switches                                            
     4.005297247             35,416      context-switches                                            
     4.105423349             29,794      context-switches                                            
     4.205539067             30,524      context-switches                                            
     4.305659315             35,781      context-switches                                            
     4.405788004             40,041      context-switches                                            
     4.505898097             35,755      context-switches                                            
     4.606014666             36,290      context-switches                                            
     4.706120147             31,601      context-switches                                            
     4.806243792             35,028      context-switches                                            
     4.906371875             29,303      context-switches                                            
     5.006496669             33,130      context-switches                                            
#           time             counts unit events
     5.106619414             29,846      context-switches                                            
     5.206705861             32,506      context-switches                                            
     5.306846931             34,259      context-switches                                            
     5.406930731             37,301      context-switches                                            
     5.507045180             31,653      context-switches                                            
     5.607165472             34,433      context-switches                                            
     5.707338819             35,202      context-switches                                            
     5.807544515             34,783      context-switches                                            
     5.907659417             36,451      context-switches                                            
     6.007776020             36,617      context-switches                                            
     6.107916371             33,903      context-switches                                            
     6.208026439             33,684      context-switches                                            
     6.308139183             32,165      context-switches                                            
     6.408252431             34,117      context-switches                                            
     6.508366939             38,049      context-switches                                            
     6.608487689             34,263      context-switches                                            
     6.708658324             33,390      context-switches                                            
     6.808785648             31,776      context-switches                                            
     6.908909510             34,373      context-switches                                            
     7.009084121             34,018      context-switches                                            
     7.109246302             32,821      context-switches                                            
     7.209358169             35,186      context-switches                                            
     7.309466946             35,458      context-switches                                            
     7.409580821             35,708      context-switches                                            
     7.509770391             35,819      context-switches                                            
#           time             counts unit events
     7.609885018             34,735      context-switches                                            
     7.710000403             35,855      context-switches                                            
     7.810117635             32,912      context-switches                                            
     7.910278695             34,146      context-switches                                            
     8.010403226             36,819      context-switches                                            
     8.110518052             38,296      context-switches                                            
     8.210713960             35,449      context-switches                                            
     8.310827447             31,733      context-switches                                            
     8.410949303             35,196      context-switches                                            
     8.511071902             31,556      context-switches                                            
     8.611211393             32,021      context-switches                                            
     8.711316338             36,624      context-switches                                            
     8.811456578             37,563      context-switches                                            
     8.911637590             38,965      context-switches                                            
     9.011802061             37,378      context-switches                                            
     9.111921153             34,009      context-switches                                            
     9.212096344             34,141      context-switches                                            
     9.312208122             33,057      context-switches                                            
     9.412330082             35,552      context-switches                                            
     9.512464527             33,112      context-switches                                            
     9.612586860             30,950      context-switches                                            
     9.712819068             36,575      context-switches                                            
     9.812958846             40,376      context-switches                                            
     9.913071363             40,884      context-switches                                            
    10.000820056             34,447      context-switches                                            
