# started on Wed Nov  6 01:35:29 2019

#           time             counts unit events
     0.100741136                335      context-switches                                            
     0.201432035                134      context-switches                                            
     0.301917729                217      context-switches                                            
     0.402425306                341      context-switches                                            
     0.503020107                198      context-switches                                            
     0.603434757                336      context-switches                                            
     0.704006309                162      context-switches                                            
     0.804583058                186      context-switches                                            
     0.905146258                184      context-switches                                            
     1.005757985                172      context-switches                                            
     1.106350430                194      context-switches                                            
     1.206987387                154      context-switches                                            
     1.307478928                221      context-switches                                            
     1.408081010                270      context-switches                                            
     1.508544820                250      context-switches                                            
     1.608989787                364      context-switches                                            
     1.709439299                182      context-switches                                            
     1.809956993                206      context-switches                                            
     1.910463630                243      context-switches                                            
     2.010990264                162      context-switches                                            
     2.111431803                197      context-switches                                            
     2.211963239                165      context-switches                                            
     2.312548188                171      context-switches                                            
     2.413057001                271      context-switches                                            
     2.513605650                244      context-switches                                            
#           time             counts unit events
     2.614135624                381      context-switches                                            
     2.714682283                233      context-switches                                            
     2.815189264                174      context-switches                                            
     2.915734977                195      context-switches                                            
     3.016267650                185      context-switches                                            
     3.116770553                193      context-switches                                            
     3.217345187                229      context-switches                                            
     3.317521506              1,561      context-switches                                            
     3.417883074              1,624      context-switches                                            
     3.518447360                503      context-switches                                            
     3.619054122                460      context-switches                                            
     3.719674233                189      context-switches                                            
     3.820168627                247      context-switches                                            
     3.920586388                253      context-switches                                            
     4.021102707                177      context-switches                                            
     4.121713104                213      context-switches                                            
     4.222242992                162      context-switches                                            
     4.322717177                203      context-switches                                            
     4.423004077                743      context-switches                                            
     4.523347073                993      context-switches                                            
     4.623731738              1,621      context-switches                                            
     4.724256182                210      context-switches                                            
     4.824805774                260      context-switches                                            
     4.925418838                227      context-switches                                            
     5.025564233              4,282      context-switches                                            
#           time             counts unit events
     5.125855167             11,841      context-switches                                            
     5.226074674             37,583      context-switches                                            
     5.326234274             39,165      context-switches                                            
     5.426440669             37,328      context-switches                                            
     5.526575866             38,627      context-switches                                            
     5.626875982             37,169      context-switches                                            
     5.726998712             37,800      context-switches                                            
     5.827160273             36,879      context-switches                                            
     5.927265234             38,978      context-switches                                            
     6.027465332             36,935      context-switches                                            
     6.127572726             39,462      context-switches                                            
     6.227905378             35,606      context-switches                                            
     6.328018856             38,246      context-switches                                            
     6.428185833             38,031      context-switches                                            
     6.528371493             37,428      context-switches                                            
     6.628530854             36,985      context-switches                                            
     6.728742588             38,237      context-switches                                            
     6.828980698             37,098      context-switches                                            
     6.929255463             37,012      context-switches                                            
     7.029435535             37,065      context-switches                                            
     7.129615278             38,143      context-switches                                            
     7.229806590             37,633      context-switches                                            
     7.330077242             38,956      context-switches                                            
     7.430261926             37,593      context-switches                                            
     7.530446461             38,420      context-switches                                            
#           time             counts unit events
     7.630575038             37,228      context-switches                                            
     7.730860911             37,599      context-switches                                            
     7.830969066             37,779      context-switches                                            
     7.931238900             37,324      context-switches                                            
     8.031466823             37,559      context-switches                                            
     8.131696343             37,588      context-switches                                            
     8.231971170             37,310      context-switches                                            
     8.332132241             37,137      context-switches                                            
     8.432394093             37,509      context-switches                                            
     8.532648102             38,247      context-switches                                            
     8.632901216             37,985      context-switches                                            
     8.733173560             37,579      context-switches                                            
     8.833483526             37,124      context-switches                                            
     8.933754573             39,572      context-switches                                            
     9.034056906             37,954      context-switches                                            
     9.134275917             37,524      context-switches                                            
     9.234463713             37,452      context-switches                                            
     9.334596898             37,892      context-switches                                            
     9.434777982             37,169      context-switches                                            
     9.534950355             37,825      context-switches                                            
     9.635197963             37,600      context-switches                                            
     9.735336605             37,445      context-switches                                            
     9.835584838             37,540      context-switches                                            
     9.935714732             37,979      context-switches                                            
    10.000651576             24,956      context-switches                                            
