     0.101305848            202,697      LLC-loads                 (28.08%)
     0.101305848            252,001      LLC-load-misses           (24.33%)
     0.201631028            349,496      LLC-loads                 (27.83%)
     0.201631028             78,039      LLC-load-misses           (27.75%)
     0.302010185            835,494      LLC-loads                 (29.18%)
     0.302010185            231,281      LLC-load-misses           (28.28%)
     0.402235470          1,100,031      LLC-loads                 (27.86%)
     0.402235470            491,141      LLC-load-misses           (27.82%)
     0.502377617            970,851      LLC-loads                 (28.69%)
     0.502377617            169,806      LLC-load-misses           (28.65%)
     0.602607097          1,066,214      LLC-loads                 (28.24%)
     0.602607097            267,814      LLC-load-misses           (27.87%)
     0.702837479            815,977      LLC-loads                 (28.46%)
     0.702837479             89,945      LLC-load-misses           (28.45%)
     0.803696756            877,314      LLC-loads                 (28.74%)
     0.803696756            136,737      LLC-load-misses           (28.26%)
     0.903814239          1,049,087      LLC-loads                 (28.34%)
     0.903814239            503,837      LLC-load-misses           (28.32%)
     1.004132253          1,876,284      LLC-loads                 (28.70%)
     1.004132253            547,092      LLC-load-misses           (28.64%)
     1.104304493          2,999,403      LLC-loads                 (28.26%)
     1.104304493            369,810      LLC-load-misses           (28.24%)
     1.204615325          1,951,934      LLC-loads                 (28.57%)
     1.204615325            476,331      LLC-load-misses           (28.56%)
     1.304865776          1,618,947      LLC-loads                 (28.55%)
     1.304865776            396,885      LLC-load-misses           (28.23%)
     1.404985642          5,194,993      LLC-loads                 (28.48%)
     1.404985642            448,498      LLC-load-misses           (28.47%)
     1.505442591            509,711      LLC-loads                 (28.71%)
     1.505442591             44,985      LLC-load-misses           (28.49%)
     1.605634202          1,447,213      LLC-loads                 (28.40%)
     1.605634202            474,278      LLC-load-misses           (28.40%)
     1.705792788            970,407      LLC-loads                 (28.61%)
     1.705792788            177,021      LLC-load-misses           (28.61%)
     1.806226642            385,306      LLC-loads                 (28.44%)
     1.806226642             93,365      LLC-load-misses           (28.35%)
     1.906476345            690,075      LLC-loads                 (28.54%)
     1.906476345            209,220      LLC-load-misses           (28.54%)
     2.007001068            958,184      LLC-loads                 (28.62%)
     2.007001068            185,595      LLC-load-misses           (28.43%)
     2.107184845            898,171      LLC-loads                 (28.48%)
     2.107184845            371,543      LLC-load-misses           (28.48%)
     2.207360081            882,892      LLC-loads                 (28.63%)
     2.207360081            200,477      LLC-load-misses           (28.59%)
     2.307469328          1,579,500      LLC-loads                 (28.43%)
     2.307469328            315,800      LLC-load-misses           (28.44%)
     2.407701692            394,875      LLC-loads                 (28.58%)
     2.407701692             92,333      LLC-load-misses           (28.59%)
     2.507934361            789,775      LLC-loads                 (28.53%)
     2.507934361             64,443      LLC-load-misses           (28.40%)
     2.608090373          1,092,100      LLC-loads                 (28.53%)
     2.608090373            165,502      LLC-load-misses           (28.54%)
     2.708345935            889,160      LLC-loads                 (28.65%)
     2.708345935             67,412      LLC-load-misses           (28.51%)
     2.808552251            664,471      LLC-loads                 (28.49%)
     2.808552251            164,660      LLC-load-misses           (28.50%)
     2.908789616          1,014,192      LLC-loads                 (28.61%)
     2.908789616            184,180      LLC-load-misses           (28.62%)
     3.009219102            891,101      LLC-loads                 (28.47%)
     3.009219102            194,216      LLC-load-misses           (28.46%)
     3.109352120          1,325,400      LLC-loads                 (28.56%)
     3.109352120            291,186      LLC-load-misses           (28.57%)
     3.209541228            994,367      LLC-loads                 (28.58%)
     3.209541228             93,379      LLC-load-misses           (28.46%)
     3.309610040          1,517,564      LLC-loads                 (28.52%)
     3.309610040            216,236      LLC-load-misses           (28.53%)
     3.410071457            838,987      LLC-loads                 (28.63%)
     3.410071457            322,481      LLC-load-misses           (28.55%)
     3.510249963          1,825,619      LLC-loads                 (28.60%)
     3.510249963            333,462      LLC-load-misses           (28.73%)
     3.610477952            346,613      LLC-loads                 (28.92%)
     3.610477952            141,130      LLC-load-misses           (29.03%)
     3.710693309          1,311,130      LLC-loads                 (29.21%)
     3.710693309            395,757      LLC-load-misses           (29.33%)
     3.810834807            625,264      LLC-loads                 (29.50%)
     3.810834807            127,888      LLC-load-misses           (29.61%)
     3.911036936            686,257      LLC-loads                 (29.77%)
     3.911036936            152,778      LLC-load-misses           (29.87%)
     4.011199134            877,693      LLC-loads                 (30.02%)
     4.011199134            102,234      LLC-load-misses           (30.12%)
     4.111307855          1,162,167      LLC-loads                 (30.26%)
     4.111307855            184,438      LLC-load-misses           (30.36%)
     4.211524383            620,494      LLC-loads                 (30.49%)
     4.211524383             87,447      LLC-load-misses           (30.59%)
     4.311709272          2,157,353      LLC-loads                 (30.71%)
     4.311709272            629,468      LLC-load-misses           (30.80%)
     4.411867970            351,568      LLC-loads                 (30.92%)
     4.411867970             62,160      LLC-load-misses           (31.01%)
     4.511987779          1,170,635      LLC-loads                 (31.12%)
     4.511987779            188,089      LLC-load-misses           (31.21%)
     4.612164114            437,801      LLC-loads                 (31.31%)
     4.612164114            109,799      LLC-load-misses           (31.40%)
     4.712361423          1,044,674      LLC-loads                 (31.50%)
     4.712361423            253,119      LLC-load-misses           (31.58%)
     4.812553369            619,242      LLC-loads                 (31.68%)
     4.812553369            115,895      LLC-load-misses           (31.75%)
     4.912952899          1,075,092      LLC-loads                 (31.85%)
     4.912952899            305,728      LLC-load-misses           (31.92%)
     5.013326716          1,031,245      LLC-loads                 (32.02%)
     5.013326716            173,387      LLC-load-misses           (32.08%)
     5.113641893            440,571      LLC-loads                 (32.18%)
     5.113641893             75,509      LLC-load-misses           (32.23%)
     5.214265714          1,032,939      LLC-loads                 (32.34%)
     5.214265714            162,678      LLC-load-misses           (32.38%)
     5.314706081          1,017,154      LLC-loads                 (32.49%)
     5.314706081            277,625      LLC-load-misses           (32.51%)
     5.415221391          1,315,336      LLC-loads                 (32.63%)
     5.415221391            305,970      LLC-load-misses           (32.65%)
     5.515628637            290,154      LLC-loads                 (32.77%)
     5.515628637             43,424      LLC-load-misses           (32.78%)
     5.615967453          1,556,676      LLC-loads                 (32.91%)
     5.615967453            373,401      LLC-load-misses           (32.91%)
     5.716249675          1,540,508      LLC-loads                 (33.03%)
     5.716249675            422,332      LLC-load-misses           (33.03%)
     5.816965997            813,782      LLC-loads                 (33.16%)
     5.816965997            188,928      LLC-load-misses           (33.15%)
     5.917978905            702,945      LLC-loads                 (33.28%)
     5.917978905            226,638      LLC-load-misses           (33.28%)
     6.018278594          1,056,009      LLC-loads                 (33.40%)
     6.018278594            156,651      LLC-load-misses           (33.39%)
     6.119058469            930,916      LLC-loads                 (33.52%)
     6.119058469            222,712      LLC-load-misses           (33.51%)
     6.219447168          1,269,659      LLC-loads                 (33.63%)
     6.219447168            153,800      LLC-load-misses           (33.62%)
     6.319665349          1,198,083      LLC-loads                 (33.73%)
     6.319665349            472,090      LLC-load-misses           (33.73%)
     6.420312269            653,011      LLC-loads                 (33.83%)
     6.420312269            103,499      LLC-load-misses           (33.83%)
     6.520730830          1,895,441      LLC-loads                 (33.93%)
     6.520730830            450,733      LLC-load-misses           (33.93%)
     6.621021607            832,552      LLC-loads                 (34.02%)
     6.621021607            132,451      LLC-load-misses           (34.03%)
     6.721505686            944,402      LLC-loads                 (34.11%)
     6.721505686            201,907      LLC-load-misses           (34.12%)
     6.821756646          1,422,074      LLC-loads                 (34.19%)
     6.821756646            233,433      LLC-load-misses           (34.21%)
     6.922294266            715,932      LLC-loads                 (34.27%)
     6.922294266             83,285      LLC-load-misses           (34.30%)
     7.022529950          1,263,703      LLC-loads                 (34.35%)
     7.022529950            282,474      LLC-load-misses           (34.38%)
     7.122982901          1,605,423      LLC-loads                 (34.43%)
     7.122982901            550,771      LLC-load-misses           (34.47%)
     7.223255164          5,089,264      LLC-loads                 (34.51%)
     7.223255164          1,021,582      LLC-load-misses           (34.55%)
     7.323511184          1,654,308      LLC-loads                 (34.58%)
     7.323511184            692,514      LLC-load-misses           (34.62%)
     7.423885790          2,027,721      LLC-loads                 (34.65%)
     7.423885790            719,130      LLC-load-misses           (34.70%)
     7.524148696          1,812,028      LLC-loads                 (34.72%)
     7.524148696            498,198      LLC-load-misses           (34.77%)
     7.624352630          2,509,235      LLC-loads                 (34.79%)
     7.624352630            959,798      LLC-load-misses           (34.84%)
     7.724517261          2,861,794      LLC-loads                 (34.85%)
     7.724517261            762,452      LLC-load-misses           (34.91%)
     7.824651227          3,380,126      LLC-loads                 (34.92%)
     7.824651227            771,474      LLC-load-misses           (34.97%)
     7.924848011          1,153,198      LLC-loads                 (34.98%)
     7.924848011            572,053      LLC-load-misses           (35.03%)
     8.025046826          2,650,058      LLC-loads                 (35.04%)
     8.025046826            739,907      LLC-load-misses           (35.09%)
     8.125244992          1,509,283      LLC-loads                 (35.10%)
     8.125244992            665,997      LLC-load-misses           (35.15%)
     8.225424400          1,473,122      LLC-loads                 (35.16%)
     8.225424400            613,735      LLC-load-misses           (35.21%)
     8.325533076          1,306,902      LLC-loads                 (35.22%)
     8.325533076            602,730      LLC-load-misses           (35.27%)
     8.425710345            310,360      LLC-loads                 (35.28%)
     8.425710345             26,928      LLC-load-misses           (35.32%)
     8.525922138          1,012,582      LLC-loads                 (35.33%)
     8.525922138            173,510      LLC-load-misses           (35.38%)
     8.626147768            341,870      LLC-loads                 (35.38%)
     8.626147768            139,003      LLC-load-misses           (35.43%)
     8.726332586            937,880      LLC-loads                 (35.44%)
     8.726332586            240,140      LLC-load-misses           (35.48%)
     8.826464968          1,315,751      LLC-loads                 (35.49%)
     8.826464968            195,028      LLC-load-misses           (35.53%)
     8.926677063            901,445      LLC-loads                 (35.54%)
     8.926677063            242,701      LLC-load-misses           (35.58%)
     9.026832850          1,408,800      LLC-loads                 (35.59%)
     9.026832850            247,196      LLC-load-misses           (35.63%)
     9.127012063            424,085      LLC-loads                 (35.64%)
     9.127012063             71,152      LLC-load-misses           (35.68%)
     9.227220034            709,168      LLC-loads                 (35.68%)
     9.227220034            114,371      LLC-load-misses           (35.72%)
     9.327343168          2,583,251      LLC-loads                 (35.73%)
     9.327343168            719,949      LLC-load-misses           (35.77%)
     9.427476892          3,660,631      LLC-loads                 (35.77%)
     9.427476892            985,586      LLC-load-misses           (35.81%)
     9.527588701          7,292,076      LLC-loads                 (35.82%)
     9.527588701          1,632,892      LLC-load-misses           (35.86%)
     9.627733590          2,477,595      LLC-loads                 (35.86%)
     9.627733590            883,660      LLC-load-misses           (35.90%)
     9.727865972          4,105,038      LLC-loads                 (35.90%)
     9.727865972            905,972      LLC-load-misses           (35.94%)
     9.827999836          3,344,268      LLC-loads                 (35.94%)
     9.827999836            918,790      LLC-load-misses           (35.98%)
     9.928150413          6,562,099      LLC-loads                 (35.98%)
     9.928150413          1,428,101      LLC-load-misses           (36.02%)
    10.000851372          1,741,945      LLC-loads                 (36.04%)
    10.000851372            619,040      LLC-load-misses           (36.04%)
