# started on Tue Nov 12 23:44:27 2019

#           time             counts unit events
     0.100201797                462      context-switches                                            
     0.200371514              3,509      context-switches                                            
     0.300519691              7,400      context-switches                                            
     0.400664279              7,559      context-switches                                            
     0.500826817              8,068      context-switches                                            
     0.600986035              7,109      context-switches                                            
     0.701142872              5,611      context-switches                                            
     0.801282820              6,212      context-switches                                            
     0.901436576             32,758      context-switches                                            
     1.001572744             37,146      context-switches                                            
     1.101705161             38,756      context-switches                                            
     1.201874788             43,018      context-switches                                            
     1.302017175             38,793      context-switches                                            
     1.402166932             42,109      context-switches                                            
     1.502412959             41,990      context-switches                                            
     1.602563486             31,162      context-switches                                            
     1.702727803             34,637      context-switches                                            
     1.802879420             36,154      context-switches                                            
     1.903036116             32,759      context-switches                                            
     2.003170923             42,188      context-switches                                            
     2.103322180             38,567      context-switches                                            
     2.203512126             40,460      context-switches                                            
     2.303660283             38,459      context-switches                                            
     2.403825439             38,826      context-switches                                            
     2.503992756             41,240      context-switches                                            
#           time             counts unit events
     2.604150653             42,521      context-switches                                            
     2.704332419             38,561      context-switches                                            
     2.804466875             39,221      context-switches                                            
     2.904602002             39,303      context-switches                                            
     3.004749877             45,277      context-switches                                            
     3.104890294             41,508      context-switches                                            
     3.205046530             44,858      context-switches                                            
     3.305207716             42,912      context-switches                                            
     3.405351592             39,408      context-switches                                            
     3.505499988             31,782      context-switches                                            
     3.605645575             38,891      context-switches                                            
     3.705793641             40,165      context-switches                                            
     3.805946976             38,701      context-switches                                            
     3.906071442             38,244      context-switches                                            
     4.006205588             43,600      context-switches                                            
     4.106345784             39,246      context-switches                                            
     4.206494509             40,123      context-switches                                            
     4.306657245             39,919      context-switches                                            
     4.406811890             42,834      context-switches                                            
     4.506961026             42,276      context-switches                                            
     4.607122532             34,756      context-switches                                            
     4.707273368             40,212      context-switches                                            
     4.807418443             40,028      context-switches                                            
     4.907560188             43,865      context-switches                                            
     5.007699763             40,690      context-switches                                            
#           time             counts unit events
     5.107827778             43,700      context-switches                                            
     5.207960144             43,600      context-switches                                            
     5.308111479             39,208      context-switches                                            
     5.408277384             44,294      context-switches                                            
     5.508440249             34,522      context-switches                                            
     5.608595744             42,457      context-switches                                            
     5.708750570             44,850      context-switches                                            
     5.808896285             43,469      context-switches                                            
     5.909032419             44,906      context-switches                                            
     6.009140064             42,316      context-switches                                            
     6.109295679             42,764      context-switches                                            
     6.209438123             42,906      context-switches                                            
     6.309582368             47,088      context-switches                                            
     6.409724783             44,952      context-switches                                            
     6.509860078             48,200      context-switches                                            
     6.610009092             42,180      context-switches                                            
     6.710139317             44,287      context-switches                                            
     6.810269361             44,599      context-switches                                            
     6.910398945             41,643      context-switches                                            
     7.010538150             39,343      context-switches                                            
     7.110680734             46,219      context-switches                                            
     7.210814189             47,845      context-switches                                            
     7.310966893             40,349      context-switches                                            
     7.411111967             45,325      context-switches                                            
     7.511257631             41,214      context-switches                                            
#           time             counts unit events
     7.611419435             39,351      context-switches                                            
     7.711577169             33,038      context-switches                                            
     7.811734853             26,907      context-switches                                            
     7.911858637             36,038      context-switches                                            
     8.012022401             41,599      context-switches                                            
     8.112177004             41,609      context-switches                                            
     8.212318378             38,025      context-switches                                            
     8.312464442             36,435      context-switches                                            
     8.412626216             26,964      context-switches                                            
     8.512772419             29,023      context-switches                                            
     8.612899123             30,050      context-switches                                            
     8.713036286             34,972      context-switches                                            
     8.813191040             40,766      context-switches                                            
     8.913342533             42,931      context-switches                                            
     9.013493436             42,765      context-switches                                            
     9.113652469             41,658      context-switches                                            
     9.213806752             39,945      context-switches                                            
     9.313942446             40,231      context-switches                                            
     9.414077950             31,137      context-switches                                            
     9.514218003             43,353      context-switches                                            
     9.614349186             40,613      context-switches                                            
     9.714486669             38,203      context-switches                                            
     9.814624342             42,102      context-switches                                            
     9.914757415             39,041      context-switches                                            
    10.000520411             37,764      context-switches                                            
