# started on Tue Nov 12 23:49:08 2019

#           time             counts unit events
     0.100203470                435      context-switches                                            
     0.200354941              3,371      context-switches                                            
     0.300491682              6,681      context-switches                                            
     0.400634472              7,979      context-switches                                            
     0.500784333              7,770      context-switches                                            
     0.600932224              7,451      context-switches                                            
     0.701095955              5,880      context-switches                                            
     0.801235456              5,994      context-switches                                            
     0.901368826             31,164      context-switches                                            
     1.001504847             40,552      context-switches                                            
     1.101645268             39,250      context-switches                                            
     1.201802238             39,545      context-switches                                            
     1.301975959             41,741      context-switches                                            
     1.402123939             40,210      context-switches                                            
     1.502280750             37,752      context-switches                                            
     1.602452299             30,490      context-switches                                            
     1.702613320             36,464      context-switches                                            
     1.802795100             29,278      context-switches                                            
     1.902967150             27,176      context-switches                                            
     2.003129351             37,554      context-switches                                            
     2.103292861             28,217      context-switches                                            
     2.203475941             36,839      context-switches                                            
     2.303638720             41,265      context-switches                                            
     2.403781171             44,379      context-switches                                            
     2.503933981             31,689      context-switches                                            
#           time             counts unit events
     2.604083002             27,215      context-switches                                            
     2.704249251             29,065      context-switches                                            
     2.804400281             27,297      context-switches                                            
     2.904571741             28,009      context-switches                                            
     3.004713951             28,039      context-switches                                            
     3.104862192             31,252      context-switches                                            
     3.205025092             36,917      context-switches                                            
     3.305179292             46,854      context-switches                                            
     3.405322762             42,940      context-switches                                            
     3.505468911             41,818      context-switches                                            
     3.605627931             31,599      context-switches                                            
     3.705767911             29,196      context-switches                                            
     3.805920621             40,457      context-switches                                            
     3.906062601             45,915      context-switches                                            
     4.006202640             36,535      context-switches                                            
     4.106356920             40,863      context-switches                                            
     4.206512460             38,135      context-switches                                            
     4.306663850             38,537      context-switches                                            
     4.406806159             45,397      context-switches                                            
     4.506947689             39,363      context-switches                                            
     4.607110318             45,536      context-switches                                            
     4.707251258             37,925      context-switches                                            
     4.807398357             42,828      context-switches                                            
     4.907542447             42,210      context-switches                                            
     5.007675547             37,737      context-switches                                            
#           time             counts unit events
     5.107813886             39,986      context-switches                                            
     5.207957585             39,132      context-switches                                            
     5.308112175             29,646      context-switches                                            
     5.408258025             38,313      context-switches                                            
     5.508400054             38,692      context-switches                                            
     5.608536353             41,420      context-switches                                            
     5.708679822             41,574      context-switches                                            
     5.808825372             43,091      context-switches                                            
     5.908968241             38,866      context-switches                                            
     6.009101811             48,357      context-switches                                            
     6.109214060             41,701      context-switches                                            
     6.209352209             45,560      context-switches                                            
     6.309480638             45,696      context-switches                                            
     6.409612478             46,057      context-switches                                            
     6.509746437             42,868      context-switches                                            
     6.609876815             42,634      context-switches                                            
     6.710015825             41,035      context-switches                                            
     6.810153584             42,359      context-switches                                            
     6.910296863             41,286      context-switches                                            
     7.010444622             40,515      context-switches                                            
     7.110594421             44,540      context-switches                                            
     7.210685470             46,962      context-switches                                            
     7.310828719             40,165      context-switches                                            
     7.410991138             33,160      context-switches                                            
     7.511167776             40,017      context-switches                                            
#           time             counts unit events
     7.611313975             43,871      context-switches                                            
     7.711455884             44,282      context-switches                                            
     7.811580603             39,776      context-switches                                            
     7.911718701             39,496      context-switches                                            
     8.011871900             41,148      context-switches                                            
     8.112017319             38,970      context-switches                                            
     8.212168227             41,847      context-switches                                            
     8.312305366             42,701      context-switches                                            
     8.412446194             39,282      context-switches                                            
     8.512590132             40,199      context-switches                                            
     8.612719442             39,731      context-switches                                            
     8.712864570             41,453      context-switches                                            
     8.813005518             42,560      context-switches                                            
     8.913168237             41,182      context-switches                                            
     9.013318675             40,209      context-switches                                            
     9.113467213             29,553      context-switches                                            
     9.213616102             39,246      context-switches                                            
     9.313753810             43,463      context-switches                                            
     9.413884268             42,126      context-switches                                            
     9.514031266             44,597      context-switches                                            
     9.614161815             39,984      context-switches                                            
     9.714303083             43,365      context-switches                                            
     9.814456221             40,623      context-switches                                            
     9.914588090             34,968      context-switches                                            
    10.000683773             29,280      context-switches                                            
