# started on Tue Nov 12 13:57:38 2019

#           time             counts unit events
     0.100121083             42,281      context-switches                                            
     0.200250657             41,767      context-switches                                            
     0.300362727             39,145      context-switches                                            
     0.400483208             34,520      context-switches                                            
     0.500588893             39,343      context-switches                                            
     0.600735208             35,161      context-switches                                            
     0.700882304             34,062      context-switches                                            
     0.800997899             39,334      context-switches                                            
     0.901109899             38,353      context-switches                                            
     1.001223794             42,677      context-switches                                            
     1.101333735             38,022      context-switches                                            
     1.201445440             40,009      context-switches                                            
     1.301562023             39,911      context-switches                                            
     1.401735792             39,763      context-switches                                            
     1.501852528             41,887      context-switches                                            
     1.602082281             41,978      context-switches                                            
     1.702298518             41,336      context-switches                                            
     1.802413790             38,460      context-switches                                            
     1.902530528             32,638      context-switches                                            
     2.002641936             39,373      context-switches                                            
     2.102777513             37,076      context-switches                                            
     2.202889815             34,149      context-switches                                            
     2.303007195             33,473      context-switches                                            
     2.403152313             34,569      context-switches                                            
     2.503291558             41,325      context-switches                                            
#           time             counts unit events
     2.603400452             36,685      context-switches                                            
     2.703516001             37,210      context-switches                                            
     2.803633051             34,699      context-switches                                            
     2.903755646             40,060      context-switches                                            
     3.003928924             38,468      context-switches                                            
     3.104048031             37,745      context-switches                                            
     3.204166831             39,561      context-switches                                            
     3.304365626             34,801      context-switches                                            
     3.404567506             35,483      context-switches                                            
     3.504705787             40,082      context-switches                                            
     3.604933810             40,345      context-switches                                            
     3.705098538             39,635      context-switches                                            
     3.805288100             36,878      context-switches                                            
     3.905421911             38,903      context-switches                                            
     4.005537453             39,463      context-switches                                            
     4.105644439             36,658      context-switches                                            
     4.205762422             39,589      context-switches                                            
     4.305889065             34,691      context-switches                                            
     4.406014918             32,222      context-switches                                            
     4.506146847             40,188      context-switches                                            
     4.606345089             39,947      context-switches                                            
     4.706449654             42,591      context-switches                                            
     4.806610923             43,190      context-switches                                            
     4.906729553             43,080      context-switches                                            
     5.006839645             39,694      context-switches                                            
#           time             counts unit events
     5.107012413             38,364      context-switches                                            
     5.207182821             41,452      context-switches                                            
     5.307299950             41,234      context-switches                                            
     5.407420644             39,038      context-switches                                            
     5.507527870             35,653      context-switches                                            
     5.607661219             34,499      context-switches                                            
     5.707794634             35,415      context-switches                                            
     5.807924307             30,545      context-switches                                            
     5.908042669             40,205      context-switches                                            
     6.008157694             38,016      context-switches                                            
     6.108286371             40,408      context-switches                                            
     6.208412797             37,266      context-switches                                            
     6.308534782             35,438      context-switches                                            
     6.408726491             35,805      context-switches                                            
     6.508851314             34,748      context-switches                                            
     6.608970495             37,252      context-switches                                            
     6.709105312             42,930      context-switches                                            
     6.809225147             33,320      context-switches                                            
     6.909349703             33,275      context-switches                                            
     7.009498845             33,864      context-switches                                            
     7.109613951             35,033      context-switches                                            
     7.209732608             32,515      context-switches                                            
     7.309851157             34,115      context-switches                                            
     7.410019680             38,095      context-switches                                            
     7.510180466             38,078      context-switches                                            
#           time             counts unit events
     7.610344531             40,340      context-switches                                            
     7.710461726             39,852      context-switches                                            
     7.810572569             34,276      context-switches                                            
     7.910683523             37,175      context-switches                                            
     8.010823704             37,706      context-switches                                            
     8.110933477             38,879      context-switches                                            
     8.211072579             31,756      context-switches                                            
     8.311193829             35,853      context-switches                                            
     8.411346720             37,003      context-switches                                            
     8.511469509             39,532      context-switches                                            
     8.611611316             40,918      context-switches                                            
     8.711729037             41,930      context-switches                                            
     8.811849539             42,105      context-switches                                            
     8.911986739             40,149      context-switches                                            
     9.012147547             40,162      context-switches                                            
     9.112257987             39,275      context-switches                                            
     9.212455093             42,026      context-switches                                            
     9.312587443             40,355      context-switches                                            
     9.412760826             39,344      context-switches                                            
     9.512873916             36,969      context-switches                                            
     9.612999830             38,144      context-switches                                            
     9.713141958             42,303      context-switches                                            
     9.813297860             40,496      context-switches                                            
     9.913535279             42,229      context-switches                                            
    10.001224540             34,975      context-switches                                            
