# started on Wed Nov  6 01:41:56 2019

#           time             counts unit events
     0.101163440                305      context-switches                                            
     0.201828978                190      context-switches                                            
     0.302325678                221      context-switches                                            
     0.402911584                211      context-switches                                            
     0.503392275                208      context-switches                                            
     0.603920097                210      context-switches                                            
     0.704426123                235      context-switches                                            
     0.805032845                173      context-switches                                            
     0.905643277                250      context-switches                                            
     1.006092870                429      context-switches                                            
     1.106651264                176      context-switches                                            
     1.207029714                325      context-switches                                            
     1.307638710                228      context-switches                                            
     1.408307991                227      context-switches                                            
     1.508894823                218      context-switches                                            
     1.609449673                179      context-switches                                            
     1.709972863                303      context-switches                                            
     1.810556189                194      context-switches                                            
     1.911073528                356      context-switches                                            
     2.011719917                396      context-switches                                            
     2.112282296                192      context-switches                                            
     2.212625657                333      context-switches                                            
     2.313254607              6,526      context-switches                                            
     2.413863056                241      context-switches                                            
     2.514433643                185      context-switches                                            
#           time             counts unit events
     2.614965924                236      context-switches                                            
     2.715448012                267      context-switches                                            
     2.816020743                156      context-switches                                            
     2.916693148                190      context-switches                                            
     3.017305277                470      context-switches                                            
     3.117830331                222      context-switches                                            
     3.218463004                275      context-switches                                            
     3.319093723                214      context-switches                                            
     3.419678336                292      context-switches                                            
     3.520375540                199      context-switches                                            
     3.620979274                180      context-switches                                            
     3.721534386                300      context-switches                                            
     3.821929843                197      context-switches                                            
     3.922313486                233      context-switches                                            
     4.022866650                391      context-switches                                            
     4.123533944                201      context-switches                                            
     4.224102401                186      context-switches                                            
     4.324711338                188      context-switches                                            
     4.425283271                258      context-switches                                            
     4.525849920                186      context-switches                                            
     4.626497088                268      context-switches                                            
     4.727019477                185      context-switches                                            
     4.827651713                123      context-switches                                            
     4.927976782                288      context-switches                                            
     5.028200748             31,013      context-switches                                            
#           time             counts unit events
     5.128414443             36,660      context-switches                                            
     5.228519184             36,534      context-switches                                            
     5.328783518             36,349      context-switches                                            
     5.428893328             37,605      context-switches                                            
     5.529199524             36,443      context-switches                                            
     5.629301405             38,063      context-switches                                            
     5.729435245             37,877      context-switches                                            
     5.829541058             38,360      context-switches                                            
     5.929677069             36,653      context-switches                                            
     6.029790576             37,426      context-switches                                            
     6.130079936             38,449      context-switches                                            
     6.230182879             37,770      context-switches                                            
     6.330404119             37,223      context-switches                                            
     6.430517051             37,554      context-switches                                            
     6.530793217             37,649      context-switches                                            
     6.630900800             36,672      context-switches                                            
     6.731120108             37,402      context-switches                                            
     6.831229078             36,710      context-switches                                            
     6.931419255             37,307      context-switches                                            
     7.031551464             36,253      context-switches                                            
     7.131689452             37,796      context-switches                                            
     7.231798251             36,731      context-switches                                            
     7.331963168             38,052      context-switches                                            
     7.432141171             37,487      context-switches                                            
     7.532360369             38,316      context-switches                                            
#           time             counts unit events
     7.632605698             36,618      context-switches                                            
     7.732841990             37,801      context-switches                                            
     7.833093317             36,864      context-switches                                            
     7.933258770             37,373      context-switches                                            
     8.033452770             36,584      context-switches                                            
     8.133566798             38,080      context-switches                                            
     8.233764006             35,398      context-switches                                            
     8.333922593             35,919      context-switches                                            
     8.434153953             37,288      context-switches                                            
     8.534421131             37,689      context-switches                                            
     8.634661183             37,117      context-switches                                            
     8.734891404             38,395      context-switches                                            
     8.835082274             36,487      context-switches                                            
     8.935187238             37,260      context-switches                                            
     9.035374408             36,496      context-switches                                            
     9.135561087             38,732      context-switches                                            
     9.235743311             37,300      context-switches                                            
     9.335848579             38,304      context-switches                                            
     9.435956081             37,040      context-switches                                            
     9.536172177             37,658      context-switches                                            
     9.636305489             36,131      context-switches                                            
     9.736472809             39,007      context-switches                                            
     9.836693485             36,844      context-switches                                            
     9.936843473             37,887      context-switches                                            
    10.000725859             24,017      context-switches                                            
