# started on Tue Nov  5 20:46:32 2019

#           time             counts unit events
     0.100754386                347      context-switches                                            
     0.201452337                331      context-switches                                            
     0.301999397                285      context-switches                                            
     0.402595687                189      context-switches                                            
     0.503233650                192      context-switches                                            
     0.603770703                131      context-switches                                            
     0.704280494                212      context-switches                                            
     0.804876970                231      context-switches                                            
     0.905416214                299      context-switches                                            
     1.005994974                265      context-switches                                            
     1.106520212                437      context-switches                                            
     1.206954502                343      context-switches                                            
     1.307396220                178      context-switches                                            
     1.407972536                159      context-switches                                            
     1.508583130                205      context-switches                                            
     1.609178866                180      context-switches                                            
     1.709795503                200      context-switches                                            
     1.810310982                216      context-switches                                            
     1.910899884                242      context-switches                                            
     2.011454362                221      context-switches                                            
     2.112037698                269      context-switches                                            
     2.212652077                330      context-switches                                            
     2.313214564                204      context-switches                                            
     2.413812851                242      context-switches                                            
     2.514409133                236      context-switches                                            
#           time             counts unit events
     2.614945395                187      context-switches                                            
     2.715456072                206      context-switches                                            
     2.815986097                194      context-switches                                            
     2.916590686                230      context-switches                                            
     3.017241248                248      context-switches                                            
     3.117846820                260      context-switches                                            
     3.218419025                306      context-switches                                            
     3.318884250                182      context-switches                                            
     3.419329595                173      context-switches                                            
     3.519927025                143      context-switches                                            
     3.620547173                192      context-switches                                            
     3.721150656                209      context-switches                                            
     3.821657600                197      context-switches                                            
     3.922211534                218      context-switches                                            
     4.022826851                214      context-switches                                            
     4.123445508                283      context-switches                                            
     4.223925352                302      context-switches                                            
     4.324550723                202      context-switches                                            
     4.425161391                184      context-switches                                            
     4.525750325                144      context-switches                                            
     4.626304259                170      context-switches                                            
     4.726847448                201      context-switches                                            
     4.827324951                238      context-switches                                            
     4.927801668                214      context-switches                                            
     5.028124301              5,297      context-switches                                            
#           time             counts unit events
     5.128378285             26,021      context-switches                                            
     5.228490578             37,599      context-switches                                            
     5.328657818             37,816      context-switches                                            
     5.428768808             37,518      context-switches                                            
     5.528945223             37,617      context-switches                                            
     5.629057072             36,810      context-switches                                            
     5.729327784             38,033      context-switches                                            
     5.829436808             36,445      context-switches                                            
     5.929635486             37,996      context-switches                                            
     6.029779318             36,102      context-switches                                            
     6.129891501             37,529      context-switches                                            
     6.230125329             37,744      context-switches                                            
     6.330332344             37,983      context-switches                                            
     6.430626760             37,381      context-switches                                            
     6.530841184             38,590      context-switches                                            
     6.631085328             35,681      context-switches                                            
     6.731197955             38,629      context-switches                                            
     6.831477562             35,515      context-switches                                            
     6.931718437             38,841      context-switches                                            
     7.032045007             35,216      context-switches                                            
     7.132301270             38,601      context-switches                                            
     7.232547669             35,314      context-switches                                            
     7.332817406             38,575      context-switches                                            
     7.433056854             35,703      context-switches                                            
     7.533299744             39,103      context-switches                                            
#           time             counts unit events
     7.633512022             35,800      context-switches                                            
     7.733735151             38,188      context-switches                                            
     7.833849592             36,405      context-switches                                            
     7.934088372             39,132      context-switches                                            
     8.034227349             36,093      context-switches                                            
     8.134517714             38,291      context-switches                                            
     8.234771040             36,181      context-switches                                            
     8.334906436             39,134      context-switches                                            
     8.435159530             36,654      context-switches                                            
     8.535266832             38,006      context-switches                                            
     8.635449675             36,484      context-switches                                            
     8.735563163             38,057      context-switches                                            
     8.835821008             37,210      context-switches                                            
     8.936089869             38,014      context-switches                                            
     9.036351137             36,818      context-switches                                            
     9.136613916             37,024      context-switches                                            
     9.236876156             36,971      context-switches                                            
     9.337164199             37,906      context-switches                                            
     9.437424436             36,368      context-switches                                            
     9.537725321             37,503      context-switches                                            
     9.637943451             37,321      context-switches                                            
     9.738079450             37,612      context-switches                                            
     9.838269876             36,288      context-switches                                            
     9.938452617             38,620      context-switches                                            
    10.000772754             23,882      context-switches                                            
