# started on Thu Nov  7 01:46:07 2019

#           time             counts unit events
     0.100158400             37,192      context-switches                                            
     0.200340760             36,512      context-switches                                            
     0.300551163             39,575      context-switches                                            
     0.400776724             36,346      context-switches                                            
     0.500993844             38,919      context-switches                                            
     0.601219651             35,486      context-switches                                            
     0.701479504             38,544      context-switches                                            
     0.801701943             37,013      context-switches                                            
     0.901917404             38,871      context-switches                                            
     1.002214911             36,322      context-switches                                            
     1.102489035             38,552      context-switches                                            
     1.202702380             37,109      context-switches                                            
     1.302951484             39,253      context-switches                                            
     1.403114013             36,342      context-switches                                            
     1.503252324             37,934      context-switches                                            
     1.603502785             36,987      context-switches                                            
     1.703638896             39,400      context-switches                                            
     1.803848618             36,626      context-switches                                            
     1.904024279             38,728      context-switches                                            
     2.004193784             36,349      context-switches                                            
     2.104339143             38,541      context-switches                                            
     2.204547768             35,826      context-switches                                            
     2.304653394             38,386      context-switches                                            
     2.404902915             36,092      context-switches                                            
     2.505054295             38,603      context-switches                                            
#           time             counts unit events
     2.605278933             37,153      context-switches                                            
     2.705388976             38,900      context-switches                                            
     2.805487116             37,759      context-switches                                            
     2.905766361             38,120      context-switches                                            
     3.005976222             35,411      context-switches                                            
     3.106165363             39,059      context-switches                                            
     3.206393157             37,047      context-switches                                            
     3.306747864             38,094      context-switches                                            
     3.406934848             37,449      context-switches                                            
     3.507119676             38,271      context-switches                                            
     3.607283562             36,299      context-switches                                            
     3.707560046             38,585      context-switches                                            
     3.807726021             36,587      context-switches                                            
     3.907810315             38,414      context-switches                                            
     4.008010776             35,933      context-switches                                            
     4.108297806             38,246      context-switches                                            
     4.208438575             36,599      context-switches                                            
     4.308619942             38,713      context-switches                                            
     4.408846341             35,989      context-switches                                            
     4.509083838             37,842      context-switches                                            
     4.609245992             36,814      context-switches                                            
     4.709494677             38,517      context-switches                                            
     4.809741383             36,973      context-switches                                            
     4.910018824             37,798      context-switches                                            
     5.010264817             36,842      context-switches                                            
#           time             counts unit events
     5.110453344             38,018      context-switches                                            
     5.210708672             36,918      context-switches                                            
     5.310933212             38,918      context-switches                                            
     5.411187805             36,617      context-switches                                            
     5.511362959             37,655      context-switches                                            
     5.611562096             36,726      context-switches                                            
     5.711671902             38,535      context-switches                                            
     5.811825792             36,715      context-switches                                            
     5.912014557             37,377      context-switches                                            
     6.012269431             35,921      context-switches                                            
     6.112429650             37,752      context-switches                                            
     6.212711130             37,045      context-switches                                            
     6.312879777             38,922      context-switches                                            
     6.413122552             36,655      context-switches                                            
     6.513313425             38,440      context-switches                                            
     6.613527479             37,162      context-switches                                            
     6.713747381             38,041      context-switches                                            
     6.813971375             36,678      context-switches                                            
     6.914092936             38,924      context-switches                                            
     7.014347545             36,985      context-switches                                            
     7.114552842             38,340      context-switches                                            
     7.214791510             37,782      context-switches                                            
     7.314897505             38,421      context-switches                                            
     7.415033995             36,139      context-switches                                            
     7.515143606             38,564      context-switches                                            
#           time             counts unit events
     7.615369179             37,074      context-switches                                            
     7.715480634             37,302      context-switches                                            
     7.815648635             37,415      context-switches                                            
     7.915791745             37,513      context-switches                                            
     8.016012371             37,588      context-switches                                            
     8.116148020             37,641      context-switches                                            
     8.216262265             37,339      context-switches                                            
     8.316415539             37,837      context-switches                                            
     8.416521645             37,107      context-switches                                            
     8.516729646             37,057      context-switches                                            
     8.616973063             38,340      context-switches                                            
     8.717130360             37,036      context-switches                                            
     8.817326990             37,235      context-switches                                            
     8.917436368             36,806      context-switches                                            
     9.017621523             37,165      context-switches                                            
     9.117731418             37,404      context-switches                                            
     9.217955727             38,127      context-switches                                            
     9.318062630             36,752      context-switches                                            
     9.418303249             38,871      context-switches                                            
     9.518532904             35,710      context-switches                                            
     9.618692728             39,076      context-switches                                            
     9.718924057             37,264      context-switches                                            
     9.819070252             37,026      context-switches                                            
     9.919323794             36,516      context-switches                                            
    10.000885991             31,137      context-switches                                            
