# started on Wed Nov  6 01:59:25 2019

#           time             counts unit events
     0.100829103                380      context-switches                                            
     0.201507867                172      context-switches                                            
     0.302050271                181      context-switches                                            
     0.402631833                177      context-switches                                            
     0.503250938                194      context-switches                                            
     0.603845495                410      context-switches                                            
     0.704454411                186      context-switches                                            
     0.804997692                209      context-switches                                            
     0.905577534                192      context-switches                                            
     1.006106825                158      context-switches                                            
     1.106476997                221      context-switches                                            
     1.207066627                194      context-switches                                            
     1.307667952                182      context-switches                                            
     1.408268260                210      context-switches                                            
     1.508674388                214      context-switches                                            
     1.609174396                491      context-switches                                            
     1.709774936                191      context-switches                                            
     1.810336028                259      context-switches                                            
     1.910935784                250      context-switches                                            
     2.011527757                140      context-switches                                            
     2.112115557                318      context-switches                                            
     2.212712206                222      context-switches                                            
     2.312855690              1,458      context-switches                                            
     2.413187699              1,718      context-switches                                            
     2.513535450                335      context-switches                                            
#           time             counts unit events
     2.614090001              4,468      context-switches                                            
     2.714672144                220      context-switches                                            
     2.815277979                204      context-switches                                            
     2.915929660              6,545      context-switches                                            
     3.016528247                134      context-switches                                            
     3.117143096                244      context-switches                                            
     3.217734053                190      context-switches                                            
     3.318278920                222      context-switches                                            
     3.418842121                168      context-switches                                            
     3.519457865                192      context-switches                                            
     3.619946827                568      context-switches                                            
     3.720459009                227      context-switches                                            
     3.820977585                224      context-switches                                            
     3.921577213                193      context-switches                                            
     4.022225365                214      context-switches                                            
     4.122826545                246      context-switches                                            
     4.223306921                173      context-switches                                            
     4.323777953                226      context-switches                                            
     4.424268737                173      context-switches                                            
     4.524698028                216      context-switches                                            
     4.625161232                498      context-switches                                            
     4.725755005                185      context-switches                                            
     4.826365587                206      context-switches                                            
     4.926943834                181      context-switches                                            
     5.027275775              2,711      context-switches                                            
#           time             counts unit events
     5.127591569              2,889      context-switches                                            
     5.228009039              2,111      context-switches                                            
     5.328394617              3,582      context-switches                                            
     5.428942338              1,031      context-switches                                            
     5.529223609              3,697      context-switches                                            
     5.629447549              6,313      context-switches                                            
     5.729584002              4,672      context-switches                                            
     5.830103056              2,737      context-switches                                            
     5.930352856              1,694      context-switches                                            
     6.030574257             10,205      context-switches                                            
     6.130822391              6,637      context-switches                                            
     6.231338631              6,473      context-switches                                            
     6.331768752              1,616      context-switches                                            
     6.432191583              1,531      context-switches                                            
     6.532359979              5,154      context-switches                                            
     6.632637950              8,124      context-switches                                            
     6.732885998              5,377      context-switches                                            
     6.833410735              2,288      context-switches                                            
     6.933765886              1,444      context-switches                                            
     7.033932871              8,356      context-switches                                            
     7.134287123              7,349      context-switches                                            
     7.234563881              8,236      context-switches                                            
     7.335090490              1,620      context-switches                                            
     7.435518076              1,427      context-switches                                            
     7.535699619              4,960      context-switches                                            
#           time             counts unit events
     7.636030315              7,892      context-switches                                            
     7.736185599              5,374      context-switches                                            
     7.836472417              2,148      context-switches                                            
     7.937113742              1,061      context-switches                                            
     8.037287761              4,530      context-switches                                            
     8.137567595              8,663      context-switches                                            
     8.237700130              5,307      context-switches                                            
     8.337989036              2,380      context-switches                                            
     8.438517617              1,002      context-switches                                            
     8.538721837              3,445      context-switches                                            
     8.639025117              9,778      context-switches                                            
     8.739252801              5,389      context-switches                                            
     8.839718937              7,964      context-switches                                            
     8.940156240              1,054      context-switches                                            
     9.040480712              4,198      context-switches                                            
     9.140672672              9,074      context-switches                                            
     9.240844173              5,467      context-switches                                            
     9.341163611              2,285      context-switches                                            
     9.441648634                943      context-switches                                            
     9.541914830              4,257      context-switches                                            
     9.642293126              8,847      context-switches                                            
     9.742625757              4,005      context-switches                                            
     9.843205314              7,884      context-switches                                            
     9.943791593              1,052      context-switches                                            
    10.000618633              1,121      context-switches                                            
