# started on Thu Nov  7 01:28:00 2019

#           time             counts unit events
     0.100821952                203      context-switches                                            
     0.201481005                167      context-switches                                            
     0.301953571              1,410      context-switches                                            
     0.402333115              1,275      context-switches                                            
     0.502844502              2,298      context-switches                                            
     0.603201533              1,676      context-switches                                            
     0.703811584              3,548      context-switches                                            
     0.803993876              2,245      context-switches                                            
     0.904280115              4,105      context-switches                                            
     1.004671143              4,224      context-switches                                            
     1.104973413              1,561      context-switches                                            
     1.205440804              4,161      context-switches                                            
     1.305747436              1,481      context-switches                                            
     1.406089834              3,618      context-switches                                            
     1.506588703              4,083      context-switches                                            
     1.606967596              1,607      context-switches                                            
     1.707187951              4,206      context-switches                                            
     1.807353963              1,526      context-switches                                            
     1.907688684              4,430      context-switches                                            
     2.008173677              4,033      context-switches                                            
     2.108535972              1,438      context-switches                                            
     2.208974775              4,301      context-switches                                            
     2.309290281              1,679      context-switches                                            
     2.409829052              3,675      context-switches                                            
     2.510078470              3,857      context-switches                                            
#           time             counts unit events
     2.610366381              1,867      context-switches                                            
     2.710822293              3,734      context-switches                                            
     2.810942239              2,618      context-switches                                            
     2.911161474              3,665      context-switches                                            
     3.011650240              3,899      context-switches                                            
     3.112016887              1,686      context-switches                                            
     3.212444766              3,526      context-switches                                            
     3.312735742              3,605      context-switches                                            
     3.412986246              2,358      context-switches                                            
     3.513147862              3,516      context-switches                                            
     3.613536150              2,437      context-switches                                            
     3.713738920              3,584      context-switches                                            
     3.813989868              2,537      context-switches                                            
     3.914429607              3,710      context-switches                                            
     4.014804155              4,102      context-switches                                            
     4.115208614              1,593      context-switches                                            
     4.215638780              4,395      context-switches                                            
     4.315744392              3,203      context-switches                                            
     4.416062570              2,067      context-switches                                            
     4.516433765              3,854      context-switches                                            
     4.616786308              1,762      context-switches                                            
     4.717075257              3,908      context-switches                                            
     4.817407478              1,539      context-switches                                            
     4.917635376              4,535      context-switches                                            
     5.018081527              3,850      context-switches                                            
#           time             counts unit events
     5.118403838              1,362      context-switches                                            
     5.218978939              4,515      context-switches                                            
     5.319134304              3,533      context-switches                                            
     5.419525221              1,893      context-switches                                            
     5.520058552              4,040      context-switches                                            
     5.620181130              1,897      context-switches                                            
     5.720466077              3,921      context-switches                                            
     5.820565993              3,039      context-switches                                            
     5.920997420              2,605      context-switches                                            
     6.021540863              3,893      context-switches                                            
     6.121902643              1,633      context-switches                                            
     6.222354379              3,806      context-switches                                            
     6.322540220              2,555      context-switches                                            
     6.422995114              3,523      context-switches                                            
     6.523438673              4,011      context-switches                                            
     6.623699265              1,511      context-switches                                            
     6.724088648              4,075      context-switches                                            
     6.824231356              2,907      context-switches                                            
     6.924756367              2,703      context-switches                                            
     7.025293943              3,854      context-switches                                            
     7.125587255              1,723      context-switches                                            
     7.226029558              3,328      context-switches                                            
     7.326237880              2,033      context-switches                                            
     7.426736298              3,860      context-switches                                            
     7.527102110              3,907      context-switches                                            
#           time             counts unit events
     7.627328524              1,665      context-switches                                            
     7.727768275              4,240      context-switches                                            
     7.827957152              2,803      context-switches                                            
     7.928483453              3,071      context-switches                                            
     8.028881337              4,119      context-switches                                            
     8.128990054              3,236      context-switches                                            
     8.229419835              2,067      context-switches                                            
     8.329599991              2,861      context-switches                                            
     8.429890740              3,951      context-switches                                            
     8.530461710              3,226      context-switches                                            
     8.630707939              1,677      context-switches                                            
     8.731194083              4,103      context-switches                                            
     8.831446016              3,342      context-switches                                            
     8.931850224              2,217      context-switches                                            
     9.032363448              4,008      context-switches                                            
     9.132605463              1,892      context-switches                                            
     9.233102617              3,969      context-switches                                            
     9.333326010              3,654      context-switches                                            
     9.433591959              2,021      context-switches                                            
     9.533768913              3,955      context-switches                                            
     9.633923555              2,204      context-switches                                            
     9.734531041              9,127      context-switches                                            
     9.834712363              3,599      context-switches                                            
     9.935095699              3,098      context-switches                                            
    10.000550258              2,720      context-switches                                            
