# started on Tue Nov  5 21:05:50 2019

#           time             counts unit events
     0.100782178                421      context-switches                                            
     0.201454675                221      context-switches                                            
     0.301974995                196      context-switches                                            
     0.402562112                311      context-switches                                            
     0.503142066                205      context-switches                                            
     0.603671680                412      context-switches                                            
     0.704274273                246      context-switches                                            
     0.804790316                204      context-switches                                            
     0.905342707                161      context-switches                                            
     1.005777176                205      context-switches                                            
     1.106247006                230      context-switches                                            
     1.206749627                269      context-switches                                            
     1.307294079                213      context-switches                                            
     1.407800107                180      context-switches                                            
     1.508304184                268      context-switches                                            
     1.608887728                396      context-switches                                            
     1.709468911                184      context-switches                                            
     1.809920752                629      context-switches                                            
     1.910419234                205      context-switches                                            
     2.010969474                209      context-switches                                            
     2.111420208                251      context-switches                                            
     2.211960834                276      context-switches                                            
     2.312437148                384      context-switches                                            
     2.413058176                247      context-switches                                            
     2.513648167                429      context-switches                                            
#           time             counts unit events
     2.614259093                354      context-switches                                            
     2.714869648                158      context-switches                                            
     2.815365187                172      context-switches                                            
     2.915819554                194      context-switches                                            
     3.016299165                159      context-switches                                            
     3.116805382                204      context-switches                                            
     3.217381991                269      context-switches                                            
     3.317957079                204      context-switches                                            
     3.418482262                171      context-switches                                            
     3.519077844                240      context-switches                                            
     3.619534703                343      context-switches                                            
     3.720168592                208      context-switches                                            
     3.820794988                246      context-switches                                            
     3.921319353                161      context-switches                                            
     4.021824376                158      context-switches                                            
     4.122276848                210      context-switches                                            
     4.222817919                242      context-switches                                            
     4.323417407                192      context-switches                                            
     4.423918170                228      context-switches                                            
     4.524498300                202      context-switches                                            
     4.624968865                404      context-switches                                            
     4.725553487                170      context-switches                                            
     4.826150309                172      context-switches                                            
     4.926548463                177      context-switches                                            
     5.027089207                150      context-switches                                            
#           time             counts unit events
     5.127404526              2,324      context-switches                                            
     5.227867258                706      context-switches                                            
     5.328435915              2,145      context-switches                                            
     5.428767360              3,154      context-switches                                            
     5.529126947              4,009      context-switches                                            
     5.629279616              2,559      context-switches                                            
     5.729828891              3,041      context-switches                                            
     5.830371385              3,939      context-switches                                            
     5.930503089              1,792      context-switches                                            
     6.031089770              3,998      context-switches                                            
     6.131206719              2,952      context-switches                                            
     6.231687603              2,681      context-switches                                            
     6.332217454              3,744      context-switches                                            
     6.432355090              2,146      context-switches                                            
     6.532542779              4,087      context-switches                                            
     6.632660768              2,879      context-switches                                            
     6.733038122              2,931      context-switches                                            
     6.833644316              3,821      context-switches                                            
     6.933966133              1,883      context-switches                                            
     7.034121836              3,883      context-switches                                            
     7.134377612              3,398      context-switches                                            
     7.234819488              2,291      context-switches                                            
     7.335009164              4,490      context-switches                                            
     7.435150806              2,249      context-switches                                            
     7.535415758              6,451      context-switches                                            
#           time             counts unit events
     7.635720406             11,552      context-switches                                            
     7.736230487              4,158      context-switches                                            
     7.836685182              4,765      context-switches                                            
     7.937003274              1,261      context-switches                                            
     8.037508987              3,710      context-switches                                            
     8.137631636              3,385      context-switches                                            
     8.237972528              2,017      context-switches                                            
     8.338605975              3,792      context-switches                                            
     8.438960610              1,811      context-switches                                            
     8.539356902              3,882      context-switches                                            
     8.639556960              3,127      context-switches                                            
     8.740027436              2,844      context-switches                                            
     8.840407423              3,902      context-switches                                            
     8.940645470              1,804      context-switches                                            
     9.041004947              3,852      context-switches                                            
     9.141142708              2,527      context-switches                                            
     9.241547867              3,017      context-switches                                            
     9.342070851              4,083      context-switches                                            
     9.442200707              3,461      context-switches                                            
     9.542535383              2,406      context-switches                                            
     9.642717182              3,543      context-switches                                            
     9.743097869              2,495      context-switches                                            
     9.843646847              3,147      context-switches                                            
     9.943939763              2,102      context-switches                                            
    10.000816076              3,071      context-switches                                            
