# started on Tue Nov  5 21:14:02 2019

#           time             counts unit events
     0.100590432                643      context-switches                                            
     0.201203689              2,686      context-switches                                            
     0.301596141                809      context-switches                                            
     0.401761554              4,241      context-switches                                            
     0.502343165                196      context-switches                                            
     0.602863424                208      context-switches                                            
     0.703380433                433      context-switches                                            
     0.804029292                301      context-switches                                            
     0.904529992                229      context-switches                                            
     1.004969243                292      context-switches                                            
     1.105570463                419      context-switches                                            
     1.206146016                320      context-switches                                            
     1.306761946                296      context-switches                                            
     1.407256807                243      context-switches                                            
     1.507813822                225      context-switches                                            
     1.608425318                173      context-switches                                            
     1.709001116                283      context-switches                                            
     1.809539562                219      context-switches                                            
     1.910221580                228      context-switches                                            
     2.010838504                273      context-switches                                            
     2.111469191              1,547      context-switches                                            
     2.212091548                259      context-switches                                            
     2.312654246                367      context-switches                                            
     2.413243868                155      context-switches                                            
     2.513757545                171      context-switches                                            
#           time             counts unit events
     2.614321027                150      context-switches                                            
     2.714975710                199      context-switches                                            
     2.815569717                234      context-switches                                            
     2.916058480                244      context-switches                                            
     3.016367115                260      context-switches                                            
     3.116919484                308      context-switches                                            
     3.217444509                213      context-switches                                            
     3.318060359                268      context-switches                                            
     3.418664159                116      context-switches                                            
     3.519258325                210      context-switches                                            
     3.619849869                158      context-switches                                            
     3.720450426                219      context-switches                                            
     3.821029317                226      context-switches                                            
     3.921516939                201      context-switches                                            
     4.021995391                381      context-switches                                            
     4.122578338                148      context-switches                                            
     4.223176159                217      context-switches                                            
     4.323795100                258      context-switches                                            
     4.424409772                158      context-switches                                            
     4.524987766                168      context-switches                                            
     4.625492201                152      context-switches                                            
     4.726103129                214      context-switches                                            
     4.826702141                204      context-switches                                            
     4.927320257                210      context-switches                                            
     5.027485753              6,399      context-switches                                            
#           time             counts unit events
     5.127713263             19,117      context-switches                                            
     5.227934546             35,695      context-switches                                            
     5.328245717             38,429      context-switches                                            
     5.428416447             35,883      context-switches                                            
     5.528637733             38,216      context-switches                                            
     5.628837864             36,226      context-switches                                            
     5.729134296             37,915      context-switches                                            
     5.829352230             36,833      context-switches                                            
     5.929533595             37,757      context-switches                                            
     6.029636513             37,254      context-switches                                            
     6.129802313             38,554      context-switches                                            
     6.229989713             36,361      context-switches                                            
     6.330212056             38,910      context-switches                                            
     6.430423924             35,794      context-switches                                            
     6.530634466             39,222      context-switches                                            
     6.630885236             36,186      context-switches                                            
     6.730988912             38,485      context-switches                                            
     6.831236180             36,227      context-switches                                            
     6.931378265             38,317      context-switches                                            
     7.031565503             36,666      context-switches                                            
     7.131781205             39,207      context-switches                                            
     7.232040001             33,822      context-switches                                            
     7.332150102             37,846      context-switches                                            
     7.432416495             37,071      context-switches                                            
     7.532526990             38,355      context-switches                                            
#           time             counts unit events
     7.632689736             35,891      context-switches                                            
     7.732799601             37,026      context-switches                                            
     7.833006331             36,338      context-switches                                            
     7.933140077             37,155      context-switches                                            
     8.033431651             36,812      context-switches                                            
     8.133575488             37,673      context-switches                                            
     8.233805910             36,499      context-switches                                            
     8.334074366             37,231      context-switches                                            
     8.434394271             36,878      context-switches                                            
     8.534566479             37,668      context-switches                                            
     8.634804017             35,952      context-switches                                            
     8.735091556             37,760      context-switches                                            
     8.835348402             37,427      context-switches                                            
     8.935611623             35,807      context-switches                                            
     9.035829188             37,514      context-switches                                            
     9.135992653             37,859      context-switches                                            
     9.236244743             37,778      context-switches                                            
     9.336557362             38,318      context-switches                                            
     9.436805869             37,840      context-switches                                            
     9.536919342             37,276      context-switches                                            
     9.637090856             36,319      context-switches                                            
     9.737353214             37,221      context-switches                                            
     9.837460798             36,974      context-switches                                            
     9.937624605             36,109      context-switches                                            
    10.000646275             23,744      context-switches                                            
