# started on Tue Nov  5 23:50:36 2019

#           time             counts unit events
     0.100760386                325      context-switches                                            
     0.201440750                221      context-switches                                            
     0.301984678                160      context-switches                                            
     0.402586148                214      context-switches                                            
     0.503193754                394      context-switches                                            
     0.603769693                163      context-switches                                            
     0.704235974                178      context-switches                                            
     0.804825989                179      context-switches                                            
     0.905422050                204      context-switches                                            
     1.006082025                200      context-switches                                            
     1.106759853                226      context-switches                                            
     1.207296967                204      context-switches                                            
     1.307753502                137      context-switches                                            
     1.408274595                259      context-switches                                            
     1.508895387                385      context-switches                                            
     1.609530896                170      context-switches                                            
     1.710177334                135      context-switches                                            
     1.810613703                189      context-switches                                            
     1.911158421                230      context-switches                                            
     2.011778088                227      context-switches                                            
     2.112418629                209      context-switches                                            
     2.212968356                274      context-switches                                            
     2.313628625                342      context-switches                                            
     2.414185819                350      context-switches                                            
     2.514872915                347      context-switches                                            
#           time             counts unit events
     2.615461612              6,267      context-switches                                            
     2.716089329                170      context-switches                                            
     2.816583635                170      context-switches                                            
     2.917149259                259      context-switches                                            
     3.017722811                218      context-switches                                            
     3.118400657                205      context-switches                                            
     3.219019444                212      context-switches                                            
     3.319560951                173      context-switches                                            
     3.420231562                211      context-switches                                            
     3.520850434                340      context-switches                                            
     3.621505521                222      context-switches                                            
     3.722122924                233      context-switches                                            
     3.822716538                132      context-switches                                            
     3.923188881                248      context-switches                                            
     4.023745022                203      context-switches                                            
     4.124266019                288      context-switches                                            
     4.224822658                217      context-switches                                            
     4.325281473                189      context-switches                                            
     4.425706376                195      context-switches                                            
     4.526258961                351      context-switches                                            
     4.626930451                183      context-switches                                            
     4.727571560                159      context-switches                                            
     4.828199160                188      context-switches                                            
     4.928700680                242      context-switches                                            
     5.028898917              4,637      context-switches                                            
#           time             counts unit events
     5.129127473              6,049      context-switches                                            
     5.229240367             38,188      context-switches                                            
     5.329362714             39,189      context-switches                                            
     5.429542051             36,361      context-switches                                            
     5.529674178             38,164      context-switches                                            
     5.629832903             37,637      context-switches                                            
     5.730069257             37,687      context-switches                                            
     5.830178606             37,418      context-switches                                            
     5.930454420             36,998      context-switches                                            
     6.030565323             37,474      context-switches                                            
     6.130765002             37,819      context-switches                                            
     6.230904000             37,181      context-switches                                            
     6.331148488             37,279      context-switches                                            
     6.431382900             37,320      context-switches                                            
     6.531677603             37,645      context-switches                                            
     6.631825828             36,311      context-switches                                            
     6.731990873             38,589      context-switches                                            
     6.832138628             36,566      context-switches                                            
     6.932310267             38,314      context-switches                                            
     7.032527595             36,466      context-switches                                            
     7.132742834             38,404      context-switches                                            
     7.232987756             36,443      context-switches                                            
     7.333210476             36,425      context-switches                                            
     7.433321440             37,241      context-switches                                            
     7.533535888             37,948      context-switches                                            
#           time             counts unit events
     7.633836075             37,773      context-switches                                            
     7.734026318             37,805      context-switches                                            
     7.834254858             37,805      context-switches                                            
     7.934517751             37,884      context-switches                                            
     8.034721532             37,148      context-switches                                            
     8.134942348             37,904      context-switches                                            
     8.235115232             37,251      context-switches                                            
     8.335391039             37,655      context-switches                                            
     8.435562337             36,738      context-switches                                            
     8.535720405             37,933      context-switches                                            
     8.636000490             36,705      context-switches                                            
     8.736094144             38,169      context-switches                                            
     8.836322221             36,909      context-switches                                            
     8.936552684             37,831      context-switches                                            
     9.036712164             36,659      context-switches                                            
     9.136920670             38,589      context-switches                                            
     9.237054215             36,744      context-switches                                            
     9.337188542             38,227      context-switches                                            
     9.437289952             35,014      context-switches                                            
     9.537522441             37,922      context-switches                                            
     9.637749869             36,999      context-switches                                            
     9.737912692             38,789      context-switches                                            
     9.838179419             37,897      context-switches                                            
     9.938290541             38,023      context-switches                                            
    10.000826217             23,393      context-switches                                            
