# started on Wed Nov 13 11:34:53 2019

#           time             counts unit events
     0.100451640             30,091      context-switches                                            
     0.200655512             23,177      context-switches                                            
     0.300911552             25,446      context-switches                                            
     0.401398971             18,803      context-switches                                            
     0.501712606             20,534      context-switches                                            
     0.602369094             14,328      context-switches                                            
     0.702554723             20,540      context-switches                                            
     0.802740397             29,452      context-switches                                            
     0.903005151             20,349      context-switches                                            
     1.004016892             13,641      context-switches                                            
     1.104776026             12,930      context-switches                                            
     1.205813627             11,623      context-switches                                            
     1.306751723             10,298      context-switches                                            
     1.407104679             15,481      context-switches                                            
     1.507657987             18,780      context-switches                                            
     1.608627933             13,164      context-switches                                            
     1.708916331             14,309      context-switches                                            
     1.809220702             12,636      context-switches                                            
     1.910082624             13,577      context-switches                                            
     2.010618219             20,030      context-switches                                            
     2.111701088             23,541      context-switches                                            
     2.212483201             29,248      context-switches                                            
     2.312886813             29,128      context-switches                                            
     2.413227557             29,403      context-switches                                            
     2.513677714             24,269      context-switches                                            
#           time             counts unit events
     2.614143816             12,831      context-switches                                            
     2.714526153             19,896      context-switches                                            
     2.814760955             21,467      context-switches                                            
     2.915126569             19,292      context-switches                                            
     3.015356544             17,925      context-switches                                            
     3.115976264             18,953      context-switches                                            
     3.216323448             16,878      context-switches                                            
     3.316542009             17,371      context-switches                                            
     3.416874549             17,966      context-switches                                            
     3.517791859             15,434      context-switches                                            
     3.618706971             15,279      context-switches                                            
     3.719523646             16,062      context-switches                                            
     3.819972609             17,625      context-switches                                            
     3.920216188             19,238      context-switches                                            
     4.020529632             21,910      context-switches                                            
     4.120801681             17,613      context-switches                                            
     4.221040001             17,413      context-switches                                            
     4.321253135             18,270      context-switches                                            
     4.421567953             20,325      context-switches                                            
     4.521954067             16,065      context-switches                                            
     4.622160657             19,848      context-switches                                            
     4.722585035             21,021      context-switches                                            
     4.822950657             14,292      context-switches                                            
     4.923331970             14,459      context-switches                                            
     5.023761781             16,560      context-switches                                            
#           time             counts unit events
     5.124259397             11,922      context-switches                                            
     5.224727668             17,044      context-switches                                            
     5.324939466             18,426      context-switches                                            
     5.425126862             18,736      context-switches                                            
     5.525302181             18,521      context-switches                                            
     5.625672196             23,668      context-switches                                            
     5.725904018             19,040      context-switches                                            
     5.826127265             17,681      context-switches                                            
     5.927084067             18,393      context-switches                                            
     6.027949607             14,733      context-switches                                            
     6.128163639             20,548      context-switches                                            
     6.228515637             16,495      context-switches                                            
     6.328738309             14,912      context-switches                                            
     6.428926840             28,072      context-switches                                            
     6.529179546             22,601      context-switches                                            
     6.629647833             23,059      context-switches                                            
     6.729864243             19,084      context-switches                                            
     6.830143964             21,854      context-switches                                            
     6.930357064             19,099      context-switches                                            
     7.030786326             21,411      context-switches                                            
     7.131037316             16,152      context-switches                                            
     7.231242883             18,781      context-switches                                            
     7.331438170             21,194      context-switches                                            
     7.431656595             23,120      context-switches                                            
     7.531888195             16,782      context-switches                                            
#           time             counts unit events
     7.632107877             17,636      context-switches                                            
     7.732442447             17,512      context-switches                                            
     7.832781409             15,708      context-switches                                            
     7.933502952             14,925      context-switches                                            
     8.033809445             13,230      context-switches                                            
     8.134135620             16,180      context-switches                                            
     8.234500194             16,331      context-switches                                            
     8.334720281             18,220      context-switches                                            
     8.434927572             19,704      context-switches                                            
     8.535325168             23,055      context-switches                                            
     8.635540273             17,139      context-switches                                            
     8.735746205             16,322      context-switches                                            
     8.836755503             21,407      context-switches                                            
     8.936956081             17,623      context-switches                                            
     9.037177633             20,521      context-switches                                            
     9.137615067             20,962      context-switches                                            
     9.237909552             19,336      context-switches                                            
     9.338156894             19,712      context-switches                                            
     9.438623611             17,283      context-switches                                            
     9.538902641             22,083      context-switches                                            
     9.639117215             14,561      context-switches                                            
     9.739368034             19,560      context-switches                                            
     9.839726349             18,603      context-switches                                            
     9.939926555             21,139      context-switches                                            
    10.001126724             12,119      context-switches                                            
