# started on Tue Nov  5 23:05:01 2019

#           time             counts unit events
     0.100855664                371      context-switches                                            
     0.201527406                360      context-switches                                            
     0.302090249                207      context-switches                                            
     0.402621200                162      context-switches                                            
     0.503229482                145      context-switches                                            
     0.603807991                181      context-switches                                            
     0.704384852                179      context-switches                                            
     0.805008237                244      context-switches                                            
     0.905628098                245      context-switches                                            
     1.006161177                205      context-switches                                            
     1.106596686                292      context-switches                                            
     1.207092293                433      context-switches                                            
     1.307620667                174      context-switches                                            
     1.408202931                147      context-switches                                            
     1.508827579                170      context-switches                                            
     1.609375176                186      context-switches                                            
     1.709887124                212      context-switches                                            
     1.810442829                246      context-switches                                            
     1.911053801                215      context-switches                                            
     2.011640928                282      context-switches                                            
     2.112227974                393      context-switches                                            
     2.212859869                351      context-switches                                            
     2.313480850                169      context-switches                                            
     2.414082818                146      context-switches                                            
     2.514593952                162      context-switches                                            
#           time             counts unit events
     2.615091885                210      context-switches                                            
     2.715604536                153      context-switches                                            
     2.816195022                256      context-switches                                            
     2.916706105                157      context-switches                                            
     3.017317789                222      context-switches                                            
     3.117890410                256      context-switches                                            
     3.218510352                359      context-switches                                            
     3.319100601                247      context-switches                                            
     3.419723135                215      context-switches                                            
     3.520341840                210      context-switches                                            
     3.620944306                238      context-switches                                            
     3.721475536                160      context-switches                                            
     3.822066087                208      context-switches                                            
     3.922680595                180      context-switches                                            
     4.023321539                265      context-switches                                            
     4.123960276                290      context-switches                                            
     4.224564730                312      context-switches                                            
     4.325176091                174      context-switches                                            
     4.425773206                177      context-switches                                            
     4.526386358                149      context-switches                                            
     4.626964979                231      context-switches                                            
     4.727597662                199      context-switches                                            
     4.828215393                225      context-switches                                            
     4.928842255                130      context-switches                                            
     5.029872275                279      context-switches                                            
#           time             counts unit events
     5.130049326              1,849      context-switches                                            
     5.230642424              1,208      context-switches                                            
     5.331244868                174      context-switches                                            
     5.431661583              1,537      context-switches                                            
     5.532084928              3,874      context-switches                                            
     5.632590860                195      context-switches                                            
     5.732726575              1,313      context-switches                                            
     5.833196723              4,081      context-switches                                            
     5.933775677                169      context-switches                                            
     6.034242561              1,043      context-switches                                            
     6.134571541              4,199      context-switches                                            
     6.235062909                514      context-switches                                            
     6.335568817                159      context-switches                                            
     6.436062316              1,547      context-switches                                            
     6.536651182              3,576      context-switches                                            
     6.637241819                217      context-switches                                            
     6.737715058                944      context-switches                                            
     6.838020709              4,419      context-switches                                            
     6.938534873                343      context-switches                                            
     7.038748126                823      context-switches                                            
     7.139072321              1,687      context-switches                                            
     7.239316225              3,648      context-switches                                            
     7.339822896              6,150      context-switches                                            
     7.440347791              1,324      context-switches                                            
     7.540716168              3,652      context-switches                                            
#           time             counts unit events
     7.641269409                220      context-switches                                            
     7.741664613              1,029      context-switches                                            
     7.841918263              3,337      context-switches                                            
     7.942488004                923      context-switches                                            
     8.043021375                258      context-switches                                            
     8.143135884              3,404      context-switches                                            
     8.243718861              1,959      context-switches                                            
     8.344344615                160      context-switches                                            
     8.444565776              2,322      context-switches                                            
     8.545075541              2,796      context-switches                                            
     8.645641175                225      context-switches                                            
     8.746007786              1,099      context-switches                                            
     8.846436497              4,054      context-switches                                            
     8.946913487                153      context-switches                                            
     9.047309857                818      context-switches                                            
     9.147551432              4,532      context-switches                                            
     9.247993660                200      context-switches                                            
     9.348476796                652      context-switches                                            
     9.448757800              1,169      context-switches                                            
     9.549160053              3,388      context-switches                                            
     9.649740832                208      context-switches                                            
     9.750221883              1,180      context-switches                                            
     9.850746984              3,858      context-switches                                            
     9.951295868                168      context-switches                                            
    10.001284501                 66      context-switches                                            
