# started on Wed Nov  6 00:49:12 2019

#           time             counts unit events
     0.100782006                317      context-switches                                            
     0.201530645                229      context-switches                                            
     0.302123624                219      context-switches                                            
     0.402700896                203      context-switches                                            
     0.503296125                353      context-switches                                            
     0.603957702                203      context-switches                                            
     0.704623893                164      context-switches                                            
     0.805243617                244      context-switches                                            
     0.905682543                173      context-switches                                            
     1.006135295                254      context-switches                                            
     1.106779854                219      context-switches                                            
     1.207322853                244      context-switches                                            
     1.307885301                214      context-switches                                            
     1.408363125                385      context-switches                                            
     1.508934081                348      context-switches                                            
     1.609533715                193      context-switches                                            
     1.710142285                133      context-switches                                            
     1.810761634                250      context-switches                                            
     1.911421310                145      context-switches                                            
     2.012031369                190      context-switches                                            
     2.112503136                199      context-switches                                            
     2.213082317                199      context-switches                                            
     2.313727355                193      context-switches                                            
     2.414301062                205      context-switches                                            
     2.514965895                329      context-switches                                            
#           time             counts unit events
     2.615622845                232      context-switches                                            
     2.716233297                198      context-switches                                            
     2.816734385                262      context-switches                                            
     2.917309462                162      context-switches                                            
     3.018032819                208      context-switches                                            
     3.118664318                196      context-switches                                            
     3.219275482                298      context-switches                                            
     3.319882777                220      context-switches                                            
     3.420427433                182      context-switches                                            
     3.521004669                360      context-switches                                            
     3.621543075                183      context-switches                                            
     3.722151989                147      context-switches                                            
     3.822596030                244      context-switches                                            
     3.923182634                147      context-switches                                            
     4.023719195                193      context-switches                                            
     4.124331195                182      context-switches                                            
     4.224915454                196      context-switches                                            
     4.325536898                184      context-switches                                            
     4.426192080                270      context-switches                                            
     4.526678982                380      context-switches                                            
     4.627216029                210      context-switches                                            
     4.727816202                172      context-switches                                            
     4.828350130                235      context-switches                                            
     4.928996502                271      context-switches                                            
     5.029190452              2,777      context-switches                                            
#           time             counts unit events
     5.129500770              2,662      context-switches                                            
     5.229672813              2,947      context-switches                                            
     5.330194976              2,954      context-switches                                            
     5.430463047              3,420      context-switches                                            
     5.530753674              4,082      context-switches                                            
     5.630987368              5,111      context-switches                                            
     5.731444755              4,663      context-switches                                            
     5.831649646              2,050      context-switches                                            
     5.932100783              5,899      context-switches                                            
     6.032265283              5,752      context-switches                                            
     6.132701064              4,706      context-switches                                            
     6.232972835                822      context-switches                                            
     6.333321021              6,110      context-switches                                            
     6.433448081              4,611      context-switches                                            
     6.533738195              6,069      context-switches                                            
     6.634203895                718      context-switches                                            
     6.734487855             10,255      context-switches                                            
     6.834613646              5,721      context-switches                                            
     6.935003669              4,982      context-switches                                            
     7.035412610              1,024      context-switches                                            
     7.135911142              1,560      context-switches                                            
     7.236094704              1,934      context-switches                                            
     7.336408425              8,983      context-switches                                            
     7.436593623              5,497      context-switches                                            
     7.536825281              3,487      context-switches                                            
#           time             counts unit events
     7.637230614              1,820      context-switches                                            
     7.737387688              6,857      context-switches                                            
     7.837493672              5,990      context-switches                                            
     7.938050804              4,759      context-switches                                            
     8.038524067              1,559      context-switches                                            
     8.139148005              1,483      context-switches                                            
     8.239604392              1,443      context-switches                                            
     8.339759836              7,013      context-switches                                            
     8.440079509              8,177      context-switches                                            
     8.540545536              2,700      context-switches                                            
     8.641069407              4,227      context-switches                                            
     8.741434507              1,383      context-switches                                            
     8.841660875              7,397      context-switches                                            
     8.941767912              7,637      context-switches                                            
     9.042086754              5,007      context-switches                                            
     9.142561191              3,267      context-switches                                            
     9.243185737              1,657      context-switches                                            
     9.343463307              2,390      context-switches                                            
     9.443578769             10,235      context-switches                                            
     9.543861450              5,418      context-switches                                            
     9.644075347              5,182      context-switches                                            
     9.744674226              1,612      context-switches                                            
     9.844974394              1,902      context-switches                                            
     9.945189674              5,623      context-switches                                            
    10.000660602              1,891      context-switches                                            
