# started on Wed Nov  6 01:13:04 2019

#           time             counts unit events
     0.100764031                356      context-switches                                            
     0.201340847                256      context-switches                                            
     0.301737756              1,997      context-switches                                            
     0.402150171              1,562      context-switches                                            
     0.502494752                194      context-switches                                            
     0.603030855              4,264      context-switches                                            
     0.703596967                203      context-switches                                            
     0.804158478                198      context-switches                                            
     0.904733656                234      context-switches                                            
     1.005263983                392      context-switches                                            
     1.105893071                206      context-switches                                            
     1.206428018                169      context-switches                                            
     1.307026759                180      context-switches                                            
     1.407566232                277      context-switches                                            
     1.508161040                180      context-switches                                            
     1.608747705                322      context-switches                                            
     1.709385851                128      context-switches                                            
     1.810060169                218      context-switches                                            
     1.910587232                176      context-switches                                            
     2.011214461                344      context-switches                                            
     2.111878100                173      context-switches                                            
     2.212518337                170      context-switches                                            
     2.313108711                148      context-switches                                            
     2.413680715                339      context-switches                                            
     2.514248951                196      context-switches                                            
#           time             counts unit events
     2.614793997                285      context-switches                                            
     2.715344842                160      context-switches                                            
     2.816003514                226      context-switches                                            
     2.916487332                249      context-switches                                            
     3.016974852                400      context-switches                                            
     3.117485875                220      context-switches                                            
     3.218018149                191      context-switches                                            
     3.318618094                149      context-switches                                            
     3.419265268                330      context-switches                                            
     3.519783757                180      context-switches                                            
     3.620238838                360      context-switches                                            
     3.720805587                266      context-switches                                            
     3.821464976                327      context-switches                                            
     3.921761809                356      context-switches                                            
     4.022358959                337      context-switches                                            
     4.122933235                179      context-switches                                            
     4.223340691              6,220      context-switches                                            
     4.323896905                159      context-switches                                            
     4.424561156                326      context-switches                                            
     4.525217025                145      context-switches                                            
     4.625802608                256      context-switches                                            
     4.726442644                181      context-switches                                            
     4.826973535                230      context-switches                                            
     4.927311848                416      context-switches                                            
     5.027448196             28,232      context-switches                                            
#           time             counts unit events
     5.127704556             37,712      context-switches                                            
     5.227911675             35,890      context-switches                                            
     5.328026381             38,375      context-switches                                            
     5.428311693             36,439      context-switches                                            
     5.528528382             38,158      context-switches                                            
     5.628686337             36,584      context-switches                                            
     5.728895740             36,737      context-switches                                            
     5.829003036             34,629      context-switches                                            
     5.929111554             37,806      context-switches                                            
     6.029278807             36,223      context-switches                                            
     6.129444241             37,936      context-switches                                            
     6.229608652             35,651      context-switches                                            
     6.329719388             38,170      context-switches                                            
     6.429896056             36,881      context-switches                                            
     6.530025718             37,685      context-switches                                            
     6.630390382             37,668      context-switches                                            
     6.730596376             37,824      context-switches                                            
     6.830823570             36,108      context-switches                                            
     6.930960526             37,991      context-switches                                            
     7.031072909             35,724      context-switches                                            
     7.131245372             37,899      context-switches                                            
     7.231520727             37,500      context-switches                                            
     7.331685471             37,149      context-switches                                            
     7.431965102             36,620      context-switches                                            
     7.532193811             36,986      context-switches                                            
#           time             counts unit events
     7.632413835             36,193      context-switches                                            
     7.732695815             37,613      context-switches                                            
     7.832916751             36,907      context-switches                                            
     7.933104988             37,899      context-switches                                            
     8.033271115             36,073      context-switches                                            
     8.133550953             38,879      context-switches                                            
     8.233660126             36,170      context-switches                                            
     8.333769229             37,923      context-switches                                            
     8.433907160             35,967      context-switches                                            
     8.534127503             37,767      context-switches                                            
     8.634258184             36,582      context-switches                                            
     8.734526414             37,172      context-switches                                            
     8.834783363             37,517      context-switches                                            
     8.935031857             38,648      context-switches                                            
     9.035297658             36,740      context-switches                                            
     9.135480767             38,332      context-switches                                            
     9.235613662             36,972      context-switches                                            
     9.335892960             36,558      context-switches                                            
     9.436123400             35,029      context-switches                                            
     9.536349243             39,297      context-switches                                            
     9.636548048             36,089      context-switches                                            
     9.736700799             38,063      context-switches                                            
     9.836875623             37,195      context-switches                                            
     9.937040753             37,675      context-switches                                            
    10.000691182             22,219      context-switches                                            
