# started on Tue Nov  5 17:21:31 2019

#           time             counts unit events
     0.100729354                447      context-switches                                            
     0.201355066                283      context-switches                                            
     0.301879906                309      context-switches                                            
     0.402417457                216      context-switches                                            
     0.503032006                195      context-switches                                            
     0.603640276                886      context-switches                                            
     0.704328395                275      context-switches                                            
     0.804921005                397      context-switches                                            
     0.905503221                257      context-switches                                            
     1.006042887                502      context-switches                                            
     1.106705658                178      context-switches                                            
     1.207303301                263      context-switches                                            
     1.307827389                227      context-switches                                            
     1.408285298                250      context-switches                                            
     1.508852514                190      context-switches                                            
     1.609427109                548      context-switches                                            
     1.709683826              2,435      context-switches                                            
     1.810035123                814      context-switches                                            
     1.910186509              2,279      context-switches                                            
     2.010705815              2,407      context-switches                                            
     2.111232786                188      context-switches                                            
     2.211748591                306      context-switches                                            
     2.312417559                268      context-switches                                            
     2.412941910                253      context-switches                                            
     2.513334039                268      context-switches                                            
#           time             counts unit events
     2.613795131                522      context-switches                                            
     2.714461951                171      context-switches                                            
     2.815065392                316      context-switches                                            
     2.915545568                208      context-switches                                            
     3.015952130                521      context-switches                                            
     3.116521399                179      context-switches                                            
     3.217187261                297      context-switches                                            
     3.317869036                252      context-switches                                            
     3.418355569                160      context-switches                                            
     3.518866133                257      context-switches                                            
     3.619472093                406      context-switches                                            
     3.720006058                214      context-switches                                            
     3.820628226                359      context-switches                                            
     3.921138938                163      context-switches                                            
     4.021628724                533      context-switches                                            
     4.122243011                165      context-switches                                            
     4.222732805                217      context-switches                                            
     4.323285216                235      context-switches                                            
     4.423686758                259      context-switches                                            
     4.523916041                484      context-switches                                            
     4.624485276                165      context-switches                                            
     4.725070617                153      context-switches                                            
     4.825672059                262      context-switches                                            
     4.926291151                181      context-switches                                            
     5.026566327             24,660      context-switches                                            
#           time             counts unit events
     5.126766109             36,946      context-switches                                            
     5.226880721             36,699      context-switches                                            
     5.327128035             35,537      context-switches                                            
     5.427268655             35,120      context-switches                                            
     5.527487260             36,919      context-switches                                            
     5.627601254             34,990      context-switches                                            
     5.727860619             36,268      context-switches                                            
     5.828085523             36,305      context-switches                                            
     5.928305202             37,363      context-switches                                            
     6.028506401             36,292      context-switches                                            
     6.128675556             37,350      context-switches                                            
     6.228811577             35,966      context-switches                                            
     6.329038614             37,799      context-switches                                            
     6.429304953             35,212      context-switches                                            
     6.529497387             37,309      context-switches                                            
     6.629732473             36,173      context-switches                                            
     6.729931109             36,965      context-switches                                            
     6.830184613             36,552      context-switches                                            
     6.930407844             36,523      context-switches                                            
     7.030631209             36,893      context-switches                                            
     7.130819401             36,801      context-switches                                            
     7.231090076             34,996      context-switches                                            
     7.331384490             38,212      context-switches                                            
     7.431630088             35,893      context-switches                                            
     7.531942853             34,981      context-switches                                            
#           time             counts unit events
     7.632196684             33,225      context-switches                                            
     7.732416690             37,100      context-switches                                            
     7.832684383             35,123      context-switches                                            
     7.932904736             36,272      context-switches                                            
     8.033136382             36,997      context-switches                                            
     8.133250865             37,469      context-switches                                            
     8.233372418             36,503      context-switches                                            
     8.333547701             37,031      context-switches                                            
     8.433765426             36,416      context-switches                                            
     8.533991961             36,886      context-switches                                            
     8.634228794             36,032      context-switches                                            
     8.734370603             37,212      context-switches                                            
     8.834507104             36,096      context-switches                                            
     8.934642815             37,523      context-switches                                            
     9.034930095             36,484      context-switches                                            
     9.135193561             37,095      context-switches                                            
     9.235387973             35,949      context-switches                                            
     9.335591277             36,482      context-switches                                            
     9.435700561             35,872      context-switches                                            
     9.535926094             33,356      context-switches                                            
     9.636099719             36,114      context-switches                                            
     9.736274089             36,983      context-switches                                            
     9.836389458             36,022      context-switches                                            
     9.936563053             35,353      context-switches                                            
    10.000754853             21,260      context-switches                                            
