# started on Tue Nov 12 23:37:26 2019

#           time             counts unit events
     0.100201511              1,149      context-switches                                            
     0.200381021              2,359      context-switches                                            
     0.300535112              7,183      context-switches                                            
     0.400678173              8,594      context-switches                                            
     0.500828333              8,997      context-switches                                            
     0.600976084              7,874      context-switches                                            
     0.701118205              5,611      context-switches                                            
     0.801257406             10,533      context-switches                                            
     0.901395096             15,663      context-switches                                            
     1.001532126             28,926      context-switches                                            
     1.101659965             47,264      context-switches                                            
     1.201829625             41,911      context-switches                                            
     1.301991815             39,137      context-switches                                            
     1.402202804             41,817      context-switches                                            
     1.502434173             39,305      context-switches                                            
     1.602655753             41,685      context-switches                                            
     1.702820752             44,274      context-switches                                            
     1.803012262             39,439      context-switches                                            
     1.903206091             48,358      context-switches                                            
     2.003390689             41,308      context-switches                                            
     2.103545538             43,428      context-switches                                            
     2.203719576             44,339      context-switches                                            
     2.303883184             42,931      context-switches                                            
     2.404053183             38,339      context-switches                                            
     2.504226871             39,448      context-switches                                            
#           time             counts unit events
     2.604400469             38,883      context-switches                                            
     2.704538568             41,737      context-switches                                            
     2.804692417             40,707      context-switches                                            
     2.904842285             44,493      context-switches                                            
     3.004983673             39,606      context-switches                                            
     3.105129800             44,077      context-switches                                            
     3.205286457             43,125      context-switches                                            
     3.305444274             42,259      context-switches                                            
     3.405616132             42,945      context-switches                                            
     3.505777689             32,580      context-switches                                            
     3.605928456             39,814      context-switches                                            
     3.706078624             37,714      context-switches                                            
     3.806224401             39,794      context-switches                                            
     3.906374528             39,323      context-switches                                            
     4.006538565             37,750      context-switches                                            
     4.106678821             34,177      context-switches                                            
     4.206832987             34,636      context-switches                                            
     4.306992743             37,599      context-switches                                            
     4.407170009             36,761      context-switches                                            
     4.507319275             40,104      context-switches                                            
     4.607454401             38,269      context-switches                                            
     4.707619338             40,920      context-switches                                            
     4.807758314             45,856      context-switches                                            
     4.907902210             42,436      context-switches                                            
     5.008055375             43,327      context-switches                                            
#           time             counts unit events
     5.108217720             37,610      context-switches                                            
     5.208385726             34,102      context-switches                                            
     5.308544150             39,060      context-switches                                            
     5.408695336             40,725      context-switches                                            
     5.508836341             40,352      context-switches                                            
     5.608976796             38,836      context-switches                                            
     5.709128431             42,275      context-switches                                            
     5.809272316             38,925      context-switches                                            
     5.909411541             44,223      context-switches                                            
     6.009564795             45,473      context-switches                                            
     6.109702619             43,050      context-switches                                            
     6.209862463             47,192      context-switches                                            
     6.310002847             42,058      context-switches                                            
     6.410156541             42,147      context-switches                                            
     6.510302315             46,202      context-switches                                            
     6.610438439             43,737      context-switches                                            
     6.710589213             41,471      context-switches                                            
     6.810730517             46,611      context-switches                                            
     6.910868321             43,199      context-switches                                            
     7.011016744             44,647      context-switches                                            
     7.111156047             40,723      context-switches                                            
     7.211296470             41,947      context-switches                                            
     7.311444353             44,631      context-switches                                            
     7.411605696             43,667      context-switches                                            
     7.511743539             42,416      context-switches                                            
#           time             counts unit events
     7.611886551             37,506      context-switches                                            
     7.712050944             34,454      context-switches                                            
     7.812190047             41,127      context-switches                                            
     7.912346590             42,768      context-switches                                            
     8.012510132             40,577      context-switches                                            
     8.112672873             35,572      context-switches                                            
     8.212833155             39,255      context-switches                                            
     8.312987736             29,578      context-switches                                            
     8.413140398             33,098      context-switches                                            
     8.513295960             28,031      context-switches                                            
     8.613439552             34,772      context-switches                                            
     8.713611264             38,226      context-switches                                            
     8.813778675             44,294      context-switches                                            
     8.913925977             39,065      context-switches                                            
     9.014086978             40,545      context-switches                                            
     9.114215349             37,971      context-switches                                            
     9.214381589             42,775      context-switches                                            
     9.314544060             45,322      context-switches                                            
     9.414705860             37,952      context-switches                                            
     9.514859751             39,565      context-switches                                            
     9.615006102             40,037      context-switches                                            
     9.715158432             40,885      context-switches                                            
     9.815312703             44,523      context-switches                                            
     9.915449594             40,071      context-switches                                            
    10.000749962             26,870      context-switches                                            
