# started on Wed Nov  6 00:57:52 2019

#           time             counts unit events
     0.100777891                448      context-switches                                            
     0.201424756                218      context-switches                                            
     0.302081367                221      context-switches                                            
     0.402686464                217      context-switches                                            
     0.503139914                259      context-switches                                            
     0.603536216                509      context-switches                                            
     0.704132425                190      context-switches                                            
     0.804739304                148      context-switches                                            
     0.905308420                144      context-switches                                            
     1.005918304                172      context-switches                                            
     1.106515622                285      context-switches                                            
     1.207004741                224      context-switches                                            
     1.307531375                183      context-switches                                            
     1.407979268                198      context-switches                                            
     1.508445564                216      context-switches                                            
     1.609078200                430      context-switches                                            
     1.709669131                212      context-switches                                            
     1.810214256                188      context-switches                                            
     1.910639306                188      context-switches                                            
     2.011159591                174      context-switches                                            
     2.111583056                270      context-switches                                            
     2.212133057                211      context-switches                                            
     2.312695509                154      context-switches                                            
     2.413300229                170      context-switches                                            
     2.513879075                222      context-switches                                            
#           time             counts unit events
     2.614430416                518      context-switches                                            
     2.715067033                200      context-switches                                            
     2.815629955                168      context-switches                                            
     2.916241058                182      context-switches                                            
     3.016776113                184      context-switches                                            
     3.117330635                276      context-switches                                            
     3.217836096                233      context-switches                                            
     3.318461549                183      context-switches                                            
     3.419073497                167      context-switches                                            
     3.519706130                196      context-switches                                            
     3.620197798                370      context-switches                                            
     3.720710714                162      context-switches                                            
     3.821345512                143      context-switches                                            
     3.921839472                171      context-switches                                            
     4.022406321                176      context-switches                                            
     4.122850807                247      context-switches                                            
     4.223161831              2,274      context-switches                                            
     4.323526913              1,212      context-switches                                            
     4.423837452              1,127      context-switches                                            
     4.524418201              3,255      context-switches                                            
     4.625105562                466      context-switches                                            
     4.725676394                199      context-switches                                            
     4.826207359                291      context-switches                                            
     4.926707293                153      context-switches                                            
     5.027069662              5,119      context-switches                                            
#           time             counts unit events
     5.127301479             15,674      context-switches                                            
     5.227410539             38,124      context-switches                                            
     5.327677429             38,839      context-switches                                            
     5.427784324             38,447      context-switches                                            
     5.527993458             39,196      context-switches                                            
     5.628276597             37,936      context-switches                                            
     5.728493334             37,940      context-switches                                            
     5.828601851             38,167      context-switches                                            
     5.928899150             39,261      context-switches                                            
     6.029100126             37,431      context-switches                                            
     6.129251872             38,503      context-switches                                            
     6.229438984             37,372      context-switches                                            
     6.329566202             38,814      context-switches                                            
     6.429750445             38,063      context-switches                                            
     6.529858031             38,984      context-switches                                            
     6.629971980             37,718      context-switches                                            
     6.730080926             37,592      context-switches                                            
     6.830185083             37,059      context-switches                                            
     6.930296157             38,872      context-switches                                            
     7.030406835             36,431      context-switches                                            
     7.130511771             38,110      context-switches                                            
     7.230616876             38,634      context-switches                                            
     7.330728310             38,790      context-switches                                            
     7.430907696             37,513      context-switches                                            
     7.531139798             37,803      context-switches                                            
#           time             counts unit events
     7.631363379             37,863      context-switches                                            
     7.731629772             38,648      context-switches                                            
     7.831898999             38,502      context-switches                                            
     7.932114098             35,714      context-switches                                            
     8.032325939             37,916      context-switches                                            
     8.132653007             37,495      context-switches                                            
     8.232908425             37,373      context-switches                                            
     8.333190298             38,317      context-switches                                            
     8.433373948             38,167      context-switches                                            
     8.533692833             38,613      context-switches                                            
     8.633949190             37,559      context-switches                                            
     8.734153521             38,502      context-switches                                            
     8.834406370             37,720      context-switches                                            
     8.934650702             39,024      context-switches                                            
     9.034946475             38,076      context-switches                                            
     9.135242467             39,230      context-switches                                            
     9.235433445             37,801      context-switches                                            
     9.335638716             37,344      context-switches                                            
     9.435849637             38,054      context-switches                                            
     9.536009865             38,558      context-switches                                            
     9.636258790             38,245      context-switches                                            
     9.736425353             38,099      context-switches                                            
     9.836633783             37,535      context-switches                                            
     9.936822991             37,457      context-switches                                            
    10.000709731             23,672      context-switches                                            
