# started on Wed Nov  6 01:15:14 2019

#           time             counts unit events
     0.100755618                371      context-switches                                            
     0.201476833                188      context-switches                                            
     0.302016877                160      context-switches                                            
     0.402625990                213      context-switches                                            
     0.503229237                178      context-switches                                            
     0.603777687                538      context-switches                                            
     0.704400485                413      context-switches                                            
     0.805056350                214      context-switches                                            
     0.905623319                133      context-switches                                            
     1.006103149                179      context-switches                                            
     1.106650611                234      context-switches                                            
     1.207259438                200      context-switches                                            
     1.307860548                156      context-switches                                            
     1.408426754                199      context-switches                                            
     1.509014894                146      context-switches                                            
     1.609547650                242      context-switches                                            
     1.710166076                421      context-switches                                            
     1.810773580                184      context-switches                                            
     1.911387132                148      context-switches                                            
     2.011876582                150      context-switches                                            
     2.112322856                208      context-switches                                            
     2.212770598                205      context-switches                                            
     2.313403188                201      context-switches                                            
     2.414008903                218      context-switches                                            
     2.514575032                109      context-switches                                            
#           time             counts unit events
     2.615118570                293      context-switches                                            
     2.715651296                482      context-switches                                            
     2.816176170                211      context-switches                                            
     2.916676499                146      context-switches                                            
     3.017283623                163      context-switches                                            
     3.117843786                228      context-switches                                            
     3.218438765                274      context-switches                                            
     3.319049769                206      context-switches                                            
     3.419622221                192      context-switches                                            
     3.520083080                170      context-switches                                            
     3.620562486                402      context-switches                                            
     3.721109973                448      context-switches                                            
     3.821684470                201      context-switches                                            
     3.922325082              6,513      context-switches                                            
     4.022985228                197      context-switches                                            
     4.123584173                214      context-switches                                            
     4.224123974                189      context-switches                                            
     4.324676804                186      context-switches                                            
     4.425278472                188      context-switches                                            
     4.525843598                176      context-switches                                            
     4.626450416                263      context-switches                                            
     4.727070910                453      context-switches                                            
     4.827686258                212      context-switches                                            
     4.928144908                224      context-switches                                            
     5.028668488                182      context-switches                                            
#           time             counts unit events
     5.128916848                931      context-switches                                            
     5.229369407              2,044      context-switches                                            
     5.329998026                193      context-switches                                            
     5.430397653                395      context-switches                                            
     5.530595770              4,382      context-switches                                            
     5.631154073              1,235      context-switches                                            
     5.731600939                970      context-switches                                            
     5.831900804              1,473      context-switches                                            
     5.932280872              2,934      context-switches                                            
     6.032764449                226      context-switches                                            
     6.133252573              1,305      context-switches                                            
     6.233781643              3,843      context-switches                                            
     6.334321574                155      context-switches                                            
     6.434931497                887      context-switches                                            
     6.535086894              3,792      context-switches                                            
     6.635697610                618      context-switches                                            
     6.736333323                372      context-switches                                            
     6.836604638              1,838      context-switches                                            
     6.936818435              3,108      context-switches                                            
     7.037346376                197      context-switches                                            
     7.137555877              1,345      context-switches                                            
     7.238011838              3,931      context-switches                                            
     7.338575103                202      context-switches                                            
     7.439008115                917      context-switches                                            
     7.539171140              3,724      context-switches                                            
#           time             counts unit events
     7.639755243                881      context-switches                                            
     7.740389071                336      context-switches                                            
     7.840613825              2,053      context-switches                                            
     7.940960206              2,988      context-switches                                            
     8.041555276                168      context-switches                                            
     8.141889357              1,414      context-switches                                            
     8.242336932              3,642      context-switches                                            
     8.342891510                233      context-switches                                            
     8.443301639                869      context-switches                                            
     8.543548454              3,772      context-switches                                            
     8.644074341                670      context-switches                                            
     8.744659835                335      context-switches                                            
     8.844993585              1,704      context-switches                                            
     8.945358487              3,340      context-switches                                            
     9.045937624                190      context-switches                                            
     9.146327422              1,287      context-switches                                            
     9.246770202              3,634      context-switches                                            
     9.347341932                211      context-switches                                            
     9.447838990                812      context-switches                                            
     9.548331386              4,039      context-switches                                            
     9.648787397                205      context-switches                                            
     9.749290828                584      context-switches                                            
     9.849473209              2,026      context-switches                                            
     9.949923913              2,860      context-switches                                            
    10.001226531                103      context-switches                                            
