# started on Tue Nov  5 22:04:22 2019

#           time             counts unit events
     0.100799015                382      context-switches                                            
     0.201484492                360      context-switches                                            
     0.302089178                182      context-switches                                            
     0.402724018                199      context-switches                                            
     0.503311349                216      context-switches                                            
     0.603716311                277      context-switches                                            
     0.704328519                208      context-switches                                            
     0.804925744                236      context-switches                                            
     0.905411921                281      context-switches                                            
     1.006044367                241      context-switches                                            
     1.106532753                374      context-switches                                            
     1.207104514                386      context-switches                                            
     1.307652221                162      context-switches                                            
     1.408240908                177      context-switches                                            
     1.508869247                207      context-switches                                            
     1.609553812                192      context-switches                                            
     1.710069505                234      context-switches                                            
     1.810641925                190      context-switches                                            
     1.911271890                190      context-switches                                            
     2.011850482                210      context-switches                                            
     2.112482396              1,319      context-switches                                            
     2.213079507                364      context-switches                                            
     2.313701631                202      context-switches                                            
     2.414255307                230      context-switches                                            
     2.514731458                168      context-switches                                            
#           time             counts unit events
     2.615295322                166      context-switches                                            
     2.715804360                240      context-switches                                            
     2.816401735                199      context-switches                                            
     2.916960234                195      context-switches                                            
     3.017570002                211      context-switches                                            
     3.118075278                224      context-switches                                            
     3.218633101                365      context-switches                                            
     3.319236751                118      context-switches                                            
     3.419754209                208      context-switches                                            
     3.520302580                168      context-switches                                            
     3.620863829                154      context-switches                                            
     3.721497250                283      context-switches                                            
     3.821886896                186      context-switches                                            
     3.922425315                197      context-switches                                            
     4.022936210                190      context-switches                                            
     4.123417885                220      context-switches                                            
     4.223930847                319      context-switches                                            
     4.324519561                229      context-switches                                            
     4.425048525                187      context-switches                                            
     4.525702607                155      context-switches                                            
     4.626313379                172      context-switches                                            
     4.726955720                270      context-switches                                            
     4.827546872                182      context-switches                                            
     4.927950442                210      context-switches                                            
     5.028119532              3,909      context-switches                                            
#           time             counts unit events
     5.128285208              4,969      context-switches                                            
     5.228426450             34,641      context-switches                                            
     5.328681614             38,577      context-switches                                            
     5.428812748             37,203      context-switches                                            
     5.529033607             38,270      context-switches                                            
     5.629194784             37,709      context-switches                                            
     5.729371378             37,898      context-switches                                            
     5.829653565             37,950      context-switches                                            
     5.929895266             39,872      context-switches                                            
     6.030005600             34,308      context-switches                                            
     6.130284558             39,695      context-switches                                            
     6.230391235             38,144      context-switches                                            
     6.330654095             39,565      context-switches                                            
     6.430924624             35,944      context-switches                                            
     6.531138661             38,484      context-switches                                            
     6.631358506             36,557      context-switches                                            
     6.731583976             37,835      context-switches                                            
     6.831762832             36,709      context-switches                                            
     6.931995764             36,614      context-switches                                            
     7.032181683             37,072      context-switches                                            
     7.132345611             38,334      context-switches                                            
     7.232476273             36,873      context-switches                                            
     7.332672823             38,369      context-switches                                            
     7.432922597             36,803      context-switches                                            
     7.533085422             37,929      context-switches                                            
#           time             counts unit events
     7.633189958             37,093      context-switches                                            
     7.733303474             38,058      context-switches                                            
     7.833403173             36,783      context-switches                                            
     7.933636289             36,372      context-switches                                            
     8.033884333             38,888      context-switches                                            
     8.134103702             38,220      context-switches                                            
     8.234368429             38,202      context-switches                                            
     8.334522521             37,647      context-switches                                            
     8.434739533             37,780      context-switches                                            
     8.534909153             37,910      context-switches                                            
     8.635076931             37,604      context-switches                                            
     8.735191887             37,552      context-switches                                            
     8.835507980             37,766      context-switches                                            
     8.935616238             37,415      context-switches                                            
     9.035914291             37,954      context-switches                                            
     9.136150414             36,989      context-switches                                            
     9.236320671             37,713      context-switches                                            
     9.336559008             36,994      context-switches                                            
     9.436790661             37,970      context-switches                                            
     9.537013991             37,041      context-switches                                            
     9.637201339             38,172      context-switches                                            
     9.737434574             37,096      context-switches                                            
     9.837657134             37,588      context-switches                                            
     9.937883352             37,386      context-switches                                            
    10.000556726             23,401      context-switches                                            
