# started on Tue Nov  5 21:53:50 2019

#           time             counts unit events
     0.100644076                328      context-switches                                            
     0.201190692                274      context-switches                                            
     0.301814290                412      context-switches                                            
     0.402388149                158      context-switches                                            
     0.502991724                183      context-switches                                            
     0.603491263                175      context-switches                                            
     0.704032825                232      context-switches                                            
     0.804632431                196      context-switches                                            
     0.905218188                170      context-switches                                            
     1.005720739                214      context-switches                                            
     1.106119456                161      context-switches                                            
     1.206658974                256      context-switches                                            
     1.307236832                408      context-switches                                            
     1.407832492                154      context-switches                                            
     1.508290761                201      context-switches                                            
     1.608831681                146      context-switches                                            
     1.709420050                209      context-switches                                            
     1.810051697                179      context-switches                                            
     1.910588573                199      context-switches                                            
     2.010812258                818      context-switches                                            
     2.111236763                196      context-switches                                            
     2.211773701                218      context-switches                                            
     2.312386957                459      context-switches                                            
     2.413003103                159      context-switches                                            
     2.513523212                781      context-switches                                            
#           time             counts unit events
     2.614023209              2,190      context-switches                                            
     2.714371052                779      context-switches                                            
     2.814533029              2,541      context-switches                                            
     2.914964338              1,966      context-switches                                            
     3.015596480                221      context-switches                                            
     3.116200985                304      context-switches                                            
     3.216842728                399      context-switches                                            
     3.317418562                412      context-switches                                            
     3.417958562                161      context-switches                                            
     3.518474379                198      context-switches                                            
     3.619067826                159      context-switches                                            
     3.719675252                238      context-switches                                            
     3.820260628                172      context-switches                                            
     3.920772052                194      context-switches                                            
     4.021304152                206      context-switches                                            
     4.121690282                317      context-switches                                            
     4.221997340                282      context-switches                                            
     4.322598350                413      context-switches                                            
     4.423178895                192      context-switches                                            
     4.523732430                249      context-switches                                            
     4.624338168                198      context-switches                                            
     4.724995005                238      context-switches                                            
     4.825597009                146      context-switches                                            
     4.925948634                205      context-switches                                            
     5.026112854             23,937      context-switches                                            
#           time             counts unit events
     5.126242189             36,970      context-switches                                            
     5.226344498             37,244      context-switches                                            
     5.326543416             37,073      context-switches                                            
     5.426739723             38,500      context-switches                                            
     5.526962353             36,693      context-switches                                            
     5.627089759             37,858      context-switches                                            
     5.727377774             36,546      context-switches                                            
     5.827544282             38,012      context-switches                                            
     5.927659447             35,904      context-switches                                            
     6.027788997             37,114      context-switches                                            
     6.127932074             36,190      context-switches                                            
     6.228043784             37,612      context-switches                                            
     6.328286421             36,387      context-switches                                            
     6.428398477             37,269      context-switches                                            
     6.528628264             36,914      context-switches                                            
     6.628742386             37,339      context-switches                                            
     6.728911532             37,222      context-switches                                            
     6.829016663             37,077      context-switches                                            
     6.929253686             37,494      context-switches                                            
     7.029360901             37,455      context-switches                                            
     7.129609161             36,381      context-switches                                            
     7.229719033             37,549      context-switches                                            
     7.330025122             36,756      context-switches                                            
     7.430132617             36,583      context-switches                                            
     7.530295882             37,426      context-switches                                            
#           time             counts unit events
     7.630406573             36,326      context-switches                                            
     7.730584534             38,127      context-switches                                            
     7.830841295             36,637      context-switches                                            
     7.931041803             37,623      context-switches                                            
     8.031274382             36,532      context-switches                                            
     8.131465357             37,654      context-switches                                            
     8.231574040             37,249      context-switches                                            
     8.331796337             39,457      context-switches                                            
     8.432060475             35,835      context-switches                                            
     8.532267758             38,450      context-switches                                            
     8.632466520             36,216      context-switches                                            
     8.732592962             38,794      context-switches                                            
     8.832750546             36,419      context-switches                                            
     8.932987859             39,245      context-switches                                            
     9.033263348             34,744      context-switches                                            
     9.133473376             39,005      context-switches                                            
     9.233691721             35,488      context-switches                                            
     9.333907807             38,767      context-switches                                            
     9.434098768             36,098      context-switches                                            
     9.534294953             38,037      context-switches                                            
     9.634529168             36,345      context-switches                                            
     9.734794907             38,227      context-switches                                            
     9.835015568             35,980      context-switches                                            
     9.935290645             38,770      context-switches                                            
    10.000755720             24,238      context-switches                                            
