# started on Tue Nov  5 23:28:53 2019

#           time             counts unit events
     0.100824856                280      context-switches                                            
     0.201515025                145      context-switches                                            
     0.302116149                272      context-switches                                            
     0.402724874                163      context-switches                                            
     0.503370225                164      context-switches                                            
     0.603962033                145      context-switches                                            
     0.704405297                302      context-switches                                            
     0.804652376                279      context-switches                                            
     0.905216089                264      context-switches                                            
     1.005839069                219      context-switches                                            
     1.106435464                238      context-switches                                            
     1.207027312                166      context-switches                                            
     1.307512387                258      context-switches                                            
     1.408069704                154      context-switches                                            
     1.508555098                176      context-switches                                            
     1.609129514                170      context-switches                                            
     1.709503094                329      context-switches                                            
     1.809901522                388      context-switches                                            
     1.910443516                169      context-switches                                            
     2.011043198                208      context-switches                                            
     2.111698881                151      context-switches                                            
     2.212370183                180      context-switches                                            
     2.312957374                212      context-switches                                            
     2.413344066                162      context-switches                                            
     2.513883307                180      context-switches                                            
#           time             counts unit events
     2.614455686                168      context-switches                                            
     2.715017319                298      context-switches                                            
     2.815684823                357      context-switches                                            
     2.916351697                177      context-switches                                            
     3.016899876                194      context-switches                                            
     3.117490518                173      context-switches                                            
     3.218127246                198      context-switches                                            
     3.318785881                246      context-switches                                            
     3.419382538                144      context-switches                                            
     3.519940887                245      context-switches                                            
     3.620589021                176      context-switches                                            
     3.721001905                296      context-switches                                            
     3.821340634                414      context-switches                                            
     3.921981638                166      context-switches                                            
     4.022555422                268      context-switches                                            
     4.123174568                174      context-switches                                            
     4.223837344                180      context-switches                                            
     4.324452417                228      context-switches                                            
     4.425018612                164      context-switches                                            
     4.525483605                242      context-switches                                            
     4.626039222                193      context-switches                                            
     4.726581506                402      context-switches                                            
     4.826941204                448      context-switches                                            
     4.927048289                987      context-switches                                            
     5.027161006             20,434      context-switches                                            
#           time             counts unit events
     5.127356084             38,547      context-switches                                            
     5.227467033             35,458      context-switches                                            
     5.327576272             39,424      context-switches                                            
     5.427686872             36,826      context-switches                                            
     5.527927885             37,737      context-switches                                            
     5.628042658             36,175      context-switches                                            
     5.728160186             38,437      context-switches                                            
     5.828285788             36,430      context-switches                                            
     5.928435196             37,813      context-switches                                            
     6.028543396             36,172      context-switches                                            
     6.128766819             37,008      context-switches                                            
     6.228885891             36,882      context-switches                                            
     6.329097398             36,670      context-switches                                            
     6.429361943             36,549      context-switches                                            
     6.529553648             37,800      context-switches                                            
     6.629758747             36,002      context-switches                                            
     6.729972286             37,820      context-switches                                            
     6.830185053             36,168      context-switches                                            
     6.930422013             37,822      context-switches                                            
     7.030613080             36,207      context-switches                                            
     7.130905844             37,260      context-switches                                            
     7.231112993             36,674      context-switches                                            
     7.331365120             38,087      context-switches                                            
     7.431578623             36,261      context-switches                                            
     7.531805068             38,032      context-switches                                            
#           time             counts unit events
     7.632009976             37,017      context-switches                                            
     7.732314939             38,721      context-switches                                            
     7.832580016             35,177      context-switches                                            
     7.932826868             39,079      context-switches                                            
     8.033143936             36,355      context-switches                                            
     8.133381572             38,907      context-switches                                            
     8.233648500             35,877      context-switches                                            
     8.333907172             39,238      context-switches                                            
     8.434098387             36,536      context-switches                                            
     8.534340283             38,449      context-switches                                            
     8.634605580             37,076      context-switches                                            
     8.734900777             35,329      context-switches                                            
     8.835097490             36,351      context-switches                                            
     8.935378094             38,363      context-switches                                            
     9.035590776             36,161      context-switches                                            
     9.135799874             38,856      context-switches                                            
     9.235995707             35,514      context-switches                                            
     9.336194147             38,674      context-switches                                            
     9.436418883             35,490      context-switches                                            
     9.536678838             39,172      context-switches                                            
     9.636972476             35,621      context-switches                                            
     9.737235653             38,242      context-switches                                            
     9.837447964             35,311      context-switches                                            
     9.937653410             38,515      context-switches                                            
    10.000685400             22,971      context-switches                                            
