# started on Tue Nov 12 11:23:26 2019

#           time             counts unit events
     0.100226754             42,689      context-switches                                            
     0.200357597             40,007      context-switches                                            
     0.300466361             40,136      context-switches                                            
     0.400590296             36,059      context-switches                                            
     0.500788070             37,128      context-switches                                            
     0.600949506             39,156      context-switches                                            
     0.701228584             42,331      context-switches                                            
     0.801449803             43,089      context-switches                                            
     0.901659612             43,167      context-switches                                            
     1.001849759             38,210      context-switches                                            
     1.101954149             41,625      context-switches                                            
     1.202046183             39,797      context-switches                                            
     1.302211911             39,643      context-switches                                            
     1.402334196             36,904      context-switches                                            
     1.502525404             37,693      context-switches                                            
     1.602636763             39,327      context-switches                                            
     1.702751567             36,038      context-switches                                            
     1.802893756             41,169      context-switches                                            
     1.903113799             40,232      context-switches                                            
     2.003272670             39,443      context-switches                                            
     2.103389571             39,847      context-switches                                            
     2.203525788             38,981      context-switches                                            
     2.303642916             35,160      context-switches                                            
     2.403802116             33,066      context-switches                                            
     2.504008960             34,044      context-switches                                            
#           time             counts unit events
     2.604140229             34,204      context-switches                                            
     2.704255457             30,790      context-switches                                            
     2.804373451             36,326      context-switches                                            
     2.904488289             33,470      context-switches                                            
     3.004645978             37,062      context-switches                                            
     3.104864238             35,321      context-switches                                            
     3.205075041             38,456      context-switches                                            
     3.305259683             37,633      context-switches                                            
     3.405420498             38,057      context-switches                                            
     3.505529675             34,707      context-switches                                            
     3.605644680             36,823      context-switches                                            
     3.705889314             32,051      context-switches                                            
     3.806033033             32,360      context-switches                                            
     3.906145126             34,356      context-switches                                            
     4.006263344             38,324      context-switches                                            
     4.106376200             40,691      context-switches                                            
     4.206579795             36,430      context-switches                                            
     4.306845240             38,156      context-switches                                            
     4.406973824             39,258      context-switches                                            
     4.507138286             37,477      context-switches                                            
     4.607280972             37,078      context-switches                                            
     4.707454593             36,443      context-switches                                            
     4.807589264             85,228      context-switches                                            
     4.907831217             91,339      context-switches                                            
     5.007937280             33,001      context-switches                                            
#           time             counts unit events
     5.108096945             35,393      context-switches                                            
     5.208205753             37,278      context-switches                                            
     5.308328326             32,080      context-switches                                            
     5.408466341            101,750      context-switches                                            
     5.508667149             33,917      context-switches                                            
     5.608775243             34,596      context-switches                                            
     5.708932215             33,960      context-switches                                            
     5.809136852             36,943      context-switches                                            
     5.909280981             33,591      context-switches                                            
     6.009396916             34,904      context-switches                                            
     6.109508366             34,648      context-switches                                            
     6.209615712             32,058      context-switches                                            
     6.309735323             32,241      context-switches                                            
     6.409852382             31,194      context-switches                                            
     6.509942446             34,796      context-switches                                            
     6.610126188             37,214      context-switches                                            
     6.710287614             34,787      context-switches                                            
     6.810407950             37,030      context-switches                                            
     6.910581184             37,296      context-switches                                            
     7.010701191             35,545      context-switches                                            
     7.110841335             37,752      context-switches                                            
     7.210956938             31,654      context-switches                                            
     7.311068903             37,272      context-switches                                            
     7.411180108             36,695      context-switches                                            
     7.511291604             35,933      context-switches                                            
#           time             counts unit events
     7.611402694             36,122      context-switches                                            
     7.711523918             36,227      context-switches                                            
     7.811672505             40,456      context-switches                                            
     7.911794197             36,319      context-switches                                            
     8.011920844             37,284      context-switches                                            
     8.112042373             34,511      context-switches                                            
     8.212173131             38,571      context-switches                                            
     8.312282172             40,620      context-switches                                            
     8.412439375             37,667      context-switches                                            
     8.512550338             37,804      context-switches                                            
     8.612656490             40,469      context-switches                                            
     8.712788990             36,361      context-switches                                            
     8.812957442             36,706      context-switches                                            
     8.913159426             36,832      context-switches                                            
     9.013366759             35,964      context-switches                                            
     9.113550348             37,114      context-switches                                            
     9.213655286             36,864      context-switches                                            
     9.313761993             40,725      context-switches                                            
     9.413922655             37,851      context-switches                                            
     9.514100151             25,715      context-switches                                            
     9.614237706             35,004      context-switches                                            
     9.714370785             41,062      context-switches                                            
     9.814576761             42,471      context-switches                                            
     9.914769804             41,882      context-switches                                            
    10.000579997             34,917      context-switches                                            
