# started on Tue Nov 12 20:59:05 2019

#           time             counts unit events
     0.100236431             16,890      context-switches                                            
     0.200420029             26,521      context-switches                                            
     0.300614709             24,739      context-switches                                            
     0.400948882             19,735      context-switches                                            
     0.501566290             13,772      context-switches                                            
     0.601992602             15,482      context-switches                                            
     0.702202705             15,844      context-switches                                            
     0.802409078             20,469      context-switches                                            
     0.902602850             19,461      context-switches                                            
     1.002822191             17,654      context-switches                                            
     1.103305505             15,639      context-switches                                            
     1.203659901             16,559      context-switches                                            
     1.304058606             23,043      context-switches                                            
     1.404527684             20,673      context-switches                                            
     1.504983176             18,432      context-switches                                            
     1.605507611             23,073      context-switches                                            
     1.705764019             15,851      context-switches                                            
     1.806225848             15,599      context-switches                                            
     1.907142982             17,590      context-switches                                            
     2.008175746             13,133      context-switches                                            
     2.108564827             13,702      context-switches                                            
     2.208769512             14,272      context-switches                                            
     2.308984932             16,900      context-switches                                            
     2.409160484             16,278      context-switches                                            
     2.509450842             24,518      context-switches                                            
#           time             counts unit events
     2.609866237             17,759      context-switches                                            
     2.710097288             14,883      context-switches                                            
     2.810591115             18,441      context-switches                                            
     2.911005482             11,531      context-switches                                            
     3.011450912             13,565      context-switches                                            
     3.111703975             16,805      context-switches                                            
     3.211934895             15,664      context-switches                                            
     3.312144743             22,741      context-switches                                            
     3.412361409             19,694      context-switches                                            
     3.512572944             16,575      context-switches                                            
     3.612838016             18,614      context-switches                                            
     3.713271083             18,818      context-switches                                            
     3.813750253             13,781      context-switches                                            
     3.914173651             13,000      context-switches                                            
     4.014481008             16,035      context-switches                                            
     4.114686411             17,483      context-switches                                            
     4.214934146             21,721      context-switches                                            
     4.315248238             19,374      context-switches                                            
     4.415506144             19,580      context-switches                                            
     4.515772649             19,749      context-switches                                            
     4.615991747             14,928      context-switches                                            
     4.716806330             13,578      context-switches                                            
     4.817174049             19,740      context-switches                                            
     4.917657465             20,809      context-switches                                            
     5.017874418             17,283      context-switches                                            
#           time             counts unit events
     5.118113168             15,739      context-switches                                            
     5.218420506             21,562      context-switches                                            
     5.318655188             20,189      context-switches                                            
     5.418844931             18,052      context-switches                                            
     5.519235416             19,333      context-switches                                            
     5.619514214             15,789      context-switches                                            
     5.720010558             16,542      context-switches                                            
     5.820350695             19,017      context-switches                                            
     5.921053781             16,940      context-switches                                            
     6.021431974             16,163      context-switches                                            
     6.121687229             16,584      context-switches                                            
     6.221913271             18,967      context-switches                                            
     6.322119741             21,296      context-switches                                            
     6.422360241             18,440      context-switches                                            
     6.522603131             18,821      context-switches                                            
     6.622903937             16,884      context-switches                                            
     6.723141390             17,378      context-switches                                            
     6.823353452             19,701      context-switches                                            
     6.923580376             12,623      context-switches                                            
     7.023803809             15,026      context-switches                                            
     7.124025857             18,359      context-switches                                            
     7.224313455             17,769      context-switches                                            
     7.324558918             19,702      context-switches                                            
     7.424785436             17,657      context-switches                                            
     7.524957464             18,310      context-switches                                            
#           time             counts unit events
     7.625285199             13,893      context-switches                                            
     7.725633398             14,203      context-switches                                            
     7.825888085             20,327      context-switches                                            
     7.926324710             18,888      context-switches                                            
     8.026706077             14,471      context-switches                                            
     8.126931281             15,159      context-switches                                            
     8.227126448             16,765      context-switches                                            
     8.327585814             24,335      context-switches                                            
     8.427788604             16,442      context-switches                                            
     8.528092352             19,146      context-switches                                            
     8.628435302             16,325      context-switches                                            
     8.728926698             16,435      context-switches                                            
     8.829281703             17,341      context-switches                                            
     8.929520462             27,064      context-switches                                            
     9.029729474             19,966      context-switches                                            
     9.129949887             17,353      context-switches                                            
     9.230138769             17,394      context-switches                                            
     9.330342367             16,121      context-switches                                            
     9.430862686             21,243      context-switches                                            
     9.531099931             18,555      context-switches                                            
     9.631297544             16,311      context-switches                                            
     9.732050508             18,188      context-switches                                            
     9.832956887             20,160      context-switches                                            
     9.933454885             24,042      context-switches                                            
    10.001851968              9,095      context-switches                                            
