# started on Tue Nov 12 13:58:09 2019

#           time             counts unit events
     0.100255483             36,513      context-switches                                            
     0.200410034             34,850      context-switches                                            
     0.300550134             37,786      context-switches                                            
     0.400793566             40,282      context-switches                                            
     0.500910755             37,920      context-switches                                            
     0.601028961             37,982      context-switches                                            
     0.701155632             38,982      context-switches                                            
     0.801282368             33,778      context-switches                                            
     0.901398078             30,957      context-switches                                            
     1.001551060             38,375      context-switches                                            
     1.101660159             41,599      context-switches                                            
     1.201798054             39,087      context-switches                                            
     1.301981975             41,648      context-switches                                            
     1.402090962             39,561      context-switches                                            
     1.502196585             38,220      context-switches                                            
     1.602309971             36,165      context-switches                                            
     1.702383751             39,794      context-switches                                            
     1.802503050             39,290      context-switches                                            
     1.902619685             37,845      context-switches                                            
     2.002762054             40,020      context-switches                                            
     2.102934446             38,363      context-switches                                            
     2.203071438             41,007      context-switches                                            
     2.303224985             38,695      context-switches                                            
     2.403338965             38,424      context-switches                                            
     2.503459386             38,008      context-switches                                            
#           time             counts unit events
     2.603569103             39,803      context-switches                                            
     2.703736579             40,162      context-switches                                            
     2.803880907             40,422      context-switches                                            
     2.904098762             37,708      context-switches                                            
     3.004292392             41,066      context-switches                                            
     3.104406567             38,147      context-switches                                            
     3.204521986             42,428      context-switches                                            
     3.304636112             36,957      context-switches                                            
     3.404752174             38,880      context-switches                                            
     3.504871593             36,476      context-switches                                            
     3.604998718             33,088      context-switches                                            
     3.705149691             36,563      context-switches                                            
     3.805268515             37,316      context-switches                                            
     3.905383766             35,835      context-switches                                            
     4.005500881             39,963      context-switches                                            
     4.105644921             40,688      context-switches                                            
     4.205811621             39,034      context-switches                                            
     4.305935317             36,071      context-switches                                            
     4.406097653             35,640      context-switches                                            
     4.506291840             38,389      context-switches                                            
     4.606398694             38,472      context-switches                                            
     4.706560103             41,366      context-switches                                            
     4.806724332             35,169      context-switches                                            
     4.906894158             38,249      context-switches                                            
     5.007005780             40,101      context-switches                                            
#           time             counts unit events
     5.107124845             38,874      context-switches                                            
     5.207241880             41,368      context-switches                                            
     5.307363976             39,898      context-switches                                            
     5.407482534             42,282      context-switches                                            
     5.507630976             35,751      context-switches                                            
     5.607747559             37,418      context-switches                                            
     5.707920087             33,347      context-switches                                            
     5.808106997             36,804      context-switches                                            
     5.908221389             39,362      context-switches                                            
     6.008362604             38,911      context-switches                                            
     6.108588387             39,496      context-switches                                            
     6.208787504             40,670      context-switches                                            
     6.309040295             39,752      context-switches                                            
     6.409155547             40,089      context-switches                                            
     6.509267020             37,217      context-switches                                            
     6.609375805             39,557      context-switches                                            
     6.709505850             37,637      context-switches                                            
     6.809620767             38,963      context-switches                                            
     6.909754032             35,657      context-switches                                            
     7.010804741             35,445      context-switches                                            
     7.110988344             34,287      context-switches                                            
     7.211136357             35,240      context-switches                                            
     7.311258396             37,791      context-switches                                            
     7.411382878             41,251      context-switches                                            
     7.511528159             30,539      context-switches                                            
#           time             counts unit events
     7.611652949             37,001      context-switches                                            
     7.711779185             30,776      context-switches                                            
     7.811907773             25,891      context-switches                                            
     7.912030476             31,716      context-switches                                            
     8.012155914             43,073      context-switches                                            
     8.112317518             39,752      context-switches                                            
     8.212430001             40,219      context-switches                                            
     8.312551347             31,312      context-switches                                            
     8.412675911             37,207      context-switches                                            
     8.512811400             37,689      context-switches                                            
     8.612942164             40,635      context-switches                                            
     8.713135905             33,580      context-switches                                            
     8.813244980             38,648      context-switches                                            
     8.913353102             38,315      context-switches                                            
     9.013502572             35,281      context-switches                                            
     9.113625244             36,760      context-switches                                            
     9.214602099             34,876      context-switches                                            
     9.314688045             35,512      context-switches                                            
     9.414813887             33,941      context-switches                                            
     9.514923696             31,073      context-switches                                            
     9.615048265             36,688      context-switches                                            
     9.715163478             35,302      context-switches                                            
     9.815298040             39,631      context-switches                                            
     9.915413729             34,451      context-switches                                            
    10.000609260             30,290      context-switches                                            
