# started on Tue Nov 12 21:55:07 2019

#           time             counts unit events
     0.100274976             26,380      context-switches                                            
     0.201496377             28,701      context-switches                                            
     0.301672894             28,717      context-switches                                            
     0.401917126             17,248      context-switches                                            
     0.502106053             20,410      context-switches                                            
     0.602706007             23,415      context-switches                                            
     0.702925150             21,319      context-switches                                            
     0.803098941             24,195      context-switches                                            
     0.903251268             24,461      context-switches                                            
     1.003652094             17,460      context-switches                                            
     1.103973823             16,377      context-switches                                            
     1.204544922             17,894      context-switches                                            
     1.304990129             16,501      context-switches                                            
     1.405482841             12,984      context-switches                                            
     1.505924451             17,669      context-switches                                            
     1.606374364             20,100      context-switches                                            
     1.706706401             24,926      context-switches                                            
     1.807134633             14,840      context-switches                                            
     1.907358843             15,192      context-switches                                            
     2.007599191             19,442      context-switches                                            
     2.107766862             19,030      context-switches                                            
     2.207980985             21,292      context-switches                                            
     2.308217580             19,493      context-switches                                            
     2.408415407             23,171      context-switches                                            
     2.508587868             22,080      context-switches                                            
#           time             counts unit events
     2.608810455             19,703      context-switches                                            
     2.709090566             17,371      context-switches                                            
     2.809402141             18,935      context-switches                                            
     2.909647479             13,512      context-switches                                            
     3.009876203             15,584      context-switches                                            
     3.110354535             12,404      context-switches                                            
     3.210567950             15,330      context-switches                                            
     3.310789566             19,964      context-switches                                            
     3.411003019             18,685      context-switches                                            
     3.511210199             17,289      context-switches                                            
     3.611575669             23,289      context-switches                                            
     3.711811192             18,580      context-switches                                            
     3.811998262             15,989      context-switches                                            
     3.912240797             16,822      context-switches                                            
     4.012471305             16,794      context-switches                                            
     4.112672180             18,041      context-switches                                            
     4.212982282             22,220      context-switches                                            
     4.313293127             17,177      context-switches                                            
     4.413516635             18,496      context-switches                                            
     4.513745301             21,196      context-switches                                            
     4.613906315             21,778      context-switches                                            
     4.714121042             21,039      context-switches                                            
     4.814386194             22,201      context-switches                                            
     4.914632544             21,019      context-switches                                            
     5.015123492             18,398      context-switches                                            
#           time             counts unit events
     5.115372750             16,019      context-switches                                            
     5.215696297             13,054      context-switches                                            
     5.315955988             18,027      context-switches                                            
     5.416130782             18,709      context-switches                                            
     5.516344911             18,057      context-switches                                            
     5.616587140             20,821      context-switches                                            
     5.716801995             19,244      context-switches                                            
     5.817195465             17,277      context-switches                                            
     5.918095566             14,765      context-switches                                            
     6.018782368             14,491      context-switches                                            
     6.118977948             16,748      context-switches                                            
     6.219487710             17,897      context-switches                                            
     6.319694408             21,490      context-switches                                            
     6.419962290             16,205      context-switches                                            
     6.520239744             15,445      context-switches                                            
     6.620429710             21,089      context-switches                                            
     6.720844162             18,895      context-switches                                            
     6.821145490             14,740      context-switches                                            
     6.921411351             15,289      context-switches                                            
     7.021749436             16,031      context-switches                                            
     7.122108023             14,330      context-switches                                            
     7.222322257             21,897      context-switches                                            
     7.322835787             13,035      context-switches                                            
     7.423251228             15,937      context-switches                                            
     7.523467603             14,917      context-switches                                            
#           time             counts unit events
     7.623684405             19,614      context-switches                                            
     7.724098969             17,123      context-switches                                            
     7.824305479             20,605      context-switches                                            
     7.924495720             19,168      context-switches                                            
     8.024710477             16,446      context-switches                                            
     8.125145323             17,468      context-switches                                            
     8.225451542             17,558      context-switches                                            
     8.325945594             15,048      context-switches                                            
     8.426185214             20,963      context-switches                                            
     8.526440585             20,362      context-switches                                            
     8.626658687             16,629      context-switches                                            
     8.727039666             20,736      context-switches                                            
     8.827579987             13,469      context-switches                                            
     8.927962766             13,835      context-switches                                            
     9.028344252             14,806      context-switches                                            
     9.128757088             19,526      context-switches                                            
     9.228956322             22,918      context-switches                                            
     9.329177225             24,274      context-switches                                            
     9.429452450             16,283      context-switches                                            
     9.529662098             25,264      context-switches                                            
     9.629870583             20,225      context-switches                                            
     9.730087591             16,911      context-switches                                            
     9.830405499             18,639      context-switches                                            
     9.931083852             13,257      context-switches                                            
    10.001631619             13,947      context-switches                                            
