# started on Wed Nov 13 11:05:35 2019

#           time             counts unit events
     0.100224505              1,851      context-switches                                            
     0.200434270              1,090      context-switches                                            
     0.300690275                881      context-switches                                            
     0.400955233              1,156      context-switches                                            
     0.501212834                984      context-switches                                            
     0.601679508                818      context-switches                                            
     0.701943500              1,021      context-switches                                            
     0.802367383                764      context-switches                                            
     0.902683736                826      context-switches                                            
     1.002937417                870      context-switches                                            
     1.103237590                994      context-switches                                            
     1.203488591                828      context-switches                                            
     1.303785154                823      context-switches                                            
     1.404000108              1,187      context-switches                                            
     1.504247846                950      context-switches                                            
     1.604545854                805      context-switches                                            
     1.704795962                894      context-switches                                            
     1.805075630                841      context-switches                                            
     1.905341918                772      context-switches                                            
     2.005541966                803      context-switches                                            
     2.105784494              1,097      context-switches                                            
     2.206010412                784      context-switches                                            
     2.306260110                811      context-switches                                            
     2.406472080              1,161      context-switches                                            
     2.506780225              1,024      context-switches                                            
#           time             counts unit events
     2.606995719              1,058      context-switches                                            
     2.707297753                831      context-switches                                            
     2.807602838                766      context-switches                                            
     2.907834143                774      context-switches                                            
     3.008053477                782      context-switches                                            
     3.108326631                900      context-switches                                            
     3.208585375                749      context-switches                                            
     3.308844229                695      context-switches                                            
     3.409114266                973      context-switches                                            
     3.509367697                958      context-switches                                            
     3.609600187                892      context-switches                                            
     3.709795438                845      context-switches                                            
     3.810068468                730      context-switches                                            
     3.910259078                877      context-switches                                            
     4.010522169                737      context-switches                                            
     4.110728229                916      context-switches                                            
     4.211002380                721      context-switches                                            
     4.311308161                788      context-switches                                            
     4.411520093              1,045      context-switches                                            
     4.511795821              1,009      context-switches                                            
     4.612059428                841      context-switches                                            
     4.712357805                878      context-switches                                            
     4.812637242                745      context-switches                                            
     4.912906790                836      context-switches                                            
     5.013216757                740      context-switches                                            
#           time             counts unit events
     5.113473344              1,002      context-switches                                            
     5.213802712                842      context-switches                                            
     5.314012397                917      context-switches                                            
     5.414167387             11,331      context-switches                                            
     5.514324519              1,590      context-switches                                            
     5.614473861              1,936      context-switches                                            
     5.714646593              4,552      context-switches                                            
     5.814871236                657      context-switches                                            
     5.915149330                738      context-switches                                            
     6.015474334                742      context-switches                                            
     6.115783237              1,014      context-switches                                            
     6.216390044                760      context-switches                                            
     6.316912150                767      context-switches                                            
     6.417362038              1,090      context-switches                                            
     6.517788179              1,021      context-switches                                            
     6.618054058                816      context-switches                                            
     6.718593941              1,040      context-switches                                            
     6.818899280                778      context-switches                                            
     6.919155530                782      context-switches                                            
     7.019463200                858      context-switches                                            
     7.119798680              1,006      context-switches                                            
     7.220398393                897      context-switches                                            
     7.320859065                714      context-switches                                            
     7.421121257                972      context-switches                                            
     7.521352062              1,043      context-switches                                            
#           time             counts unit events
     7.621631138                821      context-switches                                            
     7.721879233                983      context-switches                                            
     7.822406281                776      context-switches                                            
     7.922723898                787      context-switches                                            
     8.023015624                790      context-switches                                            
     8.123342870                804      context-switches                                            
     8.223647336                926      context-switches                                            
     8.323937312                783      context-switches                                            
     8.424269302                946      context-switches                                            
     8.524598484                977      context-switches                                            
     8.624904137                798      context-switches                                            
     8.725205839                831      context-switches                                            
     8.825678593                715      context-switches                                            
     8.925920404                839      context-switches                                            
     9.026141215                768      context-switches                                            
     9.126400707                803      context-switches                                            
     9.226697139                855      context-switches                                            
     9.326955451                719      context-switches                                            
     9.427242266                991      context-switches                                            
     9.527517504                942      context-switches                                            
     9.627754002                765      context-switches                                            
     9.728064570                838      context-switches                                            
     9.828389299                707      context-switches                                            
     9.928846279                813      context-switches                                            
    10.000864740                588      context-switches                                            
