# started on Tue Nov 12 13:01:43 2019

#           time             counts unit events
     0.100380606              1,976      context-switches                                            
     0.200657942              1,730      context-switches                                            
     0.300859506              2,084      context-switches                                            
     0.401255965              1,699      context-switches                                            
     0.501572048              1,655      context-switches                                            
     0.601758189              1,646      context-switches                                            
     0.702227601              1,635      context-switches                                            
     0.802678661              1,862      context-switches                                            
     0.903007470              2,115      context-switches                                            
     1.003227220              2,140      context-switches                                            
     1.103530322              1,975      context-switches                                            
     1.203877341              1,567      context-switches                                            
     1.304051191              2,096      context-switches                                            
     1.404407996              1,684      context-switches                                            
     1.504697101              1,648      context-switches                                            
     1.605121548              1,483      context-switches                                            
     1.705495456              1,686      context-switches                                            
     1.805939266              1,905      context-switches                                            
     1.906257762              1,724      context-switches                                            
     2.006666397              1,896      context-switches                                            
     2.107067472              1,746      context-switches                                            
     2.207374618              1,630      context-switches                                            
     2.307590480              2,117      context-switches                                            
     2.407966731              2,025      context-switches                                            
     2.508265221              1,920      context-switches                                            
#           time             counts unit events
     2.608576008              1,974      context-switches                                            
     2.708878619              1,736      context-switches                                            
     2.809143824              1,915      context-switches                                            
     2.909376796              1,911      context-switches                                            
     3.009824255              1,448      context-switches                                            
     3.110136045              1,777      context-switches                                            
     3.210384447              1,693      context-switches                                            
     3.310851899              1,906      context-switches                                            
     3.411307026              1,813      context-switches                                            
     3.511622610              1,976      context-switches                                            
     3.611850312              1,824      context-switches                                            
     3.712214036              1,816      context-switches                                            
     3.812612125              1,649      context-switches                                            
     3.913106070              1,758      context-switches                                            
     4.013584718              1,698      context-switches                                            
     4.113706708              3,978      context-switches                                            
     4.214010606              5,522      context-switches                                            
     4.314226828              2,306      context-switches                                            
     4.414576506              2,047      context-switches                                            
     4.515183007              1,495      context-switches                                            
     4.615542966              1,746      context-switches                                            
     4.715857219              1,633      context-switches                                            
     4.816283032              1,771      context-switches                                            
     4.916588003              1,887      context-switches                                            
     5.016817520              1,702      context-switches                                            
#           time             counts unit events
     5.117244807              1,880      context-switches                                            
     5.217453487              1,781      context-switches                                            
     5.317882362              1,820      context-switches                                            
     5.418276963              1,702      context-switches                                            
     5.518535697              1,727      context-switches                                            
     5.618843587              1,802      context-switches                                            
     5.719142038              1,968      context-switches                                            
     5.819448880              1,815      context-switches                                            
     5.919798171              1,933      context-switches                                            
     6.020192050              1,709      context-switches                                            
     6.120502603              1,888      context-switches                                            
     6.220838780              1,579      context-switches                                            
     6.321196421              1,918      context-switches                                            
     6.421549997              1,531      context-switches                                            
     6.522013710              1,471      context-switches                                            
     6.622232336              1,812      context-switches                                            
     6.722561414              1,474      context-switches                                            
     6.822822230              1,566      context-switches                                            
     6.923103636              2,323      context-switches                                            
     7.023308481              1,915      context-switches                                            
     7.123649351              1,842      context-switches                                            
     7.223987558              1,763      context-switches                                            
     7.324281302              2,214      context-switches                                            
     7.424746566              1,924      context-switches                                            
     7.525098648              1,630      context-switches                                            
#           time             counts unit events
     7.625398292              1,670      context-switches                                            
     7.725721156              1,908      context-switches                                            
     7.826246986              1,871      context-switches                                            
     7.926559335              1,893      context-switches                                            
     8.026951492              1,955      context-switches                                            
     8.127349016              1,659      context-switches                                            
     8.227693607              2,129      context-switches                                            
     8.328097712              1,906      context-switches                                            
     8.428483590              1,901      context-switches                                            
     8.528633777              1,762      context-switches                                            
     8.629140371              1,716      context-switches                                            
     8.729572162              1,589      context-switches                                            
     8.830063614              1,962      context-switches                                            
     8.930631340              1,753      context-switches                                            
     9.030993333              1,705      context-switches                                            
     9.131261847              2,094      context-switches                                            
     9.231602697              1,898      context-switches                                            
     9.332032746              2,243      context-switches                                            
     9.432471439              1,895      context-switches                                            
     9.532843803              2,234      context-switches                                            
     9.633209780              4,130      context-switches                                            
     9.733498788              2,039      context-switches                                            
     9.833732916              5,646      context-switches                                            
     9.934049890              2,243      context-switches                                            
    10.001212627                992      context-switches                                            
