# started on Tue Nov  5 17:04:52 2019

#           time             counts unit events
     0.100823262                273      context-switches                                            
     0.201443702                672      context-switches                                            
     0.302019931                350      context-switches                                            
     0.402498715                337      context-switches                                            
     0.502962113                820      context-switches                                            
     0.603533195                318      context-switches                                            
     0.704137533                263      context-switches                                            
     0.804726912                316      context-switches                                            
     0.905279173                339      context-switches                                            
     1.005767941                324      context-switches                                            
     1.106269852                335      context-switches                                            
     1.206592838                642      context-switches                                            
     1.307041037                356      context-switches                                            
     1.407659912                684      context-switches                                            
     1.508205224                666      context-switches                                            
     1.608514920              2,142      context-switches                                            
     1.708877474              1,688      context-switches                                            
     1.809255086              3,264      context-switches                                            
     1.909419740              4,502      context-switches                                            
     2.009616545              4,425      context-switches                                            
     2.109749464              6,147      context-switches                                            
     2.209915442              5,531      context-switches                                            
     2.310126540              4,319      context-switches                                            
     2.410627629              3,867      context-switches                                            
     2.511108893              1,452      context-switches                                            
#           time             counts unit events
     2.611505723              3,993      context-switches                                            
     2.711957109              3,536      context-switches                                            
     2.812383749              3,034      context-switches                                            
     2.912563770             13,709      context-switches                                            
     3.012668010             40,487      context-switches                                            
     3.112928884             37,530      context-switches                                            
     3.213261755             36,759      context-switches                                            
     3.313545400             37,875      context-switches                                            
     3.413714017             36,700      context-switches                                            
     3.513890142             39,615      context-switches                                            
     3.614082455             33,555      context-switches                                            
     3.714294449             34,981      context-switches                                            
     3.814600259             32,323      context-switches                                            
     3.914759693             36,417      context-switches                                            
     4.014876288             38,769      context-switches                                            
     4.115176927             18,404      context-switches                                            
     4.215285308              3,313      context-switches                                            
     4.315749893              3,377      context-switches                                            
     4.415910938              1,975      context-switches                                            
     4.516269872              3,283      context-switches                                            
     4.616405798              5,245      context-switches                                            
     4.716683500              2,638      context-switches                                            
     4.816959561              2,393      context-switches                                            
     4.917164761              5,403      context-switches                                            
     5.017528945              1,750      context-switches                                            
#           time             counts unit events
     5.117895858                611      context-switches                                            
     5.218389897              1,812      context-switches                                            
     5.318916235              4,308      context-switches                                            
     5.419280021                867      context-switches                                            
     5.519857413              2,750      context-switches                                            
     5.620035474              3,060      context-switches                                            
     5.720519974              1,965      context-switches                                            
     5.821027458                315      context-switches                                            
     5.921191575              2,095      context-switches                                            
     6.021721438              3,659      context-switches                                            
     6.122329616                304      context-switches                                            
     6.222478091              3,863      context-switches                                            
     6.322824664              8,547      context-switches                                            
     6.423314951                520      context-switches                                            
     6.523895438              1,359      context-switches                                            
     6.624204962              1,267      context-switches                                            
     6.724707564              1,494      context-switches                                            
     6.825303747                280      context-switches                                            
     6.925882093                332      context-switches                                            
     7.026448206                376      context-switches                                            
     7.127033202                375      context-switches                                            
     7.227605498                592      context-switches                                            
     7.328118750                443      context-switches                                            
     7.428667767                547      context-switches                                            
     7.529208527                852      context-switches                                            
#           time             counts unit events
     7.629632692                724      context-switches                                            
     7.730248707              1,085      context-switches                                            
     7.830761631                427      context-switches                                            
     7.931246089                521      context-switches                                            
     8.031801718                524      context-switches                                            
     8.132390433                388      context-switches                                            
     8.232888013                783      context-switches                                            
     8.333429907                483      context-switches                                            
     8.433945852                496      context-switches                                            
     8.534547210                771      context-switches                                            
     8.635186519                429      context-switches                                            
     8.735732081                594      context-switches                                            
     8.836289193                448      context-switches                                            
     8.936836618                411      context-switches                                            
     9.037437525                315      context-switches                                            
     9.137902932                429      context-switches                                            
     9.238423618                783      context-switches                                            
     9.339046716                318      context-switches                                            
     9.439593636                453      context-switches                                            
     9.540052020                796      context-switches                                            
     9.640587234                295      context-switches                                            
     9.741025501                408      context-switches                                            
     9.841599844                296      context-switches                                            
     9.942200567                328      context-switches                                            
    10.001156720                211      context-switches                                            
