     0.100225559          4,711,843      LLC-loads                 (59.87%)
     0.100225559          1,259,793      LLC-load-misses           (79.89%)
     0.200393596          3,554,645      LLC-loads                 (59.87%)
     0.200393596            651,408      LLC-load-misses           (79.88%)
     0.300529350          4,264,082      LLC-loads                 (59.88%)
     0.300529350            852,548      LLC-load-misses           (79.88%)
     0.400639728          2,985,005      LLC-loads                 (59.88%)
     0.400639728            703,540      LLC-load-misses           (79.89%)
     0.500746225          2,864,504      LLC-loads                 (59.90%)
     0.500746225            748,042      LLC-load-misses           (79.90%)
     0.600962553          2,241,349      LLC-loads                 (59.88%)
     0.600962553            510,856      LLC-load-misses           (79.87%)
     0.701247346          1,932,558      LLC-loads                 (59.90%)
     0.701247346            471,276      LLC-load-misses           (79.87%)
     0.801392982          2,659,772      LLC-loads                 (59.91%)
     0.801392982            547,419      LLC-load-misses           (79.89%)
     0.901759510          4,066,482      LLC-loads                 (59.93%)
     0.901759510          1,657,880      LLC-load-misses           (79.91%)
     1.001908959          2,787,128      LLC-loads                 (59.95%)
     1.001908959            474,186      LLC-load-misses           (79.92%)
     1.102156043          3,880,882      LLC-loads                 (59.96%)
     1.102156043            715,070      LLC-load-misses           (79.93%)
     1.202416980          3,940,310      LLC-loads                 (59.97%)
     1.202416980            755,043      LLC-load-misses           (79.94%)
     1.302741859          3,164,929      LLC-loads                 (59.98%)
     1.302741859            556,776      LLC-load-misses           (79.95%)
     1.403436848          2,293,891      LLC-loads                 (59.99%)
     1.403436848            385,055      LLC-load-misses           (79.95%)
     1.504194264            841,597      LLC-loads                 (60.02%)
     1.504194264            152,770      LLC-load-misses           (79.97%)
     1.604758606            252,191      LLC-loads                 (60.03%)
     1.604758606             52,402      LLC-load-misses           (79.98%)
     1.705443273            287,162      LLC-loads                 (60.05%)
     1.705443273             51,074      LLC-load-misses           (79.99%)
     1.806226432            543,723      LLC-loads                 (60.06%)
     1.806226432             98,930      LLC-load-misses           (80.00%)
     1.907053806            332,974      LLC-loads                 (60.08%)
     1.907053806             55,175      LLC-load-misses           (80.01%)
     2.007797677            176,610      LLC-loads                 (60.09%)
     2.007797677             42,558      LLC-load-misses           (80.02%)
     2.108568033            147,610      LLC-loads                 (60.09%)
     2.108568033             27,873      LLC-load-misses           (80.02%)
     2.209249772            397,501      LLC-loads                 (60.10%)
     2.209249772             80,584      LLC-load-misses           (80.03%)
     2.310041407            329,222      LLC-loads                 (60.11%)
     2.310041407             61,537      LLC-load-misses           (80.03%)
     2.410742718            315,871      LLC-loads                 (60.11%)
     2.410742718             61,743      LLC-load-misses           (80.03%)
     2.511515276          1,157,217      LLC-loads                 (60.12%)
     2.511515276            125,581      LLC-load-misses           (80.04%)
     2.612277219            197,491      LLC-loads                 (60.13%)
     2.612277219             44,325      LLC-load-misses           (80.04%)
     2.712796929            211,171      LLC-loads                 (60.14%)
     2.712796929             39,778      LLC-load-misses           (80.05%)
     2.813474781            304,185      LLC-loads                 (60.13%)
     2.813474781             85,832      LLC-load-misses           (80.05%)
     2.914022194            333,360      LLC-loads                 (60.11%)
     2.914022194             61,966      LLC-load-misses           (80.05%)
     3.014498928            268,545      LLC-loads                 (60.10%)
     3.014498928             53,044      LLC-load-misses           (80.05%)
     3.114995461            183,674      LLC-loads                 (60.09%)
     3.114995461             25,215      LLC-load-misses           (80.05%)
     3.215485917            263,277      LLC-loads                 (60.08%)
     3.215485917             57,911      LLC-load-misses           (80.05%)
     3.315946100            239,937      LLC-loads                 (60.07%)
     3.315946100             38,106      LLC-load-misses           (80.05%)
     3.416424568            250,768      LLC-loads                 (60.06%)
     3.416424568             42,699      LLC-load-misses           (80.06%)
     3.516842302            274,615      LLC-loads                 (60.05%)
     3.516842302             50,641      LLC-load-misses           (80.06%)
     3.617054046            185,480      LLC-loads                 (60.04%)
     3.617054046             36,758      LLC-load-misses           (80.05%)
     3.717217662            227,022      LLC-loads                 (60.04%)
     3.717217662             36,663      LLC-load-misses           (80.05%)
     3.817454850            283,274      LLC-loads                 (60.03%)
     3.817454850             67,529      LLC-load-misses           (80.04%)
     3.917685417            203,540      LLC-loads                 (60.03%)
     3.917685417             39,112      LLC-load-misses           (80.04%)
     4.017871643            315,669      LLC-loads                 (60.03%)
     4.017871643             48,569      LLC-load-misses           (80.03%)
     4.118038431            296,073      LLC-loads                 (60.02%)
     4.118038431             54,669      LLC-load-misses           (80.03%)
     4.218233617            311,973      LLC-loads                 (60.02%)
     4.218233617             64,738      LLC-load-misses           (80.02%)
     4.318467307            153,274      LLC-loads                 (60.01%)
     4.318467307             15,081      LLC-load-misses           (80.02%)
     4.418689268            278,348      LLC-loads                 (60.01%)
     4.418689268             55,917      LLC-load-misses           (80.01%)
     4.518923055            116,634      LLC-loads                 (60.01%)
     4.518923055             12,328      LLC-load-misses           (80.01%)
     4.619143211            210,388      LLC-loads                 (60.01%)
     4.619143211             35,070      LLC-load-misses           (80.01%)
     4.719385187            173,635      LLC-loads                 (60.00%)
     4.719385187             45,472      LLC-load-misses           (80.00%)
     4.819642056            798,647      LLC-loads                 (60.00%)
     4.819642056            109,362      LLC-load-misses           (80.00%)
     4.919869204            229,349      LLC-loads                 (60.00%)
     4.919869204             44,085      LLC-load-misses           (80.00%)
     5.020051158            322,218      LLC-loads                 (60.00%)
     5.020051158             57,435      LLC-load-misses           (79.99%)
     5.120240040            212,936      LLC-loads                 (59.99%)
     5.120240040             31,336      LLC-load-misses           (79.99%)
     5.220472954            154,018      LLC-loads                 (59.99%)
     5.220472954             26,569      LLC-load-misses           (79.99%)
     5.320698911            420,402      LLC-loads                 (59.99%)
     5.320698911             82,174      LLC-load-misses           (79.99%)
     5.421617217            205,178      LLC-loads                 (59.99%)
     5.421617217             16,914      LLC-load-misses           (79.98%)
     5.522647922            231,603      LLC-loads                 (59.99%)
     5.522647922             40,097      LLC-load-misses           (79.99%)
     5.623516137            211,948      LLC-loads                 (60.00%)
     5.623516137             32,892      LLC-load-misses           (79.99%)
     5.724286743            222,840      LLC-loads                 (60.00%)
     5.724286743             32,929      LLC-load-misses           (79.99%)
     5.824828807            456,085      LLC-loads                 (60.01%)
     5.824828807            100,108      LLC-load-misses           (80.00%)
     5.925646811            314,735      LLC-loads                 (60.01%)
     5.925646811             57,593      LLC-load-misses           (80.00%)
     6.026714571            229,747      LLC-loads                 (60.02%)
     6.026714571             35,704      LLC-load-misses           (80.00%)
     6.127572430            141,067      LLC-loads                 (60.02%)
     6.127572430             39,468      LLC-load-misses           (80.00%)
     6.228097753            323,718      LLC-loads                 (60.03%)
     6.228097753             77,890      LLC-load-misses           (80.00%)
     6.328541389          4,904,878      LLC-loads                 (60.03%)
     6.328541389            619,073      LLC-load-misses           (80.01%)
     6.428692684          3,482,874      LLC-loads                 (60.03%)
     6.428692684            667,551      LLC-load-misses           (80.01%)
     6.528844766         10,047,630      LLC-loads                 (60.03%)
     6.528844766          4,054,571      LLC-load-misses           (80.01%)
     6.629153334          5,626,735      LLC-loads                 (60.03%)
     6.629153334          1,520,157      LLC-load-misses           (80.01%)
     6.729257840          6,114,728      LLC-loads                 (60.04%)
     6.729257840          1,125,630      LLC-load-misses           (80.01%)
     6.829474682          7,071,759      LLC-loads                 (60.04%)
     6.829474682          1,489,081      LLC-load-misses           (80.01%)
     6.929941503          5,427,710      LLC-loads                 (60.04%)
     6.929941503            995,889      LLC-load-misses           (80.01%)
     7.030276437          9,586,173      LLC-loads                 (60.04%)
     7.030276437          3,098,635      LLC-load-misses           (80.01%)
     7.130548055          6,268,594      LLC-loads                 (60.04%)
     7.130548055          1,175,136      LLC-load-misses           (80.01%)
     7.230833421          5,488,539      LLC-loads                 (60.04%)
     7.230833421            706,637      LLC-load-misses           (80.01%)
     7.331006199          8,042,972      LLC-loads                 (60.04%)
     7.331006199          2,474,792      LLC-load-misses           (80.01%)
     7.431272754          3,343,573      LLC-loads                 (60.04%)
     7.431272754            186,631      LLC-load-misses           (80.01%)
     7.531413219          4,271,609      LLC-loads                 (60.04%)
     7.531413219            390,577      LLC-load-misses           (80.01%)
     7.631730112          5,180,111      LLC-loads                 (60.04%)
     7.631730112            386,554      LLC-load-misses           (80.02%)
     7.731890031          4,544,853      LLC-loads                 (60.04%)
     7.731890031            341,082      LLC-load-misses           (80.02%)
     7.832116954          5,920,447      LLC-loads                 (60.04%)
     7.832116954            865,155      LLC-load-misses           (80.02%)
     7.932373953          5,050,357      LLC-loads                 (60.05%)
     7.932373953          1,317,535      LLC-load-misses           (80.02%)
     8.032513811          3,172,634      LLC-loads                 (60.05%)
     8.032513811            340,754      LLC-load-misses           (80.02%)
     8.132755656          4,550,981      LLC-loads                 (60.05%)
     8.132755656            418,772      LLC-load-misses           (80.02%)
     8.232934350          6,803,302      LLC-loads                 (60.05%)
     8.232934350            745,576      LLC-load-misses           (80.02%)
     8.333091926          4,714,406      LLC-loads                 (60.04%)
     8.333091926            434,808      LLC-load-misses           (80.02%)
     8.433220913          6,619,687      LLC-loads                 (60.04%)
     8.433220913          1,411,519      LLC-load-misses           (80.02%)
     8.533347290          4,283,852      LLC-loads                 (60.04%)
     8.533347290            688,400      LLC-load-misses           (80.02%)
     8.633674196          2,974,078      LLC-loads                 (60.04%)
     8.633674196            490,720      LLC-load-misses           (80.02%)
     8.733793159          4,182,218      LLC-loads                 (60.04%)
     8.733793159            791,537      LLC-load-misses           (80.02%)
     8.834094330          4,170,953      LLC-loads                 (60.04%)
     8.834094330            782,543      LLC-load-misses           (80.02%)
     8.934231669          3,026,213      LLC-loads                 (60.03%)
     8.934231669            515,006      LLC-load-misses           (80.02%)
     9.034570049          9,008,652      LLC-loads                 (60.03%)
     9.034570049            971,058      LLC-load-misses           (80.02%)
     9.134858204          3,870,853      LLC-loads                 (60.03%)
     9.134858204          1,019,049      LLC-load-misses           (80.02%)
     9.235126504          3,776,312      LLC-loads                 (60.03%)
     9.235126504          1,168,225      LLC-load-misses           (80.02%)
     9.335407783          3,231,751      LLC-loads                 (60.02%)
     9.335407783            629,593      LLC-load-misses           (80.02%)
     9.435559814          2,928,770      LLC-loads                 (60.02%)
     9.435559814            550,327      LLC-load-misses           (80.02%)
     9.535669459          3,877,635      LLC-loads                 (60.02%)
     9.535669459            760,672      LLC-load-misses           (80.02%)
     9.635996853          4,053,892      LLC-loads                 (60.02%)
     9.635996853            669,298      LLC-load-misses           (80.02%)
     9.736232538          3,584,288      LLC-loads                 (60.02%)
     9.736232538            716,942      LLC-load-misses           (80.02%)
     9.836510041          4,407,505      LLC-loads                 (60.02%)
     9.836510041            914,144      LLC-load-misses           (80.02%)
     9.936661607          2,609,861      LLC-loads                 (60.01%)
     9.936661607            643,222      LLC-load-misses           (80.02%)
    10.036916528          2,893,067      LLC-loads                 (60.01%)
    10.036916528            689,989      LLC-load-misses           (80.02%)
    10.137020355          2,271,016      LLC-loads                 (60.01%)
    10.137020355            549,839      LLC-load-misses           (80.02%)
    10.237129099          2,510,847      LLC-loads                 (60.01%)
    10.237129099            568,112      LLC-load-misses           (80.02%)
    10.337237643          1,994,926      LLC-loads                 (60.01%)
    10.337237643            455,399      LLC-load-misses           (80.02%)
    10.437366732          2,428,094      LLC-loads                 (60.01%)
    10.437366732            614,236      LLC-load-misses           (80.02%)
    10.537501224          2,248,380      LLC-loads                 (60.01%)
    10.537501224            531,559      LLC-load-misses           (80.01%)
    10.637633013          2,293,043      LLC-loads                 (60.01%)
    10.637633013            588,474      LLC-load-misses           (80.01%)
    10.737741264          2,110,018      LLC-loads                 (60.01%)
    10.737741264            504,194      LLC-load-misses           (80.01%)
    10.837849258          2,585,152      LLC-loads                 (60.01%)
    10.837849258            567,595      LLC-load-misses           (80.01%)
    10.937985755          1,847,193      LLC-loads                 (60.01%)
    10.937985755            456,099      LLC-load-misses           (80.01%)
    11.038098008          2,192,187      LLC-loads                 (60.01%)
    11.038098008            516,681      LLC-load-misses           (80.01%)
    11.138204823          2,402,709      LLC-loads                 (60.00%)
    11.138204823            571,446      LLC-load-misses           (80.01%)
    11.238339346          3,428,746      LLC-loads                 (60.00%)
    11.238339346            844,706      LLC-load-misses           (80.01%)
    11.338463032          1,504,723      LLC-loads                 (60.00%)
    11.338463032            343,483      LLC-load-misses           (80.01%)
    11.438700480          1,002,052      LLC-loads                 (60.00%)
    11.438700480            160,386      LLC-load-misses           (80.01%)
    11.538956684            204,059      LLC-loads                 (60.00%)
    11.538956684             45,345      LLC-load-misses           (80.00%)
    11.639142100            222,719      LLC-loads                 (60.00%)
    11.639142100             37,120      LLC-load-misses           (80.00%)
    11.739327005            211,809      LLC-loads                 (60.00%)
    11.739327005             34,497      LLC-load-misses           (80.00%)
    11.839561773            643,525      LLC-loads                 (60.00%)
    11.839561773             87,005      LLC-load-misses           (80.00%)
    11.939799743            239,838      LLC-loads                 (60.00%)
    11.939799743             46,442      LLC-load-misses           (80.00%)
    12.039985506            242,282      LLC-loads                 (60.00%)
    12.039985506             33,881      LLC-load-misses           (80.00%)
    12.140215013            194,466      LLC-loads                 (60.00%)
    12.140215013             23,469      LLC-load-misses           (80.00%)
    12.240438593            214,996      LLC-loads                 (59.99%)
    12.240438593             39,807      LLC-load-misses           (79.99%)
    12.340673774            312,472      LLC-loads                 (59.99%)
    12.340673774             31,595      LLC-load-misses           (79.99%)
    12.441331027            601,933      LLC-loads                 (59.99%)
    12.441331027             92,762      LLC-load-misses           (79.99%)
    12.542034024          1,326,359      LLC-loads                 (59.99%)
    12.542034024            239,595      LLC-load-misses           (79.99%)
    12.642720960            360,516      LLC-loads                 (60.00%)
    12.642720960            126,682      LLC-load-misses           (79.99%)
    12.743532232            216,655      LLC-loads                 (60.00%)
    12.743532232             54,441      LLC-load-misses           (80.00%)
    12.844339672            560,924      LLC-loads                 (60.00%)
    12.844339672            104,088      LLC-load-misses           (80.00%)
    12.944857517            201,154      LLC-loads                 (60.00%)
    12.944857517             32,843      LLC-load-misses           (80.00%)
    13.045597348            193,334      LLC-loads                 (60.00%)
    13.045597348             25,667      LLC-load-misses           (80.00%)
    13.146374059            351,139      LLC-loads                 (60.01%)
    13.146374059             57,639      LLC-load-misses           (80.00%)
    13.246968944            256,307      LLC-loads                 (60.01%)
    13.246968944             50,481      LLC-load-misses           (80.00%)
    13.347748646            223,550      LLC-loads                 (60.01%)
    13.347748646             39,559      LLC-load-misses           (80.00%)
    13.448316949            326,683      LLC-loads                 (60.01%)
    13.448316949             51,302      LLC-load-misses           (80.00%)
    13.548848951            251,541      LLC-loads                 (60.01%)
    13.548848951             82,723      LLC-load-misses           (80.00%)
    13.649585614            451,409      LLC-loads                 (60.02%)
    13.649585614            189,831      LLC-load-misses           (80.00%)
    13.749910325            542,114      LLC-loads                 (60.02%)
    13.749910325            218,071      LLC-load-misses           (80.01%)
    13.850921548            807,111      LLC-loads                 (60.02%)
    13.850921548            204,213      LLC-load-misses           (80.01%)
    13.951719646            394,702      LLC-loads                 (60.02%)
    13.951719646            172,250      LLC-load-misses           (80.01%)
    14.052255149          4,329,775      LLC-loads                 (60.02%)
    14.052255149            952,583      LLC-load-misses           (80.01%)
    14.152695257          1,258,763      LLC-loads                 (60.02%)
    14.152695257            317,566      LLC-load-misses           (80.01%)
    14.253190464          1,283,329      LLC-loads                 (60.02%)
    14.253190464            444,639      LLC-load-misses           (80.01%)
    14.353635885            397,232      LLC-loads                 (60.02%)
    14.353635885            166,888      LLC-load-misses           (80.01%)
    14.454146596            337,273      LLC-loads                 (60.02%)
    14.454146596             92,035      LLC-load-misses           (80.01%)
    14.554778889             78,914      LLC-loads                 (60.02%)
    14.554778889              8,809      LLC-load-misses           (80.01%)
    14.655228452            202,837      LLC-loads                 (60.01%)
    14.655228452             39,685      LLC-load-misses           (80.01%)
    14.755409800            743,753      LLC-loads                 (60.01%)
    14.755409800             95,656      LLC-load-misses           (80.01%)
    14.855795965            188,372      LLC-loads                 (60.01%)
    14.855795965             45,801      LLC-load-misses           (80.01%)
    14.956402677            107,558      LLC-loads                 (60.01%)
    14.956402677             18,260      LLC-load-misses           (80.01%)
    15.056830167            191,150      LLC-loads                 (60.01%)
    15.056830167             39,683      LLC-load-misses           (80.01%)
    15.157048720            663,011      LLC-loads                 (60.01%)
    15.157048720            130,935      LLC-load-misses           (80.01%)
    15.257242466          1,108,657      LLC-loads                 (60.00%)
    15.257242466            371,509      LLC-load-misses           (80.01%)
    15.357492196            839,373      LLC-loads                 (60.00%)
    15.357492196            341,624      LLC-load-misses           (80.01%)
    15.457735116          1,336,011      LLC-loads                 (60.00%)
    15.457735116            477,847      LLC-load-misses           (80.01%)
    15.557929235          1,047,414      LLC-loads                 (60.00%)
    15.557929235            368,118      LLC-load-misses           (80.01%)
    15.658122575            943,998      LLC-loads                 (60.00%)
    15.658122575            321,911      LLC-load-misses           (80.01%)
    15.758249456          1,331,655      LLC-loads                 (60.00%)
    15.758249456            467,723      LLC-load-misses           (80.01%)
    15.858486377            677,225      LLC-loads                 (60.00%)
    15.858486377            287,960      LLC-load-misses           (80.01%)
    15.958728701          1,424,094      LLC-loads                 (60.00%)
    15.958728701            514,790      LLC-load-misses           (80.00%)
    16.058924692            961,624      LLC-loads                 (60.00%)
    16.058924692            399,619      LLC-load-misses           (80.00%)
    16.159184079            602,843      LLC-loads                 (60.00%)
    16.159184079            167,064      LLC-load-misses           (80.00%)
    16.259395853            900,196      LLC-loads                 (60.00%)
    16.259395853            242,534      LLC-load-misses           (80.00%)
    16.359595429          3,876,319      LLC-loads                 (60.00%)
    16.359595429            433,346      LLC-load-misses           (80.00%)
    16.459832756            561,863      LLC-loads                 (60.00%)
    16.459832756            222,781      LLC-load-misses           (80.00%)
    16.560076846            281,832      LLC-loads                 (60.00%)
    16.560076846             64,775      LLC-load-misses           (80.00%)
    16.660350014            700,900      LLC-loads                 (59.99%)
    16.660350014            226,864      LLC-load-misses           (80.00%)
    16.760571685          1,312,368      LLC-loads                 (59.99%)
    16.760571685            431,337      LLC-load-misses           (80.00%)
    16.860736388          1,393,200      LLC-loads                 (59.99%)
    16.860736388            372,506      LLC-load-misses           (80.00%)
    16.961095515          1,653,441      LLC-loads                 (59.99%)
    16.961095515            325,391      LLC-load-misses           (80.00%)
    17.062092525          1,011,304      LLC-loads                 (59.99%)
    17.062092525            210,394      LLC-load-misses           (80.00%)
    17.162904702            222,210      LLC-loads                 (60.00%)
    17.162904702             30,488      LLC-load-misses           (80.00%)
    17.263437521            446,249      LLC-loads                 (60.00%)
    17.263437521             72,087      LLC-load-misses           (80.00%)
    17.364326201            212,700      LLC-loads                 (60.00%)
    17.364326201             75,928      LLC-load-misses           (80.00%)
    17.464845882            313,416      LLC-loads                 (60.00%)
    17.464845882            105,871      LLC-load-misses           (80.00%)
    17.565511816            201,978      LLC-loads                 (60.00%)
    17.565511816             28,784      LLC-load-misses           (80.00%)
    17.666119534            279,204      LLC-loads                 (60.01%)
    17.666119534             36,106      LLC-load-misses           (80.00%)
    17.766925240            674,702      LLC-loads                 (60.01%)
    17.766925240            105,510      LLC-load-misses           (80.00%)
    17.867521024          1,019,907      LLC-loads                 (60.01%)
    17.867521024            353,342      LLC-load-misses           (80.00%)
    17.968135505          1,050,030      LLC-loads                 (60.01%)
    17.968135505            412,322      LLC-load-misses           (80.01%)
    18.068769814            776,037      LLC-loads                 (60.01%)
    18.068769814            206,733      LLC-load-misses           (80.01%)
    18.169467345            536,577      LLC-loads                 (60.01%)
    18.169467345             63,528      LLC-load-misses           (80.01%)
    18.270294275            462,233      LLC-loads                 (60.01%)
    18.270294275             86,222      LLC-load-misses           (80.01%)
    18.371038277            221,850      LLC-loads                 (60.02%)
    18.371038277             41,869      LLC-load-misses           (80.01%)
    18.471749103            236,517      LLC-loads                 (60.02%)
    18.471749103             35,610      LLC-load-misses           (80.01%)
    18.572304599          1,856,095      LLC-loads                 (60.02%)
    18.572304599            439,772      LLC-load-misses           (80.01%)
    18.672742134          1,830,913      LLC-loads                 (60.02%)
    18.672742134            345,422      LLC-load-misses           (80.01%)
    18.773156093          3,222,174      LLC-loads                 (60.02%)
    18.773156093            543,974      LLC-load-misses           (80.01%)
    18.873468138          4,414,154      LLC-loads                 (60.02%)
    18.873468138          1,096,559      LLC-load-misses           (80.01%)
    18.973941647          1,639,688      LLC-loads                 (60.02%)
    18.973941647            417,706      LLC-load-misses           (80.01%)
    19.074560689            635,682      LLC-loads                 (60.02%)
    19.074560689            280,957      LLC-load-misses           (80.01%)
    19.175110730            334,548      LLC-loads                 (60.01%)
    19.175110730             73,389      LLC-load-misses           (80.01%)
    19.275609890            344,290      LLC-loads                 (60.01%)
    19.275609890             62,644      LLC-load-misses           (80.01%)
    19.376070590            224,469      LLC-loads                 (60.01%)
    19.376070590             33,454      LLC-load-misses           (80.01%)
    19.476692058            195,839      LLC-loads                 (60.01%)
    19.476692058             57,502      LLC-load-misses           (80.01%)
    19.576958628            542,667      LLC-loads                 (60.01%)
    19.576958628             72,842      LLC-load-misses           (80.01%)
    19.677098368            207,451      LLC-loads                 (60.01%)
    19.677098368             40,897      LLC-load-misses           (80.01%)
    19.777213262            334,465      LLC-loads                 (60.01%)
    19.777213262             94,442      LLC-load-misses           (80.01%)
    19.877418685            388,985      LLC-loads                 (60.01%)
    19.877418685             40,305      LLC-load-misses           (80.01%)
    19.977592190            359,740      LLC-loads                 (60.00%)
    19.977592190             43,349      LLC-load-misses           (80.01%)
    20.001795352             39,833      LLC-loads                 (60.00%)
    20.001795352              9,522      LLC-load-misses           (80.00%)
