# started on Wed Nov  6 01:27:12 2019

#           time             counts unit events
     0.100814161                325      context-switches                                            
     0.201522703                184      context-switches                                            
     0.302059733                212      context-switches                                            
     0.402613323                336      context-switches                                            
     0.503222817                266      context-switches                                            
     0.603837066                278      context-switches                                            
     0.704129262                478      context-switches                                            
     0.804721794                217      context-switches                                            
     0.905312139                222      context-switches                                            
     1.005693652                178      context-switches                                            
     1.106292277                180      context-switches                                            
     1.206909340                168      context-switches                                            
     1.307440763                157      context-switches                                            
     1.407930076                263      context-switches                                            
     1.508518528                158      context-switches                                            
     1.608987939                182      context-switches                                            
     1.709296116                372      context-switches                                            
     1.809846954                256      context-switches                                            
     1.910484919                301      context-switches                                            
     2.011106228                192      context-switches                                            
     2.111706373                150      context-switches                                            
     2.212193158                194      context-switches                                            
     2.312741121                152      context-switches                                            
     2.413264563                253      context-switches                                            
     2.513791114                203      context-switches                                            
#           time             counts unit events
     2.614424740                203      context-switches                                            
     2.715059891                442      context-switches                                            
     2.815666793                216      context-switches                                            
     2.916310956                258      context-switches                                            
     3.016934651                146      context-switches                                            
     3.117547517                178      context-switches                                            
     3.218180855                155      context-switches                                            
     3.318574825                169      context-switches                                            
     3.419083772                262      context-switches                                            
     3.519692107                185      context-switches                                            
     3.620191904                176      context-switches                                            
     3.720516666                397      context-switches                                            
     3.821059332                225      context-switches                                            
     3.921585733                221      context-switches                                            
     4.022150193                171      context-switches                                            
     4.122731474                186      context-switches                                            
     4.223216534                210      context-switches                                            
     4.323763945                188      context-switches                                            
     4.424588731                293      context-switches                                            
     4.525136097                185      context-switches                                            
     4.625663486                203      context-switches                                            
     4.726145616                439      context-switches                                            
     4.826706829                236      context-switches                                            
     4.927078728                237      context-switches                                            
     5.027301737             28,990      context-switches                                            
#           time             counts unit events
     5.127522000             37,294      context-switches                                            
     5.227627227             38,485      context-switches                                            
     5.327878521             36,814      context-switches                                            
     5.428053145             38,258      context-switches                                            
     5.528255651             35,812      context-switches                                            
     5.628364792             38,435      context-switches                                            
     5.728662767             36,438      context-switches                                            
     5.828824068             38,116      context-switches                                            
     5.928934252             37,339      context-switches                                            
     6.029095917             40,295      context-switches                                            
     6.129341678             36,862      context-switches                                            
     6.229452361             37,831      context-switches                                            
     6.329655607             36,673      context-switches                                            
     6.429770661             37,471      context-switches                                            
     6.529906237             37,498      context-switches                                            
     6.630018707             36,863      context-switches                                            
     6.730214634             37,314      context-switches                                            
     6.830325497             37,648      context-switches                                            
     6.930635170             38,386      context-switches                                            
     7.030777522             36,119      context-switches                                            
     7.130916099             38,529      context-switches                                            
     7.231081340             36,876      context-switches                                            
     7.331332021             37,811      context-switches                                            
     7.431452818             37,456      context-switches                                            
     7.531619524             38,237      context-switches                                            
#           time             counts unit events
     7.631735777             36,863      context-switches                                            
     7.732006688             38,619      context-switches                                            
     7.832115395             36,693      context-switches                                            
     7.932350370             38,488      context-switches                                            
     8.032463290             37,539      context-switches                                            
     8.132638734             38,727      context-switches                                            
     8.232748066             37,076      context-switches                                            
     8.333032643             38,296      context-switches                                            
     8.433209633             36,369      context-switches                                            
     8.533422312             38,310      context-switches                                            
     8.633558557             36,748      context-switches                                            
     8.733721070             39,052      context-switches                                            
     8.833874831             37,249      context-switches                                            
     8.934139202             38,790      context-switches                                            
     9.034242493             35,267      context-switches                                            
     9.134466358             38,336      context-switches                                            
     9.234691925             36,924      context-switches                                            
     9.334932829             37,978      context-switches                                            
     9.435132040             36,289      context-switches                                            
     9.535297867             38,513      context-switches                                            
     9.635462255             36,565      context-switches                                            
     9.735573934             37,926      context-switches                                            
     9.835683827             36,576      context-switches                                            
     9.935881723             38,575      context-switches                                            
    10.000755674             23,923      context-switches                                            
