# started on Thu Nov  7 01:58:11 2019

#           time             counts unit events
     0.100875653                198      context-switches                                            
     0.201398434                793      context-switches                                            
     0.301720786              2,047      context-switches                                            
     0.401938939              1,299      context-switches                                            
     0.502203748              2,641      context-switches                                            
     0.602367156              2,508      context-switches                                            
     0.702702055              4,967      context-switches                                            
     0.803108120              2,471      context-switches                                            
     0.903265079              4,395      context-switches                                            
     1.003560131              1,533      context-switches                                            
     1.104013102              3,113      context-switches                                            
     1.204328092              1,845      context-switches                                            
     1.304614803              4,376      context-switches                                            
     1.405103837              4,089      context-switches                                            
     1.505400199              1,555      context-switches                                            
     1.605633997              4,576      context-switches                                            
     1.705800974              1,276      context-switches                                            
     1.806155319              3,684      context-switches                                            
     1.906370382              3,705      context-switches                                            
     2.006741907              1,781      context-switches                                            
     2.107082083              3,718      context-switches                                            
     2.207188751              2,711      context-switches                                            
     2.307414153              3,303      context-switches                                            
     2.407582514              2,896      context-switches                                            
     2.507734272              3,586      context-switches                                            
#           time             counts unit events
     2.608025850              3,295      context-switches                                            
     2.708225633              1,761      context-switches                                            
     2.808452064              4,169      context-switches                                            
     2.908919548              3,846      context-switches                                            
     3.009195764              1,452      context-switches                                            
     3.109687027              4,463      context-switches                                            
     3.209862082              2,381      context-switches                                            
     3.310385552              2,888      context-switches                                            
     3.410543976              3,558      context-switches                                            
     3.510916349              1,883      context-switches                                            
     3.611267812              3,751      context-switches                                            
     3.711530759              3,484      context-switches                                            
     3.812002399              2,199      context-switches                                            
     3.912256331              4,370      context-switches                                            
     4.012544614              1,520      context-switches                                            
     4.112866935              3,501      context-switches                                            
     4.213100806              1,518      context-switches                                            
     4.313448576              4,179      context-switches                                            
     4.414007970              3,916      context-switches                                            
     4.514412257              1,422      context-switches                                            
     4.614803812              4,518      context-switches                                            
     4.714923837              2,423      context-switches                                            
     4.815441478              2,701      context-switches                                            
     4.915727711              3,935      context-switches                                            
     5.015964406              1,721      context-switches                                            
#           time             counts unit events
     5.116211615              3,734      context-switches                                            
     5.216331304              2,080      context-switches                                            
     5.316746111              3,240      context-switches                                            
     5.417314299              3,990      context-switches                                            
     5.517684484              1,753      context-switches                                            
     5.617915771              4,393      context-switches                                            
     5.718141099              2,549      context-switches                                            
     5.818493809              3,097      context-switches                                            
     5.918987512              3,794      context-switches                                            
     6.019270068              1,765      context-switches                                            
     6.119692676              4,187      context-switches                                            
     6.219830367              2,640      context-switches                                            
     6.320367586              2,916      context-switches                                            
     6.420694260              4,076      context-switches                                            
     6.521013351              1,895      context-switches                                            
     6.621264358              4,109      context-switches                                            
     6.721404549              2,805      context-switches                                            
     6.821799084              3,136      context-switches                                            
     6.922277344              3,916      context-switches                                            
     7.022451489              1,777      context-switches                                            
     7.122835344              4,079      context-switches                                            
     7.223080564              2,843      context-switches                                            
     7.323457069              2,597      context-switches                                            
     7.423782329              3,845      context-switches                                            
     7.524171994              1,907      context-switches                                            
#           time             counts unit events
     7.624621719              4,210      context-switches                                            
     7.724849912              3,817      context-switches                                            
     7.825312011              1,816      context-switches                                            
     7.925557882              4,522      context-switches                                            
     8.025832295              1,317      context-switches                                            
     8.126216186              3,974      context-switches                                            
     8.226481816              1,809      context-switches                                            
     8.326919297              3,492      context-switches                                            
     8.427437540              3,971      context-switches                                            
     8.527582430              9,508      context-switches                                            
     8.627943557              2,615      context-switches                                            
     8.728240681              1,583      context-switches                                            
     8.828675580              4,088      context-switches                                            
     8.929225779              3,545      context-switches                                            
     9.029405161              1,417      context-switches                                            
     9.129851430              4,074      context-switches                                            
     9.230020887              3,184      context-switches                                            
     9.330535078              2,162      context-switches                                            
     9.431071863              4,055      context-switches                                            
     9.531321729              2,306      context-switches                                            
     9.631578560              3,915      context-switches                                            
     9.731761177              1,584      context-switches                                            
     9.832099424              3,941      context-switches                                            
     9.932791900              3,812      context-switches                                            
    10.001215295                679      context-switches                                            
