# started on Tue Nov 12 23:42:06 2019

#           time             counts unit events
     0.100200407              1,270      context-switches                                            
     0.200394984              2,659      context-switches                                            
     0.300544382              8,227      context-switches                                            
     0.400706029              8,254      context-switches                                            
     0.500846576              9,112      context-switches                                            
     0.600981703              7,283      context-switches                                            
     0.701104971              6,088      context-switches                                            
     0.801240998              6,646      context-switches                                            
     0.901373126             29,042      context-switches                                            
     1.001521083             37,509      context-switches                                            
     1.101644670             37,857      context-switches                                            
     1.201797167             42,211      context-switches                                            
     1.301984383             41,405      context-switches                                            
     1.402142040             40,577      context-switches                                            
     1.502303536             38,340      context-switches                                            
     1.602467573             44,697      context-switches                                            
     1.702611839             43,361      context-switches                                            
     1.802777686             39,771      context-switches                                            
     1.902945202             31,847      context-switches                                            
     2.003110409             28,201      context-switches                                            
     2.103274825             37,800      context-switches                                            
     2.203429221             43,004      context-switches                                            
     2.303592487             37,087      context-switches                                            
     2.403743043             42,107      context-switches                                            
     2.503897109             36,804      context-switches                                            
#           time             counts unit events
     2.604054515             38,922      context-switches                                            
     2.704217360             37,131      context-switches                                            
     2.804352597             28,067      context-switches                                            
     2.904527943             33,312      context-switches                                            
     3.004679878             39,683      context-switches                                            
     3.104812744             40,100      context-switches                                            
     3.204950290             38,784      context-switches                                            
     3.305101996             34,345      context-switches                                            
     3.405266771             38,925      context-switches                                            
     3.505417936             36,585      context-switches                                            
     3.605579161             40,284      context-switches                                            
     3.705724357             38,754      context-switches                                            
     3.805863362             35,243      context-switches                                            
     3.906025247             39,869      context-switches                                            
     4.006195902             35,213      context-switches                                            
     4.106372197             43,453      context-switches                                            
     4.206538282             35,057      context-switches                                            
     4.306699497             32,960      context-switches                                            
     4.406853561             39,550      context-switches                                            
     4.507001726             36,693      context-switches                                            
     4.607154350             38,761      context-switches                                            
     4.707287795             45,593      context-switches                                            
     4.807442689             39,855      context-switches                                            
     4.907599074             37,783      context-switches                                            
     5.007747429             37,806      context-switches                                            
#           time             counts unit events
     5.107903064             39,417      context-switches                                            
     5.208064498             41,718      context-switches                                            
     5.308204452             39,421      context-switches                                            
     5.408335616             40,310      context-switches                                            
     5.508497720             42,181      context-switches                                            
     5.608655984             39,625      context-switches                                            
     5.708801768             36,917      context-switches                                            
     5.808935582             40,735      context-switches                                            
     5.909068836             44,099      context-switches                                            
     6.009194930             43,482      context-switches                                            
     6.109323674             46,653      context-switches                                            
     6.209466757             39,225      context-switches                                            
     6.309597391             40,600      context-switches                                            
     6.409740844             44,175      context-switches                                            
     6.509885368             43,703      context-switches                                            
     6.610013921             44,231      context-switches                                            
     6.710150365             48,615      context-switches                                            
     6.810272748             41,826      context-switches                                            
     6.910400682             42,992      context-switches                                            
     7.010551325             41,075      context-switches                                            
     7.110687499             39,880      context-switches                                            
     7.210836121             40,903      context-switches                                            
     7.310989124             35,960      context-switches                                            
     7.411128087             33,639      context-switches                                            
     7.511264000             44,632      context-switches                                            
#           time             counts unit events
     7.611410022             39,658      context-switches                                            
     7.711565625             38,257      context-switches                                            
     7.811701128             38,414      context-switches                                            
     7.911842301             44,360      context-switches                                            
     8.011982783             41,029      context-switches                                            
     8.112125906             37,944      context-switches                                            
     8.212275238             39,764      context-switches                                            
     8.312423790             46,634      context-switches                                            
     8.412561572             41,851      context-switches                                            
     8.512706695             40,521      context-switches                                            
     8.612869306             39,430      context-switches                                            
     8.713010948             38,229      context-switches                                            
     8.813150071             41,153      context-switches                                            
     8.913278653             41,300      context-switches                                            
     9.013428165             40,755      context-switches                                            
     9.113574437             42,640      context-switches                                            
     9.213733388             42,725      context-switches                                            
     9.313873070             41,734      context-switches                                            
     9.414022231             43,100      context-switches                                            
     9.514153783             44,060      context-switches                                            
     9.614293074             38,034      context-switches                                            
     9.714436016             39,752      context-switches                                            
     9.814586657             40,122      context-switches                                            
     9.914732349             38,684      context-switches                                            
    10.000622161             36,591      context-switches                                            
