# started on Wed Nov  6 01:52:59 2019

#           time             counts unit events
     0.100658838                395      context-switches                                            
     0.201230253                215      context-switches                                            
     0.301745441                377      context-switches                                            
     0.402362748                196      context-switches                                            
     0.502948934                193      context-switches                                            
     0.603458095                307      context-switches                                            
     0.703991947                219      context-switches                                            
     0.804582902                187      context-switches                                            
     0.905153373                234      context-switches                                            
     1.005701664                197      context-switches                                            
     1.106381876                293      context-switches                                            
     1.206927006                200      context-switches                                            
     1.307550705                387      context-switches                                            
     1.408127574                155      context-switches                                            
     1.508623348                171      context-switches                                            
     1.609194259                252      context-switches                                            
     1.709811704                160      context-switches                                            
     1.810328953                181      context-switches                                            
     1.910865462                248      context-switches                                            
     2.011379532                187      context-switches                                            
     2.111836458                243      context-switches                                            
     2.212226760                416      context-switches                                            
     2.312738586                180      context-switches                                            
     2.413352477                224      context-switches                                            
     2.513873981                193      context-switches                                            
#           time             counts unit events
     2.614407558                255      context-switches                                            
     2.715021288                196      context-switches                                            
     2.815651071                148      context-switches                                            
     2.916229848                215      context-switches                                            
     3.016778717                176      context-switches                                            
     3.117278851                263      context-switches                                            
     3.217736277                389      context-switches                                            
     3.318233431                258      context-switches                                            
     3.418772537                218      context-switches                                            
     3.519370351                192      context-switches                                            
     3.619928389                194      context-switches                                            
     3.720484050                216      context-switches                                            
     3.821074551                216      context-switches                                            
     3.921650800                312      context-switches                                            
     4.022318295                230      context-switches                                            
     4.122951287                315      context-switches                                            
     4.223536227                448      context-switches                                            
     4.324159410                180      context-switches                                            
     4.424776228                140      context-switches                                            
     4.525293974                268      context-switches                                            
     4.625810479                198      context-switches                                            
     4.726399771                278      context-switches                                            
     4.827021620                181      context-switches                                            
     4.927614899                176      context-switches                                            
     5.027751426              8,023      context-switches                                            
#           time             counts unit events
     5.127967634             38,496      context-switches                                            
     5.228198540             36,340      context-switches                                            
     5.328350326             38,169      context-switches                                            
     5.428624828             35,788      context-switches                                            
     5.528821748             38,153      context-switches                                            
     5.628991206             35,391      context-switches                                            
     5.729206349             36,877      context-switches                                            
     5.829369544             36,557      context-switches                                            
     5.929615547             38,423      context-switches                                            
     6.029770663             37,021      context-switches                                            
     6.129938822             38,431      context-switches                                            
     6.230198915             36,073      context-switches                                            
     6.330466208             39,159      context-switches                                            
     6.430731068             37,149      context-switches                                            
     6.530998996             39,162      context-switches                                            
     6.631187160             36,924      context-switches                                            
     6.731428065             38,465      context-switches                                            
     6.831658078             36,472      context-switches                                            
     6.931836681             39,228      context-switches                                            
     7.032030615             36,914      context-switches                                            
     7.132222768             38,076      context-switches                                            
     7.232435305             37,058      context-switches                                            
     7.332665696             38,497      context-switches                                            
     7.432921531             36,605      context-switches                                            
     7.533195162             38,930      context-switches                                            
#           time             counts unit events
     7.633378344             36,791      context-switches                                            
     7.733599071             38,779      context-switches                                            
     7.833787271             36,239      context-switches                                            
     7.933982244             38,039      context-switches                                            
     8.034163003             35,880      context-switches                                            
     8.134293424             38,380      context-switches                                            
     8.234548631             37,143      context-switches                                            
     8.334713129             38,998      context-switches                                            
     8.434965329             37,186      context-switches                                            
     8.535139726             39,166      context-switches                                            
     8.635347526             35,706      context-switches                                            
     8.735545978             38,007      context-switches                                            
     8.835738501             37,235      context-switches                                            
     8.935996422             37,926      context-switches                                            
     9.036107387             36,542      context-switches                                            
     9.136271716             37,929      context-switches                                            
     9.236436555             35,434      context-switches                                            
     9.336578756             38,610      context-switches                                            
     9.436823957             36,106      context-switches                                            
     9.537008390             38,414      context-switches                                            
     9.637182247             36,215      context-switches                                            
     9.737400204             38,008      context-switches                                            
     9.837623023             36,276      context-switches                                            
     9.937787286             39,194      context-switches                                            
    10.000647291             23,293      context-switches                                            
