# started on Tue Nov  5 22:28:56 2019

#           time             counts unit events
     0.100598413                343      context-switches                                            
     0.201237529                151      context-switches                                            
     0.301767214                241      context-switches                                            
     0.402360074                207      context-switches                                            
     0.502966399                227      context-switches                                            
     0.603291009                385      context-switches                                            
     0.703886804                180      context-switches                                            
     0.804435121                278      context-switches                                            
     0.905043508                341      context-switches                                            
     1.005617404                187      context-switches                                            
     1.106159315                200      context-switches                                            
     1.206766427                234      context-switches                                            
     1.307333111                286      context-switches                                            
     1.407942782                234      context-switches                                            
     1.508523764                380      context-switches                                            
     1.609036792                364      context-switches                                            
     1.709427774              6,196      context-switches                                            
     1.809946075                153      context-switches                                            
     1.910538449                266      context-switches                                            
     2.011089458                220      context-switches                                            
     2.111650195                200      context-switches                                            
     2.211911877                772      context-switches                                            
     2.312543286                257      context-switches                                            
     2.413112849                224      context-switches                                            
     2.513721279                203      context-switches                                            
#           time             counts unit events
     2.614065494                427      context-switches                                            
     2.714652485                256      context-switches                                            
     2.815172965                190      context-switches                                            
     2.915636236                196      context-switches                                            
     3.016029568                300      context-switches                                            
     3.116677187                210      context-switches                                            
     3.217259402                186      context-switches                                            
     3.317920880                218      context-switches                                            
     3.418391919                191      context-switches                                            
     3.518980569                234      context-switches                                            
     3.619574433                375      context-switches                                            
     3.720148971                240      context-switches                                            
     3.820774652                265      context-switches                                            
     3.921321615                184      context-switches                                            
     4.021846840                266      context-switches                                            
     4.122429781                250      context-switches                                            
     4.222914344                266      context-switches                                            
     4.323341692                253      context-switches                                            
     4.423808685                219      context-switches                                            
     4.524413302                279      context-switches                                            
     4.624984634                298      context-switches                                            
     4.725613488                220      context-switches                                            
     4.826240335                178      context-switches                                            
     4.926799634                183      context-switches                                            
     5.026965917             23,199      context-switches                                            
#           time             counts unit events
     5.127135579             35,658      context-switches                                            
     5.227240002             37,991      context-switches                                            
     5.327434221             36,069      context-switches                                            
     5.427542184             37,773      context-switches                                            
     5.527651076             36,197      context-switches                                            
     5.627761206             37,534      context-switches                                            
     5.727982013             36,713      context-switches                                            
     5.828117941             37,846      context-switches                                            
     5.928234787             37,869      context-switches                                            
     6.028391999             36,993      context-switches                                            
     6.128615641             36,349      context-switches                                            
     6.228797370             35,063      context-switches                                            
     6.328991890             38,379      context-switches                                            
     6.429170714             36,486      context-switches                                            
     6.529394000             37,643      context-switches                                            
     6.629505300             35,643      context-switches                                            
     6.729698436             36,932      context-switches                                            
     6.829813712             36,161      context-switches                                            
     6.930063372             38,213      context-switches                                            
     7.030237419             34,689      context-switches                                            
     7.130452272             38,507      context-switches                                            
     7.230617952             36,649      context-switches                                            
     7.330878990             38,267      context-switches                                            
     7.430985280             36,502      context-switches                                            
     7.531271195             38,194      context-switches                                            
#           time             counts unit events
     7.631379933             35,968      context-switches                                            
     7.731496095             38,013      context-switches                                            
     7.831641038             36,812      context-switches                                            
     7.931876104             37,513      context-switches                                            
     8.032166919             36,356      context-switches                                            
     8.132467781             37,597      context-switches                                            
     8.232700952             36,396      context-switches                                            
     8.332927211             38,685      context-switches                                            
     8.433184871             36,603      context-switches                                            
     8.533398674             37,576      context-switches                                            
     8.633682280             36,524      context-switches                                            
     8.733908000             38,054      context-switches                                            
     8.834209118             33,555      context-switches                                            
     8.934417030             38,765      context-switches                                            
     9.034678002             35,603      context-switches                                            
     9.134899776             38,974      context-switches                                            
     9.235217459             35,861      context-switches                                            
     9.335440059             39,366      context-switches                                            
     9.435701765             36,502      context-switches                                            
     9.535966391             37,496      context-switches                                            
     9.636176272             37,552      context-switches                                            
     9.736374557             38,052      context-switches                                            
     9.836535614             36,874      context-switches                                            
     9.936772664             38,079      context-switches                                            
    10.000774570             23,763      context-switches                                            
