# started on Tue Nov  5 21:30:25 2019

#           time             counts unit events
     0.100816723                313      context-switches                                            
     0.201520867                139      context-switches                                            
     0.302067290                380      context-switches                                            
     0.402615776                150      context-switches                                            
     0.503134874                262      context-switches                                            
     0.603784179                159      context-switches                                            
     0.704297207                210      context-switches                                            
     0.804814358                397      context-switches                                            
     0.905462370                231      context-switches                                            
     1.006020653                205      context-switches                                            
     1.106560402                199      context-switches                                            
     1.207036125                221      context-switches                                            
     1.307536874                341      context-switches                                            
     1.408037720                153      context-switches                                            
     1.508671849                203      context-switches                                            
     1.609254420                164      context-switches                                            
     1.709865360                194      context-switches                                            
     1.810568398                426      context-switches                                            
     1.911235194                198      context-switches                                            
     2.011756266                248      context-switches                                            
     2.112361535                182      context-switches                                            
     2.212985625                152      context-switches                                            
     2.313522454                318      context-switches                                            
     2.414014390                167      context-switches                                            
     2.514493006                264      context-switches                                            
#           time             counts unit events
     2.614966457                228      context-switches                                            
     2.715574730                380      context-switches                                            
     2.816069504              6,862      context-switches                                            
     2.916586861                190      context-switches                                            
     3.017110081                149      context-switches                                            
     3.117719625                165      context-switches                                            
     3.218358791                168      context-switches                                            
     3.319002803                266      context-switches                                            
     3.419530939                148      context-switches                                            
     3.520092688                244      context-switches                                            
     3.620629386                191      context-switches                                            
     3.721300679                235      context-switches                                            
     3.821973553                434      context-switches                                            
     3.922621320                218      context-switches                                            
     4.023180929                213      context-switches                                            
     4.123647300                169      context-switches                                            
     4.224180206                222      context-switches                                            
     4.324794066                266      context-switches                                            
     4.425394571                147      context-switches                                            
     4.525982878                300      context-switches                                            
     4.626415869                167      context-switches                                            
     4.726876597                197      context-switches                                            
     4.827421637                367      context-switches                                            
     4.928060545                201      context-switches                                            
     5.028200456              4,344      context-switches                                            
#           time             counts unit events
     5.128553168             12,331      context-switches                                            
     5.228801976             37,096      context-switches                                            
     5.329004455             38,726      context-switches                                            
     5.429228023             37,085      context-switches                                            
     5.529339027             38,643      context-switches                                            
     5.629608276             36,403      context-switches                                            
     5.729761306             38,578      context-switches                                            
     5.829983306             36,483      context-switches                                            
     5.930162691             38,073      context-switches                                            
     6.030352043             36,992      context-switches                                            
     6.130481422             38,867      context-switches                                            
     6.230743334             36,598      context-switches                                            
     6.330855548             37,404      context-switches                                            
     6.431074128             36,362      context-switches                                            
     6.531216213             38,155      context-switches                                            
     6.631516876             36,058      context-switches                                            
     6.731792928             38,086      context-switches                                            
     6.832005562             37,093      context-switches                                            
     6.932237976             38,773      context-switches                                            
     7.032459195             36,701      context-switches                                            
     7.132732077             38,579      context-switches                                            
     7.232924301             36,702      context-switches                                            
     7.333172783             38,868      context-switches                                            
     7.433343826             36,724      context-switches                                            
     7.533536038             38,304      context-switches                                            
#           time             counts unit events
     7.633817334             36,127      context-switches                                            
     7.734070491             37,695      context-switches                                            
     7.834351022             37,202      context-switches                                            
     7.934565341             37,207      context-switches                                            
     8.034868751             37,570      context-switches                                            
     8.135105264             38,125      context-switches                                            
     8.235339004             37,095      context-switches                                            
     8.335606918             38,173      context-switches                                            
     8.435803150             36,866      context-switches                                            
     8.535960876             36,989      context-switches                                            
     8.636232916             36,682      context-switches                                            
     8.736422129             37,807      context-switches                                            
     8.836615144             36,428      context-switches                                            
     8.936873599             38,288      context-switches                                            
     9.037075919             36,746      context-switches                                            
     9.137214215             37,711      context-switches                                            
     9.237462208             36,965      context-switches                                            
     9.337670773             36,983      context-switches                                            
     9.437864986             36,288      context-switches                                            
     9.538029717             38,098      context-switches                                            
     9.638235745             36,981      context-switches                                            
     9.738346587             37,362      context-switches                                            
     9.838522612             35,936      context-switches                                            
     9.938633121             38,188      context-switches                                            
    10.000866928             22,590      context-switches                                            
