# started on Tue Nov 12 12:57:35 2019

#           time             counts unit events
     0.100592737              1,432      context-switches                                            
     0.201083488              1,493      context-switches                                            
     0.301311908              1,993      context-switches                                            
     0.401759104              1,290      context-switches                                            
     0.502196783              1,592      context-switches                                            
     0.602467006              1,601      context-switches                                            
     0.702811448              1,405      context-switches                                            
     0.803350084              1,573      context-switches                                            
     0.903840414              1,501      context-switches                                            
     1.004146792              1,544      context-switches                                            
     1.104599286              1,614      context-switches                                            
     1.204833834              1,495      context-switches                                            
     1.305255662              1,937      context-switches                                            
     1.405586214              1,363      context-switches                                            
     1.505765152              4,645      context-switches                                            
     1.605977275              1,640      context-switches                                            
     1.706454506              1,635      context-switches                                            
     1.806840257              1,640      context-switches                                            
     1.907170313              1,559      context-switches                                            
     2.007391798              1,673      context-switches                                            
     2.107758437              1,441      context-switches                                            
     2.208066506              1,605      context-switches                                            
     2.308307387              2,087      context-switches                                            
     2.408640612              1,539      context-switches                                            
     2.508811142              5,570      context-switches                                            
#           time             counts unit events
     2.609292908              4,378      context-switches                                            
     2.709661945              1,556      context-switches                                            
     2.810110540              1,634      context-switches                                            
     2.910567161              1,381      context-switches                                            
     3.010884953              1,596      context-switches                                            
     3.111224598              1,572      context-switches                                            
     3.211664337              1,338      context-switches                                            
     3.311999301              1,976      context-switches                                            
     3.412444266              1,460      context-switches                                            
     3.512871888              1,640      context-switches                                            
     3.613226282              1,822      context-switches                                            
     3.713538259              1,589      context-switches                                            
     3.813735292              1,769      context-switches                                            
     3.914222305              1,519      context-switches                                            
     4.014507834              1,518      context-switches                                            
     4.114926527              1,478      context-switches                                            
     4.215299986              1,480      context-switches                                            
     4.315766077              1,828      context-switches                                            
     4.416113721              1,460      context-switches                                            
     4.516547981              1,581      context-switches                                            
     4.616843625              1,725      context-switches                                            
     4.717154951              1,557      context-switches                                            
     4.817667053              1,588      context-switches                                            
     4.918041465              1,505      context-switches                                            
     5.018431992              1,399      context-switches                                            
#           time             counts unit events
     5.118780892              1,577      context-switches                                            
     5.219078147              1,523      context-switches                                            
     5.319466068              1,830      context-switches                                            
     5.419759613              1,637      context-switches                                            
     5.520068218              1,590      context-switches                                            
     5.620406964              1,687      context-switches                                            
     5.720770094              1,482      context-switches                                            
     5.821069683              1,648      context-switches                                            
     5.921579223              1,376      context-switches                                            
     6.022021414              1,527      context-switches                                            
     6.122345561              1,511      context-switches                                            
     6.222708587              1,343      context-switches                                            
     6.323184021              1,887      context-switches                                            
     6.423518989              1,483      context-switches                                            
     6.524054698              1,538      context-switches                                            
     6.624558469              1,676      context-switches                                            
     6.725012327              1,502      context-switches                                            
     6.825139204              1,564      context-switches                                            
     6.925545997              1,308      context-switches                                            
     7.025946943              1,488      context-switches                                            
     7.126444909              1,576      context-switches                                            
     7.226666076              1,628      context-switches                                            
     7.327089813              1,931      context-switches                                            
     7.427336068              1,804      context-switches                                            
     7.527734788              1,503      context-switches                                            
#           time             counts unit events
     7.628144467              1,706      context-switches                                            
     7.728420402              1,601      context-switches                                            
     7.828827252              1,572      context-switches                                            
     7.929318024              1,465      context-switches                                            
     8.029710616              1,388      context-switches                                            
     8.129890219              1,609      context-switches                                            
     8.230070893              1,581      context-switches                                            
     8.330409100              1,844      context-switches                                            
     8.430887658              1,517      context-switches                                            
     8.531205106              1,561      context-switches                                            
     8.631592371              1,527      context-switches                                            
     8.731923309              1,449      context-switches                                            
     8.832285688              1,551      context-switches                                            
     8.932641437              1,483      context-switches                                            
     9.033065041              1,352      context-switches                                            
     9.133622565              1,492      context-switches                                            
     9.233916219              1,709      context-switches                                            
     9.334405349              1,814      context-switches                                            
     9.434753510              1,432      context-switches                                            
     9.535089503              1,574      context-switches                                            
     9.635623430              1,505      context-switches                                            
     9.735994479              1,580      context-switches                                            
     9.836226850              1,577      context-switches                                            
     9.936680435              1,516      context-switches                                            
    10.001060830                978      context-switches                                            
