# started on Tue Nov  5 22:14:54 2019

#           time             counts unit events
     0.100660839                529      context-switches                                            
     0.201339773                249      context-switches                                            
     0.301846704                179      context-switches                                            
     0.402363560                204      context-switches                                            
     0.502942770                194      context-switches                                            
     0.603531565                154      context-switches                                            
     0.704095952                256      context-switches                                            
     0.804643454                164      context-switches                                            
     0.905083377                320      context-switches                                            
     1.005669395                208      context-switches                                            
     1.106248048                359      context-switches                                            
     1.206839526                202      context-switches                                            
     1.307427385                126      context-switches                                            
     1.407984477                209      context-switches                                            
     1.508527148                189      context-switches                                            
     1.609111238                164      context-switches                                            
     1.709700969                248      context-switches                                            
     1.810289916                193      context-switches                                            
     1.910772062                324      context-switches                                            
     2.011260437                163      context-switches                                            
     2.111901701                360      context-switches                                            
     2.212463907                210      context-switches                                            
     2.313068741                147      context-switches                                            
     2.413646465                215      context-switches                                            
     2.514229001                167      context-switches                                            
#           time             counts unit events
     2.614877319                163      context-switches                                            
     2.715466269                268      context-switches                                            
     2.815971671                215      context-switches                                            
     2.916488639                291      context-switches                                            
     3.017097873                199      context-switches                                            
     3.117637541                342      context-switches                                            
     3.218237736                381      context-switches                                            
     3.318837574                258      context-switches                                            
     3.419433561                182      context-switches                                            
     3.519917252                188      context-switches                                            
     3.620469640                206      context-switches                                            
     3.721016769                315      context-switches                                            
     3.821636215                217      context-switches                                            
     3.922107665                384      context-switches                                            
     4.022487430                321      context-switches                                            
     4.122944534              6,792      context-switches                                            
     4.223497906                226      context-switches                                            
     4.324072011                144      context-switches                                            
     4.424667172                178      context-switches                                            
     4.525121951                202      context-switches                                            
     4.625610598                162      context-switches                                            
     4.726190713                331      context-switches                                            
     4.826786344                191      context-switches                                            
     4.927268681                290      context-switches                                            
     5.027861641                394      context-switches                                            
#           time             counts unit events
     5.128218772              2,608      context-switches                                            
     5.228744418                362      context-switches                                            
     5.329335284                179      context-switches                                            
     5.429672872              1,759      context-switches                                            
     5.530243977              3,312      context-switches                                            
     5.630816957                209      context-switches                                            
     5.731101126              1,422      context-switches                                            
     5.831383975              3,888      context-switches                                            
     5.931948069                322      context-switches                                            
     6.032556230                908      context-switches                                            
     6.132843289              4,071      context-switches                                            
     6.233403206                400      context-switches                                            
     6.334013805                206      context-switches                                            
     6.434317620              1,960      context-switches                                            
     6.534899563              3,098      context-switches                                            
     6.635496861                135      context-switches                                            
     6.735990768              1,267      context-switches                                            
     6.836455000              3,716      context-switches                                            
     6.937024231                240      context-switches                                            
     7.037312644                648      context-switches                                            
     7.137520634              3,509      context-switches                                            
     7.238033859              1,439      context-switches                                            
     7.338601756                158      context-switches                                            
     7.438838351              3,541      context-switches                                            
     7.539322848              1,782      context-switches                                            
#           time             counts unit events
     7.639866315                170      context-switches                                            
     7.740192534              1,489      context-switches                                            
     7.840577491              3,614      context-switches                                            
     7.940938405                236      context-switches                                            
     8.041322966                469      context-switches                                            
     8.141548720              3,670      context-switches                                            
     8.242342429              1,373      context-switches                                            
     8.342720884                264      context-switches                                            
     8.443014138              2,156      context-switches                                            
     8.543518551              2,698      context-switches                                            
     8.644088981                233      context-switches                                            
     8.744428985              1,615      context-switches                                            
     8.844951759              3,665      context-switches                                            
     8.945514923                284      context-switches                                            
     9.045741203              2,594      context-switches                                            
     9.146043382              5,655      context-switches                                            
     9.246196475              2,908      context-switches                                            
     9.346695755              2,136      context-switches                                            
     9.447013981              1,827      context-switches                                            
     9.547569446              2,652      context-switches                                            
     9.648177404                168      context-switches                                            
     9.748459447              1,724      context-switches                                            
     9.849043655              3,527      context-switches                                            
     9.949662202                174      context-switches                                            
    10.001146296                123      context-switches                                            
