# started on Mon Nov 11 22:37:20 2019

#           time             counts unit events
     0.100178402             42,246      context-switches                                            
     0.200359984             41,970      context-switches                                            
     0.300503988             43,850      context-switches                                            
     0.400648561             41,303      context-switches                                            
     0.500794107             38,737      context-switches                                            
     0.600936133             48,743      context-switches                                            
     0.701069860             48,060      context-switches                                            
     0.801218216             42,391      context-switches                                            
     0.901376951             45,100      context-switches                                            
     1.001526687             48,792      context-switches                                            
     1.101677963             43,740      context-switches                                            
     1.201831189             41,709      context-switches                                            
     1.301980435             45,988      context-switches                                            
     1.402131891             42,742      context-switches                                            
     1.502273271             42,107      context-switches                                            
     1.602420669             42,690      context-switches                                            
     1.702558778             48,307      context-switches                                            
     1.802684148             45,490      context-switches                                            
     1.902825757             43,478      context-switches                                            
     2.002952327             43,509      context-switches                                            
     2.103076036             47,400      context-switches                                            
     2.203231355             45,891      context-switches                                            
     2.303378154             41,163      context-switches                                            
     2.403526004             46,770      context-switches                                            
     2.503678005             39,357      context-switches                                            
#           time             counts unit events
     2.603822037             45,579      context-switches                                            
     2.703972480             43,631      context-switches                                            
     2.804099942             45,176      context-switches                                            
     2.904220904             44,703      context-switches                                            
     3.004352597             44,576      context-switches                                            
     3.104485239             47,980      context-switches                                            
     3.204620121             43,254      context-switches                                            
     3.304769053             47,046      context-switches                                            
     3.404915016             44,687      context-switches                                            
     3.505054631             48,437      context-switches                                            
     3.605187386             51,246      context-switches                                            
     3.705345011             50,070      context-switches                                            
     3.805492106             47,248      context-switches                                            
     3.905622752             48,790      context-switches                                            
     4.005770007             49,058      context-switches                                            
     4.105907931             47,685      context-switches                                            
     4.206055466             49,266      context-switches                                            
     4.306195822             49,144      context-switches                                            
     4.406331339             36,554      context-switches                                            
     4.506476487             49,125      context-switches                                            
     4.606631264             48,854      context-switches                                            
     4.706778353             47,225      context-switches                                            
     4.806920091             49,331      context-switches                                            
     4.907081158             44,372      context-switches                                            
     5.007231856             46,894      context-switches                                            
#           time             counts unit events
     5.107380604             43,834      context-switches                                            
     5.207520352             44,294      context-switches                                            
     5.307665500             41,977      context-switches                                            
     5.407793310             41,426      context-switches                                            
     5.507930030             42,652      context-switches                                            
     5.608076121             44,048      context-switches                                            
     5.708229142             46,895      context-switches                                            
     5.808364444             42,247      context-switches                                            
     5.908493915             42,809      context-switches                                            
     6.008629516             43,118      context-switches                                            
     6.108773487             43,504      context-switches                                            
     6.208902749             44,663      context-switches                                            
     6.309042240             48,194      context-switches                                            
     6.409195912             45,244      context-switches                                            
     6.509351895             46,560      context-switches                                            
     6.609496989             44,377      context-switches                                            
     6.709642703             44,704      context-switches                                            
     6.809788297             47,624      context-switches                                            
     6.909925811             32,550      context-switches                                            
     7.010075185             38,551      context-switches                                            
     7.110211689             47,770      context-switches                                            
     7.210345773             42,967      context-switches                                            
     7.310478438             42,340      context-switches                                            
     7.410620993             48,209      context-switches                                            
     7.510787920             50,454      context-switches                                            
#           time             counts unit events
     7.610933576             46,027      context-switches                                            
     7.711113192             42,869      context-switches                                            
     7.811263589             46,613      context-switches                                            
     7.911420586             45,600      context-switches                                            
     8.011575353             43,832      context-switches                                            
     8.111719880             50,087      context-switches                                            
     8.211857746             49,870      context-switches                                            
     8.311992714             40,612      context-switches                                            
     8.412136452             40,030      context-switches                                            
     8.512293622             42,330      context-switches                                            
     8.612432552             44,449      context-switches                                            
     8.712585991             43,977      context-switches                                            
     8.812743131             43,323      context-switches                                            
     8.912900561             43,941      context-switches                                            
     9.013062770             46,474      context-switches                                            
     9.113198140             48,811      context-switches                                            
     9.213353060             44,300      context-switches                                            
     9.313486170             43,787      context-switches                                            
     9.413625011             45,230      context-switches                                            
     9.513777644             49,456      context-switches                                            
     9.613867508             48,247      context-switches                                            
     9.714002951             45,909      context-switches                                            
     9.814137464             47,710      context-switches                                            
     9.914268757             44,299      context-switches                                            
    10.000606852             39,045      context-switches                                            
