# started on Tue Nov  5 20:31:55 2019

#           time             counts unit events
     0.100805161                332      context-switches                                            
     0.201550189                219      context-switches                                            
     0.302094180                167      context-switches                                            
     0.402635093                231      context-switches                                            
     0.503167604                172      context-switches                                            
     0.603707656                613      context-switches                                            
     0.704257837                359      context-switches                                            
     0.804811816                179      context-switches                                            
     0.905291932                165      context-switches                                            
     1.005769435                168      context-switches                                            
     1.106338414                232      context-switches                                            
     1.206928515                217      context-switches                                            
     1.307547871                155      context-switches                                            
     1.408153485                284      context-switches                                            
     1.508778462                205      context-switches                                            
     1.609292777                585      context-switches                                            
     1.709799870                322      context-switches                                            
     1.810406097                246      context-switches                                            
     1.910893269                268      context-switches                                            
     2.011490273                160      context-switches                                            
     2.112127059                224      context-switches                                            
     2.212713460                264      context-switches                                            
     2.313348339                125      context-switches                                            
     2.413990009                383      context-switches                                            
     2.514649031                194      context-switches                                            
#           time             counts unit events
     2.614791075              1,429      context-switches                                            
     2.715368896              5,902      context-switches                                            
     2.815998413                148      context-switches                                            
     2.916588956                204      context-switches                                            
     3.017169283                192      context-switches                                            
     3.117810145                253      context-switches                                            
     3.218350340                198      context-switches                                            
     3.318885745                175      context-switches                                            
     3.419493657                371      context-switches                                            
     3.520047545                164      context-switches                                            
     3.620584940                593      context-switches                                            
     3.721110359                425      context-switches                                            
     3.821655391                192      context-switches                                            
     3.922124570                209      context-switches                                            
     4.022680934                155      context-switches                                            
     4.123253619                340      context-switches                                            
     4.223883624                318      context-switches                                            
     4.324456146                171      context-switches                                            
     4.424887621                343      context-switches                                            
     4.525263327                169      context-switches                                            
     4.625721925                555      context-switches                                            
     4.726288546                315      context-switches                                            
     4.826953866                192      context-switches                                            
     4.927508186                203      context-switches                                            
     5.027645062              7,209      context-switches                                            
#           time             counts unit events
     5.127815828             35,275      context-switches                                            
     5.227928476             36,076      context-switches                                            
     5.328214499             37,315      context-switches                                            
     5.428328435             36,115      context-switches                                            
     5.528593897             37,431      context-switches                                            
     5.628701604             37,171      context-switches                                            
     5.729007000             37,141      context-switches                                            
     5.829200944             37,265      context-switches                                            
     5.929491950             37,840      context-switches                                            
     6.029771841             36,199      context-switches                                            
     6.130004105             37,636      context-switches                                            
     6.230235352             36,342      context-switches                                            
     6.330487912             37,596      context-switches                                            
     6.430705904             36,997      context-switches                                            
     6.530955143             37,543      context-switches                                            
     6.631251719             36,782      context-switches                                            
     6.731470170             37,429      context-switches                                            
     6.831701029             36,103      context-switches                                            
     6.931918976             38,224      context-switches                                            
     7.032142166             36,560      context-switches                                            
     7.132376845             37,739      context-switches                                            
     7.232601111             35,579      context-switches                                            
     7.332760492             37,928      context-switches                                            
     7.432994006             36,357      context-switches                                            
     7.533150988             38,133      context-switches                                            
#           time             counts unit events
     7.633338962             36,324      context-switches                                            
     7.733468774             37,107      context-switches                                            
     7.833687045             36,779      context-switches                                            
     7.933875149             38,099      context-switches                                            
     8.034153275             36,851      context-switches                                            
     8.134371161             37,566      context-switches                                            
     8.234560334             36,805      context-switches                                            
     8.334796832             37,825      context-switches                                            
     8.435027236             35,580      context-switches                                            
     8.535328523             37,785      context-switches                                            
     8.635626698             36,388      context-switches                                            
     8.735903480             38,312      context-switches                                            
     8.836140229             35,933      context-switches                                            
     8.936394997             37,989      context-switches                                            
     9.036672670             36,086      context-switches                                            
     9.136926764             38,418      context-switches                                            
     9.237220850             36,016      context-switches                                            
     9.337461770             38,731      context-switches                                            
     9.437645575             36,188      context-switches                                            
     9.537909860             38,161      context-switches                                            
     9.638101636             35,928      context-switches                                            
     9.738385318             37,528      context-switches                                            
     9.838681482             35,643      context-switches                                            
     9.938822809             37,590      context-switches                                            
    10.000769483             23,420      context-switches                                            
