# started on Wed Nov  6 01:18:55 2019

#           time             counts unit events
     0.100812727                361      context-switches                                            
     0.201468601                285      context-switches                                            
     0.302077931                155      context-switches                                            
     0.402738719                231      context-switches                                            
     0.503384867                153      context-switches                                            
     0.603935038                212      context-switches                                            
     0.704482730                224      context-switches                                            
     0.805057262                278      context-switches                                            
     0.905606272                371      context-switches                                            
     1.006209144                149      context-switches                                            
     1.106852033                169      context-switches                                            
     1.207449274                263      context-switches                                            
     1.308058516                186      context-switches                                            
     1.408675155                235      context-switches                                            
     1.509101924                140      context-switches                                            
     1.609618746                200      context-switches                                            
     1.710097741                213      context-switches                                            
     1.810696531                246      context-switches                                            
     1.911088550                350      context-switches                                            
     2.011637248                166      context-switches                                            
     2.112219043                332      context-switches                                            
     2.212770228                266      context-switches                                            
     2.313375209                157      context-switches                                            
     2.413932890                223      context-switches                                            
     2.514482796                181      context-switches                                            
#           time             counts unit events
     2.615063879                271      context-switches                                            
     2.715564236                229      context-switches                                            
     2.816127433                406      context-switches                                            
     2.916594250                392      context-switches                                            
     3.017090424                159      context-switches                                            
     3.117351697                652      context-switches                                            
     3.217917804              5,986      context-switches                                            
     3.318469509                167      context-switches                                            
     3.419013545                233      context-switches                                            
     3.519570914                152      context-switches                                            
     3.620164303                220      context-switches                                            
     3.720764248                180      context-switches                                            
     3.821412125                246      context-switches                                            
     3.921909342                435      context-switches                                            
     4.022453554                206      context-switches                                            
     4.122988296                257      context-switches                                            
     4.223465534                217      context-switches                                            
     4.323997541                274      context-switches                                            
     4.424601127                207      context-switches                                            
     4.525243810                167      context-switches                                            
     4.625826875                253      context-switches                                            
     4.726263087                148      context-switches                                            
     4.826766179                289      context-switches                                            
     4.927321214                377      context-switches                                            
     5.027627644              1,231      context-switches                                            
#           time             counts unit events
     5.127875473              2,789      context-switches                                            
     5.228014197              4,995      context-switches                                            
     5.328239138             18,608      context-switches                                            
     5.428817721              9,858      context-switches                                            
     5.529201802              1,656      context-switches                                            
     5.629744781              1,587      context-switches                                            
     5.730087113              1,795      context-switches                                            
     5.830515119              4,667      context-switches                                            
     5.930788504                903      context-switches                                            
     6.031479077              1,860      context-switches                                            
     6.131965240              1,052      context-switches                                            
     6.232596094              1,505      context-switches                                            
     6.333015589              1,226      context-switches                                            
     6.433601997              1,585      context-switches                                            
     6.534029356              1,086      context-switches                                            
     6.634591059              1,471      context-switches                                            
     6.734953597              1,119      context-switches                                            
     6.835566771              1,600      context-switches                                            
     6.936072923              1,390      context-switches                                            
     7.036665516              1,400      context-switches                                            
     7.137063473              1,190      context-switches                                            
     7.237706399              1,330      context-switches                                            
     7.338154380              1,330      context-switches                                            
     7.438758916              1,571      context-switches                                            
     7.539232498              1,259      context-switches                                            
#           time             counts unit events
     7.639888697              1,371      context-switches                                            
     7.740460425              1,237      context-switches                                            
     7.841094081              1,522      context-switches                                            
     7.941544244              1,387      context-switches                                            
     8.042038915              1,289      context-switches                                            
     8.142485424              1,229      context-switches                                            
     8.243072004              1,364      context-switches                                            
     8.343501652              1,369      context-switches                                            
     8.444125143              1,302      context-switches                                            
     8.544534178              1,253      context-switches                                            
     8.645237511              1,277      context-switches                                            
     8.745580070              1,271      context-switches                                            
     8.846191854              1,287      context-switches                                            
     8.946617909              1,463      context-switches                                            
     9.047185996              1,313      context-switches                                            
     9.147665662              1,341      context-switches                                            
     9.248310320              1,281      context-switches                                            
     9.348768673              1,413      context-switches                                            
     9.449359385              1,268      context-switches                                            
     9.549824254              1,318      context-switches                                            
     9.650424777              1,224      context-switches                                            
     9.750852099              1,327      context-switches                                            
     9.851422979              1,202      context-switches                                            
     9.951765946              1,642      context-switches                                            
    10.000982344                428      context-switches                                            
