# started on Tue Nov  5 20:34:27 2019

#           time             counts unit events
     0.100235839             36,895      context-switches                                            
     0.200470100             37,378      context-switches                                            
     0.300701411             37,308      context-switches                                            
     0.400813224             37,814      context-switches                                            
     0.500923065             37,374      context-switches                                            
     0.601165768             36,936      context-switches                                            
     0.701273450             36,844      context-switches                                            
     0.801541890             36,857      context-switches                                            
     0.901652103             36,556      context-switches                                            
     1.001809499             37,280      context-switches                                            
     1.101917755             37,581      context-switches                                            
     1.202169689             35,888      context-switches                                            
     1.302281011             37,208      context-switches                                            
     1.402459432             37,885      context-switches                                            
     1.502568576             37,569      context-switches                                            
     1.602795820             37,859      context-switches                                            
     1.702905944             36,108      context-switches                                            
     1.803206883             37,792      context-switches                                            
     1.903290388             35,530      context-switches                                            
     2.003455150             37,987      context-switches                                            
     2.103575766             36,068      context-switches                                            
     2.203820162             38,317      context-switches                                            
     2.304069455             37,149      context-switches                                            
     2.404196253             38,030      context-switches                                            
     2.504519238             36,133      context-switches                                            
#           time             counts unit events
     2.604762221             38,128      context-switches                                            
     2.704956899             36,017      context-switches                                            
     2.805235339             38,422      context-switches                                            
     2.905399782             36,315      context-switches                                            
     3.005662432             38,376      context-switches                                            
     3.105916393             36,542      context-switches                                            
     3.206173428             40,961      context-switches                                            
     3.306477665             36,188      context-switches                                            
     3.406618091             38,273      context-switches                                            
     3.506906526             36,432      context-switches                                            
     3.607034583             37,763      context-switches                                            
     3.707191286             35,957      context-switches                                            
     3.807500069             37,070      context-switches                                            
     3.907690205             36,359      context-switches                                            
     4.007975543             38,592      context-switches                                            
     4.108171574             36,311      context-switches                                            
     4.208409733             38,308      context-switches                                            
     4.308579535             36,209      context-switches                                            
     4.408803589             38,856      context-switches                                            
     4.509017108             36,122      context-switches                                            
     4.609286989             38,221      context-switches                                            
     4.709599601             35,952      context-switches                                            
     4.809813028             37,860      context-switches                                            
     4.910033081             36,111      context-switches                                            
     5.010276212             36,952      context-switches                                            
#           time             counts unit events
     5.110472499             36,150      context-switches                                            
     5.210689685             38,382      context-switches                                            
     5.310969559             36,569      context-switches                                            
     5.411206860             38,204      context-switches                                            
     5.511373293             36,220      context-switches                                            
     5.611636523             38,682      context-switches                                            
     5.711844572             36,476      context-switches                                            
     5.812010024             37,918      context-switches                                            
     5.912226813             35,682      context-switches                                            
     6.012423365             37,690      context-switches                                            
     6.112644219             36,711      context-switches                                            
     6.212802334             38,276      context-switches                                            
     6.313070206             36,350      context-switches                                            
     6.413239808             39,085      context-switches                                            
     6.513462007             35,723      context-switches                                            
     6.613853941             20,385      context-switches                                            
     6.714001549              2,471      context-switches                                            
     6.814198321              4,019      context-switches                                            
     6.914554587              5,472      context-switches                                            
     7.014993493                198      context-switches                                            
     7.115411457              1,156      context-switches                                            
     7.215823480              3,929      context-switches                                            
     7.316233073                215      context-switches                                            
     7.416664607                728      context-switches                                            
     7.516869198              2,879      context-switches                                            
#           time             counts unit events
     7.617467686              2,161      context-switches                                            
     7.717955621                205      context-switches                                            
     7.818156125              2,082      context-switches                                            
     7.918557753              3,358      context-switches                                            
     8.019101161                192      context-switches                                            
     8.119452296              1,108      context-switches                                            
     8.220013006              3,871      context-switches                                            
     8.320660778                180      context-switches                                            
     8.421184107              1,169      context-switches                                            
     8.521377939              2,706      context-switches                                            
     8.622008806              1,846      context-switches                                            
     8.722633339                166      context-switches                                            
     8.822917966              1,712      context-switches                                            
     8.923321541              3,420      context-switches                                            
     9.023895490                208      context-switches                                            
     9.124566316              1,136      context-switches                                            
     9.225158280              3,760      context-switches                                            
     9.325773446                232      context-switches                                            
     9.426318017              1,241      context-switches                                            
     9.526526268              1,524      context-switches                                            
     9.627032963              2,909      context-switches                                            
     9.727609896                174      context-switches                                            
     9.827819613              1,671      context-switches                                            
     9.928085528              3,669      context-switches                                            
    10.001212148                129      context-switches                                            
