# started on Tue Nov  5 22:17:14 2019

#           time             counts unit events
     0.100721978                386      context-switches                                            
     0.201425288                192      context-switches                                            
     0.301951955                142      context-switches                                            
     0.402550265                311      context-switches                                            
     0.503166376                207      context-switches                                            
     0.603755153                188      context-switches                                            
     0.704310627                196      context-switches                                            
     0.804759551                229      context-switches                                            
     0.905108568                479      context-switches                                            
     1.005612134                211      context-switches                                            
     1.106187562                200      context-switches                                            
     1.206743411                192      context-switches                                            
     1.307332389                155      context-switches                                            
     1.407897870                238      context-switches                                            
     1.508468269                271      context-switches                                            
     1.609122420                221      context-switches                                            
     1.709670867                212      context-switches                                            
     1.810278376                209      context-switches                                            
     1.910888868                433      context-switches                                            
     2.011492403                184      context-switches                                            
     2.112062442                194      context-switches                                            
     2.212608804              1,229      context-switches                                            
     2.313071379                165      context-switches                                            
     2.413603885                236      context-switches                                            
     2.514190901                237      context-switches                                            
#           time             counts unit events
     2.614765410                210      context-switches                                            
     2.715383993                221      context-switches                                            
     2.815967703                206      context-switches                                            
     2.916593824                399      context-switches                                            
     3.017235857                151      context-switches                                            
     3.117709950                191      context-switches                                            
     3.218263897                193      context-switches                                            
     3.318827800                165      context-switches                                            
     3.419323998                263      context-switches                                            
     3.519924014                314      context-switches                                            
     3.620420649                275      context-switches                                            
     3.720950522                237      context-switches                                            
     3.821629242                340      context-switches                                            
     3.921818918              1,301      context-switches                                            
     4.022377020              5,785      context-switches                                            
     4.122935214                170      context-switches                                            
     4.223506723                143      context-switches                                            
     4.324118217                180      context-switches                                            
     4.424695906                206      context-switches                                            
     4.525303735                349      context-switches                                            
     4.625872967                205      context-switches                                            
     4.726466079                184      context-switches                                            
     4.827010862                203      context-switches                                            
     4.927638995                423      context-switches                                            
     5.028035252              1,074      context-switches                                            
#           time             counts unit events
     5.128491656              2,336      context-switches                                            
     5.228744506              2,466      context-switches                                            
     5.328970117              2,100      context-switches                                            
     5.429208249              3,448      context-switches                                            
     5.529436831              6,967      context-switches                                            
     5.629672907              2,530      context-switches                                            
     5.729964277              7,067      context-switches                                            
     5.830070100              5,629      context-switches                                            
     5.930345284              2,695      context-switches                                            
     6.030534528              5,699      context-switches                                            
     6.130740195              2,996      context-switches                                            
     6.231002907              4,645      context-switches                                            
     6.331410895              4,679      context-switches                                            
     6.431972121              4,624      context-switches                                            
     6.532129721              4,188      context-switches                                            
     6.632313182              4,033      context-switches                                            
     6.732491434              6,073      context-switches                                            
     6.832758356              1,803      context-switches                                            
     6.932826759              7,409      context-switches                                            
     7.032959766              5,193      context-switches                                            
     7.133346394              2,170      context-switches                                            
     7.233587406              6,172      context-switches                                            
     7.333745589              4,027      context-switches                                            
     7.434134940              4,417      context-switches                                            
     7.534343869              3,517      context-switches                                            
#           time             counts unit events
     7.634742422              6,590      context-switches                                            
     7.735032948              1,689      context-switches                                            
     7.835359768              6,710      context-switches                                            
     7.935499756              5,606      context-switches                                            
     8.035796483              1,992      context-switches                                            
     8.136015450              6,197      context-switches                                            
     8.236278685              3,400      context-switches                                            
     8.336694834              4,331      context-switches                                            
     8.436883350              3,095      context-switches                                            
     8.537135212              6,703      context-switches                                            
     8.637387218              3,392      context-switches                                            
     8.737679429              3,852      context-switches                                            
     8.837872170              5,813      context-switches                                            
     8.938042745              4,830      context-switches                                            
     9.038315862              3,332      context-switches                                            
     9.138568673              5,681      context-switches                                            
     9.238965170              3,863      context-switches                                            
     9.339181541              4,817      context-switches                                            
     9.439613756              4,704      context-switches                                            
     9.539974220              4,516      context-switches                                            
     9.640187568              2,688      context-switches                                            
     9.740663223              7,622      context-switches                                            
     9.840906387              1,334      context-switches                                            
     9.941125584              7,019      context-switches                                            
    10.000644893              2,506      context-switches                                            
