# started on Tue Nov  5 17:19:50 2019

#           time             counts unit events
     0.100829303                415      context-switches                                            
     0.201465594                481      context-switches                                            
     0.302122196                225      context-switches                                            
     0.402749250                162      context-switches                                            
     0.503325236                294      context-switches                                            
     0.603939463                126      context-switches                                            
     0.704427007                210      context-switches                                            
     0.804978588                516      context-switches                                            
     0.905561131                190      context-switches                                            
     1.006188268                185      context-switches                                            
     1.106803544                190      context-switches                                            
     1.207411332                480      context-switches                                            
     1.308046486                264      context-switches                                            
     1.408645551                192      context-switches                                            
     1.509255239                280      context-switches                                            
     1.609866088                202      context-switches                                            
     1.710384738                208      context-switches                                            
     1.810966586                537      context-switches                                            
     1.911479171                217      context-switches                                            
     2.012077694                211      context-switches                                            
     2.112679685                162      context-switches                                            
     2.213278772                476      context-switches                                            
     2.313827183                227      context-switches                                            
     2.414251332                196      context-switches                                            
     2.514798499                544      context-switches                                            
#           time             counts unit events
     2.615288456                390      context-switches                                            
     2.715799286                579      context-switches                                            
     2.816225546                868      context-switches                                            
     2.916788549                336      context-switches                                            
     3.017279913                462      context-switches                                            
     3.117804045                293      context-switches                                            
     3.218318549                689      context-switches                                            
     3.318916645                289      context-switches                                            
     3.419435307                362      context-switches                                            
     3.520090291                566      context-switches                                            
     3.620709155                496      context-switches                                            
     3.721232795                534      context-switches                                            
     3.821735731                824      context-switches                                            
     3.922305209                490      context-switches                                            
     4.022967628                296      context-switches                                            
     4.123573512                230      context-switches                                            
     4.224165389                541      context-switches                                            
     4.324771523                194      context-switches                                            
     4.425378598                130      context-switches                                            
     4.525785411                360      context-switches                                            
     4.626356249                193      context-switches                                            
     4.726947382                167      context-switches                                            
     4.827478638                595      context-switches                                            
     4.928091588                179      context-switches                                            
     5.028241889             11,513      context-switches                                            
#           time             counts unit events
     5.128528700             37,480      context-switches                                            
     5.228658358             36,558      context-switches                                            
     5.328827117             37,193      context-switches                                            
     5.428943868             36,126      context-switches                                            
     5.529121044             37,254      context-switches                                            
     5.629320340             36,956      context-switches                                            
     5.729603203             37,490      context-switches                                            
     5.829829162             36,876      context-switches                                            
     5.930029752             37,230      context-switches                                            
     6.030332964             36,192      context-switches                                            
     6.130593220             37,449      context-switches                                            
     6.230825733             36,757      context-switches                                            
     6.331083175             36,904      context-switches                                            
     6.431387750             36,045      context-switches                                            
     6.531639398             37,116      context-switches                                            
     6.631848149             35,652      context-switches                                            
     6.732072011             37,760      context-switches                                            
     6.832272704             35,029      context-switches                                            
     6.932574299             37,312      context-switches                                            
     7.032840908             35,621      context-switches                                            
     7.132977790             37,584      context-switches                                            
     7.233121683             36,442      context-switches                                            
     7.333358126             37,448      context-switches                                            
     7.433604418             36,398      context-switches                                            
     7.533810043             38,937      context-switches                                            
#           time             counts unit events
     7.634030455             35,899      context-switches                                            
     7.734279496             37,481      context-switches                                            
     7.834553493             35,932      context-switches                                            
     7.934764962             37,448      context-switches                                            
     8.035022213             35,457      context-switches                                            
     8.135317391             38,062      context-switches                                            
     8.235578866             37,095      context-switches                                            
     8.335853057             36,389      context-switches                                            
     8.436078308             36,975      context-switches                                            
     8.536297875             36,971      context-switches                                            
     8.636539057             35,579      context-switches                                            
     8.736779067             37,233      context-switches                                            
     8.837023948             36,745      context-switches                                            
     8.937183202             35,050      context-switches                                            
     9.037355435             35,138      context-switches                                            
     9.137547467             35,056      context-switches                                            
     9.237771095             33,616      context-switches                                            
     9.337905740             33,320      context-switches                                            
     9.438107084             37,078      context-switches                                            
     9.538417204             34,466      context-switches                                            
     9.638658028             35,103      context-switches                                            
     9.738805412             36,565      context-switches                                            
     9.838920458             35,826      context-switches                                            
     9.939164730             35,773      context-switches                                            
    10.000670349             22,425      context-switches                                            
