# started on Tue Nov 12 21:29:46 2019

#           time             counts unit events
     0.100236114             32,368      context-switches                                            
     0.200422219             28,152      context-switches                                            
     0.300725902             34,050      context-switches                                            
     0.400931367             22,815      context-switches                                            
     0.501123468             16,558      context-switches                                            
     0.601314233             19,019      context-switches                                            
     0.701525201             20,048      context-switches                                            
     0.801757194             20,680      context-switches                                            
     0.902035207             16,059      context-switches                                            
     1.002392385             17,560      context-switches                                            
     1.102898572             16,594      context-switches                                            
     1.203303663             18,270      context-switches                                            
     1.303865977             20,788      context-switches                                            
     1.404154430             20,883      context-switches                                            
     1.504457529             15,642      context-switches                                            
     1.604841899             13,471      context-switches                                            
     1.705251014             16,364      context-switches                                            
     1.805489163             18,092      context-switches                                            
     1.905913411             17,846      context-switches                                            
     2.006089515             20,636      context-switches                                            
     2.106278734             28,278      context-switches                                            
     2.206444503             24,327      context-switches                                            
     2.306664222             23,457      context-switches                                            
     2.406972761             17,733      context-switches                                            
     2.507173616             14,907      context-switches                                            
#           time             counts unit events
     2.607831699             17,882      context-switches                                            
     2.708398051             13,514      context-switches                                            
     2.808718952             13,942      context-switches                                            
     2.908953548             17,108      context-switches                                            
     3.009145402             15,410      context-switches                                            
     3.109374393             17,024      context-switches                                            
     3.209584924             18,612      context-switches                                            
     3.309798029             20,196      context-switches                                            
     3.410037392             21,550      context-switches                                            
     3.510502196             16,235      context-switches                                            
     3.611061414             16,958      context-switches                                            
     3.711954215             18,033      context-switches                                            
     3.812394113             17,711      context-switches                                            
     3.912826768             14,752      context-switches                                            
     4.013150152             19,090      context-switches                                            
     4.113383947             17,013      context-switches                                            
     4.213581092             22,583      context-switches                                            
     4.313992804             18,033      context-switches                                            
     4.414195876             18,719      context-switches                                            
     4.514459300             19,920      context-switches                                            
     4.615438302             14,067      context-switches                                            
     4.716218630             21,189      context-switches                                            
     4.816883221             16,745      context-switches                                            
     4.917625447             15,337      context-switches                                            
     5.018392008             14,910      context-switches                                            
#           time             counts unit events
     5.118701714             17,116      context-switches                                            
     5.218954400             16,511      context-switches                                            
     5.319137319             22,713      context-switches                                            
     5.419545964             20,110      context-switches                                            
     5.519823315             17,770      context-switches                                            
     5.620202073             19,772      context-switches                                            
     5.720844576             12,452      context-switches                                            
     5.821216066             18,527      context-switches                                            
     5.922097829             15,049      context-switches                                            
     6.022334801             16,398      context-switches                                            
     6.123174609             17,158      context-switches                                            
     6.223353915             22,667      context-switches                                            
     6.323552875             17,355      context-switches                                            
     6.423817212             17,461      context-switches                                            
     6.524473121             15,651      context-switches                                            
     6.624962747             13,186      context-switches                                            
     6.725785586             14,865      context-switches                                            
     6.826472725             17,549      context-switches                                            
     6.927380082             14,464      context-switches                                            
     7.028117004             14,685      context-switches                                            
     7.128324942             16,819      context-switches                                            
     7.228955710             13,916      context-switches                                            
     7.329782329             20,479      context-switches                                            
     7.430022673             18,483      context-switches                                            
     7.530470982             20,743      context-switches                                            
#           time             counts unit events
     7.630669983             19,431      context-switches                                            
     7.731110204             17,456      context-switches                                            
     7.831315063             14,154      context-switches                                            
     7.931586576             20,772      context-switches                                            
     8.032095990             13,882      context-switches                                            
     8.132331859             16,324      context-switches                                            
     8.232790166             16,481      context-switches                                            
     8.333004433             19,009      context-switches                                            
     8.433264205             20,929      context-switches                                            
     8.533446408             18,232      context-switches                                            
     8.633877977             17,785      context-switches                                            
     8.734852954             15,536      context-switches                                            
     8.835876964             23,460      context-switches                                            
     8.936230321             14,971      context-switches                                            
     9.036914725             15,774      context-switches                                            
     9.137128191             19,205      context-switches                                            
     9.237336970             17,697      context-switches                                            
     9.337657435             16,945      context-switches                                            
     9.437956534             22,026      context-switches                                            
     9.538339206             18,605      context-switches                                            
     9.638540890             18,362      context-switches                                            
     9.739279338             17,130      context-switches                                            
     9.839641220             18,758      context-switches                                            
     9.939953407             17,622      context-switches                                            
    10.001070726              8,481      context-switches                                            
