# started on Tue Nov  5 20:28:24 2019

#           time             counts unit events
     0.100800957                326      context-switches                                            
     0.201487555                171      context-switches                                            
     0.302141924                400      context-switches                                            
     0.402782612                191      context-switches                                            
     0.503287037                182      context-switches                                            
     0.603875179                200      context-switches                                            
     0.704463626                208      context-switches                                            
     0.805093716                324      context-switches                                            
     0.905724760                135      context-switches                                            
     1.006271302                510      context-switches                                            
     1.106892498                174      context-switches                                            
     1.207492025                254      context-switches                                            
     1.307923463                382      context-switches                                            
     1.408530732                132      context-switches                                            
     1.509121287                150      context-switches                                            
     1.609744576                179      context-switches                                            
     1.710340183                228      context-switches                                            
     1.810939735                356      context-switches                                            
     1.911583352                139      context-switches                                            
     2.012076101                512      context-switches                                            
     2.112692902                190      context-switches                                            
     2.213212161                184      context-switches                                            
     2.313756270                389      context-switches                                            
     2.414368508                207      context-switches                                            
     2.514976013                148      context-switches                                            
#           time             counts unit events
     2.615593134                152      context-switches                                            
     2.716132947                187      context-switches                                            
     2.816593434                315      context-switches                                            
     2.917147204                165      context-switches                                            
     3.017543778                546      context-switches                                            
     3.118103394                160      context-switches                                            
     3.218614214                187      context-switches                                            
     3.319171692                391      context-switches                                            
     3.419675439                218      context-switches                                            
     3.520238026                216      context-switches                                            
     3.620792635                234      context-switches                                            
     3.721302845                194      context-switches                                            
     3.821783810                375      context-switches                                            
     3.922340833                157      context-switches                                            
     4.022823042                539      context-switches                                            
     4.123350789                209      context-switches                                            
     4.223593307              6,728      context-switches                                            
     4.324017792                488      context-switches                                            
     4.424628970                154      context-switches                                            
     4.525245389                170      context-switches                                            
     4.625859213                172      context-switches                                            
     4.726409847                200      context-switches                                            
     4.827006956                367      context-switches                                            
     4.927502002                272      context-switches                                            
     5.027739129              2,335      context-switches                                            
#           time             counts unit events
     5.128203988              3,364      context-switches                                            
     5.228429774              2,671      context-switches                                            
     5.328960918              3,405      context-switches                                            
     5.429117660              1,778      context-switches                                            
     5.529512688              4,892      context-switches                                            
     5.629672214              2,692      context-switches                                            
     5.729969904              7,263      context-switches                                            
     5.830092849              1,133      context-switches                                            
     5.930472092             16,122      context-switches                                            
     6.030811103              1,380      context-switches                                            
     6.131381770              5,005      context-switches                                            
     6.231579201              1,848      context-switches                                            
     6.331898976              8,803      context-switches                                            
     6.432205742              1,124      context-switches                                            
     6.532477022              4,463      context-switches                                            
     6.632932293              1,790      context-switches                                            
     6.733134345              1,970      context-switches                                            
     6.833253456              5,887      context-switches                                            
     6.933457195              5,190      context-switches                                            
     7.033736654              4,110      context-switches                                            
     7.134016908              1,559      context-switches                                            
     7.234273182              6,384      context-switches                                            
     7.334463266              6,949      context-switches                                            
     7.434894565              5,434      context-switches                                            
     7.535357389                984      context-switches                                            
#           time             counts unit events
     7.635925427              1,640      context-switches                                            
     7.736213951              1,959      context-switches                                            
     7.836436342              9,135      context-switches                                            
     7.936649592              5,273      context-switches                                            
     8.036835403              4,136      context-switches                                            
     8.137148628              1,604      context-switches                                            
     8.237305422              4,756      context-switches                                            
     8.337438280              8,623      context-switches                                            
     8.437913677              4,849      context-switches                                            
     8.538384450              2,175      context-switches                                            
     8.638834614              1,577      context-switches                                            
     8.739106126              1,695      context-switches                                            
     8.839218321              9,335      context-switches                                            
     8.939447302              3,129      context-switches                                            
     9.039753548              6,360      context-switches                                            
     9.140181720              1,386      context-switches                                            
     9.240341075              5,066      context-switches                                            
     9.340699385              1,948      context-switches                                            
     9.441055697              4,486      context-switches                                            
     9.541390404              1,906      context-switches                                            
     9.641606474              5,794      context-switches                                            
     9.741768420              5,372      context-switches                                            
     9.842147559              7,010      context-switches                                            
     9.942597985              2,331      context-switches                                            
    10.000806577                816      context-switches                                            
