# started on Wed Nov  6 00:27:29 2019

#           time             counts unit events
     0.100820697                361      context-switches                                            
     0.201506279                172      context-switches                                            
     0.301985848                346      context-switches                                            
     0.402515553                256      context-switches                                            
     0.503139453                308      context-switches                                            
     0.603735700                363      context-switches                                            
     0.704268930                157      context-switches                                            
     0.804926065                211      context-switches                                            
     0.905539079                310      context-switches                                            
     1.006143618                156      context-switches                                            
     1.106561043                253      context-switches                                            
     1.207032007                157      context-switches                                            
     1.307595134                317      context-switches                                            
     1.408260437                294      context-switches                                            
     1.508725727                241      context-switches                                            
     1.609244219                434      context-switches                                            
     1.709763932                163      context-switches                                            
     1.810350635                259      context-switches                                            
     1.910942751                224      context-switches                                            
     2.011463618                191      context-switches                                            
     2.111976730                243      context-switches                                            
     2.212399561                228      context-switches                                            
     2.313003699                278      context-switches                                            
     2.413549196                282      context-switches                                            
     2.514113088                248      context-switches                                            
#           time             counts unit events
     2.614591206                428      context-switches                                            
     2.715120440                405      context-switches                                            
     2.815802165                209      context-switches                                            
     2.916395823                205      context-switches                                            
     3.017003130                151      context-switches                                            
     3.117477245                337      context-switches                                            
     3.218111364                195      context-switches                                            
     3.318665174                276      context-switches                                            
     3.419329720                281      context-switches                                            
     3.519987030                384      context-switches                                            
     3.620450226                448      context-switches                                            
     3.721055514                281      context-switches                                            
     3.821525838                164      context-switches                                            
     3.922094202                252      context-switches                                            
     4.022630305                180      context-switches                                            
     4.123172125                212      context-switches                                            
     4.223869757                170      context-switches                                            
     4.324343401                220      context-switches                                            
     4.425006020                217      context-switches                                            
     4.525675815                316      context-switches                                            
     4.626290588                475      context-switches                                            
     4.726834259                261      context-switches                                            
     4.827366110                422      context-switches                                            
     4.927975176                181      context-switches                                            
     5.028294505              6,464      context-switches                                            
#           time             counts unit events
     5.128558081             20,249      context-switches                                            
     5.228796860             36,680      context-switches                                            
     5.328966349             39,556      context-switches                                            
     5.429080101             36,516      context-switches                                            
     5.529301456             39,234      context-switches                                            
     5.629553931             36,326      context-switches                                            
     5.729786848             38,215      context-switches                                            
     5.830010586             37,214      context-switches                                            
     5.930284701             38,332      context-switches                                            
     6.030528520             35,958      context-switches                                            
     6.130748240             38,762      context-switches                                            
     6.230918540             36,677      context-switches                                            
     6.331058218             38,522      context-switches                                            
     6.431234556             35,692      context-switches                                            
     6.531390893             38,106      context-switches                                            
     6.631650018             35,891      context-switches                                            
     6.731759437             37,880      context-switches                                            
     6.831985925             36,493      context-switches                                            
     6.932165074             38,916      context-switches                                            
     7.032392588             36,459      context-switches                                            
     7.132572101             37,726      context-switches                                            
     7.232786324             36,554      context-switches                                            
     7.333058256             38,811      context-switches                                            
     7.433216492             34,478      context-switches                                            
     7.533347363             38,426      context-switches                                            
#           time             counts unit events
     7.633627535             37,599      context-switches                                            
     7.733738563             38,965      context-switches                                            
     7.833935730             37,337      context-switches                                            
     7.934042935             39,274      context-switches                                            
     8.034288394             36,014      context-switches                                            
     8.134400282             37,836      context-switches                                            
     8.234516363             36,305      context-switches                                            
     8.334642118             38,267      context-switches                                            
     8.434893297             37,347      context-switches                                            
     8.535085375             38,941      context-switches                                            
     8.635377234             37,814      context-switches                                            
     8.735624946             38,699      context-switches                                            
     8.835870181             36,936      context-switches                                            
     8.936166156             38,530      context-switches                                            
     9.036508542             35,042      context-switches                                            
     9.136759736             38,298      context-switches                                            
     9.237003689             37,208      context-switches                                            
     9.337315368             36,792      context-switches                                            
     9.437528506             36,894      context-switches                                            
     9.537784109             38,515      context-switches                                            
     9.638023761             37,797      context-switches                                            
     9.738195302             38,753      context-switches                                            
     9.838437821             36,316      context-switches                                            
     9.938619032             37,938      context-switches                                            
    10.000766277             23,556      context-switches                                            
