# started on Mon Nov 11 22:38:41 2019

#           time             counts unit events
     0.100170608             31,534      context-switches                                            
     0.200301247             46,049      context-switches                                            
     0.300445236             39,486      context-switches                                            
     0.400591285             41,440      context-switches                                            
     0.500738295             44,585      context-switches                                            
     0.600863414             43,844      context-switches                                            
     0.701010046             34,723      context-switches                                            
     0.801142868             41,825      context-switches                                            
     0.901287730             40,217      context-switches                                            
     1.001426452             43,162      context-switches                                            
     1.101577533             43,685      context-switches                                            
     1.201727954             42,871      context-switches                                            
     1.301872706             39,167      context-switches                                            
     1.402019448             38,150      context-switches                                            
     1.502171060             42,664      context-switches                                            
     1.602303823             48,255      context-switches                                            
     1.702439457             44,699      context-switches                                            
     1.802586941             47,070      context-switches                                            
     1.902730316             41,458      context-switches                                            
     2.002876980             39,335      context-switches                                            
     2.103023964             43,156      context-switches                                            
     2.203180118             47,013      context-switches                                            
     2.303323422             39,925      context-switches                                            
     2.403463567             48,629      context-switches                                            
     2.503611531             36,261      context-switches                                            
#           time             counts unit events
     2.603757805             34,747      context-switches                                            
     2.703907212             42,713      context-switches                                            
     2.804038989             43,141      context-switches                                            
     2.904177196             45,496      context-switches                                            
     3.004308463             46,940      context-switches                                            
     3.104440050             50,684      context-switches                                            
     3.204567008             47,899      context-switches                                            
     3.304713715             45,782      context-switches                                            
     3.404856562             49,956      context-switches                                            
     3.504985229             48,296      context-switches                                            
     3.605133686             49,161      context-switches                                            
     3.705277965             48,954      context-switches                                            
     3.805406854             44,131      context-switches                                            
     3.905536004             53,601      context-switches                                            
     4.005673814             41,520      context-switches                                            
     4.105800144             47,336      context-switches                                            
     4.205932044             51,451      context-switches                                            
     4.306084613             43,372      context-switches                                            
     4.406221962             47,127      context-switches                                            
     4.506352072             51,506      context-switches                                            
     4.606478392             49,870      context-switches                                            
     4.706602804             47,594      context-switches                                            
     4.806745066             38,717      context-switches                                            
     4.906894298             43,221      context-switches                                            
     5.007026010             41,572      context-switches                                            
#           time             counts unit events
     5.107174552             45,907      context-switches                                            
     5.207323454             43,273      context-switches                                            
     5.307471156             35,809      context-switches                                            
     5.407632828             38,041      context-switches                                            
     5.507780799             42,043      context-switches                                            
     5.607923512             41,101      context-switches                                            
     5.708052506             42,126      context-switches                                            
     5.808192651             46,255      context-switches                                            
     5.908332935             47,084      context-switches                                            
     6.008472109             44,069      context-switches                                            
     6.108612614             47,381      context-switches                                            
     6.208765879             40,469      context-switches                                            
     6.308919123             38,997      context-switches                                            
     6.409092517             42,051      context-switches                                            
     6.509245071             44,666      context-switches                                            
     6.609394326             41,479      context-switches                                            
     6.709546103             42,362      context-switches                                            
     6.809671001             42,066      context-switches                                            
     6.909803418             44,504      context-switches                                            
     7.009924705             45,427      context-switches                                            
     7.110055883             45,341      context-switches                                            
     7.210191640             42,738      context-switches                                            
     7.310337417             42,865      context-switches                                            
     7.410471464             42,319      context-switches                                            
     7.510615701             44,531      context-switches                                            
#           time             counts unit events
     7.610762489             44,847      context-switches                                            
     7.710911138             42,762      context-switches                                            
     7.811057307             39,834      context-switches                                            
     7.911191927             38,613      context-switches                                            
     8.011341727             48,128      context-switches                                            
     8.111483486             44,661      context-switches                                            
     8.211606497             47,633      context-switches                                            
     8.311733337             46,396      context-switches                                            
     8.411860106             47,883      context-switches                                            
     8.512002676             42,729      context-switches                                            
     8.612134976             44,661      context-switches                                            
     8.712279859             39,363      context-switches                                            
     8.812420310             41,481      context-switches                                            
     8.912553793             45,903      context-switches                                            
     9.012700645             43,150      context-switches                                            
     9.112839637             46,575      context-switches                                            
     9.212985970             41,656      context-switches                                            
     9.313125252             47,305      context-switches                                            
     9.413276664             43,363      context-switches                                            
     9.513432526             43,010      context-switches                                            
     9.613590739             41,610      context-switches                                            
     9.713754563             43,682      context-switches                                            
     9.813901518             50,544      context-switches                                            
     9.914009813             53,006      context-switches                                            
    10.000477106             45,835      context-switches                                            
