# started on Tue Nov  5 20:48:33 2019

#           time             counts unit events
     0.100814105                438      context-switches                                            
     0.201575831                288      context-switches                                            
     0.302158042                358      context-switches                                            
     0.402747218                204      context-switches                                            
     0.503303522                249      context-switches                                            
     0.603851336                150      context-switches                                            
     0.704458593                190      context-switches                                            
     0.805073420                196      context-switches                                            
     0.905552880                206      context-switches                                            
     1.006165580                201      context-switches                                            
     1.106852579                233      context-switches                                            
     1.207319273                231      context-switches                                            
     1.307920407                295      context-switches                                            
     1.408335659                229      context-switches                                            
     1.508802658                367      context-switches                                            
     1.609293522                170      context-switches                                            
     1.709736448                195      context-switches                                            
     1.810249501                187      context-switches                                            
     1.910648102                255      context-switches                                            
     2.011247862                288      context-switches                                            
     2.111801996                288      context-switches                                            
     2.212137256                361      context-switches                                            
     2.312632354                178      context-switches                                            
     2.413156998                211      context-switches                                            
     2.513776649                257      context-switches                                            
#           time             counts unit events
     2.614298241                162      context-switches                                            
     2.714868587                217      context-switches                                            
     2.815322765                200      context-switches                                            
     2.915791261                195      context-switches                                            
     3.016334877                231      context-switches                                            
     3.116724257                219      context-switches                                            
     3.217091439                325      context-switches                                            
     3.317672826                166      context-switches                                            
     3.418151002                203      context-switches                                            
     3.518677992                253      context-switches                                            
     3.619180849                157      context-switches                                            
     3.719681645                200      context-switches                                            
     3.820203435                229      context-switches                                            
     3.920814866                248      context-switches                                            
     4.021251945                257      context-switches                                            
     4.121771438                252      context-switches                                            
     4.222229332                362      context-switches                                            
     4.322745652                167      context-switches                                            
     4.423198547                253      context-switches                                            
     4.523779701                251      context-switches                                            
     4.624205065                152      context-switches                                            
     4.724704694                204      context-switches                                            
     4.825245066                247      context-switches                                            
     4.925876830                262      context-switches                                            
     5.026081430             26,653      context-switches                                            
#           time             counts unit events
     5.126392586             35,934      context-switches                                            
     5.226501987             38,375      context-switches                                            
     5.326630893             35,816      context-switches                                            
     5.426741818             37,317      context-switches                                            
     5.526931997             36,064      context-switches                                            
     5.627038669             37,288      context-switches                                            
     5.727286034             36,072      context-switches                                            
     5.827399190             36,579      context-switches                                            
     5.927591722             36,566      context-switches                                            
     6.027701426             37,112      context-switches                                            
     6.127900919             37,899      context-switches                                            
     6.228027823             37,165      context-switches                                            
     6.328249409             36,028      context-switches                                            
     6.428358065             36,906      context-switches                                            
     6.528529354             37,194      context-switches                                            
     6.628641309             37,325      context-switches                                            
     6.728888567             38,337      context-switches                                            
     6.828998107             36,096      context-switches                                            
     6.929104214             38,067      context-switches                                            
     7.029296539             36,802      context-switches                                            
     7.129402791             37,695      context-switches                                            
     7.229697154             36,700      context-switches                                            
     7.329854938             34,020      context-switches                                            
     7.430123742             31,327      context-switches                                            
     7.530313818             37,284      context-switches                                            
#           time             counts unit events
     7.630493559             36,110      context-switches                                            
     7.730657157             38,427      context-switches                                            
     7.830854854             35,885      context-switches                                            
     7.931051589             37,788      context-switches                                            
     8.031304377             35,436      context-switches                                            
     8.131544162             38,657      context-switches                                            
     8.231739630             35,835      context-switches                                            
     8.331933166             38,125      context-switches                                            
     8.432054604             35,764      context-switches                                            
     8.532253474             37,979      context-switches                                            
     8.632461210             36,274      context-switches                                            
     8.732656921             38,243      context-switches                                            
     8.832845071             35,371      context-switches                                            
     8.933036723             38,945      context-switches                                            
     9.033148459             36,360      context-switches                                            
     9.133326855             38,939      context-switches                                            
     9.233540311             36,147      context-switches                                            
     9.333716555             38,833      context-switches                                            
     9.433969081             35,801      context-switches                                            
     9.534133385             38,781      context-switches                                            
     9.634404028             35,803      context-switches                                            
     9.734629363             37,653      context-switches                                            
     9.834879062             36,419      context-switches                                            
     9.935128372             38,076      context-switches                                            
    10.000597235             21,905      context-switches                                            
