# started on Tue Nov 12 12:37:16 2019

#           time             counts unit events
     0.100184808             36,180      context-switches                                            
     0.200315581             33,694      context-switches                                            
     0.300428979             36,397      context-switches                                            
     0.400620828             33,220      context-switches                                            
     0.500792904             32,285      context-switches                                            
     0.600908081             34,448      context-switches                                            
     0.701024169             40,073      context-switches                                            
     0.801183838             31,786      context-switches                                            
     0.901310290             34,196      context-switches                                            
     1.001436647             30,258      context-switches                                            
     1.101555267             31,809      context-switches                                            
     1.201745265             34,902      context-switches                                            
     1.301852687             35,487      context-switches                                            
     1.401962858             38,034      context-switches                                            
     1.502081399             36,118      context-switches                                            
     1.602199247             33,960      context-switches                                            
     1.702335445             34,813      context-switches                                            
     1.802459363             33,769      context-switches                                            
     1.902575538             32,556      context-switches                                            
     2.002717210             35,144      context-switches                                            
     2.102928163             35,891      context-switches                                            
     2.203041768             36,335      context-switches                                            
     2.303156380             38,751      context-switches                                            
     2.403339082             32,847      context-switches                                            
     2.503465015             34,324      context-switches                                            
#           time             counts unit events
     2.603577241             33,646      context-switches                                            
     2.703702092             37,115      context-switches                                            
     2.803884218             37,137      context-switches                                            
     2.903995430             41,325      context-switches                                            
     3.004186334             37,587      context-switches                                            
     3.104294914             38,257      context-switches                                            
     3.204405688             37,124      context-switches                                            
     3.304531918             35,006      context-switches                                            
     3.404647955             31,393      context-switches                                            
     3.504765329             32,746      context-switches                                            
     3.604967456             33,225      context-switches                                            
     3.705099470             37,682      context-switches                                            
     3.805254930             32,680      context-switches                                            
     3.905397738             36,700      context-switches                                            
     4.005519985             33,956      context-switches                                            
     4.105653389             34,068      context-switches                                            
     4.205806223             35,910      context-switches                                            
     4.305918361             38,288      context-switches                                            
     4.406037430             38,071      context-switches                                            
     4.506158014             36,310      context-switches                                            
     4.606271001             35,370      context-switches                                            
     4.706389697             34,745      context-switches                                            
     4.806504359             36,814      context-switches                                            
     4.906616829             37,789      context-switches                                            
     5.006756050             39,432      context-switches                                            
#           time             counts unit events
     5.106906925             38,140      context-switches                                            
     5.207027669             33,087      context-switches                                            
     5.307146470             34,472      context-switches                                            
     5.407313325             36,409      context-switches                                            
     5.507421551             41,780      context-switches                                            
     5.607531025             38,758      context-switches                                            
     5.707647782             38,231      context-switches                                            
     5.807761569             33,418      context-switches                                            
     5.907955518             39,699      context-switches                                            
     6.008070043             35,787      context-switches                                            
     6.108186268             35,183      context-switches                                            
     6.208303507             42,962      context-switches                                            
     6.308425047             36,780      context-switches                                            
     6.408537454             37,015      context-switches                                            
     6.508652209             34,388      context-switches                                            
     6.608778358             35,007      context-switches                                            
     6.708923674             36,078      context-switches                                            
     6.809146704             36,940      context-switches                                            
     6.909254879             37,763      context-switches                                            
     7.009373377             39,052      context-switches                                            
     7.109518038             36,124      context-switches                                            
     7.209627559             39,678      context-switches                                            
     7.309756125             36,935      context-switches                                            
     7.409877263             39,983      context-switches                                            
     7.509992055             39,785      context-switches                                            
#           time             counts unit events
     7.610137501             38,724      context-switches                                            
     7.710251306             33,445      context-switches                                            
     7.810362200             36,256      context-switches                                            
     7.910483416             30,461      context-switches                                            
     8.010699005             36,088      context-switches                                            
     8.110868731             36,763      context-switches                                            
     8.211024866             38,841      context-switches                                            
     8.311135403             38,466      context-switches                                            
     8.411259677             37,049      context-switches                                            
     8.511379560             33,728      context-switches                                            
     8.611582711             37,698      context-switches                                            
     8.711695718             37,532      context-switches                                            
     8.811813123             37,429      context-switches                                            
     8.911929694             37,882      context-switches                                            
     9.012040294             35,860      context-switches                                            
     9.112153528             38,151      context-switches                                            
     9.212269097             37,330      context-switches                                            
     9.312443214             39,826      context-switches                                            
     9.412564864             39,732      context-switches                                            
     9.512684857             36,133      context-switches                                            
     9.612806413             42,264      context-switches                                            
     9.712941449             37,976      context-switches                                            
     9.813058479             37,457      context-switches                                            
     9.913185871             36,927      context-switches                                            
    10.000695119             36,097      context-switches                                            
