# started on Tue Nov  5 21:18:43 2019

#           time             counts unit events
     0.100585461                479      context-switches                                            
     0.201257033                188      context-switches                                            
     0.301801394                163      context-switches                                            
     0.402304714                140      context-switches                                            
     0.502760994                158      context-switches                                            
     0.603286717                143      context-switches                                            
     0.703856621                204      context-switches                                            
     0.804421397                292      context-switches                                            
     0.904970040                184      context-switches                                            
     1.005475804                216      context-switches                                            
     1.106197571                336      context-switches                                            
     1.206785875                236      context-switches                                            
     1.307376176                179      context-switches                                            
     1.407996612                156      context-switches                                            
     1.508607478                186      context-switches                                            
     1.609229233                122      context-switches                                            
     1.709795147                197      context-switches                                            
     1.810351005                247      context-switches                                            
     1.910877060                183      context-switches                                            
     2.011506289                258      context-switches                                            
     2.112021330                368      context-switches                                            
     2.212632652                192      context-switches                                            
     2.313214213                174      context-switches                                            
     2.413683765                176      context-switches                                            
     2.514213792                170      context-switches                                            
#           time             counts unit events
     2.614792890                190      context-switches                                            
     2.715269925                225      context-switches                                            
     2.815800828                262      context-switches                                            
     2.916395226                217      context-switches                                            
     3.017018805                229      context-switches                                            
     3.117643515                376      context-switches                                            
     3.218132340                209      context-switches                                            
     3.318708608                192      context-switches                                            
     3.419264857                198      context-switches                                            
     3.519867280                186      context-switches                                            
     3.620441340                136      context-switches                                            
     3.720909414                193      context-switches                                            
     3.821485088                238      context-switches                                            
     3.922148969                259      context-switches                                            
     4.022709744                195      context-switches                                            
     4.123330534                365      context-switches                                            
     4.223900163                225      context-switches                                            
     4.324437580                149      context-switches                                            
     4.425038115                184      context-switches                                            
     4.525488248                182      context-switches                                            
     4.625870100                206      context-switches                                            
     4.726488666                238      context-switches                                            
     4.826989135                336      context-switches                                            
     4.927389238                332      context-switches                                            
     5.027626017             24,585      context-switches                                            
#           time             counts unit events
     5.127790109             37,303      context-switches                                            
     5.227898046             38,201      context-switches                                            
     5.328071524             35,995      context-switches                                            
     5.428176603             37,896      context-switches                                            
     5.528370946             36,349      context-switches                                            
     5.628478375             38,103      context-switches                                            
     5.728590674             35,854      context-switches                                            
     5.828702031             38,330      context-switches                                            
     5.928896258             36,725      context-switches                                            
     6.029002119             37,692      context-switches                                            
     6.129278862             35,002      context-switches                                            
     6.229385271             37,653      context-switches                                            
     6.329498066             36,289      context-switches                                            
     6.429617718             37,272      context-switches                                            
     6.529783853             37,347      context-switches                                            
     6.629899352             37,617      context-switches                                            
     6.730126095             36,532      context-switches                                            
     6.830272671             37,042      context-switches                                            
     6.930499038             37,021      context-switches                                            
     7.030636322             37,468      context-switches                                            
     7.130844248             37,981      context-switches                                            
     7.230954643             37,847      context-switches                                            
     7.331198909             38,244      context-switches                                            
     7.431333135             37,554      context-switches                                            
     7.531560540             37,402      context-switches                                            
#           time             counts unit events
     7.631691440             35,926      context-switches                                            
     7.731991593             38,344      context-switches                                            
     7.832099389             36,722      context-switches                                            
     7.932344787             38,942      context-switches                                            
     8.032466700             36,460      context-switches                                            
     8.132687323             37,771      context-switches                                            
     8.232801635             35,595      context-switches                                            
     8.333001517             38,100      context-switches                                            
     8.433112292             35,644      context-switches                                            
     8.533255327             38,530      context-switches                                            
     8.633424599             36,228      context-switches                                            
     8.733573895             39,017      context-switches                                            
     8.833810685             35,909      context-switches                                            
     8.933980230             38,745      context-switches                                            
     9.034168182             34,698      context-switches                                            
     9.134449434             39,091      context-switches                                            
     9.234622331             35,823      context-switches                                            
     9.334849057             38,204      context-switches                                            
     9.435043600             35,983      context-switches                                            
     9.535300014             38,284      context-switches                                            
     9.635563132             35,108      context-switches                                            
     9.735731993             39,327      context-switches                                            
     9.835898452             35,929      context-switches                                            
     9.936069851             38,331      context-switches                                            
    10.000710395             23,314      context-switches                                            
