# started on Tue Nov 12 12:34:35 2019

#           time             counts unit events
     0.100128630             38,941      context-switches                                            
     0.200303476             42,259      context-switches                                            
     0.300438073             38,362      context-switches                                            
     0.400557225             41,835      context-switches                                            
     0.500710002             40,706      context-switches                                            
     0.600839743             35,494      context-switches                                            
     0.700986856             39,913      context-switches                                            
     0.801208905             37,362      context-switches                                            
     0.901324381             36,321      context-switches                                            
     1.001437270             36,317      context-switches                                            
     1.101563369             37,536      context-switches                                            
     1.201744435             34,708      context-switches                                            
     1.301861610             35,316      context-switches                                            
     1.402038394             40,078      context-switches                                            
     1.502153248             41,257      context-switches                                            
     1.602271962             39,448      context-switches                                            
     1.702445130             33,492      context-switches                                            
     1.802570017             33,887      context-switches                                            
     1.902721216             37,834      context-switches                                            
     2.002866794             36,382      context-switches                                            
     2.103041675             34,940      context-switches                                            
     2.203157473             34,689      context-switches                                            
     2.303277975             36,210      context-switches                                            
     2.403417775             39,875      context-switches                                            
     2.503547304             39,549      context-switches                                            
#           time             counts unit events
     2.605625462             36,796      context-switches                                            
     2.705742772             33,627      context-switches                                            
     2.805851885             34,982      context-switches                                            
     2.905963802             36,478      context-switches                                            
     3.006079878             35,209      context-switches                                            
     3.106201982             33,897      context-switches                                            
     3.206321836             28,175      context-switches                                            
     3.306440889             38,619      context-switches                                            
     3.406559773             35,477      context-switches                                            
     3.506736291             40,141      context-switches                                            
     3.607086304             37,959      context-switches                                            
     3.707211192             34,792      context-switches                                            
     3.807410012             34,674      context-switches                                            
     3.907537859             41,548      context-switches                                            
     4.007670232             39,564      context-switches                                            
     4.107796281             34,842      context-switches                                            
     4.207920684             35,165      context-switches                                            
     4.308071999             40,661      context-switches                                            
     4.408204929             41,003      context-switches                                            
     4.508325041             35,339      context-switches                                            
     4.608442100             34,588      context-switches                                            
     4.708616051             37,861      context-switches                                            
     4.808740816             39,020      context-switches                                            
     4.908910558             38,155      context-switches                                            
     5.009027545             37,972      context-switches                                            
#           time             counts unit events
     5.109164175             39,045      context-switches                                            
     5.209386717             34,995      context-switches                                            
     5.309543462             37,961      context-switches                                            
     5.409680242             36,963      context-switches                                            
     5.509856063             35,669      context-switches                                            
     5.609977822             36,412      context-switches                                            
     5.710119477             39,836      context-switches                                            
     5.810233893             40,349      context-switches                                            
     5.910342592             38,444      context-switches                                            
     6.010452242             42,457      context-switches                                            
     6.110544286             35,222      context-switches                                            
     6.210735780             36,062      context-switches                                            
     6.310876684             39,425      context-switches                                            
     6.411046593             38,205      context-switches                                            
     6.511226126             41,342      context-switches                                            
     6.611473213             40,011      context-switches                                            
     6.711643484             36,992      context-switches                                            
     6.811814392             37,756      context-switches                                            
     6.911955747             38,751      context-switches                                            
     7.012072156             39,554      context-switches                                            
     7.112225883             33,252      context-switches                                            
     7.212344525             39,835      context-switches                                            
     7.312467151             35,588      context-switches                                            
     7.412583090             31,734      context-switches                                            
     7.512776899             39,946      context-switches                                            
#           time             counts unit events
     7.612970757             37,929      context-switches                                            
     7.713193027             39,036      context-switches                                            
     7.813323260             37,923      context-switches                                            
     7.913443599             39,698      context-switches                                            
     8.013564738             37,274      context-switches                                            
     8.113681095             34,125      context-switches                                            
     8.213855987             36,912      context-switches                                            
     8.313963883             38,491      context-switches                                            
     8.414078032             40,079      context-switches                                            
     8.514253132             38,838      context-switches                                            
     8.614404341             38,310      context-switches                                            
     8.714636789             41,566      context-switches                                            
     8.814891398             43,218      context-switches                                            
     8.915053822             39,605      context-switches                                            
     9.015185313             39,101      context-switches                                            
     9.115392715             39,177      context-switches                                            
     9.215503933             39,557      context-switches                                            
     9.315672638             41,409      context-switches                                            
     9.415827510             38,765      context-switches                                            
     9.515967452             39,806      context-switches                                            
     9.616088320             35,812      context-switches                                            
     9.716242169             38,549      context-switches                                            
     9.816369589             41,097      context-switches                                            
     9.916528351             39,367      context-switches                                            
    10.000637715             33,671      context-switches                                            
