# started on Wed Nov  6 01:39:10 2019

#           time             counts unit events
     0.100828582                356      context-switches                                            
     0.201553683                158      context-switches                                            
     0.302075884                197      context-switches                                            
     0.402709365                195      context-switches                                            
     0.503283139                166      context-switches                                            
     0.603956469                218      context-switches                                            
     0.704476941                181      context-switches                                            
     0.805162962                395      context-switches                                            
     0.905749660                216      context-switches                                            
     1.006364083                171      context-switches                                            
     1.106824205                223      context-switches                                            
     1.207376991                196      context-switches                                            
     1.307974563                200      context-switches                                            
     1.408558187                240      context-switches                                            
     1.509128588                179      context-switches                                            
     1.609727354                229      context-switches                                            
     1.710251033                158      context-switches                                            
     1.810790008                357      context-switches                                            
     1.911358910                235      context-switches                                            
     2.011901749                167      context-switches                                            
     2.112502888                218      context-switches                                            
     2.213111306                220      context-switches                                            
     2.313707009                190      context-switches                                            
     2.414205687                256      context-switches                                            
     2.514794946                184      context-switches                                            
#           time             counts unit events
     2.615461276                301      context-switches                                            
     2.716047322                254      context-switches                                            
     2.816614701                384      context-switches                                            
     2.917264810                258      context-switches                                            
     3.017855931                146      context-switches                                            
     3.118339614                224      context-switches                                            
     3.218837072                195      context-switches                                            
     3.319402912                187      context-switches                                            
     3.419981709                192      context-switches                                            
     3.520569221                186      context-switches                                            
     3.621026922                229      context-switches                                            
     3.721295528                197      context-switches                                            
     3.821944927                376      context-switches                                            
     3.922483209                258      context-switches                                            
     4.023106760                248      context-switches                                            
     4.123569784                190      context-switches                                            
     4.224059461                175      context-switches                                            
     4.324622762                178      context-switches                                            
     4.425202985                210      context-switches                                            
     4.525737836                160      context-switches                                            
     4.626321807                250      context-switches                                            
     4.726896209                362      context-switches                                            
     4.827512267                437      context-switches                                            
     4.927880120                251      context-switches                                            
     5.028003540             16,202      context-switches                                            
#           time             counts unit events
     5.128180741             36,798      context-switches                                            
     5.228336303             37,900      context-switches                                            
     5.328558978             37,740      context-switches                                            
     5.428666974             38,446      context-switches                                            
     5.528893427             37,689      context-switches                                            
     5.629001964             36,799      context-switches                                            
     5.729227881             38,010      context-switches                                            
     5.829335767             38,003      context-switches                                            
     5.929501540             38,539      context-switches                                            
     6.029605533             37,486      context-switches                                            
     6.129770178             36,586      context-switches                                            
     6.229877666             36,923      context-switches                                            
     6.330038224             37,438      context-switches                                            
     6.430174796             36,430      context-switches                                            
     6.530289489             38,617      context-switches                                            
     6.630396740             36,521      context-switches                                            
     6.730618638             38,977      context-switches                                            
     6.830802857             35,866      context-switches                                            
     6.930955459             38,779      context-switches                                            
     7.031066329             37,725      context-switches                                            
     7.131274111             38,081      context-switches                                            
     7.231386894             37,481      context-switches                                            
     7.331503797             38,112      context-switches                                            
     7.431619309             34,605      context-switches                                            
     7.531797639             40,763      context-switches                                            
#           time             counts unit events
     7.632031775             36,484      context-switches                                            
     7.732194825             39,058      context-switches                                            
     7.832371334             36,353      context-switches                                            
     7.932533200             39,294      context-switches                                            
     8.032780211             39,105      context-switches                                            
     8.132979848             38,684      context-switches                                            
     8.233150798             35,765      context-switches                                            
     8.333314600             38,482      context-switches                                            
     8.433484366             37,326      context-switches                                            
     8.533770494             38,779      context-switches                                            
     8.633941039             35,601      context-switches                                            
     8.734158701             38,461      context-switches                                            
     8.834381291             36,299      context-switches                                            
     8.934544214             38,581      context-switches                                            
     9.034710221             36,875      context-switches                                            
     9.134953590             39,558      context-switches                                            
     9.235094551             36,357      context-switches                                            
     9.335281634             38,921      context-switches                                            
     9.435554802             35,443      context-switches                                            
     9.535725580             38,906      context-switches                                            
     9.635985743             37,446      context-switches                                            
     9.736281841             38,367      context-switches                                            
     9.836570744             36,705      context-switches                                            
     9.936684928             38,892      context-switches                                            
    10.000765247             23,913      context-switches                                            
