# started on Wed Nov  6 01:02:13 2019

#           time             counts unit events
     0.100769650              1,382      context-switches                                            
     0.201457764                380      context-switches                                            
     0.302067409                206      context-switches                                            
     0.402728273                172      context-switches                                            
     0.503291417                184      context-switches                                            
     0.603909234                173      context-switches                                            
     0.704504472                200      context-switches                                            
     0.805077402                281      context-switches                                            
     0.905696736                211      context-switches                                            
     1.006280670                163      context-switches                                            
     1.106962641                245      context-switches                                            
     1.207465837                391      context-switches                                            
     1.308009443                238      context-switches                                            
     1.408521607                248      context-switches                                            
     1.509170691                174      context-switches                                            
     1.609669776                183      context-switches                                            
     1.710322349                192      context-switches                                            
     1.810971740                315      context-switches                                            
     1.911507533                171      context-switches                                            
     2.011997010                235      context-switches                                            
     2.112628034                232      context-switches                                            
     2.213223476                394      context-switches                                            
     2.313831447                234      context-switches                                            
     2.414433180                152      context-switches                                            
     2.515009089                174      context-switches                                            
#           time             counts unit events
     2.615526164                169      context-switches                                            
     2.716125151                211      context-switches                                            
     2.816796432                249      context-switches                                            
     2.917379309                221      context-switches                                            
     3.018042300                156      context-switches                                            
     3.118660874                250      context-switches                                            
     3.219343303                349      context-switches                                            
     3.320016133                186      context-switches                                            
     3.420560304                179      context-switches                                            
     3.521070037                183      context-switches                                            
     3.621613578                200      context-switches                                            
     3.722117347                214      context-switches                                            
     3.822577316                259      context-switches                                            
     3.923097656                241      context-switches                                            
     4.023624621                164      context-switches                                            
     4.124149006                236      context-switches                                            
     4.224723270                393      context-switches                                            
     4.325242738                191      context-switches                                            
     4.425904489                227      context-switches                                            
     4.526439587                199      context-switches                                            
     4.626998738                177      context-switches                                            
     4.727518978                294      context-switches                                            
     4.828089472                227      context-switches                                            
     4.928575521                317      context-switches                                            
     5.029464095              4,861      context-switches                                            
#           time             counts unit events
     5.129658741             22,478      context-switches                                            
     5.229854692             36,287      context-switches                                            
     5.330050832             38,501      context-switches                                            
     5.430352553             39,407      context-switches                                            
     5.530625072             38,635      context-switches                                            
     5.630897936             36,437      context-switches                                            
     5.731175879             38,114      context-switches                                            
     5.831446100             36,487      context-switches                                            
     5.931709240             37,640      context-switches                                            
     6.031929026             37,162      context-switches                                            
     6.132150396             39,368      context-switches                                            
     6.232352187             37,390      context-switches                                            
     6.332604228             39,384      context-switches                                            
     6.432878435             36,769      context-switches                                            
     6.533032737             38,703      context-switches                                            
     6.633298197             36,735      context-switches                                            
     6.733517112             38,298      context-switches                                            
     6.833804731             37,528      context-switches                                            
     6.934081214             38,867      context-switches                                            
     7.034313181             36,247      context-switches                                            
     7.134626652             37,792      context-switches                                            
     7.234844684             36,239      context-switches                                            
     7.335057364             39,332      context-switches                                            
     7.435308016             37,583      context-switches                                            
     7.535496500             38,817      context-switches                                            
#           time             counts unit events
     7.635783493             36,667      context-switches                                            
     7.735918251             38,946      context-switches                                            
     7.836133461             37,511      context-switches                                            
     7.936292287             37,727      context-switches                                            
     8.036486359             36,175      context-switches                                            
     8.136647273             38,638      context-switches                                            
     8.236938606             36,918      context-switches                                            
     8.337084911             38,630      context-switches                                            
     8.437333012             37,264      context-switches                                            
     8.537481259             39,552      context-switches                                            
     8.637623289             35,956      context-switches                                            
     8.737728035             38,671      context-switches                                            
     8.837994082             35,995      context-switches                                            
     8.938104200             38,671      context-switches                                            
     9.038314921             36,901      context-switches                                            
     9.138617370             39,016      context-switches                                            
     9.238927990             35,117      context-switches                                            
     9.339040748             36,745      context-switches                                            
     9.439265322             36,916      context-switches                                            
     9.539533602             37,943      context-switches                                            
     9.639802190             37,613      context-switches                                            
     9.739974571             38,218      context-switches                                            
     9.840220005             37,372      context-switches                                            
     9.940334693             36,677      context-switches                                            
    10.000661790             22,396      context-switches                                            
