# started on Wed Nov  6 00:23:09 2019

#           time             counts unit events
     0.100807205                500      context-switches                                            
     0.201508755                344      context-switches                                            
     0.302173542                242      context-switches                                            
     0.402797478                216      context-switches                                            
     0.503347785                185      context-switches                                            
     0.603856262                237      context-switches                                            
     0.704484559                410      context-switches                                            
     0.805076433                156      context-switches                                            
     0.905477733                235      context-switches                                            
     1.005911754                331      context-switches                                            
     1.106432864                365      context-switches                                            
     1.206993131                319      context-switches                                            
     1.307661586                222      context-switches                                            
     1.408235190                188      context-switches                                            
     1.508724780                215      context-switches                                            
     1.609265425                179      context-switches                                            
     1.709820971                270      context-switches                                            
     1.810404467                160      context-switches                                            
     1.910877757                300      context-switches                                            
     2.011501576                249      context-switches                                            
     2.112074683                367      context-switches                                            
     2.212691622                211      context-switches                                            
     2.313263017                330      context-switches                                            
     2.413755865                194      context-switches                                            
     2.514161534                198      context-switches                                            
#           time             counts unit events
     2.614745340                173      context-switches                                            
     2.715349643                202      context-switches                                            
     2.815946139                247      context-switches                                            
     2.916593746                211      context-switches                                            
     3.017229380                272      context-switches                                            
     3.117836894                356      context-switches                                            
     3.218468667                190      context-switches                                            
     3.318964168                172      context-switches                                            
     3.419560514                212      context-switches                                            
     3.520094895                179      context-switches                                            
     3.620642536                189      context-switches                                            
     3.721301485                231      context-switches                                            
     3.821962848                284      context-switches                                            
     3.922436607                260      context-switches                                            
     4.022717867                441      context-switches                                            
     4.123310463                402      context-switches                                            
     4.223926046                148      context-switches                                            
     4.324461221                194      context-switches                                            
     4.425007869                207      context-switches                                            
     4.525559559                253      context-switches                                            
     4.626184117                203      context-switches                                            
     4.726772379                243      context-switches                                            
     4.827374899                251      context-switches                                            
     4.927863629                283      context-switches                                            
     5.028198888              4,826      context-switches                                            
#           time             counts unit events
     5.128337433              5,326      context-switches                                            
     5.228444437             36,137      context-switches                                            
     5.328655470             39,211      context-switches                                            
     5.428836421             37,249      context-switches                                            
     5.529067109             38,391      context-switches                                            
     5.629241272             38,395      context-switches                                            
     5.729432142             38,757      context-switches                                            
     5.829640885             37,383      context-switches                                            
     5.929834079             39,219      context-switches                                            
     6.029946843             36,069      context-switches                                            
     6.130150153             39,357      context-switches                                            
     6.230322624             37,669      context-switches                                            
     6.330483444             37,881      context-switches                                            
     6.430716645             36,746      context-switches                                            
     6.530898235             38,485      context-switches                                            
     6.631100182             36,846      context-switches                                            
     6.731339218             38,184      context-switches                                            
     6.831513221             37,381      context-switches                                            
     6.931775290             38,190      context-switches                                            
     7.031995621             36,601      context-switches                                            
     7.132217314             39,145      context-switches                                            
     7.232403802             38,084      context-switches                                            
     7.332648480             38,683      context-switches                                            
     7.432875369             37,209      context-switches                                            
     7.533113774             37,208      context-switches                                            
#           time             counts unit events
     7.633295347             37,015      context-switches                                            
     7.733461073             38,766      context-switches                                            
     7.833719438             37,599      context-switches                                            
     7.933987678             38,259      context-switches                                            
     8.034100480             36,852      context-switches                                            
     8.134206397             36,786      context-switches                                            
     8.234375945             37,558      context-switches                                            
     8.334507862             37,844      context-switches                                            
     8.434724046             37,876      context-switches                                            
     8.534830051             38,774      context-switches                                            
     8.635146711             37,978      context-switches                                            
     8.735287819             38,575      context-switches                                            
     8.835501728             38,075      context-switches                                            
     8.935662883             36,623      context-switches                                            
     9.035891688             37,455      context-switches                                            
     9.136002231             38,746      context-switches                                            
     9.236143003             38,643      context-switches                                            
     9.336256294             38,520      context-switches                                            
     9.436368569             37,812      context-switches                                            
     9.536615467             38,457      context-switches                                            
     9.636854463             37,648      context-switches                                            
     9.737089568             38,489      context-switches                                            
     9.837309641             39,016      context-switches                                            
     9.937550392             38,459      context-switches                                            
    10.000824484             24,418      context-switches                                            
