# started on Tue Nov 12 12:10:50 2019

#           time             counts unit events
     0.100116834             37,376      context-switches                                            
     0.200304206             34,238      context-switches                                            
     0.300409680             38,415      context-switches                                            
     0.400568550             39,571      context-switches                                            
     0.500683436             42,817      context-switches                                            
     0.600843104             40,806      context-switches                                            
     0.701018221             41,552      context-switches                                            
     0.801186067             44,494      context-switches                                            
     0.901299151             36,623      context-switches                                            
     1.001470327             41,999      context-switches                                            
     1.101640092             44,544      context-switches                                            
     1.201747539             42,297      context-switches                                            
     1.301856930             42,544      context-switches                                            
     1.402032488             40,983      context-switches                                            
     1.502203559             44,893      context-switches                                            
     1.602394212             43,966      context-switches                                            
     1.702539850             38,528      context-switches                                            
     1.802650754             41,266      context-switches                                            
     1.902775750             42,130      context-switches                                            
     2.002907278             39,786      context-switches                                            
     2.103039395             42,628      context-switches                                            
     2.203160530             43,028      context-switches                                            
     2.303325029             41,798      context-switches                                            
     2.403552031             42,074      context-switches                                            
     2.503627063             43,146      context-switches                                            
#           time             counts unit events
     2.603914484             41,349      context-switches                                            
     2.704144912             43,978      context-switches                                            
     2.804357536             41,753      context-switches                                            
     2.904534400             39,468      context-switches                                            
     3.004790305             42,198      context-switches                                            
     3.104897491             37,825      context-switches                                            
     3.205120852             40,261      context-switches                                            
     3.305234310             43,742      context-switches                                            
     3.405437592             42,618      context-switches                                            
     3.505554783             40,878      context-switches                                            
     3.605746436             41,431      context-switches                                            
     3.705887366             39,904      context-switches                                            
     3.806003246             41,904      context-switches                                            
     3.906164324             41,595      context-switches                                            
     4.006341662             43,017      context-switches                                            
     4.106467518             42,409      context-switches                                            
     4.206583544             43,135      context-switches                                            
     4.306711225             41,103      context-switches                                            
     4.406835040             32,783      context-switches                                            
     4.506946345             39,894      context-switches                                            
     4.607086780             42,198      context-switches                                            
     4.707223136             38,118      context-switches                                            
     4.807350400             36,193      context-switches                                            
     4.907534991             34,517      context-switches                                            
     5.007709944             37,912      context-switches                                            
#           time             counts unit events
     5.107870146             39,900      context-switches                                            
     5.208024082             38,802      context-switches                                            
     5.308190899             40,655      context-switches                                            
     5.408299492             41,433      context-switches                                            
     5.508494814             38,668      context-switches                                            
     5.608664127             39,969      context-switches                                            
     5.708918938             38,898      context-switches                                            
     5.809027091             39,791      context-switches                                            
     5.909145796             41,709      context-switches                                            
     6.009321083             41,151      context-switches                                            
     6.109434298             37,724      context-switches                                            
     6.209546814             36,949      context-switches                                            
     6.309656669             41,149      context-switches                                            
     6.409769964             37,720      context-switches                                            
     6.509885370             35,367      context-switches                                            
     6.609997857             45,207      context-switches                                            
     6.710160069             43,207      context-switches                                            
     6.810295844             38,051      context-switches                                            
     6.910424095             36,134      context-switches                                            
     7.010599913             39,216      context-switches                                            
     7.110801406             44,215      context-switches                                            
     7.210914277             39,015      context-switches                                            
     7.311139355             38,873      context-switches                                            
     7.411271807             39,910      context-switches                                            
     7.511430941             39,187      context-switches                                            
#           time             counts unit events
     7.611544825             38,901      context-switches                                            
     7.711655790             37,150      context-switches                                            
     7.811769035             41,983      context-switches                                            
     7.911884319             40,698      context-switches                                            
     8.012000055             41,641      context-switches                                            
     8.112108803             39,691      context-switches                                            
     8.212285559             38,873      context-switches                                            
     8.312429498             39,954      context-switches                                            
     8.412539064             42,344      context-switches                                            
     8.512648792             40,920      context-switches                                            
     8.612808828             43,471      context-switches                                            
     8.713047578             37,045      context-switches                                            
     8.813238008             41,695      context-switches                                            
     8.913437856             39,397      context-switches                                            
     9.013549355             40,527      context-switches                                            
     9.113751979             40,607      context-switches                                            
     9.213945238             42,316      context-switches                                            
     9.314053638             38,832      context-switches                                            
     9.414287932             40,515      context-switches                                            
     9.514484041             42,177      context-switches                                            
     9.614739845             39,516      context-switches                                            
     9.714906631             41,252      context-switches                                            
     9.815012295             43,403      context-switches                                            
     9.915117866             37,825      context-switches                                            
    10.000658153             35,665      context-switches                                            
