# started on Tue Nov 12 12:29:12 2019

#           time             counts unit events
     0.100185433             38,364      context-switches                                            
     0.200339328             33,832      context-switches                                            
     0.300465192             35,962      context-switches                                            
     0.400616709             32,814      context-switches                                            
     0.500767746             32,562      context-switches                                            
     0.600888328             38,530      context-switches                                            
     0.701101921             37,174      context-switches                                            
     0.801282995             32,605      context-switches                                            
     0.901500510             32,872      context-switches                                            
     1.001625384             36,657      context-switches                                            
     1.101739410             34,656      context-switches                                            
     1.201850061             39,608      context-switches                                            
     1.301991940             39,130      context-switches                                            
     1.402107765             35,376      context-switches                                            
     1.502270042             31,550      context-switches                                            
     1.602369716             34,253      context-switches                                            
     1.702534131             37,590      context-switches                                            
     1.802648252             32,099      context-switches                                            
     1.902763764             36,823      context-switches                                            
     2.002919683             35,608      context-switches                                            
     2.103073171             34,001      context-switches                                            
     2.203168875             34,226      context-switches                                            
     2.303341788             33,530      context-switches                                            
     2.403462118             29,731      context-switches                                            
     2.503576556             32,304      context-switches                                            
#           time             counts unit events
     2.603760833             33,982      context-switches                                            
     2.703880484             31,621      context-switches                                            
     2.804041169             35,951      context-switches                                            
     2.904199645             31,581      context-switches                                            
     3.004329037             36,637      context-switches                                            
     3.104459878             34,018      context-switches                                            
     3.204622925             28,663      context-switches                                            
     3.304848024             31,908      context-switches                                            
     3.405307755             30,513      context-switches                                            
     3.505607791             30,016      context-switches                                            
     3.605853961             33,667      context-switches                                            
     3.706023976             34,765      context-switches                                            
     3.806193616             35,191      context-switches                                            
     3.906302175             35,748      context-switches                                            
     4.006453962             35,959      context-switches                                            
     4.106718619             31,948      context-switches                                            
     4.206839420             29,550      context-switches                                            
     4.307062813             36,154      context-switches                                            
     4.407255433             41,568      context-switches                                            
     4.507385860             39,722      context-switches                                            
     4.607547066             38,940      context-switches                                            
     4.707707064             38,526      context-switches                                            
     4.807832168             38,234      context-switches                                            
     4.907952586             33,578      context-switches                                            
     5.008074873             33,796      context-switches                                            
#           time             counts unit events
     5.108204956             31,385      context-switches                                            
     5.208382191             34,915      context-switches                                            
     5.308509228             35,446      context-switches                                            
     5.408633869             31,973      context-switches                                            
     5.508757364             36,017      context-switches                                            
     5.608979682             36,117      context-switches                                            
     5.709123245             31,643      context-switches                                            
     5.809247758             34,894      context-switches                                            
     5.909400625             39,723      context-switches                                            
     6.009514876             40,015      context-switches                                            
     6.109625496             35,958      context-switches                                            
     6.209817428             36,015      context-switches                                            
     6.309933931             34,919      context-switches                                            
     6.410045968             36,489      context-switches                                            
     6.510158466             34,852      context-switches                                            
     6.610271035             32,570      context-switches                                            
     6.710444941             34,010      context-switches                                            
     6.810611734             28,500      context-switches                                            
     6.910771958             32,774      context-switches                                            
     7.010987327             31,404      context-switches                                            
     7.111125335             32,485      context-switches                                            
     7.211246252             36,886      context-switches                                            
     7.311382915             32,280      context-switches                                            
     7.411518055             30,805      context-switches                                            
     7.511639550             30,624      context-switches                                            
#           time             counts unit events
     7.611784034             30,958      context-switches                                            
     7.711913166             32,644      context-switches                                            
     7.812045374             30,283      context-switches                                            
     7.912163809             30,115      context-switches                                            
     8.012313004             31,975      context-switches                                            
     8.112457361             35,331      context-switches                                            
     8.212576782             37,123      context-switches                                            
     8.312699597             34,667      context-switches                                            
     8.412842757             32,825      context-switches                                            
     8.513023327             32,506      context-switches                                            
     8.613221250             32,557      context-switches                                            
     8.713388094             38,153      context-switches                                            
     8.813508407             37,569      context-switches                                            
     8.913627530             38,110      context-switches                                            
     9.013815524             34,300      context-switches                                            
     9.114026514             39,934      context-switches                                            
     9.214135774             36,555      context-switches                                            
     9.314264909             38,355      context-switches                                            
     9.414369536             36,106      context-switches                                            
     9.514524960             36,526      context-switches                                            
     9.614707126             39,022      context-switches                                            
     9.714875715             38,247      context-switches                                            
     9.815042168             33,909      context-switches                                            
     9.915164678             35,236      context-switches                                            
    10.000792292             29,207      context-switches                                            
