# started on Wed Nov  6 02:07:43 2019

#           time             counts unit events
     0.100820338                362      context-switches                                            
     0.201532417                339      context-switches                                            
     0.302150831                212      context-switches                                            
     0.402662463                298      context-switches                                            
     0.503246628                350      context-switches                                            
     0.603841989                217      context-switches                                            
     0.704434207                182      context-switches                                            
     0.804963157                204      context-switches                                            
     0.905570267                143      context-switches                                            
     1.006181439                226      context-switches                                            
     1.106812375                164      context-switches                                            
     1.207375249                271      context-switches                                            
     1.307995853                168      context-switches                                            
     1.408616782                178      context-switches                                            
     1.509166897                354      context-switches                                            
     1.609733410                218      context-switches                                            
     1.710351176                248      context-switches                                            
     1.810965725                192      context-switches                                            
     1.911414391                146      context-switches                                            
     2.011921898                198      context-switches                                            
     2.112444506                213      context-switches                                            
     2.213016490                280      context-switches                                            
     2.313559239                196      context-switches                                            
     2.414109371                268      context-switches                                            
     2.514720783                409      context-switches                                            
#           time             counts unit events
     2.615304537                205      context-switches                                            
     2.715838480                237      context-switches                                            
     2.816340325                195      context-switches                                            
     2.916921119                198      context-switches                                            
     3.017545896                222      context-switches                                            
     3.118093436                182      context-switches                                            
     3.218643488                308      context-switches                                            
     3.319185903                186      context-switches                                            
     3.419797793                215      context-switches                                            
     3.520360347                357      context-switches                                            
     3.620981500                192      context-switches                                            
     3.721559156                197      context-switches                                            
     3.822106917                200      context-switches                                            
     3.922713789                155      context-switches                                            
     4.023356118                198      context-switches                                            
     4.123933162                140      context-switches                                            
     4.224357671                265      context-switches                                            
     4.324942564                228      context-switches                                            
     4.425572507                188      context-switches                                            
     4.526157509                360      context-switches                                            
     4.626779981                164      context-switches                                            
     4.727388639                195      context-switches                                            
     4.827873332                170      context-switches                                            
     4.928253989                156      context-switches                                            
     5.028363596             21,540      context-switches                                            
#           time             counts unit events
     5.128476439             37,426      context-switches                                            
     5.228584318             37,344      context-switches                                            
     5.328800816             38,143      context-switches                                            
     5.428986439             36,046      context-switches                                            
     5.529280311             38,057      context-switches                                            
     5.629389666             37,027      context-switches                                            
     5.729587751             38,607      context-switches                                            
     5.829778460             38,883      context-switches                                            
     5.929916446             38,508      context-switches                                            
     6.030146481             36,692      context-switches                                            
     6.130360060             38,187      context-switches                                            
     6.230603469             36,919      context-switches                                            
     6.330768272             38,206      context-switches                                            
     6.430947820             35,827      context-switches                                            
     6.531218154             38,876      context-switches                                            
     6.631486884             36,232      context-switches                                            
     6.731711679             38,626      context-switches                                            
     6.831990131             36,683      context-switches                                            
     6.932156353             37,398      context-switches                                            
     7.032407068             36,091      context-switches                                            
     7.132596678             37,850      context-switches                                            
     7.232845127             36,563      context-switches                                            
     7.333071246             38,359      context-switches                                            
     7.433344603             36,992      context-switches                                            
     7.533620677             38,794      context-switches                                            
#           time             counts unit events
     7.633895563             36,184      context-switches                                            
     7.734060665             38,875      context-switches                                            
     7.834343361             37,015      context-switches                                            
     7.934564360             38,619      context-switches                                            
     8.034764693             36,460      context-switches                                            
     8.134874849             38,519      context-switches                                            
     8.235147921             36,418      context-switches                                            
     8.335349780             38,525      context-switches                                            
     8.435591047             36,354      context-switches                                            
     8.535841358             38,228      context-switches                                            
     8.636078036             36,176      context-switches                                            
     8.736314014             38,067      context-switches                                            
     8.836509705             35,772      context-switches                                            
     8.936679051             38,220      context-switches                                            
     9.036897746             36,503      context-switches                                            
     9.137124321             37,854      context-switches                                            
     9.237289699             36,197      context-switches                                            
     9.337565694             38,797      context-switches                                            
     9.437809461             35,448      context-switches                                            
     9.537989092             38,340      context-switches                                            
     9.638097422             36,204      context-switches                                            
     9.738392801             38,584      context-switches                                            
     9.838583380             37,375      context-switches                                            
     9.938719253             38,676      context-switches                                            
    10.000869907             22,923      context-switches                                            
