# started on Tue Nov 12 12:23:09 2019

#           time             counts unit events
     0.100133987             28,848      context-switches                                            
     0.200243443             24,486      context-switches                                            
     0.300364375             36,131      context-switches                                            
     0.400471103             38,898      context-switches                                            
     0.500582348             37,814      context-switches                                            
     0.600742310             42,266      context-switches                                            
     0.700887365             43,222      context-switches                                            
     0.801046446             41,005      context-switches                                            
     0.901164899             40,832      context-switches                                            
     1.001366747             38,212      context-switches                                            
     1.101483481             40,116      context-switches                                            
     1.201659950             37,507      context-switches                                            
     1.301787929             41,588      context-switches                                            
     1.401901318             33,350      context-switches                                            
     1.502024564             36,743      context-switches                                            
     1.602152855             35,326      context-switches                                            
     1.702343194             35,647      context-switches                                            
     1.802482330             36,116      context-switches                                            
     1.902680385             35,730      context-switches                                            
     2.002849179             37,932      context-switches                                            
     2.102960538             35,229      context-switches                                            
     2.203074908             37,504      context-switches                                            
     2.303244407             34,846      context-switches                                            
     2.403359067             33,648      context-switches                                            
     2.503510724             36,964      context-switches                                            
#           time             counts unit events
     2.603671691             35,807      context-switches                                            
     2.703832787             37,697      context-switches                                            
     2.804001682             35,988      context-switches                                            
     2.904142061             40,565      context-switches                                            
     3.004253876             37,856      context-switches                                            
     3.104407687             35,524      context-switches                                            
     3.204566175             36,556      context-switches                                            
     3.304676378             36,831      context-switches                                            
     3.404792455             40,716      context-switches                                            
     3.504945748             33,913      context-switches                                            
     3.605115280             36,821      context-switches                                            
     3.705243986             31,555      context-switches                                            
     3.805399852             39,157      context-switches                                            
     3.905580665             39,785      context-switches                                            
     4.005724834             32,688      context-switches                                            
     4.105822885             36,881      context-switches                                            
     4.205948931             21,752      context-switches                                            
     4.306070910             37,790      context-switches                                            
     4.406212003             36,825      context-switches                                            
     4.506345789             37,009      context-switches                                            
     4.606520951             35,164      context-switches                                            
     4.706628611             37,486      context-switches                                            
     4.806744203             43,679      context-switches                                            
     4.907235826             34,348      context-switches                                            
     5.007371417             35,621      context-switches                                            
#           time             counts unit events
     5.107590098             33,568      context-switches                                            
     5.207787839             40,346      context-switches                                            
     5.307953800             41,098      context-switches                                            
     5.408058048             40,338      context-switches                                            
     5.508172999             38,899      context-switches                                            
     5.608293987             39,462      context-switches                                            
     5.708433513             36,434      context-switches                                            
     5.808569942             37,870      context-switches                                            
     5.908649674             41,497      context-switches                                            
     6.008836618             38,359      context-switches                                            
     6.108963181             40,983      context-switches                                            
     6.209211495             41,268      context-switches                                            
     6.309326450             41,460      context-switches                                            
     6.409556463             38,654      context-switches                                            
     6.509686290             32,954      context-switches                                            
     6.609807146             31,487      context-switches                                            
     6.709923508             42,408      context-switches                                            
     6.810036916             43,148      context-switches                                            
     6.910235072             38,664      context-switches                                            
     7.010398447             38,134      context-switches                                            
     7.110637910             35,895      context-switches                                            
     7.210747964             40,040      context-switches                                            
     7.310884636             38,278      context-switches                                            
     7.411021091             38,093      context-switches                                            
     7.511143140             36,885      context-switches                                            
#           time             counts unit events
     7.611269366             33,500      context-switches                                            
     7.711418835             32,769      context-switches                                            
     7.811569469             37,817      context-switches                                            
     7.911758610             39,886      context-switches                                            
     8.011893940             35,538      context-switches                                            
     8.112021343             23,393      context-switches                                            
     8.212149378             34,317      context-switches                                            
     8.312270717             30,696      context-switches                                            
     8.412433945             31,507      context-switches                                            
     8.512548263             34,317      context-switches                                            
     8.612746580             36,397      context-switches                                            
     8.712887541             35,233      context-switches                                            
     8.813066204             34,025      context-switches                                            
     8.913230763             34,597      context-switches                                            
     9.013384868             34,512      context-switches                                            
     9.113500984             37,093      context-switches                                            
     9.213622744             37,901      context-switches                                            
     9.313746831             31,386      context-switches                                            
     9.413870498             35,055      context-switches                                            
     9.513995637             30,870      context-switches                                            
     9.614132971             35,750      context-switches                                            
     9.714262335             37,795      context-switches                                            
     9.814611038             33,410      context-switches                                            
     9.914759176             32,283      context-switches                                            
    10.000835835             31,520      context-switches                                            
