# started on Mon Nov 11 22:38:00 2019

#           time             counts unit events
     0.100179690             44,596      context-switches                                            
     0.200329132             41,424      context-switches                                            
     0.300472014             38,509      context-switches                                            
     0.400602396             43,023      context-switches                                            
     0.500742789             43,788      context-switches                                            
     0.600887340             46,721      context-switches                                            
     0.701031882             47,767      context-switches                                            
     0.801169014             45,616      context-switches                                            
     0.901294556             45,377      context-switches                                            
     1.001444959             45,020      context-switches                                            
     1.101594103             45,217      context-switches                                            
     1.201756447             39,966      context-switches                                            
     1.301907731             44,153      context-switches                                            
     1.402055566             37,075      context-switches                                            
     1.502194921             36,752      context-switches                                            
     1.602341316             43,493      context-switches                                            
     1.702488700             40,020      context-switches                                            
     1.802635175             42,723      context-switches                                            
     1.902783800             41,992      context-switches                                            
     2.002918555             44,702      context-switches                                            
     2.103046402             48,861      context-switches                                            
     2.203174989             50,984      context-switches                                            
     2.303339166             44,608      context-switches                                            
     2.403481814             42,015      context-switches                                            
     2.503617551             40,436      context-switches                                            
#           time             counts unit events
     2.603764899             44,624      context-switches                                            
     2.703919526             44,485      context-switches                                            
     2.804057144             38,132      context-switches                                            
     2.904200072             35,230      context-switches                                            
     3.004350999             41,659      context-switches                                            
     3.104491908             40,372      context-switches                                            
     3.204617119             38,702      context-switches                                            
     3.304747660             49,489      context-switches                                            
     3.404893530             47,667      context-switches                                            
     3.505026270             47,641      context-switches                                            
     3.605160891             45,463      context-switches                                            
     3.705299651             50,962      context-switches                                            
     3.805432941             45,638      context-switches                                            
     3.905562072             44,039      context-switches                                            
     4.005705103             46,969      context-switches                                            
     4.105855265             41,348      context-switches                                            
     4.205993638             37,429      context-switches                                            
     4.306139421             50,646      context-switches                                            
     4.406278394             49,866      context-switches                                            
     4.506401077             48,827      context-switches                                            
     4.606533540             44,432      context-switches                                            
     4.706661484             46,328      context-switches                                            
     4.806791678             49,102      context-switches                                            
     4.906925041             49,211      context-switches                                            
     5.007064184             46,662      context-switches                                            
#           time             counts unit events
     5.107209308             48,860      context-switches                                            
     5.207356753             43,065      context-switches                                            
     5.307495030             42,687      context-switches                                            
     5.407635065             48,501      context-switches                                            
     5.507770121             39,461      context-switches                                            
     5.607914647             40,808      context-switches                                            
     5.708048863             40,539      context-switches                                            
     5.808174509             45,264      context-switches                                            
     5.908320985             44,018      context-switches                                            
     6.008475081             43,658      context-switches                                            
     6.108618568             41,130      context-switches                                            
     6.208752817             44,938      context-switches                                            
     6.308883636             39,563      context-switches                                            
     6.409016195             41,536      context-switches                                            
     6.509152384             46,292      context-switches                                            
     6.609315742             42,088      context-switches                                            
     6.709464390             44,121      context-switches                                            
     6.809613319             45,533      context-switches                                            
     6.909759387             44,377      context-switches                                            
     7.009911886             46,223      context-switches                                            
     7.110060166             41,806      context-switches                                            
     7.210192978             41,979      context-switches                                            
     7.310339408             41,466      context-switches                                            
     7.410468890             45,139      context-switches                                            
     7.510592792             48,016      context-switches                                            
#           time             counts unit events
     7.610739493             47,371      context-switches                                            
     7.710868815             40,873      context-switches                                            
     7.811008947             34,549      context-switches                                            
     7.911165728             41,669      context-switches                                            
     8.011339748             46,040      context-switches                                            
     8.111489541             47,111      context-switches                                            
     8.211634455             45,566      context-switches                                            
     8.311788159             41,668      context-switches                                            
     8.411954593             37,778      context-switches                                            
     8.512105757             30,929      context-switches                                            
     8.612247311             32,668      context-switches                                            
     8.712394605             48,203      context-switches                                            
     8.812542798             47,532      context-switches                                            
     8.912684303             45,502      context-switches                                            
     9.012823457             46,396      context-switches                                            
     9.112971613             43,739      context-switches                                            
     9.213125890             39,890      context-switches                                            
     9.313259747             34,429      context-switches                                            
     9.413409894             41,253      context-switches                                            
     9.513537721             34,238      context-switches                                            
     9.613670918             42,352      context-switches                                            
     9.713811945             45,594      context-switches                                            
     9.813958562             44,310      context-switches                                            
     9.914102129             44,782      context-switches                                            
    10.000639387             37,393      context-switches                                            
