# started on Tue Nov  5 09:44:06 2019

#           time             counts unit events
     0.100193484              1,735      context-switches                                            
     0.200578463                301      context-switches                                            
     0.300883875                195      context-switches                                            
     0.401763912                197      context-switches                                            
     0.502071894                394      context-switches                                            
     0.602597850                272      context-switches                                            
     0.702944861                695      context-switches                                            
     0.803926678                450      context-switches                                            
     0.904538135                257      context-switches                                            
     1.005149733                313      context-switches                                            
     1.105681132                299      context-switches                                            
     1.206010837                346      context-switches                                            
     1.306902607                212      context-switches                                            
     1.407792060                226      context-switches                                            
     1.508673962                318      context-switches                                            
     1.609205792                183      context-switches                                            
     1.710035955                689      context-switches                                            
     1.810617183                235      context-switches                                            
     1.910970371                204      context-switches                                            
     2.011664810                224      context-switches                                            
     2.112446988                297      context-switches                                            
     2.212893762                325      context-switches                                            
     2.313424025                194      context-switches                                            
     2.414268439                210      context-switches                                            
     2.514607238                332      context-switches                                            
#           time             counts unit events
     2.615746948              1,156      context-switches                                            
     2.716284600                689      context-switches                                            
     2.817001602                226      context-switches                                            
     2.917378741                201      context-switches                                            
     3.017948246                240      context-switches                                            
     3.118821575                337      context-switches                                            
     3.219424139                282      context-switches                                            
     3.319946516                234      context-switches                                            
     3.420835074                161      context-switches                                            
     3.521318012                280      context-switches                                            
     3.622029204                227      context-switches                                            
     3.722904683                620      context-switches                                            
     3.823370191                217      context-switches                                            
     3.924309082                155      context-switches                                            
     4.024900521                217      context-switches                                            
     4.125778342                275      context-switches                                            
     4.225953680              3,240      context-switches                                            
     4.326550368                284      context-switches                                            
     4.426689346              3,102      context-switches                                            
     4.526970171              2,417      context-switches                                            
     4.627477870                223      context-switches                                            
     4.728078560                667      context-switches                                            
     4.828948122                242      context-switches                                            
     4.929467825                242      context-switches                                            
     5.030332840                193      context-switches                                            
#           time             counts unit events
     5.130495071              3,439      context-switches                                            
     5.230664232              3,224      context-switches                                            
     5.330830493              2,880      context-switches                                            
     5.430981274              5,054      context-switches                                            
     5.531115496              7,078      context-switches                                            
     5.631264687              4,712      context-switches                                            
     5.731410278              6,056      context-switches                                            
     5.831561130              6,203      context-switches                                            
     5.931698695              6,647      context-switches                                            
     6.031831409              5,531      context-switches                                            
     6.131980204              4,922      context-switches                                            
     6.232120038              6,230      context-switches                                            
     6.332257463              6,223      context-switches                                            
     6.432408867              5,702      context-switches                                            
     6.532554572              6,008      context-switches                                            
     6.632694386              5,479      context-switches                                            
     6.732832252              7,148      context-switches                                            
     6.832941018              5,402      context-switches                                            
     6.933104375              5,729      context-switches                                            
     7.033237453              5,249      context-switches                                            
     7.133376691              6,405      context-switches                                            
     7.233522659              6,873      context-switches                                            
     7.333664447              4,152      context-switches                                            
     7.433795215              6,045      context-switches                                            
     7.533928243              5,563      context-switches                                            
#           time             counts unit events
     7.634073681              5,634      context-switches                                            
     7.734219509              6,375      context-switches                                            
     7.834355568              5,605      context-switches                                            
     7.934697835              6,137      context-switches                                            
     8.034861755              5,660      context-switches                                            
     8.135009037              5,837      context-switches                                            
     8.235162078              5,321      context-switches                                            
     8.335307619              5,998      context-switches                                            
     8.435433060              6,809      context-switches                                            
     8.535577441              5,249      context-switches                                            
     8.635727292              5,597      context-switches                                            
     8.735878753              6,449      context-switches                                            
     8.836038545              5,642      context-switches                                            
     8.936171380              5,842      context-switches                                            
     9.036296814              5,834      context-switches                                            
     9.136437209              6,499      context-switches                                            
     9.236587113              4,658      context-switches                                            
     9.336754877              5,656      context-switches                                            
     9.436891681              5,932      context-switches                                            
     9.537027206              6,250      context-switches                                            
     9.637169870              5,467      context-switches                                            
     9.737327094              5,890      context-switches                                            
     9.837462332              5,878      context-switches                                            
     9.937598829              5,855      context-switches                                            
    10.000740536             10,333      context-switches                                            
