# started on Tue Nov  5 09:59:27 2019

#           time             counts unit events
     0.100211131                312      context-switches                                            
     0.201138718                277      context-switches                                            
     0.302051585                254      context-switches                                            
     0.402423096                213      context-switches                                            
     0.502878086                329      context-switches                                            
     0.603236528                207      context-switches                                            
     0.703519129                159      context-switches                                            
     0.803943869                312      context-switches                                            
     0.904299450                414      context-switches                                            
     1.004639731                501      context-switches                                            
     1.104959053                191      context-switches                                            
     1.205253865                192      context-switches                                            
     1.306077923                275      context-switches                                            
     1.406719382                189      context-switches                                            
     1.507196123                317      context-switches                                            
     1.608116830                180      context-switches                                            
     1.709230216                143      context-switches                                            
     1.809529028                520      context-switches                                            
     1.910460125                161      context-switches                                            
     2.010896396                492      context-switches                                            
     2.111239308                219      context-switches                                            
     2.211583690                246      context-switches                                            
     2.311907603                273      context-switches                                            
     2.412313984                177      context-switches                                            
     2.512662097                287      context-switches                                            
#           time             counts unit events
     2.613033059                200      context-switches                                            
     2.713402490                167      context-switches                                            
     2.813708233                499      context-switches                                            
     2.914030986                193      context-switches                                            
     3.014389968                481      context-switches                                            
     3.114781150                176      context-switches                                            
     3.215085673                189      context-switches                                            
     3.315659974                255      context-switches                                            
     3.416186555                186      context-switches                                            
     3.516547648                301      context-switches                                            
     3.617195788                184      context-switches                                            
     3.718162936                200      context-switches                                            
     3.818499759                569      context-switches                                            
     3.919007841                141      context-switches                                            
     4.019369954                548      context-switches                                            
     4.119668337                328      context-switches                                            
     4.220179229                251      context-switches                                            
     4.320690711                259      context-switches                                            
     4.421316222                185      context-switches                                            
     4.521563316                285      context-switches                                            
     4.622073138                229      context-switches                                            
     4.722308232                226      context-switches                                            
     4.822918863                504      context-switches                                            
     4.923286267                154      context-switches                                            
     5.023921658                783      context-switches                                            
#           time             counts unit events
     5.124214832                921      context-switches                                            
     5.224524466                810      context-switches                                            
     5.324780800                905      context-switches                                            
     5.425056315                759      context-switches                                            
     5.525341619                769      context-switches                                            
     5.625631643                763      context-switches                                            
     5.725890038                688      context-switches                                            
     5.826145853                964      context-switches                                            
     5.926425447                702      context-switches                                            
     6.026670862              1,107      context-switches                                            
     6.126990236                733      context-switches                                            
     6.227296501                748      context-switches                                            
     6.327923423                768      context-switches                                            
     6.428379517                688      context-switches                                            
     6.528637512                738      context-switches                                            
     6.629114325                864      context-switches                                            
     6.729649058                671      context-switches                                            
     6.829919933              1,073      context-switches                                            
     6.930222798                699      context-switches                                            
     7.030526552              1,055      context-switches                                            
     7.130820968                718      context-switches                                            
     7.231127303                768      context-switches                                            
     7.331428698                788      context-switches                                            
     7.431728973                696      context-switches                                            
     7.532199188                771      context-switches                                            
#           time             counts unit events
     7.632441503                811      context-switches                                            
     7.732681209                680      context-switches                                            
     7.832959514                994      context-switches                                            
     7.933259370                742      context-switches                                            
     8.033547295                896      context-switches                                            
     8.133802881                796      context-switches                                            
     8.234106197                753      context-switches                                            
     8.334238564              2,952      context-switches                                            
     8.434450920              6,242      context-switches                                            
     8.534711666                766      context-switches                                            
     8.634920013                884      context-switches                                            
     8.735198259                681      context-switches                                            
     8.835399836              1,133      context-switches                                            
     8.935679422                738      context-switches                                            
     9.035938418              1,102      context-switches                                            
     9.136215634                897      context-switches                                            
     9.236474121                801      context-switches                                            
     9.336747507                893      context-switches                                            
     9.436983964                865      context-switches                                            
     9.537158762                975      context-switches                                            
     9.637341519                911      context-switches                                            
     9.737541316                921      context-switches                                            
     9.837762293              1,238      context-switches                                            
     9.937972830                790      context-switches                                            
    10.000828605                728      context-switches                                            
