# started on Tue Nov  5 09:44:54 2019

#           time             counts unit events
     0.100629259                391      context-switches                                            
     0.201210349                179      context-switches                                            
     0.301723512                333      context-switches                                            
     0.402641136                190      context-switches                                            
     0.502985072                211      context-switches                                            
     0.603517384                273      context-switches                                            
     0.704407278                158      context-switches                                            
     0.805044388                295      context-switches                                            
     0.905314735                363      context-switches                                            
     1.006184021                442      context-switches                                            
     1.107012058                216      context-switches                                            
     1.207290689                361      context-switches                                            
     1.307467311              9,062      context-switches                                            
     1.408343599                214      context-switches                                            
     1.509303955                222      context-switches                                            
     1.609740102                408      context-switches                                            
     1.710351435                219      context-switches                                            
     1.810966029                365      context-switches                                            
     1.911246198                445      context-switches                                            
     2.011784704                521      context-switches                                            
     2.112363460                307      context-switches                                            
     2.212860481                229      context-switches                                            
     2.313373218                387      context-switches                                            
     2.413913856                216      context-switches                                            
     2.514439063                339      context-switches                                            
#           time             counts unit events
     2.614946572                269      context-switches                                            
     2.715845652                257      context-switches                                            
     2.816092787                290      context-switches                                            
     2.916630145                372      context-switches                                            
     3.017509315                516      context-switches                                            
     3.118208333                257      context-switches                                            
     3.218619636                404      context-switches                                            
     3.318985270                341      context-switches                                            
     3.419324726                187      context-switches                                            
     3.520218469                205      context-switches                                            
     3.620833088                294      context-switches                                            
     3.721353799                208      context-switches                                            
     3.822276692                263      context-switches                                            
     3.922613097                369      context-switches                                            
     4.023151819                441      context-switches                                            
     4.124020946                204      context-switches                                            
     4.224355173                250      context-switches                                            
     4.325017254                330      context-switches                                            
     4.425915791                185      context-switches                                            
     4.526455015                210      context-switches                                            
     4.627069847                265      context-switches                                            
     4.727580641                185      context-switches                                            
     4.828555597                327      context-switches                                            
     4.928877955                362      context-switches                                            
     5.029166594              1,236      context-switches                                            
#           time             counts unit events
     5.129311608              5,541      context-switches                                            
     5.229467413             12,653      context-switches                                            
     5.329626597             31,772      context-switches                                            
     5.429779642             39,078      context-switches                                            
     5.529913737             38,647      context-switches                                            
     5.630059642             33,451      context-switches                                            
     5.730197647             41,314      context-switches                                            
     5.830345952             38,792      context-switches                                            
     5.930502597             34,855      context-switches                                            
     6.030638921             36,035      context-switches                                            
     6.130789499             39,359      context-switches                                            
     6.230941566             37,238      context-switches                                            
     6.331096884             40,861      context-switches                                            
     6.431239892             42,220      context-switches                                            
     6.531414269             42,535      context-switches                                            
     6.631578087             39,806      context-switches                                            
     6.731729144             41,488      context-switches                                            
     6.831879332             42,908      context-switches                                            
     6.932038949             42,645      context-switches                                            
     7.032194707             33,105      context-switches                                            
     7.132338428             32,939      context-switches                                            
     7.232501378             34,451      context-switches                                            
     7.332650279             34,977      context-switches                                            
     7.432809040             36,123      context-switches                                            
     7.532947470             39,451      context-switches                                            
#           time             counts unit events
     7.633105461             34,307      context-switches                                            
     7.733258252             42,644      context-switches                                            
     7.833410382             38,787      context-switches                                            
     7.933566173             47,954      context-switches                                            
     8.033727353             43,521      context-switches                                            
     8.133909756             40,302      context-switches                                            
     8.234054630             37,154      context-switches                                            
     8.334205663             36,464      context-switches                                            
     8.434361257             35,022      context-switches                                            
     8.534512491             36,460      context-switches                                            
     8.634658725             40,029      context-switches                                            
     8.734816788             36,340      context-switches                                            
     8.834963722             37,122      context-switches                                            
     8.935124705             37,085      context-switches                                            
     9.035288249             34,462      context-switches                                            
     9.135449206             38,364      context-switches                                            
     9.235603662             41,904      context-switches                                            
     9.335757279             41,971      context-switches                                            
     9.435919225             39,768      context-switches                                            
     9.536068922             44,340      context-switches                                            
     9.636219798             42,040      context-switches                                            
     9.736391965             46,497      context-switches                                            
     9.836553611             37,260      context-switches                                            
     9.936716207             35,959      context-switches                                            
    10.000753161             20,939      context-switches                                            
