# started on Tue Nov  5 09:57:26 2019

#           time             counts unit events
     0.100212007                684      context-switches                                            
     0.200735582                212      context-switches                                            
     0.300911399                285      context-switches                                            
     0.401191436                236      context-switches                                            
     0.501670381                183      context-switches                                            
     0.602635482                374      context-switches                                            
     0.703303836                474      context-switches                                            
     0.803962409                275      context-switches                                            
     0.904248087                250      context-switches                                            
     1.004566573                440      context-switches                                            
     1.105251186                382      context-switches                                            
     1.206119148                212      context-switches                                            
     1.306475686                202      context-switches                                            
     1.407006102                222      context-switches                                            
     1.507470648                166      context-switches                                            
     1.608356689                306      context-switches                                            
     1.708851825                397      context-switches                                            
     1.809703048                227      context-switches                                            
     1.910086315                184      context-switches                                            
     2.010437231                514      context-switches                                            
     2.110934937                403      context-switches                                            
     2.211791491                173      context-switches                                            
     2.312327637                210      context-switches                                            
     2.412862303                174      context-switches                                            
     2.513743696                190      context-switches                                            
#           time             counts unit events
     2.614355542                287      context-switches                                            
     2.714894797                439      context-switches                                            
     2.815999289                189      context-switches                                            
     2.916543455                187      context-switches                                            
     3.017124290                451      context-switches                                            
     3.117628376                372      context-switches                                            
     3.217946766                194      context-switches                                            
     3.318272884                173      context-switches                                            
     3.418777151                206      context-switches                                            
     3.519376887                166      context-switches                                            
     3.620001963                316      context-switches                                            
     3.720531850                402      context-switches                                            
     3.821032667                245      context-switches                                            
     3.921903171                178      context-switches                                            
     4.022255609                463      context-switches                                            
     4.122593388                331      context-switches                                            
     4.222825368                273      context-switches                                            
     4.323318506                184      context-switches                                            
     4.423682555                184      context-switches                                            
     4.524038704                170      context-switches                                            
     4.624347723                332      context-switches                                            
     4.724867090                388      context-switches                                            
     4.825379408                316      context-switches                                            
     4.925721597                365      context-switches                                            
     5.026086086                610      context-switches                                            
#           time             counts unit events
     5.126450865                733      context-switches                                            
     5.226962514                512      context-switches                                            
     5.327294724                434      context-switches                                            
     5.427832902                433      context-switches                                            
     5.528355200                386      context-switches                                            
     5.628896738                500      context-switches                                            
     5.729421936                635      context-switches                                            
     5.830438400                456      context-switches                                            
     5.930777250                358      context-switches                                            
     6.031066930                717      context-switches                                            
     6.131567109                509      context-switches                                            
     6.232061928                490      context-switches                                            
     6.332559787                433      context-switches                                            
     6.433108896                365      context-switches                                            
     6.533609645                362      context-switches                                            
     6.633941735                483      context-switches                                            
     6.735084109                609      context-switches                                            
     6.835314301              1,168      context-switches                                            
     6.935793740                910      context-switches                                            
     7.036070381              1,060      context-switches                                            
     7.136326073                772      context-switches                                            
     7.236821562                996      context-switches                                            
     7.337660570                437      context-switches                                            
     7.438278558                567      context-switches                                            
     7.538664589                640      context-switches                                            
#           time             counts unit events
     7.639310957                573      context-switches                                            
     7.739965346                671      context-switches                                            
     7.840296387                542      context-switches                                            
     7.940634359                443      context-switches                                            
     8.040983829                734      context-switches                                            
     8.141310621                815      context-switches                                            
     8.242023410                655      context-switches                                            
     8.342373491                443      context-switches                                            
     8.442688993                398      context-switches                                            
     8.542987866                397      context-switches                                            
     8.643223709                914      context-switches                                            
     8.743504141              1,457      context-switches                                            
     8.844057501                872      context-switches                                            
     8.944354233              1,208      context-switches                                            
     9.044601926              1,302      context-switches                                            
     9.144904549              1,158      context-switches                                            
     9.245187741                688      context-switches                                            
     9.345330125              9,442      context-switches                                            
     9.445505419                580      context-switches                                            
     9.546073080                487      context-switches                                            
     9.646428402                602      context-switches                                            
     9.746771385                984      context-switches                                            
     9.847489884                718      context-switches                                            
     9.948055635                436      context-switches                                            
    10.000615171                605      context-switches                                            
