# started on Tue Nov  5 09:53:55 2019

#           time             counts unit events
     0.100206444                521      context-switches                                            
     0.201199992                153      context-switches                                            
     0.302035500                206      context-switches                                            
     0.402395374                350      context-switches                                            
     0.502647588                575      context-switches                                            
     0.602937123                171      context-switches                                            
     0.703622134                199      context-switches                                            
     0.804481804                225      context-switches                                            
     0.904658890              8,930      context-switches                                            
     1.005154674                207      context-switches                                            
     1.105446978                458      context-switches                                            
     1.205950242                192      context-switches                                            
     1.306785012                233      context-switches                                            
     1.407180896                359      context-switches                                            
     1.507461141                662      context-switches                                            
     1.608067034                225      context-switches                                            
     1.708601767                322      context-switches                                            
     1.808903914                365      context-switches                                            
     1.909504807                232      context-switches                                            
     2.010068641                220      context-switches                                            
     2.110550545                526      context-switches                                            
     2.211422226                259      context-switches                                            
     2.312400095                354      context-switches                                            
     2.412971379                258      context-switches                                            
     2.513283895                569      context-switches                                            
#           time             counts unit events
     2.613817199                220      context-switches                                            
     2.714691169                227      context-switches                                            
     2.815209315                353      context-switches                                            
     2.915866419                203      context-switches                                            
     3.016172606                233      context-switches                                            
     3.116515163                440      context-switches                                            
     3.217586142                163      context-switches                                            
     3.317940289                275      context-switches                                            
     3.418547953                216      context-switches                                            
     3.519042779                519      context-switches                                            
     3.619541934                201      context-switches                                            
     3.720034321                215      context-switches                                            
     3.820328519                516      context-switches                                            
     3.920660097                189      context-switches                                            
     4.020956715                441      context-switches                                            
     4.121545981                179      context-switches                                            
     4.222128686                152      context-switches                                            
     4.322466814                251      context-switches                                            
     4.423086800                244      context-switches                                            
     4.523587786                483      context-switches                                            
     4.624452587                196      context-switches                                            
     4.724776397                294      context-switches                                            
     4.825657511                311      context-switches                                            
     4.926157838                185      context-switches                                            
     5.026353349                428      context-switches                                            
#           time             counts unit events
     5.127339382                312      context-switches                                            
     5.228366423                242      context-switches                                            
     5.328884571                383      context-switches                                            
     5.429389348                345      context-switches                                            
     5.530238553                626      context-switches                                            
     5.630557002                406      context-switches                                            
     5.730811352                320      context-switches                                            
     5.831333751                263      context-switches                                            
     5.931827530                267      context-switches                                            
     6.032172749                494      context-switches                                            
     6.133181932                309      context-switches                                            
     6.233803828                312      context-switches                                            
     6.334118550                472      context-switches                                            
     6.434426711                336      context-switches                                            
     6.534686051                588      context-switches                                            
     6.634927163                544      context-switches                                            
     6.735217734                335      context-switches                                            
     6.835806262                323      context-switches                                            
     6.936319752                301      context-switches                                            
     7.036830162                467      context-switches                                            
     7.137400140                341      context-switches                                            
     7.237942530                292      context-switches                                            
     7.338561918                367      context-switches                                            
     7.439096537                264      context-switches                                            
     7.539373029                538      context-switches                                            
#           time             counts unit events
     7.639673591                415      context-switches                                            
     7.740216512                332      context-switches                                            
     7.840858501                316      context-switches                                            
     7.941350892                254      context-switches                                            
     8.041672853                508      context-switches                                            
     8.142560190                260      context-switches                                            
     8.243439917                288      context-switches                                            
     8.343954927                352      context-switches                                            
     8.444296730                313      context-switches                                            
     8.544612662                483      context-switches                                            
     8.645103692                382      context-switches                                            
     8.745430976                337      context-switches                                            
     8.846277464                268      context-switches                                            
     8.946827015                304      context-switches                                            
     9.047152388                517      context-switches                                            
     9.148044596                293      context-switches                                            
     9.248660546                511      context-switches                                            
     9.349118508                369      context-switches                                            
     9.449970696                277      context-switches                                            
     9.550528677                529      context-switches                                            
     9.651019089                400      context-switches                                            
     9.751317134                305      context-switches                                            
     9.851602278                306      context-switches                                            
     9.952182530                224      context-switches                                            
    10.000862493                327      context-switches                                            
