     0.100689438          1,175,469      LLC-loads                 (59.94%)
     0.100689438            196,963      LLC-load-misses           (59.78%)
     0.201009707          1,359,109      LLC-loads                 (60.08%)
     0.201009707            204,956      LLC-load-misses           (59.80%)
     0.301332932          3,260,616      LLC-loads                 (60.09%)
     0.301332932            759,115      LLC-load-misses           (59.81%)
     0.401513574          3,067,088      LLC-loads                 (60.10%)
     0.401513574            788,581      LLC-load-misses           (59.82%)
     0.501752090          2,378,139      LLC-loads                 (60.09%)
     0.501752090            629,169      LLC-load-misses           (59.83%)
     0.602049520          2,384,536      LLC-loads                 (60.08%)
     0.602049520            595,272      LLC-load-misses           (59.85%)
     0.702442224          2,839,999      LLC-loads                 (60.09%)
     0.702442224            479,217      LLC-load-misses           (59.84%)
     0.802842390          2,915,871      LLC-loads                 (60.10%)
     0.802842390            630,617      LLC-load-misses           (59.84%)
     0.902968694          2,769,243      LLC-loads                 (60.10%)
     0.902968694            630,579      LLC-load-misses           (59.85%)
     1.003393274          2,307,800      LLC-loads                 (60.11%)
     1.003393274            469,473      LLC-load-misses           (59.85%)
     1.103592048          2,307,465      LLC-loads                 (60.11%)
     1.103592048            429,239      LLC-load-misses           (59.85%)
     1.203812734          2,551,603      LLC-loads                 (60.10%)
     1.203812734            630,399      LLC-load-misses           (59.86%)
     1.303937391          3,210,587      LLC-loads                 (60.10%)
     1.303937391            719,213      LLC-load-misses           (59.87%)
     1.404178202          4,800,789      LLC-loads                 (60.10%)
     1.404178202            629,764      LLC-load-misses           (59.87%)
     1.504440470          2,405,878      LLC-loads                 (60.09%)
     1.504440470            613,836      LLC-load-misses           (59.87%)
     1.605027990          2,754,411      LLC-loads                 (60.10%)
     1.605027990            528,669      LLC-load-misses           (59.90%)
     1.705492096          2,737,038      LLC-loads                 (60.10%)
     1.705492096            650,737      LLC-load-misses           (59.91%)
     1.805939673          1,997,150      LLC-loads                 (60.11%)
     1.805939673            480,533      LLC-load-misses           (59.93%)
     1.906534076          3,032,995      LLC-loads                 (60.11%)
     1.906534076            620,407      LLC-load-misses           (59.94%)
     2.006805206          2,291,080      LLC-loads                 (60.12%)
     2.006805206            493,155      LLC-load-misses           (59.95%)
     2.107189074          3,011,121      LLC-loads                 (60.12%)
     2.107189074            699,406      LLC-load-misses           (59.96%)
     2.207690951          2,248,668      LLC-loads                 (60.12%)
     2.207690951            571,249      LLC-load-misses           (59.97%)
     2.307987675          2,341,618      LLC-loads                 (60.13%)
     2.307987675            609,115      LLC-load-misses           (59.98%)
     2.408158701          1,906,561      LLC-loads                 (60.12%)
     2.408158701            501,994      LLC-load-misses           (59.99%)
     2.508361442          2,256,149      LLC-loads                 (60.12%)
     2.508361442            496,808      LLC-load-misses           (59.99%)
     2.608778694          3,764,636      LLC-loads                 (60.12%)
     2.608778694          1,132,527      LLC-load-misses           (59.99%)
     2.709260365          3,418,339      LLC-loads                 (60.12%)
     2.709260365            730,099      LLC-load-misses           (60.00%)
     2.809543708          2,787,017      LLC-loads                 (60.13%)
     2.809543708            613,584      LLC-load-misses           (60.00%)
     2.909799234          2,387,682      LLC-loads                 (60.13%)
     2.909799234            599,632      LLC-load-misses           (60.01%)
     3.010093241          1,850,230      LLC-loads                 (60.13%)
     3.010093241            478,921      LLC-load-misses           (60.01%)
     3.110705014          2,615,657      LLC-loads                 (60.13%)
     3.110705014            471,263      LLC-load-misses           (60.02%)
     3.210944388          2,983,166      LLC-loads                 (60.13%)
     3.210944388            540,911      LLC-load-misses           (60.02%)
     3.311140721          2,494,217      LLC-loads                 (60.13%)
     3.311140721            618,596      LLC-load-misses           (60.02%)
     3.411335754          2,045,919      LLC-loads                 (60.12%)
     3.411335754            469,078      LLC-load-misses           (60.02%)
     3.511497965          2,386,325      LLC-loads                 (60.12%)
     3.511497965            531,420      LLC-load-misses           (60.02%)
     3.611949828          2,562,389      LLC-loads                 (60.12%)
     3.611949828            649,648      LLC-load-misses           (60.03%)
     3.712145891          2,628,978      LLC-loads                 (60.12%)
     3.712145891            586,494      LLC-load-misses           (60.03%)
     3.812299230          2,354,735      LLC-loads                 (60.12%)
     3.812299230            549,985      LLC-load-misses           (60.03%)
     3.912551436          5,352,410      LLC-loads                 (60.12%)
     3.912551436            640,398      LLC-load-misses           (60.03%)
     4.012675087          6,024,421      LLC-loads                 (60.11%)
     4.012675087            896,089      LLC-load-misses           (60.03%)
     4.112822267          3,513,098      LLC-loads                 (60.11%)
     4.112822267          1,123,160      LLC-load-misses           (60.03%)
     4.212954077          2,917,784      LLC-loads                 (60.10%)
     4.212954077            563,737      LLC-load-misses           (60.03%)
     4.313147769          2,451,781      LLC-loads                 (60.10%)
     4.313147769            525,300      LLC-load-misses           (60.03%)
     4.413481221          1,981,792      LLC-loads                 (60.09%)
     4.413481221            439,115      LLC-load-misses           (60.04%)
     4.513760318          2,825,846      LLC-loads                 (60.08%)
     4.513760318            613,415      LLC-load-misses           (60.04%)
     4.613884164          2,283,449      LLC-loads                 (60.08%)
     4.613884164            383,307      LLC-load-misses           (60.04%)
     4.714179289          2,795,028      LLC-loads                 (60.07%)
     4.714179289            696,987      LLC-load-misses           (60.04%)
     4.814308147          2,707,183      LLC-loads                 (60.07%)
     4.814308147            562,745      LLC-load-misses           (60.04%)
     4.914442121          2,232,967      LLC-loads                 (60.06%)
     4.914442121            520,763      LLC-load-misses           (60.04%)
     5.014605800          2,102,137      LLC-loads                 (60.06%)
     5.014605800            449,547      LLC-load-misses           (60.04%)
     5.114792070          2,263,302      LLC-loads                 (60.06%)
     5.114792070            448,205      LLC-load-misses           (60.04%)
     5.214990547          3,422,435      LLC-loads                 (60.05%)
     5.214990547            664,718      LLC-load-misses           (60.04%)
     5.315125060          2,347,000      LLC-loads                 (60.05%)
     5.315125060            438,880      LLC-load-misses           (60.04%)
     5.415269730          2,609,598      LLC-loads                 (60.05%)
     5.415269730            531,307      LLC-load-misses           (60.04%)
     5.515534167          2,406,767      LLC-loads                 (60.05%)
     5.515534167            414,045      LLC-load-misses           (60.04%)
     5.615671010          2,588,848      LLC-loads                 (60.04%)
     5.615671010            514,645      LLC-load-misses           (60.04%)
     5.715903412          3,092,283      LLC-loads                 (60.04%)
     5.715903412            596,491      LLC-load-misses           (60.04%)
     5.816053344          2,567,553      LLC-loads                 (60.04%)
     5.816053344            538,142      LLC-load-misses           (60.04%)
     5.916325907          1,914,614      LLC-loads                 (60.03%)
     5.916325907            479,818      LLC-load-misses           (60.04%)
     6.016474647          2,811,172      LLC-loads                 (60.03%)
     6.016474647            459,959      LLC-load-misses           (60.03%)
     6.116588389          2,367,446      LLC-loads                 (60.03%)
     6.116588389            494,314      LLC-load-misses           (60.03%)
     6.216820727          1,931,137      LLC-loads                 (60.03%)
     6.216820727            628,303      LLC-load-misses           (60.03%)
     6.317027845          3,092,704      LLC-loads                 (60.02%)
     6.317027845            529,976      LLC-load-misses           (60.03%)
     6.417136054          3,020,683      LLC-loads                 (60.02%)
     6.417136054            618,215      LLC-load-misses           (60.03%)
     6.517277783          3,063,811      LLC-loads                 (60.02%)
     6.517277783            689,668      LLC-load-misses           (60.02%)
     6.617402137          2,813,846      LLC-loads                 (60.02%)
     6.617402137            531,176      LLC-load-misses           (60.02%)
     6.717521936          2,768,624      LLC-loads                 (60.02%)
     6.717521936            597,400      LLC-load-misses           (60.02%)
     6.817636220          2,468,286      LLC-loads                 (60.01%)
     6.817636220            504,329      LLC-load-misses           (60.02%)
     6.917758261          2,281,229      LLC-loads                 (60.01%)
     6.917758261            534,250      LLC-load-misses           (60.02%)
     7.017893075          2,421,465      LLC-loads                 (60.01%)
     7.017893075            409,719      LLC-load-misses           (60.02%)
     7.118071011          2,158,697      LLC-loads                 (60.01%)
     7.118071011            633,696      LLC-load-misses           (60.02%)
     7.218260450          2,771,190      LLC-loads                 (60.01%)
     7.218260450            450,920      LLC-load-misses           (60.01%)
     7.318385009          2,291,615      LLC-loads                 (60.01%)
     7.318385009            426,943      LLC-load-misses           (60.01%)
     7.418519327          3,002,277      LLC-loads                 (60.00%)
     7.418519327            617,002      LLC-load-misses           (60.01%)
     7.518656766          2,472,165      LLC-loads                 (60.00%)
     7.518656766            478,250      LLC-load-misses           (60.01%)
     7.618768769          2,917,284      LLC-loads                 (60.00%)
     7.618768769            497,947      LLC-load-misses           (60.01%)
     7.718898273          3,140,446      LLC-loads                 (60.00%)
     7.718898273            630,152      LLC-load-misses           (60.00%)
     7.819006753          2,427,302      LLC-loads                 (60.00%)
     7.819006753            397,633      LLC-load-misses           (60.00%)
     7.919116700          3,012,180      LLC-loads                 (60.00%)
     7.919116700            546,380      LLC-load-misses           (60.00%)
     8.019358770          1,804,163      LLC-loads                 (60.00%)
     8.019358770            384,532      LLC-load-misses           (60.00%)
     8.119550517          2,446,875      LLC-loads                 (60.00%)
     8.119550517            474,314      LLC-load-misses           (60.00%)
     8.219661677          3,226,812      LLC-loads                 (60.00%)
     8.219661677            725,701      LLC-load-misses           (60.00%)
     8.319783965          2,596,134      LLC-loads                 (59.99%)
     8.319783965            514,343      LLC-load-misses           (59.99%)
     8.419902179          2,346,781      LLC-loads                 (59.99%)
     8.419902179            448,683      LLC-load-misses           (59.99%)
     8.520033195          3,037,235      LLC-loads                 (59.99%)
     8.520033195            620,583      LLC-load-misses           (59.99%)
     8.620142584          2,596,816      LLC-loads                 (59.99%)
     8.620142584            500,747      LLC-load-misses           (59.99%)
     8.720253765          3,011,431      LLC-loads                 (59.99%)
     8.720253765            580,736      LLC-load-misses           (59.99%)
     8.820393318          2,669,391      LLC-loads                 (59.99%)
     8.820393318            584,708      LLC-load-misses           (59.99%)
     8.920519575          2,559,689      LLC-loads                 (59.99%)
     8.920519575            534,770      LLC-load-misses           (59.99%)
     9.020624954          3,023,359      LLC-loads                 (59.99%)
     9.020624954            640,588      LLC-load-misses           (59.99%)
     9.120893929          5,008,000      LLC-loads                 (59.99%)
     9.120893929            751,029      LLC-load-misses           (59.99%)
     9.221098935          5,100,862      LLC-loads                 (60.00%)
     9.221098935            674,216      LLC-load-misses           (59.99%)
     9.321234815          6,057,979      LLC-loads                 (60.00%)
     9.321234815            889,350      LLC-load-misses           (59.99%)
     9.421464643          3,674,914      LLC-loads                 (60.00%)
     9.421464643          1,128,157      LLC-load-misses           (59.98%)
     9.521712178          2,416,321      LLC-loads                 (60.00%)
     9.521712178            582,238      LLC-load-misses           (59.98%)
     9.621889753          2,803,690      LLC-loads                 (60.00%)
     9.621889753            578,381      LLC-load-misses           (59.98%)
     9.722128342          3,439,466      LLC-loads                 (60.00%)
     9.722128342            729,925      LLC-load-misses           (59.98%)
     9.822352725          2,577,929      LLC-loads                 (60.00%)
     9.822352725            553,049      LLC-load-misses           (59.98%)
     9.922642840          2,467,215      LLC-loads                 (60.00%)
     9.922642840            545,503      LLC-load-misses           (59.98%)
    10.022930633          3,566,748      LLC-loads                 (60.00%)
    10.022930633            683,333      LLC-load-misses           (59.97%)
    10.123062551          5,314,900      LLC-loads                 (60.01%)
    10.123062551          1,036,505      LLC-load-misses           (59.97%)
    10.235649000          4,292,174      LLC-loads                 (60.02%)
    10.235649000            888,964      LLC-load-misses           (60.01%)
    10.335861397          8,393,145      LLC-loads                 (60.02%)
    10.335861397          3,158,374      LLC-load-misses           (60.01%)
    10.436011944          4,217,146      LLC-loads                 (60.02%)
    10.436011944            844,190      LLC-load-misses           (60.01%)
    10.536137405          6,560,829      LLC-loads                 (60.02%)
    10.536137405          1,178,942      LLC-load-misses           (60.01%)
    10.636288276         10,658,146      LLC-loads                 (60.02%)
    10.636288276          3,957,913      LLC-load-misses           (60.01%)
    10.736407719         12,492,097      LLC-loads                 (60.02%)
    10.736407719          4,590,626      LLC-load-misses           (60.01%)
    10.836518967          7,069,312      LLC-loads                 (60.02%)
    10.836518967          1,331,423      LLC-load-misses           (60.01%)
    10.936628782          8,086,756      LLC-loads                 (60.01%)
    10.936628782          2,659,462      LLC-load-misses           (60.01%)
    11.036751593          9,476,149      LLC-loads                 (60.01%)
    11.036751593          3,672,611      LLC-load-misses           (60.01%)
    11.136889011          5,687,418      LLC-loads                 (60.01%)
    11.136889011          1,620,554      LLC-load-misses           (60.01%)
    11.236995014          4,083,462      LLC-loads                 (60.01%)
    11.236995014            228,512      LLC-load-misses           (60.01%)
    11.337101498          4,308,356      LLC-loads                 (60.01%)
    11.337101498            161,987      LLC-load-misses           (60.01%)
    11.437237978          5,598,714      LLC-loads                 (60.01%)
    11.437237978            657,860      LLC-load-misses           (60.01%)
    11.537351932          6,011,508      LLC-loads                 (60.01%)
    11.537351932            700,666      LLC-load-misses           (60.01%)
    11.637465038          5,368,057      LLC-loads                 (60.01%)
    11.637465038            486,211      LLC-load-misses           (60.01%)
    11.737574648          6,130,998      LLC-loads                 (60.01%)
    11.737574648            533,480      LLC-load-misses           (60.01%)
    11.837696013          5,894,801      LLC-loads                 (60.01%)
    11.837696013            757,008      LLC-load-misses           (60.01%)
    11.937791361         11,075,245      LLC-loads                 (60.01%)
    11.937791361          3,251,352      LLC-load-misses           (60.00%)
    12.037907339          8,607,895      LLC-loads                 (60.01%)
    12.037907339          2,387,989      LLC-load-misses           (60.00%)
    12.138017885          6,867,687      LLC-loads                 (60.01%)
    12.138017885          1,163,322      LLC-load-misses           (60.00%)
    12.238127085          5,481,428      LLC-loads                 (60.01%)
    12.238127085            483,212      LLC-load-misses           (60.00%)
    12.338250841          5,566,775      LLC-loads                 (60.01%)
    12.338250841            804,414      LLC-load-misses           (60.00%)
    12.438363485          6,467,656      LLC-loads                 (60.00%)
    12.438363485          1,888,529      LLC-load-misses           (60.00%)
    12.538476799          8,305,069      LLC-loads                 (60.00%)
    12.538476799          2,320,521      LLC-load-misses           (60.00%)
    12.638599146          4,713,351      LLC-loads                 (60.00%)
    12.638599146            973,745      LLC-load-misses           (60.00%)
    12.738751865          4,474,507      LLC-loads                 (60.00%)
    12.738751865            566,582      LLC-load-misses           (60.00%)
    12.838872590          3,228,465      LLC-loads                 (60.00%)
    12.838872590            254,325      LLC-load-misses           (60.00%)
    12.939015969          4,118,950      LLC-loads                 (60.00%)
    12.939015969            300,526      LLC-load-misses           (60.00%)
    13.039154186          5,307,084      LLC-loads                 (60.00%)
    13.039154186            602,920      LLC-load-misses           (60.00%)
    13.139263164          4,467,400      LLC-loads                 (60.00%)
    13.139263164            347,089      LLC-load-misses           (60.00%)
    13.239377009          6,905,260      LLC-loads                 (60.00%)
    13.239377009          1,114,143      LLC-load-misses           (60.00%)
    13.339498189          5,997,968      LLC-loads                 (60.00%)
    13.339498189            551,306      LLC-load-misses           (60.00%)
    13.439636974          8,344,859      LLC-loads                 (60.00%)
    13.439636974          2,250,024      LLC-load-misses           (60.00%)
    13.539774942          7,165,746      LLC-loads                 (60.00%)
    13.539774942          1,416,334      LLC-load-misses           (60.00%)
    13.639895298          7,575,005      LLC-loads                 (60.00%)
    13.639895298          2,511,096      LLC-load-misses           (60.00%)
    13.740017243          5,704,001      LLC-loads                 (60.00%)
    13.740017243            639,129      LLC-load-misses           (60.00%)
    13.840133092          5,552,582      LLC-loads                 (60.00%)
    13.840133092            777,751      LLC-load-misses           (60.00%)
    13.940317146          7,537,873      LLC-loads                 (60.00%)
    13.940317146          1,003,596      LLC-load-misses           (59.99%)
    14.040395707          8,386,678      LLC-loads                 (60.00%)
    14.040395707          2,489,921      LLC-load-misses           (59.99%)
    14.140706460          6,877,915      LLC-loads                 (60.00%)
    14.140706460          1,403,313      LLC-load-misses           (59.99%)
    14.240845527          6,080,220      LLC-loads                 (60.00%)
    14.240845527          1,462,372      LLC-load-misses           (59.99%)
    14.341121345          5,594,796      LLC-loads                 (60.00%)
    14.341121345          1,351,708      LLC-load-misses           (59.99%)
    14.441438431          7,766,032      LLC-loads                 (60.00%)
    14.441438431          2,123,487      LLC-load-misses           (59.99%)
    14.541701063          7,257,544      LLC-loads                 (60.00%)
    14.541701063          1,337,160      LLC-load-misses           (59.99%)
    14.641859278          6,554,336      LLC-loads                 (60.00%)
    14.641859278          1,007,476      LLC-load-misses           (59.99%)
    14.741995724          5,692,321      LLC-loads                 (60.00%)
    14.741995724            756,166      LLC-load-misses           (59.99%)
    14.842257962          6,098,485      LLC-loads                 (60.00%)
    14.842257962          1,639,250      LLC-load-misses           (59.99%)
    14.942404499          4,545,599      LLC-loads                 (60.00%)
    14.942404499            480,435      LLC-load-misses           (59.99%)
    15.042540062          6,187,548      LLC-loads                 (60.00%)
    15.042540062            814,187      LLC-load-misses           (59.99%)
    15.142675847          7,093,528      LLC-loads                 (60.00%)
    15.142675847          1,252,091      LLC-load-misses           (59.99%)
    15.242805816          8,268,968      LLC-loads                 (60.00%)
    15.242805816          1,985,699      LLC-load-misses           (59.99%)
    15.342939147         11,380,697      LLC-loads                 (60.00%)
    15.342939147          3,652,272      LLC-load-misses           (59.99%)
    15.443060600          6,395,268      LLC-loads                 (60.00%)
    15.443060600          1,614,878      LLC-load-misses           (59.98%)
    15.543182050          4,960,445      LLC-loads                 (60.00%)
    15.543182050            816,721      LLC-load-misses           (59.98%)
    15.643311377          9,099,605      LLC-loads                 (60.00%)
    15.643311377          2,141,816      LLC-load-misses           (59.98%)
    15.743444666          7,722,387      LLC-loads                 (60.00%)
    15.743444666          1,245,452      LLC-load-misses           (59.98%)
    15.843578179          8,535,726      LLC-loads                 (60.00%)
    15.843578179          3,012,351      LLC-load-misses           (59.98%)
    15.943748012          6,817,096      LLC-loads                 (60.00%)
    15.943748012          1,544,101      LLC-load-misses           (59.98%)
    16.043912052          8,333,315      LLC-loads                 (60.00%)
    16.043912052            684,861      LLC-load-misses           (59.98%)
    16.144089267          7,652,774      LLC-loads                 (60.00%)
    16.144089267          1,225,251      LLC-load-misses           (59.98%)
    16.244217083          7,950,650      LLC-loads                 (60.01%)
    16.244217083          1,964,757      LLC-load-misses           (59.98%)
    16.344513382          8,249,616      LLC-loads                 (60.01%)
    16.344513382          2,144,042      LLC-load-misses           (59.98%)
    16.444805859          7,296,405      LLC-loads                 (60.01%)
    16.444805859          2,221,436      LLC-load-misses           (59.98%)
    16.544965254          6,395,339      LLC-loads                 (60.01%)
    16.544965254          1,432,896      LLC-load-misses           (59.98%)
    16.645256107          5,822,441      LLC-loads                 (60.01%)
    16.645256107            802,347      LLC-load-misses           (59.98%)
    16.745395872          6,665,637      LLC-loads                 (60.01%)
    16.745395872          1,604,523      LLC-load-misses           (59.98%)
    16.845537600          9,824,298      LLC-loads                 (60.01%)
    16.845537600          2,306,276      LLC-load-misses           (59.99%)
    16.945856474          8,083,640      LLC-loads                 (60.01%)
    16.945856474          2,252,913      LLC-load-misses           (59.99%)
    17.046163900          6,038,873      LLC-loads                 (60.01%)
    17.046163900          1,249,109      LLC-load-misses           (59.99%)
    17.146313536          5,316,147      LLC-loads                 (60.01%)
    17.146313536            562,043      LLC-load-misses           (59.99%)
    17.246526522          5,029,704      LLC-loads                 (60.01%)
    17.246526522            617,261      LLC-load-misses           (59.99%)
    17.346814529          6,418,038      LLC-loads                 (60.01%)
    17.346814529            808,737      LLC-load-misses           (59.99%)
    17.446963054          6,891,302      LLC-loads                 (60.01%)
    17.446963054          1,199,605      LLC-load-misses           (59.99%)
    17.547104128          7,398,668      LLC-loads                 (60.01%)
    17.547104128          1,528,204      LLC-load-misses           (59.99%)
    17.647237042          7,007,623      LLC-loads                 (60.01%)
    17.647237042          1,075,393      LLC-load-misses           (59.99%)
    17.747599770          6,323,011      LLC-loads                 (60.01%)
    17.747599770            942,125      LLC-load-misses           (59.99%)
    17.847735553          8,033,445      LLC-loads                 (60.01%)
    17.847735553          2,223,464      LLC-load-misses           (59.99%)
    17.947940396          5,134,558      LLC-loads                 (60.01%)
    17.947940396          1,053,788      LLC-load-misses           (59.99%)
    18.048104034          7,872,016      LLC-loads                 (60.01%)
    18.048104034          2,557,975      LLC-load-misses           (59.99%)
    18.148334557          5,149,383      LLC-loads                 (60.01%)
    18.148334557            549,428      LLC-load-misses           (59.99%)
    18.248480837          4,565,302      LLC-loads                 (60.01%)
    18.248480837            670,640      LLC-load-misses           (59.99%)
    18.348915768          5,965,120      LLC-loads                 (60.01%)
    18.348915768          1,303,854      LLC-load-misses           (59.99%)
    18.449131351          7,704,225      LLC-loads                 (60.02%)
    18.449131351          1,738,408      LLC-load-misses           (59.99%)
    18.549382512          5,994,321      LLC-loads                 (60.02%)
    18.549382512            886,922      LLC-load-misses           (59.99%)
    18.649803341          6,164,272      LLC-loads                 (60.02%)
    18.649803341            821,883      LLC-load-misses           (60.00%)
    18.750289210          4,873,565      LLC-loads                 (60.02%)
    18.750289210            431,543      LLC-load-misses           (60.00%)
    18.850446720          4,795,797      LLC-loads                 (60.02%)
    18.850446720            325,966      LLC-load-misses           (60.00%)
    18.950620353          4,315,630      LLC-loads                 (60.02%)
    18.950620353          1,437,122      LLC-load-misses           (60.00%)
    19.050759947          6,742,014      LLC-loads                 (60.02%)
    19.050759947            715,629      LLC-load-misses           (60.00%)
    19.150896010          5,621,121      LLC-loads                 (60.02%)
    19.150896010          1,086,703      LLC-load-misses           (60.00%)
    19.251057039          5,376,407      LLC-loads                 (60.02%)
    19.251057039          1,422,258      LLC-load-misses           (60.00%)
    19.351520588          7,801,414      LLC-loads                 (60.02%)
    19.351520588          2,454,542      LLC-load-misses           (60.00%)
    19.451814577          3,847,719      LLC-loads                 (60.02%)
    19.451814577            291,559      LLC-load-misses           (60.00%)
    19.551961399          4,612,286      LLC-loads                 (60.02%)
    19.551961399            482,601      LLC-load-misses           (60.00%)
    19.652176691          6,076,830      LLC-loads                 (60.02%)
    19.652176691            721,060      LLC-load-misses           (60.00%)
    19.752324544          3,863,111      LLC-loads                 (60.02%)
    19.752324544            372,534      LLC-load-misses           (60.00%)
    19.852557331          6,352,788      LLC-loads                 (60.02%)
    19.852557331            522,813      LLC-load-misses           (60.00%)
    19.952711042          7,755,390      LLC-loads                 (60.02%)
    19.952711042          1,673,800      LLC-load-misses           (60.00%)
    20.000656985          4,473,555      LLC-loads                 (60.00%)
    20.000656985          1,456,828      LLC-load-misses           (60.00%)
