# started on Tue Nov  5 20:42:30 2019

#           time             counts unit events
     0.100771398                444      context-switches                                            
     0.201461295                158      context-switches                                            
     0.301931554                508      context-switches                                            
     0.402406330                192      context-switches                                            
     0.502880407                169      context-switches                                            
     0.603449671                272      context-switches                                            
     0.704050712                234      context-switches                                            
     0.804548991                226      context-switches                                            
     0.905144301                332      context-switches                                            
     1.005732647                282      context-switches                                            
     1.106231404                225      context-switches                                            
     1.206933357                213      context-switches                                            
     1.307488446                478      context-switches                                            
     1.408055414                206      context-switches                                            
     1.508654043                201      context-switches                                            
     1.609133093                208      context-switches                                            
     1.709645452                208      context-switches                                            
     1.810150974                249      context-switches                                            
     1.910661248                394      context-switches                                            
     2.011165202                374      context-switches                                            
     2.111815814                165      context-switches                                            
     2.212463359                152      context-switches                                            
     2.312955707                492      context-switches                                            
     2.413535847                263      context-switches                                            
     2.514154109                255      context-switches                                            
#           time             counts unit events
     2.614665123                282      context-switches                                            
     2.715134534                236      context-switches                                            
     2.815740636                343      context-switches                                            
     2.916217540                348      context-switches                                            
     3.016777349                283      context-switches                                            
     3.117377486                247      context-switches                                            
     3.217863541                194      context-switches                                            
     3.318426073                471      context-switches                                            
     3.418897139                196      context-switches                                            
     3.519491656                244      context-switches                                            
     3.620024118                220      context-switches                                            
     3.720630897                210      context-switches                                            
     3.821115700                148      context-switches                                            
     3.921747049                340      context-switches                                            
     4.022340982                263      context-switches                                            
     4.122951986                283      context-switches                                            
     4.223553465                243      context-switches                                            
     4.324039597                451      context-switches                                            
     4.424641914                184      context-switches                                            
     4.525209137                192      context-switches                                            
     4.625839351                200      context-switches                                            
     4.726360786                207      context-switches                                            
     4.826985597                215      context-switches                                            
     4.927611937                376      context-switches                                            
     5.027936706              1,368      context-switches                                            
#           time             counts unit events
     5.128577037              1,840      context-switches                                            
     5.228846365              1,549      context-switches                                            
     5.329199230              1,713      context-switches                                            
     5.429513689              3,313      context-switches                                            
     5.529770055              3,156      context-switches                                            
     5.630201630              2,814      context-switches                                            
     5.730530764              2,065      context-switches                                            
     5.830790975              4,656      context-switches                                            
     5.931331884              3,534      context-switches                                            
     6.031682352              1,525      context-switches                                            
     6.132155708              4,361      context-switches                                            
     6.232329488              2,241      context-switches                                            
     6.332784317              3,195      context-switches                                            
     6.433268761              3,708      context-switches                                            
     6.533405608              1,828      context-switches                                            
     6.633862205              3,930      context-switches                                            
     6.733998087              1,911      context-switches                                            
     6.834235810              3,772      context-switches                                            
     6.934607894              3,945      context-switches                                            
     7.034989524              1,472      context-switches                                            
     7.135414091              4,421      context-switches                                            
     7.235527898              4,141      context-switches                                            
     7.335986446              1,850      context-switches                                            
     7.436243439              4,090      context-switches                                            
     7.536553362              1,932      context-switches                                            
#           time             counts unit events
     7.637101178              3,828      context-switches                                            
     7.737262709              3,394      context-switches                                            
     7.837506292              2,471      context-switches                                            
     7.937963450             10,097      context-switches                                            
     8.038094821              2,631      context-switches                                            
     8.138457566              3,166      context-switches                                            
     8.238616260              3,224      context-switches                                            
     8.338865139              3,057      context-switches                                            
     8.439339187              3,482      context-switches                                            
     8.539658397              1,819      context-switches                                            
     8.640078918              3,727      context-switches                                            
     8.740648898              4,131      context-switches                                            
     8.841179618              1,080      context-switches                                            
     8.941614117              4,726      context-switches                                            
     9.041856332              1,330      context-switches                                            
     9.142385105              3,823      context-switches                                            
     9.242699778              1,869      context-switches                                            
     9.343256664              3,642      context-switches                                            
     9.443728881              3,774      context-switches                                            
     9.543943826              1,765      context-switches                                            
     9.644430309              4,227      context-switches                                            
     9.744850271              4,317      context-switches                                            
     9.845337529              1,219      context-switches                                            
     9.945826639              4,595      context-switches                                            
    10.001111907                320      context-switches                                            
