# started on Tue Nov  5 20:34:57 2019

#           time             counts unit events
     0.100793290                620      context-switches                                            
     0.201491719                266      context-switches                                            
     0.302037901                663      context-switches                                            
     0.402586871                229      context-switches                                            
     0.503125508                492      context-switches                                            
     0.603686732                522      context-switches                                            
     0.704294711                381      context-switches                                            
     0.804774941                333      context-switches                                            
     0.905462827                170      context-switches                                            
     1.006066365                254      context-switches                                            
     1.106676311                288      context-switches                                            
     1.206805740              5,902      context-switches                                            
     1.307300484              1,913      context-switches                                            
     1.407878819                239      context-switches                                            
     1.508400831                447      context-switches                                            
     1.609063793                242      context-switches                                            
     1.709694933                142      context-switches                                            
     1.810278892                194      context-switches                                            
     1.910889455                268      context-switches                                            
     2.011448946                262      context-switches                                            
     2.112060669                174      context-switches                                            
     2.212608090                186      context-switches                                            
     2.313138936                725      context-switches                                            
     2.413709494                213      context-switches                                            
     2.514198022                330      context-switches                                            
#           time             counts unit events
     2.614851690                188      context-switches                                            
     2.715498961                224      context-switches                                            
     2.815966666                312      context-switches                                            
     2.916542341                148      context-switches                                            
     3.017143335                290      context-switches                                            
     3.117618166                167      context-switches                                            
     3.218176464                179      context-switches                                            
     3.318610626                634      context-switches                                            
     3.419280232                161      context-switches                                            
     3.519870674                310      context-switches                                            
     3.620459181                180      context-switches                                            
     3.721064659                155      context-switches                                            
     3.821723176                216      context-switches                                            
     3.922335400                188      context-switches                                            
     4.023015241                254      context-switches                                            
     4.123690451                541      context-switches                                            
     4.224376474                539      context-switches                                            
     4.324886476                770      context-switches                                            
     4.425553438                170      context-switches                                            
     4.526035969                235      context-switches                                            
     4.626536571                193      context-switches                                            
     4.727126514                172      context-switches                                            
     4.827589324                228      context-switches                                            
     4.928227921                166      context-switches                                            
     5.028603969              2,498      context-switches                                            
#           time             counts unit events
     5.129002947                483      context-switches                                            
     5.229224528              2,353      context-switches                                            
     5.329365556              2,599      context-switches                                            
     5.429866914              3,680      context-switches                                            
     5.530156866              1,834      context-switches                                            
     5.630621716              3,775      context-switches                                            
     5.730921930              3,917      context-switches                                            
     5.831247670              1,904      context-switches                                            
     5.931769919              3,858      context-switches                                            
     6.032065231              2,718      context-switches                                            
     6.132353748              4,151      context-switches                                            
     6.232840290              4,153      context-switches                                            
     6.333112717              2,243      context-switches                                            
     6.433606193              4,038      context-switches                                            
     6.533760007              2,900      context-switches                                            
     6.634149121              2,752      context-switches                                            
     6.734672177              4,012      context-switches                                            
     6.834869816              3,113      context-switches                                            
     6.935081039              5,054      context-switches                                            
     7.035217902              8,589      context-switches                                            
     7.135541275              1,650      context-switches                                            
     7.235911855              4,625      context-switches                                            
     7.336219540              2,328      context-switches                                            
     7.436601567              3,443      context-switches                                            
     7.536930738              3,817      context-switches                                            
#           time             counts unit events
     7.637141905              2,756      context-switches                                            
     7.737496537              3,850      context-switches                                            
     7.837817487              1,721      context-switches                                            
     7.938290703              3,772      context-switches                                            
     8.038560703              4,146      context-switches                                            
     8.139003464              1,343      context-switches                                            
     8.239260412              3,979      context-switches                                            
     8.339476735              2,201      context-switches                                            
     8.439903072              3,984      context-switches                                            
     8.540240309              1,862      context-switches                                            
     8.640578270              4,048      context-switches                                            
     8.740999416              4,073      context-switches                                            
     8.841142379              2,211      context-switches                                            
     8.941560441              3,921      context-switches                                            
     9.041671364              3,896      context-switches                                            
     9.142086637              1,890      context-switches                                            
     9.242442708              3,834      context-switches                                            
     9.342606987              2,736      context-switches                                            
     9.443201466              3,704      context-switches                                            
     9.543359159              2,822      context-switches                                            
     9.643681033              2,786      context-switches                                            
     9.744109932              3,978      context-switches                                            
     9.844416957              1,862      context-switches                                            
     9.944877502              4,271      context-switches                                            
    10.001196852                739      context-switches                                            
