# started on Thu Nov  7 01:45:27 2019

#           time             counts unit events
     0.100211810             38,821      context-switches                                            
     0.200443987             37,279      context-switches                                            
     0.300698695             38,891      context-switches                                            
     0.400929187             37,371      context-switches                                            
     0.501230223             38,826      context-switches                                            
     0.601456421             36,762      context-switches                                            
     0.701613309             39,073      context-switches                                            
     0.801723581             37,504      context-switches                                            
     0.901953394             38,237      context-switches                                            
     1.002084011             37,164      context-switches                                            
     1.102227284             38,870      context-switches                                            
     1.202446120             36,629      context-switches                                            
     1.302692501             39,546      context-switches                                            
     1.402917584             37,272      context-switches                                            
     1.503111980             39,075      context-switches                                            
     1.603300104             36,562      context-switches                                            
     1.703548940             39,135      context-switches                                            
     1.803747006             36,414      context-switches                                            
     1.903977977             38,736      context-switches                                            
     2.004220835             36,190      context-switches                                            
     2.104466127             38,614      context-switches                                            
     2.204699757             37,202      context-switches                                            
     2.304893898             39,361      context-switches                                            
     2.405166260             36,459      context-switches                                            
     2.505390309             39,217      context-switches                                            
#           time             counts unit events
     2.605602497             36,074      context-switches                                            
     2.705840061             39,318      context-switches                                            
     2.806108382             35,863      context-switches                                            
     2.906375379             39,062      context-switches                                            
     3.006589364             36,283      context-switches                                            
     3.106802555             38,968      context-switches                                            
     3.207039679             36,983      context-switches                                            
     3.307315954             38,543      context-switches                                            
     3.407588915             36,449      context-switches                                            
     3.507700933             38,656      context-switches                                            
     3.607959747             36,334      context-switches                                            
     3.708201796             38,920      context-switches                                            
     3.808387566             35,514      context-switches                                            
     3.908556519             39,123      context-switches                                            
     4.008773804             36,905      context-switches                                            
     4.109015722             38,283      context-switches                                            
     4.209202357             36,789      context-switches                                            
     4.309495212             38,421      context-switches                                            
     4.409700657             36,301      context-switches                                            
     4.509889142             38,434      context-switches                                            
     4.610106936             37,402      context-switches                                            
     4.710333670             38,069      context-switches                                            
     4.810590508             37,577      context-switches                                            
     4.910915606             39,780      context-switches                                            
     5.011155865             36,497      context-switches                                            
#           time             counts unit events
     5.111412944             39,183      context-switches                                            
     5.211641419             36,959      context-switches                                            
     5.311853359             38,715      context-switches                                            
     5.412027267             37,490      context-switches                                            
     5.512294551             39,374      context-switches                                            
     5.612517802             36,890      context-switches                                            
     5.712796867             38,390      context-switches                                            
     5.812998399             34,792      context-switches                                            
     5.913116017             37,237      context-switches                                            
     6.013255406             37,924      context-switches                                            
     6.113414547             39,085      context-switches                                            
     6.213660552             36,295      context-switches                                            
     6.313795568             38,069      context-switches                                            
     6.413946353             36,924      context-switches                                            
     6.514055874             39,216      context-switches                                            
     6.614270879             36,632      context-switches                                            
     6.714377376             37,104      context-switches                                            
     6.814547904             36,964      context-switches                                            
     6.914654253             39,219      context-switches                                            
     7.014879196             37,692      context-switches                                            
     7.115009049             38,333      context-switches                                            
     7.215144669             38,113      context-switches                                            
     7.315367460             36,865      context-switches                                            
     7.415629370             37,729      context-switches                                            
     7.515740521             38,347      context-switches                                            
#           time             counts unit events
     7.615991904             38,201      context-switches                                            
     7.716223570             38,186      context-switches                                            
     7.816445548             36,157      context-switches                                            
     7.916589325             37,974      context-switches                                            
     8.016791750             37,831      context-switches                                            
     8.116898896             37,748      context-switches                                            
     8.217123393             37,483      context-switches                                            
     8.317254129             38,534      context-switches                                            
     8.417449998             37,615      context-switches                                            
     8.517556693             37,995      context-switches                                            
     8.617662140             37,135      context-switches                                            
     8.717771670             37,206      context-switches                                            
     8.817911956             38,266      context-switches                                            
     8.918017115             37,141      context-switches                                            
     9.018177891             38,597      context-switches                                            
     9.118311059             37,474      context-switches                                            
     9.218589125             38,772      context-switches                                            
     9.318704744             37,932      context-switches                                            
     9.418922429             37,892      context-switches                                            
     9.519089602             36,952      context-switches                                            
     9.619211371             38,261      context-switches                                            
     9.719366834             36,891      context-switches                                            
     9.819531733             37,613      context-switches                                            
     9.919645281             36,997      context-switches                                            
    10.000760600             31,816      context-switches                                            
