# started on Mon Nov 11 22:40:42 2019

#           time             counts unit events
     0.100197556             47,136      context-switches                                            
     0.200376363             50,743      context-switches                                            
     0.300511240             45,724      context-switches                                            
     0.400656357             47,652      context-switches                                            
     0.500812633             38,040      context-switches                                            
     0.600962630             31,050      context-switches                                            
     0.701115307             32,551      context-switches                                            
     0.801257824             40,415      context-switches                                            
     0.901380933             40,658      context-switches                                            
     1.001515782             47,327      context-switches                                            
     1.101673810             46,374      context-switches                                            
     1.201812579             30,574      context-switches                                            
     1.301967638             44,574      context-switches                                            
     1.402124726             41,193      context-switches                                            
     1.502272005             43,663      context-switches                                            
     1.602426344             36,696      context-switches                                            
     1.702593512             47,126      context-switches                                            
     1.802750771             44,637      context-switches                                            
     1.902918591             43,796      context-switches                                            
     2.003038753             44,222      context-switches                                            
     2.103133214             45,794      context-switches                                            
     2.203265746             51,086      context-switches                                            
     2.303412296             42,640      context-switches                                            
     2.403555197             50,031      context-switches                                            
     2.503716908             43,816      context-switches                                            
#           time             counts unit events
     2.603892668             40,876      context-switches                                            
     2.704036249             49,210      context-switches                                            
     2.804185571             43,401      context-switches                                            
     2.904339664             41,306      context-switches                                            
     3.004463477             42,877      context-switches                                            
     3.104611020             37,956      context-switches                                            
     3.204760713             46,046      context-switches                                            
     3.304880396             42,681      context-switches                                            
     3.405024039             44,729      context-switches                                            
     3.505171581             30,019      context-switches                                            
     3.605310534             39,488      context-switches                                            
     3.705459747             47,622      context-switches                                            
     3.805605170             48,590      context-switches                                            
     3.905773955             47,980      context-switches                                            
     4.005909029             46,965      context-switches                                            
     4.106047195             51,286      context-switches                                            
     4.206180320             44,422      context-switches                                            
     4.306315835             54,685      context-switches                                            
     4.406458960             47,789      context-switches                                            
     4.506596685             50,271      context-switches                                            
     4.606742059             48,254      context-switches                                            
     4.706883385             50,679      context-switches                                            
     4.807013100             53,498      context-switches                                            
     4.907159727             49,344      context-switches                                            
     5.007291424             44,450      context-switches                                            
#           time             counts unit events
     5.107428681             47,798      context-switches                                            
     5.207581758             53,490      context-switches                                            
     5.307718375             46,710      context-switches                                            
     5.407869241             45,609      context-switches                                            
     5.508026858             40,385      context-switches                                            
     5.608198765             42,229      context-switches                                            
     5.708397631             46,565      context-switches                                            
     5.808551788             35,444      context-switches                                            
     5.908688557             36,980      context-switches                                            
     6.008826666             34,220      context-switches                                            
     6.108983914             30,491      context-switches                                            
     6.209129603             40,259      context-switches                                            
     6.309261543             44,797      context-switches                                            
     6.409399772             37,537      context-switches                                            
     6.509533311             43,800      context-switches                                            
     6.609681510             48,213      context-switches                                            
     6.709815469             44,285      context-switches                                            
     6.809960618             45,651      context-switches                                            
     6.910115829             42,054      context-switches                                            
     7.010330718             41,924      context-switches                                            
     7.110523809             46,988      context-switches                                            
     7.210655689             42,177      context-switches                                            
     7.310789931             48,893      context-switches                                            
     7.410920992             47,522      context-switches                                            
     7.511077422             43,040      context-switches                                            
#           time             counts unit events
     7.611215434             40,893      context-switches                                            
     7.711296266             45,588      context-switches                                            
     7.811446637             41,451      context-switches                                            
     7.911641239             43,772      context-switches                                            
     8.011869490             47,504      context-switches                                            
     8.112045143             44,377      context-switches                                            
     8.212212736             44,832      context-switches                                            
     8.312355398             41,267      context-switches                                            
     8.412482712             46,339      context-switches                                            
     8.512617035             50,651      context-switches                                            
     8.612764147             41,831      context-switches                                            
     8.712924530             36,196      context-switches                                            
     8.813084843             38,870      context-switches                                            
     8.913236238             42,091      context-switches                                            
     9.013381553             45,040      context-switches                                            
     9.113496608             48,985      context-switches                                            
     9.213639043             48,630      context-switches                                            
     9.313778719             44,049      context-switches                                            
     9.413911414             44,579      context-switches                                            
     9.514059399             36,827      context-switches                                            
     9.614211543             31,380      context-switches                                            
     9.714353908             39,610      context-switches                                            
     9.814537203             44,029      context-switches                                            
     9.914679800             32,959      context-switches                                            
    10.000736745             28,950      context-switches                                            
