# started on Wed Nov  6 00:51:22 2019

#           time             counts unit events
     0.100819654                345      context-switches                                            
     0.201486905                278      context-switches                                            
     0.302054768                390      context-switches                                            
     0.402638940                160      context-switches                                            
     0.503245427                208      context-switches                                            
     0.603811304                178      context-switches                                            
     0.704385445                161      context-switches                                            
     0.804820200                233      context-switches                                            
     0.905272294                213      context-switches                                            
     1.005715202                260      context-switches                                            
     1.106297350                203      context-switches                                            
     1.206794558                433      context-switches                                            
     1.307342895                401      context-switches                                            
     1.407917019                151      context-switches                                            
     1.508212091              1,233      context-switches                                            
     1.608564327              2,798      context-switches                                            
     1.708853602              2,000      context-switches                                            
     1.809261654              4,263      context-switches                                            
     1.909867867                143      context-switches                                            
     2.010270119                214      context-switches                                            
     2.110757054                166      context-switches                                            
     2.211362747                296      context-switches                                            
     2.311919653                394      context-switches                                            
     2.412517120                192      context-switches                                            
     2.513083096                242      context-switches                                            
#           time             counts unit events
     2.613649311                170      context-switches                                            
     2.714247945                197      context-switches                                            
     2.814779216                281      context-switches                                            
     2.915310512                161      context-switches                                            
     3.015864295                220      context-switches                                            
     3.116488429                173      context-switches                                            
     3.217055015                324      context-switches                                            
     3.317606340                421      context-switches                                            
     3.418222869                130      context-switches                                            
     3.518815506                182      context-switches                                            
     3.619361021                144      context-switches                                            
     3.719886693                217      context-switches                                            
     3.820518152                223      context-switches                                            
     3.921149630                145      context-switches                                            
     4.021833193                235      context-switches                                            
     4.122438417                168      context-switches                                            
     4.223037515                278      context-switches                                            
     4.323555884                383      context-switches                                            
     4.424053177                168      context-switches                                            
     4.524626668                178      context-switches                                            
     4.625240220                200      context-switches                                            
     4.725892969                194      context-switches                                            
     4.826511775                209      context-switches                                            
     4.927042643                205      context-switches                                            
     5.027197926              2,234      context-switches                                            
#           time             counts unit events
     5.127487850              2,919      context-switches                                            
     5.227637968              5,300      context-switches                                            
     5.328212283              8,301      context-switches                                            
     5.428480542              3,499      context-switches                                            
     5.529111576              2,253      context-switches                                            
     5.629430876              1,941      context-switches                                            
     5.729610624              4,442      context-switches                                            
     5.829837798              1,251      context-switches                                            
     5.930441447              1,837      context-switches                                            
     6.030871222              1,914      context-switches                                            
     6.131482626              1,784      context-switches                                            
     6.231920909              1,300      context-switches                                            
     6.332557688              2,002      context-switches                                            
     6.433048565              1,249      context-switches                                            
     6.533223034              8,001      context-switches                                            
     6.633499964              1,847      context-switches                                            
     6.734156988              1,781      context-switches                                            
     6.834455214              1,199      context-switches                                            
     6.934827186              3,762      context-switches                                            
     7.035285532              3,259      context-switches                                            
     7.135849060                952      context-switches                                            
     7.236222638              2,042      context-switches                                            
     7.336562141              2,248      context-switches                                            
     7.436879671              4,827      context-switches                                            
     7.537398901              1,483      context-switches                                            
#           time             counts unit events
     7.637611162              4,437      context-switches                                            
     7.737844822              2,269      context-switches                                            
     7.838080554              8,009      context-switches                                            
     7.938685292              1,164      context-switches                                            
     8.038991088              1,827      context-switches                                            
     8.139546274              1,617      context-switches                                            
     8.240020029              1,232      context-switches                                            
     8.340693548              1,858      context-switches                                            
     8.441077199              1,287      context-switches                                            
     8.541369395              4,042      context-switches                                            
     8.641753481              2,640      context-switches                                            
     8.742391444              1,046      context-switches                                            
     8.842778313              1,903      context-switches                                            
     8.943366215              1,733      context-switches                                            
     9.043725602              1,402      context-switches                                            
     9.144017963              1,916      context-switches                                            
     9.244141221              4,831      context-switches                                            
     9.344687776              1,468      context-switches                                            
     9.445040741              1,577      context-switches                                            
     9.545520924              1,944      context-switches                                            
     9.645951175              1,811      context-switches                                            
     9.746408467              5,200      context-switches                                            
     9.846805107                765      context-switches                                            
     9.947049620              2,185      context-switches                                            
    10.001184194                961      context-switches                                            
