# started on Tue Nov 12 12:10:10 2019

#           time             counts unit events
     0.100144051             42,105      context-switches                                            
     0.200269400             43,667      context-switches                                            
     0.300529320             41,262      context-switches                                            
     0.400637727             41,070      context-switches                                            
     0.500888858             39,571      context-switches                                            
     0.600996972             42,676      context-switches                                            
     0.701116211             39,370      context-switches                                            
     0.801287744             42,501      context-switches                                            
     0.901599469             45,410      context-switches                                            
     1.001802096             42,144      context-switches                                            
     1.102026394             39,185      context-switches                                            
     1.202224970             42,906      context-switches                                            
     1.302361227             44,017      context-switches                                            
     1.402473061             44,509      context-switches                                            
     1.502612240             41,516      context-switches                                            
     1.602839595             41,636      context-switches                                            
     1.703056309             41,867      context-switches                                            
     1.803122264             41,097      context-switches                                            
     1.903242405             44,723      context-switches                                            
     2.003356949             41,454      context-switches                                            
     2.103474171             40,734      context-switches                                            
     2.203591150             38,596      context-switches                                            
     2.303763210             40,592      context-switches                                            
     2.403882490             42,445      context-switches                                            
     2.504077409             40,540      context-switches                                            
#           time             counts unit events
     2.604204992             43,493      context-switches                                            
     2.704377475             42,501      context-switches                                            
     2.804545862             41,804      context-switches                                            
     2.904650001             43,576      context-switches                                            
     3.004882696             39,167      context-switches                                            
     3.105006379             42,527      context-switches                                            
     3.205288081             42,351      context-switches                                            
     3.305419856             43,883      context-switches                                            
     3.405566012             42,770      context-switches                                            
     3.505852132             38,906      context-switches                                            
     3.606074799             40,729      context-switches                                            
     3.706252061             39,680      context-switches                                            
     3.806366664             42,438      context-switches                                            
     3.906535900             35,244      context-switches                                            
     4.006655591             35,889      context-switches                                            
     4.106771633             35,805      context-switches                                            
     4.206935052             38,004      context-switches                                            
     4.307072082             39,184      context-switches                                            
     4.407189812             34,678      context-switches                                            
     4.507313008             35,868      context-switches                                            
     4.607477768             38,126      context-switches                                            
     4.707623712             37,411      context-switches                                            
     4.807744978             34,937      context-switches                                            
     4.907857282             36,328      context-switches                                            
     5.007980610             35,470      context-switches                                            
#           time             counts unit events
     5.108102164             37,205      context-switches                                            
     5.208216455             35,013      context-switches                                            
     5.308334104             33,927      context-switches                                            
     5.408569451             32,942      context-switches                                            
     5.508703702             37,528      context-switches                                            
     5.608902226             37,831      context-switches                                            
     5.709029049             37,117      context-switches                                            
     5.809141941             40,769      context-switches                                            
     5.909309339             34,924      context-switches                                            
     6.009422331             36,486      context-switches                                            
     6.109541805             32,251      context-switches                                            
     6.209661420             34,049      context-switches                                            
     6.309781345             33,180      context-switches                                            
     6.409895828             40,193      context-switches                                            
     6.510013077             36,504      context-switches                                            
     6.610157402             39,109      context-switches                                            
     6.710273281             36,637      context-switches                                            
     6.810396319             33,389      context-switches                                            
     6.910510964             36,845      context-switches                                            
     7.010629035             40,233      context-switches                                            
     7.110750430             39,050      context-switches                                            
     7.210863736             35,440      context-switches                                            
     7.311073084             37,461      context-switches                                            
     7.411239929             39,130      context-switches                                            
     7.511351681             39,933      context-switches                                            
#           time             counts unit events
     7.611506349             37,458      context-switches                                            
     7.711622735             34,667      context-switches                                            
     7.811829993             33,149      context-switches                                            
     7.912109749             40,096      context-switches                                            
     8.012240017             38,483      context-switches                                            
     8.112364024             37,296      context-switches                                            
     8.212477146             40,013      context-switches                                            
     8.312643492             37,929      context-switches                                            
     8.412754964             38,059      context-switches                                            
     8.512867673             36,512      context-switches                                            
     8.613249274             36,907      context-switches                                            
     8.713363627             37,659      context-switches                                            
     8.813474457             38,739      context-switches                                            
     8.913584781             39,919      context-switches                                            
     9.013761890             41,161      context-switches                                            
     9.113867874             43,048      context-switches                                            
     9.213984406             42,557      context-switches                                            
     9.314101456             43,494      context-switches                                            
     9.414265931             39,742      context-switches                                            
     9.514378207             40,988      context-switches                                            
     9.614597289             41,886      context-switches                                            
     9.714815459             42,289      context-switches                                            
     9.815091504             40,545      context-switches                                            
     9.915360505             40,816      context-switches                                            
    10.000686125             35,115      context-switches                                            
