# started on Tue Nov  5 20:44:31 2019

#           time             counts unit events
     0.100613164                658      context-switches                                            
     0.201284565                236      context-switches                                            
     0.301915564                190      context-switches                                            
     0.402510073                173      context-switches                                            
     0.503045205                237      context-switches                                            
     0.603585152                608      context-switches                                            
     0.704092752                225      context-switches                                            
     0.804643444                222      context-switches                                            
     0.905268133                183      context-switches                                            
     1.005798786                259      context-switches                                            
     1.106457915                477      context-switches                                            
     1.207130651                236      context-switches                                            
     1.307703536                142      context-switches                                            
     1.408337904                156      context-switches                                            
     1.508899112                247      context-switches                                            
     1.609329738                591      context-switches                                            
     1.709774390                200      context-switches                                            
     1.810415305                318      context-switches                                            
     1.910930459                217      context-switches                                            
     2.011587381                356      context-switches                                            
     2.112212763                390      context-switches                                            
     2.212823678                179      context-switches                                            
     2.313360406                175      context-switches                                            
     2.414009027                200      context-switches                                            
     2.514649925                250      context-switches                                            
#           time             counts unit events
     2.615157177                588      context-switches                                            
     2.715645892                242      context-switches                                            
     2.816278396                154      context-switches                                            
     2.916801875                193      context-switches                                            
     3.017449277                236      context-switches                                            
     3.118130283                384      context-switches                                            
     3.218621726                180      context-switches                                            
     3.319191266                245      context-switches                                            
     3.419802617                141      context-switches                                            
     3.520415997                225      context-switches                                            
     3.621087740                596      context-switches                                            
     3.721747132                210      context-switches                                            
     3.822342904                168      context-switches                                            
     3.922916969                249      context-switches                                            
     4.023514460                186      context-switches                                            
     4.124090143                356      context-switches                                            
     4.224621233                243      context-switches                                            
     4.325168837                147      context-switches                                            
     4.425824704                156      context-switches                                            
     4.526355512                268      context-switches                                            
     4.626986332                541      context-switches                                            
     4.727611329                188      context-switches                                            
     4.828262874                196      context-switches                                            
     4.928877916                177      context-switches                                            
     5.029094195              2,619      context-switches                                            
#           time             counts unit events
     5.129203150              4,985      context-switches                                            
     5.229493816             19,358      context-switches                                            
     5.329608535             31,617      context-switches                                            
     5.429977056             14,521      context-switches                                            
     5.530312389              9,643      context-switches                                            
     5.630800893              4,615      context-switches                                            
     5.731394931              3,304      context-switches                                            
     5.832004850              1,850      context-switches                                            
     5.932529047              2,410      context-switches                                            
     6.033050076              1,950      context-switches                                            
     6.133319036              1,658      context-switches                                            
     6.233626777              1,314      context-switches                                            
     6.334192412              1,629      context-switches                                            
     6.434800237              1,714      context-switches                                            
     6.535383989              1,930      context-switches                                            
     6.635865310              2,144      context-switches                                            
     6.736231454              1,476      context-switches                                            
     6.836869683              1,598      context-switches                                            
     6.937473235              1,811      context-switches                                            
     7.037628071              6,577      context-switches                                            
     7.138015298              4,006      context-switches                                            
     7.238422875              1,511      context-switches                                            
     7.338991863              1,264      context-switches                                            
     7.439528935              1,817      context-switches                                            
     7.540136731              1,892      context-switches                                            
#           time             counts unit events
     7.640489318              1,911      context-switches                                            
     7.741071050              1,652      context-switches                                            
     7.841602208              1,707      context-switches                                            
     7.942264896              1,811      context-switches                                            
     8.042843581              2,048      context-switches                                            
     8.143288210              1,633      context-switches                                            
     8.243683263              1,349      context-switches                                            
     8.344160155              1,627      context-switches                                            
     8.444851288              1,832      context-switches                                            
     8.545527089              1,908      context-switches                                            
     8.645954017              1,922      context-switches                                            
     8.746308694              1,670      context-switches                                            
     8.846877529              1,516      context-switches                                            
     8.947433382              1,688      context-switches                                            
     9.047862248              1,982      context-switches                                            
     9.148359973              1,715      context-switches                                            
     9.248650506              1,466      context-switches                                            
     9.349047449              2,357      context-switches                                            
     9.449571398              1,756      context-switches                                            
     9.550219873              1,877      context-switches                                            
     9.650679050              1,964      context-switches                                            
     9.750991028              1,459      context-switches                                            
     9.851419946              1,450      context-switches                                            
     9.951845505              1,856      context-switches                                            
    10.001001372                808      context-switches                                            
