# started on Thu Nov  7 01:48:48 2019

#           time             counts unit events
     0.100309269              2,088      context-switches                                            
     0.200675598              1,521      context-switches                                            
     0.300848028              3,334      context-switches                                            
     0.401243929              1,966      context-switches                                            
     0.501586953              5,206      context-switches                                            
     0.601698574              5,535      context-switches                                            
     0.702140002              3,695      context-switches                                            
     0.802398437              2,818      context-switches                                            
     0.902728597              6,973      context-switches                                            
     1.003165750              4,229      context-switches                                            
     1.103276861              3,316      context-switches                                            
     1.203717551              7,468      context-switches                                            
     1.303896490              1,175      context-switches                                            
     1.404033662              6,056      context-switches                                            
     1.504169652              4,433      context-switches                                            
     1.604477099              3,601      context-switches                                            
     1.704640868              5,085      context-switches                                            
     1.805184683              4,480      context-switches                                            
     1.905337937              8,738      context-switches                                            
     2.005535174              5,600      context-switches                                            
     2.105953982              5,831      context-switches                                            
     2.206368071              2,348      context-switches                                            
     2.306565817              7,104      context-switches                                            
     2.406871438              2,326      context-switches                                            
     2.507202583              4,841      context-switches                                            
#           time             counts unit events
     2.607485898              4,515      context-switches                                            
     2.707780645              4,968      context-switches                                            
     2.807962539              4,950      context-switches                                            
     2.908709989              4,598      context-switches                                            
     3.008905584              4,541      context-switches                                            
     3.109267428              5,728      context-switches                                            
     3.209395801              2,305      context-switches                                            
     3.309604045              5,351      context-switches                                            
     3.409859425              5,892      context-switches                                            
     3.510112752              4,374      context-switches                                            
     3.610242751              6,349      context-switches                                            
     3.710351784              8,186      context-switches                                            
     3.810918534              4,808      context-switches                                            
     3.911263461              4,763      context-switches                                            
     4.011726431              4,846      context-switches                                            
     4.111980014              4,507      context-switches                                            
     4.212250450              2,670      context-switches                                            
     4.312475192              4,858      context-switches                                            
     4.412683239              5,305      context-switches                                            
     4.513224062              3,124      context-switches                                            
     4.613592182              5,465      context-switches                                            
     4.713836389              5,416      context-switches                                            
     4.814375621              4,147      context-switches                                            
     4.914597574              4,758      context-switches                                            
     5.015070453              5,322      context-switches                                            
#           time             counts unit events
     5.115238228              3,522      context-switches                                            
     5.215517838              3,538      context-switches                                            
     5.316000554              7,183      context-switches                                            
     5.416290678              1,624      context-switches                                            
     5.516489853              5,058      context-switches                                            
     5.617002416              4,532      context-switches                                            
     5.717311733              4,871      context-switches                                            
     5.817561962              4,742      context-switches                                            
     5.918218321              4,824      context-switches                                            
     6.018389547              3,796      context-switches                                            
     6.118748670              6,339      context-switches                                            
     6.218854578              3,708      context-switches                                            
     6.318963529              3,397      context-switches                                            
     6.419074670              6,737      context-switches                                            
     6.519343563              2,133      context-switches                                            
     6.619528245              4,611      context-switches                                            
     6.719815978              5,843      context-switches                                            
     6.820179864              3,727      context-switches                                            
     6.920369496              3,484      context-switches                                            
     7.020907673              6,541      context-switches                                            
     7.121173629              3,740      context-switches                                            
     7.221477915              3,451      context-switches                                            
     7.321886899              6,861      context-switches                                            
     7.422021855              1,825      context-switches                                            
     7.522159600              5,595      context-switches                                            
#           time             counts unit events
     7.622428013              5,114      context-switches                                            
     7.722814185              3,746      context-switches                                            
     7.822974969              5,329      context-switches                                            
     7.923258350              4,609      context-switches                                            
     8.023487232              4,945      context-switches                                            
     8.123663753              4,694      context-switches                                            
     8.223872415              5,251      context-switches                                            
     8.324003553              2,164      context-switches                                            
     8.424090495              7,094      context-switches                                            
     8.524440283              1,992      context-switches                                            
     8.624568531              4,490      context-switches                                            
     8.724780527              5,096      context-switches                                            
     8.825092625              4,380      context-switches                                            
     8.925654485              4,744      context-switches                                            
     9.025819559              5,255      context-switches                                            
     9.126234429              4,497      context-switches                                            
     9.226504693              1,631      context-switches                                            
     9.326623679              7,420      context-switches                                            
     9.426939463              2,438      context-switches                                            
     9.527174244              4,932      context-switches                                            
     9.627353385              5,876      context-switches                                            
     9.727813535              3,677      context-switches                                            
     9.827988045              5,100      context-switches                                            
     9.928544685              5,041      context-switches                                            
    10.000770842              1,001      context-switches                                            
