# started on Wed Nov  6 02:00:21 2019

#           time             counts unit events
     0.100770183                379      context-switches                                            
     0.201458933                166      context-switches                                            
     0.302052168                216      context-switches                                            
     0.402637546                438      context-switches                                            
     0.503175166                204      context-switches                                            
     0.603780525                215      context-switches                                            
     0.704418936                176      context-switches                                            
     0.805017810                249      context-switches                                            
     0.905683971                540      context-switches                                            
     1.006291389                300      context-switches                                            
     1.106864719                237      context-switches                                            
     1.207355296                176      context-switches                                            
     1.307954298                232      context-switches                                            
     1.408572684                375      context-switches                                            
     1.509208941                218      context-switches                                            
     1.609704452                190      context-switches                                            
     1.710245296                145      context-switches                                            
     1.810840861                181      context-switches                                            
     1.911435087                202      context-switches                                            
     2.012097617                252      context-switches                                            
     2.112718688                289      context-switches                                            
     2.213331172                142      context-switches                                            
     2.313772654                342      context-switches                                            
     2.414222626                388      context-switches                                            
     2.514698115                251      context-switches                                            
#           time             counts unit events
     2.615266092                202      context-switches                                            
     2.715904346                181      context-switches                                            
     2.816474343                218      context-switches                                            
     2.917032668                199      context-switches                                            
     3.017683132                212      context-switches                                            
     3.118314731                150      context-switches                                            
     3.218888548                158      context-switches                                            
     3.319384477                201      context-switches                                            
     3.419735567                386      context-switches                                            
     3.520253953                302      context-switches                                            
     3.620797055                247      context-switches                                            
     3.721389444                150      context-switches                                            
     3.821999276                190      context-switches                                            
     3.922589467                164      context-switches                                            
     4.023221392                198      context-switches                                            
     4.123783482                203      context-switches                                            
     4.224406929                148      context-switches                                            
     4.325008157                229      context-switches                                            
     4.425694273                374      context-switches                                            
     4.526276885                243      context-switches                                            
     4.626871678                234      context-switches                                            
     4.727455047                200      context-switches                                            
     4.827962931                275      context-switches                                            
     4.928510855                167      context-switches                                            
     5.028799779              3,291      context-switches                                            
#           time             counts unit events
     5.129305691              3,531      context-switches                                            
     5.229511625              3,866      context-switches                                            
     5.329976958              3,003      context-switches                                            
     5.430274678              2,539      context-switches                                            
     5.530844039              2,018      context-switches                                            
     5.631146992              3,084      context-switches                                            
     5.731605483              3,499      context-switches                                            
     5.832194905              1,036      context-switches                                            
     5.932778454              1,631      context-switches                                            
     6.033209648              1,620      context-switches                                            
     6.133810652              1,133      context-switches                                            
     6.234297131              1,553      context-switches                                            
     6.334843745              1,026      context-switches                                            
     6.435143330              1,837      context-switches                                            
     6.535633988              1,021      context-switches                                            
     6.635995341              2,043      context-switches                                            
     6.736581212                980      context-switches                                            
     6.836873846              1,629      context-switches                                            
     6.937318215              1,046      context-switches                                            
     7.037742150              2,754      context-switches                                            
     7.137910480              3,897      context-switches                                            
     7.238479845              1,286      context-switches                                            
     7.338975258              1,281      context-switches                                            
     7.439510271              2,339      context-switches                                            
     7.540070094              1,075      context-switches                                            
#           time             counts unit events
     7.640287080              3,411      context-switches                                            
     7.740519763              9,163      context-switches                                            
     7.840695391              5,214      context-switches                                            
     7.940959419              2,116      context-switches                                            
     8.041297058              3,480      context-switches                                            
     8.141565169              5,446      context-switches                                            
     8.242053530              3,377      context-switches                                            
     8.342339650              2,516      context-switches                                            
     8.442926298              2,326      context-switches                                            
     8.543346729              1,475      context-switches                                            
     8.643530283              5,153      context-switches                                            
     8.743958237                757      context-switches                                            
     8.844623786              1,861      context-switches                                            
     8.944964833              1,671      context-switches                                            
     9.045176213              3,528      context-switches                                            
     9.145502173              3,308      context-switches                                            
     9.246072597                845      context-switches                                            
     9.346421409              1,686      context-switches                                            
     9.446752064              1,927      context-switches                                            
     9.546917557              4,384      context-switches                                            
     9.647455779              1,236      context-switches                                            
     9.747891821              1,106      context-switches                                            
     9.848527158              1,975      context-switches                                            
     9.948897789              1,055      context-switches                                            
    10.000725890              1,508      context-switches                                            
