# started on Tue Nov  5 22:09:03 2019

#           time             counts unit events
     0.100806393                369      context-switches                                            
     0.201438415                538      context-switches                                            
     0.302036463                428      context-switches                                            
     0.402633770                397      context-switches                                            
     0.503195061                165      context-switches                                            
     0.603673867                234      context-switches                                            
     0.704270913                218      context-switches                                            
     0.804692808                240      context-switches                                            
     0.905233349                169      context-switches                                            
     1.005723476                199      context-switches                                            
     1.106066544                197      context-switches                                            
     1.206502673                530      context-switches                                            
     1.307030845                299      context-switches                                            
     1.407624115                362      context-switches                                            
     1.508169721                174      context-switches                                            
     1.608633615                286      context-switches                                            
     1.709103512                199      context-switches                                            
     1.809666926                204      context-switches                                            
     1.910266661                169      context-switches                                            
     2.010769393                188      context-switches                                            
     2.111359298                130      context-switches                                            
     2.211859490                566      context-switches                                            
     2.312426736                305      context-switches                                            
     2.413061189                323      context-switches                                            
     2.513693734                186      context-switches                                            
#           time             counts unit events
     2.614251642                182      context-switches                                            
     2.714717183                212      context-switches                                            
     2.815231880                278      context-switches                                            
     2.915802580                167      context-switches                                            
     3.016324495                198      context-switches                                            
     3.116929568                174      context-switches                                            
     3.217435227                553      context-switches                                            
     3.318096760                326      context-switches                                            
     3.418692429                344      context-switches                                            
     3.519260194                155      context-switches                                            
     3.619712072                219      context-switches                                            
     3.720126599                217      context-switches                                            
     3.820648145                226      context-switches                                            
     3.921247987                195      context-switches                                            
     4.021875645                231      context-switches                                            
     4.122509667                128      context-switches                                            
     4.222966227                528      context-switches                                            
     4.323210499                388      context-switches                                            
     4.423817205                248      context-switches                                            
     4.524394472                159      context-switches                                            
     4.625032751                218      context-switches                                            
     4.725656073                188      context-switches                                            
     4.826267079                249      context-switches                                            
     4.926852054                207      context-switches                                            
     5.026997294              7,035      context-switches                                            
#           time             counts unit events
     5.127222324             35,564      context-switches                                            
     5.227395882             36,855      context-switches                                            
     5.327592777             37,364      context-switches                                            
     5.427708955             35,265      context-switches                                            
     5.527902900             36,545      context-switches                                            
     5.628009718             36,124      context-switches                                            
     5.728235459             38,147      context-switches                                            
     5.828345506             36,206      context-switches                                            
     5.928562595             38,752      context-switches                                            
     6.028738171             35,000      context-switches                                            
     6.128972264             38,769      context-switches                                            
     6.229110087             36,007      context-switches                                            
     6.329326593             37,776      context-switches                                            
     6.429520084             35,948      context-switches                                            
     6.529824768             37,987      context-switches                                            
     6.630127633             36,610      context-switches                                            
     6.730392156             38,208      context-switches                                            
     6.830580579             34,301      context-switches                                            
     6.930874043             38,871      context-switches                                            
     7.031103160             36,014      context-switches                                            
     7.131327068             39,039      context-switches                                            
     7.231648228             36,411      context-switches                                            
     7.331754694             39,237      context-switches                                            
     7.432019367             36,929      context-switches                                            
     7.532239373             37,907      context-switches                                            
#           time             counts unit events
     7.632528572             35,899      context-switches                                            
     7.732766111             36,653      context-switches                                            
     7.832952569             34,945      context-switches                                            
     7.933164531             36,772      context-switches                                            
     8.033431206             36,763      context-switches                                            
     8.133566519             37,723      context-switches                                            
     8.233737892             37,313      context-switches                                            
     8.333980952             37,905      context-switches                                            
     8.434264030             36,576      context-switches                                            
     8.534453539             38,647      context-switches                                            
     8.634737540             35,623      context-switches                                            
     8.735019797             37,799      context-switches                                            
     8.835185863             34,844      context-switches                                            
     8.935468275             38,050      context-switches                                            
     9.035651769             35,295      context-switches                                            
     9.135929618             37,804      context-switches                                            
     9.236210997             35,285      context-switches                                            
     9.336485881             37,997      context-switches                                            
     9.436756755             36,075      context-switches                                            
     9.537000370             38,688      context-switches                                            
     9.637249264             35,429      context-switches                                            
     9.737455438             38,865      context-switches                                            
     9.837749971             35,603      context-switches                                            
     9.937862852             38,809      context-switches                                            
    10.000649953             23,749      context-switches                                            
