# started on Wed Nov  6 02:20:36 2019

#           time             counts unit events
     0.100751802                585      context-switches                                            
     0.201379266                129      context-switches                                            
     0.301775371                249      context-switches                                            
     0.402280511                213      context-switches                                            
     0.502848711                397      context-switches                                            
     0.603456945                159      context-switches                                            
     0.704058238                178      context-switches                                            
     0.804601980                227      context-switches                                            
     0.905160129                204      context-switches                                            
     1.005762525                185      context-switches                                            
     1.106359810                292      context-switches                                            
     1.206964123                176      context-switches                                            
     1.307549056                279      context-switches                                            
     1.408154707                269      context-switches                                            
     1.508725757                442      context-switches                                            
     1.609299011                189      context-switches                                            
     1.709773574                194      context-switches                                            
     1.810272541                203      context-switches                                            
     1.910870258                193      context-switches                                            
     2.011268719                901      context-switches                                            
     2.111621372              1,355      context-switches                                            
     2.212157474                216      context-switches                                            
     2.312682893                334      context-switches                                            
     2.413316982              1,299      context-switches                                            
     2.513919039                402      context-switches                                            
#           time             counts unit events
     2.614388561                496      context-switches                                            
     2.714787235                438      context-switches                                            
     2.815233642              6,437      context-switches                                            
     2.915576105              1,232      context-switches                                            
     3.015963622              2,290      context-switches                                            
     3.116307003                206      context-switches                                            
     3.216809925              4,222      context-switches                                            
     3.317329501                272      context-switches                                            
     3.417858476                274      context-switches                                            
     3.518501217                412      context-switches                                            
     3.619117612                511      context-switches                                            
     3.719751616                208      context-switches                                            
     3.820359868                212      context-switches                                            
     3.920895586                221      context-switches                                            
     4.021524797                211      context-switches                                            
     4.122188250                305      context-switches                                            
     4.222744442                211      context-switches                                            
     4.323265420                255      context-switches                                            
     4.423478235                327      context-switches                                            
     4.523936197                312      context-switches                                            
     4.624492407                177      context-switches                                            
     4.725058262                191      context-switches                                            
     4.825682042                189      context-switches                                            
     4.926171779                233      context-switches                                            
     5.026316298             10,740      context-switches                                            
#           time             counts unit events
     5.126422047             38,526      context-switches                                            
     5.226532576             36,247      context-switches                                            
     5.326713396             37,106      context-switches                                            
     5.426882984             37,072      context-switches                                            
     5.527069950             37,857      context-switches                                            
     5.627256211             36,460      context-switches                                            
     5.727460381             39,048      context-switches                                            
     5.827628173             33,606      context-switches                                            
     5.927850154             39,479      context-switches                                            
     6.028125158             33,425      context-switches                                            
     6.128326166             36,735      context-switches                                            
     6.228481860             31,599      context-switches                                            
     6.328679851             37,601      context-switches                                            
     6.428793550             36,587      context-switches                                            
     6.529001325             34,282      context-switches                                            
     6.629161613             31,874      context-switches                                            
     6.729412916             33,945      context-switches                                            
     6.829626682             35,656      context-switches                                            
     6.929816780             38,859      context-switches                                            
     7.030045959             37,048      context-switches                                            
     7.130347659             37,853      context-switches                                            
     7.230573501             35,642      context-switches                                            
     7.330817047             38,256      context-switches                                            
     7.431004458             35,964      context-switches                                            
     7.531279479             37,889      context-switches                                            
#           time             counts unit events
     7.631579789             36,433      context-switches                                            
     7.731802594             38,625      context-switches                                            
     7.832069493             36,011      context-switches                                            
     7.932250682             37,879      context-switches                                            
     8.032534384             37,163      context-switches                                            
     8.132765244             38,253      context-switches                                            
     8.232966919             35,998      context-switches                                            
     8.333198689             38,441      context-switches                                            
     8.433362112             35,907      context-switches                                            
     8.533578337             37,973      context-switches                                            
     8.633755766             35,447      context-switches                                            
     8.734016485             38,475      context-switches                                            
     8.834178958             36,787      context-switches                                            
     8.934445110             38,145      context-switches                                            
     9.034630622             37,242      context-switches                                            
     9.134905170             37,778      context-switches                                            
     9.235152902             36,551      context-switches                                            
     9.335386721             38,283      context-switches                                            
     9.435596541             36,384      context-switches                                            
     9.535869460             37,422      context-switches                                            
     9.635977220             37,052      context-switches                                            
     9.736175373             37,824      context-switches                                            
     9.836459748             34,722      context-switches                                            
     9.936613418             37,570      context-switches                                            
    10.000877682             24,081      context-switches                                            
