# started on Wed Nov  6 01:56:40 2019

#           time             counts unit events
     0.100772709                451      context-switches                                            
     0.201460478                377      context-switches                                            
     0.302060717                200      context-switches                                            
     0.402641401                230      context-switches                                            
     0.503187038                155      context-switches                                            
     0.603729967                233      context-switches                                            
     0.704297909                171      context-switches                                            
     0.804808670                250      context-switches                                            
     0.905306722                331      context-switches                                            
     1.005795926                153      context-switches                                            
     1.106286116                268      context-switches                                            
     1.206878475                375      context-switches                                            
     1.307483262                184      context-switches                                            
     1.408055116                197      context-switches                                            
     1.508629357                162      context-switches                                            
     1.609070091                251      context-switches                                            
     1.709657438                260      context-switches                                            
     1.810265310                244      context-switches                                            
     1.910855861                294      context-switches                                            
     2.011357534                176      context-switches                                            
     2.111948138                299      context-switches                                            
     2.212515998                320      context-switches                                            
     2.313121844                214      context-switches                                            
     2.413684223                195      context-switches                                            
     2.514286301                171      context-switches                                            
#           time             counts unit events
     2.614847886                206      context-switches                                            
     2.715355042                224      context-switches                                            
     2.815920742                179      context-switches                                            
     2.916433260                370      context-switches                                            
     3.016963463                182      context-switches                                            
     3.117563831                365      context-switches                                            
     3.218189086                391      context-switches                                            
     3.318766335                181      context-switches                                            
     3.419232155                213      context-switches                                            
     3.519775036                161      context-switches                                            
     3.620366457                236      context-switches                                            
     3.720751954                283      context-switches                                            
     3.821330438                243      context-switches                                            
     3.921924467                220      context-switches                                            
     4.022407919                175      context-switches                                            
     4.123016342                185      context-switches                                            
     4.223596664                351      context-switches                                            
     4.324184874                236      context-switches                                            
     4.424776352                237      context-switches                                            
     4.525399284                168      context-switches                                            
     4.626004931                191      context-switches                                            
     4.726607017                196      context-switches                                            
     4.827232929                238      context-switches                                            
     4.927820280                210      context-switches                                            
     5.028426333                224      context-switches                                            
#           time             counts unit events
     5.128997598                235      context-switches                                            
     5.229384348              2,286      context-switches                                            
     5.329836067              1,958      context-switches                                            
     5.430399582                170      context-switches                                            
     5.530898566                963      context-switches                                            
     5.631123088              3,123      context-switches                                            
     5.731651389              1,077      context-switches                                            
     5.832238824                193      context-switches                                            
     5.932532550              1,923      context-switches                                            
     6.033060491              3,145      context-switches                                            
     6.133617961                181      context-switches                                            
     6.234008796              1,664      context-switches                                            
     6.334413559              3,682      context-switches                                            
     6.434896568                156      context-switches                                            
     6.535451751              1,143      context-switches                                            
     6.635897087              4,092      context-switches                                            
     6.736429763                183      context-switches                                            
     6.836797603                383      context-switches                                            
     6.936951993              3,938      context-switches                                            
     7.037529254              1,386      context-switches                                            
     7.137899870                833      context-switches                                            
     7.238186454              1,489      context-switches                                            
     7.338642844              3,049      context-switches                                            
     7.439199957                175      context-switches                                            
     7.539551114              1,192      context-switches                                            
#           time             counts unit events
     7.640082150              3,855      context-switches                                            
     7.740573013                255      context-switches                                            
     7.840954888                836      context-switches                                            
     7.941164051              2,606      context-switches                                            
     8.041637109              2,021      context-switches                                            
     8.142273158                275      context-switches                                            
     8.242481202              3,046      context-switches                                            
     8.342981212              2,549      context-switches                                            
     8.443150771              1,137      context-switches                                            
     8.543541695              6,680      context-switches                                            
     8.644119904              3,661      context-switches                                            
     8.744687681                183      context-switches                                            
     8.845081216                908      context-switches                                            
     8.945424999              1,550      context-switches                                            
     9.045860650              2,867      context-switches                                            
     9.146468784                150      context-switches                                            
     9.246760696              1,858      context-switches                                            
     9.347240835              3,476      context-switches                                            
     9.447798979                188      context-switches                                            
     9.548215165              1,245      context-switches                                            
     9.648711605              3,801      context-switches                                            
     9.749244684                177      context-switches                                            
     9.849663126                490      context-switches                                            
     9.949896957              3,799      context-switches                                            
    10.000769358              1,141      context-switches                                            
