# started on Thu Nov  7 02:04:54 2019

#           time             counts unit events
     0.100258872             33,573      context-switches                                            
     0.200437140             36,931      context-switches                                            
     0.300619585             38,160      context-switches                                            
     0.400851425             35,956      context-switches                                            
     0.501020286             38,226      context-switches                                            
     0.601132210             36,655      context-switches                                            
     0.701254838             38,397      context-switches                                            
     0.801502705             36,527      context-switches                                            
     0.901794357             38,789      context-switches                                            
     1.002100742             35,716      context-switches                                            
     1.102380788             38,064      context-switches                                            
     1.202494592             36,146      context-switches                                            
     1.302706306             38,547      context-switches                                            
     1.402887388             36,036      context-switches                                            
     1.503042255             38,181      context-switches                                            
     1.603343019             36,807      context-switches                                            
     1.703557464             38,049      context-switches                                            
     1.803709335             35,267      context-switches                                            
     1.903922898             38,992      context-switches                                            
     2.004182477             35,736      context-switches                                            
     2.104427086             37,057      context-switches                                            
     2.204534252             36,563      context-switches                                            
     2.304773772             39,015      context-switches                                            
     2.405038941             37,504      context-switches                                            
     2.505271729             39,056      context-switches                                            
#           time             counts unit events
     2.605475516             36,836      context-switches                                            
     2.705701187             38,889      context-switches                                            
     2.805867890             36,172      context-switches                                            
     2.906081820             38,534      context-switches                                            
     3.006354537             36,675      context-switches                                            
     3.106642583             37,804      context-switches                                            
     3.206746894             37,041      context-switches                                            
     3.306854565             38,320      context-switches                                            
     3.407078074             36,291      context-switches                                            
     3.507243773             38,494      context-switches                                            
     3.607413278             37,751      context-switches                                            
     3.707600363             38,236      context-switches                                            
     3.807855747             36,541      context-switches                                            
     3.908056657             38,426      context-switches                                            
     4.008337452             37,652      context-switches                                            
     4.108528141             37,585      context-switches                                            
     4.208655822             36,051      context-switches                                            
     4.308761058             37,954      context-switches                                            
     4.409073572             36,594      context-switches                                            
     4.509215681             37,794      context-switches                                            
     4.609412660             37,809      context-switches                                            
     4.709598289             38,141      context-switches                                            
     4.809774151             37,675      context-switches                                            
     4.909976278             39,053      context-switches                                            
     5.010171905             36,851      context-switches                                            
#           time             counts unit events
     5.110331012             37,764      context-switches                                            
     5.210437352             37,614      context-switches                                            
     5.310572368             37,794      context-switches                                            
     5.410817898             37,603      context-switches                                            
     5.510926305             37,469      context-switches                                            
     5.611178355             37,329      context-switches                                            
     5.711287049             38,623      context-switches                                            
     5.811552461             37,332      context-switches                                            
     5.911662797             38,310      context-switches                                            
     6.011888759             38,648      context-switches                                            
     6.112000998             37,321      context-switches                                            
     6.212193521             38,202      context-switches                                            
     6.312303160             37,241      context-switches                                            
     6.412560963             38,503      context-switches                                            
     6.512673616             37,560      context-switches                                            
     6.612969228             38,315      context-switches                                            
     6.713169630             36,539      context-switches                                            
     6.813399476             36,715      context-switches                                            
     6.913644348             36,850      context-switches                                            
     7.013874280             38,812      context-switches                                            
     7.114141076             36,146      context-switches                                            
     7.214330946             38,262      context-switches                                            
     7.314528633             36,681      context-switches                                            
     7.414756667             38,513      context-switches                                            
     7.515000126             35,927      context-switches                                            
#           time             counts unit events
     7.615263644             38,474      context-switches                                            
     7.715513525             36,859      context-switches                                            
     7.815784304             38,806      context-switches                                            
     7.916005469             36,995      context-switches                                            
     8.016249299             38,350      context-switches                                            
     8.116454560             35,507      context-switches                                            
     8.216673271             37,812      context-switches                                            
     8.316894591             36,133      context-switches                                            
     8.417173204             38,088      context-switches                                            
     8.517304441             36,186      context-switches                                            
     8.617587861             38,524      context-switches                                            
     8.717864528             36,929      context-switches                                            
     8.817995681             38,778      context-switches                                            
     8.918296315             36,206      context-switches                                            
     9.018515794             38,041      context-switches                                            
     9.118741224             36,280      context-switches                                            
     9.218957136             37,884      context-switches                                            
     9.319192966             36,825      context-switches                                            
     9.419427992             39,662      context-switches                                            
     9.519680574             37,328      context-switches                                            
     9.619900770             38,132      context-switches                                            
     9.720066822             35,965      context-switches                                            
     9.820259405             37,685      context-switches                                            
     9.920532136             36,496      context-switches                                            
    10.000910700             31,153      context-switches                                            
