# started on Wed Nov  6 00:38:21 2019

#           time             counts unit events
     0.100865930                324      context-switches                                            
     0.201558718                180      context-switches                                            
     0.302191696                186      context-switches                                            
     0.402773055                246      context-switches                                            
     0.503346338                428      context-switches                                            
     0.603832082                203      context-switches                                            
     0.704401714                200      context-switches                                            
     0.804895918                180      context-switches                                            
     0.905523467                153      context-switches                                            
     1.006032039                291      context-switches                                            
     1.106682860                199      context-switches                                            
     1.207246581                201      context-switches                                            
     1.307835608                148      context-switches                                            
     1.408443152                198      context-switches                                            
     1.508976098                402      context-switches                                            
     1.609548176                222      context-switches                                            
     1.710171202                209      context-switches                                            
     1.810763524                138      context-switches                                            
     1.911294700                155      context-switches                                            
     2.011889552                333      context-switches                                            
     2.112524450                225      context-switches                                            
     2.213062188                246      context-switches                                            
     2.313970939                164      context-switches                                            
     2.414590778                318      context-switches                                            
     2.515220935                422      context-switches                                            
#           time             counts unit events
     2.615803378                184      context-switches                                            
     2.716256932                172      context-switches                                            
     2.816840441                165      context-switches                                            
     2.917480776                201      context-switches                                            
     3.018063243                239      context-switches                                            
     3.118654974                266      context-switches                                            
     3.219255729                147      context-switches                                            
     3.319925522                184      context-switches                                            
     3.420578786                181      context-switches                                            
     3.520975463                385      context-switches                                            
     3.621642566                263      context-switches                                            
     3.722244846                212      context-switches                                            
     3.822686148                156      context-switches                                            
     3.923259284                202      context-switches                                            
     4.023936716                180      context-switches                                            
     4.124585047                258      context-switches                                            
     4.225200316                156      context-switches                                            
     4.325832715                207      context-switches                                            
     4.426476321                221      context-switches                                            
     4.527023453                388      context-switches                                            
     4.627611370                229      context-switches                                            
     4.728250060                172      context-switches                                            
     4.828707866                202      context-switches                                            
     4.929252671                205      context-switches                                            
     5.029541151             24,595      context-switches                                            
#           time             counts unit events
     5.129763132             36,187      context-switches                                            
     5.229866712             38,466      context-switches                                            
     5.330069602             37,086      context-switches                                            
     5.430180142             37,788      context-switches                                            
     5.530452826             37,292      context-switches                                            
     5.630563460             37,485      context-switches                                            
     5.730865992             37,655      context-switches                                            
     5.830974564             37,571      context-switches                                            
     5.931192163             36,496      context-switches                                            
     6.031306820             36,901      context-switches                                            
     6.131508219             37,610      context-switches                                            
     6.231617249             36,558      context-switches                                            
     6.331865169             38,299      context-switches                                            
     6.431978641             36,788      context-switches                                            
     6.532129019             37,807      context-switches                                            
     6.632237938             37,273      context-switches                                            
     6.732483280             37,218      context-switches                                            
     6.832593580             35,150      context-switches                                            
     6.932827744             36,291      context-switches                                            
     7.033044026             37,156      context-switches                                            
     7.133292207             38,615      context-switches                                            
     7.233429102             36,618      context-switches                                            
     7.333599287             38,041      context-switches                                            
     7.433736852             36,488      context-switches                                            
     7.533984356             38,360      context-switches                                            
#           time             counts unit events
     7.634092387             38,007      context-switches                                            
     7.734314064             38,283      context-switches                                            
     7.834570417             36,484      context-switches                                            
     7.934794663             38,010      context-switches                                            
     8.035072137             37,240      context-switches                                            
     8.135355079             38,070      context-switches                                            
     8.235515845             36,715      context-switches                                            
     8.335738561             38,520      context-switches                                            
     8.435959551             36,097      context-switches                                            
     8.536151119             35,691      context-switches                                            
     8.636345992             36,551      context-switches                                            
     8.736512499             38,598      context-switches                                            
     8.836647206             36,571      context-switches                                            
     8.936806081             38,183      context-switches                                            
     9.036948528             36,863      context-switches                                            
     9.137189790             38,459      context-switches                                            
     9.237326453             36,693      context-switches                                            
     9.337574196             38,062      context-switches                                            
     9.437681489             36,055      context-switches                                            
     9.537870567             38,074      context-switches                                            
     9.638134619             36,275      context-switches                                            
     9.738325848             37,489      context-switches                                            
     9.838551485             36,833      context-switches                                            
     9.938705432             38,360      context-switches                                            
    10.000846199             21,490      context-switches                                            
