# started on Tue Nov  5 22:51:59 2019

#           time             counts unit events
     0.100827939                454      context-switches                                            
     0.201493924                244      context-switches                                            
     0.302109979                650      context-switches                                            
     0.402703610                224      context-switches                                            
     0.503219198                200      context-switches                                            
     0.603790614                271      context-switches                                            
     0.704400608                420      context-switches                                            
     0.805015288                212      context-switches                                            
     0.905549074                168      context-switches                                            
     1.006046224                201      context-switches                                            
     1.106629612                296      context-switches                                            
     1.207214436                273      context-switches                                            
     1.307704143                231      context-switches                                            
     1.408302429                170      context-switches                                            
     1.508930011                192      context-switches                                            
     1.609490528                315      context-switches                                            
     1.710089090                360      context-switches                                            
     1.810514741                196      context-switches                                            
     1.911009363                138      context-switches                                            
     2.011609679                248      context-switches                                            
     2.112177552                339      context-switches                                            
     2.212833767                227      context-switches                                            
     2.313409288                175      context-switches                                            
     2.414041461                189      context-switches                                            
     2.514507973                196      context-switches                                            
#           time             counts unit events
     2.615096681                319      context-switches                                            
     2.715685897                471      context-switches                                            
     2.816301249                188      context-switches                                            
     2.916911826                166      context-switches                                            
     3.017527294                162      context-switches                                            
     3.118105530                293      context-switches                                            
     3.218697853                275      context-switches                                            
     3.319200827                236      context-switches                                            
     3.419797726                210      context-switches                                            
     3.520352968                210      context-switches                                            
     3.621011798                386      context-switches                                            
     3.721614066                330      context-switches                                            
     3.822136340                180      context-switches                                            
     3.922619180                187      context-switches                                            
     4.023304029                173      context-switches                                            
     4.123942692                176      context-switches                                            
     4.224579561                278      context-switches                                            
     4.325076409                195      context-switches                                            
     4.425616613                186      context-switches                                            
     4.526107488                203      context-switches                                            
     4.626659128                229      context-switches                                            
     4.727261361                380      context-switches                                            
     4.827905796                278      context-switches                                            
     4.928324285                300      context-switches                                            
     5.028476057              5,399      context-switches                                            
#           time             counts unit events
     5.128645172             27,152      context-switches                                            
     5.228763178             36,221      context-switches                                            
     5.328873441             36,863      context-switches                                            
     5.428991971             36,683      context-switches                                            
     5.529115929             37,841      context-switches                                            
     5.629240323             37,728      context-switches                                            
     5.729354370             37,955      context-switches                                            
     5.829498067             36,922      context-switches                                            
     5.929755781             37,243      context-switches                                            
     6.029864899             37,031      context-switches                                            
     6.129999738             38,050      context-switches                                            
     6.230134931             36,886      context-switches                                            
     6.330239927             37,933      context-switches                                            
     6.430450307             36,255      context-switches                                            
     6.530626454             38,027      context-switches                                            
     6.630825287             34,857      context-switches                                            
     6.730994987             38,982      context-switches                                            
     6.831142173             35,963      context-switches                                            
     6.931376980             39,287      context-switches                                            
     7.031550126             35,771      context-switches                                            
     7.131745977             39,521      context-switches                                            
     7.231893581             36,007      context-switches                                            
     7.332155993             37,939      context-switches                                            
     7.432320375             35,512      context-switches                                            
     7.532485721             38,816      context-switches                                            
#           time             counts unit events
     7.632694963             36,324      context-switches                                            
     7.732924048             39,117      context-switches                                            
     7.833036092             36,969      context-switches                                            
     7.933148493             38,159      context-switches                                            
     8.033324672             37,013      context-switches                                            
     8.133581335             38,005      context-switches                                            
     8.233810821             36,899      context-switches                                            
     8.334005869             37,980      context-switches                                            
     8.434167270             37,047      context-switches                                            
     8.534383676             38,907      context-switches                                            
     8.634637516             35,835      context-switches                                            
     8.734752317             39,224      context-switches                                            
     8.834987783             36,662      context-switches                                            
     8.935127145             39,354      context-switches                                            
     9.035353462             36,621      context-switches                                            
     9.135529424             37,500      context-switches                                            
     9.235638941             36,461      context-switches                                            
     9.335798190             37,614      context-switches                                            
     9.435961295             36,997      context-switches                                            
     9.536076965             37,484      context-switches                                            
     9.636360653             35,294      context-switches                                            
     9.736470378             38,316      context-switches                                            
     9.836706905             36,312      context-switches                                            
     9.936980071             38,379      context-switches                                            
    10.000737208             22,478      context-switches                                            
