# started on Wed Nov  6 01:26:17 2019

#           time             counts unit events
     0.100690378                282      context-switches                                            
     0.201372236                212      context-switches                                            
     0.301932537                174      context-switches                                            
     0.402553291                172      context-switches                                            
     0.503058218                240      context-switches                                            
     0.603643699                188      context-switches                                            
     0.704293591                320      context-switches                                            
     0.804869488                182      context-switches                                            
     0.905482669                421      context-switches                                            
     1.005945338                343      context-switches                                            
     1.106474521                191      context-switches                                            
     1.206618745              3,609      context-switches                                            
     1.307182891              3,420      context-switches                                            
     1.407751878                219      context-switches                                            
     1.508375884                250      context-switches                                            
     1.608916133                171      context-switches                                            
     1.709487799                261      context-switches                                            
     1.810087351                156      context-switches                                            
     1.910631170                276      context-switches                                            
     2.011193956                416      context-switches                                            
     2.111753898                191      context-switches                                            
     2.212304285                280      context-switches                                            
     2.312891604                186      context-switches                                            
     2.413442530                187      context-switches                                            
     2.513994157                222      context-switches                                            
#           time             counts unit events
     2.614593934                170      context-switches                                            
     2.715194384                240      context-switches                                            
     2.815679638                166      context-switches                                            
     2.916287726                210      context-switches                                            
     3.016920423                414      context-switches                                            
     3.117533085                180      context-switches                                            
     3.218105762                210      context-switches                                            
     3.318706920                221      context-switches                                            
     3.419309010                157      context-switches                                            
     3.519925543                238      context-switches                                            
     3.620459977                185      context-switches                                            
     3.721004164                238      context-switches                                            
     3.821632761                197      context-switches                                            
     3.922240721                260      context-switches                                            
     4.022886301                428      context-switches                                            
     4.123501707                174      context-switches                                            
     4.224085531                232      context-switches                                            
     4.324750494                198      context-switches                                            
     4.425345162                139      context-switches                                            
     4.525907402                224      context-switches                                            
     4.626488535                171      context-switches                                            
     4.727094097                245      context-switches                                            
     4.827692658                174      context-switches                                            
     4.928145297                181      context-switches                                            
     5.028481135             23,553      context-switches                                            
#           time             counts unit events
     5.128647771             36,587      context-switches                                            
     5.228757077             37,750      context-switches                                            
     5.328948703             36,331      context-switches                                            
     5.429061346             37,928      context-switches                                            
     5.529262882             36,875      context-switches                                            
     5.629366882             38,327      context-switches                                            
     5.729547482             36,646      context-switches                                            
     5.829657851             38,120      context-switches                                            
     5.929871368             37,664      context-switches                                            
     6.030001464             37,212      context-switches                                            
     6.130162201             37,502      context-switches                                            
     6.230269136             37,759      context-switches                                            
     6.330593624             37,122      context-switches                                            
     6.430747344             36,235      context-switches                                            
     6.530974206             36,895      context-switches                                            
     6.631106099             36,932      context-switches                                            
     6.731389291             38,503      context-switches                                            
     6.831505878             35,436      context-switches                                            
     6.931714997             37,658      context-switches                                            
     7.031829492             37,127      context-switches                                            
     7.132057927             37,962      context-switches                                            
     7.232266410             36,875      context-switches                                            
     7.332478291             36,885      context-switches                                            
     7.432612512             37,314      context-switches                                            
     7.532827230             38,043      context-switches                                            
#           time             counts unit events
     7.633084639             36,316      context-switches                                            
     7.733305822             37,845      context-switches                                            
     7.833545989             37,126      context-switches                                            
     7.933742793             38,147      context-switches                                            
     8.033915790             36,735      context-switches                                            
     8.134135991             38,426      context-switches                                            
     8.234330914             36,821      context-switches                                            
     8.334544537             37,694      context-switches                                            
     8.434785135             36,563      context-switches                                            
     8.534975719             38,337      context-switches                                            
     8.635089914             36,135      context-switches                                            
     8.735209524             38,143      context-switches                                            
     8.835524750             35,771      context-switches                                            
     8.935666254             39,009      context-switches                                            
     9.035837585             34,907      context-switches                                            
     9.136048506             37,853      context-switches                                            
     9.236192264             36,632      context-switches                                            
     9.336403530             38,512      context-switches                                            
     9.436603020             36,346      context-switches                                            
     9.536889920             38,224      context-switches                                            
     9.637038016             36,106      context-switches                                            
     9.737308423             39,117      context-switches                                            
     9.837512115             36,603      context-switches                                            
     9.937807480             36,473      context-switches                                            
    10.000822566             23,179      context-switches                                            
