# started on Tue Nov  5 23:00:40 2019

#           time             counts unit events
     0.100781628                359      context-switches                                            
     0.201468291                172      context-switches                                            
     0.302021308                162      context-switches                                            
     0.402620752                255      context-switches                                            
     0.503242551                222      context-switches                                            
     0.603850459                459      context-switches                                            
     0.704293626                373      context-switches                                            
     0.804860324                196      context-switches                                            
     0.905486854                174      context-switches                                            
     1.006053110                216      context-switches                                            
     1.106641699                215      context-switches                                            
     1.207228093                339      context-switches                                            
     1.307837759                176      context-switches                                            
     1.408422433                279      context-switches                                            
     1.508857084                165      context-switches                                            
     1.609426893                269      context-switches                                            
     1.710055688                337      context-switches                                            
     1.810498140                276      context-switches                                            
     1.911084483                150      context-switches                                            
     2.011650958                230      context-switches                                            
     2.112229345                209      context-switches                                            
     2.212841914                194      context-switches                                            
     2.313402007                167      context-switches                                            
     2.414041410                353      context-switches                                            
     2.514595115                221      context-switches                                            
#           time             counts unit events
     2.614964625                395      context-switches                                            
     2.715376871                354      context-switches                                            
     2.815954185                152      context-switches                                            
     2.916356163                156      context-switches                                            
     3.016843366                213      context-switches                                            
     3.117393125                283      context-switches                                            
     3.217974603                190      context-switches                                            
     3.318549683                158      context-switches                                            
     3.418992726                275      context-switches                                            
     3.519615787                140      context-switches                                            
     3.620157886                267      context-switches                                            
     3.720519477                323      context-switches                                            
     3.821014267                222      context-switches                                            
     3.921635940                222      context-switches                                            
     4.022280854                194      context-switches                                            
     4.122710923                224      context-switches                                            
     4.223274133                174      context-switches                                            
     4.323869100                125      context-switches                                            
     4.424505107                246      context-switches                                            
     4.525148205                172      context-switches                                            
     4.625729793                331      context-switches                                            
     4.726149609                352      context-switches                                            
     4.826572081                146      context-switches                                            
     4.927057454                148      context-switches                                            
     5.027207845             25,567      context-switches                                            
#           time             counts unit events
     5.127394440             36,668      context-switches                                            
     5.227590922             35,617      context-switches                                            
     5.327834251             37,588      context-switches                                            
     5.428004070             35,979      context-switches                                            
     5.528265563             38,018      context-switches                                            
     5.628479644             36,295      context-switches                                            
     5.728734789             36,640      context-switches                                            
     5.828930555             35,968      context-switches                                            
     5.929064333             36,429      context-switches                                            
     6.029298604             37,168      context-switches                                            
     6.129531218             37,111      context-switches                                            
     6.229749614             37,113      context-switches                                            
     6.329958075             36,972      context-switches                                            
     6.430140019             36,813      context-switches                                            
     6.530351616             37,492      context-switches                                            
     6.630519476             36,475      context-switches                                            
     6.730749760             37,745      context-switches                                            
     6.830872506             36,749      context-switches                                            
     6.931106932             38,182      context-switches                                            
     7.031357248             36,430      context-switches                                            
     7.131469002             38,658      context-switches                                            
     7.231592104             35,740      context-switches                                            
     7.331779052             37,068      context-switches                                            
     7.432025616             36,095      context-switches                                            
     7.532216139             36,740      context-switches                                            
#           time             counts unit events
     7.632379155             36,320      context-switches                                            
     7.732625058             37,191      context-switches                                            
     7.832845315             36,564      context-switches                                            
     7.933108913             37,027      context-switches                                            
     8.033296978             36,864      context-switches                                            
     8.133419112             37,605      context-switches                                            
     8.233665102             35,951      context-switches                                            
     8.333865568             37,315      context-switches                                            
     8.434089552             35,055      context-switches                                            
     8.534314094             37,870      context-switches                                            
     8.634470161             34,800      context-switches                                            
     8.734666386             37,403      context-switches                                            
     8.834921570             36,803      context-switches                                            
     8.935157360             36,812      context-switches                                            
     9.035341058             36,830      context-switches                                            
     9.135555532             35,940      context-switches                                            
     9.235787893             36,265      context-switches                                            
     9.336034098             36,337      context-switches                                            
     9.436280428             36,888      context-switches                                            
     9.536417665             36,156      context-switches                                            
     9.636642248             36,263      context-switches                                            
     9.736848457             37,118      context-switches                                            
     9.837014547             35,872      context-switches                                            
     9.937294648             37,878      context-switches                                            
    10.000615386             22,413      context-switches                                            
