# started on Thu Nov  7 01:30:41 2019

#           time             counts unit events
     0.100485709              3,552      context-switches                                            
     0.200667580              5,545      context-switches                                            
     0.300879229             30,926      context-switches                                            
     0.401063692             31,647      context-switches                                            
     0.501289615             10,872      context-switches                                            
     0.601774138             19,987      context-switches                                            
     0.702237530              3,528      context-switches                                            
     0.802774735              7,985      context-switches                                            
     0.903259591              1,909      context-switches                                            
     1.003632513              4,896      context-switches                                            
     1.104176756              1,291      context-switches                                            
     1.204751559              2,821      context-switches                                            
     1.305243526              1,975      context-switches                                            
     1.405651572              2,041      context-switches                                            
     1.505951251              4,524      context-switches                                            
     1.606213561              4,128      context-switches                                            
     1.706365336              6,391      context-switches                                            
     1.806953688              1,745      context-switches                                            
     1.907580701              1,796      context-switches                                            
     2.007864544              1,766      context-switches                                            
     2.108292408              1,349      context-switches                                            
     2.208900628              1,703      context-switches                                            
     2.309526927              1,992      context-switches                                            
     2.409954671              1,908      context-switches                                            
     2.510499810              1,879      context-switches                                            
#           time             counts unit events
     2.610890825              1,315      context-switches                                            
     2.711514860              1,772      context-switches                                            
     2.812142213              2,117      context-switches                                            
     2.912745538              1,889      context-switches                                            
     3.013164378              1,957      context-switches                                            
     3.113485097              1,478      context-switches                                            
     3.213904251              1,863      context-switches                                            
     3.314479675              1,821      context-switches                                            
     3.415015611              1,948      context-switches                                            
     3.515452902              1,865      context-switches                                            
     3.615849407              1,616      context-switches                                            
     3.716431613              1,644      context-switches                                            
     3.817064928              2,094      context-switches                                            
     3.917615874              1,858      context-switches                                            
     4.017939582              1,932      context-switches                                            
     4.118251751              1,509      context-switches                                            
     4.218668859              1,693      context-switches                                            
     4.319091361              1,742      context-switches                                            
     4.419683594              2,009      context-switches                                            
     4.520261517              1,943      context-switches                                            
     4.620589495              1,512      context-switches                                            
     4.721072317              1,562      context-switches                                            
     4.821598184              2,022      context-switches                                            
     4.922237039              1,747      context-switches                                            
     5.022708713              1,965      context-switches                                            
#           time             counts unit events
     5.123009277              1,726      context-switches                                            
     5.223449110              1,391      context-switches                                            
     5.323974234              1,691      context-switches                                            
     5.424591766              1,814      context-switches                                            
     5.525204482              1,890      context-switches                                            
     5.625636889              1,719      context-switches                                            
     5.726002896              1,889      context-switches                                            
     5.826656892              1,633      context-switches                                            
     5.927001631              1,846      context-switches                                            
     6.027607125              1,882      context-switches                                            
     6.127994999              1,780      context-switches                                            
     6.228374949              1,429      context-switches                                            
     6.329008748              1,784      context-switches                                            
     6.429617402              2,024      context-switches                                            
     6.530012456              1,959      context-switches                                            
     6.630433145              1,691      context-switches                                            
     6.730863944              1,577      context-switches                                            
     6.831431339              1,956      context-switches                                            
     6.932007830              1,734      context-switches                                            
     7.032439793              1,905      context-switches                                            
     7.132871730              2,001      context-switches                                            
     7.233403504              1,293      context-switches                                            
     7.333779306              1,814      context-switches                                            
     7.434295642              1,773      context-switches                                            
     7.534903179              1,858      context-switches                                            
#           time             counts unit events
     7.635386248              1,890      context-switches                                            
     7.735836057              1,588      context-switches                                            
     7.836461631              1,802      context-switches                                            
     7.937010964              1,823      context-switches                                            
     8.037588222              1,785      context-switches                                            
     8.137891730              1,838      context-switches                                            
     8.238217331              2,106      context-switches                                            
     8.338591689              1,408      context-switches                                            
     8.439005144              2,066      context-switches                                            
     8.539524851              1,919      context-switches                                            
     8.640002925              7,928      context-switches                                            
     8.740290710              1,526      context-switches                                            
     8.840717513              2,073      context-switches                                            
     8.941345288              1,626      context-switches                                            
     9.041879637              1,930      context-switches                                            
     9.142266536              1,774      context-switches                                            
     9.242714483              1,844      context-switches                                            
     9.343121082              1,507      context-switches                                            
     9.443687167              1,844      context-switches                                            
     9.544282129              1,884      context-switches                                            
     9.644645713              1,992      context-switches                                            
     9.744961032              1,855      context-switches                                            
     9.845438908              1,520      context-switches                                            
     9.945827160              2,003      context-switches                                            
    10.001279208                841      context-switches                                            
