# started on Tue Nov  5 20:30:25 2019

#           time             counts unit events
     0.100800637                316      context-switches                                            
     0.201521889                246      context-switches                                            
     0.302066105                614      context-switches                                            
     0.402677181                405      context-switches                                            
     0.503230970                162      context-switches                                            
     0.603865714                250      context-switches                                            
     0.704490281                186      context-switches                                            
     0.805019853                233      context-switches                                            
     0.905637524                245      context-switches                                            
     1.006132710                175      context-switches                                            
     1.106710714                232      context-switches                                            
     1.207310651                243      context-switches                                            
     1.307888082                548      context-switches                                            
     1.408403451                402      context-switches                                            
     1.508991703                140      context-switches                                            
     1.609567490                180      context-switches                                            
     1.710092466                154      context-switches                                            
     1.810626957                268      context-switches                                            
     1.911154581                203      context-switches                                            
     2.011703526                155      context-switches                                            
     2.112178951                262      context-switches                                            
     2.212724912                159      context-switches                                            
     2.313339984                580      context-switches                                            
     2.413903938                410      context-switches                                            
     2.514496092                151      context-switches                                            
#           time             counts unit events
     2.614979804                294      context-switches                                            
     2.715543076                168      context-switches                                            
     2.816094731                255      context-switches                                            
     2.916550186                266      context-switches                                            
     3.017186793                204      context-switches                                            
     3.117707294                271      context-switches                                            
     3.218229520                270      context-switches                                            
     3.318384363              2,628      context-switches                                            
     3.418898255              4,878      context-switches                                            
     3.519540820                120      context-switches                                            
     3.620134589                230      context-switches                                            
     3.720744431                160      context-switches                                            
     3.821397829                255      context-switches                                            
     3.922033569                204      context-switches                                            
     4.022451938                212      context-switches                                            
     4.123018240                270      context-switches                                            
     4.223485372                459      context-switches                                            
     4.324087506                349      context-switches                                            
     4.424618334                439      context-switches                                            
     4.525202976                189      context-switches                                            
     4.625755960                249      context-switches                                            
     4.726365214                143      context-switches                                            
     4.826977695                358      context-switches                                            
     4.927602233                192      context-switches                                            
     5.027774210              2,631      context-switches                                            
#           time             counts unit events
     5.127956393              6,053      context-switches                                            
     5.228214235             36,847      context-switches                                            
     5.328395276             37,141      context-switches                                            
     5.428586345             37,517      context-switches                                            
     5.528831600             37,500      context-switches                                            
     5.629055850             36,710      context-switches                                            
     5.729255060             37,715      context-switches                                            
     5.829500944             37,450      context-switches                                            
     5.929799939             38,385      context-switches                                            
     6.029996301             37,243      context-switches                                            
     6.130166281             38,844      context-switches                                            
     6.230353602             37,981      context-switches                                            
     6.330577193             37,777      context-switches                                            
     6.430747882             37,074      context-switches                                            
     6.530986469             38,408      context-switches                                            
     6.631218212             37,397      context-switches                                            
     6.731451999             38,323      context-switches                                            
     6.831680924             38,417      context-switches                                            
     6.931902717             37,654      context-switches                                            
     7.032137039             37,782      context-switches                                            
     7.132336592             36,200      context-switches                                            
     7.232495373             37,913      context-switches                                            
     7.332659124             36,923      context-switches                                            
     7.432819283             38,713      context-switches                                            
     7.532936048             37,591      context-switches                                            
#           time             counts unit events
     7.633045349             36,934      context-switches                                            
     7.733208569             38,457      context-switches                                            
     7.833478555             37,454      context-switches                                            
     7.933589451             37,973      context-switches                                            
     8.033735307             37,211      context-switches                                            
     8.133831331             38,335      context-switches                                            
     8.234127381             37,576      context-switches                                            
     8.334372761             37,299      context-switches                                            
     8.434585168             38,084      context-switches                                            
     8.534776485             36,910      context-switches                                            
     8.634945738             38,920      context-switches                                            
     8.735181952             37,420      context-switches                                            
     8.835478833             38,033      context-switches                                            
     8.935689803             37,307      context-switches                                            
     9.035853262             38,155      context-switches                                            
     9.136102494             37,704      context-switches                                            
     9.236210721             37,812      context-switches                                            
     9.336424641             37,744      context-switches                                            
     9.436617642             38,078      context-switches                                            
     9.536804857             34,203      context-switches                                            
     9.636908753             37,691      context-switches                                            
     9.737129032             38,416      context-switches                                            
     9.837347781             37,280      context-switches                                            
     9.937540139             37,499      context-switches                                            
    10.000644032             23,393      context-switches                                            
