# started on Wed Nov  6 00:25:19 2019

#           time             counts unit events
     0.100737980                632      context-switches                                            
     0.201438969                146      context-switches                                            
     0.302040822                202      context-switches                                            
     0.402665416                178      context-switches                                            
     0.503180505                227      context-switches                                            
     0.603717380                223      context-switches                                            
     0.704212441                199      context-switches                                            
     0.804855921                207      context-switches                                            
     0.905431509                319      context-switches                                            
     1.006002714                240      context-switches                                            
     1.106561615                308      context-switches                                            
     1.207208070                143      context-switches                                            
     1.307843086                195      context-switches                                            
     1.408409855                151      context-switches                                            
     1.509034891                226      context-switches                                            
     1.609586666                237      context-switches                                            
     1.710230707                260      context-switches                                            
     1.810753814                349      context-switches                                            
     1.911420803                327      context-switches                                            
     2.011931950                251      context-switches                                            
     2.112528636                319      context-switches                                            
     2.213145749                153      context-switches                                            
     2.313755748                284      context-switches                                            
     2.414340838                150      context-switches                                            
     2.514842459                272      context-switches                                            
#           time             counts unit events
     2.615495809                205      context-switches                                            
     2.716131114                166      context-switches                                            
     2.816371082                287      context-switches                                            
     2.916950237                432      context-switches                                            
     3.017455163                225      context-switches                                            
     3.117912101                256      context-switches                                            
     3.218443614                170      context-switches                                            
     3.319007710                177      context-switches                                            
     3.419577010                210      context-switches                                            
     3.520191606                266      context-switches                                            
     3.620812110                257      context-switches                                            
     3.721341424                231      context-switches                                            
     3.821696851                391      context-switches                                            
     3.922105863                255      context-switches                                            
     4.022690352                249      context-switches                                            
     4.123353450                295      context-switches                                            
     4.224007799                122      context-switches                                            
     4.324662471                234      context-switches                                            
     4.425310532                234      context-switches                                            
     4.525792367                242      context-switches                                            
     4.626341236                208      context-switches                                            
     4.726775734                181      context-switches                                            
     4.827384528                343      context-switches                                            
     4.927978330                194      context-switches                                            
     5.028187127              2,659      context-switches                                            
#           time             counts unit events
     5.128294301              7,576      context-switches                                            
     5.228559754             37,515      context-switches                                            
     5.328821063             38,800      context-switches                                            
     5.429048455             37,689      context-switches                                            
     5.529241604             37,489      context-switches                                            
     5.629436076             36,767      context-switches                                            
     5.729692050             37,861      context-switches                                            
     5.829970921             37,465      context-switches                                            
     5.930207645             37,872      context-switches                                            
     6.030509897             36,833      context-switches                                            
     6.130620365             37,826      context-switches                                            
     6.230815499             37,514      context-switches                                            
     6.331000128             38,505      context-switches                                            
     6.431130116             37,181      context-switches                                            
     6.531296680             38,446      context-switches                                            
     6.631499646             37,965      context-switches                                            
     6.731692994             38,228      context-switches                                            
     6.831940829             35,945      context-switches                                            
     6.932232976             38,309      context-switches                                            
     7.032432214             37,309      context-switches                                            
     7.132673477             38,771      context-switches                                            
     7.232840591             37,601      context-switches                                            
     7.333070655             38,857      context-switches                                            
     7.433236657             38,252      context-switches                                            
     7.533433283             38,785      context-switches                                            
#           time             counts unit events
     7.633647987             37,021      context-switches                                            
     7.733842937             38,015      context-switches                                            
     7.834006312             37,480      context-switches                                            
     7.934169153             37,863      context-switches                                            
     8.034422913             37,661      context-switches                                            
     8.134555690             37,798      context-switches                                            
     8.234798075             36,347      context-switches                                            
     8.334910139             37,810      context-switches                                            
     8.435172300             37,946      context-switches                                            
     8.535292296             37,851      context-switches                                            
     8.635525759             37,971      context-switches                                            
     8.735631779             37,839      context-switches                                            
     8.835787464             37,097      context-switches                                            
     8.936012826             37,909      context-switches                                            
     9.036235831             37,817      context-switches                                            
     9.136453347             38,203      context-switches                                            
     9.236673925             38,135      context-switches                                            
     9.336937460             36,124      context-switches                                            
     9.437119056             37,950      context-switches                                            
     9.537378037             37,981      context-switches                                            
     9.637581640             38,702      context-switches                                            
     9.737811344             35,284      context-switches                                            
     9.838054040             38,377      context-switches                                            
     9.938219592             37,009      context-switches                                            
    10.000660356             24,255      context-switches                                            
