# started on Tue Nov 12 21:41:37 2019

#           time             counts unit events
     0.100240316             25,581      context-switches                                            
     0.200477631             26,758      context-switches                                            
     0.300685838             30,526      context-switches                                            
     0.400878185             16,991      context-switches                                            
     0.501093976             18,979      context-switches                                            
     0.601422172             15,093      context-switches                                            
     0.701852515             13,832      context-switches                                            
     0.802037115             21,911      context-switches                                            
     0.902197806             22,787      context-switches                                            
     1.002380411             20,620      context-switches                                            
     1.103041373             17,528      context-switches                                            
     1.203452894             14,152      context-switches                                            
     1.303708627             15,366      context-switches                                            
     1.403993666             15,776      context-switches                                            
     1.504470113             14,339      context-switches                                            
     1.605133001             14,845      context-switches                                            
     1.705488476             16,036      context-switches                                            
     1.805994906             17,824      context-switches                                            
     1.906371909             13,526      context-switches                                            
     2.006722390             14,635      context-switches                                            
     2.107328624             15,930      context-switches                                            
     2.207785029             14,432      context-switches                                            
     2.308041572             17,236      context-switches                                            
     2.408332872             17,778      context-switches                                            
     2.508502095             17,143      context-switches                                            
#           time             counts unit events
     2.609102657             17,740      context-switches                                            
     2.709298661             21,830      context-switches                                            
     2.809513696             26,310      context-switches                                            
     2.909667600             25,965      context-switches                                            
     3.009856659             23,879      context-switches                                            
     3.110041797             20,885      context-switches                                            
     3.210258701             17,298      context-switches                                            
     3.310536019             16,194      context-switches                                            
     3.411591916             13,118      context-switches                                            
     3.511845901             16,207      context-switches                                            
     3.612093324             17,705      context-switches                                            
     3.712339665             21,920      context-switches                                            
     3.812566034             18,062      context-switches                                            
     3.912894387             15,233      context-switches                                            
     4.013292419             17,663      context-switches                                            
     4.113558143             13,503      context-switches                                            
     4.214589358             26,229      context-switches                                            
     4.315252903             17,217      context-switches                                            
     4.415547056             21,193      context-switches                                            
     4.515971011             16,013      context-switches                                            
     4.616845712             20,762      context-switches                                            
     4.717083292             15,042      context-switches                                            
     4.817281178             18,935      context-switches                                            
     4.917540410             20,683      context-switches                                            
     5.018359174             16,665      context-switches                                            
#           time             counts unit events
     5.118635961             14,367      context-switches                                            
     5.219068773             13,011      context-switches                                            
     5.319456341             14,616      context-switches                                            
     5.419703940             14,677      context-switches                                            
     5.519948325             16,278      context-switches                                            
     5.620162776             18,700      context-switches                                            
     5.720422342             18,170      context-switches                                            
     5.820735080             19,770      context-switches                                            
     5.920926035             19,436      context-switches                                            
     6.021153465             19,907      context-switches                                            
     6.121429563             13,507      context-switches                                            
     6.222255132             14,389      context-switches                                            
     6.323272818             21,016      context-switches                                            
     6.423734476             15,224      context-switches                                            
     6.524142519             13,560      context-switches                                            
     6.624393392             18,752      context-switches                                            
     6.724720068             15,524      context-switches                                            
     6.824946486             20,962      context-switches                                            
     6.925277570             19,215      context-switches                                            
     7.025505606             18,140      context-switches                                            
     7.125720442             16,533      context-switches                                            
     7.226313567             12,884      context-switches                                            
     7.326612025             15,976      context-switches                                            
     7.426901706             16,618      context-switches                                            
     7.527234600             15,833      context-switches                                            
#           time             counts unit events
     7.627429233             17,027      context-switches                                            
     7.727711752             19,253      context-switches                                            
     7.827988699             22,986      context-switches                                            
     7.928336024             16,952      context-switches                                            
     8.028581065             16,765      context-switches                                            
     8.129111317             17,520      context-switches                                            
     8.229514799             20,128      context-switches                                            
     8.329866329             18,802      context-switches                                            
     8.430415168             13,060      context-switches                                            
     8.530704118             16,060      context-switches                                            
     8.630912300             17,240      context-switches                                            
     8.731135898             16,175      context-switches                                            
     8.831472404             20,889      context-switches                                            
     8.931797226             17,033      context-switches                                            
     9.032022588             20,524      context-switches                                            
     9.132280566             21,567      context-switches                                            
     9.233065503             15,528      context-switches                                            
     9.333574248             20,915      context-switches                                            
     9.434486100             19,732      context-switches                                            
     9.535439713             15,727      context-switches                                            
     9.635644277             19,681      context-switches                                            
     9.735820510             27,995      context-switches                                            
     9.836197676             18,623      context-switches                                            
     9.936430525             20,545      context-switches                                            
    10.001543698             13,839      context-switches                                            
