# started on Tue Nov  5 20:32:26 2019

#           time             counts unit events
     0.100649573                245      context-switches                                            
     0.201300449                175      context-switches                                            
     0.301896493                165      context-switches                                            
     0.402422237                500      context-switches                                            
     0.502987059                385      context-switches                                            
     0.603594063                185      context-switches                                            
     0.704141085                231      context-switches                                            
     0.804754027                183      context-switches                                            
     0.905283310                181      context-switches                                            
     1.005885372                231      context-switches                                            
     1.106473821                207      context-switches                                            
     1.207071817                265      context-switches                                            
     1.307660436                182      context-switches                                            
     1.408219491                492      context-switches                                            
     1.508766104                364      context-switches                                            
     1.609369017                205      context-switches                                            
     1.709859245                314      context-switches                                            
     1.810471247                206      context-switches                                            
     1.911141264                176      context-switches                                            
     2.011745722                302      context-switches                                            
     2.112269051                212      context-switches                                            
     2.212842224                280      context-switches                                            
     2.313450278                220      context-switches                                            
     2.414063788              6,947      context-switches                                            
     2.514690633                376      context-switches                                            
#           time             counts unit events
     2.615292911                150      context-switches                                            
     2.715874149                238      context-switches                                            
     2.816496273                148      context-switches                                            
     2.917070853                201      context-switches                                            
     3.017613316                274      context-switches                                            
     3.118226370                264      context-switches                                            
     3.218835771                238      context-switches                                            
     3.319429594                172      context-switches                                            
     3.419936763                581      context-switches                                            
     3.520491280                378      context-switches                                            
     3.621041951                204      context-switches                                            
     3.721634237                250      context-switches                                            
     3.822134775                268      context-switches                                            
     3.922676875                214      context-switches                                            
     4.023297280                216      context-switches                                            
     4.123737579                226      context-switches                                            
     4.224282982                230      context-switches                                            
     4.324899709                203      context-switches                                            
     4.425259412                504      context-switches                                            
     4.525874283                328      context-switches                                            
     4.626400074                158      context-switches                                            
     4.726968985                193      context-switches                                            
     4.827605265                367      context-switches                                            
     4.928029017                267      context-switches                                            
     5.028148385             15,624      context-switches                                            
#           time             counts unit events
     5.128315430             37,763      context-switches                                            
     5.228421656             37,863      context-switches                                            
     5.328618049             36,117      context-switches                                            
     5.428722548             36,988      context-switches                                            
     5.528932751             36,884      context-switches                                            
     5.629043373             36,240      context-switches                                            
     5.729261506             36,336      context-switches                                            
     5.829390583             36,643      context-switches                                            
     5.929641790             37,546      context-switches                                            
     6.029746492             36,100      context-switches                                            
     6.129967125             37,717      context-switches                                            
     6.230085661             35,391      context-switches                                            
     6.330224795             37,941      context-switches                                            
     6.430368735             37,073      context-switches                                            
     6.530481382             37,341      context-switches                                            
     6.630686917             35,726      context-switches                                            
     6.730959471             38,076      context-switches                                            
     6.831068317             36,269      context-switches                                            
     6.931241255             37,896      context-switches                                            
     7.031472344             36,765      context-switches                                            
     7.131661006             37,841      context-switches                                            
     7.231830152             35,543      context-switches                                            
     7.331940395             38,919      context-switches                                            
     7.432055775             36,919      context-switches                                            
     7.532193060             38,574      context-switches                                            
#           time             counts unit events
     7.632360420             36,044      context-switches                                            
     7.732522429             38,666      context-switches                                            
     7.832683656             36,602      context-switches                                            
     7.932896391             38,042      context-switches                                            
     8.033097300             36,240      context-switches                                            
     8.133209372             37,234      context-switches                                            
     8.233382115             36,694      context-switches                                            
     8.333602090             36,998      context-switches                                            
     8.433764120             37,067      context-switches                                            
     8.533978624             37,758      context-switches                                            
     8.634173184             36,554      context-switches                                            
     8.734356454             38,252      context-switches                                            
     8.834589674             36,157      context-switches                                            
     8.934806729             38,519      context-switches                                            
     9.035058513             35,362      context-switches                                            
     9.135194152             38,797      context-switches                                            
     9.235400765             35,528      context-switches                                            
     9.335611666             38,374      context-switches                                            
     9.435748359             36,182      context-switches                                            
     9.535930679             38,336      context-switches                                            
     9.636267956             33,842      context-switches                                            
     9.736415062             38,500      context-switches                                            
     9.836702533             35,569      context-switches                                            
     9.936909891             37,822      context-switches                                            
    10.000669448             23,213      context-switches                                            
