# started on Tue Nov  5 20:49:03 2019

#           time             counts unit events
     0.100552782              2,755      context-switches                                            
     0.200742896              6,538      context-switches                                            
     0.301250609              1,729      context-switches                                            
     0.401824082                164      context-switches                                            
     0.502317523                162      context-switches                                            
     0.602770228                225      context-switches                                            
     0.703215540                198      context-switches                                            
     0.803773993                284      context-switches                                            
     0.904313368                232      context-switches                                            
     1.004851217                296      context-switches                                            
     1.105430204                238      context-switches                                            
     1.205912088                273      context-switches                                            
     1.306515943                171      context-switches                                            
     1.406847932                181      context-switches                                            
     1.507414298                188      context-switches                                            
     1.607995075                204      context-switches                                            
     1.708598882                264      context-switches                                            
     1.809187887                322      context-switches                                            
     1.909792016                208      context-switches                                            
     2.010303760                476      context-switches                                            
     2.110903498                213      context-switches                                            
     2.211491546                148      context-switches                                            
     2.312080131                172      context-switches                                            
     2.412693674                222      context-switches                                            
     2.513245450                193      context-switches                                            
#           time             counts unit events
     2.613697622                187      context-switches                                            
     2.714251750                206      context-switches                                            
     2.814837631                285      context-switches                                            
     2.915150552                248      context-switches                                            
     3.015761823                275      context-switches                                            
     3.116359035                222      context-switches                                            
     3.216946081                104      context-switches                                            
     3.317585257                186      context-switches                                            
     3.418121840                202      context-switches                                            
     3.518653395                166      context-switches                                            
     3.619290195                215      context-switches                                            
     3.719839845                213      context-switches                                            
     3.820337036                308      context-switches                                            
     3.921021395                361      context-switches                                            
     4.021618144                178      context-switches                                            
     4.122182541                258      context-switches                                            
     4.222820405                160      context-switches                                            
     4.323481276                192      context-switches                                            
     4.423913172                213      context-switches                                            
     4.524444422                224      context-switches                                            
     4.625095247                240      context-switches                                            
     4.725708947                184      context-switches                                            
     4.826245915                388      context-switches                                            
     4.926591223              7,255      context-switches                                            
     5.026808819             30,001      context-switches                                            
#           time             counts unit events
     5.127060343             35,055      context-switches                                            
     5.227165360             39,262      context-switches                                            
     5.327502014             35,442      context-switches                                            
     5.427671832             38,276      context-switches                                            
     5.527813109             35,451      context-switches                                            
     5.627923539             38,417      context-switches                                            
     5.728175308             36,551      context-switches                                            
     5.828289202             38,269      context-switches                                            
     5.928428438             36,480      context-switches                                            
     6.028538363             38,132      context-switches                                            
     6.128721150             37,088      context-switches                                            
     6.228828474             37,722      context-switches                                            
     6.328940769             36,715      context-switches                                            
     6.429035490             37,120      context-switches                                            
     6.529147047             37,452      context-switches                                            
     6.629255896             37,381      context-switches                                            
     6.729421932             37,623      context-switches                                            
     6.829527475             37,069      context-switches                                            
     6.929695498             37,719      context-switches                                            
     7.029809041             37,351      context-switches                                            
     7.130008388             37,471      context-switches                                            
     7.230179258             36,547      context-switches                                            
     7.330418012             37,534      context-switches                                            
     7.430530246             36,124      context-switches                                            
     7.530776514             38,190      context-switches                                            
#           time             counts unit events
     7.630898367             37,106      context-switches                                            
     7.731130559             38,336      context-switches                                            
     7.831239005             36,171      context-switches                                            
     7.931548155             38,464      context-switches                                            
     8.031663198             35,783      context-switches                                            
     8.131916301             38,299      context-switches                                            
     8.232170142             34,596      context-switches                                            
     8.332285619             37,766      context-switches                                            
     8.432417909             36,212      context-switches                                            
     8.532522990             37,653      context-switches                                            
     8.632633216             36,832      context-switches                                            
     8.732797798             37,666      context-switches                                            
     8.833029618             36,438      context-switches                                            
     8.933165142             37,596      context-switches                                            
     9.033305906             36,566      context-switches                                            
     9.133465870             38,360      context-switches                                            
     9.233606996             37,124      context-switches                                            
     9.333817263             38,985      context-switches                                            
     9.434013009             36,603      context-switches                                            
     9.534186606             37,662      context-switches                                            
     9.634452367             35,975      context-switches                                            
     9.734652736             37,841      context-switches                                            
     9.834964910             35,553      context-switches                                            
     9.935209768             38,158      context-switches                                            
    10.000677973             24,592      context-switches                                            
