# started on Tue Nov 12 11:25:27 2019

#           time             counts unit events
     0.100185109             39,671      context-switches                                            
     0.200309017             39,524      context-switches                                            
     0.300443849             34,629      context-switches                                            
     0.400631523             40,639      context-switches                                            
     0.500742359             34,919      context-switches                                            
     0.600853237             39,356      context-switches                                            
     0.700957333             39,846      context-switches                                            
     0.801067373             38,200      context-switches                                            
     0.901235359             38,945      context-switches                                            
     1.001373746             35,571      context-switches                                            
     1.101481265             37,105      context-switches                                            
     1.201644548             40,844      context-switches                                            
     1.301762010             38,054      context-switches                                            
     1.401879381             40,765      context-switches                                            
     1.501994925             32,675      context-switches                                            
     1.602103853             37,668      context-switches                                            
     1.702302807             41,630      context-switches                                            
     1.802434272             39,172      context-switches                                            
     1.902542188             38,441      context-switches                                            
     2.002648361             36,497      context-switches                                            
     2.102761689             37,235      context-switches                                            
     2.202902143             38,228      context-switches                                            
     2.303004662             40,786      context-switches                                            
     2.403105500             37,996      context-switches                                            
     2.503206910             42,680      context-switches                                            
#           time             counts unit events
     2.603312550             39,068      context-switches                                            
     2.703420559             35,180      context-switches                                            
     2.803531337             33,776      context-switches                                            
     2.903638035             35,357      context-switches                                            
     3.003751950             38,962      context-switches                                            
     3.103909017             41,502      context-switches                                            
     3.204010634             35,615      context-switches                                            
     3.304194527             39,937      context-switches                                            
     3.404406315             34,529      context-switches                                            
     3.504706996             38,963      context-switches                                            
     3.604817928             41,605      context-switches                                            
     3.704993879             41,947      context-switches                                            
     3.805152324             39,734      context-switches                                            
     3.905257749             36,835      context-switches                                            
     4.005383288             37,252      context-switches                                            
     4.105502360             33,465      context-switches                                            
     4.205686036             38,094      context-switches                                            
     4.305797434             38,400      context-switches                                            
     4.405903916             37,893      context-switches                                            
     4.506007100             42,224      context-switches                                            
     4.606117137             41,004      context-switches                                            
     4.706226261             38,297      context-switches                                            
     4.806385713             33,480      context-switches                                            
     4.906523853             32,700      context-switches                                            
     5.006649866             35,381      context-switches                                            
#           time             counts unit events
     5.106850251             36,222      context-switches                                            
     5.206978598             37,470      context-switches                                            
     5.307096481             35,609      context-switches                                            
     5.407214085             34,432      context-switches                                            
     5.507379623             38,497      context-switches                                            
     5.607575485             36,052      context-switches                                            
     5.707729397             39,502      context-switches                                            
     5.807911710             40,428      context-switches                                            
     5.908014124             35,446      context-switches                                            
     6.008122770             40,233      context-switches                                            
     6.108241937             34,923      context-switches                                            
     6.208399069             30,750      context-switches                                            
     6.308510824             36,851      context-switches                                            
     6.408625837             34,547      context-switches                                            
     6.508739966             37,937      context-switches                                            
     6.608850678             32,152      context-switches                                            
     6.709066980             40,176      context-switches                                            
     6.809251482             36,445      context-switches                                            
     6.909383945             39,096      context-switches                                            
     7.009598871             42,633      context-switches                                            
     7.109701978             36,705      context-switches                                            
     7.209805790             38,974      context-switches                                            
     7.309971396             35,723      context-switches                                            
     7.410084511             37,123      context-switches                                            
     7.510195719             37,037      context-switches                                            
#           time             counts unit events
     7.610302058             40,300      context-switches                                            
     7.710409808             35,810      context-switches                                            
     7.810546008             37,680      context-switches                                            
     7.910664770             37,763      context-switches                                            
     8.010818219             33,423      context-switches                                            
     8.110963899             35,339      context-switches                                            
     8.211125401             38,878      context-switches                                            
     8.311241881             37,252      context-switches                                            
     8.411364502             35,003      context-switches                                            
     8.511477950             38,280      context-switches                                            
     8.611595155             35,164      context-switches                                            
     8.711820327             37,175      context-switches                                            
     8.811944070             33,602      context-switches                                            
     8.912058305             36,704      context-switches                                            
     9.012171163             33,194      context-switches                                            
     9.112329499             31,639      context-switches                                            
     9.212489962             37,575      context-switches                                            
     9.312604119             35,021      context-switches                                            
     9.412806872             35,630      context-switches                                            
     9.512916158             33,465      context-switches                                            
     9.613027177             34,736      context-switches                                            
     9.713155189             40,127      context-switches                                            
     9.813305362             36,675      context-switches                                            
     9.913461362             38,515      context-switches                                            
    10.000643191             30,875      context-switches                                            
