# started on Tue Nov  5 20:50:34 2019

#           time             counts unit events
     0.100854853                387      context-switches                                            
     0.201516631                198      context-switches                                            
     0.302107111                219      context-switches                                            
     0.402771235                175      context-switches                                            
     0.503386695                201      context-switches                                            
     0.603908804                353      context-switches                                            
     0.704361890                269      context-switches                                            
     0.804960981                231      context-switches                                            
     0.905514638                201      context-switches                                            
     1.006111195                180      context-switches                                            
     1.106706853                194      context-switches                                            
     1.207288380                262      context-switches                                            
     1.307818097                242      context-switches                                            
     1.408379075                193      context-switches                                            
     1.508937690                235      context-switches                                            
     1.609564110                356      context-switches                                            
     1.710173715                216      context-switches                                            
     1.810641853                198      context-switches                                            
     1.911175873                131      context-switches                                            
     2.011778661                204      context-switches                                            
     2.112391136                234      context-switches                                            
     2.213003842                285      context-switches                                            
     2.313623085                181      context-switches                                            
     2.414217000                164      context-switches                                            
     2.514806091                209      context-switches                                            
#           time             counts unit events
     2.615422675                327      context-switches                                            
     2.716046534                231      context-switches                                            
     2.816653881                168      context-switches                                            
     2.917297592                141      context-switches                                            
     3.017856068                187      context-switches                                            
     3.118407336                188      context-switches                                            
     3.219005110                265      context-switches                                            
     3.319590036                222      context-switches                                            
     3.420060375                194      context-switches                                            
     3.520514240                234      context-switches                                            
     3.621162591                394      context-switches                                            
     3.721706730                231      context-switches                                            
     3.822317999                169      context-switches                                            
     3.922923554                130      context-switches                                            
     4.023399797                195      context-switches                                            
     4.123892994                214      context-switches                                            
     4.224497748                341      context-switches                                            
     4.325115587                198      context-switches                                            
     4.425656819                210      context-switches                                            
     4.525808843              4,394      context-switches                                            
     4.626342540              3,010      context-switches                                            
     4.726967338                235      context-switches                                            
     4.827412566                156      context-switches                                            
     4.927910537                126      context-switches                                            
     5.028288423                895      context-switches                                            
#           time             counts unit events
     5.128511259              2,497      context-switches                                            
     5.228955008              1,982      context-switches                                            
     5.329284182              3,150      context-switches                                            
     5.429521235              4,490      context-switches                                            
     5.529728400              5,289      context-switches                                            
     5.630018588              2,538      context-switches                                            
     5.730371341              7,521      context-switches                                            
     5.830477966              2,384      context-switches                                            
     5.930697027              3,936      context-switches                                            
     6.030880329              5,225      context-switches                                            
     6.131209766              3,540      context-switches                                            
     6.231642880              4,526      context-switches                                            
     6.332212815              4,937      context-switches                                            
     6.432777284              4,591      context-switches                                            
     6.533032165              4,992      context-switches                                            
     6.633367580              2,133      context-switches                                            
     6.733842037              7,917      context-switches                                            
     6.833975632              1,993      context-switches                                            
     6.934149566              3,678      context-switches                                            
     7.034278722              6,029      context-switches                                            
     7.134709706              3,419      context-switches                                            
     7.234977331              4,917      context-switches                                            
     7.335120164              4,739      context-switches                                            
     7.435412086              4,421      context-switches                                            
     7.535697100              2,449      context-switches                                            
#           time             counts unit events
     7.636212928              7,362      context-switches                                            
     7.736430898              2,383      context-switches                                            
     7.836682672              3,924      context-switches                                            
     7.936896533              7,075      context-switches                                            
     8.037085127              2,216      context-switches                                            
     8.137354069              4,904      context-switches                                            
     8.237554258              5,408      context-switches                                            
     8.337918902              4,174      context-switches                                            
     8.438330144              4,719      context-switches                                            
     8.538872973              4,934      context-switches                                            
     8.639043546              3,422      context-switches                                            
     8.739208041              4,996      context-switches                                            
     8.839311288              4,838      context-switches                                            
     8.939502353              3,001      context-switches                                            
     9.039700403              6,479      context-switches                                            
     9.140075276              2,606      context-switches                                            
     9.240492660              4,812      context-switches                                            
     9.340669487              5,041      context-switches                                            
     9.441092408              4,537      context-switches                                            
     9.541368204              4,874      context-switches                                            
     9.641821010              5,212      context-switches                                            
     9.741954483              4,831      context-switches                                            
     9.842097046              2,585      context-switches                                            
     9.942272590              6,950      context-switches                                            
    10.001211982                639      context-switches                                            
