# started on Wed Nov  6 00:20:59 2019

#           time             counts unit events
     0.100802000                365      context-switches                                            
     0.201475800                200      context-switches                                            
     0.301981738                278      context-switches                                            
     0.402515399                462      context-switches                                            
     0.503032927                306      context-switches                                            
     0.603535049                358      context-switches                                            
     0.703981541                254      context-switches                                            
     0.804490021                235      context-switches                                            
     0.905033382                220      context-switches                                            
     1.005690082                200      context-switches                                            
     1.106229187                214      context-switches                                            
     1.206657576                193      context-switches                                            
     1.307246177                270      context-switches                                            
     1.407903643                399      context-switches                                            
     1.508533506                238      context-switches                                            
     1.609147687                180      context-switches                                            
     1.709689678                173      context-switches                                            
     1.810310660                171      context-switches                                            
     1.910811467                198      context-switches                                            
     2.011349741                258      context-switches                                            
     2.111892670                165      context-switches                                            
     2.212465715                245      context-switches                                            
     2.313074194                423      context-switches                                            
     2.413700253                560      context-switches                                            
     2.514374270                267      context-switches                                            
#           time             counts unit events
     2.614998366                190      context-switches                                            
     2.715638424                190      context-switches                                            
     2.816087528                270      context-switches                                            
     2.916681110                254      context-switches                                            
     3.017295705                252      context-switches                                            
     3.117890082                226      context-switches                                            
     3.218444186                188      context-switches                                            
     3.318964226                236      context-switches                                            
     3.419538863                525      context-switches                                            
     3.520159836                381      context-switches                                            
     3.620582803                223      context-switches                                            
     3.721048483                197      context-switches                                            
     3.821587768                141      context-switches                                            
     3.922096165                223      context-switches                                            
     4.022636735                231      context-switches                                            
     4.123247645                303      context-switches                                            
     4.223804442                325      context-switches                                            
     4.324331099                421      context-switches                                            
     4.424947062                428      context-switches                                            
     4.525517704                222      context-switches                                            
     4.626070749                439      context-switches                                            
     4.726731632                214      context-switches                                            
     4.827343712                152      context-switches                                            
     4.927944201                208      context-switches                                            
     5.028227774              2,993      context-switches                                            
#           time             counts unit events
     5.128594932              4,820      context-switches                                            
     5.228910589             17,680      context-switches                                            
     5.329079191             30,825      context-switches                                            
     5.429214231             32,078      context-switches                                            
     5.529647095             17,514      context-switches                                            
     5.629820337              6,652      context-switches                                            
     5.730362008             12,208      context-switches                                            
     5.830656525              3,255      context-switches                                            
     5.931357104              3,460      context-switches                                            
     6.031712270              1,657      context-switches                                            
     6.132181690              3,221      context-switches                                            
     6.232738214              1,094      context-switches                                            
     6.333292992              1,984      context-switches                                            
     6.433845167              2,347      context-switches                                            
     6.534453326              1,826      context-switches                                            
     6.634858756              1,957      context-switches                                            
     6.735276194              1,192      context-switches                                            
     6.835611973              1,916      context-switches                                            
     6.936287861              1,703      context-switches                                            
     7.036824483              1,980      context-switches                                            
     7.137182124              1,839      context-switches                                            
     7.237508189              1,497      context-switches                                            
     7.338207135              1,721      context-switches                                            
     7.438658621              2,320      context-switches                                            
     7.539163702              1,908      context-switches                                            
#           time             counts unit events
     7.639578323              1,706      context-switches                                            
     7.740044910              1,470      context-switches                                            
     7.840650313              1,694      context-switches                                            
     7.941304185              1,643      context-switches                                            
     8.041838047              1,838      context-switches                                            
     8.142260266              1,775      context-switches                                            
     8.242605468              1,504      context-switches                                            
     8.343123457              1,621      context-switches                                            
     8.443787242              2,141      context-switches                                            
     8.544286400              1,816      context-switches                                            
     8.644796845              1,950      context-switches                                            
     8.745221369              1,543      context-switches                                            
     8.845743590              1,387      context-switches                                            
     8.946066164              3,639      context-switches                                            
     9.046393384              3,303      context-switches                                            
     9.146496548              5,303      context-switches                                            
     9.246933555              2,614      context-switches                                            
     9.347219919              1,833      context-switches                                            
     9.447920158              1,645      context-switches                                            
     9.548344792              2,354      context-switches                                            
     9.648828101              7,682      context-switches                                            
     9.749129102              1,386      context-switches                                            
     9.849553010              2,087      context-switches                                            
     9.950057916              1,578      context-switches                                            
    10.001054138                845      context-switches                                            
