# started on Thu Nov  7 02:04:14 2019

#           time             counts unit events
     0.100297146             27,516      context-switches                                            
     0.200520982             37,709      context-switches                                            
     0.300745311             38,931      context-switches                                            
     0.400946209             35,977      context-switches                                            
     0.501196412             39,139      context-switches                                            
     0.601474283             36,028      context-switches                                            
     0.701714326             39,472      context-switches                                            
     0.801928066             36,829      context-switches                                            
     0.902170533             38,348      context-switches                                            
     1.002368858             36,217      context-switches                                            
     1.102659781             38,848      context-switches                                            
     1.202986616             35,111      context-switches                                            
     1.303218862             38,222      context-switches                                            
     1.403357213             36,910      context-switches                                            
     1.503596293             37,949      context-switches                                            
     1.603762200             35,148      context-switches                                            
     1.703979537             39,023      context-switches                                            
     1.804176213             35,795      context-switches                                            
     1.904362936             37,253      context-switches                                            
     2.004545071             36,598      context-switches                                            
     2.104784600             38,366      context-switches                                            
     2.205016162             36,582      context-switches                                            
     2.305184972             38,939      context-switches                                            
     2.405366518             36,131      context-switches                                            
     2.505471638             39,251      context-switches                                            
#           time             counts unit events
     2.605715429             35,880      context-switches                                            
     2.705845683             39,162      context-switches                                            
     2.806118756             36,975      context-switches                                            
     2.906248478             38,483      context-switches                                            
     3.006467608             37,237      context-switches                                            
     3.106576366             38,238      context-switches                                            
     3.206813425             36,656      context-switches                                            
     3.306924089             38,380      context-switches                                            
     3.407229016             37,422      context-switches                                            
     3.507416136             38,375      context-switches                                            
     3.607606067             37,585      context-switches                                            
     3.707825975             38,216      context-switches                                            
     3.808015869             36,862      context-switches                                            
     3.908272042             38,073      context-switches                                            
     4.008466463             37,187      context-switches                                            
     4.108656477             38,302      context-switches                                            
     4.208819568             37,343      context-switches                                            
     4.309113054             38,101      context-switches                                            
     4.409334282             37,630      context-switches                                            
     4.509595459             38,211      context-switches                                            
     4.609769546             36,469      context-switches                                            
     4.709935087             37,964      context-switches                                            
     4.810163313             36,336      context-switches                                            
     4.910271047             37,674      context-switches                                            
     5.010384775             37,196      context-switches                                            
#           time             counts unit events
     5.110509983             37,737      context-switches                                            
     5.210813079             38,339      context-switches                                            
     5.310918422             36,997      context-switches                                            
     5.411149831             37,675      context-switches                                            
     5.511349285             36,870      context-switches                                            
     5.611579801             37,145      context-switches                                            
     5.711709183             37,694      context-switches                                            
     5.811817414             36,579      context-switches                                            
     5.911949078             37,651      context-switches                                            
     6.012196527             38,275      context-switches                                            
     6.112308735             37,990      context-switches                                            
     6.212523555             37,807      context-switches                                            
     6.312629813             36,912      context-switches                                            
     6.412803223             38,211      context-switches                                            
     6.512933751             36,487      context-switches                                            
     6.613253749             38,643      context-switches                                            
     6.713365785             37,525      context-switches                                            
     6.813584926             37,587      context-switches                                            
     6.913691257             37,046      context-switches                                            
     7.013929718             38,970      context-switches                                            
     7.114016743             36,622      context-switches                                            
     7.214211894             38,456      context-switches                                            
     7.314420186             35,169      context-switches                                            
     7.414668811             39,472      context-switches                                            
     7.514838669             36,556      context-switches                                            
#           time             counts unit events
     7.615121944             38,900      context-switches                                            
     7.715290786             35,210      context-switches                                            
     7.815551710             39,176      context-switches                                            
     7.915765649             36,380      context-switches                                            
     8.015956994             38,730      context-switches                                            
     8.116220989             36,887      context-switches                                            
     8.216476978             38,558      context-switches                                            
     8.316648783             36,653      context-switches                                            
     8.416841246             38,771      context-switches                                            
     8.517078385             35,500      context-switches                                            
     8.617363571             39,242      context-switches                                            
     8.717584991             36,413      context-switches                                            
     8.817749071             38,729      context-switches                                            
     8.917944175             36,657      context-switches                                            
     9.018170401             38,791      context-switches                                            
     9.118334863             35,854      context-switches                                            
     9.218521092             38,358      context-switches                                            
     9.318673883             36,463      context-switches                                            
     9.418920845             39,116      context-switches                                            
     9.519058240             36,071      context-switches                                            
     9.619302480             37,815      context-switches                                            
     9.719473866             35,005      context-switches                                            
     9.819682831             38,724      context-switches                                            
     9.919870723             37,501      context-switches                                            
    10.000826320             30,279      context-switches                                            
