# started on Thu Nov  7 02:15:38 2019

#           time             counts unit events
     0.100201786             37,474      context-switches                                            
     0.200350373             36,198      context-switches                                            
     0.300629438             38,094      context-switches                                            
     0.400741694             36,957      context-switches                                            
     0.500962637             38,346      context-switches                                            
     0.601157830             37,217      context-switches                                            
     0.701324062             38,883      context-switches                                            
     0.801538859             36,380      context-switches                                            
     0.901712124             38,078      context-switches                                            
     1.001874903             37,379      context-switches                                            
     1.102067257             38,908      context-switches                                            
     1.202297878             37,023      context-switches                                            
     1.302565233             37,539      context-switches                                            
     1.402731650             36,050      context-switches                                            
     1.502941705             38,346      context-switches                                            
     1.603083870             35,257      context-switches                                            
     1.703279763             38,545      context-switches                                            
     1.803467869             36,275      context-switches                                            
     1.903696061             38,201      context-switches                                            
     2.003950257             36,500      context-switches                                            
     2.104188256             38,265      context-switches                                            
     2.204299599             36,495      context-switches                                            
     2.304586304             39,264      context-switches                                            
     2.404720675             36,702      context-switches                                            
     2.504889186             37,337      context-switches                                            
#           time             counts unit events
     2.605071997             36,247      context-switches                                            
     2.705243154             38,552      context-switches                                            
     2.805483564             36,601      context-switches                                            
     2.905678122             38,046      context-switches                                            
     3.005925074             36,549      context-switches                                            
     3.106086077             38,410      context-switches                                            
     3.206273469             35,179      context-switches                                            
     3.306485182             38,722      context-switches                                            
     3.406714138             36,206      context-switches                                            
     3.506822921             38,979      context-switches                                            
     3.607104288             37,132      context-switches                                            
     3.707341173             38,366      context-switches                                            
     3.807625300             36,856      context-switches                                            
     3.907832586             38,327      context-switches                                            
     4.008006257             36,922      context-switches                                            
     4.108282116             37,901      context-switches                                            
     4.208413840             36,519      context-switches                                            
     4.308625311             38,093      context-switches                                            
     4.408882165             37,630      context-switches                                            
     4.509094410             37,832      context-switches                                            
     4.609252521             36,645      context-switches                                            
     4.709440172             38,571      context-switches                                            
     4.809543325             35,621      context-switches                                            
     4.909731467             39,374      context-switches                                            
     5.009942289             36,402      context-switches                                            
#           time             counts unit events
     5.110187409             38,509      context-switches                                            
     5.210360130             36,825      context-switches                                            
     5.310682699             38,011      context-switches                                            
     5.410813807             36,556      context-switches                                            
     5.511065876             38,992      context-switches                                            
     5.611172732             37,157      context-switches                                            
     5.711393049             37,545      context-switches                                            
     5.811664537             35,803      context-switches                                            
     5.911943277             37,454      context-switches                                            
     6.012055620             36,679      context-switches                                            
     6.112273160             38,014      context-switches                                            
     6.212467763             36,780      context-switches                                            
     6.312582275             38,014      context-switches                                            
     6.412804166             36,989      context-switches                                            
     6.512977213             39,048      context-switches                                            
     6.613235090             36,998      context-switches                                            
     6.713341396             37,627      context-switches                                            
     6.813508105             36,067      context-switches                                            
     6.913700165             36,601      context-switches                                            
     7.013940008             35,698      context-switches                                            
     7.114044983             37,052      context-switches                                            
     7.214181543             37,121      context-switches                                            
     7.314304259             38,592      context-switches                                            
     7.414558928             36,754      context-switches                                            
     7.514730721             37,942      context-switches                                            
#           time             counts unit events
     7.615009090             35,888      context-switches                                            
     7.715116508             37,131      context-switches                                            
     7.815290470             37,069      context-switches                                            
     7.915401738             37,995      context-switches                                            
     8.015644737             36,871      context-switches                                            
     8.115751322             37,875      context-switches                                            
     8.215949686             37,014      context-switches                                            
     8.316061790             37,848      context-switches                                            
     8.416185432             37,950      context-switches                                            
     8.516292536             37,915      context-switches                                            
     8.616406393             37,685      context-switches                                            
     8.716514735             38,197      context-switches                                            
     8.816713584             36,336      context-switches                                            
     8.916826963             35,693      context-switches                                            
     9.016998123             36,597      context-switches                                            
     9.117102353             37,171      context-switches                                            
     9.217305719             37,738      context-switches                                            
     9.317450504             37,126      context-switches                                            
     9.417744192             38,150      context-switches                                            
     9.517859337             36,173      context-switches                                            
     9.618039936             37,942      context-switches                                            
     9.718273793             36,348      context-switches                                            
     9.818529729             38,597      context-switches                                            
     9.918641465             36,523      context-switches                                            
    10.000765652             32,302      context-switches                                            
