# started on Tue Nov  5 21:04:40 2019

#           time             counts unit events
     0.100146564             36,924      context-switches                                            
     0.200481219             37,066      context-switches                                            
     0.300594455             37,565      context-switches                                            
     0.400844754             35,966      context-switches                                            
     0.500957066             37,613      context-switches                                            
     0.601129440             36,625      context-switches                                            
     0.701241311             37,940      context-switches                                            
     0.801424372             37,582      context-switches                                            
     0.901565937             36,977      context-switches                                            
     1.001819690             37,630      context-switches                                            
     1.101960882             36,856      context-switches                                            
     1.202269214             37,349      context-switches                                            
     1.302380438             36,579      context-switches                                            
     1.402639385             38,365      context-switches                                            
     1.502750992             36,411      context-switches                                            
     1.602988097             36,698      context-switches                                            
     1.703146050             33,889      context-switches                                            
     1.803339744             36,892      context-switches                                            
     1.903446792             35,754      context-switches                                            
     2.003691513             36,590      context-switches                                            
     2.103803348             37,529      context-switches                                            
     2.203959159             36,838      context-switches                                            
     2.304071824             37,328      context-switches                                            
     2.404333691             37,363      context-switches                                            
     2.504499502             36,741      context-switches                                            
#           time             counts unit events
     2.604803435             37,790      context-switches                                            
     2.705001763             36,625      context-switches                                            
     2.805125857             37,544      context-switches                                            
     2.905290407             35,739      context-switches                                            
     3.005443959             37,043      context-switches                                            
     3.105682737             36,364      context-switches                                            
     3.205867961             37,728      context-switches                                            
     3.306120347             36,442      context-switches                                            
     3.406336489             38,081      context-switches                                            
     3.506593573             36,097      context-switches                                            
     3.606915306             37,739      context-switches                                            
     3.707200430             35,795      context-switches                                            
     3.807400331             38,074      context-switches                                            
     3.907664016             36,388      context-switches                                            
     4.008016657             37,963      context-switches                                            
     4.108269301             36,456      context-switches                                            
     4.208583301             38,061      context-switches                                            
     4.308924661             34,612      context-switches                                            
     4.409194881             37,879      context-switches                                            
     4.509530680             36,029      context-switches                                            
     4.609788427             38,775      context-switches                                            
     4.710106639             36,402      context-switches                                            
     4.810385367             38,298      context-switches                                            
     4.910592249             36,178      context-switches                                            
     5.010899230             38,732      context-switches                                            
#           time             counts unit events
     5.111126662             36,426      context-switches                                            
     5.211346211             38,993      context-switches                                            
     5.311524413             36,555      context-switches                                            
     5.411770724             37,672      context-switches                                            
     5.512018550             36,736      context-switches                                            
     5.612206194             37,243      context-switches                                            
     5.712477289             36,920      context-switches                                            
     5.812782822             36,979      context-switches                                            
     5.913001113             36,595      context-switches                                            
     6.013208772             37,359      context-switches                                            
     6.113327678             36,272      context-switches                                            
     6.213621943             35,198      context-switches                                            
     6.313917080             36,654      context-switches                                            
     6.414201317             38,663      context-switches                                            
     6.514367148             36,228      context-switches                                            
     6.614907843             19,272      context-switches                                            
     6.715255822              1,529      context-switches                                            
     6.815736002              4,209      context-switches                                            
     6.915884209              5,273      context-switches                                            
     7.016518276                800      context-switches                                            
     7.117043288                271      context-switches                                            
     7.217494436              1,546      context-switches                                            
     7.318037185              3,511      context-switches                                            
     7.418638947                223      context-switches                                            
     7.519079667              1,094      context-switches                                            
#           time             counts unit events
     7.619535385              3,976      context-switches                                            
     7.720125910                350      context-switches                                            
     7.820519839              7,109      context-switches                                            
     7.920714606              3,717      context-switches                                            
     8.021266512                706      context-switches                                            
     8.121592857                423      context-switches                                            
     8.221984216              1,505      context-switches                                            
     8.322496590              3,159      context-switches                                            
     8.423017966                141      context-switches                                            
     8.523313525              1,379      context-switches                                            
     8.623631648              3,894      context-switches                                            
     8.724225434                251      context-switches                                            
     8.824765803              1,022      context-switches                                            
     8.925221104              4,133      context-switches                                            
     9.025796221                210      context-switches                                            
     9.126144698                807      context-switches                                            
     9.226497954              1,141      context-switches                                            
     9.326864341              3,268      context-switches                                            
     9.427312362                206      context-switches                                            
     9.527686988              1,004      context-switches                                            
     9.628114941              4,111      context-switches                                            
     9.728677606                243      context-switches                                            
     9.829194885                783      context-switches                                            
     9.929358446              2,626      context-switches                                            
    10.001241224              1,908      context-switches                                            
