# started on Wed Nov  6 01:17:05 2019

#           time             counts unit events
     0.100852820                329      context-switches                                            
     0.201518910                274      context-switches                                            
     0.302149318                342      context-switches                                            
     0.402761837                239      context-switches                                            
     0.503347991                199      context-switches                                            
     0.603943296                209      context-switches                                            
     0.704530100                161      context-switches                                            
     0.805175422                236      context-switches                                            
     0.905725828                178      context-switches                                            
     1.006295900                210      context-switches                                            
     1.106874407                212      context-switches                                            
     1.207479268                230      context-switches                                            
     1.308107040                356      context-switches                                            
     1.408540521                192      context-switches                                            
     1.509114538                223      context-switches                                            
     1.609671652                179      context-switches                                            
     1.710283590              2,350      context-switches                                            
     1.810692513                745      context-switches                                            
     1.910813812              1,973      context-switches                                            
     2.011363045              2,387      context-switches                                            
     2.112033848                190      context-switches                                            
     2.212627644                164      context-switches                                            
     2.312993863                367      context-switches                                            
     2.413606777                208      context-switches                                            
     2.514250589                242      context-switches                                            
#           time             counts unit events
     2.614690590                178      context-switches                                            
     2.715208531                200      context-switches                                            
     2.815773826                222      context-switches                                            
     2.916364543                226      context-switches                                            
     3.016947896                318      context-switches                                            
     3.117444310                193      context-switches                                            
     3.217932638                341      context-switches                                            
     3.318355224                406      context-switches                                            
     3.418974830                164      context-switches                                            
     3.519122177              2,761      context-switches                                            
     3.619680478              4,409      context-switches                                            
     3.720225264                134      context-switches                                            
     3.820874939                218      context-switches                                            
     3.921461098                125      context-switches                                            
     4.022034129                240      context-switches                                            
     4.122568388                204      context-switches                                            
     4.223189781                209      context-switches                                            
     4.323635155                371      context-switches                                            
     4.424164549                176      context-switches                                            
     4.524632116                346      context-switches                                            
     4.625121514                178      context-switches                                            
     4.725670271                169      context-switches                                            
     4.826178459                198      context-switches                                            
     4.926507363                254      context-switches                                            
     5.026798262              1,557      context-switches                                            
#           time             counts unit events
     5.127146525              2,232      context-switches                                            
     5.227424745              2,004      context-switches                                            
     5.327623244              2,975      context-switches                                            
     5.427943456              4,825      context-switches                                            
     5.528381619              4,636      context-switches                                            
     5.628759131              4,443      context-switches                                            
     5.729020188              2,765      context-switches                                            
     5.829460730              6,412      context-switches                                            
     5.929690018              1,998      context-switches                                            
     6.030042305              6,801      context-switches                                            
     6.130345684              2,718      context-switches                                            
     6.230598796              4,696      context-switches                                            
     6.330742900              6,703      context-switches                                            
     6.431161753              2,419      context-switches                                            
     6.531437663              4,573      context-switches                                            
     6.631716644              4,920      context-switches                                            
     6.732000578              4,480      context-switches                                            
     6.832254983              2,060      context-switches                                            
     6.932493195              7,305      context-switches                                            
     7.032621831              3,380      context-switches                                            
     7.132855508              2,760      context-switches                                            
     7.233084385              6,067      context-switches                                            
     7.333532740              3,836      context-switches                                            
     7.434032440              4,335      context-switches                                            
     7.534262666              5,221      context-switches                                            
#           time             counts unit events
     7.634738589              4,035      context-switches                                            
     7.734910306              4,527      context-switches                                            
     7.835189628              5,142      context-switches                                            
     7.935468090              4,551      context-switches                                            
     8.035715205              2,112      context-switches                                            
     8.136054307              7,683      context-switches                                            
     8.236330926              1,346      context-switches                                            
     8.336455938              5,125      context-switches                                            
     8.436666168              4,776      context-switches                                            
     8.536923772              3,981      context-switches                                            
     8.637154612              4,808      context-switches                                            
     8.737478872              4,022      context-switches                                            
     8.837926273              4,672      context-switches                                            
     8.938286094              2,299      context-switches                                            
     9.038857027              7,168      context-switches                                            
     9.139230276              1,162      context-switches                                            
     9.239358382              6,099      context-switches                                            
     9.339591186              4,111      context-switches                                            
     9.440116773              3,728      context-switches                                            
     9.540297497              5,601      context-switches                                            
     9.640530562              4,065      context-switches                                            
     9.740846778              4,377      context-switches                                            
     9.841088736              4,499      context-switches                                            
     9.941424330              5,466      context-switches                                            
    10.001056817                342      context-switches                                            
