# started on Tue Nov 12 12:05:27 2019

#           time             counts unit events
     0.100254138             42,006      context-switches                                            
     0.200389745             40,482      context-switches                                            
     0.300517078             40,308      context-switches                                            
     0.400632063             38,727      context-switches                                            
     0.500752571             37,703      context-switches                                            
     0.600993262             41,000      context-switches                                            
     0.701108677             39,250      context-switches                                            
     0.801248667             41,932      context-switches                                            
     0.901408483             42,680      context-switches                                            
     1.001516649             42,817      context-switches                                            
     1.101627256             42,745      context-switches                                            
     1.201824372             41,749      context-switches                                            
     1.301939213             44,563      context-switches                                            
     1.402130362             41,967      context-switches                                            
     1.502285729             42,788      context-switches                                            
     1.602455281             41,910      context-switches                                            
     1.702677766             42,237      context-switches                                            
     1.802872832             42,799      context-switches                                            
     1.903102484             40,772      context-switches                                            
     2.003309417             43,392      context-switches                                            
     2.103418681             38,132      context-switches                                            
     2.203712092             41,790      context-switches                                            
     2.303870241             43,143      context-switches                                            
     2.404062481             40,297      context-switches                                            
     2.504201123             39,099      context-switches                                            
#           time             counts unit events
     2.604345266             37,413      context-switches                                            
     2.705988031             41,896      context-switches                                            
     2.806149875             42,349      context-switches                                            
     2.906242645             37,271      context-switches                                            
     3.006362392             39,599      context-switches                                            
     3.106474578             39,723      context-switches                                            
     3.206589426             40,135      context-switches                                            
     3.306696962             41,457      context-switches                                            
     3.406802772             40,193      context-switches                                            
     3.506969436             39,183      context-switches                                            
     3.607083977             42,770      context-switches                                            
     3.707206672             39,719      context-switches                                            
     3.807333564             37,120      context-switches                                            
     3.907444451             36,931      context-switches                                            
     4.007564487             39,276      context-switches                                            
     4.107675197             35,796      context-switches                                            
     4.207789123             39,875      context-switches                                            
     4.307901282             40,686      context-switches                                            
     4.408067856             41,149      context-switches                                            
     4.508179806             39,207      context-switches                                            
     4.608294151             39,883      context-switches                                            
     4.708406127             38,652      context-switches                                            
     4.808520383             42,405      context-switches                                            
     4.908742227             43,337      context-switches                                            
     5.008943594             43,144      context-switches                                            
#           time             counts unit events
     5.109194469             38,779      context-switches                                            
     5.209309154             38,526      context-switches                                            
     5.310779745             41,576      context-switches                                            
     5.410890888             44,444      context-switches                                            
     5.511003386             37,649      context-switches                                            
     5.611116025             41,339      context-switches                                            
     5.711350332             38,559      context-switches                                            
     5.811532756             40,215      context-switches                                            
     5.911645744             40,200      context-switches                                            
     6.011758469             39,067      context-switches                                            
     6.111982274             41,163      context-switches                                            
     6.212093581             42,195      context-switches                                            
     6.312248256             40,183      context-switches                                            
     6.412369443             37,170      context-switches                                            
     6.512644226             42,460      context-switches                                            
     6.612838355             44,767      context-switches                                            
     6.713055860             40,637      context-switches                                            
     6.813292128             42,013      context-switches                                            
     6.913404622             41,495      context-switches                                            
     7.013514602             39,929      context-switches                                            
     7.113629649             38,037      context-switches                                            
     7.213818426             44,784      context-switches                                            
     7.313904631             44,376      context-switches                                            
     7.414028595             36,246      context-switches                                            
     7.514232009             40,273      context-switches                                            
#           time             counts unit events
     7.614481734             42,024      context-switches                                            
     7.714655684             41,093      context-switches                                            
     7.814760379             39,616      context-switches                                            
     7.914985994             42,055      context-switches                                            
     8.015098373             44,435      context-switches                                            
     8.115211801             41,751      context-switches                                            
     8.215405688             41,486      context-switches                                            
     8.315610262             39,867      context-switches                                            
     8.415905029             41,179      context-switches                                            
     8.516020345             42,988      context-switches                                            
     8.616298069             42,453      context-switches                                            
     8.716440315             41,688      context-switches                                            
     8.816549990             41,339      context-switches                                            
     8.916748302             42,650      context-switches                                            
     9.016921388             36,223      context-switches                                            
     9.117025410             39,731      context-switches                                            
     9.217258148             42,055      context-switches                                            
     9.317366317             43,229      context-switches                                            
     9.417559880             40,654      context-switches                                            
     9.517753287             40,587      context-switches                                            
     9.617952639             38,630      context-switches                                            
     9.718072805             37,449      context-switches                                            
     9.818216838             40,519      context-switches                                            
     9.918325479             41,035      context-switches                                            
    10.000562421             33,280      context-switches                                            
