     0.101485496          3,104,203      LLC-loads                 (43.51%)
     0.101485496            849,546      LLC-load-misses           (40.80%)
     0.201712455          5,272,544      LLC-loads                 (41.70%)
     0.201712455          1,143,395      LLC-load-misses           (40.50%)
     0.301873525          2,798,217      LLC-loads                 (41.08%)
     0.301873525            814,318      LLC-load-misses           (40.36%)
     0.402143703          4,126,604      LLC-loads                 (40.78%)
     0.402143703          1,223,467      LLC-load-misses           (40.29%)
     0.502298573          6,489,146      LLC-loads                 (40.60%)
     0.502298573          1,612,482      LLC-load-misses           (40.26%)
     0.602586739          3,966,944      LLC-loads                 (40.49%)
     0.602586739            907,322      LLC-load-misses           (40.24%)
     0.702943841          6,011,559      LLC-loads                 (40.40%)
     0.702943841          1,581,609      LLC-load-misses           (40.23%)
     0.803292434          3,128,733      LLC-loads                 (40.34%)
     0.803292434            895,412      LLC-load-misses           (40.22%)
     0.903508062          5,701,471      LLC-loads                 (40.28%)
     0.903508062          1,476,897      LLC-load-misses           (40.22%)
     1.003903485          2,955,170      LLC-loads                 (40.26%)
     1.003903485            786,144      LLC-load-misses           (40.22%)
     1.104065066          3,165,049      LLC-loads                 (40.22%)
     1.104065066          1,129,840      LLC-load-misses           (40.21%)
     1.204138267          3,745,208      LLC-loads                 (40.20%)
     1.204138267            852,282      LLC-load-misses           (40.19%)
     1.304252097          5,611,101      LLC-loads                 (40.18%)
     1.304252097          1,716,738      LLC-load-misses           (40.17%)
     1.404365802          4,380,223      LLC-loads                 (40.18%)
     1.404365802            582,073      LLC-load-misses           (40.16%)
     1.504529423          1,711,981      LLC-loads                 (40.16%)
     1.504529423            601,960      LLC-load-misses           (40.14%)
     1.604681146          1,429,596      LLC-loads                 (40.16%)
     1.604681146            457,652      LLC-load-misses           (40.14%)
     1.704810452            882,622      LLC-loads                 (40.15%)
     1.704810452            353,974      LLC-load-misses           (40.12%)
     1.805028818          1,215,744      LLC-loads                 (40.14%)
     1.805028818            372,084      LLC-load-misses           (40.10%)
     1.905167777          1,225,922      LLC-loads                 (40.12%)
     1.905167777            239,974      LLC-load-misses           (40.09%)
     2.005323454          1,459,709      LLC-loads                 (40.12%)
     2.005323454            237,177      LLC-load-misses           (40.08%)
     2.105449080          1,544,496      LLC-loads                 (40.12%)
     2.105449080            507,627      LLC-load-misses           (40.07%)
     2.205698103          1,099,557      LLC-loads                 (40.10%)
     2.205698103            266,328      LLC-load-misses           (40.06%)
     2.305844607          3,982,189      LLC-loads                 (40.09%)
     2.305844607            905,787      LLC-load-misses           (40.05%)
     2.405972203          5,689,604      LLC-loads                 (40.09%)
     2.405972203          1,496,612      LLC-load-misses           (40.05%)
     2.506095438          2,527,158      LLC-loads                 (40.08%)
     2.506095438            801,636      LLC-load-misses           (40.05%)
     2.606231655          1,927,992      LLC-loads                 (40.08%)
     2.606231655            581,727      LLC-load-misses           (40.04%)
     2.706381164          4,906,823      LLC-loads                 (40.07%)
     2.706381164          1,175,287      LLC-load-misses           (40.04%)
     2.806562624          4,605,935      LLC-loads                 (40.07%)
     2.806562624          1,168,540      LLC-load-misses           (40.03%)
     2.906724192          3,135,385      LLC-loads                 (40.07%)
     2.906724192          1,043,585      LLC-load-misses           (40.03%)
     3.006903010          3,599,557      LLC-loads                 (40.06%)
     3.006903010          1,276,789      LLC-load-misses           (40.03%)
     3.107020737          5,732,814      LLC-loads                 (40.06%)
     3.107020737          1,917,582      LLC-load-misses           (40.02%)
     3.207162549          3,237,112      LLC-loads                 (40.05%)
     3.207162549            742,440      LLC-load-misses           (40.02%)
     3.307278714          5,353,982      LLC-loads                 (40.05%)
     3.307278714          1,829,580      LLC-load-misses           (40.02%)
     3.407394978          3,956,089      LLC-loads                 (40.05%)
     3.407394978          1,088,071      LLC-load-misses           (40.01%)
     3.507535759          6,121,896      LLC-loads                 (40.05%)
     3.507535759          1,461,693      LLC-load-misses           (40.01%)
     3.607663387          3,172,514      LLC-loads                 (40.05%)
     3.607663387            913,342      LLC-load-misses           (40.01%)
     3.707816573          7,418,124      LLC-loads                 (40.04%)
     3.707816573          1,707,505      LLC-load-misses           (40.01%)
     3.807937029          2,955,318      LLC-loads                 (40.04%)
     3.807937029            834,625      LLC-load-misses           (40.00%)
     3.908078888          4,333,761      LLC-loads                 (40.04%)
     3.908078888          1,297,939      LLC-load-misses           (40.00%)
     4.008296989          4,570,922      LLC-loads                 (40.03%)
     4.008296989          1,215,894      LLC-load-misses           (40.00%)
     4.108405225          3,982,676      LLC-loads                 (40.03%)
     4.108405225          1,165,755      LLC-load-misses           (40.00%)
     4.208678001          4,606,916      LLC-loads                 (40.03%)
     4.208678001          1,202,168      LLC-load-misses           (40.00%)
     4.308902765          3,683,245      LLC-loads                 (40.03%)
     4.308902765          1,023,328      LLC-load-misses           (40.00%)
     4.409016709          5,171,898      LLC-loads                 (40.02%)
     4.409016709          1,801,562      LLC-load-misses           (39.99%)
     4.509155876          5,466,254      LLC-loads                 (40.02%)
     4.509155876          1,163,660      LLC-load-misses           (39.99%)
     4.609260505          4,563,866      LLC-loads                 (40.02%)
     4.609260505          1,144,184      LLC-load-misses           (39.99%)
     4.709367518          4,145,563      LLC-loads                 (40.02%)
     4.709367518          1,383,293      LLC-load-misses           (39.99%)
     4.809495749          5,883,137      LLC-loads                 (40.02%)
     4.809495749          1,361,747      LLC-load-misses           (39.99%)
     4.909636766          4,961,828      LLC-loads                 (40.02%)
     4.909636766          1,197,517      LLC-load-misses           (39.99%)
     5.009796978          3,240,811      LLC-loads                 (40.01%)
     5.009796978          1,070,890      LLC-load-misses           (39.99%)
     5.109917455          6,464,597      LLC-loads                 (40.01%)
     5.109917455          1,781,324      LLC-load-misses           (39.99%)
     5.210029353          4,760,041      LLC-loads                 (40.01%)
     5.210029353          1,377,542      LLC-load-misses           (39.99%)
     5.310166979          5,520,706      LLC-loads                 (40.01%)
     5.310166979          1,429,054      LLC-load-misses           (39.99%)
     5.410283784          4,862,349      LLC-loads                 (40.01%)
     5.410283784          1,323,747      LLC-load-misses           (39.98%)
     5.510425210          4,763,484      LLC-loads                 (40.01%)
     5.510425210          1,266,157      LLC-load-misses           (39.98%)
     5.610572603          4,138,763      LLC-loads                 (40.01%)
     5.610572603            853,985      LLC-load-misses           (39.98%)
     5.710707416          4,875,730      LLC-loads                 (40.01%)
     5.710707416          1,231,712      LLC-load-misses           (39.98%)
     5.810813120          4,888,388      LLC-loads                 (40.01%)
     5.810813120          1,318,456      LLC-load-misses           (39.98%)
     5.910922167          4,586,309      LLC-loads                 (40.01%)
     5.910922167          1,205,676      LLC-load-misses           (39.98%)
     6.011062298          5,149,568      LLC-loads                 (40.01%)
     6.011062298          1,391,703      LLC-load-misses           (39.98%)
     6.111179100          5,396,916      LLC-loads                 (40.00%)
     6.111179100          1,395,223      LLC-load-misses           (39.98%)
     6.211313230          4,844,472      LLC-loads                 (40.00%)
     6.211313230          1,194,529      LLC-load-misses           (39.98%)
     6.311434061          3,827,301      LLC-loads                 (40.00%)
     6.311434061          1,060,687      LLC-load-misses           (39.98%)
     6.411577855          5,691,688      LLC-loads                 (40.00%)
     6.411577855          1,839,505      LLC-load-misses           (39.98%)
     6.511696646          5,145,149      LLC-loads                 (40.00%)
     6.511696646          1,208,144      LLC-load-misses           (39.97%)
     6.611843384          3,400,443      LLC-loads                 (40.00%)
     6.611843384            941,706      LLC-load-misses           (39.98%)
     6.711953932          7,166,474      LLC-loads                 (40.00%)
     6.711953932          1,884,029      LLC-load-misses           (39.98%)
     6.812090562          4,583,493      LLC-loads                 (40.00%)
     6.812090562          1,153,380      LLC-load-misses           (39.98%)
     6.912239058          6,575,469      LLC-loads                 (40.00%)
     6.912239058          1,794,694      LLC-load-misses           (39.97%)
     7.012367665          3,334,967      LLC-loads                 (40.00%)
     7.012367665            684,901      LLC-load-misses           (39.97%)
     7.112590985          7,872,302      LLC-loads                 (40.00%)
     7.112590985          1,637,352      LLC-load-misses           (39.97%)
     7.212896510          3,636,946      LLC-loads                 (40.00%)
     7.212896510            781,579      LLC-load-misses           (39.97%)
     7.313154564          6,573,511      LLC-loads                 (40.01%)
     7.313154564          1,240,092      LLC-load-misses           (39.97%)
     7.413433655          3,451,129      LLC-loads                 (40.01%)
     7.413433655          1,016,253      LLC-load-misses           (39.97%)
     7.513706487          6,019,706      LLC-loads                 (40.01%)
     7.513706487          1,606,964      LLC-load-misses           (39.97%)
     7.614200075          1,319,411      LLC-loads                 (40.01%)
     7.614200075            497,148      LLC-load-misses           (39.97%)
     7.714562462          3,787,146      LLC-loads                 (40.02%)
     7.714562462          1,211,282      LLC-load-misses           (39.96%)
     7.814683792          4,758,316      LLC-loads                 (40.02%)
     7.814683792            981,318      LLC-load-misses           (39.96%)
     7.915010622          2,850,686      LLC-loads                 (40.02%)
     7.915010622            842,058      LLC-load-misses           (39.96%)
     8.015133982          3,378,971      LLC-loads                 (40.02%)
     8.015133982            879,341      LLC-load-misses           (39.96%)
     8.115511269          5,151,980      LLC-loads                 (40.02%)
     8.115511269          1,572,020      LLC-load-misses           (39.96%)
     8.215798950          3,394,134      LLC-loads                 (40.02%)
     8.215798950            784,124      LLC-load-misses           (39.96%)
     8.316076107          7,153,134      LLC-loads                 (40.03%)
     8.316076107          1,892,623      LLC-load-misses           (39.96%)
     8.416519707          3,032,431      LLC-loads                 (40.03%)
     8.416519707            693,407      LLC-load-misses           (39.96%)
     8.517007175          5,986,259      LLC-loads                 (40.03%)
     8.517007175          1,707,694      LLC-load-misses           (39.97%)
     8.617576186          4,260,096      LLC-loads                 (40.03%)
     8.617576186          1,031,535      LLC-load-misses           (39.97%)
     8.717980076          5,935,502      LLC-loads                 (40.04%)
     8.717980076          1,491,579      LLC-load-misses           (39.97%)
     8.818412373          3,532,044      LLC-loads                 (40.04%)
     8.818412373            872,936      LLC-load-misses           (39.98%)
     8.918685452          5,456,744      LLC-loads                 (40.04%)
     8.918685452          1,183,172      LLC-load-misses           (39.98%)
     9.018843265          4,247,554      LLC-loads                 (40.04%)
     9.018843265          1,136,751      LLC-load-misses           (39.98%)
     9.119359394          4,583,861      LLC-loads                 (40.04%)
     9.119359394          1,236,960      LLC-load-misses           (39.98%)
     9.219785852          3,751,584      LLC-loads                 (40.04%)
     9.219785852          1,099,664      LLC-load-misses           (39.99%)
     9.320001907          6,188,863      LLC-loads                 (40.05%)
     9.320001907          1,778,848      LLC-load-misses           (39.99%)
     9.420201424          5,700,757      LLC-loads                 (40.05%)
     9.420201424          1,368,515      LLC-load-misses           (39.99%)
     9.520487484          4,390,815      LLC-loads                 (40.05%)
     9.520487484          1,309,225      LLC-load-misses           (39.99%)
     9.620775551          5,353,714      LLC-loads                 (40.04%)
     9.620775551          1,412,723      LLC-load-misses           (39.99%)
     9.721070881          4,358,188      LLC-loads                 (40.04%)
     9.721070881          1,148,583      LLC-load-misses           (40.00%)
     9.821295123          4,190,710      LLC-loads                 (40.04%)
     9.821295123            817,748      LLC-load-misses           (40.00%)
     9.921530558          7,971,298      LLC-loads                 (40.04%)
     9.921530558          2,286,398      LLC-load-misses           (40.00%)
    10.000698604          4,145,511      LLC-loads                 (40.04%)
    10.000698604            865,676      LLC-load-misses           (39.99%)
