# started on Wed Nov  6 01:31:49 2019

#           time             counts unit events
     0.100823007                396      context-switches                                            
     0.201487605                158      context-switches                                            
     0.302033354                234      context-switches                                            
     0.402593276                168      context-switches                                            
     0.503221621                257      context-switches                                            
     0.603798404                412      context-switches                                            
     0.704372505                143      context-switches                                            
     0.804837897                285      context-switches                                            
     0.905213825                216      context-switches                                            
     1.005742479                218      context-switches                                            
     1.106371946                258      context-switches                                            
     1.206950018                160      context-switches                                            
     1.307482339                274      context-switches                                            
     1.407850273                201      context-switches                                            
     1.508374997                231      context-switches                                            
     1.608886079                377      context-switches                                            
     1.709443565                167      context-switches                                            
     1.810042285                198      context-switches                                            
     1.910658292                166      context-switches                                            
     2.011128488                162      context-switches                                            
     2.111675285                299      context-switches                                            
     2.212309748                139      context-switches                                            
     2.312910408                221      context-switches                                            
     2.413512731                167      context-switches                                            
     2.514088430                174      context-switches                                            
#           time             counts unit events
     2.614596280                434      context-switches                                            
     2.715200862                174      context-switches                                            
     2.815802724                238      context-switches                                            
     2.916386475                159      context-switches                                            
     3.016998293                185      context-switches                                            
     3.117540893                291      context-switches                                            
     3.218176029                180      context-switches                                            
     3.318719052                244      context-switches                                            
     3.419054244                165      context-switches                                            
     3.519647184                174      context-switches                                            
     3.620161211                367      context-switches                                            
     3.720761340                167      context-switches                                            
     3.821347423                180      context-switches                                            
     3.921829677                166      context-switches                                            
     4.022420447                172      context-switches                                            
     4.122922571                357      context-switches                                            
     4.223540882                167      context-switches                                            
     4.324134614                262      context-switches                                            
     4.424720917                158      context-switches                                            
     4.525330769                349      context-switches                                            
     4.625967121                394      context-switches                                            
     4.726570010                143      context-switches                                            
     4.827163376                205      context-switches                                            
     4.927713024                167      context-switches                                            
     5.028216679              1,529      context-switches                                            
#           time             counts unit events
     5.128718064              3,436      context-switches                                            
     5.228869548              2,108      context-switches                                            
     5.329347258              4,016      context-switches                                            
     5.429723437                871      context-switches                                            
     5.530152659              5,389      context-switches                                            
     5.630307930              3,023      context-switches                                            
     5.730666454              6,769      context-switches                                            
     5.831223963              1,246      context-switches                                            
     5.931544243              5,977      context-switches                                            
     6.031684265              5,270      context-switches                                            
     6.132259680              5,356      context-switches                                            
     6.232739613              1,065      context-switches                                            
     6.333146334              1,435      context-switches                                            
     6.433414552              1,763      context-switches                                            
     6.533533284              8,960      context-switches                                            
     6.633759907              5,678      context-switches                                            
     6.733989160              3,425      context-switches                                            
     6.834479612              1,585      context-switches                                            
     6.934648948              5,792      context-switches                                            
     7.034759728              7,842      context-switches                                            
     7.135160522              3,688      context-switches                                            
     7.235578153              3,549      context-switches                                            
     7.336171934              1,474      context-switches                                            
     7.436419174              1,956      context-switches                                            
     7.536702477              7,889      context-switches                                            
#           time             counts unit events
     7.636866593              6,823      context-switches                                            
     7.737119518              2,856      context-switches                                            
     7.837500632              2,081      context-switches                                            
     7.937922864              1,431      context-switches                                            
     8.038139399              8,363      context-switches                                            
     8.138585455              7,033      context-switches                                            
     8.238868349              2,948      context-switches                                            
     8.339426590              2,034      context-switches                                            
     8.439861446              1,587      context-switches                                            
     8.540074450              8,146      context-switches                                            
     8.640178988              5,412      context-switches                                            
     8.740460905              7,272      context-switches                                            
     8.841054115              1,116      context-switches                                            
     8.941365056              1,426      context-switches                                            
     9.041695967              1,791      context-switches                                            
     9.141905580              4,567      context-switches                                            
     9.242221073              7,190      context-switches                                            
     9.342486166              4,694      context-switches                                            
     9.442949317              2,579      context-switches                                            
     9.543335772              1,651      context-switches                                            
     9.643512527              8,681      context-switches                                            
     9.743821497              7,381      context-switches                                            
     9.844285853             10,554      context-switches                                            
     9.944620869              1,582      context-switches                                            
    10.001191809                884      context-switches                                            
