# started on Tue Nov  5 21:31:36 2019

#           time             counts unit events
     0.100842700                363      context-switches                                            
     0.201518433                182      context-switches                                            
     0.302108648                224      context-switches                                            
     0.402758228                255      context-switches                                            
     0.503381582                198      context-switches                                            
     0.604000109                394      context-switches                                            
     0.704573590                201      context-switches                                            
     0.805191053                181      context-switches                                            
     0.905606027                168      context-switches                                            
     1.006108272                217      context-switches                                            
     1.106600146                228      context-switches                                            
     1.207173791                218      context-switches                                            
     1.307781285                211      context-switches                                            
     1.408328883                210      context-switches                                            
     1.508902696                414      context-switches                                            
     1.609412777                412      context-switches                                            
     1.709955518                343      context-switches                                            
     1.810624553                217      context-switches                                            
     1.911228751                133      context-switches                                            
     2.011671573                251      context-switches                                            
     2.112148819              1,404      context-switches                                            
     2.212619264                205      context-switches                                            
     2.313236015                247      context-switches                                            
     2.413759060                238      context-switches                                            
     2.514298929                474      context-switches                                            
#           time             counts unit events
     2.614761520              7,260      context-switches                                            
     2.715292660                222      context-switches                                            
     2.815914843                226      context-switches                                            
     2.916534430                106      context-switches                                            
     3.017025290                196      context-switches                                            
     3.117589325                215      context-switches                                            
     3.218202882                192      context-switches                                            
     3.318767253                181      context-switches                                            
     3.419303317                166      context-switches                                            
     3.519917759                283      context-switches                                            
     3.620553921                407      context-switches                                            
     3.721159998                261      context-switches                                            
     3.821665164                255      context-switches                                            
     3.922164895                159      context-switches                                            
     4.022730949                184      context-switches                                            
     4.123298058                202      context-switches                                            
     4.223898986                317      context-switches                                            
     4.324536319                185      context-switches                                            
     4.425019283                156      context-switches                                            
     4.525491325                282      context-switches                                            
     4.626097332                330      context-switches                                            
     4.726602611                214      context-switches                                            
     4.827163613                189      context-switches                                            
     4.927689423                184      context-switches                                            
     5.027824664              5,450      context-switches                                            
#           time             counts unit events
     5.128055494             17,590      context-switches                                            
     5.228323738             35,919      context-switches                                            
     5.328602367             36,672      context-switches                                            
     5.428755865             35,938      context-switches                                            
     5.528944333             37,443      context-switches                                            
     5.629055807             35,825      context-switches                                            
     5.729261360             38,118      context-switches                                            
     5.829369835             39,588      context-switches                                            
     5.929569861             37,660      context-switches                                            
     6.029832604             36,792      context-switches                                            
     6.129940866             38,531      context-switches                                            
     6.230208230             35,991      context-switches                                            
     6.330337352             38,394      context-switches                                            
     6.430540237             36,082      context-switches                                            
     6.530645476             37,849      context-switches                                            
     6.630910033             35,915      context-switches                                            
     6.731087693             38,093      context-switches                                            
     6.831279895             35,544      context-switches                                            
     6.931480631             38,030      context-switches                                            
     7.031676661             36,337      context-switches                                            
     7.131782914             38,413      context-switches                                            
     7.232029120             35,606      context-switches                                            
     7.332168549             36,689      context-switches                                            
     7.432470381             37,111      context-switches                                            
     7.532723872             37,846      context-switches                                            
#           time             counts unit events
     7.633057495             36,675      context-switches                                            
     7.733256968             38,077      context-switches                                            
     7.833513976             37,522      context-switches                                            
     7.933811011             37,675      context-switches                                            
     8.034023961             36,850      context-switches                                            
     8.134248240             37,373      context-switches                                            
     8.234511753             37,314      context-switches                                            
     8.334764882             36,559      context-switches                                            
     8.434878099             35,629      context-switches                                            
     8.535176291             37,881      context-switches                                            
     8.635446192             37,664      context-switches                                            
     8.735731680             39,000      context-switches                                            
     8.835925831             35,996      context-switches                                            
     8.936220105             37,281      context-switches                                            
     9.036500655             36,162      context-switches                                            
     9.136663233             38,319      context-switches                                            
     9.236929204             36,524      context-switches                                            
     9.337167965             38,279      context-switches                                            
     9.437392109             35,188      context-switches                                            
     9.537639950             38,349      context-switches                                            
     9.637922331             36,400      context-switches                                            
     9.738107836             37,749      context-switches                                            
     9.838235273             38,016      context-switches                                            
     9.938388927             36,196      context-switches                                            
    10.000726984             23,560      context-switches                                            
