# started on Tue Nov  5 22:00:51 2019

#           time             counts unit events
     0.100626879                323      context-switches                                            
     0.201289355                145      context-switches                                            
     0.301837580                278      context-switches                                            
     0.402451199                193      context-switches                                            
     0.503039610                173      context-switches                                            
     0.603513795                183      context-switches                                            
     0.704069079                229      context-switches                                            
     0.804660443                210      context-switches                                            
     0.905276614                230      context-switches                                            
     1.005892546                328      context-switches                                            
     1.106497159                207      context-switches                                            
     1.207099146                164      context-switches                                            
     1.307706907                237      context-switches                                            
     1.408295697                162      context-switches                                            
     1.508615783                187      context-switches                                            
     1.609096293                251      context-switches                                            
     1.709670959                267      context-switches                                            
     1.810276110                263      context-switches                                            
     1.910878575                378      context-switches                                            
     2.011196565                442      context-switches                                            
     2.111757144                188      context-switches                                            
     2.212232472                189      context-switches                                            
     2.312768301                246      context-switches                                            
     2.413265598                214      context-switches                                            
     2.513847650                198      context-switches                                            
#           time             counts unit events
     2.614446783                180      context-switches                                            
     2.715055532                193      context-switches                                            
     2.815657101                196      context-switches                                            
     2.916253149                224      context-switches                                            
     3.016717173                367      context-switches                                            
     3.117272244                252      context-switches                                            
     3.217817973                199      context-switches                                            
     3.318270270                218      context-switches                                            
     3.418863413                241      context-switches                                            
     3.519289628                222      context-switches                                            
     3.619831320                214      context-switches                                            
     3.720358114                212      context-switches                                            
     3.820851263                181      context-switches                                            
     3.921403729                257      context-switches                                            
     4.021834205                335      context-switches                                            
     4.122446943                194      context-switches                                            
     4.222985330                219      context-switches                                            
     4.323557508                215      context-switches                                            
     4.424099213                271      context-switches                                            
     4.524791348                205      context-switches                                            
     4.625390514                188      context-switches                                            
     4.725688692                512      context-switches                                            
     4.826184028              2,796      context-switches                                            
     4.926556061                254      context-switches                                            
     5.026915121              6,410      context-switches                                            
#           time             counts unit events
     5.127391115              2,386      context-switches                                            
     5.227894612              3,922      context-switches                                            
     5.328108917              3,126      context-switches                                            
     5.428336879              5,650      context-switches                                            
     5.528667600                897      context-switches                                            
     5.628888002              5,571      context-switches                                            
     5.729157016              1,323      context-switches                                            
     5.829615650              4,377      context-switches                                            
     5.930138600              2,109      context-switches                                            
     6.030297688              5,032      context-switches                                            
     6.130577874              5,180      context-switches                                            
     6.230926158              2,449      context-switches                                            
     6.331386267             14,448      context-switches                                            
     6.431589062              1,527      context-switches                                            
     6.531911368              4,646      context-switches                                            
     6.632121576              2,103      context-switches                                            
     6.732668098              7,925      context-switches                                            
     6.833018012              1,056      context-switches                                            
     6.933314378              5,157      context-switches                                            
     7.033660565              1,855      context-switches                                            
     7.133780875             12,952      context-switches                                            
     7.234049091              3,307      context-switches                                            
     7.334400260              6,954      context-switches                                            
     7.434833375              7,402      context-switches                                            
     7.535094587             11,554      context-switches                                            
#           time             counts unit events
     7.635523417              3,170      context-switches                                            
     7.735744387              5,588      context-switches                                            
     7.835900076              3,863      context-switches                                            
     7.936048725              8,960      context-switches                                            
     8.036621239             10,162      context-switches                                            
     8.136990128              2,566      context-switches                                            
     8.237302349              4,255      context-switches                                            
     8.337515857              4,758      context-switches                                            
     8.437975350              5,462      context-switches                                            
     8.538246208              2,505      context-switches                                            
     8.638671617              3,791      context-switches                                            
     8.738868815              1,757      context-switches                                            
     8.839155153              7,904      context-switches                                            
     8.939513524              1,232      context-switches                                            
     9.039727469              7,873      context-switches                                            
     9.140087863              1,415      context-switches                                            
     9.240202325              3,912      context-switches                                            
     9.340501779              2,044      context-switches                                            
     9.440720138              5,572      context-switches                                            
     9.541106634              4,321      context-switches                                            
     9.641424685              2,431      context-switches                                            
     9.742006079              3,518      context-switches                                            
     9.842276050              4,325      context-switches                                            
     9.942803643              5,635      context-switches                                            
    10.000723691              1,026      context-switches                                            
