# started on Tue Nov  5 21:49:09 2019

#           time             counts unit events
     0.100604152                349      context-switches                                            
     0.201243636                390      context-switches                                            
     0.301858640                265      context-switches                                            
     0.402466993                227      context-switches                                            
     0.503061120                117      context-switches                                            
     0.603447757                179      context-switches                                            
     0.703946052                257      context-switches                                            
     0.804483044                300      context-switches                                            
     0.904966274                169      context-switches                                            
     1.005451634                208      context-switches                                            
     1.106022620                224      context-switches                                            
     1.206587810                454      context-switches                                            
     1.307241721                238      context-switches                                            
     1.407737029                230      context-switches                                            
     1.508230925                195      context-switches                                            
     1.608879370                228      context-switches                                            
     1.709509676                314      context-switches                                            
     1.810106724                277      context-switches                                            
     1.910647413                169      context-switches                                            
     2.011177712                312      context-switches                                            
     2.111689025                193      context-switches                                            
     2.212238069                373      context-switches                                            
     2.312814675                240      context-switches                                            
     2.413399791                194      context-switches                                            
     2.513920361                157      context-switches                                            
#           time             counts unit events
     2.614439032                163      context-switches                                            
     2.714997789                281      context-switches                                            
     2.815554569                217      context-switches                                            
     2.916085978                174      context-switches                                            
     3.016644187                197      context-switches                                            
     3.117308417                189      context-switches                                            
     3.217950198                453      context-switches                                            
     3.318437569                242      context-switches                                            
     3.418937623                168      context-switches                                            
     3.519530609                130      context-switches                                            
     3.620125014                176      context-switches                                            
     3.720674480                281      context-switches                                            
     3.821246145                275      context-switches                                            
     3.921824323                170      context-switches                                            
     4.022579119                230      context-switches                                            
     4.123131947                283      context-switches                                            
     4.223732828                409      context-switches                                            
     4.324391255                232      context-switches                                            
     4.425055598                148      context-switches                                            
     4.525676800                274      context-switches                                            
     4.626169383                166      context-switches                                            
     4.726760529                251      context-switches                                            
     4.827331607                199      context-switches                                            
     4.927728569                185      context-switches                                            
     5.028018805              6,238      context-switches                                            
#           time             counts unit events
     5.128153238             22,035      context-switches                                            
     5.228241082             35,771      context-switches                                            
     5.328527260             39,132      context-switches                                            
     5.428704402             35,635      context-switches                                            
     5.529004325             38,967      context-switches                                            
     5.629236211             36,163      context-switches                                            
     5.729407069             36,656      context-switches                                            
     5.829571652             36,404      context-switches                                            
     5.929802046             38,986      context-switches                                            
     6.030054428             36,239      context-switches                                            
     6.130166025             38,574      context-switches                                            
     6.230308714             37,001      context-switches                                            
     6.330605209             37,708      context-switches                                            
     6.430877329             36,431      context-switches                                            
     6.531152560             38,584      context-switches                                            
     6.631405217             36,945      context-switches                                            
     6.731542681             38,436      context-switches                                            
     6.831768386             35,591      context-switches                                            
     6.931952552             38,845      context-switches                                            
     7.032117640             35,983      context-switches                                            
     7.132236431             39,284      context-switches                                            
     7.232390580             35,529      context-switches                                            
     7.332556314             39,170      context-switches                                            
     7.432822671             35,547      context-switches                                            
     7.532959559             39,309      context-switches                                            
#           time             counts unit events
     7.633187093             36,062      context-switches                                            
     7.733405231             38,970      context-switches                                            
     7.833651897             37,464      context-switches                                            
     7.933886778             38,275      context-switches                                            
     8.034103550             36,285      context-switches                                            
     8.134316681             37,846      context-switches                                            
     8.234567703             37,216      context-switches                                            
     8.334679892             38,251      context-switches                                            
     8.434967455             36,700      context-switches                                            
     8.535074656             38,601      context-switches                                            
     8.635261727             36,689      context-switches                                            
     8.735373543             38,638      context-switches                                            
     8.835570369             36,289      context-switches                                            
     8.935690464             38,202      context-switches                                            
     9.035885210             36,694      context-switches                                            
     9.135996848             38,550      context-switches                                            
     9.236103336             38,353      context-switches                                            
     9.336269775             38,644      context-switches                                            
     9.436529256             36,049      context-switches                                            
     9.536811344             38,943      context-switches                                            
     9.637004640             37,068      context-switches                                            
     9.737203765             38,689      context-switches                                            
     9.837521624             36,210      context-switches                                            
     9.937717386             37,348      context-switches                                            
    10.000704724             23,946      context-switches                                            
