# started on Tue Nov  5 21:58:31 2019

#           time             counts unit events
     0.100771555                422      context-switches                                            
     0.201425804                150      context-switches                                            
     0.302062068                249      context-switches                                            
     0.402367454                213      context-switches                                            
     0.502965671                286      context-switches                                            
     0.603478748                214      context-switches                                            
     0.704070433                216      context-switches                                            
     0.804681090                234      context-switches                                            
     0.905259511                145      context-switches                                            
     1.005771273                241      context-switches                                            
     1.106384286                237      context-switches                                            
     1.207002446                152      context-switches                                            
     1.307593772                250      context-switches                                            
     1.408125994                379      context-switches                                            
     1.508657069                258      context-switches                                            
     1.609233585                188      context-switches                                            
     1.709808454                162      context-switches                                            
     1.810337723                237      context-switches                                            
     1.910880575                190      context-switches                                            
     2.011500995                279      context-switches                                            
     2.112106489                280      context-switches                                            
     2.212707364                178      context-switches                                            
     2.313227620                368      context-switches                                            
     2.413726470                423      context-switches                                            
     2.514380351                162      context-switches                                            
#           time             counts unit events
     2.614990813                192      context-switches                                            
     2.715549974                238      context-switches                                            
     2.816211279                228      context-switches                                            
     2.916789676                189      context-switches                                            
     3.017382692                218      context-switches                                            
     3.118006167                220      context-switches                                            
     3.218610531                111      context-switches                                            
     3.319036566                275      context-switches                                            
     3.419538092                336      context-switches                                            
     3.519919009                235      context-switches                                            
     3.620461951                327      context-switches                                            
     3.721042617                182      context-switches                                            
     3.821653662                224      context-switches                                            
     3.922264345                146      context-switches                                            
     4.022809045                235      context-switches                                            
     4.123360863                210      context-switches                                            
     4.223982943                333      context-switches                                            
     4.324642010                228      context-switches                                            
     4.425301124                312      context-switches                                            
     4.525890940                149      context-switches                                            
     4.626447468                203      context-switches                                            
     4.727024151                187      context-switches                                            
     4.827598125                526      context-switches                                            
     4.928132697                201      context-switches                                            
     5.028488757              1,027      context-switches                                            
#           time             counts unit events
     5.129061547              1,874      context-switches                                            
     5.229424898                815      context-switches                                            
     5.329725063              2,036      context-switches                                            
     5.430012975              6,347      context-switches                                            
     5.530534977              1,410      context-switches                                            
     5.630782470              4,508      context-switches                                            
     5.730972800              3,129      context-switches                                            
     5.831220451              1,403      context-switches                                            
     5.931459832              3,702      context-switches                                            
     6.031796687              2,832      context-switches                                            
     6.132135092              4,052      context-switches                                            
     6.232518744              1,230      context-switches                                            
     6.332994253              4,308      context-switches                                            
     6.433183798              3,750      context-switches                                            
     6.533509615              2,425      context-switches                                            
     6.633953044              3,691      context-switches                                            
     6.734131780              2,097      context-switches                                            
     6.834455362              3,671      context-switches                                            
     6.934675337              4,063      context-switches                                            
     7.035160318              1,413      context-switches                                            
     7.135394755              4,463      context-switches                                            
     7.235603385              2,098      context-switches                                            
     7.335969001              3,408      context-switches                                            
     7.436130868              4,864      context-switches                                            
     7.536446766              7,691      context-switches                                            
#           time             counts unit events
     7.636916339              3,251      context-switches                                            
     7.737247206              1,947      context-switches                                            
     7.837594392              3,844      context-switches                                            
     7.937956527              3,901      context-switches                                            
     8.038148452              2,286      context-switches                                            
     8.138469728              2,415      context-switches                                            
     8.238885785              5,601      context-switches                                            
     8.339355555              1,194      context-switches                                            
     8.439825836              4,539      context-switches                                            
     8.540202108              1,248      context-switches                                            
     8.640593021              4,002      context-switches                                            
     8.740861639              1,471      context-switches                                            
     8.841283220              3,708      context-switches                                            
     8.941613709              4,118      context-switches                                            
     9.041803524              1,346      context-switches                                            
     9.142185264              4,673      context-switches                                            
     9.242290286              2,323      context-switches                                            
     9.342753535              2,759      context-switches                                            
     9.443239367              4,300      context-switches                                            
     9.543601174              1,500      context-switches                                            
     9.643975139              4,061      context-switches                                            
     9.744156279              1,652      context-switches                                            
     9.844468658              3,511      context-switches                                            
     9.944801337              4,230      context-switches                                            
    10.000975952                749      context-switches                                            
