# started on Wed Nov  6 02:21:31 2019

#           time             counts unit events
     0.100871427                405      context-switches                                            
     0.201511142                480      context-switches                                            
     0.302009989                218      context-switches                                            
     0.402504569                215      context-switches                                            
     0.503023698                174      context-switches                                            
     0.603604080                249      context-switches                                            
     0.704188653                341      context-switches                                            
     0.804812256                248      context-switches                                            
     0.905399404                189      context-switches                                            
     1.005939693                177      context-switches                                            
     1.106515067                279      context-switches                                            
     1.206886237                587      context-switches                                            
     1.307356376                347      context-switches                                            
     1.407873734                163      context-switches                                            
     1.508433313                192      context-switches                                            
     1.608987817                161      context-switches                                            
     1.709544029                317      context-switches                                            
     1.810178768                245      context-switches                                            
     1.910733415                244      context-switches                                            
     2.011340523                188      context-switches                                            
     2.111847106                352      context-switches                                            
     2.212255777                500      context-switches                                            
     2.312841786                168      context-switches                                            
     2.413451912                146      context-switches                                            
     2.513955531                201      context-switches                                            
#           time             counts unit events
     2.614479663                183      context-switches                                            
     2.715095485                278      context-switches                                            
     2.815698109                192      context-switches                                            
     2.916214118                203      context-switches                                            
     3.016779974                160      context-switches                                            
     3.117314756                207      context-switches                                            
     3.217697256                472      context-switches                                            
     3.318271482                234      context-switches                                            
     3.418901540                212      context-switches                                            
     3.519444269                191      context-switches                                            
     3.620045979                216      context-switches                                            
     3.720660613                236      context-switches                                            
     3.821252069                179      context-switches                                            
     3.921856489                184      context-switches                                            
     4.022475779                138      context-switches                                            
     4.122947402                225      context-switches                                            
     4.223222873                485      context-switches                                            
     4.323808168                230      context-switches                                            
     4.424400800                231      context-switches                                            
     4.524860684                183      context-switches                                            
     4.625407641                146      context-switches                                            
     4.726016079                290      context-switches                                            
     4.826636853                188      context-switches                                            
     4.927210899                208      context-switches                                            
     5.027452948             23,370      context-switches                                            
#           time             counts unit events
     5.127617640             37,652      context-switches                                            
     5.227722780             38,299      context-switches                                            
     5.327895480             37,525      context-switches                                            
     5.428012374             37,699      context-switches                                            
     5.528192157             37,338      context-switches                                            
     5.628299751             37,274      context-switches                                            
     5.728487422             37,476      context-switches                                            
     5.828601674             36,687      context-switches                                            
     5.928826706             37,545      context-switches                                            
     6.028933304             37,355      context-switches                                            
     6.129061812             37,515      context-switches                                            
     6.229247597             37,531      context-switches                                            
     6.329356151             37,973      context-switches                                            
     6.429490209             37,403      context-switches                                            
     6.529704566             37,658      context-switches                                            
     6.629813875             36,909      context-switches                                            
     6.729982718             37,918      context-switches                                            
     6.830099993             36,494      context-switches                                            
     6.930269101             38,630      context-switches                                            
     7.030380948             37,712      context-switches                                            
     7.130586879             38,116      context-switches                                            
     7.230705461             36,260      context-switches                                            
     7.330981697             38,417      context-switches                                            
     7.431176900             35,984      context-switches                                            
     7.531372137             39,713      context-switches                                            
#           time             counts unit events
     7.631589872             35,307      context-switches                                            
     7.731805087             39,072      context-switches                                            
     7.831977598             37,047      context-switches                                            
     7.932145168             38,129      context-switches                                            
     8.032358974             36,805      context-switches                                            
     8.132612931             36,858      context-switches                                            
     8.232875554             36,851      context-switches                                            
     8.333061012             40,160      context-switches                                            
     8.433222355             34,862      context-switches                                            
     8.533495281             39,720      context-switches                                            
     8.633679941             36,343      context-switches                                            
     8.733894171             37,811      context-switches                                            
     8.834139651             36,372      context-switches                                            
     8.934305792             37,820      context-switches                                            
     9.034553106             36,566      context-switches                                            
     9.134712081             37,659      context-switches                                            
     9.234957474             36,291      context-switches                                            
     9.335200418             37,712      context-switches                                            
     9.435363621             35,727      context-switches                                            
     9.535640347             38,072      context-switches                                            
     9.635832960             36,594      context-switches                                            
     9.736082505             38,023      context-switches                                            
     9.836254381             36,925      context-switches                                            
     9.936475668             37,584      context-switches                                            
    10.000754423             22,260      context-switches                                            
