# started on Wed Nov  6 02:16:00 2019

#           time             counts unit events
     0.100899866                340      context-switches                                            
     0.201590057                178      context-switches                                            
     0.302199254                250      context-switches                                            
     0.402839099                229      context-switches                                            
     0.503469250                175      context-switches                                            
     0.604046062                372      context-switches                                            
     0.704642339                191      context-switches                                            
     0.805239857                255      context-switches                                            
     0.905792636                179      context-switches                                            
     1.006364641                279      context-switches                                            
     1.106934026                173      context-switches                                            
     1.207495608                225      context-switches                                            
     1.308097065                185      context-switches                                            
     1.408647583                233      context-switches                                            
     1.509199613                234      context-switches                                            
     1.609826583                396      context-switches                                            
     1.710463324                157      context-switches                                            
     1.810915673                246      context-switches                                            
     1.911475947                176      context-switches                                            
     2.012101975                285      context-switches                                            
     2.112710049                188      context-switches                                            
     2.213302418                219      context-switches                                            
     2.313901595                174      context-switches                                            
     2.414381802                198      context-switches                                            
     2.514666573                433      context-switches                                            
#           time             counts unit events
     2.615149673                215      context-switches                                            
     2.715582923                173      context-switches                                            
     2.816153933                231      context-switches                                            
     2.916819352                188      context-switches                                            
     3.017442731                268      context-switches                                            
     3.118016996                219      context-switches                                            
     3.218526788                267      context-switches                                            
     3.319130494                302      context-switches                                            
     3.419721134                303      context-switches                                            
     3.520191515                430      context-switches                                            
     3.620640585                184      context-switches                                            
     3.721240337                158      context-switches                                            
     3.821775698                270      context-switches                                            
     3.922375621                152      context-switches                                            
     4.022913297                311      context-switches                                            
     4.123435223                152      context-switches                                            
     4.224092158                195      context-switches                                            
     4.324736020                210      context-switches                                            
     4.425363075                159      context-switches                                            
     4.525715439                416      context-switches                                            
     4.626256943                187      context-switches                                            
     4.726734494                288      context-switches                                            
     4.827339415                292      context-switches                                            
     4.927923994                153      context-switches                                            
     5.028096780              4,481      context-switches                                            
#           time             counts unit events
     5.128303347              4,905      context-switches                                            
     5.228410713             37,180      context-switches                                            
     5.328558394             38,507      context-switches                                            
     5.428681701             37,292      context-switches                                            
     5.528971693             38,494      context-switches                                            
     5.629245053             38,684      context-switches                                            
     5.729537941             38,565      context-switches                                            
     5.829766742             36,982      context-switches                                            
     5.929991122             38,542      context-switches                                            
     6.030151848             37,081      context-switches                                            
     6.130338071             38,310      context-switches                                            
     6.230583423             36,069      context-switches                                            
     6.330904993             39,401      context-switches                                            
     6.431134040             38,063      context-switches                                            
     6.531431872             38,754      context-switches                                            
     6.631661805             36,624      context-switches                                            
     6.731846169             40,659      context-switches                                            
     6.832002005             37,917      context-switches                                            
     6.932218346             40,602      context-switches                                            
     7.032492365             37,769      context-switches                                            
     7.132765487             38,246      context-switches                                            
     7.232956976             37,135      context-switches                                            
     7.333170962             39,159      context-switches                                            
     7.433372399             37,856      context-switches                                            
     7.533678433             36,860      context-switches                                            
#           time             counts unit events
     7.633893717             37,965      context-switches                                            
     7.734147341             38,429      context-switches                                            
     7.834505404             37,356      context-switches                                            
     7.934691688             38,614      context-switches                                            
     8.034905851             37,306      context-switches                                            
     8.135017651             38,841      context-switches                                            
     8.235237954             38,115      context-switches                                            
     8.335452755             38,821      context-switches                                            
     8.435698763             37,043      context-switches                                            
     8.535807366             38,901      context-switches                                            
     8.635998130             36,743      context-switches                                            
     8.736134946             38,470      context-switches                                            
     8.836243744             38,884      context-switches                                            
     8.936345187             38,818      context-switches                                            
     9.036563224             37,789      context-switches                                            
     9.136683570             37,912      context-switches                                            
     9.236972510             37,859      context-switches                                            
     9.337099049             37,821      context-switches                                            
     9.437304261             37,233      context-switches                                            
     9.537472339             38,057      context-switches                                            
     9.637669605             37,795      context-switches                                            
     9.737944049             38,540      context-switches                                            
     9.838114885             38,233      context-switches                                            
     9.938406270             36,510      context-switches                                            
    10.000582442             24,012      context-switches                                            
