# started on Tue Nov 12 11:07:58 2019

#           time             counts unit events
     0.100190339              6,461      context-switches                                            
     0.200336863              8,438      context-switches                                            
     0.300441955              9,005      context-switches                                            
     0.400602255             26,616      context-switches                                            
     0.500705499             44,639      context-switches                                            
     0.600984519             42,121      context-switches                                            
     0.701090400             42,405      context-switches                                            
     0.801192974             43,099      context-switches                                            
     0.901322079             43,906      context-switches                                            
     1.001617354             43,053      context-switches                                            
     1.101919036             41,218      context-switches                                            
     1.202121383             42,358      context-switches                                            
     1.302374975             43,582      context-switches                                            
     1.402490890             45,626      context-switches                                            
     1.502674225             43,163      context-switches                                            
     1.602859762             42,552      context-switches                                            
     1.703040908             43,734      context-switches                                            
     1.803247561             45,076      context-switches                                            
     1.903379348             42,978      context-switches                                            
     2.003606630             41,743      context-switches                                            
     2.103710235             44,603      context-switches                                            
     2.203862774             40,081      context-switches                                            
     2.304091653             39,033      context-switches                                            
     2.404294157             41,521      context-switches                                            
     2.504464908             39,361      context-switches                                            
#           time             counts unit events
     2.604572458             40,294      context-switches                                            
     2.704747080             39,371      context-switches                                            
     2.804858599             37,331      context-switches                                            
     2.904963731             37,036      context-switches                                            
     3.005114260             40,084      context-switches                                            
     3.105225725             39,077      context-switches                                            
     3.205339209             38,356      context-switches                                            
     3.305544980             38,120      context-switches                                            
     3.405679636             37,820      context-switches                                            
     3.505805423             37,006      context-switches                                            
     3.605916227             38,955      context-switches                                            
     3.706135133             41,169      context-switches                                            
     3.806243323             39,919      context-switches                                            
     3.906353967             40,591      context-switches                                            
     4.006467101             42,223      context-switches                                            
     4.106574311             43,275      context-switches                                            
     4.206683698             42,888      context-switches                                            
     4.306883392             43,191      context-switches                                            
     4.407011711             40,734      context-switches                                            
     4.509618138             45,131      context-switches                                            
     4.609722663             41,371      context-switches                                            
     4.709833204             41,295      context-switches                                            
     4.810018030             42,721      context-switches                                            
     4.910257490             41,028      context-switches                                            
     5.010425854             38,094      context-switches                                            
#           time             counts unit events
     5.110615942             37,449      context-switches                                            
     5.210752199             39,653      context-switches                                            
     5.310862294             42,889      context-switches                                            
     5.411016016             40,458      context-switches                                            
     5.511075269             43,407      context-switches                                            
     5.611152379             39,513      context-switches                                            
     5.711259802             37,062      context-switches                                            
     5.811426523             42,436      context-switches                                            
     5.911578255             44,975      context-switches                                            
     6.011687793             41,796      context-switches                                            
     6.111828522             41,878      context-switches                                            
     6.211942676             36,901      context-switches                                            
     6.312141188             40,894      context-switches                                            
     6.412354437             40,062      context-switches                                            
     6.512523000             41,411      context-switches                                            
     6.612687710             39,788      context-switches                                            
     6.712792900             40,413      context-switches                                            
     6.812900519             37,123      context-switches                                            
     6.913058854             39,142      context-switches                                            
     7.013198747             41,801      context-switches                                            
     7.113300481             39,145      context-switches                                            
     7.213425055             37,663      context-switches                                            
     7.313563105             42,406      context-switches                                            
     7.413670662             40,716      context-switches                                            
     7.513873326             41,330      context-switches                                            
#           time             counts unit events
     7.614030895             42,184      context-switches                                            
     7.714128490             43,952      context-switches                                            
     7.814237475             43,132      context-switches                                            
     7.914326536             38,407      context-switches                                            
     8.014465337             38,594      context-switches                                            
     8.114626557             36,877      context-switches                                            
     8.214760505             39,982      context-switches                                            
     8.314862674             41,657      context-switches                                            
     8.414992992             43,760      context-switches                                            
     8.515103471             36,883      context-switches                                            
     8.615270380             38,097      context-switches                                            
     8.715376119             42,777      context-switches                                            
     8.815562703             39,178      context-switches                                            
     8.915722245             40,517      context-switches                                            
     9.015825681             38,397      context-switches                                            
     9.115955619             37,351      context-switches                                            
     9.216144957             42,380      context-switches                                            
     9.316296021             41,670      context-switches                                            
     9.416395721             39,638      context-switches                                            
     9.516499364             42,640      context-switches                                            
     9.616627857             42,007      context-switches                                            
     9.716806223             40,097      context-switches                                            
     9.817331353             33,876      context-switches                                            
     9.917443618             37,694      context-switches                                            
    10.000604371             32,083      context-switches                                            
