# started on Wed Nov  6 02:13:14 2019

#           time             counts unit events
     0.100833788                364      context-switches                                            
     0.201501372                198      context-switches                                            
     0.302114565                337      context-switches                                            
     0.402662973                200      context-switches                                            
     0.503268599                280      context-switches                                            
     0.603868057                166      context-switches                                            
     0.704504953                170      context-switches                                            
     0.804979289                226      context-switches                                            
     0.905564744                668      context-switches                                            
     1.006182006                211      context-switches                                            
     1.106554100                188      context-switches                                            
     1.207019022                262      context-switches                                            
     1.307490283                278      context-switches                                            
     1.408022224                193      context-switches                                            
     1.508608793                207      context-switches                                            
     1.609140005                332      context-switches                                            
     1.709700159                199      context-switches                                            
     1.810251969                325      context-switches                                            
     1.910845278                125      context-switches                                            
     2.011390796                202      context-switches                                            
     2.111997508                205      context-switches                                            
     2.212602311                222      context-switches                                            
     2.313178343                357      context-switches                                            
     2.413794179                177      context-switches                                            
     2.514405548                222      context-switches                                            
#           time             counts unit events
     2.614987300                188      context-switches                                            
     2.715582747                150      context-switches                                            
     2.816162491                213      context-switches                                            
     2.916755182                113      context-switches                                            
     3.017176932                225      context-switches                                            
     3.117740189                188      context-switches                                            
     3.218211481                250      context-switches                                            
     3.318752009                338      context-switches                                            
     3.419303561                191      context-switches                                            
     3.519856762                237      context-switches                                            
     3.620359009                173      context-switches                                            
     3.720882206                167      context-switches                                            
     3.821284966                316      context-switches                                            
     3.921844687                186      context-switches                                            
     4.022401448                217      context-switches                                            
     4.123005674                227      context-switches                                            
     4.223614201                368      context-switches                                            
     4.324100005                381      context-switches                                            
     4.424710794                174      context-switches                                            
     4.525342769                193      context-switches                                            
     4.625482708              3,911      context-switches                                            
     4.726069101              2,730      context-switches                                            
     4.826605493                177      context-switches                                            
     4.927212937                166      context-switches                                            
     5.027571958              1,566      context-switches                                            
#           time             counts unit events
     5.127806641              3,464      context-switches                                            
     5.228092677              2,334      context-switches                                            
     5.328452066              3,561      context-switches                                            
     5.428864631              1,201      context-switches                                            
     5.529047567              4,855      context-switches                                            
     5.629296461              5,888      context-switches                                            
     5.729815794              4,909      context-switches                                            
     5.830389502              1,272      context-switches                                            
     5.930736078              3,731      context-switches                                            
     6.030869478              5,545      context-switches                                            
     6.131314737              5,593      context-switches                                            
     6.231807822              1,064      context-switches                                            
     6.332090385              1,751      context-switches                                            
     6.432380160              1,441      context-switches                                            
     6.532480473              9,254      context-switches                                            
     6.632643527              5,646      context-switches                                            
     6.732955557              3,270      context-switches                                            
     6.833468979              1,793      context-switches                                            
     6.933824672              5,252      context-switches                                            
     7.034081636              7,248      context-switches                                            
     7.134541877              5,293      context-switches                                            
     7.235044783              3,954      context-switches                                            
     7.335543870              1,719      context-switches                                            
     7.435813745              1,542      context-switches                                            
     7.535934050              8,774      context-switches                                            
#           time             counts unit events
     7.636040091              5,883      context-switches                                            
     7.736226362              3,326      context-switches                                            
     7.836632552              1,813      context-switches                                            
     7.936896571              5,391      context-switches                                            
     8.037177478              7,059      context-switches                                            
     8.137547067              5,335      context-switches                                            
     8.237881244              4,030      context-switches                                            
     8.338304826              1,713      context-switches                                            
     8.438774723              1,433      context-switches                                            
     8.538930004              8,447      context-switches                                            
     8.639145200              7,072      context-switches                                            
     8.739395536              2,853      context-switches                                            
     8.839752348              4,556      context-switches                                            
     8.939943018              4,901      context-switches                                            
     9.040151348              8,444      context-switches                                            
     9.140530600              5,055      context-switches                                            
     9.240962401              2,934      context-switches                                            
     9.341479934              1,614      context-switches                                            
     9.441919623              1,494      context-switches                                            
     9.542041710              8,383      context-switches                                            
     9.642311013              6,195      context-switches                                            
     9.742535151              3,627      context-switches                                            
     9.842807102              4,290      context-switches                                            
     9.943113961              1,608      context-switches                                            
    10.000705886              3,063      context-switches                                            
