# started on Tue Nov  5 20:47:02 2019

#           time             counts unit events
     0.101204235                395      context-switches                                            
     0.201884361                189      context-switches                                            
     0.302450615                172      context-switches                                            
     0.403051566                247      context-switches                                            
     0.503613991                245      context-switches                                            
     0.604220521                257      context-switches                                            
     0.704820270                275      context-switches                                            
     0.805425113                186      context-switches                                            
     0.905986681                362      context-switches                                            
     1.006557404                368      context-switches                                            
     1.107005084                194      context-switches                                            
     1.207557177                157      context-switches                                            
     1.308088978                196      context-switches                                            
     1.408743906                255      context-switches                                            
     1.509400731                196      context-switches                                            
     1.609993113                233      context-switches                                            
     1.710554631                192      context-switches                                            
     1.810980392                157      context-switches                                            
     1.911513921                231      context-switches                                            
     2.012185312                341      context-switches                                            
     2.112726929                248      context-switches                                            
     2.213309938                228      context-switches                                            
     2.313893201                198      context-switches                                            
     2.414512518                251      context-switches                                            
     2.515117321                164      context-switches                                            
#           time             counts unit events
     2.615653436                226      context-switches                                            
     2.716298928                220      context-switches                                            
     2.816779682                203      context-switches                                            
     2.917279585                233      context-switches                                            
     3.017722267                361      context-switches                                            
     3.118304586                229      context-switches                                            
     3.218881918                193      context-switches                                            
     3.319429530                167      context-switches                                            
     3.420021075                207      context-switches                                            
     3.520525357                236      context-switches                                            
     3.621106767                219      context-switches                                            
     3.721638786                195      context-switches                                            
     3.822216434                168      context-switches                                            
     3.922775911                214      context-switches                                            
     4.023400825                351      context-switches                                            
     4.123927720                261      context-switches                                            
     4.224507414                168      context-switches                                            
     4.325100665                177      context-switches                                            
     4.425649689                165      context-switches                                            
     4.526256487                264      context-switches                                            
     4.626836966                216      context-switches                                            
     4.727374164                213      context-switches                                            
     4.827760971                318      context-switches                                            
     4.928234812                216      context-switches                                            
     5.028396145              6,122      context-switches                                            
#           time             counts unit events
     5.128644652             32,997      context-switches                                            
     5.228853563             35,348      context-switches                                            
     5.329100469             38,401      context-switches                                            
     5.429328398             36,091      context-switches                                            
     5.529563818             39,433      context-switches                                            
     5.629807767             36,355      context-switches                                            
     5.729998670             37,717      context-switches                                            
     5.830201495             36,208      context-switches                                            
     5.930359082             38,657      context-switches                                            
     6.030533591             34,321      context-switches                                            
     6.130749706             37,658      context-switches                                            
     6.231020315             36,494      context-switches                                            
     6.331175284             37,513      context-switches                                            
     6.431505665             36,367      context-switches                                            
     6.531757472             39,437      context-switches                                            
     6.631949285             36,187      context-switches                                            
     6.732083493             38,402      context-switches                                            
     6.832336220             36,222      context-switches                                            
     6.932611724             38,522      context-switches                                            
     7.032863634             35,757      context-switches                                            
     7.133127122             38,358      context-switches                                            
     7.233328498             34,652      context-switches                                            
     7.333576582             37,228      context-switches                                            
     7.433825557             35,385      context-switches                                            
     7.534116787             38,649      context-switches                                            
#           time             counts unit events
     7.634421868             35,349      context-switches                                            
     7.734610222             38,928      context-switches                                            
     7.834868040             35,746      context-switches                                            
     7.935123446             38,638      context-switches                                            
     8.035363910             35,682      context-switches                                            
     8.135577479             38,919      context-switches                                            
     8.235790353             35,427      context-switches                                            
     8.335956472             38,383      context-switches                                            
     8.436137455             35,256      context-switches                                            
     8.536292381             38,564      context-switches                                            
     8.636498875             35,067      context-switches                                            
     8.736681638             39,267      context-switches                                            
     8.836992565             35,953      context-switches                                            
     8.937244093             37,312      context-switches                                            
     9.037489512             37,298      context-switches                                            
     9.137745779             36,992      context-switches                                            
     9.237924386             36,538      context-switches                                            
     9.338121242             38,072      context-switches                                            
     9.438253908             36,816      context-switches                                            
     9.538373024             37,564      context-switches                                            
     9.638556065             36,336      context-switches                                            
     9.738692427             38,273      context-switches                                            
     9.838935058             36,442      context-switches                                            
     9.939047977             38,845      context-switches                                            
    10.000724128             22,605      context-switches                                            
