# started on Wed Nov  6 01:45:37 2019

#           time             counts unit events
     0.100695657                450      context-switches                                            
     0.201415113                281      context-switches                                            
     0.302020246                214      context-switches                                            
     0.402558618                180      context-switches                                            
     0.503118809                138      context-switches                                            
     0.603723438                236      context-switches                                            
     0.704336434                178      context-switches                                            
     0.804967350                372      context-switches                                            
     0.905571879                187      context-switches                                            
     1.006069901                266      context-switches                                            
     1.106426691                426      context-switches                                            
     1.206953419                201      context-switches                                            
     1.307466897                222      context-switches                                            
     1.407851738              6,694      context-switches                                            
     1.508341899                119      context-switches                                            
     1.608985861                231      context-switches                                            
     1.709565125                150      context-switches                                            
     1.810143729                277      context-switches                                            
     1.910705259                188      context-switches                                            
     2.011311222                163      context-switches                                            
     2.111962721                406      context-switches                                            
     2.212561165                189      context-switches                                            
     2.313097571                282      context-switches                                            
     2.413687418                206      context-switches                                            
     2.514284197                167      context-switches                                            
#           time             counts unit events
     2.614856771                278      context-switches                                            
     2.715470988                140      context-switches                                            
     2.816054909                322      context-switches                                            
     2.916431504                245      context-switches                                            
     3.017066160                227      context-switches                                            
     3.117492788                398      context-switches                                            
     3.218042323                184      context-switches                                            
     3.318464626                188      context-switches                                            
     3.419037406                194      context-switches                                            
     3.519638746                150      context-switches                                            
     3.620233256                220      context-switches                                            
     3.720883657                148      context-switches                                            
     3.821406191                236      context-switches                                            
     3.922007925                231      context-switches                                            
     4.022583513                366      context-switches                                            
     4.123172171                351      context-switches                                            
     4.223756626                187      context-switches                                            
     4.324251705                183      context-switches                                            
     4.424856070                201      context-switches                                            
     4.525463643                140      context-switches                                            
     4.625984223                541      context-switches                                            
     4.726564207                248      context-switches                                            
     4.827186167                242      context-switches                                            
     4.927774845                265      context-switches                                            
     5.028126149              2,216      context-switches                                            
#           time             counts unit events
     5.128456489              3,885      context-switches                                            
     5.228830440              3,172      context-switches                                            
     5.329394956              2,882      context-switches                                            
     5.429681540              1,638      context-switches                                            
     5.529879635              4,858      context-switches                                            
     5.630203751              7,525      context-switches                                            
     5.730711278              2,706      context-switches                                            
     5.831209735              1,333      context-switches                                            
     5.931690148              2,162      context-switches                                            
     6.031880703              5,392      context-switches                                            
     6.131991575              7,590      context-switches                                            
     6.232247546              4,545      context-switches                                            
     6.332805691              2,975      context-switches                                            
     6.433162459              1,729      context-switches                                            
     6.533436011              7,975      context-switches                                            
     6.633723927              7,643      context-switches                                            
     6.734102148              3,313      context-switches                                            
     6.834421765              1,402      context-switches                                            
     6.934764360              1,808      context-switches                                            
     7.034923477              4,094      context-switches                                            
     7.135251492              9,005      context-switches                                            
     7.235399510              4,895      context-switches                                            
     7.335942778              3,040      context-switches                                            
     7.436410417              1,058      context-switches                                            
     7.536680222              4,543      context-switches                                            
#           time             counts unit events
     7.636843808              8,729      context-switches                                            
     7.737054644              4,923      context-switches                                            
     7.837448660              2,474      context-switches                                            
     7.938005684              1,185      context-switches                                            
     8.038258883              4,375      context-switches                                            
     8.138562700              9,485      context-switches                                            
     8.238665400              4,916      context-switches                                            
     8.339044420              4,142      context-switches                                            
     8.439700593              1,520      context-switches                                            
     8.539880196              4,579      context-switches                                            
     8.640200634              9,060      context-switches                                            
     8.740335081              4,884      context-switches                                            
     8.840717037              2,493      context-switches                                            
     8.941342419              1,106      context-switches                                            
     9.041618741              4,532      context-switches                                            
     9.141902211              8,987      context-switches                                            
     9.242149593              4,960      context-switches                                            
     9.342511235              6,576      context-switches                                            
     9.442991328              1,066      context-switches                                            
     9.543144801              2,895      context-switches                                            
     9.643309708             10,091      context-switches                                            
     9.743514971              5,533      context-switches                                            
     9.844065616              3,394      context-switches                                            
     9.944485678              1,760      context-switches                                            
    10.000618747              2,364      context-switches                                            
