     0.100460861          3,272,122      LLC-loads                      (39.85%)
     0.100460861            584,284      LLC-load-misses                (39.93%)
     0.200619466          3,445,868      LLC-loads                      (39.90%)
     0.200619466            866,519      LLC-load-misses                (39.93%)
     0.300726031          5,191,376      LLC-loads                      (39.92%)
     0.300726031            896,097      LLC-load-misses                (39.95%)
     0.400834744          3,520,419      LLC-loads                      (39.93%)
     0.400834744            662,881      LLC-load-misses                (39.96%)
     0.500963419          3,620,911      LLC-loads                      (39.93%)
     0.500963419            656,495      LLC-load-misses                (39.95%)
     0.601068235          2,770,188      LLC-loads                      (39.95%)
     0.601068235            816,680      LLC-load-misses                (39.95%)
     0.701304799          1,954,192      LLC-loads                      (39.95%)
     0.701304799            598,935      LLC-load-misses                (39.95%)
     0.801540692          2,032,088      LLC-loads                      (39.95%)
     0.801540692            589,836      LLC-load-misses                (39.94%)
     0.901731667          1,622,142      LLC-loads                      (39.95%)
     0.901731667            404,687      LLC-load-misses                (39.94%)
     1.001941398          3,396,316      LLC-loads                      (39.94%)
     1.001941398            779,147      LLC-load-misses                (39.94%)
     1.102054095          2,957,116      LLC-loads                      (39.94%)
     1.102054095          1,185,545      LLC-load-misses                (39.93%)
     1.202128243          2,502,114      LLC-loads                      (39.94%)
     1.202128243            646,632      LLC-load-misses                (39.93%)
     1.302240701          3,219,895      LLC-loads                      (39.94%)
     1.302240701            622,550      LLC-load-misses                (39.94%)
     1.402360910          4,207,513      LLC-loads                      (39.94%)
     1.402360910          1,177,733      LLC-load-misses                (39.94%)
     1.502481044          7,015,622      LLC-loads                      (39.94%)
     1.502481044          1,306,348      LLC-load-misses                (39.93%)
     1.602601709          3,719,866      LLC-loads                      (39.94%)
     1.602601709            958,021      LLC-load-misses                (39.94%)
     1.702742506          3,170,734      LLC-loads                      (39.94%)
     1.702742506            776,291      LLC-load-misses                (39.93%)
     1.802843673          3,171,243      LLC-loads                      (39.94%)
     1.802843673            881,133      LLC-load-misses                (39.94%)
     1.902962003          2,029,001      LLC-loads                      (39.94%)
     1.902962003            564,684      LLC-load-misses                (39.94%)
     2.003180045          1,794,931      LLC-loads                      (39.94%)
     2.003180045            385,657      LLC-load-misses                (39.94%)
     2.103374292          1,651,438      LLC-loads                      (39.94%)
     2.103374292            294,538      LLC-load-misses                (39.94%)
     2.203503546          2,466,745      LLC-loads                      (39.94%)
     2.203503546            631,187      LLC-load-misses                (39.94%)
     2.303657802          2,714,702      LLC-loads                      (39.94%)
     2.303657802            372,505      LLC-load-misses                (39.94%)
     2.403830452          2,206,789      LLC-loads                      (39.94%)
     2.403830452            394,020      LLC-load-misses                (39.94%)
     2.503944998          2,250,141      LLC-loads                      (39.95%)
     2.503944998            608,527      LLC-load-misses                (39.94%)
     2.604064291          3,642,145      LLC-loads                      (39.95%)
     2.604064291            839,290      LLC-load-misses                (39.94%)
     2.704182931          4,166,502      LLC-loads                      (39.95%)
     2.704182931            926,003      LLC-load-misses                (39.94%)
     2.804295655          8,449,459      LLC-loads                      (39.95%)
     2.804295655          3,418,525      LLC-load-misses                (39.94%)
     2.904773850          6,260,680      LLC-loads                      (39.94%)
     2.904773850          1,850,109      LLC-load-misses                (39.93%)
     3.004891326         10,740,007      LLC-loads                      (39.94%)
     3.004891326          3,796,003      LLC-load-misses                (39.93%)
     3.105033741          5,900,736      LLC-loads                      (39.94%)
     3.105033741          1,311,948      LLC-load-misses                (39.93%)
     3.205138171          4,958,620      LLC-loads                      (39.94%)
     3.205138171            813,277      LLC-load-misses                (39.94%)
     3.305243355          8,886,204      LLC-loads                      (39.94%)
     3.305243355          3,259,392      LLC-load-misses                (39.94%)
     3.405352532          8,327,249      LLC-loads                      (39.94%)
     3.405352532          2,082,749      LLC-load-misses                (39.94%)
     3.505560848          4,342,291      LLC-loads                      (39.94%)
     3.505560848            923,460      LLC-load-misses                (39.94%)
     3.605823698          6,251,490      LLC-loads                      (39.95%)
     3.605823698          1,741,883      LLC-load-misses                (39.93%)
     3.705969172          5,064,615      LLC-loads                      (39.95%)
     3.705969172          1,218,026      LLC-load-misses                (39.93%)
     3.806323420          4,190,666      LLC-loads                      (39.96%)
     3.806323420            941,865      LLC-load-misses                (39.93%)
     3.906449678          4,443,482      LLC-loads                      (39.96%)
     3.906449678            839,969      LLC-load-misses                (39.93%)
     4.006634208          7,797,167      LLC-loads                      (39.97%)
     4.006634208          1,434,112      LLC-load-misses                (39.93%)
     4.106902916          4,296,096      LLC-loads                      (39.97%)
     4.106902916            398,671      LLC-load-misses                (39.93%)
     4.207163111          3,975,557      LLC-loads                      (39.97%)
     4.207163111            604,352      LLC-load-misses                (39.93%)
     4.307323528          4,741,309      LLC-loads                      (39.98%)
     4.307323528            401,655      LLC-load-misses                (39.93%)
     4.407470305          3,760,200      LLC-loads                      (39.98%)
     4.407470305            526,846      LLC-load-misses                (39.93%)
     4.507731694          3,782,994      LLC-loads                      (39.98%)
     4.507731694            372,813      LLC-load-misses                (39.93%)
     4.607948274          5,263,860      LLC-loads                      (39.99%)
     4.607948274          1,953,990      LLC-load-misses                (39.93%)
     4.708131286          4,483,778      LLC-loads                      (39.99%)
     4.708131286            452,210      LLC-load-misses                (39.93%)
     4.808321297          5,958,479      LLC-loads                      (39.99%)
     4.808321297          1,334,501      LLC-load-misses                (39.93%)
     4.908621470          4,316,401      LLC-loads                      (40.00%)
     4.908621470            531,760      LLC-load-misses                (39.92%)
     5.008855723          4,249,844      LLC-loads                      (40.00%)
     5.008855723            413,953      LLC-load-misses                (39.92%)
     5.109034625          5,352,689      LLC-loads                      (40.00%)
     5.109034625          1,457,919      LLC-load-misses                (39.92%)
     5.209156754          4,704,702      LLC-loads                      (40.00%)
     5.209156754          1,100,651      LLC-load-misses                (39.92%)
     5.309387008          3,819,035      LLC-loads                      (40.01%)
     5.309387008            595,773      LLC-load-misses                (39.92%)
     5.409757732          7,328,447      LLC-loads                      (40.01%)
     5.409757732          2,785,413      LLC-load-misses                (39.93%)
     5.509928265          3,612,360      LLC-loads                      (40.01%)
     5.509928265            579,263      LLC-load-misses                (39.93%)
     5.610078804          5,256,514      LLC-loads                      (40.01%)
     5.610078804          1,468,249      LLC-load-misses                (39.94%)
     5.710577555          4,266,290      LLC-loads                      (40.01%)
     5.710577555            705,348      LLC-load-misses                (39.94%)
     5.810862770          2,794,198      LLC-loads                      (40.02%)
     5.810862770            470,603      LLC-load-misses                (39.94%)
     5.911052064          3,841,405      LLC-loads                      (40.02%)
     5.911052064            307,403      LLC-load-misses                (39.95%)
     6.011523149          7,225,869      LLC-loads                      (40.02%)
     6.011523149          1,010,117      LLC-load-misses                (39.95%)
     6.111790689          7,915,496      LLC-loads                      (40.03%)
     6.111790689          1,412,709      LLC-load-misses                (39.96%)
     6.211977695          6,711,976      LLC-loads                      (40.03%)
     6.211977695          1,479,242      LLC-load-misses                (39.96%)
     6.312364034          5,774,862      LLC-loads                      (40.03%)
     6.312364034          1,458,212      LLC-load-misses                (39.96%)
     6.412497393          3,838,488      LLC-loads                      (40.03%)
     6.412497393            705,301      LLC-load-misses                (39.96%)
     6.512629836          4,905,302      LLC-loads                      (40.03%)
     6.512629836            742,418      LLC-load-misses                (39.97%)
     6.612771024          9,563,697      LLC-loads                      (40.03%)
     6.612771024          2,206,200      LLC-load-misses                (39.97%)
     6.712922858          9,767,389      LLC-loads                      (40.03%)
     6.712922858          3,146,148      LLC-load-misses                (39.97%)
     6.813083521          5,170,207      LLC-loads                      (40.04%)
     6.813083521          1,027,672      LLC-load-misses                (39.97%)
     6.913223368          6,439,850      LLC-loads                      (40.04%)
     6.913223368            632,337      LLC-load-misses                (39.97%)
     7.013358781          4,342,522      LLC-loads                      (40.04%)
     7.013358781            401,444      LLC-load-misses                (39.97%)
     7.113458199          7,533,371      LLC-loads                      (40.04%)
     7.113458199          2,038,129      LLC-load-misses                (39.98%)
     7.213577939          9,648,356      LLC-loads                      (40.04%)
     7.213577939          3,004,017      LLC-load-misses                (39.98%)
     7.313695590          6,127,932      LLC-loads                      (40.03%)
     7.313695590            702,189      LLC-load-misses                (39.98%)
     7.413924488          6,355,185      LLC-loads                      (40.03%)
     7.413924488          1,636,658      LLC-load-misses                (39.98%)
     7.514169575          5,341,159      LLC-loads                      (40.03%)
     7.514169575            938,307      LLC-load-misses                (39.98%)
     7.614332471          4,686,965      LLC-loads                      (40.03%)
     7.614332471            656,368      LLC-load-misses                (39.98%)
     7.714448689          7,059,520      LLC-loads                      (40.03%)
     7.714448689          1,355,652      LLC-load-misses                (39.99%)
     7.814577932          7,477,271      LLC-loads                      (40.03%)
     7.814577932          1,693,250      LLC-load-misses                (39.99%)
     7.914752315          6,294,585      LLC-loads                      (40.03%)
     7.914752315          1,475,218      LLC-load-misses                (39.99%)
     8.014970062          5,740,273      LLC-loads                      (40.03%)
     8.014970062            829,883      LLC-load-misses                (39.99%)
     8.115308398          3,728,821      LLC-loads                      (40.02%)
     8.115308398            540,286      LLC-load-misses                (39.99%)
     8.215576970          8,568,426      LLC-loads                      (40.02%)
     8.215576970          2,639,229      LLC-load-misses                (39.99%)
     8.315717751          6,532,074      LLC-loads                      (40.02%)
     8.315717751          2,764,414      LLC-load-misses                (40.00%)
     8.415842654          5,483,864      LLC-loads                      (40.02%)
     8.415842654          1,388,250      LLC-load-misses                (40.00%)
     8.516116345          5,221,181      LLC-loads                      (40.02%)
     8.516116345            309,200      LLC-load-misses                (40.00%)
     8.616342256          4,028,044      LLC-loads                      (40.02%)
     8.616342256            532,563      LLC-load-misses                (40.00%)
     8.716561805          7,208,887      LLC-loads                      (40.02%)
     8.716561805          1,896,371      LLC-load-misses                (40.00%)
     8.816685857          5,017,563      LLC-loads                      (40.01%)
     8.816685857            962,924      LLC-load-misses                (40.00%)
     8.916816631          5,311,309      LLC-loads                      (40.01%)
     8.916816631          1,060,494      LLC-load-misses                (40.00%)
     9.016945771          7,874,226      LLC-loads                      (40.01%)
     9.016945771          1,159,973      LLC-load-misses                (40.00%)
     9.117065176          6,828,546      LLC-loads                      (40.01%)
     9.117065176          1,164,276      LLC-load-misses                (40.00%)
     9.217297953          6,267,896      LLC-loads                      (40.01%)
     9.217297953            999,254      LLC-load-misses                (40.01%)
     9.317434066          4,352,954      LLC-loads                      (40.01%)
     9.317434066            496,537      LLC-load-misses                (40.01%)
     9.417546076          5,221,119      LLC-loads                      (40.01%)
     9.417546076          1,692,665      LLC-load-misses                (40.01%)
     9.517675823          5,457,139      LLC-loads                      (40.01%)
     9.517675823          1,689,563      LLC-load-misses                (40.00%)
     9.617790022          7,199,650      LLC-loads                      (40.01%)
     9.617790022          1,403,206      LLC-load-misses                (40.00%)
     9.717899345         11,410,712      LLC-loads                      (40.01%)
     9.717899345          3,539,842      LLC-load-misses                (40.00%)
     9.818010611          5,213,065      LLC-loads                      (40.01%)
     9.818010611            270,850      LLC-load-misses                (40.00%)
     9.918150870          3,624,042      LLC-loads                      (40.01%)
     9.918150870            191,535      LLC-load-misses                (40.00%)
    10.018260601          4,500,060      LLC-loads                      (40.01%)
    10.018260601            570,798      LLC-load-misses                (40.00%)
    10.118368503          6,246,018      LLC-loads                      (40.01%)
    10.118368503            839,594      LLC-load-misses                (40.00%)
    10.218473507          6,802,854      LLC-loads                      (40.01%)
    10.218473507          1,372,941      LLC-load-misses                (40.00%)
    10.318583759          6,308,702      LLC-loads                      (40.00%)
    10.318583759          1,100,556      LLC-load-misses                (40.00%)
    10.418719730          7,355,514      LLC-loads                      (40.00%)
    10.418719730            903,577      LLC-load-misses                (40.00%)
    10.518838290          4,625,700      LLC-loads                      (40.00%)
    10.518838290            433,791      LLC-load-misses                (40.00%)
    10.618974477          4,190,280      LLC-loads                      (40.00%)
    10.618974477            267,168      LLC-load-misses                (40.00%)
    10.719078170          5,366,485      LLC-loads                      (40.00%)
    10.719078170          1,368,284      LLC-load-misses                (40.00%)
    10.819189982          5,471,658      LLC-loads                      (40.00%)
    10.819189982          2,015,344      LLC-load-misses                (40.00%)
    10.919328713          5,078,460      LLC-loads                      (40.00%)
    10.919328713            933,814      LLC-load-misses                (40.00%)
    11.019415816          9,797,666      LLC-loads                      (40.00%)
    11.019415816          2,875,846      LLC-load-misses                (40.00%)
    11.119534126          7,172,167      LLC-loads                      (40.00%)
    11.119534126          1,752,433      LLC-load-misses                (40.00%)
    11.219679138          3,653,387      LLC-loads                      (40.00%)
    11.219679138            303,102      LLC-load-misses                (40.00%)
    11.319783574          3,515,518      LLC-loads                      (40.00%)
    11.319783574            165,217      LLC-load-misses                (40.00%)
    11.419891373          8,729,768      LLC-loads                      (40.00%)
    11.419891373          2,218,997      LLC-load-misses                (40.00%)
    11.520005487          6,234,226      LLC-loads                      (40.00%)
    11.520005487          1,981,964      LLC-load-misses                (40.00%)
    11.620118751          7,183,575      LLC-loads                      (40.00%)
    11.620118751          1,194,850      LLC-load-misses                (40.00%)
    11.720258726          8,590,583      LLC-loads                      (40.00%)
    11.720258726          2,629,825      LLC-load-misses                (40.00%)
    11.820366749          5,789,772      LLC-loads                      (40.00%)
    11.820366749            748,884      LLC-load-misses                (39.99%)
    11.920500456          3,716,103      LLC-loads                      (40.00%)
    11.920500456            185,277      LLC-load-misses                (39.99%)
    12.020636869          5,840,486      LLC-loads                      (40.00%)
    12.020636869          1,268,879      LLC-load-misses                (39.99%)
    12.120756252          5,536,881      LLC-loads                      (40.00%)
    12.120756252          1,660,030      LLC-load-misses                (39.99%)
    12.220873262          6,231,197      LLC-loads                      (40.00%)
    12.220873262          1,772,962      LLC-load-misses                (39.99%)
    12.321008844          7,579,149      LLC-loads                      (40.00%)
    12.321008844          2,225,082      LLC-load-misses                (39.99%)
    12.421121433          5,302,345      LLC-loads                      (39.99%)
    12.421121433            760,185      LLC-load-misses                (39.99%)
    12.521238007          3,327,307      LLC-loads                      (39.99%)
    12.521238007             74,074      LLC-load-misses                (39.99%)
    12.621353489          4,437,661      LLC-loads                      (39.99%)
    12.621353489            334,512      LLC-load-misses                (39.99%)
    12.721447591          5,968,559      LLC-loads                      (39.99%)
    12.721447591            888,716      LLC-load-misses                (39.99%)
    12.821568845          6,292,276      LLC-loads                      (39.99%)
    12.821568845          1,775,756      LLC-load-misses                (39.99%)
    12.921683894          5,615,811      LLC-loads                      (39.99%)
    12.921683894          1,176,529      LLC-load-misses                (39.99%)
    13.021819933          9,785,059      LLC-loads                      (39.99%)
    13.021819933          3,450,647      LLC-load-misses                (39.99%)
    13.121938409          4,964,689      LLC-loads                      (39.99%)
    13.121938409            516,273      LLC-load-misses                (39.99%)
    13.222082244          4,763,119      LLC-loads                      (39.99%)
    13.222082244            909,255      LLC-load-misses                (39.99%)
    13.322188573          3,953,805      LLC-loads                      (39.99%)
    13.322188573            500,548      LLC-load-misses                (39.99%)
    13.422304050          4,988,609      LLC-loads                      (39.99%)
    13.422304050            665,063      LLC-load-misses                (39.99%)
    13.522420225         11,642,375      LLC-loads                      (39.99%)
    13.522420225          3,240,843      LLC-load-misses                (39.99%)
    13.622538395          8,487,115      LLC-loads                      (39.99%)
    13.622538395          2,647,129      LLC-load-misses                (39.99%)
    13.722648394          4,226,423      LLC-loads                      (39.99%)
    13.722648394            496,957      LLC-load-misses                (39.99%)
    13.822759150          4,678,791      LLC-loads                      (39.99%)
    13.822759150            841,319      LLC-load-misses                (39.99%)
    13.922879860          4,997,381      LLC-loads                      (39.99%)
    13.922879860            742,436      LLC-load-misses                (39.99%)
    14.023018084          8,182,439      LLC-loads                      (39.99%)
    14.023018084          2,032,995      LLC-load-misses                (39.99%)
    14.123117371          9,342,393      LLC-loads                      (39.99%)
    14.123117371          3,496,777      LLC-load-misses                (39.99%)
    14.223224331          4,748,696      LLC-loads                      (39.99%)
    14.223224331            686,294      LLC-load-misses                (39.99%)
    14.323331597          5,767,330      LLC-loads                      (39.99%)
    14.323331597            871,458      LLC-load-misses                (39.99%)
    14.423467570          3,949,429      LLC-loads                      (39.99%)
    14.423467570            212,518      LLC-load-misses                (39.99%)
    14.523582425          4,074,321      LLC-loads                      (39.99%)
    14.523582425            422,334      LLC-load-misses                (39.99%)
    14.623700210          5,007,398      LLC-loads                      (39.99%)
    14.623700210            508,016      LLC-load-misses                (39.99%)
    14.723821505         10,078,809      LLC-loads                      (39.99%)
    14.723821505          3,047,848      LLC-load-misses                (39.99%)
    14.823932498          6,801,424      LLC-loads                      (39.99%)
    14.823932498          2,872,719      LLC-load-misses                (39.99%)
    14.924036721          6,172,344      LLC-loads                      (39.99%)
    14.924036721            779,332      LLC-load-misses                (39.99%)
    15.024139669          5,262,786      LLC-loads                      (39.99%)
    15.024139669            711,310      LLC-load-misses                (39.99%)
    15.124269477          7,179,623      LLC-loads                      (39.99%)
    15.124269477          2,328,036      LLC-load-misses                (39.99%)
    15.224382576          4,005,542      LLC-loads                      (39.99%)
    15.224382576            238,687      LLC-load-misses                (39.99%)
    15.324523776          4,160,558      LLC-loads                      (39.99%)
    15.324523776            521,690      LLC-load-misses                (39.99%)
    15.424658729          5,993,558      LLC-loads                      (39.99%)
    15.424658729          1,663,720      LLC-load-misses                (39.99%)
    15.524772957          2,492,309      LLC-loads                      (39.99%)
    15.524772957             49,120      LLC-load-misses                (39.99%)
    15.624903726          3,643,952      LLC-loads                      (39.99%)
    15.624903726            182,346      LLC-load-misses                (39.99%)
    15.725040307          4,526,221      LLC-loads                      (39.98%)
    15.725040307            358,820      LLC-load-misses                (39.98%)
    15.825177412          3,747,366      LLC-loads                      (39.98%)
    15.825177412            438,662      LLC-load-misses                (39.98%)
    15.925286701          3,991,932      LLC-loads                      (39.98%)
    15.925286701            169,036      LLC-load-misses                (39.98%)
    16.025424938          4,543,251      LLC-loads                      (39.98%)
    16.025424938          1,142,601      LLC-load-misses                (39.98%)
    16.125645260          3,763,545      LLC-loads                      (39.99%)
    16.125645260            585,472      LLC-load-misses                (39.98%)
    16.225802307          6,881,719      LLC-loads                      (39.99%)
    16.225802307          2,087,407      LLC-load-misses                (39.98%)
    16.325939122          8,222,564      LLC-loads                      (39.99%)
    16.325939122          3,438,454      LLC-load-misses                (39.98%)
    16.426076720          6,142,152      LLC-loads                      (39.99%)
    16.426076720            745,059      LLC-load-misses                (39.98%)
    16.526248277          4,227,317      LLC-loads                      (39.99%)
    16.526248277            125,409      LLC-load-misses                (39.98%)
    16.626473660          3,351,271      LLC-loads                      (39.99%)
    16.626473660            247,458      LLC-load-misses                (39.98%)
    16.726709300          4,786,352      LLC-loads                      (39.99%)
    16.726709300          1,173,425      LLC-load-misses                (39.98%)
    16.826839472          5,264,559      LLC-loads                      (39.99%)
    16.826839472            962,843      LLC-load-misses                (39.98%)
    16.926978111          7,783,171      LLC-loads                      (39.99%)
    16.926978111          1,491,545      LLC-load-misses                (39.98%)
    17.027123707          9,083,266      LLC-loads                      (39.99%)
    17.027123707          3,215,319      LLC-load-misses                (39.98%)
    17.127270381          4,046,979      LLC-loads                      (39.99%)
    17.127270381            292,994      LLC-load-misses                (39.98%)
    17.227535498          3,419,356      LLC-loads                      (39.99%)
    17.227535498            188,330      LLC-load-misses                (39.98%)
    17.327654428          4,795,281      LLC-loads                      (39.99%)
    17.327654428            565,021      LLC-load-misses                (39.98%)
    17.427992904          4,493,227      LLC-loads                      (39.99%)
    17.427992904            829,117      LLC-load-misses                (39.98%)
    17.528209547          7,352,907      LLC-loads                      (40.00%)
    17.528209547          2,054,383      LLC-load-misses                (39.98%)
    17.628333796          8,213,697      LLC-loads                      (40.00%)
    17.628333796          2,243,472      LLC-load-misses                (39.98%)
    17.728540851          6,479,295      LLC-loads                      (40.00%)
    17.728540851          1,132,045      LLC-load-misses                (39.98%)
    17.828708585          4,599,868      LLC-loads                      (40.00%)
    17.828708585            416,033      LLC-load-misses                (39.98%)
    17.928843441          6,746,366      LLC-loads                      (40.00%)
    17.928843441          1,243,795      LLC-load-misses                (39.98%)
    18.028975842          8,348,952      LLC-loads                      (40.00%)
    18.028975842          1,453,272      LLC-load-misses                (39.98%)
    18.129121150          6,000,708      LLC-loads                      (40.00%)
    18.129121150          1,308,600      LLC-load-misses                (39.98%)
    18.229311634          9,177,160      LLC-loads                      (40.00%)
    18.229311634          2,667,497      LLC-load-misses                (39.98%)
    18.329476674         10,361,081      LLC-loads                      (40.00%)
    18.329476674          3,325,591      LLC-load-misses                (39.98%)
    18.429626848          6,815,297      LLC-loads                      (40.00%)
    18.429626848          1,354,356      LLC-load-misses                (39.98%)
    18.529966829          7,318,996      LLC-loads                      (40.00%)
    18.529966829          1,154,964      LLC-load-misses                (39.98%)
    18.630119961          4,277,299      LLC-loads                      (40.00%)
    18.630119961            878,260      LLC-load-misses                (39.98%)
    18.730615855          8,551,764      LLC-loads                      (40.00%)
    18.730615855          3,167,398      LLC-load-misses                (39.98%)
    18.830947201          5,033,621      LLC-loads                      (40.00%)
    18.830947201          1,110,345      LLC-load-misses                (39.98%)
    18.931091733          7,971,071      LLC-loads                      (40.00%)
    18.931091733          2,914,599      LLC-load-misses                (39.98%)
    19.031258936          7,865,786      LLC-loads                      (40.01%)
    19.031258936          2,831,914      LLC-load-misses                (39.98%)
    19.131658528          4,673,087      LLC-loads                      (40.01%)
    19.131658528            408,181      LLC-load-misses                (39.98%)
    19.232005205          3,845,805      LLC-loads                      (40.01%)
    19.232005205            122,472      LLC-load-misses                (39.99%)
    19.332138968          7,449,969      LLC-loads                      (40.01%)
    19.332138968          2,305,082      LLC-load-misses                (39.99%)
    19.432658255          3,068,957      LLC-loads                      (40.01%)
    19.432658255            509,341      LLC-load-misses                (39.99%)
    19.532961994          8,173,626      LLC-loads                      (40.01%)
    19.532961994          2,325,169      LLC-load-misses                (39.99%)
    19.633096648          9,904,693      LLC-loads                      (40.01%)
    19.633096648          3,714,377      LLC-load-misses                (39.99%)
    19.733251820          4,815,707      LLC-loads                      (40.01%)
    19.733251820            846,103      LLC-load-misses                (39.99%)
    19.833659269          3,744,581      LLC-loads                      (40.01%)
    19.833659269            461,049      LLC-load-misses                (39.99%)
    19.933860579          6,116,298      LLC-loads                      (40.01%)
    19.933860579          1,966,199      LLC-load-misses                (39.99%)
    20.000628094          2,170,735      LLC-loads                      (40.00%)
    20.000628094            138,997      LLC-load-misses                (40.00%)
