# started on Thu Nov  7 01:38:44 2019

#           time             counts unit events
     0.100767363                343      context-switches                                            
     0.201334011                682      context-switches                                            
     0.301692905              3,698      context-switches                                            
     0.402206792              1,130      context-switches                                            
     0.502576871              2,688      context-switches                                            
     0.602725547              3,806      context-switches                                            
     0.702968603              5,109      context-switches                                            
     0.803371104              6,115      context-switches                                            
     0.903813945              4,230      context-switches                                            
     1.004226230              3,814      context-switches                                            
     1.104388740              4,523      context-switches                                            
     1.204630279              6,988      context-switches                                            
     1.304830834              2,359      context-switches                                            
     1.405194401              4,434      context-switches                                            
     1.505386110              6,194      context-switches                                            
     1.605699791              3,457      context-switches                                            
     1.705958734              5,289      context-switches                                            
     1.806188220              4,642      context-switches                                            
     1.906758513              4,682      context-switches                                            
     2.006934327              3,976      context-switches                                            
     2.107389048              5,838      context-switches                                            
     2.207739046              4,363      context-switches                                            
     2.307842795              6,822      context-switches                                            
     2.407967488              6,762      context-switches                                            
     2.508089288              6,861      context-switches                                            
#           time             counts unit events
     2.608390579              2,856      context-switches                                            
     2.708718777              5,575      context-switches                                            
     2.809083298              3,948      context-switches                                            
     2.909238795              3,997      context-switches                                            
     3.009674720              5,657      context-switches                                            
     3.110070603              4,109      context-switches                                            
     3.210366147              2,922      context-switches                                            
     3.310600565              7,898      context-switches                                            
     3.410871407              1,508      context-switches                                            
     3.510993719              5,840      context-switches                                            
     3.611155776              4,963      context-switches                                            
     3.711475225              3,932      context-switches                                            
     3.811659610              5,072      context-switches                                            
     3.911984384              4,614      context-switches                                            
     4.012298474              4,531      context-switches                                            
     4.112612184              4,734      context-switches                                            
     4.212957446              5,134      context-switches                                            
     4.313114187              2,150      context-switches                                            
     4.413220193              7,165      context-switches                                            
     4.513486284              1,547      context-switches                                            
     4.613625778              4,618      context-switches                                            
     4.713921606              5,693      context-switches                                            
     4.814271245              3,698      context-switches                                            
     4.914504219              3,631      context-switches                                            
     5.014884641              5,976      context-switches                                            
#           time             counts unit events
     5.115256736              4,237      context-switches                                            
     5.215406506              2,575      context-switches                                            
     5.315536565              7,002      context-switches                                            
     5.415859459              2,512      context-switches                                            
     5.516016824              7,442      context-switches                                            
     5.616218157              9,210      context-switches                                            
     5.716645025              3,928      context-switches                                            
     5.816794318              5,659      context-switches                                            
     5.917199202              4,239      context-switches                                            
     6.017529989              4,767      context-switches                                            
     6.117961960              5,142      context-switches                                            
     6.218132982              4,179      context-switches                                            
     6.318329461              4,502      context-switches                                            
     6.418432109              4,821      context-switches                                            
     6.518782888              2,505      context-switches                                            
     6.619062894              5,558      context-switches                                            
     6.719310258              4,737      context-switches                                            
     6.819688353              3,982      context-switches                                            
     6.920216671              4,927      context-switches                                            
     7.020614286              5,107      context-switches                                            
     7.120829417              3,967      context-switches                                            
     7.221007908              6,099      context-switches                                            
     7.321360510              4,306      context-switches                                            
     7.421586782              2,483      context-switches                                            
     7.521769687              6,405      context-switches                                            
#           time             counts unit events
     7.622036000              2,800      context-switches                                            
     7.722292082              5,127      context-switches                                            
     7.822397000              5,419      context-switches                                            
     7.922905847              4,066      context-switches                                            
     8.023052290              3,853      context-switches                                            
     8.123504864              6,143      context-switches                                            
     8.223926906              4,161      context-switches                                            
     8.324265285              2,648      context-switches                                            
     8.424501267              7,327      context-switches                                            
     8.524648596              2,364      context-switches                                            
     8.625078768              4,677      context-switches                                            
     8.725411533              6,080      context-switches                                            
     8.825838885              3,563      context-switches                                            
     8.926092511              4,514      context-switches                                            
     9.026398110              5,421      context-switches                                            
     9.126885123              4,410      context-switches                                            
     9.227148566              3,252      context-switches                                            
     9.327314394              7,226      context-switches                                            
     9.427544562              1,442      context-switches                                            
     9.527769169              5,270      context-switches                                            
     9.627892889              6,606      context-switches                                            
     9.728371097              2,923      context-switches                                            
     9.828829509              4,889      context-switches                                            
     9.929098135              4,947      context-switches                                            
    10.000950175              4,230      context-switches                                            
