# started on Tue Nov  5 09:59:58 2019

#           time             counts unit events
     0.100203348                377      context-switches                                            
     0.200711514                186      context-switches                                            
     0.301225130                212      context-switches                                            
     0.402075134                194      context-switches                                            
     0.502958897                212      context-switches                                            
     0.603472432                535      context-switches                                            
     0.703743230                460      context-switches                                            
     0.804682983                311      context-switches                                            
     0.905271947                184      context-switches                                            
     1.006162863                179      context-switches                                            
     1.106725258                258      context-switches                                            
     1.207600201                162      context-switches                                            
     1.308218247                230      context-switches                                            
     1.409049420                180      context-switches                                            
     1.509938824                142      context-switches                                            
     1.610413751                509      context-switches                                            
     1.710701699                414      context-switches                                            
     1.811359754                323      context-switches                                            
     1.911749242                217      context-switches                                            
     2.012284799                351      context-switches                                            
     2.112836105                308      context-switches                                            
     2.213421712                183      context-switches                                            
     2.314263687                207      context-switches                                            
     2.415089941                192      context-switches                                            
     2.515347990                171      context-switches                                            
#           time             counts unit events
     2.615851596                546      context-switches                                            
     2.716457164                497      context-switches                                            
     2.816924300                339      context-switches                                            
     2.917404518                209      context-switches                                            
     3.017909275                198      context-switches                                            
     3.118447281                250      context-switches                                            
     3.218980960                177      context-switches                                            
     3.319494857                246      context-switches                                            
     3.420020574                211      context-switches                                            
     3.520544482                176      context-switches                                            
     3.620909940                589      context-switches                                            
     3.721171889                507      context-switches                                            
     3.821498018                390      context-switches                                            
     3.922170875                294      context-switches                                            
     4.022518744                229      context-switches                                            
     4.123389269                267      context-switches                                            
     4.223888957                186      context-switches                                            
     4.324449855                231      context-switches                                            
     4.424983253                262      context-switches                                            
     4.525265342                250      context-switches                                            
     4.625603151                438      context-switches                                            
     4.725967611                445      context-switches                                            
     4.826469979                238      context-switches                                            
     4.927030316                301      context-switches                                            
     5.027245457                595      context-switches                                            
#           time             counts unit events
     5.127413738              1,267      context-switches                                            
     5.227632469                907      context-switches                                            
     5.327895040                859      context-switches                                            
     5.428135930                937      context-switches                                            
     5.528609789                864      context-switches                                            
     5.628904039              1,088      context-switches                                            
     5.729224159              1,146      context-switches                                            
     5.829523749                830      context-switches                                            
     5.929813039              1,043      context-switches                                            
     6.030092220                909      context-switches                                            
     6.130356851                923      context-switches                                            
     6.230603962                884      context-switches                                            
     6.331173140                833      context-switches                                            
     6.431421191                835      context-switches                                            
     6.531883181                899      context-switches                                            
     6.632136522              1,100      context-switches                                            
     6.732400213              1,224      context-switches                                            
     6.832879962                860      context-switches                                            
     6.933166223                985      context-switches                                            
     7.033463673                862      context-switches                                            
     7.133730665                885      context-switches                                            
     7.234008666                895      context-switches                                            
     7.334273497                945      context-switches                                            
     7.434530059                833      context-switches                                            
     7.534773840                908      context-switches                                            
#           time             counts unit events
     7.635057261              1,136      context-switches                                            
     7.735327943              1,031      context-switches                                            
     7.835599164                880      context-switches                                            
     7.936080854                959      context-switches                                            
     8.036293027              1,016      context-switches                                            
     8.136464529              8,409      context-switches                                            
     8.236681871                890      context-switches                                            
     8.336958673                845      context-switches                                            
     8.437216575                886      context-switches                                            
     8.537467657                940      context-switches                                            
     8.637616160              1,288      context-switches                                            
     8.737850672              1,108      context-switches                                            
     8.838092444              1,021      context-switches                                            
     8.938298456              1,145      context-switches                                            
     9.038523349              1,050      context-switches                                            
     9.138761292              1,044      context-switches                                            
     9.238978274                846      context-switches                                            
     9.339216577                906      context-switches                                            
     9.439458540                969      context-switches                                            
     9.539715432                938      context-switches                                            
     9.639959845              1,066      context-switches                                            
     9.740208577              1,094      context-switches                                            
     9.840444390                882      context-switches                                            
     9.940681483              1,062      context-switches                                            
    10.000888558                550      context-switches                                            
