# started on Tue Nov  5 09:54:55 2019

#           time             counts unit events
     0.100214324                646      context-switches                                            
     0.200755476                261      context-switches                                            
     0.301069960                274      context-switches                                            
     0.401618122                201      context-switches                                            
     0.501791738              8,464      context-switches                                            
     0.602265741                277      context-switches                                            
     0.702580505                434      context-switches                                            
     0.802911740                282      context-switches                                            
     0.904641311                213      context-switches                                            
     1.005559589                433      context-switches                                            
     1.105855764                485      context-switches                                            
     1.206108639                233      context-switches                                            
     1.306713561                410      context-switches                                            
     1.407237905                207      context-switches                                            
     1.507606940                308      context-switches                                            
     1.608136483                232      context-switches                                            
     1.708459619                473      context-switches                                            
     1.808991822                299      context-switches                                            
     1.909316018                214      context-switches                                            
     2.009902800                347      context-switches                                            
     2.110192476                415      context-switches                                            
     2.210695620                213      context-switches                                            
     2.311159044                387      context-switches                                            
     2.411640639                176      context-switches                                            
     2.512121744                287      context-switches                                            
#           time             counts unit events
     2.612852626                186      context-switches                                            
     2.713395271                430      context-switches                                            
     2.814300781                205      context-switches                                            
     2.914844746                188      context-switches                                            
     3.015194541                273      context-switches                                            
     3.115504548                459      context-switches                                            
     3.215855144                177      context-switches                                            
     3.316338659                322      context-switches                                            
     3.416945384                178      context-switches                                            
     3.517820646                279      context-switches                                            
     3.618718068                217      context-switches                                            
     3.719240093                386      context-switches                                            
     3.820223934                179      context-switches                                            
     3.921192464                186      context-switches                                            
     4.021724690                304      context-switches                                            
     4.122028857                410      context-switches                                            
     4.222339585                229      context-switches                                            
     4.322693302                386      context-switches                                            
     4.423218989                304      context-switches                                            
     4.524083632                289      context-switches                                            
     4.624600958                227      context-switches                                            
     4.725198044                430      context-switches                                            
     4.826130146                242      context-switches                                            
     4.927018698                215      context-switches                                            
     5.027364877                401      context-switches                                            
#           time             counts unit events
     5.127951362                550      context-switches                                            
     5.228489578                405      context-switches                                            
     5.329554810                396      context-switches                                            
     5.430064957                401      context-switches                                            
     5.530933891                351      context-switches                                            
     5.631265000                475      context-switches                                            
     5.731620749                477      context-switches                                            
     5.832015947                451      context-switches                                            
     5.932559894                405      context-switches                                            
     6.033073972                485      context-switches                                            
     6.133463570                605      context-switches                                            
     6.233971468                506      context-switches                                            
     6.334371577                358      context-switches                                            
     6.434703717                420      context-switches                                            
     6.535634931                341      context-switches                                            
     6.636089810                308      context-switches                                            
     6.736435909                531      context-switches                                            
     6.836774450                388      context-switches                                            
     6.937105150                288      context-switches                                            
     7.037692657                449      context-switches                                            
     7.138016937                519      context-switches                                            
     7.238523995                358      context-switches                                            
     7.338874655                428      context-switches                                            
     7.439436304                431      context-switches                                            
     7.540030393                327      context-switches                                            
#           time             counts unit events
     7.640645031                419      context-switches                                            
     7.741496867                503      context-switches                                            
     7.842385992                294      context-switches                                            
     7.943326567                303      context-switches                                            
     8.043956095                397      context-switches                                            
     8.144465324                548      context-switches                                            
     8.244933213                332      context-switches                                            
     8.345829170                304      context-switches                                            
     8.446245151                466      context-switches                                            
     8.546610853                376      context-switches                                            
     8.647147552                356      context-switches                                            
     8.747485544                518      context-switches                                            
     8.848002495                409      context-switches                                            
     8.948550954                364      context-switches                                            
     9.049144313                568      context-switches                                            
     9.149671043                552      context-switches                                            
     9.250252352                407      context-switches                                            
     9.351151399                309      context-switches                                            
     9.451463453                462      context-switches                                            
     9.551686207                770      context-switches                                            
     9.651825572              6,778      context-switches                                            
     9.751960136             11,358      context-switches                                            
     9.852121050              7,693      context-switches                                            
     9.952296204              4,335      context-switches                                            
    10.000732557              2,009      context-switches                                            
