# started on Tue Nov  5 09:55:56 2019

#           time             counts unit events
     0.100201979              8,913      context-switches                                            
     0.200392617              1,471      context-switches                                            
     0.300645515                838      context-switches                                            
     0.400896884                564      context-switches                                            
     0.501155051                308      context-switches                                            
     0.601787995                425      context-switches                                            
     0.702606848                718      context-switches                                            
     0.802845206                771      context-switches                                            
     0.903118525                443      context-switches                                            
     1.003430942                245      context-switches                                            
     1.103949289                298      context-switches                                            
     1.204261957                333      context-switches                                            
     1.304730625                285      context-switches                                            
     1.405341430                537      context-switches                                            
     1.505707937                261      context-switches                                            
     1.606317103                271      context-switches                                            
     1.706622511                567      context-switches                                            
     1.807004557                221      context-switches                                            
     1.907186718                266      context-switches                                            
     2.007374058                278      context-switches                                            
     2.108255382                276      context-switches                                            
     2.209144056                296      context-switches                                            
     2.310033170                202      context-switches                                            
     2.410574367                445      context-switches                                            
     2.511132294                199      context-switches                                            
#           time             counts unit events
     2.611998418                225      context-switches                                            
     2.712500656                485      context-switches                                            
     2.813152712                254      context-switches                                            
     2.914082507                200      context-switches                                            
     3.014929391                206      context-switches                                            
     3.115678727                278      context-switches                                            
     3.215967938                354      context-switches                                            
     3.316286588                416      context-switches                                            
     3.417151732                181      context-switches                                            
     3.518041896                217      context-switches                                            
     3.618499786                265      context-switches                                            
     3.718836145                541      context-switches                                            
     3.819364374                239      context-switches                                            
     3.919720813                278      context-switches                                            
     4.020637978                202      context-switches                                            
     4.121325805                302      context-switches                                            
     4.222207801                279      context-switches                                            
     4.322497022                394      context-switches                                            
     4.422784303                266      context-switches                                            
     4.523125663                203      context-switches                                            
     4.623457294                236      context-switches                                            
     4.724052682                523      context-switches                                            
     4.824592580                207      context-switches                                            
     4.924913083                203      context-switches                                            
     5.025439252                284      context-switches                                            
#           time             counts unit events
     5.125730533                548      context-switches                                            
     5.226317712                451      context-switches                                            
     5.326597964                566      context-switches                                            
     5.426922436                411      context-switches                                            
     5.527189318                991      context-switches                                            
     5.628017765                456      context-switches                                            
     5.728494174                742      context-switches                                            
     5.829056774                496      context-switches                                            
     5.929339716                348      context-switches                                            
     6.029677069                334      context-switches                                            
     6.129963121                710      context-switches                                            
     6.230836518                475      context-switches                                            
     6.331371498                639      context-switches                                            
     6.432021738                454      context-switches                                            
     6.532314930                379      context-switches                                            
     6.632974809                314      context-switches                                            
     6.733332311                628      context-switches                                            
     6.833642734                405      context-switches                                            
     6.933980377                386      context-switches                                            
     7.034505199                325      context-switches                                            
     7.134816431                472      context-switches                                            
     7.235314322                404      context-switches                                            
     7.335598866                550      context-switches                                            
     7.436143997                358      context-switches                                            
     7.536682668                344      context-switches                                            
#           time             counts unit events
     7.637045370                336      context-switches                                            
     7.737529592                656      context-switches                                            
     7.838408141                363      context-switches                                            
     7.939269549                335      context-switches                                            
     8.039595363                395      context-switches                                            
     8.140520152                388      context-switches                                            
     8.241107713                434      context-switches                                            
     8.341415357                566      context-switches                                            
     8.441768201                339      context-switches                                            
     8.542340952                316      context-switches                                            
     8.642692596                387      context-switches                                            
     8.743319567                665      context-switches                                            
     8.843821400                355      context-switches                                            
     8.944409763                297      context-switches                                            
     9.044786506                325      context-switches                                            
     9.145259089                339      context-switches                                            
     9.245539554                516      context-switches                                            
     9.345846199                504      context-switches                                            
     9.446395662                296      context-switches                                            
     9.546936754                336      context-switches                                            
     9.647462247                388      context-switches                                            
     9.748327397                590      context-switches                                            
     9.848854251                469      context-switches                                            
     9.949201166                406      context-switches                                            
    10.001189351                168      context-switches                                            
