# started on Tue Nov  5 09:56:56 2019

#           time             counts unit events
     0.100231995                562      context-switches                                            
     0.200847797                279      context-switches                                            
     0.301143561                716      context-switches                                            
     0.401268738                744      context-switches                                            
     0.501393234                293      context-switches                                            
     0.601538101              1,599      context-switches                                            
     0.702005565                294      context-switches                                            
     0.802312280                431      context-switches                                            
     0.902529116              1,118      context-switches                                            
     1.002865061                222      context-switches                                            
     1.103182226                310      context-switches                                            
     1.203419002                181      context-switches                                            
     1.303648478                648      context-switches                                            
     1.403982174                448      context-switches                                            
     1.504228279                286      context-switches                                            
     1.604744625                621      context-switches                                            
     1.705079119                180      context-switches                                            
     1.805584843                393      context-switches                                            
     1.905893539                402      context-switches                                            
     2.006213475                377      context-switches                                            
     2.106738539                300      context-switches                                            
     2.207006776                615      context-switches                                            
     2.307539359                677      context-switches                                            
     2.408420681                241      context-switches                                            
     2.508768847                309      context-switches                                            
#           time             counts unit events
     2.609614359                472      context-switches                                            
     2.709993035                302      context-switches                                            
     2.810554970                567      context-switches                                            
     2.911066523                460      context-switches                                            
     3.011590169                282      context-switches                                            
     3.112468371                203      context-switches                                            
     3.212773967                236      context-switches                                            
     3.313363591                744      context-switches                                            
     3.414249733                222      context-switches                                            
     3.514850918                283      context-switches                                            
     3.615513743                426      context-switches                                            
     3.716116577                331      context-switches                                            
     3.816779321                458      context-switches                                            
     3.917131618                495      context-switches                                            
     4.018023231                199      context-switches                                            
     4.118559176                245      context-switches                                            
     4.218817313                734      context-switches                                            
     4.319497898                324      context-switches                                            
     4.420389361                329      context-switches                                            
     4.520684569                188      context-switches                                            
     4.621296425                200      context-switches                                            
     4.721826600                320      context-switches                                            
     4.822361727                529      context-switches                                            
     4.922647065                584      context-switches                                            
     5.022932053                399      context-switches                                            
#           time             counts unit events
     5.123546588                768      context-switches                                            
     5.223840777                799      context-switches                                            
     5.324126135                735      context-switches                                            
     5.424623011                672      context-switches                                            
     5.525115189                560      context-switches                                            
     5.625633307                452      context-switches                                            
     5.725955175                445      context-switches                                            
     5.826517141                743      context-switches                                            
     5.927162047                737      context-switches                                            
     6.027375108                310      context-switches                                            
     6.127913413                486      context-switches                                            
     6.228225232                589      context-switches                                            
     6.328686320                506      context-switches                                            
     6.429167528                537      context-switches                                            
     6.529634976                450      context-switches                                            
     6.630140194                506      context-switches                                            
     6.730483413                528      context-switches                                            
     6.830989171                480      context-switches                                            
     6.931315450                910      context-switches                                            
     7.031600349                301      context-switches                                            
     7.132444116                678      context-switches                                            
     7.232766394                656      context-switches                                            
     7.333077564                427      context-switches                                            
     7.433608652                419      context-switches                                            
     7.534090781                420      context-switches                                            
#           time             counts unit events
     7.634569990                358      context-switches                                            
     7.735062539                315      context-switches                                            
     7.835423108                476      context-switches                                            
     7.935765078                770      context-switches                                            
     8.036292207                348      context-switches                                            
     8.136804145                386      context-switches                                            
     8.237106435                669      context-switches                                            
     8.337405676                407      context-switches                                            
     8.437564408              1,050      context-switches                                            
     8.537871169                460      context-switches                                            
     8.638387688                445      context-switches                                            
     8.738929107                361      context-switches                                            
     8.839559305                461      context-switches                                            
     8.939924346                863      context-switches                                            
     9.040528544                354      context-switches                                            
     9.141056243                450      context-switches                                            
     9.241568252                598      context-switches                                            
     9.341841174                394      context-switches                                            
     9.442368834                389      context-switches                                            
     9.542699086                487      context-switches                                            
     9.642887368              9,364      context-switches                                            
     9.743368248                322      context-switches                                            
     9.843661860                446      context-switches                                            
     9.943983001                772      context-switches                                            
    10.000989548                191      context-switches                                            
