# started on Tue Nov  5 09:58:27 2019

#           time             counts unit events
     0.100217567                392      context-switches                                            
     0.200744771                430      context-switches                                            
     0.301247205                469      context-switches                                            
     0.402394064                246      context-switches                                            
     0.502702000                399      context-switches                                            
     0.603159175                215      context-switches                                            
     0.703469291                287      context-switches                                            
     0.803983867                318      context-switches                                            
     0.904291803                188      context-switches                                            
     1.005150925                210      context-switches                                            
     1.105717470                170      context-switches                                            
     1.206471233                263      context-switches                                            
     1.306994737                438      context-switches                                            
     1.407480903                221      context-switches                                            
     1.507792469                484      context-switches                                            
     1.608671591                156      context-switches                                            
     1.708862619                274      context-switches                                            
     1.809751932                297      context-switches                                            
     1.910031520                209      context-switches                                            
     2.010980101                199      context-switches                                            
     2.111970173                184      context-switches                                            
     2.212969385                269      context-switches                                            
     2.313499860                485      context-switches                                            
     2.414011676                238      context-switches                                            
     2.514300653                446      context-switches                                            
#           time             counts unit events
     2.614706089                232      context-switches                                            
     2.715165236                395      context-switches                                            
     2.815494653                310      context-switches                                            
     2.916054579                214      context-switches                                            
     3.016942682                194      context-switches                                            
     3.117365770                193      context-switches                                            
     3.218329281                287      context-switches                                            
     3.318817158                455      context-switches                                            
     3.419458362                233      context-switches                                            
     3.520411795                522      context-switches                                            
     3.620770863                182      context-switches                                            
     3.721404908                271      context-switches                                            
     3.821898445                251      context-switches                                            
     3.922812580                242      context-switches                                            
     4.023710772                202      context-switches                                            
     4.124035652                156      context-switches                                            
     4.224652076                315      context-switches                                            
     4.325011804                446      context-switches                                            
     4.425498802                251      context-switches                                            
     4.525808361                497      context-switches                                            
     4.626328477                369      context-switches                                            
     4.727031142                320      context-switches                                            
     4.827932427                219      context-switches                                            
     4.928479893                294      context-switches                                            
     5.028998281                349      context-switches                                            
#           time             counts unit events
     5.129293300                581      context-switches                                            
     5.229802707                717      context-switches                                            
     5.330105926                792      context-switches                                            
     5.430695553                488      context-switches                                            
     5.531183081                749      context-switches                                            
     5.631707788                483      context-switches                                            
     5.732064337                613      context-switches                                            
     5.832427476                505      context-switches                                            
     5.932743806                580      context-switches                                            
     6.033240294                487      context-switches                                            
     6.133753852                455      context-switches                                            
     6.234256490                624      context-switches                                            
     6.334730078                713      context-switches                                            
     6.435196677                472      context-switches                                            
     6.535494697                678      context-switches                                            
     6.635761447                504      context-switches                                            
     6.736066827                573      context-switches                                            
     6.836388427                501      context-switches                                            
     6.936884305                579      context-switches                                            
     7.037354784                498      context-switches                                            
     7.137853933                524      context-switches                                            
     7.238450061                541      context-switches                                            
     7.338740301                818      context-switches                                            
     7.439172581                487      context-switches                                            
     7.539460191                760      context-switches                                            
#           time             counts unit events
     7.639726322                532      context-switches                                            
     7.740073602                542      context-switches                                            
     7.840396903                547      context-switches                                            
     7.940717813                562      context-switches                                            
     8.041032644                496      context-switches                                            
     8.141532284                481      context-switches                                            
     8.242062963                564      context-switches                                            
     8.342378423                719      context-switches                                            
     8.442689904                631      context-switches                                            
     8.542994345                762      context-switches                                            
     8.643286706                553      context-switches                                            
     8.743564768                612      context-switches                                            
     8.843705151              2,319      context-switches                                            
     8.943877113              7,470      context-switches                                            
     9.044138165                534      context-switches                                            
     9.144362687                482      context-switches                                            
     9.244876887                531      context-switches                                            
     9.345168048                781      context-switches                                            
     9.445463010                522      context-switches                                            
     9.545782781                771      context-switches                                            
     9.646054563                706      context-switches                                            
     9.746343335                601      context-switches                                            
     9.846663877                528      context-switches                                            
     9.946946670                538      context-switches                                            
    10.000906375                341      context-switches                                            
