# started on Tue Nov  5 09:53:25 2019

#           time             counts unit events
     0.100208593                427      context-switches                                            
     0.200728813                440      context-switches                                            
     0.301622168                196      context-switches                                            
     0.402541743                182      context-switches                                            
     0.503501588                254      context-switches                                            
     0.604202095                250      context-switches                                            
     0.704524377                460      context-switches                                            
     0.804923957                180      context-switches                                            
     0.905294881                268      context-switches                                            
     1.006178476                206      context-switches                                            
     1.106357550              8,876      context-switches                                            
     1.206668803                403      context-switches                                            
     1.307268843                263      context-switches                                            
     1.407800553                227      context-switches                                            
     1.508343063                292      context-switches                                            
     1.608646987                302      context-switches                                            
     1.709285476                455      context-switches                                            
     1.809872366                295      context-switches                                            
     1.910459086                361      context-switches                                            
     2.011028387                332      context-switches                                            
     2.111376611                350      context-switches                                            
     2.211662245                645      context-switches                                            
     2.312536263                285      context-switches                                            
     2.413115114                356      context-switches                                            
     2.513353149                752      context-switches                                            
#           time             counts unit events
     2.614218917                499      context-switches                                            
     2.714502101                484      context-switches                                            
     2.815389369                246      context-switches                                            
     2.915934671                289      context-switches                                            
     3.016465244                198      context-switches                                            
     3.117346902                351      context-switches                                            
     3.217703938                436      context-switches                                            
     3.318596686                173      context-switches                                            
     3.419529164                202      context-switches                                            
     3.520076966                279      context-switches                                            
     3.620935647                223      context-switches                                            
     3.721456698                519      context-switches                                            
     3.822059420                179      context-switches                                            
     3.922922001                324      context-switches                                            
     4.023545084                243      context-switches                                            
     4.124088957                303      context-switches                                            
     4.224414253                409      context-switches                                            
     4.325033236                201      context-switches                                            
     4.425637739                193      context-switches                                            
     4.526281102                269      context-switches                                            
     4.626822556                224      context-switches                                            
     4.727146441                439      context-switches                                            
     4.827489987                155      context-switches                                            
     4.927790724                322      context-switches                                            
     5.028667815                212      context-switches                                            
#           time             counts unit events
     5.129623786                382      context-switches                                            
     5.230283379                422      context-switches                                            
     5.330630136                257      context-switches                                            
     5.431508207                202      context-switches                                            
     5.532399948                441      context-switches                                            
     5.632967683                359      context-switches                                            
     5.733305619                483      context-switches                                            
     5.833789985                269      context-switches                                            
     5.934337551                270      context-switches                                            
     6.035328252                299      context-switches                                            
     6.136005156                391      context-switches                                            
     6.236345194                507      context-switches                                            
     6.337231347                229      context-switches                                            
     6.437592464                304      context-switches                                            
     6.537891033                407      context-switches                                            
     6.638322310                325      context-switches                                            
     6.738863175                508      context-switches                                            
     6.839359433                429      context-switches                                            
     6.939637432                252      context-switches                                            
     7.039983000                326      context-switches                                            
     7.140498258                322      context-switches                                            
     7.241004806                577      context-switches                                            
     7.341844370                348      context-switches                                            
     7.442145518                364      context-switches                                            
     7.542514628                324      context-switches                                            
#           time             counts unit events
     7.642804548                304      context-switches                                            
     7.743126617                498      context-switches                                            
     7.843471235                285      context-switches                                            
     7.943774786                362      context-switches                                            
     8.044124036                286      context-switches                                            
     8.144739143                233      context-switches                                            
     8.245092623                542      context-switches                                            
     8.345602962                229      context-switches                                            
     8.445790684                260      context-switches                                            
     8.546173794                329      context-switches                                            
     8.646796051                258      context-switches                                            
     8.747305239                463      context-switches                                            
     8.848184804                284      context-switches                                            
     8.948493505                341      context-switches                                            
     9.049047365                240      context-switches                                            
     9.149650713                312      context-switches                                            
     9.250088333                544      context-switches                                            
     9.350591333                317      context-switches                                            
     9.450902324                260      context-switches                                            
     9.551423154                308      context-switches                                            
     9.651946493                280      context-switches                                            
     9.752812439                424      context-switches                                            
     9.853500307                307      context-switches                                            
     9.953828220                434      context-switches                                            
    10.001134470                170      context-switches                                            
