# started on Thu Nov  7 01:46:47 2019

#           time             counts unit events
     0.100155198             37,249      context-switches                                            
     0.200430023             37,354      context-switches                                            
     0.300596940             38,085      context-switches                                            
     0.400847560             36,117      context-switches                                            
     0.501061245             38,003      context-switches                                            
     0.601269847             37,384      context-switches                                            
     0.701438936             38,076      context-switches                                            
     0.801601015             37,068      context-switches                                            
     0.901868094             38,821      context-switches                                            
     1.002054416             36,407      context-switches                                            
     1.102275033             38,694      context-switches                                            
     1.202432610             36,525      context-switches                                            
     1.302647438             37,764      context-switches                                            
     1.402904494             36,241      context-switches                                            
     1.503175130             37,100      context-switches                                            
     1.603402209             36,670      context-switches                                            
     1.703604116             38,047      context-switches                                            
     1.803787775             37,367      context-switches                                            
     1.904067919             38,047      context-switches                                            
     2.004303961             36,268      context-switches                                            
     2.104517820             38,439      context-switches                                            
     2.204802670             37,288      context-switches                                            
     2.304989006             38,347      context-switches                                            
     2.405310175             35,839      context-switches                                            
     2.505441701             37,295      context-switches                                            
#           time             counts unit events
     2.605610370             35,778      context-switches                                            
     2.705718497             38,422      context-switches                                            
     2.805873334             36,788      context-switches                                            
     2.906143562             38,981      context-switches                                            
     3.006254998             36,496      context-switches                                            
     3.106591355             39,884      context-switches                                            
     3.206759889             35,285      context-switches                                            
     3.306927839             39,471      context-switches                                            
     3.407034174             37,996      context-switches                                            
     3.507245125             38,764      context-switches                                            
     3.607465840             36,653      context-switches                                            
     3.707692163             38,327      context-switches                                            
     3.807908846             36,065      context-switches                                            
     3.908043044             36,846      context-switches                                            
     4.008295391             36,737      context-switches                                            
     4.108485309             38,284      context-switches                                            
     4.208624159             37,037      context-switches                                            
     4.308874766             37,699      context-switches                                            
     4.409101833             36,436      context-switches                                            
     4.509272372             38,056      context-switches                                            
     4.609437529             37,060      context-switches                                            
     4.709544112             38,142      context-switches                                            
     4.809703258             37,421      context-switches                                            
     4.909922540             38,215      context-switches                                            
     5.010086548             35,809      context-switches                                            
#           time             counts unit events
     5.110331738             38,512      context-switches                                            
     5.210528097             36,360      context-switches                                            
     5.310761981             37,843      context-switches                                            
     5.411006739             36,390      context-switches                                            
     5.511228360             37,896      context-switches                                            
     5.611494533             36,830      context-switches                                            
     5.711716759             37,086      context-switches                                            
     5.811885515             36,366      context-switches                                            
     5.912025281             37,857      context-switches                                            
     6.012217154             36,889      context-switches                                            
     6.112460892             38,109      context-switches                                            
     6.212666321             36,916      context-switches                                            
     6.312793033             39,418      context-switches                                            
     6.412997467             36,065      context-switches                                            
     6.513307617             37,467      context-switches                                            
     6.613481940             36,754      context-switches                                            
     6.713641460             38,056      context-switches                                            
     6.813903387             37,363      context-switches                                            
     6.914074736             37,863      context-switches                                            
     7.014362088             37,078      context-switches                                            
     7.114519648             36,891      context-switches                                            
     7.214718591             37,419      context-switches                                            
     7.314882142             37,681      context-switches                                            
     7.415104313             36,466      context-switches                                            
     7.515208313             38,897      context-switches                                            
#           time             counts unit events
     7.615356397             35,676      context-switches                                            
     7.715519635             38,313      context-switches                                            
     7.815822987             36,580      context-switches                                            
     7.915933900             37,950      context-switches                                            
     8.016147358             37,062      context-switches                                            
     8.116254474             38,216      context-switches                                            
     8.216458313             36,993      context-switches                                            
     8.316561977             38,790      context-switches                                            
     8.416727868             37,305      context-switches                                            
     8.516838479             38,228      context-switches                                            
     8.616945262             35,922      context-switches                                            
     8.717061219             38,821      context-switches                                            
     8.817295226             37,700      context-switches                                            
     8.917403721             37,247      context-switches                                            
     9.017547362             37,659      context-switches                                            
     9.117659112             37,661      context-switches                                            
     9.217903844             38,616      context-switches                                            
     9.318013693             37,524      context-switches                                            
     9.418206541             36,993      context-switches                                            
     9.518638010             37,482      context-switches                                            
     9.618809392             37,154      context-switches                                            
     9.718915664             37,273      context-switches                                            
     9.819052899             38,550      context-switches                                            
     9.919183528             35,292      context-switches                                            
    10.000981915             30,515      context-switches                                            
