# started on Tue Nov  5 21:08:11 2019

#           time             counts unit events
     0.100793255                412      context-switches                                            
     0.201485427                229      context-switches                                            
     0.302066596                301      context-switches                                            
     0.402655127                176      context-switches                                            
     0.503181430                175      context-switches                                            
     0.603629368                241      context-switches                                            
     0.704180727                197      context-switches                                            
     0.804787934                168      context-switches                                            
     0.905395405                244      context-switches                                            
     1.005997597                140      context-switches                                            
     1.106432014                254      context-switches                                            
     1.206948790                275      context-switches                                            
     1.307509503                303      context-switches                                            
     1.408138196                142      context-switches                                            
     1.508749563                200      context-switches                                            
     1.609352351                260      context-switches                                            
     1.709990535                176      context-switches                                            
     1.810576825                182      context-switches                                            
     1.911193960                287      context-switches                                            
     2.011795394                180      context-switches                                            
     2.112393783                341      context-switches                                            
     2.212677598                496      context-switches                                            
     2.313151105                501      context-switches                                            
     2.413747979                139      context-switches                                            
     2.514089390                186      context-switches                                            
#           time             counts unit events
     2.614596797                248      context-switches                                            
     2.715134400                181      context-switches                                            
     2.815729614                133      context-switches                                            
     2.916263284                249      context-switches                                            
     3.016815234                184      context-switches                                            
     3.117340608                227      context-switches                                            
     3.217888461                382      context-switches                                            
     3.318456511                155      context-switches                                            
     3.419003039                183      context-switches                                            
     3.519461876                242      context-switches                                            
     3.620041388                216      context-switches                                            
     3.720644237                152      context-switches                                            
     3.821264028                140      context-switches                                            
     3.921802150                214      context-switches                                            
     4.022393617                204      context-switches                                            
     4.122867011                261      context-switches                                            
     4.223251510                503      context-switches                                            
     4.323842680                145      context-switches                                            
     4.424441598                144      context-switches                                            
     4.525047490                204      context-switches                                            
     4.625675580                204      context-switches                                            
     4.726336548                218      context-switches                                            
     4.826936909                150      context-switches                                            
     4.927389576                222      context-switches                                            
     5.027770446              1,961      context-switches                                            
#           time             counts unit events
     5.128293192              3,995      context-switches                                            
     5.228533143              2,259      context-switches                                            
     5.328901169              4,164      context-switches                                            
     5.429220187                821      context-switches                                            
     5.529559120              5,832      context-switches                                            
     5.629724780              2,920      context-switches                                            
     5.729907317              6,765      context-switches                                            
     5.830046108                956      context-switches                                            
     5.930187628             16,877      context-switches                                            
     6.030682988              1,993      context-switches                                            
     6.130874736              3,833      context-switches                                            
     6.231082289              3,264      context-switches                                            
     6.331335458              6,372      context-switches                                            
     6.431788470              3,330      context-switches                                            
     6.532061094              2,944      context-switches                                            
     6.632557531              3,609      context-switches                                            
     6.732780566              1,758      context-switches                                            
     6.832978955              8,578      context-switches                                            
     6.933281484              2,842      context-switches                                            
     7.033582997              4,584      context-switches                                            
     7.133971508              1,579      context-switches                                            
     7.234166024             11,991      context-switches                                            
     7.334419803              6,958      context-switches                                            
     7.434684362              5,502      context-switches                                            
     7.535086044              2,033      context-switches                                            
#           time             counts unit events
     7.635758411              1,127      context-switches                                            
     7.735914744              3,685      context-switches                                            
     7.836267196              9,261      context-switches                                            
     7.936468207              5,345      context-switches                                            
     8.036686410              2,831      context-switches                                            
     8.137140943              1,020      context-switches                                            
     8.237337337              4,469      context-switches                                            
     8.337612309              8,432      context-switches                                            
     8.437744451              5,604      context-switches                                            
     8.538237522              1,842      context-switches                                            
     8.638894891              1,045      context-switches                                            
     8.739095927              3,460      context-switches                                            
     8.839386508              9,110      context-switches                                            
     8.939513177              5,784      context-switches                                            
     9.039678295              6,674      context-switches                                            
     9.140255806              1,283      context-switches                                            
     9.240464828              4,358      context-switches                                            
     9.340600772              9,394      context-switches                                            
     9.440853424              4,601      context-switches                                            
     9.541190552              4,382      context-switches                                            
     9.641863823                889      context-switches                                            
     9.742064879              4,066      context-switches                                            
     9.842357619              9,178      context-switches                                            
     9.942663492              4,296      context-switches                                            
    10.000819055              1,746      context-switches                                            
