# started on Tue Nov  5 23:57:06 2019

#           time             counts unit events
     0.100781893                469      context-switches                                            
     0.201463614                168      context-switches                                            
     0.301992300                214      context-switches                                            
     0.402499870                222      context-switches                                            
     0.503085832                278      context-switches                                            
     0.603532204                212      context-switches                                            
     0.704096997                205      context-switches                                            
     0.804785795                368      context-switches                                            
     0.905466829                260      context-switches                                            
     1.006085666                159      context-switches                                            
     1.106720781                233      context-switches                                            
     1.207335081                192      context-switches                                            
     1.307924658                158      context-switches                                            
     1.408532581                242      context-switches                                            
     1.509179961                232      context-switches                                            
     1.609614149                191      context-switches                                            
     1.710012525                332      context-switches                                            
     1.810378279                332      context-switches                                            
     1.910842812                250      context-switches                                            
     2.011222125              5,931      context-switches                                            
     2.111756455                201      context-switches                                            
     2.212252852                191      context-switches                                            
     2.312840039                190      context-switches                                            
     2.413490383                208      context-switches                                            
     2.514110060                174      context-switches                                            
#           time             counts unit events
     2.614492881                211      context-switches                                            
     2.715062071                244      context-switches                                            
     2.815451004                394      context-switches                                            
     2.916071921                298      context-switches                                            
     3.016635392                248      context-switches                                            
     3.117115198                190      context-switches                                            
     3.217703594                184      context-switches                                            
     3.318197850                176      context-switches                                            
     3.418739126                260      context-switches                                            
     3.519399676                213      context-switches                                            
     3.619882282                172      context-switches                                            
     3.720382593                236      context-switches                                            
     3.820817922                368      context-switches                                            
     3.921330072                237      context-switches                                            
     4.021867326                166      context-switches                                            
     4.122433769                199      context-switches                                            
     4.223025424                201      context-switches                                            
     4.323596017                162      context-switches                                            
     4.424101099                212      context-switches                                            
     4.524655243                212      context-switches                                            
     4.625179113                215      context-switches                                            
     4.725844613                208      context-switches                                            
     4.826434213                386      context-switches                                            
     4.927067253                248      context-switches                                            
     5.027252112              4,685      context-switches                                            
#           time             counts unit events
     5.127529147             21,857      context-switches                                            
     5.227760009             37,405      context-switches                                            
     5.328007301             38,826      context-switches                                            
     5.428230215             35,734      context-switches                                            
     5.528471863             36,340      context-switches                                            
     5.628700129             36,978      context-switches                                            
     5.728886191             38,196      context-switches                                            
     5.829102442             37,307      context-switches                                            
     5.929299705             38,415      context-switches                                            
     6.029470705             36,611      context-switches                                            
     6.129752709             38,871      context-switches                                            
     6.229912134             36,682      context-switches                                            
     6.330078880             37,500      context-switches                                            
     6.430245953             35,609      context-switches                                            
     6.530467595             38,246      context-switches                                            
     6.630651226             36,559      context-switches                                            
     6.730899469             38,646      context-switches                                            
     6.831134889             36,304      context-switches                                            
     6.931424899             39,402      context-switches                                            
     7.031674286             36,964      context-switches                                            
     7.131834598             37,611      context-switches                                            
     7.232070613             36,845      context-switches                                            
     7.332174719             38,708      context-switches                                            
     7.432434520             36,693      context-switches                                            
     7.532541745             38,271      context-switches                                            
#           time             counts unit events
     7.632739746             36,197      context-switches                                            
     7.732847682             38,223      context-switches                                            
     7.833080723             36,532      context-switches                                            
     7.933188489             38,958      context-switches                                            
     8.033434013             35,334      context-switches                                            
     8.133540292             38,560      context-switches                                            
     8.233791722             37,008      context-switches                                            
     8.333897485             37,587      context-switches                                            
     8.434129594             36,015      context-switches                                            
     8.534317895             38,392      context-switches                                            
     8.634624145             37,170      context-switches                                            
     8.734862205             37,890      context-switches                                            
     8.835075830             36,449      context-switches                                            
     8.935295403             36,253      context-switches                                            
     9.035536618             36,478      context-switches                                            
     9.135834687             37,637      context-switches                                            
     9.236087572             35,723      context-switches                                            
     9.336397781             37,840      context-switches                                            
     9.436648188             37,470      context-switches                                            
     9.536972516             38,572      context-switches                                            
     9.637264996             37,484      context-switches                                            
     9.737432225             38,644      context-switches                                            
     9.837652955             35,171      context-switches                                            
     9.937799444             38,610      context-switches                                            
    10.000719626             23,585      context-switches                                            
