# started on Mon Nov 11 22:44:03 2019

#           time             counts unit events
     0.100175744             42,419      context-switches                                            
     0.200343288             42,621      context-switches                                            
     0.300486973             45,157      context-switches                                            
     0.400639488             42,423      context-switches                                            
     0.500792423             44,058      context-switches                                            
     0.600940749             48,564      context-switches                                            
     0.701073895             45,446      context-switches                                            
     0.801227551             45,016      context-switches                                            
     0.901368758             47,670      context-switches                                            
     1.001498564             48,597      context-switches                                            
     1.101634980             40,338      context-switches                                            
     1.201783886             36,315      context-switches                                            
     1.301929123             44,802      context-switches                                            
     1.402065719             45,794      context-switches                                            
     1.502214755             48,719      context-switches                                            
     1.602371013             33,731      context-switches                                            
     1.702516930             39,691      context-switches                                            
     1.802671927             46,783      context-switches                                            
     1.902804305             41,639      context-switches                                            
     2.002949833             42,646      context-switches                                            
     2.103096410             46,549      context-switches                                            
     2.203239698             39,964      context-switches                                            
     2.303393696             35,031      context-switches                                            
     2.403535323             36,469      context-switches                                            
     2.503675171             46,933      context-switches                                            
#           time             counts unit events
     2.603812560             42,974      context-switches                                            
     2.703957348             46,935      context-switches                                            
     2.804077998             50,897      context-switches                                            
     2.904229997             46,892      context-switches                                            
     3.004399715             39,617      context-switches                                            
     3.104551024             36,456      context-switches                                            
     3.204711933             41,163      context-switches                                            
     3.304836012             42,429      context-switches                                            
     3.404982221             43,803      context-switches                                            
     3.505129810             42,492      context-switches                                            
     3.605283020             44,819      context-switches                                            
     3.705427181             43,163      context-switches                                            
     3.805574470             44,662      context-switches                                            
     3.905707511             48,455      context-switches                                            
     4.005843801             38,462      context-switches                                            
     4.105984762             41,328      context-switches                                            
     4.206139552             37,004      context-switches                                            
     4.306292362             43,662      context-switches                                            
     4.406435992             43,708      context-switches                                            
     4.506597733             39,351      context-switches                                            
     4.606737094             48,578      context-switches                                            
     4.706887066             44,733      context-switches                                            
     4.807029478             45,305      context-switches                                            
     4.907155629             46,028      context-switches                                            
     5.007291341             51,910      context-switches                                            
#           time             counts unit events
     5.107433914             45,144      context-switches                                            
     5.207591745             44,029      context-switches                                            
     5.307721197             45,470      context-switches                                            
     5.407868258             49,737      context-switches                                            
     5.508009200             44,203      context-switches                                            
     5.608148253             41,401      context-switches                                            
     5.708296246             52,766      context-switches                                            
     5.808425739             51,416      context-switches                                            
     5.908570013             52,474      context-switches                                            
     6.008717086             53,111      context-switches                                            
     6.108845508             53,575      context-switches                                            
     6.208989382             41,495      context-switches                                            
     6.309134705             40,603      context-switches                                            
     6.409279587             43,528      context-switches                                            
     6.509414161             47,993      context-switches                                            
     6.609560305             40,861      context-switches                                            
     6.709699880             43,350      context-switches                                            
     6.809830944             34,635      context-switches                                            
     6.909972129             42,390      context-switches                                            
     7.010101173             39,954      context-switches                                            
     7.110234238             43,312      context-switches                                            
     7.210371102             48,072      context-switches                                            
     7.310521407             49,416      context-switches                                            
     7.410676381             47,921      context-switches                                            
     7.510825776             46,173      context-switches                                            
#           time             counts unit events
     7.610982482             44,201      context-switches                                            
     7.711131538             45,163      context-switches                                            
     7.811251893             49,517      context-switches                                            
     7.911390869             41,688      context-switches                                            
     8.011546285             42,720      context-switches                                            
     8.111679221             40,013      context-switches                                            
     8.211809547             44,926      context-switches                                            
     8.311939703             46,958      context-switches                                            
     8.412082618             40,738      context-switches                                            
     8.512219264             41,877      context-switches                                            
     8.612349092             43,102      context-switches                                            
     8.712495219             43,452      context-switches                                            
     8.812633386             45,655      context-switches                                            
     8.912796213             40,727      context-switches                                            
     9.012937710             39,141      context-switches                                            
     9.113079207             46,391      context-switches                                            
     9.213210374             44,931      context-switches                                            
     9.313348042             42,823      context-switches                                            
     9.413479769             48,936      context-switches                                            
     9.513622886             43,296      context-switches                                            
     9.613764835             45,926      context-switches                                            
     9.713905893             46,509      context-switches                                            
     9.814055482             41,904      context-switches                                            
     9.914195890             42,120      context-switches                                            
    10.000919070             40,189      context-switches                                            
