# started on Tue Nov  5 23:33:14 2019

#           time             counts unit events
     0.100894029                288      context-switches                                            
     0.201574696                266      context-switches                                            
     0.302148423                368      context-switches                                            
     0.402767685                272      context-switches                                            
     0.503299919                552      context-switches                                            
     0.603702688                202      context-switches                                            
     0.704312708                229      context-switches                                            
     0.804954701                214      context-switches                                            
     0.905526003                184      context-switches                                            
     1.006153441                192      context-switches                                            
     1.106697913                159      context-switches                                            
     1.207324812                254      context-switches                                            
     1.307813816                395      context-switches                                            
     1.408427032                225      context-switches                                            
     1.509082213                175      context-switches                                            
     1.609703715                158      context-switches                                            
     1.710187079                156      context-switches                                            
     1.810791848                212      context-switches                                            
     1.911379155                168      context-switches                                            
     2.011960492                181      context-switches                                            
     2.112463278                183      context-switches                                            
     2.213136605                234      context-switches                                            
     2.313599531                407      context-switches                                            
     2.414120499                244      context-switches                                            
     2.514650191                166      context-switches                                            
#           time             counts unit events
     2.615217158                166      context-switches                                            
     2.715757545                219      context-switches                                            
     2.816406385                296      context-switches                                            
     2.917037369                217      context-switches                                            
     3.017634699                214      context-switches                                            
     3.118292039                110      context-switches                                            
     3.218715469                298      context-switches                                            
     3.319170736                441      context-switches                                            
     3.419596004                195      context-switches                                            
     3.520089787                129      context-switches                                            
     3.620660084                173      context-switches                                            
     3.721223530                177      context-switches                                            
     3.821770850                218      context-switches                                            
     3.922340607                245      context-switches                                            
     4.022943751                218      context-switches                                            
     4.123580517                187      context-switches                                            
     4.224220258                386      context-switches                                            
     4.324844257                465      context-switches                                            
     4.425219878              6,800      context-switches                                            
     4.525788072                144      context-switches                                            
     4.626355137                178      context-switches                                            
     4.726954114                212      context-switches                                            
     4.827551993                194      context-switches                                            
     4.928086056                213      context-switches                                            
     5.028416738             26,384      context-switches                                            
#           time             counts unit events
     5.128612263             36,902      context-switches                                            
     5.228720284             38,083      context-switches                                            
     5.328986783             36,665      context-switches                                            
     5.429100502             36,183      context-switches                                            
     5.529260906             35,809      context-switches                                            
     5.629369941             38,447      context-switches                                            
     5.729586522             37,521      context-switches                                            
     5.829704022             37,058      context-switches                                            
     5.929979580             37,404      context-switches                                            
     6.030085073             36,118      context-switches                                            
     6.130256829             37,214      context-switches                                            
     6.230390416             35,085      context-switches                                            
     6.330635764             37,429      context-switches                                            
     6.430752640             35,981      context-switches                                            
     6.530982657             37,807      context-switches                                            
     6.631090445             36,929      context-switches                                            
     6.731281472             37,280      context-switches                                            
     6.831391389             37,409      context-switches                                            
     6.931628729             37,228      context-switches                                            
     7.031738435             36,371      context-switches                                            
     7.131967862             37,476      context-switches                                            
     7.232085820             35,877      context-switches                                            
     7.332231641             36,636      context-switches                                            
     7.432443401             36,382      context-switches                                            
     7.532556750             36,972      context-switches                                            
#           time             counts unit events
     7.632787946             35,791      context-switches                                            
     7.732979985             37,616      context-switches                                            
     7.833227041             35,670      context-switches                                            
     7.933450544             38,577      context-switches                                            
     8.033658953             36,025      context-switches                                            
     8.133772751             38,493      context-switches                                            
     8.233883572             36,537      context-switches                                            
     8.334189724             37,474      context-switches                                            
     8.434406041             36,120      context-switches                                            
     8.534572171             37,327      context-switches                                            
     8.634713364             36,481      context-switches                                            
     8.734934025             38,517      context-switches                                            
     8.835163221             36,938      context-switches                                            
     8.935322917             38,561      context-switches                                            
     9.035483029             34,540      context-switches                                            
     9.135705945             37,236      context-switches                                            
     9.235879286             35,003      context-switches                                            
     9.336106050             38,683      context-switches                                            
     9.436419957             35,895      context-switches                                            
     9.536676530             38,107      context-switches                                            
     9.636840228             35,825      context-switches                                            
     9.737007470             37,965      context-switches                                            
     9.837259017             35,486      context-switches                                            
     9.937514989             37,889      context-switches                                            
    10.000756500             23,139      context-switches                                            
