# started on Tue Nov  5 23:22:23 2019

#           time             counts unit events
     0.100773096                347      context-switches                                            
     0.201467336                210      context-switches                                            
     0.301966946                229      context-switches                                            
     0.402537084                327      context-switches                                            
     0.502846478                433      context-switches                                            
     0.603381767                180      context-switches                                            
     0.704037287                195      context-switches                                            
     0.804493771                171      context-switches                                            
     0.905092357                166      context-switches                                            
     1.005686044                240      context-switches                                            
     1.106314830                196      context-switches                                            
     1.206909308                198      context-switches                                            
     1.307504427                218      context-switches                                            
     1.408079321                203      context-switches                                            
     1.508452086                430      context-switches                                            
     1.609105383                182      context-switches                                            
     1.709764222                284      context-switches                                            
     1.810295831                165      context-switches                                            
     1.910869643                168      context-switches                                            
     2.011485506                238      context-switches                                            
     2.112133380                167      context-switches                                            
     2.212748685                191      context-switches                                            
     2.313351108                204      context-switches                                            
     2.414019083                244      context-switches                                            
     2.514594939                392      context-switches                                            
#           time             counts unit events
     2.615227005                148      context-switches                                            
     2.715735609                247      context-switches                                            
     2.816400973                171      context-switches                                            
     2.917007860                152      context-switches                                            
     3.017586721                232      context-switches                                            
     3.118103250                189      context-switches                                            
     3.218654673                198      context-switches                                            
     3.319231062                216      context-switches                                            
     3.419762592                221      context-switches                                            
     3.520175894                436      context-switches                                            
     3.620739978                188      context-switches                                            
     3.721299399                208      context-switches                                            
     3.821906065                262      context-switches                                            
     3.922510725                168      context-switches                                            
     4.023029927                258      context-switches                                            
     4.123593907                170      context-switches                                            
     4.224227666                166      context-switches                                            
     4.324797374                228      context-switches                                            
     4.425283093                233      context-switches                                            
     4.525725119                423      context-switches                                            
     4.626248544                156      context-switches                                            
     4.726677595                292      context-switches                                            
     4.827294258                271      context-switches                                            
     4.927681993                153      context-switches                                            
     5.027926445              6,672      context-switches                                            
#           time             counts unit events
     5.128222520             24,814      context-switches                                            
     5.228436528             37,084      context-switches                                            
     5.328676436             38,054      context-switches                                            
     5.428840779             37,551      context-switches                                            
     5.529061749             38,114      context-switches                                            
     5.629232719             37,932      context-switches                                            
     5.729461720             38,393      context-switches                                            
     5.829571001             36,625      context-switches                                            
     5.929708514             37,485      context-switches                                            
     6.029822489             37,260      context-switches                                            
     6.130128158             38,702      context-switches                                            
     6.230290041             37,034      context-switches                                            
     6.330522128             38,837      context-switches                                            
     6.430810491             37,119      context-switches                                            
     6.531075158             37,713      context-switches                                            
     6.631240128             37,399      context-switches                                            
     6.731450391             38,260      context-switches                                            
     6.831641225             36,921      context-switches                                            
     6.931863810             38,660      context-switches                                            
     7.032108915             36,447      context-switches                                            
     7.132326025             38,691      context-switches                                            
     7.232538314             35,097      context-switches                                            
     7.332744445             38,926      context-switches                                            
     7.432958318             34,989      context-switches                                            
     7.533218563             39,080      context-switches                                            
#           time             counts unit events
     7.633385598             36,434      context-switches                                            
     7.733607512             36,722      context-switches                                            
     7.833827062             37,171      context-switches                                            
     7.933990244             38,082      context-switches                                            
     8.034188005             37,080      context-switches                                            
     8.134318040             38,399      context-switches                                            
     8.234511783             37,020      context-switches                                            
     8.334634237             39,567      context-switches                                            
     8.434827268             35,836      context-switches                                            
     8.534936292             39,241      context-switches                                            
     8.635072814             36,335      context-switches                                            
     8.735183180             38,665      context-switches                                            
     8.835434687             35,917      context-switches                                            
     8.935654029             39,285      context-switches                                            
     9.035887209             36,821      context-switches                                            
     9.136137939             38,699      context-switches                                            
     9.236247162             36,606      context-switches                                            
     9.336528101             38,001      context-switches                                            
     9.436780998             36,921      context-switches                                            
     9.536995881             37,771      context-switches                                            
     9.637158860             37,615      context-switches                                            
     9.737368599             36,711      context-switches                                            
     9.837637100             37,454      context-switches                                            
     9.937795316             36,534      context-switches                                            
    10.000740513             23,740      context-switches                                            
