# started on Tue Nov  5 23:31:03 2019

#           time             counts unit events
     0.100806021                341      context-switches                                            
     0.201482814                134      context-switches                                            
     0.302147801                179      context-switches                                            
     0.402636291                256      context-switches                                            
     0.503275020                212      context-switches                                            
     0.603683440                448      context-switches                                            
     0.704063275                189      context-switches                                            
     0.804577191                236      context-switches                                            
     0.905146977                290      context-switches                                            
     1.005710740                241      context-switches                                            
     1.106338366                231      context-switches                                            
     1.206898008                144      context-switches                                            
     1.307286744                189      context-switches                                            
     1.407839308                213      context-switches                                            
     1.508321771                274      context-switches                                            
     1.608793726                349      context-switches                                            
     1.709272003                138      context-switches                                            
     1.809725289                184      context-switches                                            
     1.910455345                215      context-switches                                            
     2.010935170                286      context-switches                                            
     2.111440358                188      context-switches                                            
     2.212039533                164      context-switches                                            
     2.312569640                187      context-switches                                            
     2.413147702                264      context-switches                                            
     2.513806373                208      context-switches                                            
#           time             counts unit events
     2.614389975                348      context-switches                                            
     2.714952374                190      context-switches                                            
     2.815500532                173      context-switches                                            
     2.916015980                215      context-switches                                            
     3.016447707                241      context-switches                                            
     3.117063112                214      context-switches                                            
     3.217626950                139      context-switches                                            
     3.318203235                230      context-switches                                            
     3.418815354                327      context-switches                                            
     3.519429962                201      context-switches                                            
     3.619949907                333      context-switches                                            
     3.720459118                149      context-switches                                            
     3.821039680                182      context-switches                                            
     3.921583146                231      context-switches                                            
     4.022104739                202      context-switches                                            
     4.122684824                253      context-switches                                            
     4.223266161                186      context-switches                                            
     4.323792457                267      context-switches                                            
     4.424323956                250      context-switches                                            
     4.524929293                345      context-switches                                            
     4.625500385                429      context-switches                                            
     4.725758912              6,345      context-switches                                            
     4.826331077                164      context-switches                                            
     4.926891306                254      context-switches                                            
     5.027059836              4,495      context-switches                                            
#           time             counts unit events
     5.127370879             36,441      context-switches                                            
     5.227584291             36,390      context-switches                                            
     5.327777258             37,301      context-switches                                            
     5.428076717             34,380      context-switches                                            
     5.528239117             36,141      context-switches                                            
     5.628483460             35,697      context-switches                                            
     5.728722925             38,104      context-switches                                            
     5.829029486             36,010      context-switches                                            
     5.929192905             35,229      context-switches                                            
     6.029355083             36,290      context-switches                                            
     6.129541490             37,444      context-switches                                            
     6.229729116             36,201      context-switches                                            
     6.329946033             37,506      context-switches                                            
     6.430155130             36,526      context-switches                                            
     6.530319947             37,343      context-switches                                            
     6.630550352             37,521      context-switches                                            
     6.730717800             36,263      context-switches                                            
     6.830952031             36,767      context-switches                                            
     6.931060759             35,617      context-switches                                            
     7.031299774             36,744      context-switches                                            
     7.131401746             38,262      context-switches                                            
     7.231650938             35,757      context-switches                                            
     7.331756456             37,894      context-switches                                            
     7.431976300             35,906      context-switches                                            
     7.532086530             37,996      context-switches                                            
#           time             counts unit events
     7.632215190             36,118      context-switches                                            
     7.732327393             37,652      context-switches                                            
     7.832552600             36,639      context-switches                                            
     7.932660951             36,352      context-switches                                            
     8.032856844             37,249      context-switches                                            
     8.132963108             35,840      context-switches                                            
     8.233076054             37,936      context-switches                                            
     8.333193662             34,689      context-switches                                            
     8.433344292             37,538      context-switches                                            
     8.533455990             35,758      context-switches                                            
     8.633675611             36,244      context-switches                                            
     8.733848855             38,143      context-switches                                            
     8.833958079             36,942      context-switches                                            
     8.934221373             39,395      context-switches                                            
     9.034458221             36,885      context-switches                                            
     9.134604768             36,585      context-switches                                            
     9.234830683             38,314      context-switches                                            
     9.335053228             35,685      context-switches                                            
     9.435320945             38,077      context-switches                                            
     9.535562025             35,644      context-switches                                            
     9.635753272             37,671      context-switches                                            
     9.735927746             35,833      context-switches                                            
     9.836205901             37,575      context-switches                                            
     9.936342980             35,710      context-switches                                            
    10.000801802             23,487      context-switches                                            
