# started on Mon Nov 11 22:52:47 2019

#           time             counts unit events
     0.100163494             50,443      context-switches                                            
     0.200329079             45,951      context-switches                                            
     0.300466445             45,414      context-switches                                            
     0.400595380             48,304      context-switches                                            
     0.500724745             47,715      context-switches                                            
     0.600865280             46,255      context-switches                                            
     0.701010915             43,139      context-switches                                            
     0.801153720             49,670      context-switches                                            
     0.901290986             49,108      context-switches                                            
     1.001422761             45,086      context-switches                                            
     1.101555987             46,609      context-switches                                            
     1.201676723             48,351      context-switches                                            
     1.301810558             47,893      context-switches                                            
     1.401948634             45,634      context-switches                                            
     1.502083809             48,483      context-switches                                            
     1.602222485             45,552      context-switches                                            
     1.702355130             49,106      context-switches                                            
     1.802486856             46,572      context-switches                                            
     1.902613842             46,602      context-switches                                            
     2.002771338             43,551      context-switches                                            
     2.102901504             43,746      context-switches                                            
     2.203064369             45,843      context-switches                                            
     2.303204665             40,867      context-switches                                            
     2.403350441             46,190      context-switches                                            
     2.503491557             46,373      context-switches                                            
#           time             counts unit events
     2.603632523             43,239      context-switches                                            
     2.703776589             39,205      context-switches                                            
     2.803920316             45,884      context-switches                                            
     2.904050342             46,558      context-switches                                            
     3.004181689             45,117      context-switches                                            
     3.104329215             49,483      context-switches                                            
     3.204471492             45,960      context-switches                                            
     3.304609508             46,576      context-switches                                            
     3.404748635             47,714      context-switches                                            
     3.504877872             44,009      context-switches                                            
     3.605015938             43,538      context-switches                                            
     3.705150265             46,634      context-switches                                            
     3.805300871             39,350      context-switches                                            
     3.905437318             38,424      context-switches                                            
     4.005577515             39,411      context-switches                                            
     4.105719303             40,243      context-switches                                            
     4.205857350             47,245      context-switches                                            
     4.305995076             47,554      context-switches                                            
     4.406155883             43,365      context-switches                                            
     4.506315490             43,711      context-switches                                            
     4.606478327             45,302      context-switches                                            
     4.706628293             45,499      context-switches                                            
     4.806776741             47,106      context-switches                                            
     4.906927849             47,044      context-switches                                            
     5.007064906             45,420      context-switches                                            
#           time             counts unit events
     5.107207103             43,436      context-switches                                            
     5.207328031             42,507      context-switches                                            
     5.307470338             44,138      context-switches                                            
     5.407594846             47,568      context-switches                                            
     5.507727064             46,135      context-switches                                            
     5.607902971             47,784      context-switches                                            
     5.708047998             45,502      context-switches                                            
     5.808189206             36,977      context-switches                                            
     5.908323124             36,496      context-switches                                            
     6.008448772             45,407      context-switches                                            
     6.108580690             47,051      context-switches                                            
     6.208713398             51,529      context-switches                                            
     6.308838056             48,166      context-switches                                            
     6.408963685             46,537      context-switches                                            
     6.509089962             43,036      context-switches                                            
     6.609210011             48,225      context-switches                                            
     6.709338809             48,486      context-switches                                            
     6.809484647             48,083      context-switches                                            
     6.909614796             42,204      context-switches                                            
     7.009755584             44,366      context-switches                                            
     7.109888293             49,424      context-switches                                            
     7.210008931             47,571      context-switches                                            
     7.310157249             44,950      context-switches                                            
     7.410284048             48,685      context-switches                                            
     7.510414067             47,094      context-switches                                            
#           time             counts unit events
     7.610559605             48,531      context-switches                                            
     7.710691744             48,381      context-switches                                            
     7.810819663             50,534      context-switches                                            
     7.910941121             48,081      context-switches                                            
     8.011054431             46,687      context-switches                                            
     8.111187680             49,168      context-switches                                            
     8.211317239             46,471      context-switches                                            
     8.311460038             45,720      context-switches                                            
     8.411593907             44,569      context-switches                                            
     8.511714896             44,291      context-switches                                            
     8.611840905             42,127      context-switches                                            
     8.711976034             42,503      context-switches                                            
     8.812135793             47,467      context-switches                                            
     8.912292932             38,264      context-switches                                            
     9.012422262             45,307      context-switches                                            
     9.112561551             42,926      context-switches                                            
     9.212703311             45,299      context-switches                                            
     9.312836220             44,148      context-switches                                            
     9.412977330             48,220      context-switches                                            
     9.513133249             46,306      context-switches                                            
     9.613263079             48,776      context-switches                                            
     9.713385238             45,293      context-switches                                            
     9.813521918             46,197      context-switches                                            
     9.913667158             44,758      context-switches                                            
    10.000678917             39,248      context-switches                                            
