# started on Tue Nov 12 12:22:28 2019

#           time             counts unit events
     0.100208702             38,405      context-switches                                            
     0.200375283             42,204      context-switches                                            
     0.300587168             41,033      context-switches                                            
     0.400753784             41,229      context-switches                                            
     0.500989792             38,455      context-switches                                            
     0.601100737             39,761      context-switches                                            
     0.701258403             39,602      context-switches                                            
     0.801456081             38,840      context-switches                                            
     0.901669159             36,133      context-switches                                            
     1.001796638             40,135      context-switches                                            
     1.101973774             36,374      context-switches                                            
     1.202160948             39,051      context-switches                                            
     1.302294048             38,907      context-switches                                            
     1.402419583             40,348      context-switches                                            
     1.502547341             38,350      context-switches                                            
     1.602744943             40,679      context-switches                                            
     1.702854998             39,115      context-switches                                            
     1.803002598             34,485      context-switches                                            
     1.903183061             32,488      context-switches                                            
     2.003355585             34,647      context-switches                                            
     2.103478115             38,675      context-switches                                            
     2.203599949             34,387      context-switches                                            
     2.303731031             37,921      context-switches                                            
     2.403877553             35,055      context-switches                                            
     2.504000837             37,897      context-switches                                            
#           time             counts unit events
     2.604141169             39,623      context-switches                                            
     2.704249501             40,840      context-switches                                            
     2.804348632             39,063      context-switches                                            
     2.904485278             35,600      context-switches                                            
     3.004611597             36,332      context-switches                                            
     3.104854473             36,149      context-switches                                            
     3.204974502             33,770      context-switches                                            
     3.305099045             33,258      context-switches                                            
     3.405218369             33,869      context-switches                                            
     3.505335117             35,922      context-switches                                            
     3.605480764             38,284      context-switches                                            
     3.705645130             37,984      context-switches                                            
     3.805827396             39,498      context-switches                                            
     3.905984590             40,225      context-switches                                            
     4.006105202             37,854      context-switches                                            
     4.106284001             35,174      context-switches                                            
     4.206456549             31,137      context-switches                                            
     4.306617585             31,844      context-switches                                            
     4.406738777             37,265      context-switches                                            
     4.506868716             29,182      context-switches                                            
     4.606996031             32,390      context-switches                                            
     4.707125648             36,932      context-switches                                            
     4.807240206             41,081      context-switches                                            
     4.907403221             37,944      context-switches                                            
     5.007514022             38,696      context-switches                                            
#           time             counts unit events
     5.107628277             37,261      context-switches                                            
     5.207761041             40,740      context-switches                                            
     5.307872631             40,449      context-switches                                            
     5.407992734             40,185      context-switches                                            
     5.508147640             36,787      context-switches                                            
     5.608262248             37,787      context-switches                                            
     5.708460032             33,527      context-switches                                            
     5.808625694             38,693      context-switches                                            
     5.908734784             37,526      context-switches                                            
     6.008872650             40,669      context-switches                                            
     6.108988300             36,885      context-switches                                            
     6.209164452             39,534      context-switches                                            
     6.309273177             34,722      context-switches                                            
     6.409446488             33,700      context-switches                                            
     6.509566795             34,861      context-switches                                            
     6.609689827             32,712      context-switches                                            
     6.709819773             33,425      context-switches                                            
     6.809963935             31,339      context-switches                                            
     6.910096721             35,943      context-switches                                            
     7.010296755             39,708      context-switches                                            
     7.110445182             36,153      context-switches                                            
     7.210567430             34,489      context-switches                                            
     7.310740223             39,069      context-switches                                            
     7.410866040             36,228      context-switches                                            
     7.510987078             39,077      context-switches                                            
#           time             counts unit events
     7.611252427             33,929      context-switches                                            
     7.711376932             28,454      context-switches                                            
     7.811509270             31,064      context-switches                                            
     7.911641726             32,560      context-switches                                            
     8.011779899             31,333      context-switches                                            
     8.111948386             36,870      context-switches                                            
     8.212088487             40,490      context-switches                                            
     8.312225327             36,523      context-switches                                            
     8.412362725             31,059      context-switches                                            
     8.512489116             30,898      context-switches                                            
     8.612618087             29,229      context-switches                                            
     8.712806608             37,740      context-switches                                            
     8.812923531             35,616      context-switches                                            
     8.913033390             36,567      context-switches                                            
     9.013181093             38,676      context-switches                                            
     9.113363555             37,663      context-switches                                            
     9.213481595             35,252      context-switches                                            
     9.313614593             38,124      context-switches                                            
     9.413811859             37,935      context-switches                                            
     9.513997088             40,932      context-switches                                            
     9.614188832             38,777      context-switches                                            
     9.714351310             40,856      context-switches                                            
     9.814458733             38,670      context-switches                                            
     9.914589998             34,777      context-switches                                            
    10.000796223             31,301      context-switches                                            
