# started on Tue Nov 12 12:19:07 2019

#           time             counts unit events
     0.100342518              5,616      context-switches                                            
     0.200523679              9,921      context-switches                                            
     0.300621194             11,628      context-switches                                            
     0.400762956              9,259      context-switches                                            
     0.500969407             23,706      context-switches                                            
     0.601213513             26,755      context-switches                                            
     0.701332368             40,308      context-switches                                            
     0.801469510             39,965      context-switches                                            
     0.901681383             40,823      context-switches                                            
     1.001864490             39,244      context-switches                                            
     1.102864167             42,447      context-switches                                            
     1.203081534             42,031      context-switches                                            
     1.303203528             40,108      context-switches                                            
     1.403352176             36,069      context-switches                                            
     1.503560327             40,780      context-switches                                            
     1.603749810             42,444      context-switches                                            
     1.703970746             43,819      context-switches                                            
     1.804191664             42,401      context-switches                                            
     1.904303629             40,002      context-switches                                            
     2.004412488             44,315      context-switches                                            
     2.104648282             44,607      context-switches                                            
     2.204771450             40,042      context-switches                                            
     2.304885076             40,870      context-switches                                            
     2.405050343             41,983      context-switches                                            
     2.505165768             42,093      context-switches                                            
#           time             counts unit events
     2.605285217             41,997      context-switches                                            
     2.705395725             45,270      context-switches                                            
     2.805614187             42,899      context-switches                                            
     2.905764418             42,731      context-switches                                            
     3.005964170             36,042      context-switches                                            
     3.106076830             42,597      context-switches                                            
     3.206192215             39,009      context-switches                                            
     3.306369727             41,808      context-switches                                            
     3.406506203             39,572      context-switches                                            
     3.506647549             39,069      context-switches                                            
     3.606813580             40,522      context-switches                                            
     3.706925770             40,889      context-switches                                            
     3.807039628             40,751      context-switches                                            
     3.907159190             38,306      context-switches                                            
     4.007343710             40,213      context-switches                                            
     4.107462483             40,599      context-switches                                            
     4.207615268             40,236      context-switches                                            
     4.307742079             38,515      context-switches                                            
     4.407859225             37,574      context-switches                                            
     4.507976666             38,988      context-switches                                            
     4.608168754             39,576      context-switches                                            
     4.708274887             41,848      context-switches                                            
     4.808410679             39,243      context-switches                                            
     4.908525993             40,853      context-switches                                            
     5.008648143             34,948      context-switches                                            
#           time             counts unit events
     5.108764750             35,517      context-switches                                            
     5.208935341             38,429      context-switches                                            
     5.309062115             37,046      context-switches                                            
     5.409233139             38,423      context-switches                                            
     5.509370463             39,818      context-switches                                            
     5.609616972             39,949      context-switches                                            
     5.709728498             40,679      context-switches                                            
     5.809848454             36,841      context-switches                                            
     5.909968861             39,137      context-switches                                            
     6.010094165             36,353      context-switches                                            
     6.110231345             41,872      context-switches                                            
     6.210401437             45,146      context-switches                                            
     6.310511158             39,729      context-switches                                            
     6.410618163             38,973      context-switches                                            
     6.510851279             41,146      context-switches                                            
     6.611022389             42,427      context-switches                                            
     6.711226731             41,292      context-switches                                            
     6.811347479             39,791      context-switches                                            
     6.911487935             40,119      context-switches                                            
     7.011651421             43,983      context-switches                                            
     7.111786867             37,020      context-switches                                            
     7.211974937             40,864      context-switches                                            
     7.312149007             41,826      context-switches                                            
     7.412309805             34,484      context-switches                                            
     7.512416258             37,119      context-switches                                            
#           time             counts unit events
     7.612525309             40,577      context-switches                                            
     7.712639159             39,530      context-switches                                            
     7.812752180             40,541      context-switches                                            
     7.913006071             37,905      context-switches                                            
     8.013174816             41,775      context-switches                                            
     8.113297423             38,315      context-switches                                            
     8.213473536             39,373      context-switches                                            
     8.313594590             42,736      context-switches                                            
     8.413813675             38,375      context-switches                                            
     8.513924597             39,909      context-switches                                            
     8.614042824             39,413      context-switches                                            
     8.714198173             39,212      context-switches                                            
     8.814316975             37,055      context-switches                                            
     8.914429934             37,386      context-switches                                            
     9.014560045             39,352      context-switches                                            
     9.114716274             40,218      context-switches                                            
     9.214857183             39,612      context-switches                                            
     9.314969824             35,723      context-switches                                            
     9.415134877             41,062      context-switches                                            
     9.515281763             36,911      context-switches                                            
     9.615407327             37,050      context-switches                                            
     9.715546877             39,513      context-switches                                            
     9.815753320             39,230      context-switches                                            
     9.915924952             34,009      context-switches                                            
    10.000618986             34,797      context-switches                                            
