# started on Thu Nov  7 01:56:11 2019

#           time             counts unit events
     0.100238516             37,342      context-switches                                            
     0.200507972             35,960      context-switches                                            
     0.300756038             38,558      context-switches                                            
     0.401011306             36,566      context-switches                                            
     0.501236080             38,043      context-switches                                            
     0.601503300             36,262      context-switches                                            
     0.701782212             38,789      context-switches                                            
     0.802005476             36,124      context-switches                                            
     0.902250405             38,658      context-switches                                            
     1.002419612             36,127      context-switches                                            
     1.102673124             38,459      context-switches                                            
     1.202859503             35,193      context-switches                                            
     1.303117635             38,243      context-switches                                            
     1.403306592             36,440      context-switches                                            
     1.503417225             37,948      context-switches                                            
     1.603530630             37,329      context-switches                                            
     1.703754713             38,171      context-switches                                            
     1.804001107             37,063      context-switches                                            
     1.904158083             37,995      context-switches                                            
     2.004435236             37,353      context-switches                                            
     2.104603558             38,548      context-switches                                            
     2.204717447             36,871      context-switches                                            
     2.304961916             38,863      context-switches                                            
     2.405223639             36,830      context-switches                                            
     2.505388137             37,975      context-switches                                            
#           time             counts unit events
     2.605618240             35,673      context-switches                                            
     2.705930200             38,149      context-switches                                            
     2.806124319             36,448      context-switches                                            
     2.906397226             38,883      context-switches                                            
     3.006652416             37,232      context-switches                                            
     3.106788121             38,627      context-switches                                            
     3.206934539             36,464      context-switches                                            
     3.307150682             38,114      context-switches                                            
     3.407422784             42,145      context-switches                                            
     3.507678176             36,881      context-switches                                            
     3.607898710             37,482      context-switches                                            
     3.708060686             37,689      context-switches                                            
     3.808305338             36,061      context-switches                                            
     3.908467922             38,482      context-switches                                            
     4.008581716             35,879      context-switches                                            
     4.108719571             38,743      context-switches                                            
     4.209059272             36,587      context-switches                                            
     4.309178319             37,523      context-switches                                            
     4.409342389             35,883      context-switches                                            
     4.509578488             38,248      context-switches                                            
     4.609837590             36,692      context-switches                                            
     4.709995500             38,520      context-switches                                            
     4.810211756             37,455      context-switches                                            
     4.910327149             37,987      context-switches                                            
     5.010579280             36,763      context-switches                                            
#           time             counts unit events
     5.110709016             38,153      context-switches                                            
     5.210843321             36,189      context-switches                                            
     5.311020397             38,170      context-switches                                            
     5.411260742             37,575      context-switches                                            
     5.511478757             38,481      context-switches                                            
     5.611593149             37,082      context-switches                                            
     5.711834081             38,177      context-switches                                            
     5.812001505             36,913      context-switches                                            
     5.912195130             38,514      context-switches                                            
     6.012442475             37,356      context-switches                                            
     6.112613412             38,961      context-switches                                            
     6.212783311             36,176      context-switches                                            
     6.312950181             38,585      context-switches                                            
     6.413127588             36,795      context-switches                                            
     6.513290525             37,845      context-switches                                            
     6.613458140             37,332      context-switches                                            
     6.713566379             38,587      context-switches                                            
     6.813861424             36,412      context-switches                                            
     6.914068210             38,922      context-switches                                            
     7.014259946             37,560      context-switches                                            
     7.114392511             37,906      context-switches                                            
     7.214554097             36,688      context-switches                                            
     7.314659732             37,701      context-switches                                            
     7.414794162             37,282      context-switches                                            
     7.514929244             37,654      context-switches                                            
#           time             counts unit events
     7.615168609             37,980      context-switches                                            
     7.715279066             37,574      context-switches                                            
     7.815421302             37,721      context-switches                                            
     7.915532592             35,927      context-switches                                            
     8.015665405             44,770      context-switches                                            
     8.115808038             37,505      context-switches                                            
     8.216111089             37,929      context-switches                                            
     8.316178603             36,595      context-switches                                            
     8.416453514             38,186      context-switches                                            
     8.516588905             36,688      context-switches                                            
     8.616796307             38,680      context-switches                                            
     8.717026578             36,571      context-switches                                            
     8.817175439             38,755      context-switches                                            
     8.917351360             36,418      context-switches                                            
     9.017542053             38,774      context-switches                                            
     9.117717772             36,325      context-switches                                            
     9.217824134             39,437      context-switches                                            
     9.318021239             37,170      context-switches                                            
     9.418226421             38,332      context-switches                                            
     9.518336818             36,638      context-switches                                            
     9.618545544             37,129      context-switches                                            
     9.718747316             35,880      context-switches                                            
     9.818910176             37,490      context-switches                                            
     9.919054222             36,427      context-switches                                            
    10.000690198             29,943      context-switches                                            
