# started on Tue Nov  5 20:52:35 2019

#           time             counts unit events
     0.100831531                327      context-switches                                            
     0.201557946                180      context-switches                                            
     0.302178651                196      context-switches                                            
     0.402844667                217      context-switches                                            
     0.503354308                345      context-switches                                            
     0.603917371                329      context-switches                                            
     0.704591476                197      context-switches                                            
     0.805250856                164      context-switches                                            
     0.905895273                188      context-switches                                            
     1.006391259                228      context-switches                                            
     1.106966204                206      context-switches                                            
     1.207576823                191      context-switches                                            
     1.308234465                151      context-switches                                            
     1.408771618                201      context-switches                                            
     1.509451595                306      context-switches                                            
     1.610067119                289      context-switches                                            
     1.710590753                214      context-switches                                            
     1.811162244                144      context-switches                                            
     1.911743407                217      context-switches                                            
     2.012302466                217      context-switches                                            
     2.112744521                179      context-switches                                            
     2.213254941                207      context-switches                                            
     2.313855409                173      context-switches                                            
     2.414422842                254      context-switches                                            
     2.514989251                324      context-switches                                            
#           time             counts unit events
     2.615656265                338      context-switches                                            
     2.716299744                204      context-switches                                            
     2.816855674                144      context-switches                                            
     2.917325426                216      context-switches                                            
     3.017878951                192      context-switches                                            
     3.118466992                204      context-switches                                            
     3.219076512                338      context-switches                                            
     3.319685475                180      context-switches                                            
     3.420241319                268      context-switches                                            
     3.520767718              7,117      context-switches                                            
     3.621285279                388      context-switches                                            
     3.721882650                205      context-switches                                            
     3.822363731                141      context-switches                                            
     3.922943344                217      context-switches                                            
     4.023531731                193      context-switches                                            
     4.123922646                210      context-switches                                            
     4.224433492                192      context-switches                                            
     4.324971059                203      context-switches                                            
     4.425595768                207      context-switches                                            
     4.526001692                384      context-switches                                            
     4.626624527                244      context-switches                                            
     4.727217831                286      context-switches                                            
     4.827844471                178      context-switches                                            
     4.928255481                252      context-switches                                            
     5.028507445              2,162      context-switches                                            
#           time             counts unit events
     5.128785906              5,467      context-switches                                            
     5.228995544             28,672      context-switches                                            
     5.329146055             38,625      context-switches                                            
     5.429390077             37,122      context-switches                                            
     5.529522665             38,605      context-switches                                            
     5.629708106             36,552      context-switches                                            
     5.729896290             38,676      context-switches                                            
     5.830140998             35,923      context-switches                                            
     5.930314492             37,591      context-switches                                            
     6.030507119             37,106      context-switches                                            
     6.130758574             38,038      context-switches                                            
     6.230998015             37,244      context-switches                                            
     6.331167189             38,441      context-switches                                            
     6.431323152             35,883      context-switches                                            
     6.531455005             38,289      context-switches                                            
     6.631629188             36,947      context-switches                                            
     6.731745712             38,566      context-switches                                            
     6.831952035             36,919      context-switches                                            
     6.932090956             38,693      context-switches                                            
     7.032279566             37,115      context-switches                                            
     7.132412964             37,540      context-switches                                            
     7.232613157             37,171      context-switches                                            
     7.332896960             37,550      context-switches                                            
     7.433157428             36,742      context-switches                                            
     7.533369529             37,769      context-switches                                            
#           time             counts unit events
     7.633585087             36,135      context-switches                                            
     7.733713581             36,836      context-switches                                            
     7.833946117             37,158      context-switches                                            
     7.934217354             37,024      context-switches                                            
     8.034445109             37,206      context-switches                                            
     8.134690493             37,613      context-switches                                            
     8.234883433             37,832      context-switches                                            
     8.335124487             37,461      context-switches                                            
     8.435408676             38,344      context-switches                                            
     8.535551176             37,831      context-switches                                            
     8.635755031             38,678      context-switches                                            
     8.735867271             37,383      context-switches                                            
     8.835999050             36,627      context-switches                                            
     8.936225131             37,350      context-switches                                            
     9.036407284             37,391      context-switches                                            
     9.136686673             37,276      context-switches                                            
     9.236917568             36,422      context-switches                                            
     9.337192051             37,955      context-switches                                            
     9.437442197             36,215      context-switches                                            
     9.537714931             38,434      context-switches                                            
     9.637835128             37,507      context-switches                                            
     9.738004525             37,642      context-switches                                            
     9.838250476             37,691      context-switches                                            
     9.938413785             36,782      context-switches                                            
    10.000750366             24,071      context-switches                                            
