# started on Tue Nov  5 22:49:49 2019

#           time             counts unit events
     0.100714641                387      context-switches                                            
     0.201357442                168      context-switches                                            
     0.302023289                200      context-switches                                            
     0.402618447                188      context-switches                                            
     0.503182201                210      context-switches                                            
     0.603824419                224      context-switches                                            
     0.704327313                196      context-switches                                            
     0.804774218                367      context-switches                                            
     0.905134225                381      context-switches                                            
     1.005757543                194      context-switches                                            
     1.106359212                199      context-switches                                            
     1.206968060                176      context-switches                                            
     1.307367860                206      context-switches                                            
     1.407911196                169      context-switches                                            
     1.508502423                221      context-switches                                            
     1.609040335                202      context-switches                                            
     1.709592016                233      context-switches                                            
     1.809992527              3,134      context-switches                                            
     1.910331829                425      context-switches                                            
     2.010586440              4,135      context-switches                                            
     2.111156233                270      context-switches                                            
     2.211812967                262      context-switches                                            
     2.312269193                234      context-switches                                            
     2.412799814                179      context-switches                                            
     2.513315698                182      context-switches                                            
#           time             counts unit events
     2.613862012                236      context-switches                                            
     2.714477582                241      context-switches                                            
     2.815055959                299      context-switches                                            
     2.915593763                416      context-switches                                            
     3.016177748                220      context-switches                                            
     3.116708879                214      context-switches                                            
     3.217271821                199      context-switches                                            
     3.317829956                209      context-switches                                            
     3.418323119                205      context-switches                                            
     3.518887820                161      context-switches                                            
     3.619390995                245      context-switches                                            
     3.719920908                206      context-switches                                            
     3.820441846                510      context-switches                                            
     3.920872494                353      context-switches                                            
     4.021385989                148      context-switches                                            
     4.122026934                161      context-switches                                            
     4.222563923                175      context-switches                                            
     4.323122913                223      context-switches                                            
     4.423640174                187      context-switches                                            
     4.524242387                181      context-switches                                            
     4.624851665                194      context-switches                                            
     4.725401774                197      context-switches                                            
     4.825935553                254      context-switches                                            
     4.926499943                449      context-switches                                            
     5.026625689              4,677      context-switches                                            
#           time             counts unit events
     5.126793136             17,374      context-switches                                            
     5.227026049             36,613      context-switches                                            
     5.327181519             39,122      context-switches                                            
     5.427252499             35,815      context-switches                                            
     5.527452613             38,777      context-switches                                            
     5.627643663             36,161      context-switches                                            
     5.727868110             38,827      context-switches                                            
     5.828090133             36,299      context-switches                                            
     5.928285071             38,092      context-switches                                            
     6.028472916             36,564      context-switches                                            
     6.128611731             38,595      context-switches                                            
     6.228860554             36,396      context-switches                                            
     6.329026129             38,298      context-switches                                            
     6.429199190             37,125      context-switches                                            
     6.529332754             38,065      context-switches                                            
     6.629541732             36,011      context-switches                                            
     6.729696929             35,651      context-switches                                            
     6.830002327             36,942      context-switches                                            
     6.930107272             37,864      context-switches                                            
     7.030304327             36,789      context-switches                                            
     7.130437097             38,221      context-switches                                            
     7.230614234             37,459      context-switches                                            
     7.330761083             38,306      context-switches                                            
     7.430979251             39,498      context-switches                                            
     7.531145056             36,431      context-switches                                            
#           time             counts unit events
     7.631378147             36,796      context-switches                                            
     7.731556377             37,700      context-switches                                            
     7.831848510             36,353      context-switches                                            
     7.932082036             38,759      context-switches                                            
     8.032388832             36,953      context-switches                                            
     8.132539178             38,137      context-switches                                            
     8.232840197             35,402      context-switches                                            
     8.333113458             38,193      context-switches                                            
     8.433366804             36,471      context-switches                                            
     8.533679483             37,723      context-switches                                            
     8.633940488             36,773      context-switches                                            
     8.734155927             37,878      context-switches                                            
     8.834262765             35,852      context-switches                                            
     8.934479676             38,035      context-switches                                            
     9.034701209             37,904      context-switches                                            
     9.134869039             38,068      context-switches                                            
     9.235126491             38,106      context-switches                                            
     9.335394832             37,151      context-switches                                            
     9.435612336             37,141      context-switches                                            
     9.535845987             37,964      context-switches                                            
     9.636062193             37,105      context-switches                                            
     9.736314479             38,656      context-switches                                            
     9.836555331             37,284      context-switches                                            
     9.936832642             38,267      context-switches                                            
    10.000809246             23,686      context-switches                                            
