# started on Wed Nov  6 00:01:27 2019

#           time             counts unit events
     0.100805392                329      context-switches                                            
     0.201556115                148      context-switches                                            
     0.302166294                208      context-switches                                            
     0.402814246                389      context-switches                                            
     0.503407084                310      context-switches                                            
     0.603741260              2,169      context-switches                                            
     0.704071681                772      context-switches                                            
     0.804423964              2,439      context-switches                                            
     0.904757516                232      context-switches                                            
     1.005246813              4,243      context-switches                                            
     1.105860740                282      context-switches                                            
     1.206407122                219      context-switches                                            
     1.306966584                361      context-switches                                            
     1.407610659                421      context-switches                                            
     1.507752253              6,739      context-switches                                            
     1.608351839                268      context-switches                                            
     1.708879850                139      context-switches                                            
     1.809409646                233      context-switches                                            
     1.909863196                219      context-switches                                            
     2.010440587                307      context-switches                                            
     2.111047780                209      context-switches                                            
     2.211590672                161      context-switches                                            
     2.312099451                256      context-switches                                            
     2.412666885                435      context-switches                                            
     2.513259531                332      context-switches                                            
#           time             counts unit events
     2.613876753                205      context-switches                                            
     2.714421357                201      context-switches                                            
     2.815017327                194      context-switches                                            
     2.915625961                176      context-switches                                            
     3.016206932                173      context-switches                                            
     3.116810241                242      context-switches                                            
     3.217315086                246      context-switches                                            
     3.317722060                221      context-switches                                            
     3.418387750                444      context-switches                                            
     3.518994657                222      context-switches                                            
     3.619653763                224      context-switches                                            
     3.720275456                199      context-switches                                            
     3.820757511                267      context-switches                                            
     3.921319676                247      context-switches                                            
     4.021943669                278      context-switches                                            
     4.122538410                287      context-switches                                            
     4.223023710                230      context-switches                                            
     4.323592217                268      context-switches                                            
     4.424112229                583      context-switches                                            
     4.524622662                262      context-switches                                            
     4.625157291                265      context-switches                                            
     4.725754630                184      context-switches                                            
     4.826386151                313      context-switches                                            
     4.926980372                268      context-switches                                            
     5.027120207             10,395      context-switches                                            
#           time             counts unit events
     5.127434755             38,449      context-switches                                            
     5.227544009             36,624      context-switches                                            
     5.327650420             37,256      context-switches                                            
     5.427785228             36,680      context-switches                                            
     5.528079706             38,404      context-switches                                            
     5.628296737             36,066      context-switches                                            
     5.728547598             38,476      context-switches                                            
     5.828748342             34,789      context-switches                                            
     5.929082300             37,894      context-switches                                            
     6.029305811             36,852      context-switches                                            
     6.129470112             38,779      context-switches                                            
     6.229741494             35,437      context-switches                                            
     6.329892754             38,491      context-switches                                            
     6.430114892             35,921      context-switches                                            
     6.530376951             37,133      context-switches                                            
     6.630644769             36,971      context-switches                                            
     6.730896517             38,738      context-switches                                            
     6.831178478             36,508      context-switches                                            
     6.931345574             38,545      context-switches                                            
     7.031565938             37,148      context-switches                                            
     7.131799846             38,851      context-switches                                            
     7.231967677             34,606      context-switches                                            
     7.332073793             38,020      context-switches                                            
     7.432307801             36,913      context-switches                                            
     7.532516657             39,214      context-switches                                            
#           time             counts unit events
     7.632713204             36,884      context-switches                                            
     7.732873920             38,364      context-switches                                            
     7.833138059             36,364      context-switches                                            
     7.933377037             37,168      context-switches                                            
     8.033652684             35,890      context-switches                                            
     8.133847823             38,479      context-switches                                            
     8.234142484             36,591      context-switches                                            
     8.334360383             38,122      context-switches                                            
     8.434577581             36,880      context-switches                                            
     8.534772925             37,331      context-switches                                            
     8.635001864             35,233      context-switches                                            
     8.735173105             38,284      context-switches                                            
     8.835365246             37,216      context-switches                                            
     8.935610195             38,528      context-switches                                            
     9.035801292             36,955      context-switches                                            
     9.136034400             38,603      context-switches                                            
     9.236246161             35,605      context-switches                                            
     9.336523096             38,681      context-switches                                            
     9.436683965             36,624      context-switches                                            
     9.536930289             37,554      context-switches                                            
     9.637176977             36,016      context-switches                                            
     9.737477381             37,628      context-switches                                            
     9.837673134             35,232      context-switches                                            
     9.937831501             38,151      context-switches                                            
    10.000643987             21,399      context-switches                                            
