# started on Tue Nov 12 12:57:05 2019

#           time             counts unit events
     0.100446571              1,450      context-switches                                            
     0.200925082              1,262      context-switches                                            
     0.301209864              1,510      context-switches                                            
     0.401480340              1,307      context-switches                                            
     0.501972988              1,378      context-switches                                            
     0.602388347              1,317      context-switches                                            
     0.702890096              1,797      context-switches                                            
     0.803278806              1,339      context-switches                                            
     0.903612391              1,392      context-switches                                            
     1.003951951              1,545      context-switches                                            
     1.104400191              1,382      context-switches                                            
     1.204765534              1,402      context-switches                                            
     1.305133059              1,360      context-switches                                            
     1.405469317              1,431      context-switches                                            
     1.505904039              1,337      context-switches                                            
     1.606382612              1,197      context-switches                                            
     1.706840378              1,962      context-switches                                            
     1.807322987              1,347      context-switches                                            
     1.907624168              1,356      context-switches                                            
     2.008059754              1,294      context-switches                                            
     2.108385019              1,405      context-switches                                            
     2.208718459              1,393      context-switches                                            
     2.309054314              1,387      context-switches                                            
     2.409332253              1,491      context-switches                                            
     2.509514141              1,318      context-switches                                            
#           time             counts unit events
     2.609731869              1,297      context-switches                                            
     2.709995510              1,812      context-switches                                            
     2.810419521              1,290      context-switches                                            
     2.910632259              2,360      context-switches                                            
     3.010921130              6,726      context-switches                                            
     3.111397115              1,256      context-switches                                            
     3.211888997              1,622      context-switches                                            
     3.312349565              1,368      context-switches                                            
     3.412773968              1,342      context-switches                                            
     3.513185522              1,468      context-switches                                            
     3.613465429              1,333      context-switches                                            
     3.714016124              1,651      context-switches                                            
     3.814514907              1,455      context-switches                                            
     3.915092039              1,375      context-switches                                            
     4.015460404              1,602      context-switches                                            
     4.115710113              1,241      context-switches                                            
     4.216018123              1,341      context-switches                                            
     4.316487008              1,335      context-switches                                            
     4.416783097              1,415      context-switches                                            
     4.517104284              1,413      context-switches                                            
     4.617489878              1,229      context-switches                                            
     4.717862084              1,875      context-switches                                            
     4.818167980              1,260      context-switches                                            
     4.918632360              1,285      context-switches                                            
     5.018933388              1,481      context-switches                                            
#           time             counts unit events
     5.119226803              1,323      context-switches                                            
     5.219477678              1,407      context-switches                                            
     5.319811085              1,418      context-switches                                            
     5.420026568              1,403      context-switches                                            
     5.520274040              1,425      context-switches                                            
     5.620714404              1,187      context-switches                                            
     5.721235541              1,758      context-switches                                            
     5.821611322              1,402      context-switches                                            
     5.921994809              1,375      context-switches                                            
     6.022506347              1,608      context-switches                                            
     6.122934688              1,312      context-switches                                            
     6.223388844              1,456      context-switches                                            
     6.323743366              1,383      context-switches                                            
     6.424149871              1,364      context-switches                                            
     6.524611751              1,427      context-switches                                            
     6.625141672              1,184      context-switches                                            
     6.725398840              1,867      context-switches                                            
     6.825871428              1,355      context-switches                                            
     6.926294806              1,322      context-switches                                            
     7.026607253              1,376      context-switches                                            
     7.126973217              1,377      context-switches                                            
     7.227530140              1,224      context-switches                                            
     7.328101675              1,369      context-switches                                            
     7.428612236              1,350      context-switches                                            
     7.528856570              1,430      context-switches                                            
#           time             counts unit events
     7.629138164              1,311      context-switches                                            
     7.729571669              1,874      context-switches                                            
     7.829930492              1,569      context-switches                                            
     7.930372558              1,380      context-switches                                            
     8.030839743              1,449      context-switches                                            
     8.131126308              1,408      context-switches                                            
     8.231474196              1,389      context-switches                                            
     8.331940744              1,280      context-switches                                            
     8.432263576              1,405      context-switches                                            
     8.532561589              1,372      context-switches                                            
     8.633018239              1,340      context-switches                                            
     8.733447271              1,805      context-switches                                            
     8.833854614              1,256      context-switches                                            
     8.934243776              1,486      context-switches                                            
     9.034518209              1,299      context-switches                                            
     9.134772840              1,288      context-switches                                            
     9.235173969              1,326      context-switches                                            
     9.335680742              1,379      context-switches                                            
     9.436211741              1,324      context-switches                                            
     9.536672087              1,450      context-switches                                            
     9.637065502              1,335      context-switches                                            
     9.737425570              1,818      context-switches                                            
     9.837817475              1,391      context-switches                                            
     9.938224820              1,404      context-switches                                            
    10.001056729                973      context-switches                                            
