# started on Tue Nov 12 12:26:30 2019

#           time             counts unit events
     0.100126357             33,335      context-switches                                            
     0.200298905             34,793      context-switches                                            
     0.300412382             33,245      context-switches                                            
     0.400537416             30,220      context-switches                                            
     0.500718434             29,873      context-switches                                            
     0.600850435             33,198      context-switches                                            
     0.700986688             37,690      context-switches                                            
     0.801054940             36,902      context-switches                                            
     0.901179961             34,616      context-switches                                            
     1.001297905             36,052      context-switches                                            
     1.101492458             36,015      context-switches                                            
     1.201608616             34,209      context-switches                                            
     1.301732756             33,027      context-switches                                            
     1.401848803             33,144      context-switches                                            
     1.501967862             37,380      context-switches                                            
     1.602098383             34,466      context-switches                                            
     1.702219031             34,510      context-switches                                            
     1.802343774             31,691      context-switches                                            
     1.902463682             35,802      context-switches                                            
     2.002606562             35,207      context-switches                                            
     2.102769898             34,459      context-switches                                            
     2.202890046             38,082      context-switches                                            
     2.302989270             35,803      context-switches                                            
     2.403107892             34,807      context-switches                                            
     2.503231731             37,481      context-switches                                            
#           time             counts unit events
     2.603344502             32,392      context-switches                                            
     2.703463054             35,153      context-switches                                            
     2.803577815             35,678      context-switches                                            
     2.903697930             35,651      context-switches                                            
     3.003899090             32,068      context-switches                                            
     3.104022279             36,739      context-switches                                            
     3.204173746             33,046      context-switches                                            
     3.304395459             32,962      context-switches                                            
     3.404517452             35,998      context-switches                                            
     3.504632932             37,036      context-switches                                            
     3.604794949             33,849      context-switches                                            
     3.704915173             33,200      context-switches                                            
     3.805027320             34,213      context-switches                                            
     3.905138271             35,838      context-switches                                            
     4.005260933             38,755      context-switches                                            
     4.105382648             35,287      context-switches                                            
     4.205552108             33,209      context-switches                                            
     4.305667167             30,513      context-switches                                            
     4.405792007             31,220      context-switches                                            
     4.506002275             33,886      context-switches                                            
     4.606162158             40,774      context-switches                                            
     4.706273388             39,200      context-switches                                            
     4.806410893             36,112      context-switches                                            
     4.906520216             34,827      context-switches                                            
     5.006637040             37,267      context-switches                                            
#           time             counts unit events
     5.106819954             36,820      context-switches                                            
     5.206967919             35,265      context-switches                                            
     5.307083477             33,998      context-switches                                            
     5.407193333             30,913      context-switches                                            
     5.507314954             39,891      context-switches                                            
     5.607512732             35,735      context-switches                                            
     5.707663350             31,543      context-switches                                            
     5.807781026             37,821      context-switches                                            
     5.907919106             39,841      context-switches                                            
     6.008113500             37,491      context-switches                                            
     6.108221914             38,100      context-switches                                            
     6.208334019             38,282      context-switches                                            
     6.308448234             35,741      context-switches                                            
     6.408584131             32,220      context-switches                                            
     6.508706952             34,653      context-switches                                            
     6.608870681             41,611      context-switches                                            
     6.708982036             41,557      context-switches                                            
     6.809133759             40,033      context-switches                                            
     6.909262959             36,966      context-switches                                            
     7.009374119             36,363      context-switches                                            
     7.109505152             39,380      context-switches                                            
     7.209780117             39,041      context-switches                                            
     7.309950089             43,780      context-switches                                            
     7.410135152             43,402      context-switches                                            
     7.510246315             40,367      context-switches                                            
#           time             counts unit events
     7.610492375             38,382      context-switches                                            
     7.710618280             42,048      context-switches                                            
     7.810723745             37,240      context-switches                                            
     7.910856881             41,180      context-switches                                            
     8.011026550             38,716      context-switches                                            
     8.111140143             39,306      context-switches                                            
     8.211264416             37,339      context-switches                                            
     8.311371222             39,778      context-switches                                            
     8.411571451             40,650      context-switches                                            
     8.511725748             33,819      context-switches                                            
     8.611837181             36,719      context-switches                                            
     8.712069772             36,526      context-switches                                            
     8.812178507             37,267      context-switches                                            
     8.912295674             35,892      context-switches                                            
     9.012474376             35,469      context-switches                                            
     9.112641086             36,653      context-switches                                            
     9.212831316             34,814      context-switches                                            
     9.312938794             38,915      context-switches                                            
     9.413053129             42,431      context-switches                                            
     9.513208757             39,933      context-switches                                            
     9.613322419             42,315      context-switches                                            
     9.713610773             39,939      context-switches                                            
     9.813718823             38,813      context-switches                                            
     9.913826235             41,688      context-switches                                            
    10.000611490             39,587      context-switches                                            
