# started on Tue Nov 12 11:18:03 2019

#           time             counts unit events
     0.100141704             34,791      context-switches                                            
     0.200281546             34,845      context-switches                                            
     0.300393288             36,471      context-switches                                            
     0.400527456             36,752      context-switches                                            
     0.500742956             37,687      context-switches                                            
     0.600860409             39,512      context-switches                                            
     0.701028206             37,184      context-switches                                            
     0.801175892             38,630      context-switches                                            
     0.901305608             36,902      context-switches                                            
     1.001456874             37,293      context-switches                                            
     1.101567120             37,550      context-switches                                            
     1.201688028             34,422      context-switches                                            
     1.301814714             37,044      context-switches                                            
     1.401986922             39,759      context-switches                                            
     1.502189975             41,547      context-switches                                            
     1.602330050             39,912      context-switches                                            
     1.702514311             39,826      context-switches                                            
     1.802684071             38,592      context-switches                                            
     1.902797103             38,487      context-switches                                            
     2.002977415             37,596      context-switches                                            
     2.103094673             37,399      context-switches                                            
     2.203228591             34,976      context-switches                                            
     2.303368736             37,669      context-switches                                            
     2.403555818             36,801      context-switches                                            
     2.503660977             38,853      context-switches                                            
#           time             counts unit events
     2.603832014             40,404      context-switches                                            
     2.704076665             39,572      context-switches                                            
     2.804319750             40,167      context-switches                                            
     2.904427601             39,265      context-switches                                            
     3.004560804             37,519      context-switches                                            
     3.104734068             38,179      context-switches                                            
     3.204901777             33,960      context-switches                                            
     3.305061019             37,437      context-switches                                            
     3.405267262             36,442      context-switches                                            
     3.505401359             39,178      context-switches                                            
     3.605596409             40,007      context-switches                                            
     3.705791348             42,874      context-switches                                            
     3.806008067             41,776      context-switches                                            
     3.906177114             42,976      context-switches                                            
     4.006412486             41,232      context-switches                                            
     4.106680797             41,588      context-switches                                            
     4.206787966             40,251      context-switches                                            
     4.306896539             41,561      context-switches                                            
     4.407012390             36,069      context-switches                                            
     4.507228344             37,181      context-switches                                            
     4.607517313             38,202      context-switches                                            
     4.707730080             38,076      context-switches                                            
     4.807918186             43,721      context-switches                                            
     4.908162185             37,888      context-switches                                            
     5.008341943             43,115      context-switches                                            
#           time             counts unit events
     5.108616511             39,685      context-switches                                            
     5.208770277             41,320      context-switches                                            
     5.308876142             37,530      context-switches                                            
     5.409011260             40,120      context-switches                                            
     5.509142263             37,574      context-switches                                            
     5.609298870             36,265      context-switches                                            
     5.709434044             41,170      context-switches                                            
     5.809603638             36,162      context-switches                                            
     5.909736768             39,811      context-switches                                            
     6.009858971             42,962      context-switches                                            
     6.109994855             42,031      context-switches                                            
     6.210198888             41,439      context-switches                                            
     6.310327992             38,669      context-switches                                            
     6.410431760             41,078      context-switches                                            
     6.510557199             37,632      context-switches                                            
     6.610667589             36,175      context-switches                                            
     6.710794505             39,302      context-switches                                            
     6.810970469             39,618      context-switches                                            
     6.911081202             41,643      context-switches                                            
     7.011247981             41,737      context-switches                                            
     7.111414763             42,327      context-switches                                            
     7.211518014             41,301      context-switches                                            
     7.311671570             42,110      context-switches                                            
     7.411836297             40,544      context-switches                                            
     7.511970279             41,700      context-switches                                            
#           time             counts unit events
     7.612115984             38,302      context-switches                                            
     7.712226503             39,012      context-switches                                            
     7.812334989             39,265      context-switches                                            
     7.912539604             41,317      context-switches                                            
     8.012650337             37,347      context-switches                                            
     8.112869537             40,318      context-switches                                            
     8.213103957             43,750      context-switches                                            
     8.313345367             42,321      context-switches                                            
     8.413498475             42,640      context-switches                                            
     8.513600646             42,249      context-switches                                            
     8.613706890             44,114      context-switches                                            
     8.713825555             36,983      context-switches                                            
     8.813911483             40,361      context-switches                                            
     8.914182293             38,595      context-switches                                            
     9.014287506             40,986      context-switches                                            
     9.114494635             42,116      context-switches                                            
     9.214721317             42,678      context-switches                                            
     9.314986779             40,034      context-switches                                            
     9.415230904             39,279      context-switches                                            
     9.515495487             38,880      context-switches                                            
     9.615633174             41,223      context-switches                                            
     9.715822529             40,797      context-switches                                            
     9.815981874             37,863      context-switches                                            
     9.916292471             38,008      context-switches                                            
    10.000654672             34,277      context-switches                                            
