# started on Tue Nov  5 22:24:16 2019

#           time             counts unit events
     0.100812451                346      context-switches                                            
     0.201504995                233      context-switches                                            
     0.302026949                203      context-switches                                            
     0.402638923                259      context-switches                                            
     0.503269772                192      context-switches                                            
     0.603769462                387      context-switches                                            
     0.704254591                209      context-switches                                            
     0.804800660                202      context-switches                                            
     0.905316707                173      context-switches                                            
     1.005903898                161      context-switches                                            
     1.106473407                260      context-switches                                            
     1.207014496                228      context-switches                                            
     1.307535815                243      context-switches                                            
     1.408104967                236      context-switches                                            
     1.508629239                217      context-switches                                            
     1.609292473                372      context-switches                                            
     1.709785006                208      context-switches                                            
     1.810427164                197      context-switches                                            
     1.910849812                171      context-switches                                            
     2.011424071                322      context-switches                                            
     2.111966983                268      context-switches                                            
     2.212552910                233      context-switches                                            
     2.313105446                234      context-switches                                            
     2.413665815                291      context-switches                                            
     2.514325556                330      context-switches                                            
#           time             counts unit events
     2.614635644              6,801      context-switches                                            
     2.715180587                207      context-switches                                            
     2.815785138                165      context-switches                                            
     2.916374315                173      context-switches                                            
     3.016924714                185      context-switches                                            
     3.117527789                188      context-switches                                            
     3.218121046                218      context-switches                                            
     3.318683665                203      context-switches                                            
     3.419230982                255      context-switches                                            
     3.519843510                165      context-switches                                            
     3.620507399                401      context-switches                                            
     3.721114852                204      context-switches                                            
     3.821710994                208      context-switches                                            
     3.922171970                194      context-switches                                            
     4.022720646                209      context-switches                                            
     4.123389270                208      context-switches                                            
     4.223993717                228      context-switches                                            
     4.324610439                186      context-switches                                            
     4.425141520                305      context-switches                                            
     4.525614168                162      context-switches                                            
     4.626171792                402      context-switches                                            
     4.726762504                214      context-switches                                            
     4.827350297                183      context-switches                                            
     4.927963114                176      context-switches                                            
     5.028168587              3,832      context-switches                                            
#           time             counts unit events
     5.128471026             14,853      context-switches                                            
     5.228721903             37,492      context-switches                                            
     5.328829634             38,313      context-switches                                            
     5.429098061             36,582      context-switches                                            
     5.529236437             35,706      context-switches                                            
     5.629365943             36,308      context-switches                                            
     5.729499302             38,429      context-switches                                            
     5.829816471             36,520      context-switches                                            
     5.929934367             37,366      context-switches                                            
     6.030169366             36,883      context-switches                                            
     6.130400176             36,284      context-switches                                            
     6.230634404             36,250      context-switches                                            
     6.330767866             36,778      context-switches                                            
     6.430954302             37,267      context-switches                                            
     6.531071094             36,529      context-switches                                            
     6.631300256             37,546      context-switches                                            
     6.731543496             37,801      context-switches                                            
     6.831747508             37,246      context-switches                                            
     6.932059327             37,773      context-switches                                            
     7.032211179             37,040      context-switches                                            
     7.132468916             38,477      context-switches                                            
     7.232694741             36,653      context-switches                                            
     7.332939068             37,160      context-switches                                            
     7.433163449             36,151      context-switches                                            
     7.533343551             38,482      context-switches                                            
#           time             counts unit events
     7.633608551             36,081      context-switches                                            
     7.733763765             38,109      context-switches                                            
     7.834009164             36,900      context-switches                                            
     7.934270450             38,097      context-switches                                            
     8.034493002             35,253      context-switches                                            
     8.134663942             37,099      context-switches                                            
     8.234834449             36,898      context-switches                                            
     8.334939035             37,526      context-switches                                            
     8.435076458             37,338      context-switches                                            
     8.535250072             36,915      context-switches                                            
     8.635402958             36,911      context-switches                                            
     8.735600862             37,142      context-switches                                            
     8.835870191             36,715      context-switches                                            
     8.936122180             36,998      context-switches                                            
     9.036285972             37,724      context-switches                                            
     9.136504834             37,411      context-switches                                            
     9.236730931             36,940      context-switches                                            
     9.336864594             37,214      context-switches                                            
     9.437030096             36,312      context-switches                                            
     9.537144219             36,473      context-switches                                            
     9.637337399             37,787      context-switches                                            
     9.737561701             37,840      context-switches                                            
     9.837857059             36,567      context-switches                                            
     9.938093607             37,066      context-switches                                            
    10.000813688             21,642      context-switches                                            
