# started on Tue Nov  5 23:18:02 2019

#           time             counts unit events
     0.100781328                348      context-switches                                            
     0.201434168                177      context-switches                                            
     0.301972755                196      context-switches                                            
     0.402589271                171      context-switches                                            
     0.503257040                260      context-switches                                            
     0.603846662                184      context-switches                                            
     0.704464319                254      context-switches                                            
     0.805040598                223      context-switches                                            
     0.905572938                321      context-switches                                            
     1.006116676                416      context-switches                                            
     1.106671764                217      context-switches                                            
     1.207151320                225      context-switches                                            
     1.307764033                187      context-switches                                            
     1.408311779                158      context-switches                                            
     1.508896481                167      context-switches                                            
     1.609400132                187      context-switches                                            
     1.710020506                196      context-switches                                            
     1.810572946                216      context-switches                                            
     1.911193647                216      context-switches                                            
     2.011783169                320      context-switches                                            
     2.112415706                300      context-switches                                            
     2.212894940                268      context-switches                                            
     2.313408190                188      context-switches                                            
     2.414007637                178      context-switches                                            
     2.514572128                172      context-switches                                            
#           time             counts unit events
     2.615135585                180      context-switches                                            
     2.715708858                154      context-switches                                            
     2.816179924                320      context-switches                                            
     2.916796976                184      context-switches                                            
     3.017424118                372      context-switches                                            
     3.118036846                237      context-switches                                            
     3.218524839                193      context-switches                                            
     3.318879588              2,429      context-switches                                            
     3.419205356                697      context-switches                                            
     3.519576890              1,147      context-switches                                            
     3.620006617              3,278      context-switches                                            
     3.720513446                187      context-switches                                            
     3.821045407                260      context-switches                                            
     3.921737209                175      context-switches                                            
     4.022338606                359      context-switches                                            
     4.122955638                222      context-switches                                            
     4.223551389                208      context-switches                                            
     4.324153725                210      context-switches                                            
     4.424740230                180      context-switches                                            
     4.525151815                203      context-switches                                            
     4.625733431                266      context-switches                                            
     4.726350617                178      context-switches                                            
     4.826992411                228      context-switches                                            
     4.927641308                186      context-switches                                            
     5.028003983              2,242      context-switches                                            
#           time             counts unit events
     5.128240524              5,498      context-switches                                            
     5.228516369             27,300      context-switches                                            
     5.328679290             36,161      context-switches                                            
     5.428788012             37,419      context-switches                                            
     5.528950912             38,574      context-switches                                            
     5.629147086             36,695      context-switches                                            
     5.729280238             38,456      context-switches                                            
     5.829407912             37,265      context-switches                                            
     5.929514289             39,466      context-switches                                            
     6.029651436             37,061      context-switches                                            
     6.129767523             40,099      context-switches                                            
     6.229965513             37,797      context-switches                                            
     6.330132326             37,871      context-switches                                            
     6.430419126             38,704      context-switches                                            
     6.530531210             37,290      context-switches                                            
     6.630752266             38,011      context-switches                                            
     6.730862068             37,152      context-switches                                            
     6.830990820             37,955      context-switches                                            
     6.931099215             36,352      context-switches                                            
     7.031344101             38,311      context-switches                                            
     7.131648399             37,799      context-switches                                            
     7.231948034             38,285      context-switches                                            
     7.332069930             38,367      context-switches                                            
     7.432248252             37,004      context-switches                                            
     7.532496208             38,203      context-switches                                            
#           time             counts unit events
     7.632668676             37,631      context-switches                                            
     7.732810917             38,401      context-switches                                            
     7.833027172             37,538      context-switches                                            
     7.933138823             38,875      context-switches                                            
     8.033289907             37,883      context-switches                                            
     8.133473160             37,265      context-switches                                            
     8.233652368             37,308      context-switches                                            
     8.333795923             38,071      context-switches                                            
     8.433939403             37,943      context-switches                                            
     8.534201329             36,410      context-switches                                            
     8.634454927             37,610      context-switches                                            
     8.734704766             37,275      context-switches                                            
     8.834860739             38,314      context-switches                                            
     8.934966842             37,334      context-switches                                            
     9.035204052             39,222      context-switches                                            
     9.135503428             38,362      context-switches                                            
     9.235835229             37,682      context-switches                                            
     9.336109411             36,663      context-switches                                            
     9.436214364             36,784      context-switches                                            
     9.536423373             37,322      context-switches                                            
     9.636617285             37,752      context-switches                                            
     9.736753179             37,509      context-switches                                            
     9.836966884             37,432      context-switches                                            
     9.937076194             37,880      context-switches                                            
    10.000801228             23,312      context-switches                                            
