# started on Thu Nov  7 01:36:44 2019

#           time             counts unit events
     0.100277100             36,423      context-switches                                            
     0.200406080             34,408      context-switches                                            
     0.300673350             37,175      context-switches                                            
     0.400789677             37,497      context-switches                                            
     0.500968238             37,099      context-switches                                            
     0.601085977             37,469      context-switches                                            
     0.701254678             37,297      context-switches                                            
     0.801365367             37,364      context-switches                                            
     0.901562418             38,273      context-switches                                            
     1.001671615             37,061      context-switches                                            
     1.101859321             37,644      context-switches                                            
     1.202011697             37,125      context-switches                                            
     1.302277190             38,227      context-switches                                            
     1.402391564             37,605      context-switches                                            
     1.502642512             38,120      context-switches                                            
     1.602794232             36,706      context-switches                                            
     1.703063386             38,479      context-switches                                            
     1.803282580             35,930      context-switches                                            
     1.903557291             38,401      context-switches                                            
     2.003698328             36,506      context-switches                                            
     2.103979086             40,120      context-switches                                            
     2.204176759             33,323      context-switches                                            
     2.304481821             40,637      context-switches                                            
     2.404673570             36,718      context-switches                                            
     2.504812609             37,635      context-switches                                            
#           time             counts unit events
     2.605032488             36,521      context-switches                                            
     2.705167020             38,820      context-switches                                            
     2.805342605             37,157      context-switches                                            
     2.905544189             38,480      context-switches                                            
     3.005798857             36,608      context-switches                                            
     3.105912843             37,349      context-switches                                            
     3.206107668             36,667      context-switches                                            
     3.306358347             37,797      context-switches                                            
     3.406527897             36,775      context-switches                                            
     3.506818252             37,952      context-switches                                            
     3.606986461             36,440      context-switches                                            
     3.707206790             38,644      context-switches                                            
     3.807517978             35,766      context-switches                                            
     3.907684086             38,077      context-switches                                            
     4.007993189             36,823      context-switches                                            
     4.108208816             38,792      context-switches                                            
     4.208433205             36,686      context-switches                                            
     4.308636836             38,678      context-switches                                            
     4.408751637             36,891      context-switches                                            
     4.509004975             39,225      context-switches                                            
     4.609163426             36,287      context-switches                                            
     4.709420251             38,516      context-switches                                            
     4.809560515             36,107      context-switches                                            
     4.909670951             38,434      context-switches                                            
     5.009886822             36,731      context-switches                                            
#           time             counts unit events
     5.110129016             38,135      context-switches                                            
     5.210409660             37,051      context-switches                                            
     5.310617915             38,900      context-switches                                            
     5.410848858             36,803      context-switches                                            
     5.511044148             38,915      context-switches                                            
     5.611303359             37,381      context-switches                                            
     5.711551061             38,055      context-switches                                            
     5.811668358             36,691      context-switches                                            
     5.911880551             38,905      context-switches                                            
     6.012104528             37,149      context-switches                                            
     6.112294733             38,855      context-switches                                            
     6.212523479             36,717      context-switches                                            
     6.312641817             37,966      context-switches                                            
     6.412772073             37,359      context-switches                                            
     6.512948249             39,000      context-switches                                            
     6.613085614             35,961      context-switches                                            
     6.713377668             37,775      context-switches                                            
     6.813570873             36,647      context-switches                                            
     6.913708801             37,823      context-switches                                            
     7.013827405             36,353      context-switches                                            
     7.114033202             37,515      context-switches                                            
     7.214270191             36,412      context-switches                                            
     7.314538652             38,472      context-switches                                            
     7.414673322             37,120      context-switches                                            
     7.514905484             38,016      context-switches                                            
#           time             counts unit events
     7.615152253             37,042      context-switches                                            
     7.715430530             38,541      context-switches                                            
     7.815603988             37,225      context-switches                                            
     7.915849115             37,741      context-switches                                            
     8.016023076             37,304      context-switches                                            
     8.116222489             38,457      context-switches                                            
     8.216355806             37,653      context-switches                                            
     8.316491599             38,030      context-switches                                            
     8.416723066             36,737      context-switches                                            
     8.516830663             37,800      context-switches                                            
     8.617075210             36,381      context-switches                                            
     8.717182820             38,089      context-switches                                            
     8.817391080             36,737      context-switches                                            
     8.917495830             37,929      context-switches                                            
     9.017713891             36,413      context-switches                                            
     9.117823124             38,427      context-switches                                            
     9.218040464             37,181      context-switches                                            
     9.318151760             37,608      context-switches                                            
     9.418384571             38,012      context-switches                                            
     9.518489234             37,346      context-switches                                            
     9.618798004             38,210      context-switches                                            
     9.718909192             37,422      context-switches                                            
     9.819219103             36,459      context-switches                                            
     9.919353606             36,531      context-switches                                            
    10.000757785             30,928      context-switches                                            
