# started on Wed Nov  6 02:04:02 2019

#           time             counts unit events
     0.100784105                391      context-switches                                            
     0.201470859                206      context-switches                                            
     0.301886557                252      context-switches                                            
     0.402536847                212      context-switches                                            
     0.503075713                414      context-switches                                            
     0.603662947                202      context-switches                                            
     0.704264993                175      context-switches                                            
     0.804884679                269      context-switches                                            
     0.905464222                198      context-switches                                            
     1.006051851                165      context-switches                                            
     1.106545617                340      context-switches                                            
     1.207108116                257      context-switches                                            
     1.307684310                299      context-switches                                            
     1.408315924                279      context-switches                                            
     1.508915493                308      context-switches                                            
     1.609476049                171      context-switches                                            
     1.710040371                243      context-switches                                            
     1.810646407                266      context-switches                                            
     1.911256006                171      context-switches                                            
     2.011835558                175      context-switches                                            
     2.112419820                264      context-switches                                            
     2.212879395                220      context-switches                                            
     2.313297537                258      context-switches                                            
     2.413620215                195      context-switches                                            
     2.514183967                312      context-switches                                            
#           time             counts unit events
     2.614822049                218      context-switches                                            
     2.715360003                254      context-switches                                            
     2.816017892                274      context-switches                                            
     2.916601080                185      context-switches                                            
     3.017022798                164      context-switches                                            
     3.117641725                218      context-switches                                            
     3.218266873                218      context-switches                                            
     3.318864510                243      context-switches                                            
     3.419331037                378      context-switches                                            
     3.519882449                128      context-switches                                            
     3.620508042                166      context-switches                                            
     3.721055995                220      context-switches                                            
     3.821613407                210      context-switches                                            
     3.922110894                264      context-switches                                            
     4.022691437                191      context-switches                                            
     4.123308054                207      context-switches                                            
     4.223921350                189      context-switches                                            
     4.324515260                237      context-switches                                            
     4.424923586                380      context-switches                                            
     4.525366969                188      context-switches                                            
     4.626008380                170      context-switches                                            
     4.726583212                174      context-switches                                            
     4.827176917                182      context-switches                                            
     4.927729226                258      context-switches                                            
     5.027962573              5,181      context-switches                                            
#           time             counts unit events
     5.128155772             20,119      context-switches                                            
     5.228377824             36,911      context-switches                                            
     5.328588863             38,636      context-switches                                            
     5.428693948             37,408      context-switches                                            
     5.528854530             38,862      context-switches                                            
     5.628961116             36,826      context-switches                                            
     5.729190112             38,829      context-switches                                            
     5.829361462             36,919      context-switches                                            
     5.929549435             39,099      context-switches                                            
     6.029777590             36,976      context-switches                                            
     6.130020952             39,398      context-switches                                            
     6.230205208             36,307      context-switches                                            
     6.330309901             38,166      context-switches                                            
     6.430544692             36,635      context-switches                                            
     6.530653605             39,610      context-switches                                            
     6.630901259             35,805      context-switches                                            
     6.731040442             39,395      context-switches                                            
     6.831203553             36,793      context-switches                                            
     6.931306611             38,997      context-switches                                            
     7.031565374             37,275      context-switches                                            
     7.131706294             38,851      context-switches                                            
     7.231967617             36,355      context-switches                                            
     7.332132179             38,434      context-switches                                            
     7.432329841             36,422      context-switches                                            
     7.532438085             38,856      context-switches                                            
#           time             counts unit events
     7.632699144             37,159      context-switches                                            
     7.732875874             38,390      context-switches                                            
     7.833078297             36,432      context-switches                                            
     7.933333030             39,178      context-switches                                            
     8.033568163             36,805      context-switches                                            
     8.133759069             38,007      context-switches                                            
     8.233975519             34,972      context-switches                                            
     8.334202162             37,926      context-switches                                            
     8.434398057             37,054      context-switches                                            
     8.534676065             38,047      context-switches                                            
     8.634913210             36,106      context-switches                                            
     8.735055887             38,051      context-switches                                            
     8.835220601             37,156      context-switches                                            
     8.935454138             37,802      context-switches                                            
     9.035690695             37,488      context-switches                                            
     9.135955991             38,281      context-switches                                            
     9.236138550             37,351      context-switches                                            
     9.336418975             38,616      context-switches                                            
     9.436719870             37,715      context-switches                                            
     9.536957610             39,004      context-switches                                            
     9.637180486             37,526      context-switches                                            
     9.737415287             38,343      context-switches                                            
     9.837521621             37,260      context-switches                                            
     9.937720864             37,530      context-switches                                            
    10.000718251             23,977      context-switches                                            
