# started on Tue Nov  5 20:27:54 2019

#           time             counts unit events
     0.100840140                250      context-switches                                            
     0.201427735                505      context-switches                                            
     0.302016489                214      context-switches                                            
     0.402667421                262      context-switches                                            
     0.503226324                325      context-switches                                            
     0.603757456                183      context-switches                                            
     0.704345304                244      context-switches                                            
     0.804958763                201      context-switches                                            
     0.905460292                179      context-switches                                            
     1.006016148                225      context-switches                                            
     1.106637731                179      context-switches                                            
     1.207157463                464      context-switches                                            
     1.307643173                271      context-switches                                            
     1.408220493                220      context-switches                                            
     1.508754603                380      context-switches                                            
     1.609311854                148      context-switches                                            
     1.709834973                194      context-switches                                            
     1.810425832                221      context-switches                                            
     1.911044682                188      context-switches                                            
     2.011658518                226      context-switches                                            
     2.112266930                138      context-switches                                            
     2.212792532                451      context-switches                                            
     2.313377757                181      context-switches                                            
     2.413935425                244      context-switches                                            
     2.514358019                384      context-switches                                            
#           time             counts unit events
     2.614843124                130      context-switches                                            
     2.715338332                211      context-switches                                            
     2.815822512                210      context-switches                                            
     2.916369295                205      context-switches                                            
     3.016996865                223      context-switches                                            
     3.117598341                180      context-switches                                            
     3.218206748                478      context-switches                                            
     3.318801832                210      context-switches                                            
     3.419403950                274      context-switches                                            
     3.519936426                371      context-switches                                            
     3.620427219                180      context-switches                                            
     3.720984681                299      context-switches                                            
     3.821561962                227      context-switches                                            
     3.922172280                194      context-switches                                            
     4.022725037                329      context-switches                                            
     4.123225247                196      context-switches                                            
     4.223771373                475      context-switches                                            
     4.324379615                257      context-switches                                            
     4.424792594              6,851      context-switches                                            
     4.525421652                326      context-switches                                            
     4.626005688                116      context-switches                                            
     4.726531716                206      context-switches                                            
     4.827206179                164      context-switches                                            
     4.927802795                262      context-switches                                            
     5.028240078              1,510      context-switches                                            
#           time             counts unit events
     5.128406627              2,713      context-switches                                            
     5.228815849              2,137      context-switches                                            
     5.328973571              3,024      context-switches                                            
     5.429228060              4,648      context-switches                                            
     5.529572120              4,939      context-switches                                            
     5.630038296              4,367      context-switches                                            
     5.730210422              4,625      context-switches                                            
     5.830563726              5,118      context-switches                                            
     5.930980879              4,408      context-switches                                            
     6.031199062              2,871      context-switches                                            
     6.131667731              7,401      context-switches                                            
     6.231803840              2,102      context-switches                                            
     6.332038001              4,174      context-switches                                            
     6.432315308              5,729      context-switches                                            
     6.532792939              3,414      context-switches                                            
     6.633005535              4,629      context-switches                                            
     6.733268907              4,759      context-switches                                            
     6.833658515              4,733      context-switches                                            
     6.933929987              2,336      context-switches                                            
     7.034259481              7,123      context-switches                                            
     7.134615103              1,264      context-switches                                            
     7.234901099              6,922      context-switches                                            
     7.335060768              4,526      context-switches                                            
     7.435488092              2,844      context-switches                                            
     7.535840829              6,002      context-switches                                            
#           time             counts unit events
     7.636207264              3,798      context-switches                                            
     7.736786971              4,648      context-switches                                            
     7.837287553              4,705      context-switches                                            
     7.937556446              4,801      context-switches                                            
     8.037679081              2,100      context-switches                                            
     8.137883340              6,817      context-switches                                            
     8.238093798              5,032      context-switches                                            
     8.338283257              1,720      context-switches                                            
     8.438493249              6,182      context-switches                                            
     8.538794101              3,328      context-switches                                            
     8.639070894              4,264      context-switches                                            
     8.739498125              4,350      context-switches                                            
     8.839942466              4,609      context-switches                                            
     8.940047502              3,043      context-switches                                            
     9.040438667              6,654      context-switches                                            
     9.140729441              1,516      context-switches                                            
     9.240950849              6,940      context-switches                                            
     9.341060555              5,374      context-switches                                            
     9.441423544              1,897      context-switches                                            
     9.541592499              5,995      context-switches                                            
     9.641998995              3,740      context-switches                                            
     9.742462132              4,370      context-switches                                            
     9.842602213              2,420      context-switches                                            
     9.942974999              7,099      context-switches                                            
    10.001138705                654      context-switches                                            
