# started on Tue Nov  5 22:13:44 2019

#           time             counts unit events
     0.100805193                291      context-switches                                            
     0.201523134                231      context-switches                                            
     0.301860191                297      context-switches                                            
     0.402439659                312      context-switches                                            
     0.503088845                134      context-switches                                            
     0.603563639                214      context-switches                                            
     0.704072109                195      context-switches                                            
     0.804583477                284      context-switches                                            
     0.905207750                177      context-switches                                            
     1.005818614                240      context-switches                                            
     1.106435491                151      context-switches                                            
     1.207086220                288      context-switches                                            
     1.307619684                388      context-switches                                            
     1.408162767                194      context-switches                                            
     1.508710215                154      context-switches                                            
     1.609289697                174      context-switches                                            
     1.709822164                272      context-switches                                            
     1.810328388                288      context-switches                                            
     1.910954819                230      context-switches                                            
     2.011502506                187      context-switches                                            
     2.112137427                181      context-switches                                            
     2.212807847                250      context-switches                                            
     2.313317552                322      context-switches                                            
     2.413997915                232      context-switches                                            
     2.514648541                124      context-switches                                            
#           time             counts unit events
     2.615055318                159      context-switches                                            
     2.715512226                248      context-switches                                            
     2.815973900                301      context-switches                                            
     2.916496343                171      context-switches                                            
     3.017001938                232      context-switches                                            
     3.117575177                173      context-switches                                            
     3.218183285                206      context-switches                                            
     3.318716986                345      context-switches                                            
     3.419238783                190      context-switches                                            
     3.519830468                308      context-switches                                            
     3.620379021                190      context-switches                                            
     3.720937541                186      context-switches                                            
     3.821388663                331      context-switches                                            
     3.921915976                309      context-switches                                            
     4.022531960                240      context-switches                                            
     4.123151329                198      context-switches                                            
     4.223825000                412      context-switches                                            
     4.324195271                453      context-switches                                            
     4.424620109              6,510      context-switches                                            
     4.525199252                142      context-switches                                            
     4.625860202                176      context-switches                                            
     4.726458238                354      context-switches                                            
     4.827130617                317      context-switches                                            
     4.927614423                188      context-switches                                            
     5.027777960             26,993      context-switches                                            
#           time             counts unit events
     5.127997826             37,690      context-switches                                            
     5.228111760             35,354      context-switches                                            
     5.328309421             37,254      context-switches                                            
     5.428421528             35,652      context-switches                                            
     5.528592861             36,403      context-switches                                            
     5.628700847             36,468      context-switches                                            
     5.728953624             36,354      context-switches                                            
     5.829076158             36,492      context-switches                                            
     5.929224727             36,705      context-switches                                            
     6.029369907             37,501      context-switches                                            
     6.129543489             37,057      context-switches                                            
     6.229711893             36,802      context-switches                                            
     6.329816702             37,148      context-switches                                            
     6.430008687             36,019      context-switches                                            
     6.530196530             37,037      context-switches                                            
     6.630349340             37,287      context-switches                                            
     6.730525397             37,256      context-switches                                            
     6.830740998             36,216      context-switches                                            
     6.930915479             36,481      context-switches                                            
     7.031120815             36,144      context-switches                                            
     7.131368247             37,873      context-switches                                            
     7.231510182             35,985      context-switches                                            
     7.331846020             37,708      context-switches                                            
     7.432019086             36,076      context-switches                                            
     7.532231120             38,146      context-switches                                            
#           time             counts unit events
     7.632414751             35,210      context-switches                                            
     7.732639446             37,957      context-switches                                            
     7.832878629             35,853      context-switches                                            
     7.933128125             37,056      context-switches                                            
     8.033319574             35,589      context-switches                                            
     8.133426212             37,887      context-switches                                            
     8.233540306             36,281      context-switches                                            
     8.333662113             37,669      context-switches                                            
     8.433882491             36,501      context-switches                                            
     8.534152692             38,254      context-switches                                            
     8.634361316             36,436      context-switches                                            
     8.734573309             37,525      context-switches                                            
     8.834727646             35,967      context-switches                                            
     8.934834093             37,644      context-switches                                            
     9.034992704             35,479      context-switches                                            
     9.135214805             38,346      context-switches                                            
     9.235412664             36,060      context-switches                                            
     9.335586278             37,865      context-switches                                            
     9.435788859             35,946      context-switches                                            
     9.536031235             38,754      context-switches                                            
     9.636224508             34,890      context-switches                                            
     9.736474742             38,020      context-switches                                            
     9.836609741             35,995      context-switches                                            
     9.936807317             37,218      context-switches                                            
    10.000746258             21,945      context-switches                                            
