# started on Tue Nov 12 13:58:39 2019

#           time             counts unit events
     0.100155243             25,839      context-switches                                            
     0.200318571             34,075      context-switches                                            
     0.300472452             26,694      context-switches                                            
     0.400604719             26,658      context-switches                                            
     0.500741552             22,990      context-switches                                            
     0.601005808             27,464      context-switches                                            
     0.701162071             27,934      context-switches                                            
     0.801371461             28,863      context-switches                                            
     0.901504423             34,820      context-switches                                            
     1.001628214             32,390      context-switches                                            
     1.101790777             35,576      context-switches                                            
     1.201911149             33,817      context-switches                                            
     1.302030476             27,097      context-switches                                            
     1.402165622             28,815      context-switches                                            
     1.502292569             21,226      context-switches                                            
     1.602421796             29,279      context-switches                                            
     1.702551704             30,155      context-switches                                            
     1.802674949             35,932      context-switches                                            
     1.902887946             34,489      context-switches                                            
     2.003009119             35,246      context-switches                                            
     2.103132451             32,156      context-switches                                            
     2.203247634             38,149      context-switches                                            
     2.303370122             31,649      context-switches                                            
     2.403535470             30,958      context-switches                                            
     2.503651561             33,718      context-switches                                            
#           time             counts unit events
     2.603764480             32,711      context-switches                                            
     2.704038387             36,566      context-switches                                            
     2.804200731             38,204      context-switches                                            
     2.904360478             35,728      context-switches                                            
     3.004516167             35,614      context-switches                                            
     3.104746193             35,650      context-switches                                            
     3.204863873             35,292      context-switches                                            
     3.304990250             32,983      context-switches                                            
     3.405115781             29,435      context-switches                                            
     3.505259123             35,935      context-switches                                            
     3.605438268             33,253      context-switches                                            
     3.705547855             36,640      context-switches                                            
     3.805845423             35,899      context-switches                                            
     3.905954621             39,466      context-switches                                            
     4.006120385             32,748      context-switches                                            
     4.106245447             32,007      context-switches                                            
     4.206422931             35,060      context-switches                                            
     4.306534892             39,702      context-switches                                            
     4.406650037             38,247      context-switches                                            
     4.506767752             33,496      context-switches                                            
     4.606909218             37,205      context-switches                                            
     4.707075031             37,774      context-switches                                            
     4.807209035             38,356      context-switches                                            
     4.907403127             41,962      context-switches                                            
     5.007523572             35,803      context-switches                                            
#           time             counts unit events
     5.107644391             36,655      context-switches                                            
     5.207759784             34,237      context-switches                                            
     5.307886888             38,821      context-switches                                            
     5.408032555             32,056      context-switches                                            
     5.508147640             34,662      context-switches                                            
     5.608270432             37,896      context-switches                                            
     5.708390623             31,580      context-switches                                            
     5.808466114             33,947      context-switches                                            
     5.908606890             28,090      context-switches                                            
     6.008741936             27,865      context-switches                                            
     6.108875760             24,795      context-switches                                            
     6.209079020             32,494      context-switches                                            
     6.309196562             28,724      context-switches                                            
     6.409314495             31,328      context-switches                                            
     6.509437494             32,169      context-switches                                            
     6.609548920             35,452      context-switches                                            
     6.709665297             32,332      context-switches                                            
     6.809829254             33,537      context-switches                                            
     6.909943659             37,619      context-switches                                            
     7.010074401             34,954      context-switches                                            
     7.110205690             30,568      context-switches                                            
     7.210338472             26,749      context-switches                                            
     7.310524287             31,279      context-switches                                            
     7.410693498             29,803      context-switches                                            
     7.510808603             33,560      context-switches                                            
#           time             counts unit events
     7.611069019             36,373      context-switches                                            
     7.711179794             44,820      context-switches                                            
     7.811290186             41,768      context-switches                                            
     7.911528342             37,230      context-switches                                            
     8.011693947             38,468      context-switches                                            
     8.111835152             37,281      context-switches                                            
     8.211971380             42,073      context-switches                                            
     8.312091823             37,482      context-switches                                            
     8.412268099             38,014      context-switches                                            
     8.512378862             37,028      context-switches                                            
     8.612495486             36,891      context-switches                                            
     8.712606585             40,218      context-switches                                            
     8.812749269             40,979      context-switches                                            
     8.912865378             38,646      context-switches                                            
     9.012989183             34,863      context-switches                                            
     9.113099259             36,356      context-switches                                            
     9.213241407             35,611      context-switches                                            
     9.313344216             37,168      context-switches                                            
     9.413450796             37,516      context-switches                                            
     9.513561394             37,569      context-switches                                            
     9.613743827             37,164      context-switches                                            
     9.713914958             37,030      context-switches                                            
     9.814087072             31,401      context-switches                                            
     9.914202211             35,557      context-switches                                            
    10.002030300             29,851      context-switches                                            
