# started on Wed Nov  6 01:33:39 2019

#           time             counts unit events
     0.100747966                555      context-switches                                            
     0.201386688                200      context-switches                                            
     0.301863322                267      context-switches                                            
     0.402420345                181      context-switches                                            
     0.502956706                180      context-switches                                            
     0.603500487                215      context-switches                                            
     0.703989756                268      context-switches                                            
     0.804516650                243      context-switches                                            
     0.905042347                185      context-switches                                            
     1.005670268                238      context-switches                                            
     1.106049767                409      context-switches                                            
     1.206571405                177      context-switches                                            
     1.307140907                166      context-switches                                            
     1.407707965                182      context-switches                                            
     1.508242621                188      context-switches                                            
     1.608829255                226      context-switches                                            
     1.709266217                213      context-switches                                            
     1.809862599                238      context-switches                                            
     1.910443667                159      context-switches                                            
     2.010960874                269      context-switches                                            
     2.111305010                428      context-switches                                            
     2.211862637                163      context-switches                                            
     2.312470306                195      context-switches                                            
     2.412926119                202      context-switches                                            
     2.513517231                188      context-switches                                            
#           time             counts unit events
     2.614017035                224      context-switches                                            
     2.714599005                164      context-switches                                            
     2.815248226                304      context-switches                                            
     2.915860387                134      context-switches                                            
     3.016460784                228      context-switches                                            
     3.117006551                389      context-switches                                            
     3.217461430                154      context-switches                                            
     3.317989614                175      context-switches                                            
     3.418584259                188      context-switches                                            
     3.519183823                188      context-switches                                            
     3.619761354                214      context-switches                                            
     3.720379475                201      context-switches                                            
     3.820903253                348      context-switches                                            
     3.921468022                190      context-switches                                            
     4.022133149                371      context-switches                                            
     4.122676487                389      context-switches                                            
     4.223248249                172      context-switches                                            
     4.323822151                209      context-switches                                            
     4.424351880                172      context-switches                                            
     4.524947710                168      context-switches                                            
     4.625585365                226      context-switches                                            
     4.726199554                178      context-switches                                            
     4.826800746                311      context-switches                                            
     4.927361284                159      context-switches                                            
     5.027521862              2,264      context-switches                                            
#           time             counts unit events
     5.127835841              5,079      context-switches                                            
     5.228148360             19,028      context-switches                                            
     5.328423021             17,558      context-switches                                            
     5.428750068              5,284      context-switches                                            
     5.529177816              6,425      context-switches                                            
     5.629602941              3,231      context-switches                                            
     5.730235550              3,234      context-switches                                            
     5.830828682              2,105      context-switches                                            
     5.931354962              4,637      context-switches                                            
     6.031657799              2,278      context-switches                                            
     6.131977062              6,501      context-switches                                            
     6.232342816              1,460      context-switches                                            
     6.332864100              1,417      context-switches                                            
     6.433417633              1,642      context-switches                                            
     6.533903343              1,754      context-switches                                            
     6.634365366              1,573      context-switches                                            
     6.734923274              1,486      context-switches                                            
     6.835545698              1,751      context-switches                                            
     6.936090765              1,780      context-switches                                            
     7.036664397              1,855      context-switches                                            
     7.137061870              1,954      context-switches                                            
     7.237498603              1,293      context-switches                                            
     7.337922891              1,766      context-switches                                            
     7.438482677              1,788      context-switches                                            
     7.538972176              1,767      context-switches                                            
#           time             counts unit events
     7.639300781              1,739      context-switches                                            
     7.739709380              1,458      context-switches                                            
     7.840066092              1,768      context-switches                                            
     7.940648862              1,758      context-switches                                            
     8.041257767              1,778      context-switches                                            
     8.141608605              1,828      context-switches                                            
     8.241902005              1,324      context-switches                                            
     8.342450132              1,543      context-switches                                            
     8.443022396              1,811      context-switches                                            
     8.543500294              1,880      context-switches                                            
     8.643929837              1,825      context-switches                                            
     8.744359831              1,368      context-switches                                            
     8.844995247              1,660      context-switches                                            
     8.945594959              1,754      context-switches                                            
     9.046086203              1,847      context-switches                                            
     9.146604241              1,872      context-switches                                            
     9.246917085              1,729      context-switches                                            
     9.347275933              1,720      context-switches                                            
     9.447870824              7,968      context-switches                                            
     9.548446000              1,693      context-switches                                            
     9.649063718              1,882      context-switches                                            
     9.749536863              1,477      context-switches                                            
     9.849896512              1,464      context-switches                                            
     9.950478051              1,991      context-switches                                            
    10.000805330                823      context-switches                                            
