# started on Tue Nov  5 21:10:31 2019

#           time             counts unit events
     0.100798686                344      context-switches                                            
     0.201464472                153      context-switches                                            
     0.302049414                282      context-switches                                            
     0.402659573                247      context-switches                                            
     0.503237569                170      context-switches                                            
     0.603848021                264      context-switches                                            
     0.704396192                273      context-switches                                            
     0.804771930                562      context-switches                                            
     0.905229891                215      context-switches                                            
     1.005719214                185      context-switches                                            
     1.106331436                215      context-switches                                            
     1.206922820                156      context-switches                                            
     1.307484895                232      context-switches                                            
     1.407911440                240      context-switches                                            
     1.508276842              2,610      context-switches                                            
     1.608800360                434      context-switches                                            
     1.709312651                672      context-switches                                            
     1.809918070                438      context-switches                                            
     1.910528220                243      context-switches                                            
     2.011050214                205      context-switches                                            
     2.111461337              1,324      context-switches                                            
     2.211980837                157      context-switches                                            
     2.312438327                164      context-switches                                            
     2.413002412                277      context-switches                                            
     2.513432484                200      context-switches                                            
#           time             counts unit events
     2.613805223                211      context-switches                                            
     2.714478819                211      context-switches                                            
     2.815101716                376      context-switches                                            
     2.915693432                288      context-switches                                            
     3.016265964                245      context-switches                                            
     3.116860924                206      context-switches                                            
     3.217398793                139      context-switches                                            
     3.317948513                174      context-switches                                            
     3.418592190                257      context-switches                                            
     3.519171136                203      context-switches                                            
     3.619855959                236      context-switches                                            
     3.720502921                169      context-switches                                            
     3.821141802                337      context-switches                                            
     3.921785286                275      context-switches                                            
     4.022391702                167      context-switches                                            
     4.122962466                154      context-switches                                            
     4.223501044                205      context-switches                                            
     4.324161204                168      context-switches                                            
     4.424761836                264      context-switches                                            
     4.525288127                179      context-switches                                            
     4.625865976                257      context-switches                                            
     4.726445323                174      context-switches                                            
     4.827043814                372      context-switches                                            
     4.927674552                273      context-switches                                            
     5.028025407              1,555      context-switches                                            
#           time             counts unit events
     5.128245431              4,963      context-switches                                            
     5.228543436             13,662      context-switches                                            
     5.328970663             24,500      context-switches                                            
     5.429353390              7,298      context-switches                                            
     5.529911125              5,162      context-switches                                            
     5.630509351              2,647      context-switches                                            
     5.730891618              3,674      context-switches                                            
     5.831278377              2,004      context-switches                                            
     5.931730653              2,380      context-switches                                            
     6.032073928              1,181      context-switches                                            
     6.132638052              1,636      context-switches                                            
     6.233256715              1,771      context-switches                                            
     6.333813673              1,890      context-switches                                            
     6.434202126              1,808      context-switches                                            
     6.534640342              1,455      context-switches                                            
     6.635256683              1,423      context-switches                                            
     6.735482878              2,267      context-switches                                            
     6.835905344              7,795      context-switches                                            
     6.936369964              1,586      context-switches                                            
     7.036861004              1,532      context-switches                                            
     7.137374248              1,048      context-switches                                            
     7.237941049              1,529      context-switches                                            
     7.338576217              1,566      context-switches                                            
     7.438998672              1,727      context-switches                                            
     7.539576083              1,449      context-switches                                            
#           time             counts unit events
     7.640046642              1,495      context-switches                                            
     7.740675414              2,080      context-switches                                            
     7.841293813              1,831      context-switches                                            
     7.941668116              1,783      context-switches                                            
     8.042168319              1,350      context-switches                                            
     8.142683982              1,216      context-switches                                            
     8.243346086              1,509      context-switches                                            
     8.343915426              1,563      context-switches                                            
     8.444457491              1,700      context-switches                                            
     8.544896689              1,262      context-switches                                            
     8.645222221              1,475      context-switches                                            
     8.745600121              1,551      context-switches                                            
     8.846217095              1,786      context-switches                                            
     8.946762092              1,706      context-switches                                            
     9.047056404              1,525      context-switches                                            
     9.147501291              1,288      context-switches                                            
     9.248128329              1,402      context-switches                                            
     9.348766566              1,565      context-switches                                            
     9.449354626              1,638      context-switches                                            
     9.549704316              1,457      context-switches                                            
     9.650101242              1,380      context-switches                                            
     9.750580468              1,606      context-switches                                            
     9.851203240              1,524      context-switches                                            
     9.951725937              1,765      context-switches                                            
    10.001163731                734      context-switches                                            
