# started on Tue Nov 12 23:53:48 2019

#           time             counts unit events
     0.100231718                807      context-switches                                            
     0.200417487              2,862      context-switches                                            
     0.300573296              6,754      context-switches                                            
     0.400730385              8,155      context-switches                                            
     0.500889254              7,492      context-switches                                            
     0.601053353              6,979      context-switches                                            
     0.701190982              6,413      context-switches                                            
     0.801356881              6,016      context-switches                                            
     0.901521889             38,175      context-switches                                            
     1.001666969             37,707      context-switches                                            
     1.101818378             44,953      context-switches                                            
     1.201987866             39,648      context-switches                                            
     1.302150335             39,307      context-switches                                            
     1.402305504             38,641      context-switches                                            
     1.502498503             37,714      context-switches                                            
     1.602733970             41,249      context-switches                                            
     1.702877089             37,792      context-switches                                            
     1.803024298             36,861      context-switches                                            
     1.903195537             33,995      context-switches                                            
     2.003357376             45,599      context-switches                                            
     2.103508245             38,300      context-switches                                            
     2.203664223             40,118      context-switches                                            
     2.303832682             38,973      context-switches                                            
     2.404005611             37,079      context-switches                                            
     2.504177689             27,382      context-switches                                            
#           time             counts unit events
     2.604340738             29,113      context-switches                                            
     2.704491367             29,258      context-switches                                            
     2.804647485             34,950      context-switches                                            
     2.904787904             27,579      context-switches                                            
     3.004938323             29,481      context-switches                                            
     3.105077381             38,033      context-switches                                            
     3.205222290             43,547      context-switches                                            
     3.305367769             35,877      context-switches                                            
     3.405515138             39,451      context-switches                                            
     3.505667766             29,852      context-switches                                            
     3.605824505             35,683      context-switches                                            
     3.705978843             39,738      context-switches                                            
     3.806132251             39,449      context-switches                                            
     3.906288770             42,283      context-switches                                            
     4.006436528             42,468      context-switches                                            
     4.106580497             36,483      context-switches                                            
     4.206726935             41,415      context-switches                                            
     4.306865924             39,587      context-switches                                            
     4.407014323             44,935      context-switches                                            
     4.507185781             36,105      context-switches                                            
     4.607333779             29,943      context-switches                                            
     4.707484807             41,840      context-switches                                            
     4.807646036             46,043      context-switches                                            
     4.907798574             45,610      context-switches                                            
     5.007961172             39,353      context-switches                                            
#           time             counts unit events
     5.108098690             39,125      context-switches                                            
     5.208237349             38,773      context-switches                                            
     5.308385538             42,381      context-switches                                            
     5.408519566             43,418      context-switches                                            
     5.508680714             43,030      context-switches                                            
     5.608813532             41,025      context-switches                                            
     5.708952940             44,410      context-switches                                            
     5.809099799             43,429      context-switches                                            
     5.909237837             45,929      context-switches                                            
     6.009387155             41,179      context-switches                                            
     6.109537103             42,030      context-switches                                            
     6.209677901             44,040      context-switches                                            
     6.309823529             39,050      context-switches                                            
     6.409954307             45,100      context-switches                                            
     6.510101355             44,887      context-switches                                            
     6.610261433             41,034      context-switches                                            
     6.710419851             44,626      context-switches                                            
     6.810575409             41,811      context-switches                                            
     6.910696247             44,167      context-switches                                            
     7.010840555             39,913      context-switches                                            
     7.110987783             46,511      context-switches                                            
     7.211122152             44,190      context-switches                                            
     7.311270690             45,991      context-switches                                            
     7.411415317             46,323      context-switches                                            
     7.511568545             38,965      context-switches                                            
#           time             counts unit events
     7.611719503             39,243      context-switches                                            
     7.711872061             30,087      context-switches                                            
     7.812024509             35,031      context-switches                                            
     7.912169897             32,896      context-switches                                            
     8.012337564             35,224      context-switches                                            
     8.112509822             40,892      context-switches                                            
     8.212681450             42,059      context-switches                                            
     8.312823168             45,238      context-switches                                            
     8.412981006             41,686      context-switches                                            
     8.513132543             42,759      context-switches                                            
     8.613267831             37,719      context-switches                                            
     8.713424308             37,411      context-switches                                            
     8.813588386             31,348      context-switches                                            
     8.913753014             41,922      context-switches                                            
     9.013914952             37,466      context-switches                                            
     9.114072439             40,382      context-switches                                            
     9.214231637             44,847      context-switches                                            
     9.314362944             43,010      context-switches                                            
     9.414510202             36,865      context-switches                                            
     9.514669400             44,055      context-switches                                            
     9.614809757             37,029      context-switches                                            
     9.714970674             37,927      context-switches                                            
     9.815138872             41,510      context-switches                                            
     9.915296640             39,492      context-switches                                            
    10.000678587             32,663      context-switches                                            
