# started on Tue Nov  5 23:13:42 2019

#           time             counts unit events
     0.100842427                316      context-switches                                            
     0.201504356                229      context-switches                                            
     0.301936799                153      context-switches                                            
     0.402542008                313      context-switches                                            
     0.503131593                370      context-switches                                            
     0.603694519                177      context-switches                                            
     0.704224389                208      context-switches                                            
     0.804806133                162      context-switches                                            
     0.905391141                171      context-switches                                            
     1.005920078                244      context-switches                                            
     1.106452238                201      context-switches                                            
     1.207015513                275      context-switches                                            
     1.307581965                199      context-switches                                            
     1.408252355                359      context-switches                                            
     1.508836731                420      context-switches                                            
     1.609495115                180      context-switches                                            
     1.710164372                186      context-switches                                            
     1.810820929                134      context-switches                                            
     1.911336681                154      context-switches                                            
     2.011930881                220      context-switches                                            
     2.112417310                146      context-switches                                            
     2.213027553                228      context-switches                                            
     2.313542739                149      context-switches                                            
     2.414190154                180      context-switches                                            
     2.514757050                412      context-switches                                            
#           time             counts unit events
     2.615273552                248      context-switches                                            
     2.715798124                238      context-switches                                            
     2.816398937                177      context-switches                                            
     2.917003299                164      context-switches                                            
     3.017576550                207      context-switches                                            
     3.118082753                187      context-switches                                            
     3.218643281                227      context-switches                                            
     3.319214354                213      context-switches                                            
     3.419735922                197      context-switches                                            
     3.520381943                474      context-switches                                            
     3.621054221                178      context-switches                                            
     3.721723796                172      context-switches                                            
     3.822187350                148      context-switches                                            
     3.922743990                196      context-switches                                            
     4.023432757                166      context-switches                                            
     4.123950069                187      context-switches                                            
     4.224635237                226      context-switches                                            
     4.325262918                196      context-switches                                            
     4.425831029                145      context-switches                                            
     4.526399565                411      context-switches                                            
     4.626892384                180      context-switches                                            
     4.727486272                200      context-switches                                            
     4.827947945                201      context-switches                                            
     4.928538792                202      context-switches                                            
     5.029127372              1,485      context-switches                                            
#           time             counts unit events
     5.129308256              3,893      context-switches                                            
     5.229560465              4,371      context-switches                                            
     5.329765692             30,118      context-switches                                            
     5.430061292              7,000      context-switches                                            
     5.530628639              1,755      context-switches                                            
     5.631265035              1,745      context-switches                                            
     5.731598668              3,897      context-switches                                            
     5.831927304              3,424      context-switches                                            
     5.932404783              1,257      context-switches                                            
     6.033013377              1,772      context-switches                                            
     6.133384827              2,325      context-switches                                            
     6.233529028              4,449      context-switches                                            
     6.334082977              1,442      context-switches                                            
     6.434450711              1,304      context-switches                                            
     6.534946550              2,535      context-switches                                            
     6.635281087              7,041      context-switches                                            
     6.735955900              1,848      context-switches                                            
     6.836504168              1,156      context-switches                                            
     6.936813313              1,887      context-switches                                            
     7.037213590              1,199      context-switches                                            
     7.137746501              1,815      context-switches                                            
     7.238072518              1,120      context-switches                                            
     7.338675997              1,841      context-switches                                            
     7.439135303              1,227      context-switches                                            
     7.539728392              1,935      context-switches                                            
#           time             counts unit events
     7.640147597              1,261      context-switches                                            
     7.740805404              1,929      context-switches                                            
     7.841208725              1,213      context-switches                                            
     7.941758344              1,905      context-switches                                            
     8.042271069              1,136      context-switches                                            
     8.142778653              1,837      context-switches                                            
     8.243207384              1,216      context-switches                                            
     8.343738595              1,569      context-switches                                            
     8.444047877              1,353      context-switches                                            
     8.544581094              1,723      context-switches                                            
     8.644895598              2,042      context-switches                                            
     8.745363216              5,014      context-switches                                            
     8.845685166                675      context-switches                                            
     8.946184655              1,888      context-switches                                            
     9.046581142              1,586      context-switches                                            
     9.146916513              4,953      context-switches                                            
     9.247420743              2,729      context-switches                                            
     9.348019839                984      context-switches                                            
     9.448336890              2,069      context-switches                                            
     9.548893387              1,883      context-switches                                            
     9.649249461              3,759      context-switches                                            
     9.749829187              2,300      context-switches                                            
     9.850254616              1,514      context-switches                                            
     9.950702599              2,281      context-switches                                            
    10.000939660                894      context-switches                                            
