# started on Mon Nov 11 22:51:26 2019

#           time             counts unit events
     0.100146361             47,108      context-switches                                            
     0.200350242             42,803      context-switches                                            
     0.300510064             37,646      context-switches                                            
     0.400661686             41,420      context-switches                                            
     0.500814708             38,757      context-switches                                            
     0.600952840             42,550      context-switches                                            
     0.701103222             40,247      context-switches                                            
     0.801258695             42,336      context-switches                                            
     0.901430456             30,879      context-switches                                            
     1.001577629             31,877      context-switches                                            
     1.101703482             41,518      context-switches                                            
     1.201793424             45,851      context-switches                                            
     1.301921607             46,905      context-switches                                            
     1.402062679             39,349      context-switches                                            
     1.502224882             45,050      context-switches                                            
     1.602392874             39,091      context-switches                                            
     1.702551246             44,763      context-switches                                            
     1.802692559             38,703      context-switches                                            
     1.902846262             44,405      context-switches                                            
     2.002994235             46,040      context-switches                                            
     2.103147348             37,847      context-switches                                            
     2.203293030             44,289      context-switches                                            
     2.303425714             44,497      context-switches                                            
     2.403567247             46,891      context-switches                                            
     2.503708240             41,739      context-switches                                            
#           time             counts unit events
     2.603864353             43,817      context-switches                                            
     2.704017357             39,731      context-switches                                            
     2.804162460             44,526      context-switches                                            
     2.904310424             42,214      context-switches                                            
     3.004477297             45,791      context-switches                                            
     3.104617831             43,569      context-switches                                            
     3.204752764             46,772      context-switches                                            
     3.304897368             51,766      context-switches                                            
     3.405037831             45,265      context-switches                                            
     3.505182445             40,104      context-switches                                            
     3.605341389             42,430      context-switches                                            
     3.705494813             28,777      context-switches                                            
     3.805653237             43,216      context-switches                                            
     3.905801331             43,982      context-switches                                            
     4.005960615             47,331      context-switches                                            
     4.106104409             47,673      context-switches                                            
     4.206232433             46,492      context-switches                                            
     4.306401217             42,198      context-switches                                            
     4.406536451             49,053      context-switches                                            
     4.506667125             43,214      context-switches                                            
     4.606795850             42,330      context-switches                                            
     4.706897165             40,373      context-switches                                            
     4.807050950             42,018      context-switches                                            
     4.907191045             43,365      context-switches                                            
     5.007328419             47,049      context-switches                                            
#           time             counts unit events
     5.107459054             51,459      context-switches                                            
     5.207586809             50,001      context-switches                                            
     5.307706294             49,519      context-switches                                            
     5.407825479             50,140      context-switches                                            
     5.507975894             47,511      context-switches                                            
     5.608111109             45,257      context-switches                                            
     5.708248965             52,233      context-switches                                            
     5.808384550             51,366      context-switches                                            
     5.908514275             52,272      context-switches                                            
     6.008647030             49,399      context-switches                                            
     6.108776926             51,521      context-switches                                            
     6.208907821             54,748      context-switches                                            
     6.309038636             50,428      context-switches                                            
     6.409181372             45,939      context-switches                                            
     6.509320967             44,632      context-switches                                            
     6.609448453             38,413      context-switches                                            
     6.709596939             47,031      context-switches                                            
     6.809761084             42,238      context-switches                                            
     6.909898161             40,488      context-switches                                            
     7.010038196             48,866      context-switches                                            
     7.110197522             44,408      context-switches                                            
     7.210379507             43,520      context-switches                                            
     7.310524603             45,752      context-switches                                            
     7.410656429             40,557      context-switches                                            
     7.510792716             44,622      context-switches                                            
#           time             counts unit events
     7.610960332             46,369      context-switches                                            
     7.711117417             45,389      context-switches                                            
     7.811265084             42,011      context-switches                                            
     7.911418630             44,509      context-switches                                            
     8.011586726             45,054      context-switches                                            
     8.111739013             36,612      context-switches                                            
     8.211890039             32,034      context-switches                                            
     8.312036805             42,178      context-switches                                            
     8.412195221             30,423      context-switches                                            
     8.512342298             44,873      context-switches                                            
     8.612488505             47,114      context-switches                                            
     8.712622882             40,293      context-switches                                            
     8.812765679             46,779      context-switches                                            
     8.912908916             44,558      context-switches                                            
     9.013036593             42,672      context-switches                                            
     9.113180920             40,325      context-switches                                            
     9.213334596             44,004      context-switches                                            
     9.313479343             44,411      context-switches                                            
     9.413617711             45,744      context-switches                                            
     9.513754478             46,088      context-switches                                            
     9.613908845             45,524      context-switches                                            
     9.714042913             45,166      context-switches                                            
     9.814177960             43,186      context-switches                                            
     9.914296628             49,451      context-switches                                            
    10.000525359             38,522      context-switches                                            
