# started on Tue Nov 12 12:56:32 2019

#           time             counts unit events
     0.100676865              2,008      context-switches                                            
     0.201145668              1,760      context-switches                                            
     0.301436890              1,750      context-switches                                            
     0.401731041              2,032      context-switches                                            
     0.502005734              1,850      context-switches                                            
     0.602236812              1,667      context-switches                                            
     0.702608223              1,576      context-switches                                            
     0.802915898              2,020      context-switches                                            
     0.903192809              1,962      context-switches                                            
     1.003505127              1,938      context-switches                                            
     1.103977160              1,744      context-switches                                            
     1.204266006              1,649      context-switches                                            
     1.304734801              1,854      context-switches                                            
     1.405193578              1,560      context-switches                                            
     1.505633644              1,683      context-switches                                            
     1.605878553              1,872      context-switches                                            
     1.706258631              1,663      context-switches                                            
     1.806620775              2,455      context-switches                                            
     1.907017994              2,146      context-switches                                            
     2.007444963              1,997      context-switches                                            
     2.107673657              2,104      context-switches                                            
     2.208024586              1,594      context-switches                                            
     2.308371200              2,094      context-switches                                            
     2.408819879              1,922      context-switches                                            
     2.509261654              1,495      context-switches                                            
#           time             counts unit events
     2.609819008              1,824      context-switches                                            
     2.710325799              1,703      context-switches                                            
     2.810550424              2,007      context-switches                                            
     2.910950475              1,776      context-switches                                            
     3.011420590              1,445      context-switches                                            
     3.111729400              1,780      context-switches                                            
     3.212151919              1,655      context-switches                                            
     3.312603009              1,629      context-switches                                            
     3.413084300              1,463      context-switches                                            
     3.513350131              1,674      context-switches                                            
     3.613800962              1,762      context-switches                                            
     3.714310844              2,089      context-switches                                            
     3.814654834              2,615      context-switches                                            
     3.914865829              1,780      context-switches                                            
     4.015283895              1,878      context-switches                                            
     4.115573807              1,648      context-switches                                            
     4.215925062              1,491      context-switches                                            
     4.316347825              1,993      context-switches                                            
     4.416605071              1,588      context-switches                                            
     4.516977115              1,923      context-switches                                            
     4.617222214              1,764      context-switches                                            
     4.717549914              1,553      context-switches                                            
     4.817918916              2,296      context-switches                                            
     4.918378682              1,970      context-switches                                            
     5.018621493              2,301      context-switches                                            
#           time             counts unit events
     5.119028913              8,082      context-switches                                            
     5.219518547              1,723      context-switches                                            
     5.319842588              2,174      context-switches                                            
     5.420263175              1,925      context-switches                                            
     5.520600919              2,064      context-switches                                            
     5.621166279              1,897      context-switches                                            
     5.721537371              1,642      context-switches                                            
     5.821818592              2,560      context-switches                                            
     5.922020056              2,113      context-switches                                            
     6.022400953              2,169      context-switches                                            
     6.122831869              1,683      context-switches                                            
     6.223145870              1,662      context-switches                                            
     6.323670795              1,837      context-switches                                            
     6.424126521              1,405      context-switches                                            
     6.524522284              1,689      context-switches                                            
     6.624973238              1,480      context-switches                                            
     6.725366247              1,972      context-switches                                            
     6.825673258              2,147      context-switches                                            
     6.925949829              1,672      context-switches                                            
     7.026185709              1,609      context-switches                                            
     7.126515409              2,160      context-switches                                            
     7.226758671              2,077      context-switches                                            
     7.326996256              2,006      context-switches                                            
     7.427466276              1,944      context-switches                                            
     7.527892906              1,385      context-switches                                            
#           time             counts unit events
     7.628301523              1,598      context-switches                                            
     7.728695947              1,907      context-switches                                            
     7.829118684              2,239      context-switches                                            
     7.929504752              1,695      context-switches                                            
     8.029833921              1,675      context-switches                                            
     8.130074644              1,746      context-switches                                            
     8.230551193              1,883      context-switches                                            
     8.331093486              1,561      context-switches                                            
     8.431637799              1,895      context-switches                                            
     8.531944507              1,664      context-switches                                            
     8.632217088              2,040      context-switches                                            
     8.732602746              1,415      context-switches                                            
     8.833046470              2,027      context-switches                                            
     8.933600355              1,937      context-switches                                            
     9.034074220              1,589      context-switches                                            
     9.134565672              2,010      context-switches                                            
     9.234977988              1,640      context-switches                                            
     9.335259544              1,582      context-switches                                            
     9.435689073              1,512      context-switches                                            
     9.536107105              1,725      context-switches                                            
     9.636355267              1,538      context-switches                                            
     9.736707659              1,669      context-switches                                            
     9.836994296              2,246      context-switches                                            
     9.937116878              1,695      context-switches                                            
    10.001162679                901      context-switches                                            
