     0.100447120          4,758,209      LLC-loads                 (39.84%)
     0.100447120            522,866      LLC-load-misses           (39.90%)
     0.200600863          6,382,928      LLC-loads                 (39.90%)
     0.200600863            872,185      LLC-load-misses           (39.91%)
     0.300739440          4,715,897      LLC-loads                 (39.91%)
     0.300739440            579,910      LLC-load-misses           (39.92%)
     0.400849256          8,008,593      LLC-loads                 (39.92%)
     0.400849256          2,205,037      LLC-load-misses           (39.93%)
     0.500967355          7,059,562      LLC-loads                 (39.92%)
     0.500967355          1,753,056      LLC-load-misses           (39.92%)
     0.601072807         10,496,710      LLC-loads                 (39.93%)
     0.601072807          2,066,448      LLC-load-misses           (39.93%)
     0.701187675          6,282,979      LLC-loads                 (39.93%)
     0.701187675          1,140,938      LLC-load-misses           (39.93%)
     0.801309981          6,860,441      LLC-loads                 (39.93%)
     0.801309981          1,792,617      LLC-load-misses           (39.94%)
     0.901445041          6,741,162      LLC-loads                 (39.93%)
     0.901445041          2,924,391      LLC-load-misses           (39.94%)
     1.001553325          5,532,577      LLC-loads                 (39.93%)
     1.001553325          2,222,180      LLC-load-misses           (39.94%)
     1.101692468          2,693,016      LLC-loads                 (39.93%)
     1.101692468            160,753      LLC-load-misses           (39.94%)
     1.201795441          3,282,821      LLC-loads                 (39.94%)
     1.201795441            139,488      LLC-load-misses           (39.94%)
     1.301912785          5,989,122      LLC-loads                 (39.94%)
     1.301912785            736,911      LLC-load-misses           (39.94%)
     1.402039376          4,335,263      LLC-loads                 (39.94%)
     1.402039376            372,302      LLC-load-misses           (39.94%)
     1.502161146          4,099,306      LLC-loads                 (39.94%)
     1.502161146            407,782      LLC-load-misses           (39.94%)
     1.602274536          5,216,135      LLC-loads                 (39.94%)
     1.602274536            675,239      LLC-load-misses           (39.94%)
     1.702412912          4,206,266      LLC-loads                 (39.94%)
     1.702412912            443,331      LLC-load-misses           (39.94%)
     1.802536482          8,301,370      LLC-loads                 (39.94%)
     1.802536482          2,542,183      LLC-load-misses           (39.94%)
     1.902667188          7,386,478      LLC-loads                 (39.94%)
     1.902667188          2,030,896      LLC-load-misses           (39.94%)
     2.002781386          9,047,886      LLC-loads                 (39.94%)
     2.002781386          2,746,385      LLC-load-misses           (39.94%)
     2.102915721          5,131,824      LLC-loads                 (39.94%)
     2.102915721            416,920      LLC-load-misses           (39.94%)
     2.203023083          4,398,875      LLC-loads                 (39.94%)
     2.203023083            442,336      LLC-load-misses           (39.94%)
     2.303134598          5,802,362      LLC-loads                 (39.94%)
     2.303134598          1,391,470      LLC-load-misses           (39.94%)
     2.403252379          6,837,412      LLC-loads                 (39.94%)
     2.403252379          2,403,085      LLC-load-misses           (39.94%)
     2.503371604          8,848,392      LLC-loads                 (39.94%)
     2.503371604          3,126,248      LLC-load-misses           (39.94%)
     2.603480040          5,281,790      LLC-loads                 (39.95%)
     2.603480040            920,914      LLC-load-misses           (39.94%)
     2.703611566          5,935,123      LLC-loads                 (39.95%)
     2.703611566            646,208      LLC-load-misses           (39.94%)
     2.803720978          4,240,521      LLC-loads                 (39.95%)
     2.803720978            484,657      LLC-load-misses           (39.94%)
     2.903853715          4,590,224      LLC-loads                 (39.95%)
     2.903853715            530,012      LLC-load-misses           (39.94%)
     3.003962329          5,747,069      LLC-loads                 (39.95%)
     3.003962329            741,892      LLC-load-misses           (39.95%)
     3.104079395          6,440,600      LLC-loads                 (39.95%)
     3.104079395          2,241,462      LLC-load-misses           (39.95%)
     3.204235790          6,617,196      LLC-loads                 (39.95%)
     3.204235790          2,310,565      LLC-load-misses           (39.95%)
     3.304355645          6,798,456      LLC-loads                 (39.95%)
     3.304355645          1,858,754      LLC-load-misses           (39.95%)
     3.404471025          7,656,209      LLC-loads                 (39.95%)
     3.404471025          1,933,753      LLC-load-misses           (39.95%)
     3.504581392          5,901,735      LLC-loads                 (39.95%)
     3.504581392            462,045      LLC-load-misses           (39.95%)
     3.604716195          5,088,761      LLC-loads                 (39.95%)
     3.604716195            269,537      LLC-load-misses           (39.95%)
     3.704854474          4,114,981      LLC-loads                 (39.95%)
     3.704854474            399,844      LLC-load-misses           (39.95%)
     3.804982242          3,223,603      LLC-loads                 (39.95%)
     3.804982242            222,711      LLC-load-misses           (39.95%)
     3.905095856          5,191,643      LLC-loads                 (39.95%)
     3.905095856            601,925      LLC-load-misses           (39.95%)
     4.005229924          6,337,557      LLC-loads                 (39.95%)
     4.005229924          2,048,427      LLC-load-misses           (39.95%)
     4.105375063          6,856,087      LLC-loads                 (39.95%)
     4.105375063          2,043,436      LLC-load-misses           (39.95%)
     4.205503025          7,929,165      LLC-loads                 (39.95%)
     4.205503025          3,728,195      LLC-load-misses           (39.95%)
     4.305633913          6,940,717      LLC-loads                 (39.95%)
     4.305633913          1,210,159      LLC-load-misses           (39.95%)
     4.405779132          9,117,591      LLC-loads                 (39.95%)
     4.405779132          1,598,621      LLC-load-misses           (39.95%)
     4.505959566          4,164,274      LLC-loads                 (39.95%)
     4.505959566            624,824      LLC-load-misses           (39.95%)
     4.606118707          5,099,240      LLC-loads                 (39.95%)
     4.606118707            957,492      LLC-load-misses           (39.95%)
     4.706219870          6,041,177      LLC-loads                 (39.95%)
     4.706219870          1,523,008      LLC-load-misses           (39.95%)
     4.806323011          6,794,313      LLC-loads                 (39.95%)
     4.806323011          1,489,441      LLC-load-misses           (39.95%)
     4.906464392          6,223,917      LLC-loads                 (39.95%)
     4.906464392          1,242,704      LLC-load-misses           (39.95%)
     5.006740311          9,300,238      LLC-loads                 (39.95%)
     5.006740311          3,601,145      LLC-load-misses           (39.94%)
     5.106972351          7,436,810      LLC-loads                 (39.96%)
     5.106972351          1,431,174      LLC-load-misses           (39.94%)
     5.207151202          4,898,257      LLC-loads                 (39.96%)
     5.207151202            311,264      LLC-load-misses           (39.94%)
     5.307277571          6,328,130      LLC-loads                 (39.96%)
     5.307277571            580,012      LLC-load-misses           (39.94%)
     5.407438117          7,270,614      LLC-loads                 (39.96%)
     5.407438117          1,678,896      LLC-load-misses           (39.94%)
     5.507665580          9,489,781      LLC-loads                 (39.97%)
     5.507665580          2,438,298      LLC-load-misses           (39.94%)
     5.607803870          7,404,866      LLC-loads                 (39.97%)
     5.607803870          1,978,504      LLC-load-misses           (39.94%)
     5.707934145          8,444,715      LLC-loads                 (39.97%)
     5.707934145          2,594,388      LLC-load-misses           (39.94%)
     5.808064712          7,604,752      LLC-loads                 (39.97%)
     5.808064712          1,293,408      LLC-load-misses           (39.94%)
     5.908193143          9,067,001      LLC-loads                 (39.97%)
     5.908193143          1,926,431      LLC-load-misses           (39.94%)
     6.008406662          9,575,524      LLC-loads                 (39.98%)
     6.008406662          3,515,591      LLC-load-misses           (39.94%)
     6.108530857          4,192,702      LLC-loads                 (39.98%)
     6.108530857            955,332      LLC-load-misses           (39.94%)
     6.208831339          3,934,787      LLC-loads                 (39.98%)
     6.208831339            287,392      LLC-load-misses           (39.94%)
     6.308982992          7,379,899      LLC-loads                 (39.98%)
     6.308982992          2,034,508      LLC-load-misses           (39.94%)
     6.409289737          5,771,195      LLC-loads                 (39.99%)
     6.409289737          2,464,509      LLC-load-misses           (39.94%)
     6.509520949          3,778,311      LLC-loads                 (39.99%)
     6.509520949            487,096      LLC-load-misses           (39.94%)
     6.609747086          5,885,264      LLC-loads                 (39.99%)
     6.609747086            808,998      LLC-load-misses           (39.94%)
     6.710019901          3,274,950      LLC-loads                 (39.99%)
     6.710019901            363,547      LLC-load-misses           (39.94%)
     6.810181974          5,392,043      LLC-loads                 (39.99%)
     6.810181974          1,402,488      LLC-load-misses           (39.94%)
     6.910388539          3,022,098      LLC-loads                 (40.00%)
     6.910388539            230,482      LLC-load-misses           (39.94%)
     7.010700783          3,328,664      LLC-loads                 (40.00%)
     7.010700783             42,072      LLC-load-misses           (39.94%)
     7.110841233          4,706,233      LLC-loads                 (40.00%)
     7.110841233          1,115,682      LLC-load-misses           (39.94%)
     7.211180595          4,737,690      LLC-loads                 (40.00%)
     7.211180595            478,500      LLC-load-misses           (39.95%)
     7.311582376          3,633,862      LLC-loads                 (40.00%)
     7.311582376            164,028      LLC-load-misses           (39.95%)
     7.411925308          5,284,351      LLC-loads                 (40.01%)
     7.411925308            702,898      LLC-load-misses           (39.95%)
     7.512075777          6,573,961      LLC-loads                 (40.01%)
     7.512075777          2,199,358      LLC-load-misses           (39.96%)
     7.612530918          3,847,453      LLC-loads                 (40.01%)
     7.612530918            360,933      LLC-load-misses           (39.96%)
     7.712796129          5,379,041      LLC-loads                 (40.01%)
     7.712796129            973,105      LLC-load-misses           (39.96%)
     7.813005431          4,772,779      LLC-loads                 (40.01%)
     7.813005431          1,541,519      LLC-load-misses           (39.96%)
     7.913263627          3,356,099      LLC-loads                 (40.02%)
     7.913263627            172,795      LLC-load-misses           (39.97%)
     8.013406765          7,880,986      LLC-loads                 (40.02%)
     8.013406765            996,413      LLC-load-misses           (39.97%)
     8.113662869          5,019,945      LLC-loads                 (40.02%)
     8.113662869          1,099,795      LLC-load-misses           (39.97%)
     8.213916014          3,915,141      LLC-loads                 (40.02%)
     8.213916014            226,937      LLC-load-misses           (39.97%)
     8.314056773          5,071,756      LLC-loads                 (40.02%)
     8.314056773            599,846      LLC-load-misses           (39.97%)
     8.414196488          7,292,382      LLC-loads                 (40.02%)
     8.414196488          1,727,757      LLC-load-misses           (39.97%)
     8.514378599          7,852,677      LLC-loads                 (40.02%)
     8.514378599          2,473,122      LLC-load-misses           (39.98%)
     8.614557973          9,931,669      LLC-loads                 (40.02%)
     8.614557973          3,257,515      LLC-load-misses           (39.98%)
     8.714649868          7,766,999      LLC-loads                 (40.02%)
     8.714649868          1,274,972      LLC-load-misses           (39.98%)
     8.814968019          5,083,937      LLC-loads                 (40.02%)
     8.814968019            562,917      LLC-load-misses           (39.98%)
     8.915094660          9,421,824      LLC-loads                 (40.02%)
     8.915094660          2,821,048      LLC-load-misses           (39.98%)
     9.015254960          7,581,838      LLC-loads                 (40.02%)
     9.015254960          2,144,500      LLC-load-misses           (39.98%)
     9.115385857          8,192,528      LLC-loads                 (40.02%)
     9.115385857          2,143,555      LLC-load-misses           (39.98%)
     9.215678138          7,514,519      LLC-loads                 (40.02%)
     9.215678138          2,235,023      LLC-load-misses           (39.99%)
     9.315870394          6,429,590      LLC-loads                 (40.02%)
     9.315870394          1,638,867      LLC-load-misses           (39.99%)
     9.416046468          5,169,217      LLC-loads                 (40.02%)
     9.416046468            622,837      LLC-load-misses           (39.99%)
     9.516259628          5,477,770      LLC-loads                 (40.01%)
     9.516259628            960,780      LLC-load-misses           (39.99%)
     9.616536690          4,313,568      LLC-loads                 (40.01%)
     9.616536690            460,356      LLC-load-misses           (39.99%)
     9.716662094          5,754,887      LLC-loads                 (40.01%)
     9.716662094          1,094,445      LLC-load-misses           (39.99%)
     9.816874956          3,895,414      LLC-loads                 (40.01%)
     9.816874956            214,137      LLC-load-misses           (40.00%)
     9.917079744          7,408,841      LLC-loads                 (40.01%)
     9.917079744          2,431,630      LLC-load-misses           (40.00%)
    10.017205922          8,034,672      LLC-loads                 (40.01%)
    10.017205922          2,179,980      LLC-load-misses           (40.00%)
    10.117477774          6,290,105      LLC-loads                 (40.01%)
    10.117477774          1,106,879      LLC-load-misses           (40.00%)
    10.217747913          4,837,372      LLC-loads                 (40.01%)
    10.217747913            479,316      LLC-load-misses           (40.00%)
    10.317958432          3,956,490      LLC-loads                 (40.01%)
    10.317958432            848,095      LLC-load-misses           (40.00%)
    10.418103269          7,313,091      LLC-loads                 (40.01%)
    10.418103269          3,075,664      LLC-load-misses           (40.00%)
    10.518288360          7,468,703      LLC-loads                 (40.01%)
    10.518288360          1,467,712      LLC-load-misses           (40.00%)
    10.618422585          7,488,378      LLC-loads                 (40.00%)
    10.618422585          2,422,185      LLC-load-misses           (40.00%)
    10.718532050          3,896,318      LLC-loads                 (40.00%)
    10.718532050            642,832      LLC-load-misses           (40.00%)
    10.818712297          8,653,557      LLC-loads                 (40.00%)
    10.818712297            943,656      LLC-load-misses           (40.00%)
    10.918857905          5,410,217      LLC-loads                 (40.00%)
    10.918857905          1,923,579      LLC-load-misses           (40.00%)
    11.018997755          5,707,604      LLC-loads                 (40.00%)
    11.018997755            822,668      LLC-load-misses           (40.00%)
    11.119126611          4,388,628      LLC-loads                 (40.00%)
    11.119126611            541,671      LLC-load-misses           (40.00%)
    11.219256742          8,088,610      LLC-loads                 (40.00%)
    11.219256742          1,401,750      LLC-load-misses           (40.00%)
    11.319379695          9,501,319      LLC-loads                 (40.00%)
    11.319379695          3,355,893      LLC-load-misses           (40.00%)
    11.419644542          4,982,778      LLC-loads                 (40.00%)
    11.419644542          1,425,587      LLC-load-misses           (40.00%)
    11.519770522          9,221,387      LLC-loads                 (40.00%)
    11.519770522          3,667,119      LLC-load-misses           (40.00%)
    11.619943230          7,736,403      LLC-loads                 (40.00%)
    11.619943230          2,662,803      LLC-load-misses           (40.00%)
    11.721030909          8,097,205      LLC-loads                 (39.99%)
    11.721030909          2,423,354      LLC-load-misses           (40.00%)
    11.821201300          6,185,396      LLC-loads                 (39.99%)
    11.821201300          2,257,795      LLC-load-misses           (39.99%)
    11.921360804          9,204,317      LLC-loads                 (39.99%)
    11.921360804          3,183,375      LLC-load-misses           (39.99%)
    12.021490760          8,591,567      LLC-loads                 (39.99%)
    12.021490760          2,156,041      LLC-load-misses           (39.99%)
    12.121616766          9,182,244      LLC-loads                 (39.99%)
    12.121616766          1,715,899      LLC-load-misses           (39.99%)
    12.221749298          7,632,381      LLC-loads                 (39.99%)
    12.221749298          1,940,289      LLC-load-misses           (39.99%)
    12.321904511          8,738,667      LLC-loads                 (39.99%)
    12.321904511          2,255,940      LLC-load-misses           (39.99%)
    12.422041658          8,502,132      LLC-loads                 (39.99%)
    12.422041658          2,313,876      LLC-load-misses           (39.99%)
    12.522127064          6,696,306      LLC-loads                 (39.99%)
    12.522127064          1,106,826      LLC-load-misses           (39.99%)
    12.622244787         11,083,750      LLC-loads                 (39.99%)
    12.622244787          3,626,318      LLC-load-misses           (39.99%)
    12.722380761         10,815,903      LLC-loads                 (39.99%)
    12.722380761          4,381,235      LLC-load-misses           (39.99%)
    12.822556584         10,191,399      LLC-loads                 (39.99%)
    12.822556584          2,252,531      LLC-load-misses           (39.99%)
    12.922666649          7,483,685      LLC-loads                 (39.99%)
    12.922666649          1,033,937      LLC-load-misses           (39.99%)
    13.022776232          7,920,052      LLC-loads                 (39.99%)
    13.022776232          1,916,959      LLC-load-misses           (39.99%)
    13.122901323          8,920,390      LLC-loads                 (39.99%)
    13.122901323          2,174,800      LLC-load-misses           (39.99%)
    13.223022543          7,182,881      LLC-loads                 (39.99%)
    13.223022543          1,362,205      LLC-load-misses           (39.99%)
    13.323131854         10,226,454      LLC-loads                 (39.99%)
    13.323131854          3,119,437      LLC-load-misses           (39.99%)
    13.423265757         11,145,181      LLC-loads                 (39.99%)
    13.423265757          3,558,953      LLC-load-misses           (39.99%)
    13.523419419         11,475,205      LLC-loads                 (39.99%)
    13.523419419          3,181,962      LLC-load-misses           (39.99%)
    13.623536465          8,874,765      LLC-loads                 (39.99%)
    13.623536465          1,982,262      LLC-load-misses           (39.99%)
    13.723660021          6,791,596      LLC-loads                 (39.99%)
    13.723660021          1,180,802      LLC-load-misses           (39.99%)
    13.823784871          8,232,410      LLC-loads                 (39.99%)
    13.823784871          1,359,335      LLC-load-misses           (39.99%)
    13.923935564          6,761,404      LLC-loads                 (39.99%)
    13.923935564          2,411,480      LLC-load-misses           (39.99%)
    14.024063695          9,144,013      LLC-loads                 (39.99%)
    14.024063695          3,504,153      LLC-load-misses           (39.99%)
    14.124204854          8,521,271      LLC-loads                 (39.99%)
    14.124204854          1,965,045      LLC-load-misses           (39.99%)
    14.224327802         10,426,326      LLC-loads                 (39.99%)
    14.224327802          4,073,341      LLC-load-misses           (39.99%)
    14.324440660          9,351,608      LLC-loads                 (39.99%)
    14.324440660          2,759,449      LLC-load-misses           (39.99%)
    14.424554774          5,107,327      LLC-loads                 (39.99%)
    14.424554774            647,379      LLC-load-misses           (39.99%)
    14.524670286          5,710,188      LLC-loads                 (39.98%)
    14.524670286            715,116      LLC-load-misses           (39.99%)
    14.624786577          6,809,148      LLC-loads                 (39.98%)
    14.624786577            958,479      LLC-load-misses           (39.99%)
    14.724922013          9,403,119      LLC-loads                 (39.98%)
    14.724922013          2,452,341      LLC-load-misses           (39.98%)
    14.825031254          9,134,767      LLC-loads                 (39.98%)
    14.825031254          3,403,084      LLC-load-misses           (39.98%)
    14.925168880          9,226,017      LLC-loads                 (39.98%)
    14.925168880          2,909,473      LLC-load-misses           (39.98%)
    15.025323687         10,028,865      LLC-loads                 (39.98%)
    15.025323687          3,147,425      LLC-load-misses           (39.98%)
    15.125461791          9,389,838      LLC-loads                 (39.98%)
    15.125461791          2,404,180      LLC-load-misses           (39.98%)
    15.225603356          9,293,920      LLC-loads                 (39.98%)
    15.225603356          2,604,479      LLC-load-misses           (39.98%)
    15.325735253          8,952,937      LLC-loads                 (39.98%)
    15.325735253          3,658,217      LLC-load-misses           (39.98%)
    15.425868113          8,049,450      LLC-loads                 (39.98%)
    15.425868113          1,751,317      LLC-load-misses           (39.98%)
    15.526010998          4,201,909      LLC-loads                 (39.98%)
    15.526010998            427,836      LLC-load-misses           (39.98%)
    15.626147003          4,357,102      LLC-loads                 (39.98%)
    15.626147003            578,518      LLC-load-misses           (39.98%)
    15.726259836          4,054,962      LLC-loads                 (39.98%)
    15.726259836            399,932      LLC-load-misses           (39.98%)
    15.826375518          5,470,999      LLC-loads                 (39.98%)
    15.826375518          1,548,523      LLC-load-misses           (39.98%)
    15.926521377          4,031,316      LLC-loads                 (39.98%)
    15.926521377          1,024,233      LLC-load-misses           (39.98%)
    16.026641084         10,603,302      LLC-loads                 (39.98%)
    16.026641084          4,265,018      LLC-load-misses           (39.98%)
    16.126812313          6,780,269      LLC-loads                 (39.98%)
    16.126812313          2,109,827      LLC-load-misses           (39.98%)
    16.226958416          5,484,511      LLC-loads                 (39.98%)
    16.226958416          1,110,316      LLC-load-misses           (39.98%)
    16.327086338          8,537,929      LLC-loads                 (39.98%)
    16.327086338          1,243,988      LLC-load-misses           (39.98%)
    16.427220925          7,470,113      LLC-loads                 (39.99%)
    16.427220925          1,561,798      LLC-load-misses           (39.98%)
    16.527364612          9,264,764      LLC-loads                 (39.99%)
    16.527364612          1,835,380      LLC-load-misses           (39.98%)
    16.627525764          6,863,934      LLC-loads                 (39.99%)
    16.627525764          1,078,843      LLC-load-misses           (39.98%)
    16.727735109          7,005,754      LLC-loads                 (39.99%)
    16.727735109          1,600,411      LLC-load-misses           (39.98%)
    16.827897011          3,405,914      LLC-loads                 (39.99%)
    16.827897011            512,356      LLC-load-misses           (39.98%)
    16.928027510          5,211,047      LLC-loads                 (39.99%)
    16.928027510            514,342      LLC-load-misses           (39.98%)
    17.028214049          7,810,685      LLC-loads                 (39.99%)
    17.028214049          2,700,040      LLC-load-misses           (39.98%)
    17.128416108          8,493,716      LLC-loads                 (39.99%)
    17.128416108          1,951,833      LLC-load-misses           (39.98%)
    17.228577674         10,349,054      LLC-loads                 (39.99%)
    17.228577674          3,525,968      LLC-load-misses           (39.98%)
    17.328764244          7,509,052      LLC-loads                 (39.99%)
    17.328764244          1,373,603      LLC-load-misses           (39.98%)
    17.428920482          6,279,659      LLC-loads                 (39.99%)
    17.428920482          1,011,971      LLC-load-misses           (39.98%)
    17.529077058          6,985,885      LLC-loads                 (39.99%)
    17.529077058          1,345,625      LLC-load-misses           (39.98%)
    17.629295377          8,816,204      LLC-loads                 (39.99%)
    17.629295377          3,880,514      LLC-load-misses           (39.98%)
    17.729463026         10,209,456      LLC-loads                 (39.99%)
    17.729463026          3,845,959      LLC-load-misses           (39.98%)
    17.829593489          6,204,501      LLC-loads                 (39.99%)
    17.829593489          1,960,485      LLC-load-misses           (39.98%)
    17.929726790          4,541,717      LLC-loads                 (39.99%)
    17.929726790          1,441,714      LLC-load-misses           (39.98%)
    18.029916956          7,505,680      LLC-loads                 (40.00%)
    18.029916956            944,927      LLC-load-misses           (39.98%)
    18.130083109          6,252,854      LLC-loads                 (40.00%)
    18.130083109            722,806      LLC-load-misses           (39.98%)
    18.230277704         10,107,423      LLC-loads                 (40.00%)
    18.230277704          1,855,263      LLC-load-misses           (39.98%)
    18.330425670          6,960,065      LLC-loads                 (40.00%)
    18.330425670          1,385,014      LLC-load-misses           (39.98%)
    18.430677495          6,038,856      LLC-loads                 (40.00%)
    18.430677495          1,343,214      LLC-load-misses           (39.98%)
    18.530831664          9,321,534      LLC-loads                 (40.00%)
    18.530831664          2,742,105      LLC-load-misses           (39.98%)
    18.631143843          5,945,262      LLC-loads                 (40.00%)
    18.631143843          1,229,962      LLC-load-misses           (39.98%)
    18.731428728          8,207,121      LLC-loads                 (40.00%)
    18.731428728          3,727,422      LLC-load-misses           (39.98%)
    18.831567285          6,855,540      LLC-loads                 (40.00%)
    18.831567285          2,249,157      LLC-load-misses           (39.98%)
    18.931740512         10,326,273      LLC-loads                 (40.00%)
    18.931740512          2,684,397      LLC-load-misses           (39.98%)
    19.031900138         10,241,921      LLC-loads                 (40.00%)
    19.031900138          2,010,035      LLC-load-misses           (39.98%)
    19.132052408          8,276,575      LLC-loads                 (40.00%)
    19.132052408          1,437,676      LLC-load-misses           (39.98%)
    19.232280171          9,472,085      LLC-loads                 (40.00%)
    19.232280171          1,836,109      LLC-load-misses           (39.98%)
    19.332430117          9,020,263      LLC-loads                 (40.00%)
    19.332430117          1,547,014      LLC-load-misses           (39.98%)
    19.432582009          9,710,906      LLC-loads                 (40.00%)
    19.432582009          3,258,932      LLC-load-misses           (39.98%)
    19.532724197          6,402,706      LLC-loads                 (40.00%)
    19.532724197          2,022,039      LLC-load-misses           (39.98%)
    19.633027314          4,034,199      LLC-loads                 (40.01%)
    19.633027314          1,008,792      LLC-load-misses           (39.98%)
    19.733191715          7,917,334      LLC-loads                 (40.01%)
    19.733191715          2,312,355      LLC-load-misses           (39.99%)
    19.833359334          9,550,713      LLC-loads                 (40.01%)
    19.833359334          3,841,475      LLC-load-misses           (39.99%)
    19.933516242          8,638,855      LLC-loads                 (40.01%)
    19.933516242          2,939,967      LLC-load-misses           (39.99%)
    20.000628208          4,831,371      LLC-loads                 (40.00%)
    20.000628208            752,995      LLC-load-misses           (40.00%)
