# started on Tue Nov 12 11:24:46 2019

#           time             counts unit events
     0.100172877             38,761      context-switches                                            
     0.200306950             38,928      context-switches                                            
     0.300412047             39,829      context-switches                                            
     0.400551645             36,429      context-switches                                            
     0.500676319             38,662      context-switches                                            
     0.600803704             35,711      context-switches                                            
     0.700946434             36,870      context-switches                                            
     0.801161872             34,841      context-switches                                            
     0.901359802             35,229      context-switches                                            
     1.001582223             35,246      context-switches                                            
     1.101724869             36,443      context-switches                                            
     1.201835520             38,934      context-switches                                            
     1.301986162             35,683      context-switches                                            
     1.402095544             35,289      context-switches                                            
     1.502220729             35,474      context-switches                                            
     1.602327648             34,848      context-switches                                            
     1.702476175             36,559      context-switches                                            
     1.802649910             32,812      context-switches                                            
     1.902768491             40,483      context-switches                                            
     2.003060462             34,478      context-switches                                            
     2.103209696             38,413      context-switches                                            
     2.203426345             40,127      context-switches                                            
     2.303680620             40,734      context-switches                                            
     2.403786325             42,319      context-switches                                            
     2.503895068             37,101      context-switches                                            
#           time             counts unit events
     2.604008874             36,689      context-switches                                            
     2.704121721             37,732      context-switches                                            
     2.804364605             34,124      context-switches                                            
     2.904496512             37,859      context-switches                                            
     3.004615133             40,336      context-switches                                            
     3.104731643             36,073      context-switches                                            
     3.204928742             35,174      context-switches                                            
     3.305096644             38,758      context-switches                                            
     3.405203395             39,368      context-switches                                            
     3.505361077             37,594      context-switches                                            
     3.605530109             36,376      context-switches                                            
     3.705733761             36,324      context-switches                                            
     3.805841234             36,936      context-switches                                            
     3.905956161             37,010      context-switches                                            
     4.006088376             37,470      context-switches                                            
     4.106203474             36,498      context-switches                                            
     4.206321260             32,468      context-switches                                            
     4.306540497             40,215      context-switches                                            
     4.406650745             39,376      context-switches                                            
     4.506768065             38,145      context-switches                                            
     4.606883547             33,706      context-switches                                            
     4.706998275             35,463      context-switches                                            
     4.807118190             36,748      context-switches                                            
     4.907232545             40,012      context-switches                                            
     5.007340205             37,686      context-switches                                            
#           time             counts unit events
     5.107451075             34,298      context-switches                                            
     5.207563747             35,092      context-switches                                            
     5.307671175             35,498      context-switches                                            
     5.407843508             34,130      context-switches                                            
     5.507958970             33,233      context-switches                                            
     5.608077956             36,206      context-switches                                            
     5.708193429             34,451      context-switches                                            
     5.808313027             34,497      context-switches                                            
     5.908453074             36,911      context-switches                                            
     6.008614448             33,833      context-switches                                            
     6.108735187             38,760      context-switches                                            
     6.208893089             31,424      context-switches                                            
     6.309033693             36,293      context-switches                                            
     6.409214542             39,607      context-switches                                            
     6.509317794             39,215      context-switches                                            
     6.609421299             37,069      context-switches                                            
     6.709660462             38,099      context-switches                                            
     6.809821329             33,208      context-switches                                            
     6.909980049             35,630      context-switches                                            
     7.010213894             40,979      context-switches                                            
     7.110369480             37,438      context-switches                                            
     7.210485262             39,289      context-switches                                            
     7.310597063             35,247      context-switches                                            
     7.410713678             35,733      context-switches                                            
     7.510942124             35,424      context-switches                                            
#           time             counts unit events
     7.611125876             35,359      context-switches                                            
     7.711285633             40,528      context-switches                                            
     7.811404893             38,265      context-switches                                            
     7.911518258             39,630      context-switches                                            
     8.013128475             35,471      context-switches                                            
     8.113244078             32,890      context-switches                                            
     8.213395466             38,851      context-switches                                            
     8.313623462             31,896      context-switches                                            
     8.413753973             38,374      context-switches                                            
     8.513909922             35,175      context-switches                                            
     8.614021060             36,290      context-switches                                            
     8.714134663             34,418      context-switches                                            
     8.814245129             31,727      context-switches                                            
     8.914356938             33,897      context-switches                                            
     9.014465958             34,906      context-switches                                            
     9.114629737             35,546      context-switches                                            
     9.214776291             36,362      context-switches                                            
     9.314962449             32,634      context-switches                                            
     9.415068344             32,585      context-switches                                            
     9.515325140             36,103      context-switches                                            
     9.615455289             38,354      context-switches                                            
     9.715656514             34,595      context-switches                                            
     9.815791049             38,535      context-switches                                            
     9.915903904             36,267      context-switches                                            
    10.000578467             31,339      context-switches                                            
