# started on Thu Nov  7 01:52:49 2019

#           time             counts unit events
     0.100351094              6,399      context-switches                                            
     0.200479312             30,069      context-switches                                            
     0.300751305             38,052      context-switches                                            
     0.400944931             37,485      context-switches                                            
     0.501103506             37,967      context-switches                                            
     0.601383494             37,783      context-switches                                            
     0.701693728             38,341      context-switches                                            
     0.801935769             37,947      context-switches                                            
     0.902168056             38,150      context-switches                                            
     1.002441790             37,951      context-switches                                            
     1.102611252             38,313      context-switches                                            
     1.202858905             37,951      context-switches                                            
     1.303055322             38,322      context-switches                                            
     1.403289070             38,557      context-switches                                            
     1.503419754             38,015      context-switches                                            
     1.603669345             38,541      context-switches                                            
     1.703971764             37,225      context-switches                                            
     1.804268086             38,348      context-switches                                            
     1.904545354             37,927      context-switches                                            
     2.004782673             38,912      context-switches                                            
     2.104918007             38,105      context-switches                                            
     2.205113968             37,903      context-switches                                            
     2.305395041             38,183      context-switches                                            
     2.405695867             37,988      context-switches                                            
     2.505879044             37,865      context-switches                                            
#           time             counts unit events
     2.606117587             37,711      context-switches                                            
     2.706227203             37,789      context-switches                                            
     2.806413798             37,826      context-switches                                            
     2.906536169             36,928      context-switches                                            
     3.006694606             37,974      context-switches                                            
     3.106824837             37,882      context-switches                                            
     3.207045160             38,417      context-switches                                            
     3.307205797             37,759      context-switches                                            
     3.407451584             38,929      context-switches                                            
     3.507622719             36,804      context-switches                                            
     3.607890834             38,193      context-switches                                            
     3.708015622             37,782      context-switches                                            
     3.808247524             37,822      context-switches                                            
     3.908352014             36,952      context-switches                                            
     4.008606803             38,895      context-switches                                            
     4.108720479             35,211      context-switches                                            
     4.208945049             39,141      context-switches                                            
     4.309106520             37,663      context-switches                                            
     4.409240305             38,102      context-switches                                            
     4.509451358             39,538      context-switches                                            
     4.609604526             38,433      context-switches                                            
     4.709763535             36,180      context-switches                                            
     4.809946340             39,425      context-switches                                            
     4.910194086             36,539      context-switches                                            
     5.010365165             38,070      context-switches                                            
#           time             counts unit events
     5.110517924             36,216      context-switches                                            
     5.210659419             39,150      context-switches                                            
     5.310863812             36,378      context-switches                                            
     5.410973187             39,225      context-switches                                            
     5.511195002             37,418      context-switches                                            
     5.611355995             38,912      context-switches                                            
     5.711463745             37,322      context-switches                                            
     5.811578566             37,801      context-switches                                            
     5.911782146             37,658      context-switches                                            
     6.011994628             37,776      context-switches                                            
     6.112190623             36,661      context-switches                                            
     6.212351226             38,531      context-switches                                            
     6.312556438             37,471      context-switches                                            
     6.412793388             39,067      context-switches                                            
     6.513031959             37,739      context-switches                                            
     6.613320842             38,278      context-switches                                            
     6.713433132             37,108      context-switches                                            
     6.813737248             38,276      context-switches                                            
     6.914028912             35,984      context-switches                                            
     7.014303404             38,390      context-switches                                            
     7.114556690             37,712      context-switches                                            
     7.214661414             38,473      context-switches                                            
     7.314822550             37,585      context-switches                                            
     7.415057304             38,076      context-switches                                            
     7.515311081             37,288      context-switches                                            
#           time             counts unit events
     7.615488221             38,779      context-switches                                            
     7.715595550             38,011      context-switches                                            
     7.815780639             38,635      context-switches                                            
     7.916060017             37,584      context-switches                                            
     8.016329987             38,638      context-switches                                            
     8.116538764             37,371      context-switches                                            
     8.216651577             38,377      context-switches                                            
     8.316914651             38,040      context-switches                                            
     8.417202876             39,084      context-switches                                            
     8.517508467             38,105      context-switches                                            
     8.617638594             38,916      context-switches                                            
     8.717766919             37,770      context-switches                                            
     8.817871542             38,734      context-switches                                            
     8.918066154             38,005      context-switches                                            
     9.018227527             38,784      context-switches                                            
     9.118492068             36,761      context-switches                                            
     9.218599578             38,875      context-switches                                            
     9.318815486             37,629      context-switches                                            
     9.418923261             37,957      context-switches                                            
     9.519182965             37,672      context-switches                                            
     9.619289429             37,789      context-switches                                            
     9.719473882             37,425      context-switches                                            
     9.819624383             38,409      context-switches                                            
     9.919890203             38,558      context-switches                                            
    10.000659712             29,615      context-switches                                            
