# started on Wed Nov  6 01:06:33 2019

#           time             counts unit events
     0.100823256                293      context-switches                                            
     0.201572701                159      context-switches                                            
     0.302243325                216      context-switches                                            
     0.402907488                255      context-switches                                            
     0.503553109                234      context-switches                                            
     0.604145613                227      context-switches                                            
     0.704754454                349      context-switches                                            
     0.805341026                233      context-switches                                            
     0.905728554                257      context-switches                                            
     1.006343305                199      context-switches                                            
     1.106939871                200      context-switches                                            
     1.207519199                168      context-switches                                            
     1.308140907                222      context-switches                                            
     1.408610337                261      context-switches                                            
     1.509116413                238      context-switches                                            
     1.609596810                220      context-switches                                            
     1.710193939                322      context-switches                                            
     1.810791737                216      context-switches                                            
     1.911382385                183      context-switches                                            
     2.011866935                170      context-switches                                            
     2.112412437                164      context-switches                                            
     2.212951546                199      context-switches                                            
     2.313554210                218      context-switches                                            
     2.414159500                235      context-switches                                            
     2.514761781                255      context-switches                                            
#           time             counts unit events
     2.615343515                196      context-switches                                            
     2.715958122                359      context-switches                                            
     2.816569660                173      context-switches                                            
     2.916869558                232      context-switches                                            
     3.017418821                167      context-switches                                            
     3.118010038                197      context-switches                                            
     3.218604030                137      context-switches                                            
     3.319100310                194      context-switches                                            
     3.419625730                272      context-switches                                            
     3.520111794                268      context-switches                                            
     3.620680776                251      context-switches                                            
     3.721281315                421      context-switches                                            
     3.821834169                253      context-switches                                            
     3.922302257                234      context-switches                                            
     4.022881865                196      context-switches                                            
     4.123470296                168      context-switches                                            
     4.224015319                236      context-switches                                            
     4.324655051                212      context-switches                                            
     4.425176403                284      context-switches                                            
     4.525755922                308      context-switches                                            
     4.626365622                322      context-switches                                            
     4.726945900                355      context-switches                                            
     4.827552318                189      context-switches                                            
     4.927849546              6,797      context-switches                                            
     5.027956043             17,859      context-switches                                            
#           time             counts unit events
     5.128229665             37,010      context-switches                                            
     5.228395266             37,379      context-switches                                            
     5.328606318             37,172      context-switches                                            
     5.428711969             37,488      context-switches                                            
     5.528914366             37,330      context-switches                                            
     5.629075701             37,038      context-switches                                            
     5.729333182             36,384      context-switches                                            
     5.829440518             36,836      context-switches                                            
     5.929609613             37,598      context-switches                                            
     6.029717466             37,027      context-switches                                            
     6.129957351             37,519      context-switches                                            
     6.230066567             37,394      context-switches                                            
     6.330292450             37,802      context-switches                                            
     6.430563368             36,191      context-switches                                            
     6.530718597             38,800      context-switches                                            
     6.630880375             35,407      context-switches                                            
     6.731093786             38,204      context-switches                                            
     6.831220719             36,732      context-switches                                            
     6.931414734             36,937      context-switches                                            
     7.031527668             36,707      context-switches                                            
     7.131682441             38,112      context-switches                                            
     7.231821226             35,795      context-switches                                            
     7.332031754             38,407      context-switches                                            
     7.432322453             36,526      context-switches                                            
     7.532462648             38,184      context-switches                                            
#           time             counts unit events
     7.632688082             36,468      context-switches                                            
     7.732909358             38,061      context-switches                                            
     7.833189601             36,525      context-switches                                            
     7.933375194             37,970      context-switches                                            
     8.033579650             36,043      context-switches                                            
     8.133776257             38,610      context-switches                                            
     8.233962606             36,197      context-switches                                            
     8.334210287             38,674      context-switches                                            
     8.434419315             35,987      context-switches                                            
     8.534617994             38,927      context-switches                                            
     8.634792243             36,398      context-switches                                            
     8.734954970             37,062      context-switches                                            
     8.835171094             35,480      context-switches                                            
     8.935333583             38,502      context-switches                                            
     9.035441051             36,395      context-switches                                            
     9.135707739             37,618      context-switches                                            
     9.235816760             35,867      context-switches                                            
     9.335991721             38,651      context-switches                                            
     9.436174787             37,061      context-switches                                            
     9.536333481             38,117      context-switches                                            
     9.636536258             36,821      context-switches                                            
     9.736737701             38,051      context-switches                                            
     9.836924128             36,501      context-switches                                            
     9.937160937             39,120      context-switches                                            
    10.000767780             23,589      context-switches                                            
