# started on Tue Nov  5 21:52:40 2019

#           time             counts unit events
     0.100829805                472      context-switches                                            
     0.201498376                214      context-switches                                            
     0.301983233                192      context-switches                                            
     0.402435222                242      context-switches                                            
     0.502723381                387      context-switches                                            
     0.603295895                203      context-switches                                            
     0.703903045                136      context-switches                                            
     0.804420046                228      context-switches                                            
     0.905025392                166      context-switches                                            
     1.005638258                221      context-switches                                            
     1.106247092                238      context-switches                                            
     1.206719705                210      context-switches                                            
     1.307294248                137      context-switches                                            
     1.407868758                257      context-switches                                            
     1.508431784                292      context-switches                                            
     1.609028224                244      context-switches                                            
     1.709635062                301      context-switches                                            
     1.810085706                186      context-switches                                            
     1.910541131                151      context-switches                                            
     2.011090577                147      context-switches                                            
     2.111728959                259      context-switches                                            
     2.212307323                293      context-switches                                            
     2.312838473                206      context-switches                                            
     2.413452057                199      context-switches                                            
     2.513835634                374      context-switches                                            
#           time             counts unit events
     2.614216920                218      context-switches                                            
     2.714781638                177      context-switches                                            
     2.815386340                215      context-switches                                            
     2.915979881                144      context-switches                                            
     3.016544395                206      context-switches                                            
     3.117148842                250      context-switches                                            
     3.217663563                306      context-switches                                            
     3.318078117                222      context-switches                                            
     3.418542022                374      context-switches                                            
     3.519157844                330      context-switches                                            
     3.619819238                230      context-switches                                            
     3.720395013                168      context-switches                                            
     3.820815802                187      context-switches                                            
     3.921385654                161      context-switches                                            
     4.021997563                155      context-switches                                            
     4.122604789                256      context-switches                                            
     4.223208820                243      context-switches                                            
     4.323720618                259      context-switches                                            
     4.424258808                276      context-switches                                            
     4.524896746                416      context-switches                                            
     4.625516406                252      context-switches                                            
     4.726098965                302      context-switches                                            
     4.826683027                339      context-switches                                            
     4.927286031                159      context-switches                                            
     5.027445517              9,496      context-switches                                            
#           time             counts unit events
     5.127658969             36,670      context-switches                                            
     5.227772605             37,663      context-switches                                            
     5.327915038             37,432      context-switches                                            
     5.428022029             36,633      context-switches                                            
     5.528259138             35,377      context-switches                                            
     5.628368493             36,953      context-switches                                            
     5.728536580             37,989      context-switches                                            
     5.828710733             36,143      context-switches                                            
     5.928960819             38,254      context-switches                                            
     6.029221369             35,636      context-switches                                            
     6.129471223             38,647      context-switches                                            
     6.229757391             35,441      context-switches                                            
     6.330057199             38,445      context-switches                                            
     6.430245820             35,273      context-switches                                            
     6.530538813             39,274      context-switches                                            
     6.630788405             36,423      context-switches                                            
     6.730987650             38,678      context-switches                                            
     6.831192498             36,267      context-switches                                            
     6.931355482             37,952      context-switches                                            
     7.031552018             36,852      context-switches                                            
     7.131760817             36,882      context-switches                                            
     7.231991686             36,103      context-switches                                            
     7.332237132             38,038      context-switches                                            
     7.432437744             35,827      context-switches                                            
     7.532645054             36,935      context-switches                                            
#           time             counts unit events
     7.632840283             36,412      context-switches                                            
     7.733011709             37,904      context-switches                                            
     7.833211934             36,344      context-switches                                            
     7.933346443             37,938      context-switches                                            
     8.033539025             37,082      context-switches                                            
     8.133753581             37,509      context-switches                                            
     8.233981855             36,543      context-switches                                            
     8.334150048             38,162      context-switches                                            
     8.434384802             36,975      context-switches                                            
     8.534645274             38,190      context-switches                                            
     8.634919285             36,874      context-switches                                            
     8.735074256             37,967      context-switches                                            
     8.835237523             37,144      context-switches                                            
     8.935421740             38,690      context-switches                                            
     9.035643040             35,002      context-switches                                            
     9.135747985             37,418      context-switches                                            
     9.235888573             36,888      context-switches                                            
     9.336102681             38,030      context-switches                                            
     9.436326670             36,975      context-switches                                            
     9.536607128             37,940      context-switches                                            
     9.636737719             37,000      context-switches                                            
     9.736861312             37,610      context-switches                                            
     9.837091556             36,676      context-switches                                            
     9.937260539             37,781      context-switches                                            
    10.000799207             23,597      context-switches                                            
