# started on Tue Nov  5 21:01:39 2019

#           time             counts unit events
     0.100646376                327      context-switches                                            
     0.201273199                174      context-switches                                            
     0.301852215                390      context-switches                                            
     0.402410064                209      context-switches                                            
     0.502992121                238      context-switches                                            
     0.603576964                161      context-switches                                            
     0.704103234                163      context-switches                                            
     0.804665886                255      context-switches                                            
     0.905258459                301      context-switches                                            
     1.005864549                286      context-switches                                            
     1.106375136                147      context-switches                                            
     1.206797337                299      context-switches                                            
     1.307238975                374      context-switches                                            
     1.407837023                186      context-switches                                            
     1.508440281                182      context-switches                                            
     1.608990174                186      context-switches                                            
     1.709549373                176      context-switches                                            
     1.810148975                264      context-switches                                            
     1.910752780                195      context-switches                                            
     2.011333485                252      context-switches                                            
     2.111768959                199      context-switches                                            
     2.212338063                227      context-switches                                            
     2.312805412                390      context-switches                                            
     2.413369004                149      context-switches                                            
     2.513867355                227      context-switches                                            
#           time             counts unit events
     2.614489107                212      context-switches                                            
     2.714934846                218      context-switches                                            
     2.815495961                294      context-switches                                            
     2.916093077                158      context-switches                                            
     3.016688017                366      context-switches                                            
     3.117264117                185      context-switches                                            
     3.217940751                192      context-switches                                            
     3.318569514                370      context-switches                                            
     3.419187281                160      context-switches                                            
     3.519801042                213      context-switches                                            
     3.620075688                177      context-switches                                            
     3.720637454                311      context-switches                                            
     3.821137233                245      context-switches                                            
     3.921804480                171      context-switches                                            
     4.022501752                356      context-switches                                            
     4.123161083                194      context-switches                                            
     4.223751885                426      context-switches                                            
     4.324267084                361      context-switches                                            
     4.424962575                152      context-switches                                            
     4.525562993                156      context-switches                                            
     4.626168887                193      context-switches                                            
     4.726797386                168      context-switches                                            
     4.827463030                265      context-switches                                            
     4.927877773                231      context-switches                                            
     5.028040688              5,290      context-switches                                            
#           time             counts unit events
     5.128263481             27,731      context-switches                                            
     5.228397489             36,225      context-switches                                            
     5.328592088             38,354      context-switches                                            
     5.428728244             36,736      context-switches                                            
     5.528965807             38,766      context-switches                                            
     5.629070014             36,084      context-switches                                            
     5.729233675             38,238      context-switches                                            
     5.829387689             36,353      context-switches                                            
     5.929612032             38,456      context-switches                                            
     6.029787809             36,806      context-switches                                            
     6.129920505             37,156      context-switches                                            
     6.230028811             36,708      context-switches                                            
     6.330279629             38,787      context-switches                                            
     6.430382446             35,309      context-switches                                            
     6.530663503             38,466      context-switches                                            
     6.630772320             34,454      context-switches                                            
     6.731077674             38,935      context-switches                                            
     6.831245081             36,398      context-switches                                            
     6.931418774             38,410      context-switches                                            
     7.031525336             37,048      context-switches                                            
     7.131670164             38,805      context-switches                                            
     7.231860199             36,901      context-switches                                            
     7.332018767             38,775      context-switches                                            
     7.432291701             37,202      context-switches                                            
     7.532481221             38,270      context-switches                                            
#           time             counts unit events
     7.632725173             37,243      context-switches                                            
     7.732919788             39,095      context-switches                                            
     7.833083451             34,712      context-switches                                            
     7.933278222             38,987      context-switches                                            
     8.033451456             36,211      context-switches                                            
     8.133784428             38,946      context-switches                                            
     8.233984229             35,261      context-switches                                            
     8.334096936             38,251      context-switches                                            
     8.434265180             36,813      context-switches                                            
     8.534427238             37,156      context-switches                                            
     8.634700309             37,525      context-switches                                            
     8.734856445             37,873      context-switches                                            
     8.835026847             37,689      context-switches                                            
     8.935182900             37,456      context-switches                                            
     9.035421247             36,353      context-switches                                            
     9.135525760             38,248      context-switches                                            
     9.235665113             36,886      context-switches                                            
     9.335778090             39,068      context-switches                                            
     9.435913725             36,280      context-switches                                            
     9.536089563             36,946      context-switches                                            
     9.636289622             37,251      context-switches                                            
     9.736450811             38,111      context-switches                                            
     9.836662815             36,931      context-switches                                            
     9.936961324             37,894      context-switches                                            
    10.000575723             23,372      context-switches                                            
