# started on Wed Nov  6 02:08:38 2019

#           time             counts unit events
     0.100738402                424      context-switches                                            
     0.201437184                250      context-switches                                            
     0.301976080                342      context-switches                                            
     0.402601462                166      context-switches                                            
     0.502764926                970      context-switches                                            
     0.603311156              5,873      context-switches                                            
     0.703903897                156      context-switches                                            
     0.804477011                148      context-switches                                            
     0.904955197                239      context-switches                                            
     1.005533147                288      context-switches                                            
     1.106101373                243      context-switches                                            
     1.206682182                158      context-switches                                            
     1.307366227                403      context-switches                                            
     1.407873081                171      context-switches                                            
     1.508405022                247      context-switches                                            
     1.608908623                175      context-switches                                            
     1.709513643                209      context-switches                                            
     1.810127730                174      context-switches                                            
     1.910725969                268      context-switches                                            
     2.011133726                271      context-switches                                            
     2.111730540                254      context-switches                                            
     2.212009508                270      context-switches                                            
     2.312657884                222      context-switches                                            
     2.413267261                158      context-switches                                            
     2.513831664                218      context-switches                                            
#           time             counts unit events
     2.614363700                170      context-switches                                            
     2.714950905                194      context-switches                                            
     2.815515840                166      context-switches                                            
     2.916019181                212      context-switches                                            
     3.016539071                202      context-switches                                            
     3.117038040                307      context-switches                                            
     3.217611207                380      context-switches                                            
     3.318105635                200      context-switches                                            
     3.418687447                156      context-switches                                            
     3.519363519                220      context-switches                                            
     3.619951279                196      context-switches                                            
     3.720410575                208      context-switches                                            
     3.821000068                166      context-switches                                            
     3.921607981                200      context-switches                                            
     4.022271152                197      context-switches                                            
     4.122828955                324      context-switches                                            
     4.223424492                311      context-switches                                            
     4.323900506                150      context-switches                                            
     4.424516541                171      context-switches                                            
     4.525107915                186      context-switches                                            
     4.625707553                162      context-switches                                            
     4.726278383                214      context-switches                                            
     4.826795499                175      context-switches                                            
     4.927454188                262      context-switches                                            
     5.027682098             24,472      context-switches                                            
#           time             counts unit events
     5.127872577             37,691      context-switches                                            
     5.227975169             37,533      context-switches                                            
     5.328199029             36,605      context-switches                                            
     5.428306549             37,296      context-switches                                            
     5.528418199             37,394      context-switches                                            
     5.628611475             37,408      context-switches                                            
     5.728859601             36,455      context-switches                                            
     5.828970969             36,616      context-switches                                            
     5.929229152             37,483      context-switches                                            
     6.029371673             37,314      context-switches                                            
     6.129539306             36,729      context-switches                                            
     6.229650495             36,069      context-switches                                            
     6.329841237             38,121      context-switches                                            
     6.429950164             37,328      context-switches                                            
     6.530206233             37,342      context-switches                                            
     6.630404525             36,825      context-switches                                            
     6.730593713             38,026      context-switches                                            
     6.830766383             35,816      context-switches                                            
     6.930991710             37,519      context-switches                                            
     7.031222890             36,672      context-switches                                            
     7.131385604             37,313      context-switches                                            
     7.231620039             36,975      context-switches                                            
     7.331816989             38,219      context-switches                                            
     7.432063673             36,194      context-switches                                            
     7.532340991             37,339      context-switches                                            
#           time             counts unit events
     7.632610087             37,344      context-switches                                            
     7.732860488             37,435      context-switches                                            
     7.833140085             36,255      context-switches                                            
     7.933345075             37,322      context-switches                                            
     8.033509847             35,789      context-switches                                            
     8.133668191             38,614      context-switches                                            
     8.233836600             36,312      context-switches                                            
     8.334075365             38,527      context-switches                                            
     8.434236427             36,536      context-switches                                            
     8.534398483             38,161      context-switches                                            
     8.634653799             36,739      context-switches                                            
     8.734875957             37,898      context-switches                                            
     8.835097791             36,498      context-switches                                            
     8.935295507             38,137      context-switches                                            
     9.035500495             36,583      context-switches                                            
     9.135692101             37,299      context-switches                                            
     9.235858610             36,419      context-switches                                            
     9.336047364             38,243      context-switches                                            
     9.436255564             36,748      context-switches                                            
     9.536456373             38,286      context-switches                                            
     9.636713346             36,338      context-switches                                            
     9.736949470             37,599      context-switches                                            
     9.837169858             36,732      context-switches                                            
     9.937363711             38,124      context-switches                                            
    10.000714997             23,305      context-switches                                            
