# started on Tue Nov  5 23:15:52 2019

#           time             counts unit events
     0.100651775                331      context-switches                                            
     0.201309263                356      context-switches                                            
     0.301873556                237      context-switches                                            
     0.402488521                165      context-switches                                            
     0.503118206                206      context-switches                                            
     0.603728155                169      context-switches                                            
     0.704320134                325      context-switches                                            
     0.804836845                209      context-switches                                            
     0.905260467                250      context-switches                                            
     1.005802797                253      context-switches                                            
     1.106342671                378      context-switches                                            
     1.206839583                417      context-switches                                            
     1.307118322                191      context-switches                                            
     1.407545698              1,871      context-switches                                            
     1.508062422                175      context-switches                                            
     1.608612857                163      context-switches                                            
     1.709165486                252      context-switches                                            
     1.809769144                183      context-switches                                            
     1.910400771                180      context-switches                                            
     2.010819392                418      context-switches                                            
     2.111293331                170      context-switches                                            
     2.211879905                382      context-switches                                            
     2.312577360                221      context-switches                                            
     2.413107471                234      context-switches                                            
     2.513591636                176      context-switches                                            
#           time             counts unit events
     2.614214347                178      context-switches                                            
     2.714875606                262      context-switches                                            
     2.815502191                205      context-switches                                            
     2.916122732                163      context-switches                                            
     3.016662493                220      context-switches                                            
     3.117245995                224      context-switches                                            
     3.217917606                412      context-switches                                            
     3.318546155                214      context-switches                                            
     3.419195914                140      context-switches                                            
     3.519694346                189      context-switches                                            
     3.620296019                149      context-switches                                            
     3.720839186                226      context-switches                                            
     3.821457669                249      context-switches                                            
     3.921885938                207      context-switches                                            
     4.022443310                186      context-switches                                            
     4.123067666                197      context-switches                                            
     4.223645951                366      context-switches                                            
     4.324267328                200      context-switches                                            
     4.424803357                181      context-switches                                            
     4.525434649                167      context-switches                                            
     4.626037893                190      context-switches                                            
     4.726645933                226      context-switches                                            
     4.827304409                214      context-switches                                            
     4.927740771                182      context-switches                                            
     5.027857121              4,297      context-switches                                            
#           time             counts unit events
     5.128244956              4,228      context-switches                                            
     5.228413659             27,097      context-switches                                            
     5.328761983             11,353      context-switches                                            
     5.429086306              8,670      context-switches                                            
     5.529570879              4,772      context-switches                                            
     5.630067674              2,555      context-switches                                            
     5.730407946              4,193      context-switches                                            
     5.830927449              1,363      context-switches                                            
     5.931282661              3,574      context-switches                                            
     6.031632407              1,924      context-switches                                            
     6.132200269              2,463      context-switches                                            
     6.232671453              1,896      context-switches                                            
     6.332830051              4,444      context-switches                                            
     6.433233345              4,731      context-switches                                            
     6.533692121              1,764      context-switches                                            
     6.634324520              1,646      context-switches                                            
     6.734911722              1,649      context-switches                                            
     6.835255468              1,575      context-switches                                            
     6.935727005              1,467      context-switches                                            
     7.036327249              1,707      context-switches                                            
     7.136772320              1,658      context-switches                                            
     7.237372941              1,858      context-switches                                            
     7.337752638              1,599      context-switches                                            
     7.438178975              1,431      context-switches                                            
     7.538819761              1,448      context-switches                                            
#           time             counts unit events
     7.639443963              1,688      context-switches                                            
     7.739945628              1,686      context-switches                                            
     7.840249599              1,553      context-switches                                            
     7.940642250              1,672      context-switches                                            
     8.041141768              1,166      context-switches                                            
     8.141649869              2,016      context-switches                                            
     8.242266480              2,054      context-switches                                            
     8.342676688              2,201      context-switches                                            
     8.442987451              2,820      context-switches                                            
     8.543122734             11,585      context-switches                                            
     8.643389392             33,065      context-switches                                            
     8.743689332             31,046      context-switches                                            
     8.843834956             19,188      context-switches                                            
     8.944179778              7,711      context-switches                                            
     9.044738318              4,528      context-switches                                            
     9.145186243              2,837      context-switches                                            
     9.245794231              4,017      context-switches                                            
     9.346302030              1,305      context-switches                                            
     9.446684581              4,536      context-switches                                            
     9.547271730              1,191      context-switches                                            
     9.647853665              3,172      context-switches                                            
     9.748376478              1,813      context-switches                                            
     9.848743931              2,127      context-switches                                            
     9.948970617              1,880      context-switches                                            
    10.000824114                310      context-switches                                            
