# started on Thu Nov  7 02:00:12 2019

#           time             counts unit events
     0.100570774              3,296      context-switches                                            
     0.200866889              3,812      context-switches                                            
     0.301161196              7,807      context-switches                                            
     0.401484233              1,173      context-switches                                            
     0.501767837              2,508      context-switches                                            
     0.602206916              1,332      context-switches                                            
     0.702672467              2,065      context-switches                                            
     0.803224378              1,141      context-switches                                            
     0.903688812              2,159      context-switches                                            
     1.004297236              1,520      context-switches                                            
     1.104647289              1,824      context-switches                                            
     1.205178051              1,061      context-switches                                            
     1.305677595              1,970      context-switches                                            
     1.406203049              1,112      context-switches                                            
     1.506798832              1,828      context-switches                                            
     1.607408061              1,086      context-switches                                            
     1.707932477              1,983      context-switches                                            
     1.808377921              1,048      context-switches                                            
     1.908869905              1,774      context-switches                                            
     2.009162886              1,433      context-switches                                            
     2.109629355              1,912      context-switches                                            
     2.210009685              1,258      context-switches                                            
     2.310505961              1,858      context-switches                                            
     2.410968193              1,123      context-switches                                            
     2.511353482              2,020      context-switches                                            
#           time             counts unit events
     2.611799352              1,268      context-switches                                            
     2.712336162              1,757      context-switches                                            
     2.812777146              1,187      context-switches                                            
     2.913399584              1,964      context-switches                                            
     3.013820526              1,541      context-switches                                            
     3.114478527              1,839      context-switches                                            
     3.214901602              1,140      context-switches                                            
     3.315539971              1,789      context-switches                                            
     3.415938877              1,207      context-switches                                            
     3.516507366              1,761      context-switches                                            
     3.616998559              1,259      context-switches                                            
     3.717619996              1,910      context-switches                                            
     3.818202151              1,304      context-switches                                            
     3.918879919              1,732      context-switches                                            
     4.019436233              1,374      context-switches                                            
     4.119918508              1,872      context-switches                                            
     4.220510774              1,244      context-switches                                            
     4.321023368              1,625      context-switches                                            
     4.421607890              1,303      context-switches                                            
     4.522161575              1,685      context-switches                                            
     4.622685847              1,282      context-switches                                            
     4.723300395              1,910      context-switches                                            
     4.823591853              1,318      context-switches                                            
     4.924142875              1,915      context-switches                                            
     5.024525367              1,569      context-switches                                            
#           time             counts unit events
     5.125071707              1,678      context-switches                                            
     5.225452568              1,360      context-switches                                            
     5.325945937              1,948      context-switches                                            
     5.426332902              2,900      context-switches                                            
     5.526954465              3,722      context-switches                                            
     5.627393238              1,699      context-switches                                            
     5.727841685              2,634      context-switches                                            
     5.828419034              1,399      context-switches                                            
     5.928960941              1,828      context-switches                                            
     6.029376490              1,661      context-switches                                            
     6.129915761              1,779      context-switches                                            
     6.230358635              1,363      context-switches                                            
     6.330779816              1,800      context-switches                                            
     6.430979970              5,412      context-switches                                            
     6.531562894                634      context-switches                                            
     6.631855515              1,952      context-switches                                            
     6.732319128              1,734      context-switches                                            
     6.832900107              1,501      context-switches                                            
     6.933505023              1,641      context-switches                                            
     7.033702087              1,921      context-switches                                            
     7.134266599              1,447      context-switches                                            
     7.234634042              1,840      context-switches                                            
     7.334957898              1,737      context-switches                                            
     7.435263404              5,364      context-switches                                            
     7.535835201                493      context-switches                                            
#           time             counts unit events
     7.636199865              1,868      context-switches                                            
     7.736823924              1,453      context-switches                                            
     7.836943879              3,377      context-switches                                            
     7.937390821              5,428      context-switches                                            
     8.037746458              2,080      context-switches                                            
     8.138142284              1,688      context-switches                                            
     8.238256287              4,289      context-switches                                            
     8.338823744              1,537      context-switches                                            
     8.439190204              1,758      context-switches                                            
     8.539815671              1,919      context-switches                                            
     8.640373499              1,530      context-switches                                            
     8.741002826              1,498      context-switches                                            
     8.841479441              1,604      context-switches                                            
     8.942060915              1,453      context-switches                                            
     9.042538885              1,824      context-switches                                            
     9.143173313              1,546      context-switches                                            
     9.243612565              1,626      context-switches                                            
     9.344241747              1,244      context-switches                                            
     9.444650205              1,571      context-switches                                            
     9.545266652              1,365      context-switches                                            
     9.645758812              1,642      context-switches                                            
     9.746415444              1,413      context-switches                                            
     9.846768615              1,817      context-switches                                            
     9.947175743              1,330      context-switches                                            
    10.000741777              1,874      context-switches                                            
