# started on Tue Nov 12 23:50:18 2019

#           time             counts unit events
     0.100211741                412      context-switches                                            
     0.200405763              3,141      context-switches                                            
     0.300546095              6,009      context-switches                                            
     0.400695437              8,642      context-switches                                            
     0.500830199              8,142      context-switches                                            
     0.600971301              9,325      context-switches                                            
     0.701116173              6,859      context-switches                                            
     0.801262995              4,392      context-switches                                            
     0.901417607              6,835      context-switches                                            
     1.001548339             30,804      context-switches                                            
     1.101710481             38,013      context-switches                                            
     1.201848033             39,694      context-switches                                            
     1.301984684             45,567      context-switches                                            
     1.402148946             33,799      context-switches                                            
     1.502304328             42,841      context-switches                                            
     1.602475150             32,583      context-switches                                            
     1.702648831             26,359      context-switches                                            
     1.802793243             34,351      context-switches                                            
     1.902961335             30,518      context-switches                                            
     2.003132366             27,331      context-switches                                            
     2.103276788             35,593      context-switches                                            
     2.203416499             42,928      context-switches                                            
     2.303562141             43,546      context-switches                                            
     2.403754602             34,451      context-switches                                            
     2.503933394             27,812      context-switches                                            
#           time             counts unit events
     2.604104815             34,270      context-switches                                            
     2.704262227             37,039      context-switches                                            
     2.804396538             34,772      context-switches                                            
     2.904544500             35,403      context-switches                                            
     3.004679531             41,427      context-switches                                            
     3.104825822             40,106      context-switches                                            
     3.204977853             46,003      context-switches                                            
     3.305116816             38,966      context-switches                                            
     3.405286367             31,798      context-switches                                            
     3.505463977             29,121      context-switches                                            
     3.605620079             34,612      context-switches                                            
     3.705768410             37,565      context-switches                                            
     3.805919022             40,529      context-switches                                            
     3.906080352             35,606      context-switches                                            
     4.006230003             44,417      context-switches                                            
     4.106376663             44,678      context-switches                                            
     4.206536634             41,299      context-switches                                            
     4.306688085             31,009      context-switches                                            
     4.406841957             28,261      context-switches                                            
     4.506996648             38,857      context-switches                                            
     4.607151139             33,917      context-switches                                            
     4.707311770             41,590      context-switches                                            
     4.807463681             38,277      context-switches                                            
     4.907607662             42,189      context-switches                                            
     5.007764242             40,090      context-switches                                            
#           time             counts unit events
     5.107925583             40,866      context-switches                                            
     5.208086224             38,191      context-switches                                            
     5.308222315             41,874      context-switches                                            
     5.408378946             39,839      context-switches                                            
     5.508525736             41,706      context-switches                                            
     5.608676997             39,087      context-switches                                            
     5.708818119             47,494      context-switches                                            
     5.808973819             38,376      context-switches                                            
     5.909116830             42,377      context-switches                                            
     6.009267150             42,606      context-switches                                            
     6.109409481             44,120      context-switches                                            
     6.209539702             41,267      context-switches                                            
     6.309711302             38,126      context-switches                                            
     6.409861503             44,175      context-switches                                            
     6.510034693             41,629      context-switches                                            
     6.610184094             45,065      context-switches                                            
     6.710318425             46,496      context-switches                                            
     6.810464865             42,536      context-switches                                            
     6.910620905             35,534      context-switches                                            
     7.010763896             42,656      context-switches                                            
     7.110917576             39,084      context-switches                                            
     7.211058846             42,578      context-switches                                            
     7.311216856             39,258      context-switches                                            
     7.411351207             42,546      context-switches                                            
     7.511490008             41,596      context-switches                                            
#           time             counts unit events
     7.611628328             38,910      context-switches                                            
     7.711785479             31,576      context-switches                                            
     7.811936259             28,523      context-switches                                            
     7.912100659             32,937      context-switches                                            
     8.012260988             42,903      context-switches                                            
     8.112391089             39,318      context-switches                                            
     8.212519029             39,706      context-switches                                            
     8.312654900             40,777      context-switches                                            
     8.412800599             40,243      context-switches                                            
     8.512949869             37,319      context-switches                                            
     8.613106190             37,348      context-switches                                            
     8.713255510             39,979      context-switches                                            
     8.813412640             41,228      context-switches                                            
     8.913561050             39,685      context-switches                                            
     9.013723370             31,615      context-switches                                            
     9.113859359             32,287      context-switches                                            
     9.214016369             38,922      context-switches                                            
     9.314172719             41,001      context-switches                                            
     9.414312319             42,364      context-switches                                            
     9.514458529             43,338      context-switches                                            
     9.614602619             47,317      context-switches                                            
     9.714739589             38,759      context-switches                                            
     9.814895699             38,683      context-switches                                            
     9.915055998             44,389      context-switches                                            
    10.000700299             33,982      context-switches                                            
