# started on Tue Nov  5 23:26:43 2019

#           time             counts unit events
     0.100751035                491      context-switches                                            
     0.201440532                175      context-switches                                            
     0.302006134                240      context-switches                                            
     0.402571985                217      context-switches                                            
     0.503189933                183      context-switches                                            
     0.603784562                184      context-switches                                            
     0.704373806                168      context-switches                                            
     0.804871531                219      context-switches                                            
     0.905337403                233      context-switches                                            
     1.005888727                204      context-switches                                            
     1.106527015                351      context-switches                                            
     1.207134833                213      context-switches                                            
     1.307709271                271      context-switches                                            
     1.408227286                224      context-switches                                            
     1.508781418                203      context-switches                                            
     1.609341332                154      context-switches                                            
     1.710018374                207      context-switches                                            
     1.810627491                200      context-switches                                            
     1.911122588                210      context-switches                                            
     2.011757608                246      context-switches                                            
     2.112343722                305      context-switches                                            
     2.213015090                204      context-switches                                            
     2.313640493                187      context-switches                                            
     2.414297956                236      context-switches                                            
     2.514905288                172      context-switches                                            
#           time             counts unit events
     2.615525638                172      context-switches                                            
     2.716016906                196      context-switches                                            
     2.816635754                238      context-switches                                            
     2.917273498                229      context-switches                                            
     3.017807877                209      context-switches                                            
     3.118324925                386      context-switches                                            
     3.218846157                196      context-switches                                            
     3.319429428                202      context-switches                                            
     3.420027868                213      context-switches                                            
     3.520597615                174      context-switches                                            
     3.621092582                151      context-switches                                            
     3.721723346                217      context-switches                                            
     3.822309281                204      context-switches                                            
     3.923013949                181      context-switches                                            
     4.023634068                207      context-switches                                            
     4.124140406                399      context-switches                                            
     4.224652566                182      context-switches                                            
     4.325167843                250      context-switches                                            
     4.425830153                282      context-switches                                            
     4.526365358                226      context-switches                                            
     4.626918901                269      context-switches                                            
     4.727468908                202      context-switches                                            
     4.828083516                280      context-switches                                            
     4.928636177                250      context-switches                                            
     5.028801296              6,906      context-switches                                            
#           time             counts unit events
     5.129074193             36,530      context-switches                                            
     5.229184017             38,672      context-switches                                            
     5.329387564             37,733      context-switches                                            
     5.429494405             36,800      context-switches                                            
     5.529698717             38,282      context-switches                                            
     5.629906975             36,030      context-switches                                            
     5.730212114             37,403      context-switches                                            
     5.830435810             37,086      context-switches                                            
     5.930706516             38,863      context-switches                                            
     6.030963477             36,805      context-switches                                            
     6.131228985             39,051      context-switches                                            
     6.231396466             35,791      context-switches                                            
     6.331656475             38,382      context-switches                                            
     6.431938208             35,387      context-switches                                            
     6.532210733             39,089      context-switches                                            
     6.632522318             35,571      context-switches                                            
     6.732834004             38,321      context-switches                                            
     6.833059461             35,919      context-switches                                            
     6.933328700             37,413      context-switches                                            
     7.033596902             36,924      context-switches                                            
     7.133779657             38,264      context-switches                                            
     7.234000003             34,439      context-switches                                            
     7.334245720             38,319      context-switches                                            
     7.434479097             37,455      context-switches                                            
     7.534787458             37,263      context-switches                                            
#           time             counts unit events
     7.635067948             36,226      context-switches                                            
     7.735312605             38,190      context-switches                                            
     7.835609281             37,464      context-switches                                            
     7.935847256             38,874      context-switches                                            
     8.036098048             35,682      context-switches                                            
     8.136333390             39,381      context-switches                                            
     8.236532610             35,410      context-switches                                            
     8.336737887             39,046      context-switches                                            
     8.436899858             36,013      context-switches                                            
     8.537145568             37,655      context-switches                                            
     8.637418032             36,842      context-switches                                            
     8.737591186             37,906      context-switches                                            
     8.837785765             36,463      context-switches                                            
     8.937996179             38,538      context-switches                                            
     9.038108220             37,256      context-switches                                            
     9.138371097             38,063      context-switches                                            
     9.238500682             35,643      context-switches                                            
     9.338788277             39,435      context-switches                                            
     9.438920869             36,454      context-switches                                            
     9.539225742             38,511      context-switches                                            
     9.639460447             36,718      context-switches                                            
     9.739714465             38,488      context-switches                                            
     9.839972697             36,100      context-switches                                            
     9.940085016             38,327      context-switches                                            
    10.000878804             22,533      context-switches                                            
