# started on Thu Nov  7 02:13:37 2019

#           time             counts unit events
     0.100465363             15,212      context-switches                                            
     0.200754204             37,383      context-switches                                            
     0.300953939             38,643      context-switches                                            
     0.401259726             37,084      context-switches                                            
     0.501602851             38,132      context-switches                                            
     0.601776761             37,768      context-switches                                            
     0.702051417             39,094      context-switches                                            
     0.802211416             36,851      context-switches                                            
     0.902458632             38,535      context-switches                                            
     1.002865041             36,675      context-switches                                            
     1.103130973             38,555      context-switches                                            
     1.203400761             37,955      context-switches                                            
     1.303641442             39,224      context-switches                                            
     1.403896888             37,646      context-switches                                            
     1.504151291             38,704      context-switches                                            
     1.604376578             37,300      context-switches                                            
     1.704560641             38,409      context-switches                                            
     1.804835807             38,247      context-switches                                            
     1.904999823             38,750      context-switches                                            
     2.005188596             38,244      context-switches                                            
     2.105405989             38,451      context-switches                                            
     2.205640174             37,231      context-switches                                            
     2.305839432             38,454      context-switches                                            
     2.406119346             37,758      context-switches                                            
     2.506335807             37,256      context-switches                                            
#           time             counts unit events
     2.606467284             36,764      context-switches                                            
     2.706628408             38,571      context-switches                                            
     2.806850408             37,125      context-switches                                            
     2.906958089             37,873      context-switches                                            
     3.007178087             37,469      context-switches                                            
     3.107351163             39,091      context-switches                                            
     3.207552879             36,795      context-switches                                            
     3.307668586             38,342      context-switches                                            
     3.407921646             37,859      context-switches                                            
     3.508032164             37,763      context-switches                                            
     3.608260535             37,586      context-switches                                            
     3.708481199             37,849      context-switches                                            
     3.808787935             37,519      context-switches                                            
     3.909059931             38,486      context-switches                                            
     4.009325561             38,254      context-switches                                            
     4.109523157             37,907      context-switches                                            
     4.209825188             37,851      context-switches                                            
     4.310079907             37,832      context-switches                                            
     4.410320340             38,884      context-switches                                            
     4.510475532             37,638      context-switches                                            
     4.610695676             37,799      context-switches                                            
     4.710850665             37,943      context-switches                                            
     4.811066696             38,593      context-switches                                            
     4.911193225             37,856      context-switches                                            
     5.011419613             37,720      context-switches                                            
#           time             counts unit events
     5.111556862             38,215      context-switches                                            
     5.211807499             37,991      context-switches                                            
     5.312035562             37,657      context-switches                                            
     5.412230798             37,744      context-switches                                            
     5.512365894             37,426      context-switches                                            
     5.612562101             37,412      context-switches                                            
     5.712671617             37,815      context-switches                                            
     5.812857274             38,876      context-switches                                            
     5.912964500             37,163      context-switches                                            
     6.013253931             38,158      context-switches                                            
     6.113427382             36,256      context-switches                                            
     6.213709799             38,124      context-switches                                            
     6.313973069             37,422      context-switches                                            
     6.414237378             38,840      context-switches                                            
     6.514419323             36,836      context-switches                                            
     6.614580556             38,944      context-switches                                            
     6.714761892             36,678      context-switches                                            
     6.814971477             38,987      context-switches                                            
     6.915198191             37,353      context-switches                                            
     7.015462591             38,918      context-switches                                            
     7.115687212             36,024      context-switches                                            
     7.216004641             37,955      context-switches                                            
     7.316244963             36,646      context-switches                                            
     7.416480649             38,454      context-switches                                            
     7.516621216             35,903      context-switches                                            
#           time             counts unit events
     7.616809330             38,498      context-switches                                            
     7.716958867             36,765      context-switches                                            
     7.817158824             39,485      context-switches                                            
     7.917269303             37,186      context-switches                                            
     8.017483440             39,121      context-switches                                            
     8.117594149             35,982      context-switches                                            
     8.217811855             39,811      context-switches                                            
     8.318038425             36,470      context-switches                                            
     8.418194474             38,885      context-switches                                            
     8.518418627             37,052      context-switches                                            
     8.618558462             39,011      context-switches                                            
     8.718751425             37,208      context-switches                                            
     8.818887077             39,517      context-switches                                            
     8.919145051             35,940      context-switches                                            
     9.019343285             38,931      context-switches                                            
     9.119452786             36,683      context-switches                                            
     9.219582220             39,822      context-switches                                            
     9.319828278             37,321      context-switches                                            
     9.419997084             38,353      context-switches                                            
     9.520212354             36,606      context-switches                                            
     9.620322114             38,902      context-switches                                            
     9.720455617             36,820      context-switches                                            
     9.820559830             38,822      context-switches                                            
     9.920721104             36,206      context-switches                                            
    10.000780056             31,767      context-switches                                            
