# started on Tue Nov  5 21:19:53 2019

#           time             counts unit events
     0.100812105                301      context-switches                                            
     0.201507684                163      context-switches                                            
     0.302036519                182      context-switches                                            
     0.402630994                186      context-switches                                            
     0.503218713                251      context-switches                                            
     0.603706362                128      context-switches                                            
     0.704248213                241      context-switches                                            
     0.804680026                197      context-switches                                            
     0.905209140                439      context-switches                                            
     1.005778562                184      context-switches                                            
     1.106216332                224      context-switches                                            
     1.206805255                162      context-switches                                            
     1.307278567                204      context-switches                                            
     1.407821691                140      context-switches                                            
     1.508279606                197      context-switches                                            
     1.608862644                178      context-switches                                            
     1.709480990                230      context-switches                                            
     1.810005725                230      context-switches                                            
     1.910602402                405      context-switches                                            
     2.011141760                229      context-switches                                            
     2.111588597                203      context-switches                                            
     2.212162763                162      context-switches                                            
     2.312739580                228      context-switches                                            
     2.413335687                142      context-switches                                            
     2.513904436                254      context-switches                                            
#           time             counts unit events
     2.614497085                181      context-switches                                            
     2.715154684                224      context-switches                                            
     2.815600836                280      context-switches                                            
     2.916054000                285      context-switches                                            
     3.016638969                216      context-switches                                            
     3.117208403                198      context-switches                                            
     3.217808079                154      context-switches                                            
     3.318425738                230      context-switches                                            
     3.419103447                154      context-switches                                            
     3.519709160                202      context-switches                                            
     3.620127095                214      context-switches                                            
     3.720646635                220      context-switches                                            
     3.821051050                404      context-switches                                            
     3.921466922                195      context-switches                                            
     4.021979502                334      context-switches                                            
     4.122562545                239      context-switches                                            
     4.223189560                146      context-switches                                            
     4.323625811                210      context-switches                                            
     4.424134487                181      context-switches                                            
     4.524740125                256      context-switches                                            
     4.625270423                249      context-switches                                            
     4.725691954                288      context-switches                                            
     4.825800854              5,670      context-switches                                            
     4.926259261              1,252      context-switches                                            
     5.026411251             10,993      context-switches                                            
#           time             counts unit events
     5.126674054             38,321      context-switches                                            
     5.226865255             35,913      context-switches                                            
     5.327081605             37,778      context-switches                                            
     5.427276830             37,089      context-switches                                            
     5.527517154             38,304      context-switches                                            
     5.627708661             36,770      context-switches                                            
     5.727898747             38,333      context-switches                                            
     5.828082304             35,728      context-switches                                            
     5.928338489             37,602      context-switches                                            
     6.028535737             36,004      context-switches                                            
     6.128695601             37,858      context-switches                                            
     6.228820538             36,200      context-switches                                            
     6.328987639             37,231      context-switches                                            
     6.429243582             35,690      context-switches                                            
     6.529411737             37,334      context-switches                                            
     6.629617372             36,685      context-switches                                            
     6.729800454             37,745      context-switches                                            
     6.829909871             36,935      context-switches                                            
     6.930153852             36,766      context-switches                                            
     7.030322430             36,493      context-switches                                            
     7.130514880             38,300      context-switches                                            
     7.230814951             37,662      context-switches                                            
     7.330962720             37,225      context-switches                                            
     7.431120410             35,600      context-switches                                            
     7.531387965             38,156      context-switches                                            
#           time             counts unit events
     7.631561536             35,672      context-switches                                            
     7.731820858             38,729      context-switches                                            
     7.831958970             36,021      context-switches                                            
     7.932067612             36,403      context-switches                                            
     8.032213287             35,722      context-switches                                            
     8.132348466             37,923      context-switches                                            
     8.232547076             35,905      context-switches                                            
     8.332732808             37,563      context-switches                                            
     8.432897100             36,766      context-switches                                            
     8.532998931             37,944      context-switches                                            
     8.633248399             36,601      context-switches                                            
     8.733378502             36,864      context-switches                                            
     8.833546152             36,776      context-switches                                            
     8.933651008             37,271      context-switches                                            
     9.033874445             36,859      context-switches                                            
     9.133979878             37,330      context-switches                                            
     9.234260968             37,336      context-switches                                            
     9.334369261             35,984      context-switches                                            
     9.434587708             37,399      context-switches                                            
     9.534718090             37,554      context-switches                                            
     9.634884117             35,344      context-switches                                            
     9.734988773             36,386      context-switches                                            
     9.835102961             36,030      context-switches                                            
     9.935214424             36,656      context-switches                                            
    10.000672259             24,519      context-switches                                            
