# started on Wed Nov  6 00:16:38 2019

#           time             counts unit events
     0.100463797              5,635      context-switches                                            
     0.201047952                217      context-switches                                            
     0.301561130                218      context-switches                                            
     0.402156021                232      context-switches                                            
     0.502774013                199      context-switches                                            
     0.603345409                259      context-switches                                            
     0.703939096                174      context-switches                                            
     0.804526674                249      context-switches                                            
     0.905152249                482      context-switches                                            
     1.005728402                352      context-switches                                            
     1.106214140                227      context-switches                                            
     1.206733726                193      context-switches                                            
     1.307245475                198      context-switches                                            
     1.407795406                204      context-switches                                            
     1.508342753                261      context-switches                                            
     1.608996787                175      context-switches                                            
     1.709483745                172      context-switches                                            
     1.809965495                248      context-switches                                            
     1.910484987                444      context-switches                                            
     2.011054960                351      context-switches                                            
     2.111536963                152      context-switches                                            
     2.212133815                189      context-switches                                            
     2.312765726                184      context-switches                                            
     2.413384009                204      context-switches                                            
     2.514030154                251      context-switches                                            
#           time             counts unit events
     2.614607699                199      context-switches                                            
     2.715047966                222      context-switches                                            
     2.815637449                237      context-switches                                            
     2.916247673                518      context-switches                                            
     3.016836883                174      context-switches                                            
     3.117344346                313      context-switches                                            
     3.217925119                234      context-switches                                            
     3.318427743                201      context-switches                                            
     3.419087455                201      context-switches                                            
     3.519612190                213      context-switches                                            
     3.620136804                230      context-switches                                            
     3.720819017                190      context-switches                                            
     3.821501381                244      context-switches                                            
     3.922016737                475      context-switches                                            
     4.022681338                309      context-switches                                            
     4.123330895                212      context-switches                                            
     4.223992570                212      context-switches                                            
     4.324631128                194      context-switches                                            
     4.425232454                220      context-switches                                            
     4.525762577                302      context-switches                                            
     4.626400689                211      context-switches                                            
     4.726960852                301      context-switches                                            
     4.827453608                359      context-switches                                            
     4.927959524                556      context-switches                                            
     5.028243526              1,168      context-switches                                            
#           time             counts unit events
     5.128735495              3,929      context-switches                                            
     5.229171586              2,478      context-switches                                            
     5.329425432              5,634      context-switches                                            
     5.429673799              1,094      context-switches                                            
     5.529823194              4,996      context-switches                                            
     5.629936036              5,785      context-switches                                            
     5.730273532              4,901      context-switches                                            
     5.830494761              1,475      context-switches                                            
     5.930687729              4,228      context-switches                                            
     6.030791244              5,846      context-switches                                            
     6.131340010              6,039      context-switches                                            
     6.231807298              1,173      context-switches                                            
     6.332304133              1,790      context-switches                                            
     6.432520292              1,660      context-switches                                            
     6.532674335              6,310      context-switches                                            
     6.632885271              8,559      context-switches                                            
     6.733413353              3,072      context-switches                                            
     6.833689459              4,030      context-switches                                            
     6.934196329              1,899      context-switches                                            
     7.034360815              6,206      context-switches                                            
     7.134570069              8,166      context-switches                                            
     7.235092458              3,908      context-switches                                            
     7.335705695              2,816      context-switches                                            
     7.436275157              1,760      context-switches                                            
     7.536436230              2,268      context-switches                                            
#           time             counts unit events
     7.636678634              9,393      context-switches                                            
     7.736965837              5,901      context-switches                                            
     7.837289284              3,577      context-switches                                            
     7.937744758              1,435      context-switches                                            
     8.038120406              2,219      context-switches                                            
     8.138204119              7,431      context-switches                                            
     8.238535419              7,055      context-switches                                            
     8.338987230              2,896      context-switches                                            
     8.439629417              3,749      context-switches                                            
     8.539786743              1,744      context-switches                                            
     8.639959198              7,822      context-switches                                            
     8.740159997              7,223      context-switches                                            
     8.840605651              3,186      context-switches                                            
     8.940873638              1,137      context-switches                                            
     9.041353225              2,244      context-switches                                            
     9.141514283              2,704      context-switches                                            
     9.241715475              9,569      context-switches                                            
     9.342091447              4,700      context-switches                                            
     9.442583948              3,319      context-switches                                            
     9.542973692              1,786      context-switches                                            
     9.643279551              8,006      context-switches                                            
     9.743387575              6,324      context-switches                                            
     9.843736193              4,902      context-switches                                            
     9.944109229              2,038      context-switches                                            
    10.000772154              1,241      context-switches                                            
