# started on Tue Nov 12 11:22:46 2019

#           time             counts unit events
     0.100176813             39,602      context-switches                                            
     0.200381413             40,011      context-switches                                            
     0.300529286             40,060      context-switches                                            
     0.400718222             40,859      context-switches                                            
     0.500833814             42,391      context-switches                                            
     0.600941535             39,244      context-switches                                            
     0.701049385             38,205      context-switches                                            
     0.801282660             42,548      context-switches                                            
     0.901455267             39,594      context-switches                                            
     1.001726233             42,603      context-switches                                            
     1.102002518             42,671      context-switches                                            
     1.202215692             42,860      context-switches                                            
     1.302451757             39,740      context-switches                                            
     1.402616794             43,514      context-switches                                            
     1.502842824             42,747      context-switches                                            
     1.602951319             42,648      context-switches                                            
     1.703059265             41,230      context-switches                                            
     1.803189406             41,731      context-switches                                            
     1.903339556             43,370      context-switches                                            
     2.003498869             43,414      context-switches                                            
     2.103631069             39,740      context-switches                                            
     2.203796049             44,052      context-switches                                            
     2.304061179             37,510      context-switches                                            
     2.404248057             43,007      context-switches                                            
     2.504448169             44,885      context-switches                                            
#           time             counts unit events
     2.604564372             37,439      context-switches                                            
     2.704681049             40,623      context-switches                                            
     2.804933700             37,941      context-switches                                            
     2.905039703             41,414      context-switches                                            
     3.005150926             41,035      context-switches                                            
     3.105360946             42,633      context-switches                                            
     3.205588795             43,207      context-switches                                            
     3.305730027             45,204      context-switches                                            
     3.405942867             42,222      context-switches                                            
     3.506056759             39,487      context-switches                                            
     3.606259919             39,143      context-switches                                            
     3.706422276             37,888      context-switches                                            
     3.806589341             38,777      context-switches                                            
     3.906701988             35,601      context-switches                                            
     4.006855629             37,892      context-switches                                            
     4.107021065             40,015      context-switches                                            
     4.207219371             39,298      context-switches                                            
     4.307425686             38,167      context-switches                                            
     4.407567817             35,237      context-switches                                            
     4.507731669             37,801      context-switches                                            
     4.607842118             37,772      context-switches                                            
     4.708029442             38,102      context-switches                                            
     4.808133603             31,561      context-switches                                            
     4.908293092             35,044      context-switches                                            
     5.008452349             34,443      context-switches                                            
#           time             counts unit events
     5.108573568             36,590      context-switches                                            
     5.208688434             37,449      context-switches                                            
     5.308868617             37,974      context-switches                                            
     5.409099737             36,691      context-switches                                            
     5.509217988             37,312      context-switches                                            
     5.609342884             36,527      context-switches                                            
     5.709537749             40,038      context-switches                                            
     5.809707913             41,069      context-switches                                            
     5.909867394             40,533      context-switches                                            
     6.009974663             38,452      context-switches                                            
     6.110217433             39,904      context-switches                                            
     6.210377516             40,500      context-switches                                            
     6.310485071             42,197      context-switches                                            
     6.410573487             40,378      context-switches                                            
     6.510686955             41,455      context-switches                                            
     6.610795787             43,819      context-switches                                            
     6.710915853             44,342      context-switches                                            
     6.811052545             39,345      context-switches                                            
     6.911217828             38,971      context-switches                                            
     7.011423125             38,760      context-switches                                            
     7.111658629             37,036      context-switches                                            
     7.211764968             41,119      context-switches                                            
     7.311874229             41,814      context-switches                                            
     7.412055651             42,106      context-switches                                            
     7.512168740             39,781      context-switches                                            
#           time             counts unit events
     7.612393827             35,695      context-switches                                            
     7.712615208             36,193      context-switches                                            
     7.812725795             43,333      context-switches                                            
     7.912866953             37,215      context-switches                                            
     8.012992795             34,781      context-switches                                            
     8.113110806             39,719      context-switches                                            
     8.213327449             35,237      context-switches                                            
     8.313438469             37,117      context-switches                                            
     8.413546500             38,758      context-switches                                            
     8.513818105             35,848      context-switches                                            
     8.614003311             36,306      context-switches                                            
     8.714184065             34,882      context-switches                                            
     8.814325826             37,868      context-switches                                            
     8.914490083             38,648      context-switches                                            
     9.014690224             39,825      context-switches                                            
     9.114799963             38,859      context-switches                                            
     9.214917979             32,795      context-switches                                            
     9.315031650             39,453      context-switches                                            
     9.415280561             37,634      context-switches                                            
     9.515551203             36,942      context-switches                                            
     9.615655978             39,364      context-switches                                            
     9.715769341             41,127      context-switches                                            
     9.816038358             38,304      context-switches                                            
     9.916247189             40,712      context-switches                                            
    10.000547555             34,977      context-switches                                            
