# started on Tue Nov  5 20:55:06 2019

#           time             counts unit events
     0.100821717                348      context-switches                                            
     0.201507959                181      context-switches                                            
     0.302156906                231      context-switches                                            
     0.402502519                288      context-switches                                            
     0.502977154                302      context-switches                                            
     0.603416328                181      context-switches                                            
     0.703991082                218      context-switches                                            
     0.804599120                163      context-switches                                            
     0.905204359                207      context-switches                                            
     1.005806988                230      context-switches                                            
     1.106337252                181      context-switches                                            
     1.206755484                212      context-switches                                            
     1.307143309                249      context-switches                                            
     1.407437487                446      context-switches                                            
     1.507964268                174      context-switches                                            
     1.608427686                205      context-switches                                            
     1.708953447                252      context-switches                                            
     1.809381808                145      context-switches                                            
     1.909876436                199      context-switches                                            
     2.010480337                255      context-switches                                            
     2.111084289                293      context-switches                                            
     2.211657705                197      context-switches                                            
     2.312146220                268      context-switches                                            
     2.412346929              7,089      context-switches                                            
     2.512812319                177      context-switches                                            
#           time             counts unit events
     2.613408824                179      context-switches                                            
     2.713972685                206      context-switches                                            
     2.814566957                120      context-switches                                            
     2.915054759                176      context-switches                                            
     3.015627685                216      context-switches                                            
     3.116206998                171      context-switches                                            
     3.216759825                200      context-switches                                            
     3.317329895                229      context-switches                                            
     3.417914543                462      context-switches                                            
     3.518344781                198      context-switches                                            
     3.618927964                260      context-switches                                            
     3.719423165                204      context-switches                                            
     3.820047635                 98      context-switches                                            
     3.920482123                221      context-switches                                            
     4.021072404                206      context-switches                                            
     4.121681177                314      context-switches                                            
     4.222010306                185      context-switches                                            
     4.322579477                193      context-switches                                            
     4.423148657                432      context-switches                                            
     4.523578686                168      context-switches                                            
     4.624140792                200      context-switches                                            
     4.724754614                216      context-switches                                            
     4.825248985                127      context-switches                                            
     4.925831314                202      context-switches                                            
     5.026057147             13,160      context-switches                                            
#           time             counts unit events
     5.126280226             36,998      context-switches                                            
     5.226394102             37,554      context-switches                                            
     5.326618654             36,764      context-switches                                            
     5.426757054             37,176      context-switches                                            
     5.527033262             36,860      context-switches                                            
     5.627150314             37,118      context-switches                                            
     5.727339610             37,117      context-switches                                            
     5.827501486             37,064      context-switches                                            
     5.927604470             37,005      context-switches                                            
     6.027712071             37,188      context-switches                                            
     6.127903979             37,269      context-switches                                            
     6.228022442             37,071      context-switches                                            
     6.328281585             37,169      context-switches                                            
     6.428394014             36,587      context-switches                                            
     6.528625490             38,069      context-switches                                            
     6.628821464             35,360      context-switches                                            
     6.729001971             37,458      context-switches                                            
     6.829222613             35,883      context-switches                                            
     6.929480729             36,605      context-switches                                            
     7.029773602             36,174      context-switches                                            
     7.129969453             37,506      context-switches                                            
     7.230230765             36,359      context-switches                                            
     7.330484736             37,618      context-switches                                            
     7.430683982             35,962      context-switches                                            
     7.530906728             38,588      context-switches                                            
#           time             counts unit events
     7.631195145             32,889      context-switches                                            
     7.731362894             38,100      context-switches                                            
     7.831612223             35,988      context-switches                                            
     7.931842521             37,569      context-switches                                            
     8.032038240             35,363      context-switches                                            
     8.132321725             37,820      context-switches                                            
     8.232598229             35,308      context-switches                                            
     8.332752814             38,549      context-switches                                            
     8.433020727             36,248      context-switches                                            
     8.533324730             37,514      context-switches                                            
     8.633518966             35,610      context-switches                                            
     8.733756279             37,869      context-switches                                            
     8.833983764             35,920      context-switches                                            
     8.934207498             37,795      context-switches                                            
     9.034522743             35,595      context-switches                                            
     9.134794013             37,687      context-switches                                            
     9.234979451             35,788      context-switches                                            
     9.335228561             38,095      context-switches                                            
     9.435493059             35,558      context-switches                                            
     9.535743460             37,763      context-switches                                            
     9.635979846             35,664      context-switches                                            
     9.736196903             38,061      context-switches                                            
     9.836471745             35,180      context-switches                                            
     9.936610193             38,169      context-switches                                            
    10.000659841             23,687      context-switches                                            
