# started on Wed Nov  6 02:17:50 2019

#           time             counts unit events
     0.100522207                465      context-switches                                            
     0.201188047                269      context-switches                                            
     0.301799710                206      context-switches                                            
     0.402403626                153      context-switches                                            
     0.502935703                168      context-switches                                            
     0.603540499                199      context-switches                                            
     0.703935107                256      context-switches                                            
     0.804489973                201      context-switches                                            
     0.905299811                154      context-switches                                            
     1.005871397                211      context-switches                                            
     1.106409345                381      context-switches                                            
     1.206951032                195      context-switches                                            
     1.307585797                208      context-switches                                            
     1.408063980                196      context-switches                                            
     1.508629545                137      context-switches                                            
     1.609183055                289      context-switches                                            
     1.709746861                219      context-switches                                            
     1.810297833                269      context-switches                                            
     1.910918692                146      context-switches                                            
     2.011515022                195      context-switches                                            
     2.111888160                367      context-switches                                            
     2.212478981                174      context-switches                                            
     2.313071321                184      context-switches                                            
     2.413662431                191      context-switches                                            
     2.514290491                141      context-switches                                            
#           time             counts unit events
     2.614919988                196      context-switches                                            
     2.715390911                200      context-switches                                            
     2.815918246                334      context-switches                                            
     2.916517176                171      context-switches                                            
     3.017068292                333      context-switches                                            
     3.117675347                413      context-switches                                            
     3.218298065                156      context-switches                                            
     3.318922204                221      context-switches                                            
     3.419536430                163      context-switches                                            
     3.520104944                137      context-switches                                            
     3.620720394                213      context-switches                                            
     3.721318633                206      context-switches                                            
     3.821921900                299      context-switches                                            
     3.922537590                156      context-switches                                            
     4.023193812                204      context-switches                                            
     4.123821774                382      context-switches                                            
     4.224391084                178      context-switches                                            
     4.324968937                265      context-switches                                            
     4.425588232                164      context-switches                                            
     4.526076718                136      context-switches                                            
     4.626655052                210      context-switches                                            
     4.727329038                152      context-switches                                            
     4.827916065                293      context-switches                                            
     4.928461543                173      context-switches                                            
     5.028863091              5,170      context-switches                                            
#           time             counts unit events
     5.129144428             22,729      context-switches                                            
     5.229299504             38,166      context-switches                                            
     5.329549199             38,151      context-switches                                            
     5.429715228             37,836      context-switches                                            
     5.529879560             38,042      context-switches                                            
     5.630000241             37,205      context-switches                                            
     5.730230885             36,909      context-switches                                            
     5.830360441             36,558      context-switches                                            
     5.930504082             38,558      context-switches                                            
     6.030615528             37,104      context-switches                                            
     6.130799094             38,296      context-switches                                            
     6.230905625             37,337      context-switches                                            
     6.331230424             37,498      context-switches                                            
     6.431336835             35,490      context-switches                                            
     6.531486681             38,951      context-switches                                            
     6.631597545             37,240      context-switches                                            
     6.731826027             39,042      context-switches                                            
     6.832072838             35,631      context-switches                                            
     6.932379830             38,691      context-switches                                            
     7.032669086             36,233      context-switches                                            
     7.132864253             39,812      context-switches                                            
     7.233024700             36,603      context-switches                                            
     7.333267511             39,259      context-switches                                            
     7.433494243             36,880      context-switches                                            
     7.533718726             38,805      context-switches                                            
#           time             counts unit events
     7.634013717             35,877      context-switches                                            
     7.734190707             38,811      context-switches                                            
     7.834396657             37,234      context-switches                                            
     7.934559158             39,249      context-switches                                            
     8.034774587             36,399      context-switches                                            
     8.135006770             39,108      context-switches                                            
     8.235232968             35,830      context-switches                                            
     8.335338589             37,444      context-switches                                            
     8.435592657             36,907      context-switches                                            
     8.535780646             38,613      context-switches                                            
     8.636027656             35,765      context-switches                                            
     8.736135917             39,224      context-switches                                            
     8.836413344             37,012      context-switches                                            
     8.936530614             37,939      context-switches                                            
     9.036817560             37,297      context-switches                                            
     9.137017341             38,698      context-switches                                            
     9.237199839             37,118      context-switches                                            
     9.337417488             37,684      context-switches                                            
     9.437664370             37,578      context-switches                                            
     9.537850621             37,998      context-switches                                            
     9.638061108             37,307      context-switches                                            
     9.738213226             38,327      context-switches                                            
     9.838419751             37,043      context-switches                                            
     9.938582479             37,906      context-switches                                            
    10.000749212             23,770      context-switches                                            
