# started on Wed Nov  6 01:04:23 2019

#           time             counts unit events
     0.100824729                381      context-switches                                            
     0.201598502                160      context-switches                                            
     0.302259102                207      context-switches                                            
     0.402772059                192      context-switches                                            
     0.503331217                178      context-switches                                            
     0.603975469                191      context-switches                                            
     0.704489363                323      context-switches                                            
     0.805027529                260      context-switches                                            
     0.905561122                246      context-switches                                            
     1.006153171                311      context-switches                                            
     1.106741369                221      context-switches                                            
     1.207318333                278      context-switches                                            
     1.307920421                201      context-switches                                            
     1.408405425                218      context-switches                                            
     1.509046192                168      context-switches                                            
     1.609607683                198      context-switches                                            
     1.710247326                164      context-switches                                            
     1.810867592                264      context-switches                                            
     1.911335949                233      context-switches                                            
     2.011994353                286      context-switches                                            
     2.112478730                192      context-switches                                            
     2.213009037                262      context-switches                                            
     2.313564718                208      context-switches                                            
     2.414096771                223      context-switches                                            
     2.514608088                203      context-switches                                            
#           time             counts unit events
     2.615206692                203      context-switches                                            
     2.715860037                198      context-switches                                            
     2.816463593                237      context-switches                                            
     2.916777209                390      context-switches                                            
     3.017418483                142      context-switches                                            
     3.118019640                173      context-switches                                            
     3.218668420                230      context-switches                                            
     3.319341841                194      context-switches                                            
     3.419956712                202      context-switches                                            
     3.520604684                178      context-switches                                            
     3.621213729                179      context-switches                                            
     3.721765626                176      context-switches                                            
     3.822179504                238      context-switches                                            
     3.922731668                386      context-switches                                            
     4.023329739                185      context-switches                                            
     4.123813873                233      context-switches                                            
     4.224410107                307      context-switches                                            
     4.325090220                214      context-switches                                            
     4.425684445                226      context-switches                                            
     4.526261077                242      context-switches                                            
     4.626845539                211      context-switches                                            
     4.727426895                258      context-switches                                            
     4.827944481                358      context-switches                                            
     4.928479651                439      context-switches                                            
     5.028616579              5,878      context-switches                                            
#           time             counts unit events
     5.128696612             34,850      context-switches                                            
     5.228941829             38,075      context-switches                                            
     5.329132330             38,277      context-switches                                            
     5.429238223             36,256      context-switches                                            
     5.529518662             39,153      context-switches                                            
     5.629807235             36,300      context-switches                                            
     5.730049413             38,819      context-switches                                            
     5.830276510             36,746      context-switches                                            
     5.930527055             38,063      context-switches                                            
     6.030731255             35,375      context-switches                                            
     6.131049402             38,943      context-switches                                            
     6.231277826             36,174      context-switches                                            
     6.331421857             38,457      context-switches                                            
     6.431619075             36,505      context-switches                                            
     6.531856579             37,475      context-switches                                            
     6.632114382             36,060      context-switches                                            
     6.732219943             40,507      context-switches                                            
     6.832509375             38,260      context-switches                                            
     6.932642181             39,455      context-switches                                            
     7.032795806             38,734      context-switches                                            
     7.132902544             38,961      context-switches                                            
     7.233078362             37,124      context-switches                                            
     7.333328397             39,410      context-switches                                            
     7.433483307             37,049      context-switches                                            
     7.533749387             38,649      context-switches                                            
#           time             counts unit events
     7.633918117             36,695      context-switches                                            
     7.734214921             39,160      context-switches                                            
     7.834509857             36,508      context-switches                                            
     7.934779586             38,747      context-switches                                            
     8.034987667             36,848      context-switches                                            
     8.135237148             37,915      context-switches                                            
     8.235453179             36,558      context-switches                                            
     8.335696468             38,582      context-switches                                            
     8.435939215             37,288      context-switches                                            
     8.536158115             38,662      context-switches                                            
     8.636351973             37,550      context-switches                                            
     8.736631629             38,649      context-switches                                            
     8.836821633             35,651      context-switches                                            
     8.937004207             39,037      context-switches                                            
     9.037181917             37,176      context-switches                                            
     9.137466456             38,527      context-switches                                            
     9.237600612             36,760      context-switches                                            
     9.337879685             38,396      context-switches                                            
     9.438102708             36,202      context-switches                                            
     9.538280054             38,717      context-switches                                            
     9.638555547             37,242      context-switches                                            
     9.738759772             39,046      context-switches                                            
     9.838931714             36,965      context-switches                                            
     9.939040266             38,576      context-switches                                            
    10.000704872             22,805      context-switches                                            
