# started on Wed Nov  6 01:49:18 2019

#           time             counts unit events
     0.100799460                541      context-switches                                            
     0.201509305                472      context-switches                                            
     0.302162513                180      context-switches                                            
     0.402729767                204      context-switches                                            
     0.503078620              7,180      context-switches                                            
     0.603662554                160      context-switches                                            
     0.704182389                176      context-switches                                            
     0.804585619                186      context-switches                                            
     0.904985915                274      context-switches                                            
     1.005552816                179      context-switches                                            
     1.106182554                220      context-switches                                            
     1.206646068                430      context-switches                                            
     1.307279415                178      context-switches                                            
     1.407757098                277      context-switches                                            
     1.508304163                200      context-switches                                            
     1.608893981                181      context-switches                                            
     1.709476610                201      context-switches                                            
     1.810004642                179      context-switches                                            
     1.910572726                280      context-switches                                            
     2.010949144                225      context-switches                                            
     2.111514969                203      context-switches                                            
     2.212164133                429      context-switches                                            
     2.312704318                227      context-switches                                            
     2.413305484                223      context-switches                                            
     2.513885117                134      context-switches                                            
#           time             counts unit events
     2.614300982                146      context-switches                                            
     2.714639096                208      context-switches                                            
     2.815289480                184      context-switches                                            
     2.915887142                268      context-switches                                            
     3.016486669                133      context-switches                                            
     3.117099290                210      context-switches                                            
     3.217546373                428      context-switches                                            
     3.318048916                224      context-switches                                            
     3.418522321                282      context-switches                                            
     3.519127357                216      context-switches                                            
     3.619718903                214      context-switches                                            
     3.720304542                156      context-switches                                            
     3.820759482                226      context-switches                                            
     3.921328395                261      context-switches                                            
     4.022007502                324      context-switches                                            
     4.122610145                178      context-switches                                            
     4.223257939                491      context-switches                                            
     4.323865156                236      context-switches                                            
     4.424454640                194      context-switches                                            
     4.525051602                162      context-switches                                            
     4.625571038                163      context-switches                                            
     4.725900229                822      context-switches                                            
     4.826237726              2,391      context-switches                                            
     4.926486664              1,287      context-switches                                            
     5.026814712              6,399      context-switches                                            
#           time             counts unit events
     5.126989645              7,963      context-switches                                            
     5.227223271             38,013      context-switches                                            
     5.327389739             38,285      context-switches                                            
     5.427661881             39,030      context-switches                                            
     5.527824378             37,347      context-switches                                            
     5.627931173             37,707      context-switches                                            
     5.728152732             37,464      context-switches                                            
     5.828320481             38,447      context-switches                                            
     5.928622268             37,945      context-switches                                            
     6.028757596             38,512      context-switches                                            
     6.128865846             38,340      context-switches                                            
     6.229042790             36,997      context-switches                                            
     6.329288717             38,651      context-switches                                            
     6.429438774             37,335      context-switches                                            
     6.529697097             37,156      context-switches                                            
     6.629860954             38,336      context-switches                                            
     6.730065347             37,602      context-switches                                            
     6.830204645             37,093      context-switches                                            
     6.930414112             37,469      context-switches                                            
     7.030523584             35,389      context-switches                                            
     7.130671899             37,707      context-switches                                            
     7.230866250             37,160      context-switches                                            
     7.331056965             38,158      context-switches                                            
     7.431267293             37,935      context-switches                                            
     7.531487259             38,651      context-switches                                            
#           time             counts unit events
     7.631710400             37,577      context-switches                                            
     7.731956949             38,272      context-switches                                            
     7.832120474             38,665      context-switches                                            
     7.932282820             38,978      context-switches                                            
     8.032507178             38,334      context-switches                                            
     8.132660512             38,337      context-switches                                            
     8.232856514             37,079      context-switches                                            
     8.332968822             38,157      context-switches                                            
     8.433246178             38,420      context-switches                                            
     8.533401086             38,280      context-switches                                            
     8.633610881             37,824      context-switches                                            
     8.733717028             37,391      context-switches                                            
     8.833827532             37,565      context-switches                                            
     8.933965828             37,653      context-switches                                            
     9.034158112             37,601      context-switches                                            
     9.134265627             37,667      context-switches                                            
     9.234454599             37,904      context-switches                                            
     9.334568989             37,685      context-switches                                            
     9.434815181             38,105      context-switches                                            
     9.535051943             38,356      context-switches                                            
     9.635296320             38,750      context-switches                                            
     9.735529377             37,180      context-switches                                            
     9.835775044             38,457      context-switches                                            
     9.936054636             38,227      context-switches                                            
    10.000710825             24,751      context-switches                                            
