# started on Tue Nov  5 21:28:05 2019

#           time             counts unit events
     0.100694221                368      context-switches                                            
     0.201414416                240      context-switches                                            
     0.302023704                369      context-switches                                            
     0.402551890                210      context-switches                                            
     0.503066522                231      context-switches                                            
     0.603679781                206      context-switches                                            
     0.704232725                193      context-switches                                            
     0.804795521                158      context-switches                                            
     0.905322529                241      context-switches                                            
     1.005972999                311      context-switches                                            
     1.106561810                245      context-switches                                            
     1.207154211                160      context-switches                                            
     1.307648732                376      context-switches                                            
     1.408137520                208      context-switches                                            
     1.508792648                178      context-switches                                            
     1.609411528                140      context-switches                                            
     1.710029304                178      context-switches                                            
     1.810521075                168      context-switches                                            
     1.911135769                189      context-switches                                            
     2.011743806                319      context-switches                                            
     2.112374020              1,405      context-switches                                            
     2.213025269                196      context-switches                                            
     2.313619386                335      context-switches                                            
     2.414276319                199      context-switches                                            
     2.514920123                168      context-switches                                            
#           time             counts unit events
     2.615536298                178      context-switches                                            
     2.716034719                170      context-switches                                            
     2.816535963                200      context-switches                                            
     2.917144192                181      context-switches                                            
     3.017651912                288      context-switches                                            
     3.118261560                330      context-switches                                            
     3.218902816                329      context-switches                                            
     3.319473685              6,962      context-switches                                            
     3.420080415                187      context-switches                                            
     3.520702279                157      context-switches                                            
     3.621227071                181      context-switches                                            
     3.721772976                176      context-switches                                            
     3.822324242                173      context-switches                                            
     3.922883888                193      context-switches                                            
     4.023388780                193      context-switches                                            
     4.123911443                289      context-switches                                            
     4.224575713                261      context-switches                                            
     4.325140254                300      context-switches                                            
     4.425805151                211      context-switches                                            
     4.526302868              2,535      context-switches                                            
     4.626646150                729      context-switches                                            
     4.727195260              4,196      context-switches                                            
     4.827793997                187      context-switches                                            
     4.928276704                261      context-switches                                            
     5.028441407              1,466      context-switches                                            
#           time             counts unit events
     5.128696104              6,190      context-switches                                            
     5.228918781             21,793      context-switches                                            
     5.329297914             31,041      context-switches                                            
     5.429594428             20,189      context-switches                                            
     5.529972628             21,682      context-switches                                            
     5.630323350              1,965      context-switches                                            
     5.730707949              6,525      context-switches                                            
     5.831244992              1,199      context-switches                                            
     5.931801309              4,436      context-switches                                            
     6.032270738              1,808      context-switches                                            
     6.132923159              3,416      context-switches                                            
     6.233238622              1,823      context-switches                                            
     6.333715066              2,311      context-switches                                            
     6.434301127              1,712      context-switches                                            
     6.534864371              1,904      context-switches                                            
     6.635406724              1,887      context-switches                                            
     6.735820925              1,735      context-switches                                            
     6.836176314              1,306      context-switches                                            
     6.936779590              1,693      context-switches                                            
     7.037396915              1,780      context-switches                                            
     7.138041745              1,990      context-switches                                            
     7.238437454              1,858      context-switches                                            
     7.338735220              1,434      context-switches                                            
     7.439114954              1,642      context-switches                                            
     7.539752004              1,744      context-switches                                            
#           time             counts unit events
     7.640228235              1,810      context-switches                                            
     7.740694464              1,641      context-switches                                            
     7.841041275              1,534      context-switches                                            
     7.941695646              1,615      context-switches                                            
     8.042331913              1,796      context-switches                                            
     8.142914202              2,041      context-switches                                            
     8.243384992              1,933      context-switches                                            
     8.343795838              1,618      context-switches                                            
     8.444265115              1,497      context-switches                                            
     8.544940744              1,850      context-switches                                            
     8.645586905              1,871      context-switches                                            
     8.745976612              1,764      context-switches                                            
     8.846352782              1,520      context-switches                                            
     8.946798903              1,331      context-switches                                            
     9.047393391              1,739      context-switches                                            
     9.148104731              1,922      context-switches                                            
     9.248636313              1,759      context-switches                                            
     9.349055620              1,786      context-switches                                            
     9.449391574              1,545      context-switches                                            
     9.549858818              1,737      context-switches                                            
     9.650499784              1,916      context-switches                                            
     9.750904617              1,775      context-switches                                            
     9.851236172              1,488      context-switches                                            
     9.951574493              1,572      context-switches                                            
    10.000895214                595      context-switches                                            
