# started on Tue Nov  5 23:20:12 2019

#           time             counts unit events
     0.100786239                344      context-switches                                            
     0.201514694                156      context-switches                                            
     0.302145965                225      context-switches                                            
     0.402740055                288      context-switches                                            
     0.503380020                231      context-switches                                            
     0.604056277                352      context-switches                                            
     0.704689500                370      context-switches                                            
     0.805268588                164      context-switches                                            
     0.905810788                219      context-switches                                            
     1.006470309                209      context-switches                                            
     1.107109330                184      context-switches                                            
     1.207773725                144      context-switches                                            
     1.308282781                156      context-switches                                            
     1.408804779                274      context-switches                                            
     1.509474610                153      context-switches                                            
     1.610030191                213      context-switches                                            
     1.710617988                328      context-switches                                            
     1.811259385                448      context-switches                                            
     1.911866340                281      context-switches                                            
     2.012456633                186      context-switches                                            
     2.113009012                182      context-switches                                            
     2.213610585                183      context-switches                                            
     2.314265095                152      context-switches                                            
     2.414883206                271      context-switches                                            
     2.515496952                158      context-switches                                            
#           time             counts unit events
     2.615995279                262      context-switches                                            
     2.716639569                329      context-switches                                            
     2.817315569                118      context-switches                                            
     2.917966803                217      context-switches                                            
     3.018573839                200      context-switches                                            
     3.119227966                175      context-switches                                            
     3.219877023                183      context-switches                                            
     3.320465105                135      context-switches                                            
     3.420950517                254      context-switches                                            
     3.521568121                188      context-switches                                            
     3.622068094                198      context-switches                                            
     3.722679874                340      context-switches                                            
     3.823304694                140      context-switches                                            
     3.923926413                206      context-switches                                            
     4.024534825                194      context-switches                                            
     4.125091918                194      context-switches                                            
     4.225652761                184      context-switches                                            
     4.326270838                128      context-switches                                            
     4.426729946                320      context-switches                                            
     4.527312846                179      context-switches                                            
     4.628011235                268      context-switches                                            
     4.728525692                331      context-switches                                            
     4.829090263                164      context-switches                                            
     4.929662043                221      context-switches                                            
     5.029938183              5,351      context-switches                                            
#           time             counts unit events
     5.130237041             16,687      context-switches                                            
     5.230345263             36,220      context-switches                                            
     5.331717205             40,881      context-switches                                            
     5.431851776             36,507      context-switches                                            
     5.532097313             39,221      context-switches                                            
     5.632206300             36,193      context-switches                                            
     5.732395872             39,263      context-switches                                            
     5.832579603             37,497      context-switches                                            
     5.932799813             39,317      context-switches                                            
     6.032994987             35,575      context-switches                                            
     6.133183370             38,628      context-switches                                            
     6.233386221             36,943      context-switches                                            
     6.333621112             38,582      context-switches                                            
     6.433783473             35,650      context-switches                                            
     6.534005311             38,068      context-switches                                            
     6.634279718             37,251      context-switches                                            
     6.734386985             38,336      context-switches                                            
     6.834620744             37,356      context-switches                                            
     6.934781181             38,923      context-switches                                            
     7.034997913             36,950      context-switches                                            
     7.135104779             38,490      context-switches                                            
     7.235283666             36,767      context-switches                                            
     7.335388491             38,696      context-switches                                            
     7.435549301             35,050      context-switches                                            
     7.535641042             38,223      context-switches                                            
#           time             counts unit events
     7.635808329             35,698      context-switches                                            
     7.735952764             38,734      context-switches                                            
     7.836247700             35,809      context-switches                                            
     7.936390549             38,128      context-switches                                            
     8.036614875             36,805      context-switches                                            
     8.136915688             38,316      context-switches                                            
     8.237051874             37,709      context-switches                                            
     8.337344272             37,678      context-switches                                            
     8.437512735             36,955      context-switches                                            
     8.537803985             37,978      context-switches                                            
     8.638015087             37,371      context-switches                                            
     8.738269329             38,298      context-switches                                            
     8.838517015             37,080      context-switches                                            
     8.938707676             38,212      context-switches                                            
     9.038922072             36,504      context-switches                                            
     9.139144186             38,981      context-switches                                            
     9.239366948             37,018      context-switches                                            
     9.339565426             38,493      context-switches                                            
     9.439750908             37,370      context-switches                                            
     9.540026617             36,590      context-switches                                            
     9.640275811             37,279      context-switches                                            
     9.740465939             37,584      context-switches                                            
     9.840712664             37,567      context-switches                                            
     9.940962863             37,115      context-switches                                            
    10.000721100             22,304      context-switches                                            
