# started on Tue Nov  5 20:43:00 2019

#           time             counts unit events
     0.100824019                473      context-switches                                            
     0.201350693                474      context-switches                                            
     0.301888354                179      context-switches                                            
     0.402433704                304      context-switches                                            
     0.502999149                209      context-switches                                            
     0.603608361                230      context-switches                                            
     0.704270034                208      context-switches                                            
     0.804833134                355      context-switches                                            
     0.905430513                218      context-switches                                            
     1.006007581                206      context-switches                                            
     1.106619651                130      context-switches                                            
     1.207238243                564      context-switches                                            
     1.307841625                156      context-switches                                            
     1.408461770                241      context-switches                                            
     1.509075962                229      context-switches                                            
     1.609662031                144      context-switches                                            
     1.709951042                245      context-switches                                            
     1.810552600                471      context-switches                                            
     1.911134981                223      context-switches                                            
     2.011731195                193      context-switches                                            
     2.112373453                184      context-switches                                            
     2.212818133                478      context-switches                                            
     2.313385029                201      context-switches                                            
     2.413938101                329      context-switches                                            
     2.514558562                255      context-switches                                            
#           time             counts unit events
     2.615108875                267      context-switches                                            
     2.715441532                442      context-switches                                            
     2.815941603                150      context-switches                                            
     2.916462263                168      context-switches                                            
     3.017064536                262      context-switches                                            
     3.117658905                130      context-switches                                            
     3.218249545                530      context-switches                                            
     3.318839002                162      context-switches                                            
     3.419422959                169      context-switches                                            
     3.519945273                240      context-switches                                            
     3.620444793                224      context-switches                                            
     3.721033915                341      context-switches                                            
     3.821644351                176      context-switches                                            
     3.922184960                204      context-switches                                            
     4.022714157                252      context-switches                                            
     4.123313906                175      context-switches                                            
     4.223916229                536      context-switches                                            
     4.324522846                158      context-switches                                            
     4.425132820                222      context-switches                                            
     4.525687027                291      context-switches                                            
     4.626241235                200      context-switches                                            
     4.726595590                425      context-switches                                            
     4.827159539                206      context-switches                                            
     4.927749461                200      context-switches                                            
     5.027942293              1,621      context-switches                                            
#           time             counts unit events
     5.128429637              1,653      context-switches                                            
     5.228831661              2,779      context-switches                                            
     5.329339879              2,564      context-switches                                            
     5.429525917              5,042      context-switches                                            
     5.529817265              4,891      context-switches                                            
     5.630174347              4,836      context-switches                                            
     5.730437692              4,690      context-switches                                            
     5.830872727              5,343      context-switches                                            
     5.931204615              2,001      context-switches                                            
     6.031353495              5,091      context-switches                                            
     6.131565513              6,546      context-switches                                            
     6.231977104              2,151      context-switches                                            
     6.332286424              4,388      context-switches                                            
     6.432592066              6,182      context-switches                                            
     6.532991792              3,186      context-switches                                            
     6.633282915              4,150      context-switches                                            
     6.733850326              6,198      context-switches                                            
     6.834094505              4,590      context-switches                                            
     6.934284796              4,658      context-switches                                            
     7.034894604              4,586      context-switches                                            
     7.135281431              1,695      context-switches                                            
     7.235531336              6,730      context-switches                                            
     7.335785180              3,216      context-switches                                            
     7.436011014              4,583      context-switches                                            
     7.536201969              4,746      context-switches                                            
#           time             counts unit events
     7.636718518              4,623      context-switches                                            
     7.736894047              6,664      context-switches                                            
     7.837350624              9,063      context-switches                                            
     7.937611052              1,677      context-switches                                            
     8.037895004              6,497      context-switches                                            
     8.138144157              5,192      context-switches                                            
     8.238432626              2,297      context-switches                                            
     8.338668009              5,330      context-switches                                            
     8.438946927              4,906      context-switches                                            
     8.539439257              3,833      context-switches                                            
     8.639884885              4,692      context-switches                                            
     8.740190268              5,208      context-switches                                            
     8.840426403              4,546      context-switches                                            
     8.940642338              2,002      context-switches                                            
     9.040976803              7,781      context-switches                                            
     9.141238280              2,126      context-switches                                            
     9.241646587              3,491      context-switches                                            
     9.341922562              6,384      context-switches                                            
     9.442336739              3,449      context-switches                                            
     9.542618429              4,301      context-switches                                            
     9.643185503              4,733      context-switches                                            
     9.743408573              2,940      context-switches                                            
     9.843731590              6,622      context-switches                                            
     9.944157006              4,480      context-switches                                            
    10.001160767                654      context-switches                                            
