# started on Thu Nov  7 01:57:31 2019

#           time             counts unit events
     0.100277997             36,375      context-switches                                            
     0.200558312             37,227      context-switches                                            
     0.300729194             36,645      context-switches                                            
     0.400891523             38,082      context-switches                                            
     0.501167507             37,517      context-switches                                            
     0.601275045             37,373      context-switches                                            
     0.701476182             36,914      context-switches                                            
     0.801587388             36,957      context-switches                                            
     0.901849856             35,949      context-switches                                            
     1.001971187             37,802      context-switches                                            
     1.102238352             37,850      context-switches                                            
     1.202359705             37,830      context-switches                                            
     1.302591827             38,009      context-switches                                            
     1.402728064             37,802      context-switches                                            
     1.502838502             38,798      context-switches                                            
     1.602958706             36,555      context-switches                                            
     1.703219156             37,749      context-switches                                            
     1.803354348             36,774      context-switches                                            
     1.903645739             37,700      context-switches                                            
     2.003932047             37,045      context-switches                                            
     2.104217834             38,946      context-switches                                            
     2.204456681             36,761      context-switches                                            
     2.304757557             38,986      context-switches                                            
     2.405044649             34,693      context-switches                                            
     2.505329360             37,864      context-switches                                            
#           time             counts unit events
     2.605499032             37,067      context-switches                                            
     2.705808826             37,988      context-switches                                            
     2.806055213             37,042      context-switches                                            
     2.906335752             36,923      context-switches                                            
     3.006676518             33,419      context-switches                                            
     3.106915062             38,776      context-switches                                            
     3.207162007             36,651      context-switches                                            
     3.307428907             38,360      context-switches                                            
     3.407724913             37,077      context-switches                                            
     3.507954369             38,412      context-switches                                            
     3.608172758             36,921      context-switches                                            
     3.708488213             38,443      context-switches                                            
     3.808720062             36,404      context-switches                                            
     3.908939807             38,286      context-switches                                            
     4.009179327             36,286      context-switches                                            
     4.109515397             37,390      context-switches                                            
     4.209884063             35,164      context-switches                                            
     4.310205310             38,879      context-switches                                            
     4.410429823             36,465      context-switches                                            
     4.510677853             38,242      context-switches                                            
     4.610947645             35,800      context-switches                                            
     4.711209744             38,500      context-switches                                            
     4.811373098             36,641      context-switches                                            
     4.911647408             38,872      context-switches                                            
     5.011946252             36,961      context-switches                                            
#           time             counts unit events
     5.112196459             38,987      context-switches                                            
     5.212420701             36,547      context-switches                                            
     5.312612822             37,752      context-switches                                            
     5.412744514             36,636      context-switches                                            
     5.512928477             38,533      context-switches                                            
     5.613139401             37,145      context-switches                                            
     5.713401164             38,145      context-switches                                            
     5.813559807             36,522      context-switches                                            
     5.913771664             38,262      context-switches                                            
     6.014044487             37,072      context-switches                                            
     6.114331710             39,213      context-switches                                            
     6.214647139             37,336      context-switches                                            
     6.314860303             38,367      context-switches                                            
     6.415072341             35,885      context-switches                                            
     6.515207633             37,564      context-switches                                            
     6.615388929             36,726      context-switches                                            
     6.715649941             37,847      context-switches                                            
     6.815804743             35,812      context-switches                                            
     6.916063429             39,082      context-switches                                            
     7.016368147             37,327      context-switches                                            
     7.116579790             37,905      context-switches                                            
     7.216921995             35,860      context-switches                                            
     7.317203912             38,261      context-switches                                            
     7.417413189             36,425      context-switches                                            
     7.517549765             37,957      context-switches                                            
#           time             counts unit events
     7.617743810             36,823      context-switches                                            
     7.718018690             38,446      context-switches                                            
     7.818310917             37,287      context-switches                                            
     7.918439312             37,759      context-switches                                            
     8.018646022             36,440      context-switches                                            
     8.118806243             39,181      context-switches                                            
     8.219132763             36,668      context-switches                                            
     8.319390576             38,664      context-switches                                            
     8.419627853             36,684      context-switches                                            
     8.519916150             37,817      context-switches                                            
     8.620143349             36,672      context-switches                                            
     8.720405684             39,085      context-switches                                            
     8.820514347             36,448      context-switches                                            
     8.920814346             38,343      context-switches                                            
     9.021053972             36,389      context-switches                                            
     9.121279157             38,146      context-switches                                            
     9.221564899             36,074      context-switches                                            
     9.321724417             37,351      context-switches                                            
     9.421950713             37,074      context-switches                                            
     9.522062226             37,628      context-switches                                            
     9.622307950             35,951      context-switches                                            
     9.722458272             37,616      context-switches                                            
     9.822615815             36,923      context-switches                                            
     9.922853881             38,191      context-switches                                            
    10.000721634             29,100      context-switches                                            
