# started on Tue Nov  5 23:39:45 2019

#           time             counts unit events
     0.100689435                375      context-switches                                            
     0.201413355                211      context-switches                                            
     0.301982864                192      context-switches                                            
     0.402530660                186      context-switches                                            
     0.503080824                281      context-switches                                            
     0.603692741                336      context-switches                                            
     0.704201900                164      context-switches                                            
     0.804742979                197      context-switches                                            
     0.905349242                134      context-switches                                            
     1.005968330                190      context-switches                                            
     1.106546974                202      context-switches                                            
     1.207081559                280      context-switches                                            
     1.307669405                188      context-switches                                            
     1.408344441                210      context-switches                                            
     1.508646935                257      context-switches                                            
     1.609285393                307      context-switches                                            
     1.709876291                154      context-switches                                            
     1.810356647                156      context-switches                                            
     1.910857780                108      context-switches                                            
     2.011152914              2,592      context-switches                                            
     2.111508145                768      context-switches                                            
     2.211727963              3,147      context-switches                                            
     2.312308575              1,214      context-switches                                            
     2.412856307                188      context-switches                                            
     2.513184485                386      context-switches                                            
#           time             counts unit events
     2.613752060                224      context-switches                                            
     2.714186445                148      context-switches                                            
     2.814762237                205      context-switches                                            
     2.915303209                171      context-switches                                            
     3.015828318                224      context-switches                                            
     3.116276163                255      context-switches                                            
     3.216905679                358      context-switches                                            
     3.317567156                251      context-switches                                            
     3.418197959                260      context-switches                                            
     3.518648503                502      context-switches                                            
     3.619077862                168      context-switches                                            
     3.719471335              6,309      context-switches                                            
     3.820003514                172      context-switches                                            
     3.920605015                188      context-switches                                            
     4.021228004                178      context-switches                                            
     4.121770661                209      context-switches                                            
     4.222353919                249      context-switches                                            
     4.322896306                199      context-switches                                            
     4.423367941                177      context-switches                                            
     4.523877108                440      context-switches                                            
     4.624506876                162      context-switches                                            
     4.725071427                250      context-switches                                            
     4.825550555                186      context-switches                                            
     4.926062621                129      context-switches                                            
     5.026380170                495      context-switches                                            
#           time             counts unit events
     5.126936256              2,364      context-switches                                            
     5.227313934              1,102      context-switches                                            
     5.327543823              1,749      context-switches                                            
     5.427802858              3,970      context-switches                                            
     5.528173813              1,927      context-switches                                            
     5.628472571              4,512      context-switches                                            
     5.728755228              1,351      context-switches                                            
     5.829088379              3,593      context-switches                                            
     5.929220338              2,082      context-switches                                            
     6.029644777              3,381      context-switches                                            
     6.129931791              4,135      context-switches                                            
     6.230290900              1,704      context-switches                                            
     6.330521855              3,441      context-switches                                            
     6.430763939              3,651      context-switches                                            
     6.531110251              2,850      context-switches                                            
     6.631646803              3,977      context-switches                                            
     6.731990593              1,567      context-switches                                            
     6.832310115              4,179      context-switches                                            
     6.932602110              1,574      context-switches                                            
     7.032979993              4,488      context-switches                                            
     7.133381689              3,623      context-switches                                            
     7.233703386              1,434      context-switches                                            
     7.334161188              4,874      context-switches                                            
     7.434295545              3,878      context-switches                                            
     7.534703329              1,608      context-switches                                            
#           time             counts unit events
     7.635097461              4,073      context-switches                                            
     7.735257136              1,668      context-switches                                            
     7.835636525              3,846      context-switches                                            
     7.935941451              2,784      context-switches                                            
     8.036420452              2,612      context-switches                                            
     8.136895258              3,848      context-switches                                            
     8.237119662              1,997      context-switches                                            
     8.337567466              3,929      context-switches                                            
     8.437730444              2,034      context-switches                                            
     8.538295724              3,883      context-switches                                            
     8.638826051              3,808      context-switches                                            
     8.739071458              2,119      context-switches                                            
     8.839363602              3,794      context-switches                                            
     8.939551923              2,575      context-switches                                            
     9.039767067              3,212      context-switches                                            
     9.140252527              3,734      context-switches                                            
     9.240594183              1,870      context-switches                                            
     9.341178611              3,886      context-switches                                            
     9.441373310              2,165      context-switches                                            
     9.541936339              3,984      context-switches                                            
     9.642486695              3,829      context-switches                                            
     9.742799810              1,750      context-switches                                            
     9.843156923              4,372      context-switches                                            
     9.943455324              3,239      context-switches                                            
    10.000930349              1,791      context-switches                                            
