# started on Tue Nov 12 12:27:51 2019

#           time             counts unit events
     0.100128446             29,146      context-switches                                            
     0.200267925             28,128      context-switches                                            
     0.300411919             30,276      context-switches                                            
     0.402398038             27,532      context-switches                                            
     0.502548058             25,897      context-switches                                            
     0.602667093             27,686      context-switches                                            
     0.702787815             32,463      context-switches                                            
     0.802906246             33,723      context-switches                                            
     0.903017200             30,971      context-switches                                            
     1.003093227             28,805      context-switches                                            
     1.103219390             28,973      context-switches                                            
     1.203344523             25,485      context-switches                                            
     1.303473135             29,065      context-switches                                            
     1.403595566             30,042      context-switches                                            
     1.503813595             35,413      context-switches                                            
     1.603926510             32,550      context-switches                                            
     1.704056766             36,614      context-switches                                            
     1.804182573             30,498      context-switches                                            
     1.904310150             28,189      context-switches                                            
     2.004430941             33,535      context-switches                                            
     2.104591724             32,657      context-switches                                            
     2.204792668             33,337      context-switches                                            
     2.304932598             33,341      context-switches                                            
     2.405048908             30,581      context-switches                                            
     2.505204216             33,299      context-switches                                            
#           time             counts unit events
     2.605323314             36,542      context-switches                                            
     2.705437501             28,440      context-switches                                            
     2.805554300             28,483      context-switches                                            
     2.905740472             29,385      context-switches                                            
     3.005863344             33,949      context-switches                                            
     3.105999417             32,431      context-switches                                            
     3.206116878             30,324      context-switches                                            
     3.306234296             30,255      context-switches                                            
     3.406360904             29,141      context-switches                                            
     3.506587068             31,677      context-switches                                            
     3.606737495             34,844      context-switches                                            
     3.706854071             31,526      context-switches                                            
     3.806941767             34,902      context-switches                                            
     3.907085258             33,301      context-switches                                            
     4.007234800             29,690      context-switches                                            
     4.107357789             31,625      context-switches                                            
     4.207477113             36,263      context-switches                                            
     4.307594566             35,309      context-switches                                            
     4.407720553             33,306      context-switches                                            
     4.507845114             34,912      context-switches                                            
     4.607992172             31,999      context-switches                                            
     4.708114102             31,239      context-switches                                            
     4.808234282             39,446      context-switches                                            
     4.908345813             38,537      context-switches                                            
     5.008514051             35,330      context-switches                                            
#           time             counts unit events
     5.108650021             35,202      context-switches                                            
     5.208849743             36,526      context-switches                                            
     5.308985418             29,545      context-switches                                            
     5.409099131             31,153      context-switches                                            
     5.509205970             34,014      context-switches                                            
     5.609315856             36,326      context-switches                                            
     5.709429627             35,497      context-switches                                            
     5.809544010             35,843      context-switches                                            
     5.909656901             35,585      context-switches                                            
     6.009773332             36,941      context-switches                                            
     6.109892120             33,960      context-switches                                            
     6.210012275             37,205      context-switches                                            
     6.310133386             40,186      context-switches                                            
     6.410258407             37,217      context-switches                                            
     6.510395124             35,728      context-switches                                            
     6.610533173             35,209      context-switches                                            
     6.710669078             38,829      context-switches                                            
     6.810788124             37,580      context-switches                                            
     6.910964676             40,163      context-switches                                            
     7.011142822             38,975      context-switches                                            
     7.111257773             34,710      context-switches                                            
     7.211376710             37,875      context-switches                                            
     7.311521435             37,732      context-switches                                            
     7.411638113             38,278      context-switches                                            
     7.511795341             38,353      context-switches                                            
#           time             counts unit events
     7.611930599             38,010      context-switches                                            
     7.712037257             35,601      context-switches                                            
     7.812153162             36,658      context-switches                                            
     7.912263091             32,925      context-switches                                            
     8.012398534             35,659      context-switches                                            
     8.112520756             39,661      context-switches                                            
     8.212646767             32,280      context-switches                                            
     8.312763582             33,998      context-switches                                            
     8.412879283             33,474      context-switches                                            
     8.512997656             35,995      context-switches                                            
     8.613076391             40,183      context-switches                                            
     8.713195202             34,548      context-switches                                            
     8.813355963             33,405      context-switches                                            
     8.913488175             33,357      context-switches                                            
     9.013671100             39,302      context-switches                                            
     9.113805454             40,623      context-switches                                            
     9.213926398             38,355      context-switches                                            
     9.314040118             31,043      context-switches                                            
     9.414173858             31,922      context-switches                                            
     9.514301648             34,442      context-switches                                            
     9.614415762             32,439      context-switches                                            
     9.714531396             32,330      context-switches                                            
     9.814648287             33,210      context-switches                                            
     9.914760357             33,137      context-switches                                            
    10.000784965             24,156      context-switches                                            
