# started on Tue Nov  5 20:53:35 2019

#           time             counts unit events
     0.100551454                572      context-switches                                            
     0.201223448                222      context-switches                                            
     0.301788723                208      context-switches                                            
     0.402391808                162      context-switches                                            
     0.502946755                177      context-switches                                            
     0.603597167                248      context-switches                                            
     0.704237526                198      context-switches                                            
     0.804799403                200      context-switches                                            
     0.905429757                168      context-switches                                            
     1.005935418                189      context-switches                                            
     1.106459229                438      context-switches                                            
     1.207058801                186      context-switches                                            
     1.307463802                226      context-switches                                            
     1.408123775                145      context-switches                                            
     1.508726810                132      context-switches                                            
     1.609056621                232      context-switches                                            
     1.709623436                200      context-switches                                            
     1.810228820                190      context-switches                                            
     1.910781708                187      context-switches                                            
     2.011371705                266      context-switches                                            
     2.111813444                432      context-switches                                            
     2.212408497                210      context-switches                                            
     2.312900071                299      context-switches                                            
     2.413530417                159      context-switches                                            
     2.514098595                130      context-switches                                            
#           time             counts unit events
     2.614727094                282      context-switches                                            
     2.715008618                294      context-switches                                            
     2.815501144                254      context-switches                                            
     2.916081135                208      context-switches                                            
     3.016736056                386      context-switches                                            
     3.117235143              7,020      context-switches                                            
     3.217857765                209      context-switches                                            
     3.318483916                244      context-switches                                            
     3.418992456                132      context-switches                                            
     3.519542600                140      context-switches                                            
     3.620059041                242      context-switches                                            
     3.720704622                183      context-switches                                            
     3.821299034                206      context-switches                                            
     3.921963363                164      context-switches                                            
     4.022388385                240      context-switches                                            
     4.122823313                483      context-switches                                            
     4.223315549                196      context-switches                                            
     4.323880163                341      context-switches                                            
     4.424459140                136      context-switches                                            
     4.524948519                176      context-switches                                            
     4.625565734                262      context-switches                                            
     4.726071780                218      context-switches                                            
     4.826716646                227      context-switches                                            
     4.927127441                190      context-switches                                            
     5.027481619              5,344      context-switches                                            
#           time             counts unit events
     5.127747889             21,276      context-switches                                            
     5.227852315             36,318      context-switches                                            
     5.328048906             37,246      context-switches                                            
     5.428226833             37,510      context-switches                                            
     5.528448904             37,461      context-switches                                            
     5.628634095             36,627      context-switches                                            
     5.728767329             37,646      context-switches                                            
     5.828877115             36,336      context-switches                                            
     5.929137564             37,629      context-switches                                            
     6.029247684             37,094      context-switches                                            
     6.129385675             37,059      context-switches                                            
     6.229521768             36,052      context-switches                                            
     6.329799775             36,945      context-switches                                            
     6.429908245             36,016      context-switches                                            
     6.530167813             37,383      context-switches                                            
     6.630275447             36,340      context-switches                                            
     6.730428456             38,300      context-switches                                            
     6.830537556             37,008      context-switches                                            
     6.930649936             37,683      context-switches                                            
     7.030830205             36,325      context-switches                                            
     7.131083784             37,936      context-switches                                            
     7.231299356             37,363      context-switches                                            
     7.331515854             38,219      context-switches                                            
     7.431627044             35,664      context-switches                                            
     7.531949636             38,524      context-switches                                            
#           time             counts unit events
     7.632216912             36,175      context-switches                                            
     7.732369808             38,671      context-switches                                            
     7.832669831             35,590      context-switches                                            
     7.932806403             39,007      context-switches                                            
     8.033023186             36,455      context-switches                                            
     8.133131524             38,480      context-switches                                            
     8.233302192             36,175      context-switches                                            
     8.333474343             38,549      context-switches                                            
     8.433652636             36,687      context-switches                                            
     8.533762693             39,329      context-switches                                            
     8.634002056             36,179      context-switches                                            
     8.734113264             38,412      context-switches                                            
     8.834348024             35,953      context-switches                                            
     8.934482294             37,440      context-switches                                            
     9.034622339             36,060      context-switches                                            
     9.134800382             38,311      context-switches                                            
     9.234992268             36,916      context-switches                                            
     9.335206297             39,117      context-switches                                            
     9.435442486             36,588      context-switches                                            
     9.535696549             37,876      context-switches                                            
     9.635949377             36,816      context-switches                                            
     9.736248429             38,196      context-switches                                            
     9.836442541             37,113      context-switches                                            
     9.936760287             37,659      context-switches                                            
    10.000748383             23,840      context-switches                                            
