# started on Tue Nov  5 21:00:08 2019

#           time             counts unit events
     0.100718576                282      context-switches                                            
     0.201404609                141      context-switches                                            
     0.302054642                216      context-switches                                            
     0.402662872                162      context-switches                                            
     0.503158921                164      context-switches                                            
     0.603695319                211      context-switches                                            
     0.704260859                164      context-switches                                            
     0.804901745                279      context-switches                                            
     0.905504094                234      context-switches                                            
     1.006111888                384      context-switches                                            
     1.106623317                192      context-switches                                            
     1.207089086                225      context-switches                                            
     1.307706917                226      context-switches                                            
     1.408238654                193      context-switches                                            
     1.508784313                200      context-switches                                            
     1.609340590                280      context-switches                                            
     1.709926896                162      context-switches                                            
     1.810364327                310      context-switches                                            
     1.910777239                252      context-switches                                            
     2.011389769                357      context-switches                                            
     2.111949268                157      context-switches                                            
     2.212492610                190      context-switches                                            
     2.313044856                234      context-switches                                            
     2.413660228                171      context-switches                                            
     2.514236037                196      context-switches                                            
#           time             counts unit events
     2.614674699                193      context-switches                                            
     2.715153323                200      context-switches                                            
     2.815710630                202      context-switches                                            
     2.916272039                265      context-switches                                            
     3.016927058                376      context-switches                                            
     3.117542388                156      context-switches                                            
     3.218118908                160      context-switches                                            
     3.318524017                225      context-switches                                            
     3.419091098                188      context-switches                                            
     3.519751765                182      context-switches                                            
     3.620235569                207      context-switches                                            
     3.720746788                207      context-switches                                            
     3.821293293                217      context-switches                                            
     3.921908269                321      context-switches                                            
     4.022419880                344      context-switches                                            
     4.122994927                134      context-switches                                            
     4.223431471                195      context-switches                                            
     4.323971048                199      context-switches                                            
     4.424484519                161      context-switches                                            
     4.525028310                220      context-switches                                            
     4.625621434                231      context-switches                                            
     4.726232247                225      context-switches                                            
     4.826677021                239      context-switches                                            
     4.926925192                667      context-switches                                            
     5.027031213              4,640      context-switches                                            
#           time             counts unit events
     5.127185027              7,468      context-switches                                            
     5.227421142             37,947      context-switches                                            
     5.327534051             37,323      context-switches                                            
     5.427671746             35,627      context-switches                                            
     5.527946850             38,544      context-switches                                            
     5.628175837             37,772      context-switches                                            
     5.728349600             39,115      context-switches                                            
     5.828604100             37,193      context-switches                                            
     5.928790696             38,824      context-switches                                            
     6.029002535             37,817      context-switches                                            
     6.129131315             38,508      context-switches                                            
     6.229373426             38,002      context-switches                                            
     6.329656300             39,109      context-switches                                            
     6.429900448             36,879      context-switches                                            
     6.530175453             38,243      context-switches                                            
     6.630285449             37,490      context-switches                                            
     6.730536019             37,597      context-switches                                            
     6.830649556             36,794      context-switches                                            
     6.930767477             37,489      context-switches                                            
     7.030886234             37,356      context-switches                                            
     7.131121503             36,679      context-switches                                            
     7.231317067             36,868      context-switches                                            
     7.331639733             38,511      context-switches                                            
     7.431866588             37,818      context-switches                                            
     7.532136706             38,210      context-switches                                            
#           time             counts unit events
     7.632320706             37,904      context-switches                                            
     7.732612038             37,540      context-switches                                            
     7.832931742             37,501      context-switches                                            
     7.933052243             37,517      context-switches                                            
     8.033339072             37,498      context-switches                                            
     8.133604866             37,911      context-switches                                            
     8.233873756             37,559      context-switches                                            
     8.334198797             37,624      context-switches                                            
     8.434399660             37,495      context-switches                                            
     8.534559341             37,920      context-switches                                            
     8.634792718             37,598      context-switches                                            
     8.734925902             37,995      context-switches                                            
     8.835223158             37,397      context-switches                                            
     8.935376808             37,839      context-switches                                            
     9.035624046             37,697      context-switches                                            
     9.135776409             38,058      context-switches                                            
     9.236045036             37,572      context-switches                                            
     9.336321757             37,978      context-switches                                            
     9.436575284             37,087      context-switches                                            
     9.536686872             37,306      context-switches                                            
     9.636907868             37,590      context-switches                                            
     9.737072976             37,172      context-switches                                            
     9.837361072             37,265      context-switches                                            
     9.937425198             38,707      context-switches                                            
    10.000721176             23,699      context-switches                                            
