# started on Wed Nov 13 11:29:43 2019

#           time             counts unit events
     0.100261526             23,109      context-switches                                            
     0.200535841             24,550      context-switches                                            
     0.300737083             23,936      context-switches                                            
     0.400901779             22,999      context-switches                                            
     0.501735412             21,640      context-switches                                            
     0.602234454             16,756      context-switches                                            
     0.702432276             19,320      context-switches                                            
     0.802658341             23,212      context-switches                                            
     0.902924554             21,608      context-switches                                            
     1.003230519             15,177      context-switches                                            
     1.103665334             15,153      context-switches                                            
     1.204044966             12,160      context-switches                                            
     1.304676409             12,132      context-switches                                            
     1.405108284             12,573      context-switches                                            
     1.505375121             17,705      context-switches                                            
     1.605629259             14,470      context-switches                                            
     1.706048857             15,154      context-switches                                            
     1.806359288             20,058      context-switches                                            
     1.906783548             14,789      context-switches                                            
     2.007191279             13,503      context-switches                                            
     2.107530598             15,033      context-switches                                            
     2.207884078             18,675      context-switches                                            
     2.308137065             21,903      context-switches                                            
     2.408402988             16,946      context-switches                                            
     2.508712199             20,435      context-switches                                            
#           time             counts unit events
     2.608974432             25,128      context-switches                                            
     2.709197775             15,472      context-switches                                            
     2.809531273             18,596      context-switches                                            
     2.909778094             16,694      context-switches                                            
     3.009972353             19,435      context-switches                                            
     3.110149702             19,455      context-switches                                            
     3.210480370             17,875      context-switches                                            
     3.310715454             17,526      context-switches                                            
     3.411247029             17,615      context-switches                                            
     3.511596253             20,162      context-switches                                            
     3.611846218             17,251      context-switches                                            
     3.712334099             16,808      context-switches                                            
     3.812582891             13,027      context-switches                                            
     3.912923346             14,546      context-switches                                            
     4.013297124             14,653      context-switches                                            
     4.113521906             16,475      context-switches                                            
     4.213692959             19,604      context-switches                                            
     4.314287046             30,800      context-switches                                            
     4.414545520             22,151      context-switches                                            
     4.514765849             14,317      context-switches                                            
     4.615240968             18,138      context-switches                                            
     4.715565329             13,207      context-switches                                            
     4.815845472             13,906      context-switches                                            
     4.916270719             14,980      context-switches                                            
     5.016548549             17,287      context-switches                                            
#           time             counts unit events
     5.116817502             17,002      context-switches                                            
     5.217240922             17,383      context-switches                                            
     5.317474574             17,936      context-switches                                            
     5.417743902             13,233      context-switches                                            
     5.517960187             18,777      context-switches                                            
     5.618332979             19,555      context-switches                                            
     5.718585894             18,193      context-switches                                            
     5.818820151             18,512      context-switches                                            
     5.919000219             25,791      context-switches                                            
     6.019210516             21,855      context-switches                                            
     6.119403977             17,048      context-switches                                            
     6.219635566             20,141      context-switches                                            
     6.320010393             13,637      context-switches                                            
     6.420449464             15,084      context-switches                                            
     6.520847829             17,009      context-switches                                            
     6.621145198             16,244      context-switches                                            
     6.721536596             15,838      context-switches                                            
     6.821773068             21,066      context-switches                                            
     6.922063021             13,079      context-switches                                            
     7.022279181             14,878      context-switches                                            
     7.122507699             17,373      context-switches                                            
     7.222731130             19,994      context-switches                                            
     7.322936942             18,683      context-switches                                            
     7.423225434             15,999      context-switches                                            
     7.523529952             16,787      context-switches                                            
#           time             counts unit events
     7.623773738             17,402      context-switches                                            
     7.724119621             14,604      context-switches                                            
     7.824382507             15,847      context-switches                                            
     7.924637613             13,295      context-switches                                            
     8.024989666             20,577      context-switches                                            
     8.125203875             19,212      context-switches                                            
     8.225458495             20,477      context-switches                                            
     8.325655552             20,668      context-switches                                            
     8.426008649             20,762      context-switches                                            
     8.526202465             17,435      context-switches                                            
     8.626534294             20,508      context-switches                                            
     8.726919329             13,906      context-switches                                            
     8.827163015             15,976      context-switches                                            
     8.927470851             15,615      context-switches                                            
     9.027727943             15,173      context-switches                                            
     9.128003928             16,081      context-switches                                            
     9.228224792             15,999      context-switches                                            
     9.328438675             18,453      context-switches                                            
     9.428773519             19,244      context-switches                                            
     9.529000211             18,954      context-switches                                            
     9.629280182             17,385      context-switches                                            
     9.729641240             17,229      context-switches                                            
     9.829892709             15,844      context-switches                                            
     9.930084841             15,893      context-switches                                            
    10.000934022             10,068      context-switches                                            
