# started on Wed Nov  6 01:42:51 2019

#           time             counts unit events
     0.100779123                346      context-switches                                            
     0.201447599                250      context-switches                                            
     0.301978150                157      context-switches                                            
     0.402510805                209      context-switches                                            
     0.503107682                196      context-switches                                            
     0.603731148                198      context-switches                                            
     0.704145056                345      context-switches                                            
     0.804721723                208      context-switches                                            
     0.905310328                109      context-switches                                            
     1.005691725                195      context-switches                                            
     1.106258005                182      context-switches                                            
     1.206782621                295      context-switches                                            
     1.307308365                234      context-switches                                            
     1.407868012                242      context-switches                                            
     1.508407225                226      context-switches                                            
     1.608986341                340      context-switches                                            
     1.709276718                405      context-switches                                            
     1.809833842                190      context-switches                                            
     1.910413056                126      context-switches                                            
     2.011022771                246      context-switches                                            
     2.111617927                172      context-switches                                            
     2.212081498                260      context-switches                                            
     2.312688562                140      context-switches                                            
     2.413162492                193      context-switches                                            
     2.513628713                194      context-switches                                            
#           time             counts unit events
     2.614203829                202      context-switches                                            
     2.714813173                394      context-switches                                            
     2.815351900                237      context-switches                                            
     2.915887079                198      context-switches                                            
     3.016461278                193      context-switches                                            
     3.117010530                175      context-switches                                            
     3.217550156                275      context-switches                                            
     3.318152457                173      context-switches                                            
     3.418750677                187      context-switches                                            
     3.519349680                152      context-switches                                            
     3.619940405                249      context-switches                                            
     3.720466477                339      context-switches                                            
     3.821116067                199      context-switches                                            
     3.921697326                145      context-switches                                            
     4.022317297                209      context-switches                                            
     4.122911163                186      context-switches                                            
     4.223521920                248      context-switches                                            
     4.324101182                157      context-switches                                            
     4.424739910                203      context-switches                                            
     4.525327565                178      context-switches                                            
     4.625918726                207      context-switches                                            
     4.726402277                339      context-switches                                            
     4.826872227                191      context-switches                                            
     4.927446211                146      context-switches                                            
     5.027940134                191      context-switches                                            
#           time             counts unit events
     5.128373305              1,393      context-switches                                            
     5.228835640              1,334      context-switches                                            
     5.329412535                225      context-switches                                            
     5.429885738              1,255      context-switches                                            
     5.530429238              3,795      context-switches                                            
     5.630969825                209      context-switches                                            
     5.731526103                965      context-switches                                            
     5.831725105              1,483      context-switches                                            
     5.932184250              2,831      context-switches                                            
     6.032694908                194      context-switches                                            
     6.132846989              2,851      context-switches                                            
     6.233302328              2,207      context-switches                                            
     6.333823072                333      context-switches                                            
     6.434233615              1,605      context-switches                                            
     6.534846112              3,564      context-switches                                            
     6.635477444                296      context-switches                                            
     6.736024395              1,095      context-switches                                            
     6.836148601              2,965      context-switches                                            
     6.936772074              1,398      context-switches                                            
     7.037316524              6,512      context-switches                                            
     7.137633425              1,740      context-switches                                            
     7.238210888              3,236      context-switches                                            
     7.338737229                391      context-switches                                            
     7.439304981              1,261      context-switches                                            
     7.539845086              4,049      context-switches                                            
#           time             counts unit events
     7.640424786                185      context-switches                                            
     7.740863126              1,168      context-switches                                            
     7.841225319              4,292      context-switches                                            
     7.941720462                392      context-switches                                            
     8.042019456                397      context-switches                                            
     8.142297097              1,699      context-switches                                            
     8.242744479              3,347      context-switches                                            
     8.343232024                278      context-switches                                            
     8.443645935              1,326      context-switches                                            
     8.544168504              3,717      context-switches                                            
     8.644767264                254      context-switches                                            
     8.745291194                941      context-switches                                            
     8.845484195              3,871      context-switches                                            
     8.945931667                507      context-switches                                            
     9.046520755                187      context-switches                                            
     9.146775829              3,487      context-switches                                            
     9.247312044              1,761      context-switches                                            
     9.347838446                306      context-switches                                            
     9.448368915              1,423      context-switches                                            
     9.548784548              3,613      context-switches                                            
     9.649283053                223      context-switches                                            
     9.749782141                987      context-switches                                            
     9.850035962              4,080      context-switches                                            
     9.950537149                414      context-switches                                            
    10.001245331                132      context-switches                                            
