# started on Wed Nov  6 02:14:09 2019

#           time             counts unit events
     0.100750286                520      context-switches                                            
     0.201392348                346      context-switches                                            
     0.301968641                293      context-switches                                            
     0.402581784                166      context-switches                                            
     0.503180129                165      context-switches                                            
     0.603775219                235      context-switches                                            
     0.704281564                242      context-switches                                            
     0.804905833                214      context-switches                                            
     0.905509214                166      context-switches                                            
     1.006110880                175      context-switches                                            
     1.106634712                395      context-switches                                            
     1.207161595                171      context-switches                                            
     1.307797451                266      context-switches                                            
     1.408402613                199      context-switches                                            
     1.508998400                161      context-switches                                            
     1.609642335                202      context-switches                                            
     1.710236815                168      context-switches                                            
     1.810847598                217      context-switches                                            
     1.911438454                186      context-switches                                            
     2.011981123                196      context-switches                                            
     2.112644359                388      context-switches                                            
     2.213285100                180      context-switches                                            
     2.313744143                180      context-switches                                            
     2.414340621                270      context-switches                                            
     2.514886490                144      context-switches                                            
#           time             counts unit events
     2.615292364                207      context-switches                                            
     2.715914729                198      context-switches                                            
     2.816521336                220      context-switches                                            
     2.917096361                150      context-switches                                            
     3.017698091                249      context-switches                                            
     3.118172850                430      context-switches                                            
     3.218808775                179      context-switches                                            
     3.319461723                182      context-switches                                            
     3.420013332                191      context-switches                                            
     3.520501652                160      context-switches                                            
     3.620965870                226      context-switches                                            
     3.721521950                223      context-switches                                            
     3.822115543                257      context-switches                                            
     3.922533848                259      context-switches                                            
     4.023058844                299      context-switches                                            
     4.123530045                462      context-switches                                            
     4.224074327                157      context-switches                                            
     4.324636780                149      context-switches                                            
     4.425172053                260      context-switches                                            
     4.525679424                328      context-switches                                            
     4.626319142                301      context-switches                                            
     4.726956700                437      context-switches                                            
     4.827549767                364      context-switches                                            
     4.928222188                226      context-switches                                            
     5.028525579              3,224      context-switches                                            
#           time             counts unit events
     5.128947593              4,127      context-switches                                            
     5.229166494             11,963      context-switches                                            
     5.329502079              5,043      context-switches                                            
     5.430105782              1,412      context-switches                                            
     5.530500345              1,834      context-switches                                            
     5.630882349              1,890      context-switches                                            
     5.731258063              1,139      context-switches                                            
     5.831715160              1,802      context-switches                                            
     5.932208170              1,198      context-switches                                            
     6.032788045              1,871      context-switches                                            
     6.133331247              1,370      context-switches                                            
     6.233936337              1,879      context-switches                                            
     6.334410678              1,063      context-switches                                            
     6.434961989              1,792      context-switches                                            
     6.535577813              1,184      context-switches                                            
     6.636025862              1,816      context-switches                                            
     6.736445963              1,146      context-switches                                            
     6.836918985              1,863      context-switches                                            
     6.937470059              1,150      context-switches                                            
     7.037764504              1,985      context-switches                                            
     7.138334045              1,240      context-switches                                            
     7.238958772              1,832      context-switches                                            
     7.339362501              1,087      context-switches                                            
     7.439945532              1,968      context-switches                                            
     7.540374387              1,143      context-switches                                            
#           time             counts unit events
     7.640863053              1,845      context-switches                                            
     7.741301860              1,111      context-switches                                            
     7.841940069              1,897      context-switches                                            
     7.942421522              1,158      context-switches                                            
     8.043030789              2,035      context-switches                                            
     8.143531248              1,179      context-switches                                            
     8.244158144              1,892      context-switches                                            
     8.344681546              1,174      context-switches                                            
     8.445254905              1,821      context-switches                                            
     8.545628632              1,166      context-switches                                            
     8.646225231              1,869      context-switches                                            
     8.746686328              1,212      context-switches                                            
     8.847356357              1,735      context-switches                                            
     8.947666777              1,774      context-switches                                            
     9.047886195              4,968      context-switches                                            
     9.148242564              1,294      context-switches                                            
     9.248880632              1,756      context-switches                                            
     9.349041530              3,107      context-switches                                            
     9.449498940              7,719      context-switches                                            
     9.549862943              1,434      context-switches                                            
     9.650238808              2,043      context-switches                                            
     9.750476624              4,705      context-switches                                            
     9.851019349              1,085      context-switches                                            
     9.951251304              2,344      context-switches                                            
    10.001033983                301      context-switches                                            
