# started on Tue Nov  5 21:15:12 2019

#           time             counts unit events
     0.100820307                364      context-switches                                            
     0.201539325                189      context-switches                                            
     0.302058227                199      context-switches                                            
     0.402633880                279      context-switches                                            
     0.503190675                230      context-switches                                            
     0.603702834                189      context-switches                                            
     0.704321450                314      context-switches                                            
     0.804767347                419      context-switches                                            
     0.905183252                397      context-switches                                            
     1.005714166                168      context-switches                                            
     1.106320375                200      context-switches                                            
     1.206897051                194      context-switches                                            
     1.307474509                159      context-switches                                            
     1.408089679                249      context-switches                                            
     1.508646281                232      context-switches                                            
     1.609238561                181      context-switches                                            
     1.709579659                260      context-switches                                            
     1.810024428                498      context-switches                                            
     1.910639490                297      context-switches                                            
     2.011218619                224      context-switches                                            
     2.111816366                194      context-switches                                            
     2.212411620                184      context-switches                                            
     2.313000989                156      context-switches                                            
     2.413409129                253      context-switches                                            
     2.513975039                184      context-switches                                            
#           time             counts unit events
     2.614457135                184      context-switches                                            
     2.714931629                243      context-switches                                            
     2.815409297                357      context-switches                                            
     2.915985079                211      context-switches                                            
     3.016560245                187      context-switches                                            
     3.117030577                170      context-switches                                            
     3.217608174                192      context-switches                                            
     3.318199479                166      context-switches                                            
     3.418787771                199      context-switches                                            
     3.519383413                232      context-switches                                            
     3.619986180                168      context-switches                                            
     3.720450682                219      context-switches                                            
     3.820971355                387      context-switches                                            
     3.921509784                205      context-switches                                            
     4.022164525                173      context-switches                                            
     4.122717259                183      context-switches                                            
     4.223292317                196      context-switches                                            
     4.323867977                175      context-switches                                            
     4.424436653                185      context-switches                                            
     4.524950971                255      context-switches                                            
     4.625563853                160      context-switches                                            
     4.726054708                234      context-switches                                            
     4.826430497                402      context-switches                                            
     4.927001427                148      context-switches                                            
     5.027359517              5,314      context-switches                                            
#           time             counts unit events
     5.127549665             23,513      context-switches                                            
     5.227707677             35,911      context-switches                                            
     5.327967922             38,108      context-switches                                            
     5.428300444             35,994      context-switches                                            
     5.528528239             37,085      context-switches                                            
     5.628757235             36,144      context-switches                                            
     5.729003122             36,867      context-switches                                            
     5.829208638             38,915      context-switches                                            
     5.929353557             38,336      context-switches                                            
     6.029652204             36,842      context-switches                                            
     6.129918699             38,388      context-switches                                            
     6.230155586             36,460      context-switches                                            
     6.330421160             36,798      context-switches                                            
     6.430615539             36,982      context-switches                                            
     6.530765395             37,882      context-switches                                            
     6.630954240             36,857      context-switches                                            
     6.731203107             38,173      context-switches                                            
     6.831484550             36,662      context-switches                                            
     6.931682823             38,195      context-switches                                            
     7.031902138             35,797      context-switches                                            
     7.132049953             37,991      context-switches                                            
     7.232257767             36,546      context-switches                                            
     7.332450002             38,044      context-switches                                            
     7.432699027             36,013      context-switches                                            
     7.532863529             36,363      context-switches                                            
#           time             counts unit events
     7.633028199             36,026      context-switches                                            
     7.733138720             38,409      context-switches                                            
     7.833387381             35,308      context-switches                                            
     7.933526192             37,877      context-switches                                            
     8.033840346             35,569      context-switches                                            
     8.133995030             38,631      context-switches                                            
     8.234205194             36,521      context-switches                                            
     8.334318184             37,649      context-switches                                            
     8.434586876             36,356      context-switches                                            
     8.534702931             37,466      context-switches                                            
     8.634921478             37,119      context-switches                                            
     8.735135250             38,086      context-switches                                            
     8.835433672             37,718      context-switches                                            
     8.935727524             37,845      context-switches                                            
     9.036001866             37,004      context-switches                                            
     9.136279471             37,405      context-switches                                            
     9.236443787             36,671      context-switches                                            
     9.336639320             36,448      context-switches                                            
     9.436909747             37,641      context-switches                                            
     9.537079505             37,248      context-switches                                            
     9.637245088             36,989      context-switches                                            
     9.737387351             37,014      context-switches                                            
     9.837578631             36,891      context-switches                                            
     9.937838670             36,717      context-switches                                            
    10.000701923             23,772      context-switches                                            
