# started on Tue Nov 12 11:17:23 2019

#           time             counts unit events
     0.100228891             36,450      context-switches                                            
     0.200441126             37,233      context-switches                                            
     0.300587464             39,766      context-switches                                            
     0.400725940             40,948      context-switches                                            
     0.500892528             39,183      context-switches                                            
     0.601061002             36,779      context-switches                                            
     0.701300771             35,930      context-switches                                            
     0.801434918             39,692      context-switches                                            
     0.901540769             36,915      context-switches                                            
     1.001655633             40,032      context-switches                                            
     1.101727409             38,428      context-switches                                            
     1.201906061             39,764      context-switches                                            
     1.302059625             41,318      context-switches                                            
     1.402272735             43,181      context-switches                                            
     1.502486022             41,927      context-switches                                            
     1.602722906             39,449      context-switches                                            
     1.702826788             42,187      context-switches                                            
     1.802999880             41,998      context-switches                                            
     1.903183278             39,881      context-switches                                            
     2.003313815             39,799      context-switches                                            
     2.103467980             40,745      context-switches                                            
     2.203626443             38,026      context-switches                                            
     2.303719623             39,187      context-switches                                            
     2.403834820             35,808      context-switches                                            
     2.503992051             37,704      context-switches                                            
#           time             counts unit events
     2.604123284             40,241      context-switches                                            
     2.704333398             43,150      context-switches                                            
     2.804487962             38,860      context-switches                                            
     2.904650499             40,608      context-switches                                            
     3.004810383             38,747      context-switches                                            
     3.104989835             35,072      context-switches                                            
     3.205135765             37,207      context-switches                                            
     3.305297281             36,473      context-switches                                            
     3.405411804             33,403      context-switches                                            
     3.505592155             39,568      context-switches                                            
     3.605818354             38,660      context-switches                                            
     3.706034526             40,294      context-switches                                            
     3.806240958             37,059      context-switches                                            
     3.906453869             39,021      context-switches                                            
     4.006568238             37,185      context-switches                                            
     4.106702793             39,355      context-switches                                            
     4.206867419             38,695      context-switches                                            
     4.307061005             35,896      context-switches                                            
     4.407217458             38,188      context-switches                                            
     4.507440505             37,638      context-switches                                            
     4.607586386             40,108      context-switches                                            
     4.707694345             40,798      context-switches                                            
     4.807938365             39,419      context-switches                                            
     4.908140099             40,809      context-switches                                            
     5.008372098             39,797      context-switches                                            
#           time             counts unit events
     5.108635223             38,227      context-switches                                            
     5.208835113             42,308      context-switches                                            
     5.308941528             41,926      context-switches                                            
     5.409054479             38,057      context-switches                                            
     5.509176536             38,315      context-switches                                            
     5.609330434             39,961      context-switches                                            
     5.709637723             43,630      context-switches                                            
     5.809868765             39,356      context-switches                                            
     5.909974807             41,165      context-switches                                            
     6.010084409             38,303      context-switches                                            
     6.110256909             40,578      context-switches                                            
     6.210461317             36,297      context-switches                                            
     6.310575887             36,583      context-switches                                            
     6.410692973             34,420      context-switches                                            
     6.510800324             37,240      context-switches                                            
     6.610959597             40,330      context-switches                                            
     6.711074686             36,758      context-switches                                            
     6.811184619             38,112      context-switches                                            
     6.911300270             37,502      context-switches                                            
     7.011431105             36,394      context-switches                                            
     7.111537030             38,870      context-switches                                            
     7.211646065             38,219      context-switches                                            
     7.311749946             37,695      context-switches                                            
     7.411861763             37,446      context-switches                                            
     7.511969556             35,770      context-switches                                            
#           time             counts unit events
     7.612124086             32,705      context-switches                                            
     7.712321496             36,288      context-switches                                            
     7.812561666             37,512      context-switches                                            
     7.912667985             37,702      context-switches                                            
     8.012787135             34,508      context-switches                                            
     8.112968033             38,604      context-switches                                            
     8.213078303             33,407      context-switches                                            
     8.313190700             36,546      context-switches                                            
     8.413301016             37,136      context-switches                                            
     8.513412243             36,243      context-switches                                            
     8.613530740             37,959      context-switches                                            
     8.713651999             33,302      context-switches                                            
     8.813763920             35,396      context-switches                                            
     8.913885443             34,212      context-switches                                            
     9.014087451             34,664      context-switches                                            
     9.114217281             37,207      context-switches                                            
     9.214331708             34,796      context-switches                                            
     9.314450732             39,004      context-switches                                            
     9.414568158             36,639      context-switches                                            
     9.514710622             33,592      context-switches                                            
     9.614817946             35,450      context-switches                                            
     9.714958116             32,250      context-switches                                            
     9.815112680             31,383      context-switches                                            
     9.915265021             31,867      context-switches                                            
    10.000687915             29,126      context-switches                                            
