# started on Tue Nov  5 20:38:28 2019

#           time             counts unit events
     0.100768597              1,321      context-switches                                            
     0.201450588                432      context-switches                                            
     0.301884500                372      context-switches                                            
     0.402475461                155      context-switches                                            
     0.503068531                224      context-switches                                            
     0.603658082                269      context-switches                                            
     0.704281485                453      context-switches                                            
     0.804888901                199      context-switches                                            
     0.905447187                482      context-switches                                            
     1.005988049                312      context-switches                                            
     1.106530898                259      context-switches                                            
     1.207134522                210      context-switches                                            
     1.307631519                250      context-switches                                            
     1.408202915                207      context-switches                                            
     1.508639503                234      context-switches                                            
     1.609170918                192      context-switches                                            
     1.709742045                325      context-switches                                            
     1.810268281                182      context-switches                                            
     1.910874489                509      context-switches                                            
     2.011435223                259      context-switches                                            
     2.112016214                237      context-switches                                            
     2.212683195                187      context-switches                                            
     2.313288261                256      context-switches                                            
     2.413902236                174      context-switches                                            
     2.514375132                262      context-switches                                            
#           time             counts unit events
     2.614896967                230      context-switches                                            
     2.715501885                306      context-switches                                            
     2.815994634                148      context-switches                                            
     2.916596619                464      context-switches                                            
     3.017122736                212      context-switches                                            
     3.117714829                310      context-switches                                            
     3.218231794                190      context-switches                                            
     3.318893874                230      context-switches                                            
     3.419508001                174      context-switches                                            
     3.520120435                194      context-switches                                            
     3.620622024                223      context-switches                                            
     3.721197074                559      context-switches                                            
     3.821778400                170      context-switches                                            
     3.922280089                471      context-switches                                            
     4.022867797                186      context-switches                                            
     4.123364897                275      context-switches                                            
     4.223869699                246      context-switches                                            
     4.324374740                347      context-switches                                            
     4.424933566                257      context-switches                                            
     4.525519167                241      context-switches                                            
     4.625843843                379      context-switches                                            
     4.726482935                303      context-switches                                            
     4.826832672                211      context-switches                                            
     4.927287260                529      context-switches                                            
     5.027581710              5,507      context-switches                                            
#           time             counts unit events
     5.127737944             22,448      context-switches                                            
     5.227854378             37,688      context-switches                                            
     5.328098564             36,214      context-switches                                            
     5.428214453             36,387      context-switches                                            
     5.528512117             36,845      context-switches                                            
     5.628641648             36,599      context-switches                                            
     5.728916116             35,557      context-switches                                            
     5.829043471             32,398      context-switches                                            
     5.929214715             37,389      context-switches                                            
     6.029524439             36,368      context-switches                                            
     6.129759895             37,173      context-switches                                            
     6.229923389             36,007      context-switches                                            
     6.330164630             37,305      context-switches                                            
     6.430449279             35,695      context-switches                                            
     6.530765977             36,901      context-switches                                            
     6.630921840             32,832      context-switches                                            
     6.731204591             35,936      context-switches                                            
     6.831325117             35,209      context-switches                                            
     6.931523308             38,743      context-switches                                            
     7.031832839             36,247      context-switches                                            
     7.132018653             38,289      context-switches                                            
     7.232136840             36,170      context-switches                                            
     7.332352053             38,122      context-switches                                            
     7.432642126             36,647      context-switches                                            
     7.532811773             37,899      context-switches                                            
#           time             counts unit events
     7.632945196             37,169      context-switches                                            
     7.733055770             38,073      context-switches                                            
     7.833228255             36,188      context-switches                                            
     7.933338772             36,760      context-switches                                            
     8.033563942             35,148      context-switches                                            
     8.133676796             38,011      context-switches                                            
     8.233950040             36,433      context-switches                                            
     8.334053509             38,180      context-switches                                            
     8.434287218             36,371      context-switches                                            
     8.534454013             37,975      context-switches                                            
     8.634610375             36,222      context-switches                                            
     8.734716509             37,979      context-switches                                            
     8.834917743             37,624      context-switches                                            
     8.935063427             37,303      context-switches                                            
     9.035368129             37,265      context-switches                                            
     9.135692096             37,197      context-switches                                            
     9.235928431             35,777      context-switches                                            
     9.336214750             38,881      context-switches                                            
     9.436468016             35,352      context-switches                                            
     9.536724975             38,883      context-switches                                            
     9.636954506             37,772      context-switches                                            
     9.737184563             39,032      context-switches                                            
     9.837356644             36,911      context-switches                                            
     9.937621100             37,749      context-switches                                            
    10.000852595             22,827      context-switches                                            
