# started on Wed Nov  6 02:15:04 2019

#           time             counts unit events
     0.100753788                441      context-switches                                            
     0.201443696                246      context-switches                                            
     0.302054245                176      context-switches                                            
     0.402648467                122      context-switches                                            
     0.503209230                229      context-switches                                            
     0.603762320                161      context-switches                                            
     0.704352101                222      context-switches                                            
     0.804995433                229      context-switches                                            
     0.905643822                308      context-switches                                            
     1.006240879                200      context-switches                                            
     1.106776963                177      context-switches                                            
     1.207327733                220      context-switches                                            
     1.307797961                225      context-switches                                            
     1.408364031                139      context-switches                                            
     1.508864258              2,494      context-switches                                            
     1.609199983                710      context-switches                                            
     1.709418554              2,242      context-switches                                            
     1.809957465              2,152      context-switches                                            
     1.910546839                309      context-switches                                            
     2.011059820                209      context-switches                                            
     2.111660411                188      context-switches                                            
     2.212141759                216      context-switches                                            
     2.312593831                218      context-switches                                            
     2.413156479                121      context-switches                                            
     2.513713523                245      context-switches                                            
#           time             counts unit events
     2.614249132                158      context-switches                                            
     2.714890851                277      context-switches                                            
     2.815374657                251      context-switches                                            
     2.915998121                348      context-switches                                            
     3.016607834                240      context-switches                                            
     3.117211235                137      context-switches                                            
     3.217810196                223      context-switches                                            
     3.318395096                219      context-switches                                            
     3.418990689                245      context-switches                                            
     3.519742618                271      context-switches                                            
     3.620368812                173      context-switches                                            
     3.720989202                249      context-switches                                            
     3.821304253                423      context-switches                                            
     3.921819372                299      context-switches                                            
     4.022282236                208      context-switches                                            
     4.122427484              1,781      context-switches                                            
     4.222966999              4,844      context-switches                                            
     4.323491657                262      context-switches                                            
     4.424112210                146      context-switches                                            
     4.524716231                194      context-switches                                            
     4.625322596                152      context-switches                                            
     4.725945163                195      context-switches                                            
     4.826541182                424      context-switches                                            
     4.927152779                150      context-switches                                            
     5.027425807              2,085      context-switches                                            
#           time             counts unit events
     5.127700015              4,962      context-switches                                            
     5.227968644             17,211      context-switches                                            
     5.328198371             17,561      context-switches                                            
     5.428559288              5,943      context-switches                                            
     5.528999832              6,221      context-switches                                            
     5.629434723              2,864      context-switches                                            
     5.729939447              4,731      context-switches                                            
     5.830387736              2,194      context-switches                                            
     5.930958975              2,401      context-switches                                            
     6.031366986              1,880      context-switches                                            
     6.131706844              1,954      context-switches                                            
     6.232294553              1,266      context-switches                                            
     6.332900290              1,846      context-switches                                            
     6.433507384              1,640      context-switches                                            
     6.534050824              1,664      context-switches                                            
     6.634497130              1,524      context-switches                                            
     6.734934572              1,383      context-switches                                            
     6.835497528              2,015      context-switches                                            
     6.936082262              1,978      context-switches                                            
     7.036628298              1,892      context-switches                                            
     7.137041498              1,588      context-switches                                            
     7.237560737              1,314      context-switches                                            
     7.338182451              1,845      context-switches                                            
     7.438777471              1,846      context-switches                                            
     7.539261926              1,871      context-switches                                            
#           time             counts unit events
     7.639717618              1,492      context-switches                                            
     7.740076146              1,336      context-switches                                            
     7.840681714              1,809      context-switches                                            
     7.941292922              1,661      context-switches                                            
     8.041888900              1,701      context-switches                                            
     8.142232557              1,679      context-switches                                            
     8.242547958              1,154      context-switches                                            
     8.343070132              1,654      context-switches                                            
     8.443526718              1,663      context-switches                                            
     8.544002536              1,797      context-switches                                            
     8.644394675              1,535      context-switches                                            
     8.744891378              1,465      context-switches                                            
     8.845438004              1,686      context-switches                                            
     8.945966142              1,624      context-switches                                            
     9.046457003              1,756      context-switches                                            
     9.146888530              1,554      context-switches                                            
     9.247287256              1,292      context-switches                                            
     9.347918840              1,522      context-switches                                            
     9.448525983              1,642      context-switches                                            
     9.549126940              1,749      context-switches                                            
     9.649508994              1,528      context-switches                                            
     9.749898478              1,350      context-switches                                            
     9.850510497              1,762      context-switches                                            
     9.951003239              1,795      context-switches                                            
    10.000746674                713      context-switches                                            
