# started on Thu Nov  7 01:44:06 2019

#           time             counts unit events
     0.100245399             29,705      context-switches                                            
     0.200477684             36,466      context-switches                                            
     0.300742108             38,664      context-switches                                            
     0.400901741             36,688      context-switches                                            
     0.501107201             39,095      context-switches                                            
     0.601344248             36,306      context-switches                                            
     0.701603092             39,356      context-switches                                            
     0.801904913             37,208      context-switches                                            
     0.902152266             38,271      context-switches                                            
     1.002398827             35,452      context-switches                                            
     1.102589756             39,030      context-switches                                            
     1.202832467             36,707      context-switches                                            
     1.303048419             39,423      context-switches                                            
     1.403255054             36,471      context-switches                                            
     1.503419054             38,611      context-switches                                            
     1.603571426             36,662      context-switches                                            
     1.703855068             39,453      context-switches                                            
     1.804073867             37,050      context-switches                                            
     1.904282461             39,044      context-switches                                            
     2.004491960             36,809      context-switches                                            
     2.104708820             39,331      context-switches                                            
     2.204962297             37,258      context-switches                                            
     2.305183916             38,878      context-switches                                            
     2.405453251             37,295      context-switches                                            
     2.505644629             38,993      context-switches                                            
#           time             counts unit events
     2.605897932             37,254      context-switches                                            
     2.706128272             38,447      context-switches                                            
     2.806324903             36,906      context-switches                                            
     2.906484803             38,745      context-switches                                            
     3.006648310             37,204      context-switches                                            
     3.106857431             38,462      context-switches                                            
     3.207047420             37,684      context-switches                                            
     3.307194374             38,232      context-switches                                            
     3.407365635             36,034      context-switches                                            
     3.507549496             37,834      context-switches                                            
     3.607840992             38,634      context-switches                                            
     3.708005204             38,369      context-switches                                            
     3.808261346             37,069      context-switches                                            
     3.908452159             37,496      context-switches                                            
     4.008728225             37,361      context-switches                                            
     4.108841175             37,853      context-switches                                            
     4.208992361             37,434      context-switches                                            
     4.309149190             38,131      context-switches                                            
     4.409454464             37,698      context-switches                                            
     4.509681519             37,669      context-switches                                            
     4.609820884             36,253      context-switches                                            
     4.710068043             38,090      context-switches                                            
     4.810222976             35,904      context-switches                                            
     4.910408052             38,005      context-switches                                            
     5.010567825             35,869      context-switches                                            
#           time             counts unit events
     5.110697504             37,556      context-switches                                            
     5.210879373             36,681      context-switches                                            
     5.311046179             37,117      context-switches                                            
     5.411339938             38,039      context-switches                                            
     5.511536077             37,009      context-switches                                            
     5.612188498             37,122      context-switches                                            
     5.712382076             37,427      context-switches                                            
     5.812603659             37,520      context-switches                                            
     5.912710447             37,817      context-switches                                            
     6.012819370             36,850      context-switches                                            
     6.113032269             37,231      context-switches                                            
     6.213329133             37,633      context-switches                                            
     6.313465243             38,075      context-switches                                            
     6.413688239             35,799      context-switches                                            
     6.513797707             37,147      context-switches                                            
     6.613965229             38,169      context-switches                                            
     6.714119832             36,396      context-switches                                            
     6.814340225             37,253      context-switches                                            
     6.914447987             37,245      context-switches                                            
     7.014694503             37,920      context-switches                                            
     7.114821999             38,015      context-switches                                            
     7.215021304             38,147      context-switches                                            
     7.315208239             37,506      context-switches                                            
     7.415382893             37,553      context-switches                                            
     7.515492669             36,320      context-switches                                            
#           time             counts unit events
     7.615717771             37,103      context-switches                                            
     7.715838383             37,327      context-switches                                            
     7.816007151             38,256      context-switches                                            
     7.916220267             35,010      context-switches                                            
     8.016519427             38,548      context-switches                                            
     8.116687106             36,679      context-switches                                            
     8.216962031             38,042      context-switches                                            
     8.317192178             36,665      context-switches                                            
     8.417455802             38,487      context-switches                                            
     8.517564319             37,360      context-switches                                            
     8.617883250             37,989      context-switches                                            
     8.718046093             37,089      context-switches                                            
     8.818336644             38,161      context-switches                                            
     8.918449494             36,325      context-switches                                            
     9.018758651             37,916      context-switches                                            
     9.118868239             36,423      context-switches                                            
     9.219061265             38,358      context-switches                                            
     9.319168878             36,303      context-switches                                            
     9.419389215             38,033      context-switches                                            
     9.519689793             36,601      context-switches                                            
     9.619972605             38,829      context-switches                                            
     9.720231522             36,808      context-switches                                            
     9.820397881             38,271      context-switches                                            
     9.920591741             36,915      context-switches                                            
    10.000766052             31,199      context-switches                                            
