     0.100269003          3,429,798      LLC-loads                 (59.98%)
     0.100269003            996,430      LLC-load-misses           (79.97%)
     0.200457642          4,767,670      LLC-loads                 (60.03%)
     0.200457642          1,429,193      LLC-load-misses           (80.00%)
     0.300613250         10,021,103      LLC-loads                 (60.04%)
     0.300613250          2,116,065      LLC-load-misses           (80.01%)
     0.400794375          9,915,972      LLC-loads                 (60.05%)
     0.400794375          2,596,949      LLC-load-misses           (80.02%)
     0.501162504         10,449,639      LLC-loads                 (60.06%)
     0.501162504          2,244,945      LLC-load-misses           (80.02%)
     0.601343735          9,332,554      LLC-loads                 (60.07%)
     0.601343735          2,565,422      LLC-load-misses           (80.03%)
     0.701525782          7,904,382      LLC-loads                 (60.07%)
     0.701525782          2,295,251      LLC-load-misses           (80.03%)
     0.801883105          6,241,449      LLC-loads                 (60.07%)
     0.801883105          2,026,302      LLC-load-misses           (80.03%)
     0.902253405          7,376,321      LLC-loads                 (60.08%)
     0.902253405          1,650,503      LLC-load-misses           (80.04%)
     1.002556701          8,490,603      LLC-loads                 (60.09%)
     1.002556701          2,308,100      LLC-load-misses           (80.04%)
     1.102710560          7,017,938      LLC-loads                 (60.09%)
     1.102710560          1,932,483      LLC-load-misses           (80.04%)
     1.202891759          6,166,960      LLC-loads                 (60.09%)
     1.202891759          1,878,542      LLC-load-misses           (80.04%)
     1.303072918          7,254,999      LLC-loads                 (60.09%)
     1.303072918          2,040,277      LLC-load-misses           (80.04%)
     1.403223924          6,064,853      LLC-loads                 (60.08%)
     1.403223924          1,933,310      LLC-load-misses           (80.04%)
     1.503380535          6,280,360      LLC-loads                 (60.08%)
     1.503380535          1,488,369      LLC-load-misses           (80.04%)
     1.603540826          6,843,676      LLC-loads                 (60.08%)
     1.603540826          2,111,711      LLC-load-misses           (80.04%)
     1.703685422          7,517,962      LLC-loads                 (60.08%)
     1.703685422          1,860,485      LLC-load-misses           (80.04%)
     1.803875170          6,663,217      LLC-loads                 (60.08%)
     1.803875170          1,384,375      LLC-load-misses           (80.04%)
     1.904028390          6,901,932      LLC-loads                 (60.08%)
     1.904028390          1,886,167      LLC-load-misses           (80.04%)
     2.004486675          3,584,056      LLC-loads                 (60.08%)
     2.004486675          1,126,752      LLC-load-misses           (80.04%)
     2.104736903          3,597,858      LLC-loads                 (60.08%)
     2.104736903            712,927      LLC-load-misses           (80.04%)
     2.204976900          3,929,017      LLC-loads                 (60.08%)
     2.204976900          1,054,563      LLC-load-misses           (80.04%)
     2.305486357          2,361,377      LLC-loads                 (60.09%)
     2.305486357            633,858      LLC-load-misses           (80.04%)
     2.405709557          6,131,069      LLC-loads                 (60.09%)
     2.405709557          1,466,052      LLC-load-misses           (80.04%)
     2.506092423          7,852,149      LLC-loads                 (60.09%)
     2.506092423          2,319,209      LLC-load-misses           (80.05%)
     2.606239478          4,361,703      LLC-loads                 (60.09%)
     2.606239478          1,319,328      LLC-load-misses           (80.05%)
     2.706372423          7,864,204      LLC-loads                 (60.09%)
     2.706372423          2,080,548      LLC-load-misses           (80.04%)
     2.806649178          6,431,770      LLC-loads                 (60.09%)
     2.806649178          1,815,200      LLC-load-misses           (80.05%)
     2.907068399          6,588,799      LLC-loads                 (60.09%)
     2.907068399          1,979,530      LLC-load-misses           (80.05%)
     3.007370350          6,439,055      LLC-loads                 (60.10%)
     3.007370350          1,693,566      LLC-load-misses           (80.05%)
     3.107574323          6,851,103      LLC-loads                 (60.10%)
     3.107574323          2,130,065      LLC-load-misses           (80.05%)
     3.207715463          6,756,442      LLC-loads                 (60.10%)
     3.207715463          1,926,320      LLC-load-misses           (80.05%)
     3.307897177          5,560,246      LLC-loads                 (60.10%)
     3.307897177          1,533,563      LLC-load-misses           (80.05%)
     3.408074215          7,811,811      LLC-loads                 (60.09%)
     3.408074215          2,467,158      LLC-load-misses           (80.05%)
     3.508248406          5,878,789      LLC-loads                 (60.09%)
     3.508248406          1,726,742      LLC-load-misses           (80.05%)
     3.608393506          5,923,695      LLC-loads                 (60.09%)
     3.608393506          1,564,501      LLC-load-misses           (80.05%)
     3.708542225          8,547,050      LLC-loads                 (60.09%)
     3.708542225          2,503,135      LLC-load-misses           (80.05%)
     3.808820454          5,467,631      LLC-loads                 (60.09%)
     3.808820454          1,449,143      LLC-load-misses           (80.05%)
     3.908965247          7,379,921      LLC-loads                 (60.09%)
     3.908965247          2,211,434      LLC-load-misses           (80.05%)
     4.009118949          7,338,732      LLC-loads                 (60.09%)
     4.009118949          2,282,525      LLC-load-misses           (80.04%)
     4.109277192          5,378,205      LLC-loads                 (60.09%)
     4.109277192          1,350,837      LLC-load-misses           (80.04%)
     4.209425158          7,486,742      LLC-loads                 (60.09%)
     4.209425158          2,125,435      LLC-load-misses           (80.04%)
     4.309570891          7,855,770      LLC-loads                 (60.09%)
     4.309570891          2,101,353      LLC-load-misses           (80.04%)
     4.409820801          6,039,230      LLC-loads                 (60.09%)
     4.409820801          1,621,982      LLC-load-misses           (80.04%)
     4.509969526          8,761,352      LLC-loads                 (60.09%)
     4.509969526          2,309,377      LLC-load-misses           (80.04%)
     4.610116163          8,787,672      LLC-loads                 (60.09%)
     4.610116163          2,451,144      LLC-load-misses           (80.04%)
     4.710257602          7,246,483      LLC-loads                 (60.09%)
     4.710257602          1,934,785      LLC-load-misses           (80.04%)
     4.810401321          7,010,482      LLC-loads                 (60.09%)
     4.810401321          2,023,165      LLC-load-misses           (80.04%)
     4.910544136          7,804,677      LLC-loads                 (60.09%)
     4.910544136          2,234,285      LLC-load-misses           (80.04%)
     5.010696421          7,613,308      LLC-loads                 (60.09%)
     5.010696421          2,042,311      LLC-load-misses           (80.04%)
     5.110845813          6,660,140      LLC-loads                 (60.09%)
     5.110845813          1,709,257      LLC-load-misses           (80.04%)
     5.211092487          7,546,605      LLC-loads                 (60.09%)
     5.211092487          2,237,552      LLC-load-misses           (80.04%)
     5.311320637          5,528,614      LLC-loads                 (60.09%)
     5.311320637          1,387,316      LLC-load-misses           (80.04%)
     5.411467566          6,346,421      LLC-loads                 (60.09%)
     5.411467566          1,714,213      LLC-load-misses           (80.04%)
     5.511615451          8,189,024      LLC-loads                 (60.09%)
     5.511615451          2,569,078      LLC-load-misses           (80.04%)
     5.611778191          6,425,431      LLC-loads                 (60.08%)
     5.611778191          1,541,859      LLC-load-misses           (80.04%)
     5.711930835          5,644,024      LLC-loads                 (60.08%)
     5.711930835          1,794,528      LLC-load-misses           (80.04%)
     5.812058852          6,845,431      LLC-loads                 (60.08%)
     5.812058852          1,674,226      LLC-load-misses           (80.04%)
     5.912255735          6,698,967      LLC-loads                 (60.08%)
     5.912255735          1,975,293      LLC-load-misses           (80.04%)
     6.012398072          5,582,994      LLC-loads                 (60.08%)
     6.012398072          1,524,409      LLC-load-misses           (80.04%)
     6.112508308          7,617,466      LLC-loads                 (60.08%)
     6.112508308          2,133,000      LLC-load-misses           (80.04%)
     6.212647318          6,220,789      LLC-loads                 (60.08%)
     6.212647318          1,762,826      LLC-load-misses           (80.04%)
     6.312783827          6,665,250      LLC-loads                 (60.07%)
     6.312783827          1,673,209      LLC-load-misses           (80.04%)
     6.412913340          5,647,224      LLC-loads                 (60.07%)
     6.412913340          1,660,158      LLC-load-misses           (80.04%)
     6.513189519          5,087,067      LLC-loads                 (60.07%)
     6.513189519          1,555,541      LLC-load-misses           (80.04%)
     6.613320269          6,247,004      LLC-loads                 (60.06%)
     6.613320269          1,780,018      LLC-load-misses           (80.04%)
     6.713498561          6,561,882      LLC-loads                 (60.06%)
     6.713498561          1,804,140      LLC-load-misses           (80.04%)
     6.813656274          6,477,963      LLC-loads                 (60.06%)
     6.813656274          1,736,590      LLC-load-misses           (80.04%)
     6.913804479          5,226,634      LLC-loads                 (60.06%)
     6.913804479          1,368,011      LLC-load-misses           (80.04%)
     7.013925727          6,338,043      LLC-loads                 (60.06%)
     7.013925727          1,703,924      LLC-load-misses           (80.04%)
     7.114052513          6,925,643      LLC-loads                 (60.05%)
     7.114052513          1,913,790      LLC-load-misses           (80.04%)
     7.214181372          5,880,342      LLC-loads                 (60.05%)
     7.214181372          1,511,713      LLC-load-misses           (80.04%)
     7.314321319          6,744,439      LLC-loads                 (60.05%)
     7.314321319          1,899,992      LLC-load-misses           (80.04%)
     7.414591151          6,854,003      LLC-loads                 (60.05%)
     7.414591151          1,892,770      LLC-load-misses           (80.04%)
     7.514806951          5,192,122      LLC-loads                 (60.05%)
     7.514806951          1,362,058      LLC-load-misses           (80.04%)
     7.614947442          7,955,183      LLC-loads                 (60.04%)
     7.614947442          1,995,783      LLC-load-misses           (80.04%)
     7.715086268          6,108,640      LLC-loads                 (60.04%)
     7.715086268          1,735,228      LLC-load-misses           (80.04%)
     7.815245884          6,244,524      LLC-loads                 (60.04%)
     7.815245884          1,901,664      LLC-load-misses           (80.04%)
     7.915443893          7,516,527      LLC-loads                 (60.04%)
     7.915443893          2,313,319      LLC-load-misses           (80.04%)
     8.015679178          5,517,585      LLC-loads                 (60.04%)
     8.015679178          1,301,789      LLC-load-misses           (80.04%)
     8.115894206          6,759,060      LLC-loads                 (60.03%)
     8.115894206          1,852,418      LLC-load-misses           (80.04%)
     8.216208962          7,277,213      LLC-loads                 (60.03%)
     8.216208962          1,958,469      LLC-load-misses           (80.04%)
     8.316349939          5,969,935      LLC-loads                 (60.03%)
     8.316349939          1,473,117      LLC-load-misses           (80.04%)
     8.416478230          4,348,918      LLC-loads                 (60.03%)
     8.416478230          1,035,163      LLC-load-misses           (80.04%)
     8.516600795          5,371,301      LLC-loads                 (60.03%)
     8.516600795          1,473,668      LLC-load-misses           (80.03%)
     8.616746742          2,610,122      LLC-loads                 (60.03%)
     8.616746742            930,927      LLC-load-misses           (80.03%)
     8.716861724          2,300,253      LLC-loads                 (60.03%)
     8.716861724            562,563      LLC-load-misses           (80.03%)
     8.816975196          3,669,817      LLC-loads                 (60.02%)
     8.816975196            871,356      LLC-load-misses           (80.03%)
     8.917129031          4,777,462      LLC-loads                 (60.02%)
     8.917129031          1,375,889      LLC-load-misses           (80.03%)
     9.017285413          6,179,124      LLC-loads                 (60.02%)
     9.017285413          1,539,314      LLC-load-misses           (80.03%)
     9.117436117          7,295,292      LLC-loads                 (60.02%)
     9.117436117          2,223,703      LLC-load-misses           (80.02%)
     9.217566478          4,596,549      LLC-loads                 (60.02%)
     9.217566478          1,290,699      LLC-load-misses           (80.02%)
     9.317685439          6,249,892      LLC-loads                 (60.02%)
     9.317685439          1,802,668      LLC-load-misses           (80.02%)
     9.417861786          7,079,196      LLC-loads                 (60.02%)
     9.417861786          2,018,668      LLC-load-misses           (80.02%)
     9.518042831          5,486,247      LLC-loads                 (60.02%)
     9.518042831          1,432,179      LLC-load-misses           (80.02%)
     9.618171635          7,623,449      LLC-loads                 (60.01%)
     9.618171635          1,949,428      LLC-load-misses           (80.02%)
     9.718329297          7,592,817      LLC-loads                 (60.01%)
     9.718329297          1,907,233      LLC-load-misses           (80.02%)
     9.818454524          5,449,022      LLC-loads                 (60.01%)
     9.818454524          1,760,600      LLC-load-misses           (80.01%)
     9.918600659          7,664,067      LLC-loads                 (60.01%)
     9.918600659          2,199,616      LLC-load-misses           (80.01%)
    10.000919293          7,094,745      LLC-loads                 (60.00%)
    10.000919293          1,722,315      LLC-load-misses           (80.00%)
