# started on Tue Nov  5 20:56:06 2019

#           time             counts unit events
     0.100598031                298      context-switches                                            
     0.201303472                139      context-switches                                            
     0.301945279                190      context-switches                                            
     0.402597897                192      context-switches                                            
     0.503172258                174      context-switches                                            
     0.603635258                238      context-switches                                            
     0.704197304                161      context-switches                                            
     0.804733087                256      context-switches                                            
     0.905240884                228      context-switches                                            
     1.005870642                369      context-switches                                            
     1.106542394                228      context-switches                                            
     1.207143960                138      context-switches                                            
     1.307689069                183      context-switches                                            
     1.408270638                202      context-switches                                            
     1.508872728                220      context-switches                                            
     1.609461264                286      context-switches                                            
     1.710051362                143      context-switches                                            
     1.810421985                307      context-switches                                            
     1.910536551              6,839      context-switches                                            
     2.011112060                427      context-switches                                            
     2.111716399                229      context-switches                                            
     2.212255594                135      context-switches                                            
     2.312809913                199      context-switches                                            
     2.413204153                199      context-switches                                            
     2.513702440                178      context-switches                                            
#           time             counts unit events
     2.614213127                226      context-switches                                            
     2.714814618                148      context-switches                                            
     2.815434982                302      context-switches                                            
     2.915789451                292      context-switches                                            
     3.016240076                289      context-switches                                            
     3.116737343                256      context-switches                                            
     3.217224644                212      context-switches                                            
     3.317827604                191      context-switches                                            
     3.418423113                198      context-switches                                            
     3.519026503                146      context-switches                                            
     3.619510383                287      context-switches                                            
     3.719933759                202      context-switches                                            
     3.820316612                294      context-switches                                            
     3.920787161                366      context-switches                                            
     4.021426889                176      context-switches                                            
     4.122037226                232      context-switches                                            
     4.222476535                204      context-switches                                            
     4.322893013                191      context-switches                                            
     4.423425544                208      context-switches                                            
     4.524022607                165      context-switches                                            
     4.624560508                212      context-switches                                            
     4.725161291                207      context-switches                                            
     4.825659935                272      context-switches                                            
     4.926121130                306      context-switches                                            
     5.026296033             22,615      context-switches                                            
#           time             counts unit events
     5.126572283             36,303      context-switches                                            
     5.226679201             37,911      context-switches                                            
     5.326904195             35,780      context-switches                                            
     5.427012872             37,751      context-switches                                            
     5.527231916             36,230      context-switches                                            
     5.627366048             37,700      context-switches                                            
     5.727472433             37,121      context-switches                                            
     5.827576549             36,701      context-switches                                            
     5.927685606             37,108      context-switches                                            
     6.027790196             36,951      context-switches                                            
     6.127973304             36,396      context-switches                                            
     6.228076648             35,436      context-switches                                            
     6.328273867             37,576      context-switches                                            
     6.428401108             36,254      context-switches                                            
     6.528564859             36,724      context-switches                                            
     6.628760024             37,174      context-switches                                            
     6.729065063             37,183      context-switches                                            
     6.829175938             36,943      context-switches                                            
     6.929336458             37,411      context-switches                                            
     7.029492384             36,934      context-switches                                            
     7.129716004             37,348      context-switches                                            
     7.229822448             36,043      context-switches                                            
     7.330031711             37,356      context-switches                                            
     7.430200999             36,556      context-switches                                            
     7.530333590             37,464      context-switches                                            
#           time             counts unit events
     7.630445883             36,340      context-switches                                            
     7.730701648             36,630      context-switches                                            
     7.830844023             37,091      context-switches                                            
     7.931113855             36,561      context-switches                                            
     8.031313974             35,524      context-switches                                            
     8.131459458             36,388      context-switches                                            
     8.231568090             35,901      context-switches                                            
     8.331814878             37,165      context-switches                                            
     8.431998689             36,345      context-switches                                            
     8.532201865             38,314      context-switches                                            
     8.632476657             37,527      context-switches                                            
     8.732688734             37,058      context-switches                                            
     8.832991968             36,620      context-switches                                            
     8.933158930             38,489      context-switches                                            
     9.033322599             36,763      context-switches                                            
     9.133549027             37,769      context-switches                                            
     9.233772029             36,394      context-switches                                            
     9.333930813             38,469      context-switches                                            
     9.434095414             35,640      context-switches                                            
     9.534207093             38,645      context-switches                                            
     9.634441117             35,855      context-switches                                            
     9.734645476             38,319      context-switches                                            
     9.834877134             35,224      context-switches                                            
     9.935073271             38,126      context-switches                                            
    10.000621516             23,445      context-switches                                            
