# started on Tue Nov 12 12:36:36 2019

#           time             counts unit events
     0.100286365             38,453      context-switches                                            
     0.200473047             40,848      context-switches                                            
     0.300587940             42,420      context-switches                                            
     0.400694657             39,210      context-switches                                            
     0.500806748             38,367      context-switches                                            
     0.600919125             42,781      context-switches                                            
     0.701034443             39,311      context-switches                                            
     0.801147058             37,634      context-switches                                            
     0.901415181             39,410      context-switches                                            
     1.001608512             42,660      context-switches                                            
     1.101778360             41,101      context-switches                                            
     1.201970165             39,809      context-switches                                            
     1.302179811             38,910      context-switches                                            
     1.402296634             42,837      context-switches                                            
     1.502506778             39,457      context-switches                                            
     1.602618639             39,397      context-switches                                            
     1.702796342             37,316      context-switches                                            
     1.802906118             36,177      context-switches                                            
     1.903098756             41,178      context-switches                                            
     2.003243571             41,980      context-switches                                            
     2.103456524             40,916      context-switches                                            
     2.203633280             38,043      context-switches                                            
     2.303745154             40,314      context-switches                                            
     2.403856940             32,827      context-switches                                            
     2.503995040             34,984      context-switches                                            
#           time             counts unit events
     2.604109842             38,901      context-switches                                            
     2.704399490             35,312      context-switches                                            
     2.804614685             33,756      context-switches                                            
     2.904726272             34,163      context-switches                                            
     3.004922270             35,626      context-switches                                            
     3.105033259             39,854      context-switches                                            
     3.205322060             42,282      context-switches                                            
     3.305495283             38,182      context-switches                                            
     3.405689171             37,332      context-switches                                            
     3.505821043             38,429      context-switches                                            
     3.606020034             37,753      context-switches                                            
     3.706174404             37,103      context-switches                                            
     3.806402764             38,407      context-switches                                            
     3.906543211             35,068      context-switches                                            
     4.006691267             36,833      context-switches                                            
     4.106816701             39,289      context-switches                                            
     4.206926527             40,549      context-switches                                            
     4.307076553             42,679      context-switches                                            
     4.407347630             38,582      context-switches                                            
     4.507480235             37,035      context-switches                                            
     4.607702670             41,574      context-switches                                            
     4.707838151             37,108      context-switches                                            
     4.807989529             37,756      context-switches                                            
     4.908113687             39,264      context-switches                                            
     5.008248594             33,254      context-switches                                            
#           time             counts unit events
     5.108433786             35,037      context-switches                                            
     5.208645248             38,390      context-switches                                            
     5.308759738             42,317      context-switches                                            
     5.408990699             41,025      context-switches                                            
     5.509162909             39,685      context-switches                                            
     5.609331931             37,333      context-switches                                            
     5.709500405             40,556      context-switches                                            
     5.809676987             37,703      context-switches                                            
     5.909825051             37,069      context-switches                                            
     6.010003693             40,803      context-switches                                            
     6.110160810             37,924      context-switches                                            
     6.210295817             37,697      context-switches                                            
     6.310423879             34,313      context-switches                                            
     6.410574370             36,261      context-switches                                            
     6.510759458             39,613      context-switches                                            
     6.610881330             42,391      context-switches                                            
     6.711024113             36,623      context-switches                                            
     6.811164806             42,791      context-switches                                            
     6.911319238             42,635      context-switches                                            
     7.011488713             32,923      context-switches                                            
     7.111607402             36,226      context-switches                                            
     7.211874083             37,070      context-switches                                            
     7.312120400             37,769      context-switches                                            
     7.412415023             40,354      context-switches                                            
     7.512552016             31,953      context-switches                                            
#           time             counts unit events
     7.612674161             34,471      context-switches                                            
     7.712975489             36,551      context-switches                                            
     7.813084393             38,499      context-switches                                            
     7.913170607             40,358      context-switches                                            
     8.013328024             41,416      context-switches                                            
     8.113501367             40,657      context-switches                                            
     8.213677756             41,571      context-switches                                            
     8.313881085             36,057      context-switches                                            
     8.413985549             37,750      context-switches                                            
     8.514130983             40,400      context-switches                                            
     8.614269888             39,185      context-switches                                            
     8.714438922             37,540      context-switches                                            
     8.814596779             39,067      context-switches                                            
     8.914727268             39,955      context-switches                                            
     9.014894161             40,772      context-switches                                            
     9.115036997             41,433      context-switches                                            
     9.215147436             37,580      context-switches                                            
     9.315262900             39,163      context-switches                                            
     9.415383300             36,628      context-switches                                            
     9.515501771             35,165      context-switches                                            
     9.615615490             36,810      context-switches                                            
     9.715811380             35,342      context-switches                                            
     9.816004836             42,075      context-switches                                            
     9.916193623             41,421      context-switches                                            
    10.000643174             35,956      context-switches                                            
