# started on Mon Nov 11 22:40:01 2019

#           time             counts unit events
     0.100256720             30,218      context-switches                                            
     0.200439751             37,176      context-switches                                            
     0.300607083             49,258      context-switches                                            
     0.400737516             45,984      context-switches                                            
     0.500881008             49,909      context-switches                                            
     0.601039210             43,579      context-switches                                            
     0.701177722             41,976      context-switches                                            
     0.801318374             44,192      context-switches                                            
     0.901460427             43,318      context-switches                                            
     1.001619398             44,796      context-switches                                            
     1.101844861             43,737      context-switches                                            
     1.202049814             45,409      context-switches                                            
     1.302195599             31,943      context-switches                                            
     1.402370943             30,827      context-switches                                            
     1.502522827             32,794      context-switches                                            
     1.602658501             43,676      context-switches                                            
     1.702792936             44,548      context-switches                                            
     1.802932500             46,101      context-switches                                            
     1.903052495             43,682      context-switches                                            
     2.003189550             40,290      context-switches                                            
     2.103338107             43,814      context-switches                                            
     2.203473053             47,814      context-switches                                            
     2.303621510             47,430      context-switches                                            
     2.403766186             42,781      context-switches                                            
     2.503923583             30,244      context-switches                                            
#           time             counts unit events
     2.604072279             39,152      context-switches                                            
     2.704204296             47,827      context-switches                                            
     2.804353272             43,666      context-switches                                            
     2.904484289             46,891      context-switches                                            
     3.004626476             41,097      context-switches                                            
     3.104789583             46,776      context-switches                                            
     3.204945122             45,480      context-switches                                            
     3.305089150             40,836      context-switches                                            
     3.405243720             43,516      context-switches                                            
     3.505385798             47,589      context-switches                                            
     3.605510098             52,017      context-switches                                            
     3.705591857             47,118      context-switches                                            
     3.805741426             52,700      context-switches                                            
     3.905885705             51,875      context-switches                                            
     4.006034423             48,230      context-switches                                            
     4.106177474             52,415      context-switches                                            
     4.206330055             51,830      context-switches                                            
     4.306463286             55,792      context-switches                                            
     4.406591407             40,143      context-switches                                            
     4.506729638             42,679      context-switches                                            
     4.606857510             46,173      context-switches                                            
     4.706983430             45,856      context-switches                                            
     4.807105672             47,818      context-switches                                            
     4.907232513             47,813      context-switches                                            
     5.007357334             45,963      context-switches                                            
#           time             counts unit events
     5.107513607             47,098      context-switches                                            
     5.207669550             43,545      context-switches                                            
     5.307819753             31,981      context-switches                                            
     5.407972206             30,495      context-switches                                            
     5.508122479             33,146      context-switches                                            
     5.608260022             35,214      context-switches                                            
     5.708412085             44,750      context-switches                                            
     5.808545778             42,774      context-switches                                            
     5.908704411             35,103      context-switches                                            
     6.008839815             43,644      context-switches                                            
     6.108983560             46,237      context-switches                                            
     6.209123145             51,331      context-switches                                            
     6.309270610             46,356      context-switches                                            
     6.409428815             49,460      context-switches                                            
     6.509675739             48,633      context-switches                                            
     6.609892753             47,409      context-switches                                            
     6.709987318             44,777      context-switches                                            
     6.810124624             48,336      context-switches                                            
     6.910277209             46,786      context-switches                                            
     7.010432335             45,976      context-switches                                            
     7.110572391             35,173      context-switches                                            
     7.210723418             31,635      context-switches                                            
     7.310867326             34,271      context-switches                                            
     7.411010494             37,253      context-switches                                            
     7.511175851             44,559      context-switches                                            
#           time             counts unit events
     7.611343768             40,048      context-switches                                            
     7.711529155             39,130      context-switches                                            
     7.811676772             46,863      context-switches                                            
     7.911814520             48,686      context-switches                                            
     8.011961157             42,534      context-switches                                            
     8.112117966             43,874      context-switches                                            
     8.212253366             45,683      context-switches                                            
     8.312406905             42,250      context-switches                                            
     8.412565785             40,522      context-switches                                            
     8.512710424             43,002      context-switches                                            
     8.612847544             29,487      context-switches                                            
     8.712987244             35,415      context-switches                                            
     8.813140683             42,522      context-switches                                            
     8.913289843             46,494      context-switches                                            
     9.013417453             40,355      context-switches                                            
     9.113552264             48,003      context-switches                                            
     9.213690136             40,680      context-switches                                            
     9.313823279             48,272      context-switches                                            
     9.413993080             42,736      context-switches                                            
     9.514129271             46,479      context-switches                                            
     9.614266654             47,003      context-switches                                            
     9.714374056             45,062      context-switches                                            
     9.814506028             44,461      context-switches                                            
     9.914651830             48,675      context-switches                                            
    10.000673152             38,993      context-switches                                            
