# started on Tue Nov  5 22:25:26 2019

#           time             counts unit events
     0.100562109                380      context-switches                                            
     0.201240941                219      context-switches                                            
     0.301744109                348      context-switches                                            
     0.402249976                224      context-switches                                            
     0.502762352                219      context-switches                                            
     0.603326752                200      context-switches                                            
     0.703934532                141      context-switches                                            
     0.804449700                193      context-switches                                            
     0.905044298                187      context-switches                                            
     1.005666279                209      context-switches                                            
     1.106293690                265      context-switches                                            
     1.206767435                178      context-switches                                            
     1.307072928                328      context-switches                                            
     1.407435458                156      context-switches                                            
     1.507966782                323      context-switches                                            
     1.608619808                266      context-switches                                            
     1.709211918                177      context-switches                                            
     1.809848644                245      context-switches                                            
     1.910431656                260      context-switches                                            
     2.011064299                298      context-switches                                            
     2.111657863              1,067      context-switches                                            
     2.212127648                326      context-switches                                            
     2.312599806                332      context-switches                                            
     2.413073105              7,152      context-switches                                            
     2.513698713                202      context-switches                                            
#           time             counts unit events
     2.614303816                261      context-switches                                            
     2.714928101                120      context-switches                                            
     2.815411546                218      context-switches                                            
     2.915925418                174      context-switches                                            
     3.016587711                249      context-switches                                            
     3.117190103                259      context-switches                                            
     3.217842521                184      context-switches                                            
     3.318241360                363      context-switches                                            
     3.418755577                196      context-switches                                            
     3.519237015                390      context-switches                                            
     3.619750862                281      context-switches                                            
     3.720185043                217      context-switches                                            
     3.820786860                182      context-switches                                            
     3.921361139                227      context-switches                                            
     4.021998388                269      context-switches                                            
     4.122494232                237      context-switches                                            
     4.223078677                242      context-switches                                            
     4.323537527                296      context-switches                                            
     4.423970021                241      context-switches                                            
     4.524550204                201      context-switches                                            
     4.625137044                254      context-switches                                            
     4.725739380                132      context-switches                                            
     4.826226771                240      context-switches                                            
     4.926669864                186      context-switches                                            
     5.026925134              4,707      context-switches                                            
#           time             counts unit events
     5.127224172             24,416      context-switches                                            
     5.227506194             36,146      context-switches                                            
     5.327729241             36,830      context-switches                                            
     5.427957357             36,936      context-switches                                            
     5.528262493             38,586      context-switches                                            
     5.628460383             37,140      context-switches                                            
     5.728702112             37,461      context-switches                                            
     5.828812595             36,933      context-switches                                            
     5.929002774             37,994      context-switches                                            
     6.029220114             36,873      context-switches                                            
     6.129442241             38,282      context-switches                                            
     6.229688580             36,687      context-switches                                            
     6.329859006             38,267      context-switches                                            
     6.430122488             37,083      context-switches                                            
     6.530319647             36,995      context-switches                                            
     6.630487685             36,618      context-switches                                            
     6.730747565             37,766      context-switches                                            
     6.830971352             36,839      context-switches                                            
     6.931245175             37,713      context-switches                                            
     7.031376946             36,757      context-switches                                            
     7.131588355             36,904      context-switches                                            
     7.231838240             36,196      context-switches                                            
     7.331994706             37,764      context-switches                                            
     7.432220280             36,640      context-switches                                            
     7.532461187             38,368      context-switches                                            
#           time             counts unit events
     7.632627849             36,733      context-switches                                            
     7.732890937             37,350      context-switches                                            
     7.833044858             35,500      context-switches                                            
     7.933261670             37,920      context-switches                                            
     8.033413520             36,092      context-switches                                            
     8.133542165             38,593      context-switches                                            
     8.233675962             32,823      context-switches                                            
     8.333840445             37,479      context-switches                                            
     8.434124563             35,553      context-switches                                            
     8.534342026             38,126      context-switches                                            
     8.634589739             35,535      context-switches                                            
     8.734703189             38,850      context-switches                                            
     8.834922678             35,219      context-switches                                            
     8.935029180             35,409      context-switches                                            
     9.035280942             37,317      context-switches                                            
     9.135433065             37,177      context-switches                                            
     9.235688638             35,998      context-switches                                            
     9.335899048             38,479      context-switches                                            
     9.436070118             36,988      context-switches                                            
     9.536215388             39,031      context-switches                                            
     9.636441822             36,765      context-switches                                            
     9.736676036             38,017      context-switches                                            
     9.836831459             35,388      context-switches                                            
     9.937078986             37,099      context-switches                                            
    10.000670348             23,708      context-switches                                            
