
     0.100225224          6,218,939      LLC-loads                 (59.92%)
     0.100225224          1,781,161      LLC-load-misses           (79.91%)
     0.200385338          5,373,836      LLC-loads                 (59.92%)
     0.200385338          1,529,737      LLC-load-misses           (79.89%)
     0.300494644          5,883,080      LLC-loads                 (59.93%)
     0.300494644          1,629,155      LLC-load-misses           (79.90%)
     0.400614856          8,706,549      LLC-loads                 (59.93%)
     0.400614856          2,247,863      LLC-load-misses           (79.90%)
     0.500731623          6,741,032      LLC-loads                 (59.93%)
     0.500731623          1,896,049      LLC-load-misses           (79.90%)
     0.600850804          5,398,374      LLC-loads                 (59.93%)
     0.600850804          1,597,523      LLC-load-misses           (79.90%)
     0.700975901          9,672,983      LLC-loads                 (59.93%)
     0.700975901          2,483,988      LLC-load-misses           (79.90%)
     0.801103045          8,498,531      LLC-loads                 (59.93%)
     0.801103045          2,206,600      LLC-load-misses           (79.90%)
     0.902336156          7,814,462      LLC-loads                 (59.86%)
     0.902336156          2,210,941      LLC-load-misses           (79.80%)
     1.002506324          5,446,257      LLC-loads                 (59.86%)
     1.002506324          1,392,461      LLC-load-misses           (79.81%)
     1.102621940          7,355,095      LLC-loads                 (59.87%)
     1.102621940          2,206,352      LLC-load-misses           (79.82%)
     1.202788608          8,578,940      LLC-loads                 (59.88%)
     1.202788608          2,175,197      LLC-load-misses           (79.83%)
     1.302934621          5,090,135      LLC-loads                 (59.89%)
     1.302934621          1,508,637      LLC-load-misses           (79.84%)
     1.403064474          6,333,323      LLC-loads                 (59.90%)
     1.403064474          1,810,166      LLC-load-misses           (79.86%)
     1.503230576          6,585,237      LLC-loads                 (59.91%)
     1.503230576          1,713,473      LLC-load-misses           (79.87%)
     1.603375974          7,910,797      LLC-loads                 (59.92%)
     1.603375974          1,948,674      LLC-load-misses           (79.88%)
     1.703516518          5,231,729      LLC-loads                 (59.93%)
     1.703516518          1,521,535      LLC-load-misses           (79.89%)
     1.803669193          8,566,932      LLC-loads                 (59.94%)
     1.803669193          2,150,345      LLC-load-misses           (79.90%)
     1.903843769          5,752,394      LLC-loads                 (59.95%)
     1.903843769          1,636,725      LLC-load-misses           (79.90%)
     2.004031618          5,167,215      LLC-loads                 (59.95%)
     2.004031618          1,569,890      LLC-load-misses           (79.91%)
     2.104169514          8,224,246      LLC-loads                 (59.96%)
     2.104169514          2,145,343      LLC-load-misses           (79.92%)
     2.205162525          8,047,730      LLC-loads                 (59.98%)
     2.205162525          2,176,963      LLC-load-misses           (79.93%)
     2.305303323          7,775,162      LLC-loads                 (59.98%)
     2.305303323          1,653,290      LLC-load-misses           (79.93%)
     2.405890777          4,424,435      LLC-loads                 (59.99%)
     2.405890777          1,462,650      LLC-load-misses           (79.94%)
     2.506029835          6,772,349      LLC-loads                 (59.99%)
     2.506029835          1,941,099      LLC-load-misses           (79.94%)
     2.606177808          9,685,802      LLC-loads                 (60.00%)
     2.606177808          2,096,032      LLC-load-misses           (79.95%)
     2.706328935          9,677,980      LLC-loads                 (60.00%)
     2.706328935          2,716,542      LLC-load-misses           (79.95%)
     2.806471990          4,871,349      LLC-loads                 (60.00%)
     2.806471990          1,436,989      LLC-load-misses           (79.95%)
     2.906610557          7,122,108      LLC-loads                 (60.00%)
     2.906610557          1,837,117      LLC-load-misses           (79.96%)
     3.006765238          6,622,095      LLC-loads                 (60.01%)
     3.006765238          1,633,843      LLC-load-misses           (79.96%)
     3.107022774          6,160,580      LLC-loads                 (60.01%)
     3.107022774          1,665,951      LLC-load-misses           (79.96%)
     3.207157724          6,316,973      LLC-loads                 (60.01%)
     3.207157724          1,699,101      LLC-load-misses           (79.96%)
     3.307295037          7,673,621      LLC-loads                 (60.01%)
     3.307295037          2,088,974      LLC-load-misses           (79.97%)
     3.407438416          7,681,738      LLC-loads                 (60.01%)
     3.407438416          1,635,917      LLC-load-misses           (79.97%)
     3.507579899          6,183,678      LLC-loads                 (60.02%)
     3.507579899          1,841,969      LLC-load-misses           (79.97%)
     3.607719304          5,852,124      LLC-loads                 (60.02%)
     3.607719304          1,515,846      LLC-load-misses           (79.97%)
     3.707870930          7,774,034      LLC-loads                 (60.02%)
     3.707870930          2,036,406      LLC-load-misses           (79.97%)
     3.808272078          6,926,807      LLC-loads                 (60.02%)
     3.808272078          2,207,967      LLC-load-misses           (79.97%)
     3.908442322          5,515,949      LLC-loads                 (60.02%)
     3.908442322          1,512,062      LLC-load-misses           (79.98%)
     4.008574300          7,546,394      LLC-loads                 (60.02%)
     4.008574300          1,952,171      LLC-load-misses           (79.98%)
     4.108702922          6,633,004      LLC-loads                 (60.02%)
     4.108702922          1,586,497      LLC-load-misses           (79.98%)
     4.208837224          5,795,360      LLC-loads                 (60.02%)
     4.208837224          1,540,629      LLC-load-misses           (79.98%)
     4.309589711          8,240,100      LLC-loads                 (60.03%)
     4.309589711          2,181,282      LLC-load-misses           (79.98%)
     4.409734025          7,680,034      LLC-loads                 (60.03%)
     4.409734025          1,836,635      LLC-load-misses           (79.99%)
     4.509875700          6,936,132      LLC-loads                 (60.03%)
     4.509875700          1,842,418      LLC-load-misses           (79.99%)
     4.610014148          4,135,667      LLC-loads                 (60.03%)
     4.610014148          1,191,949      LLC-load-misses           (79.99%)
     4.710184019          7,334,151      LLC-loads                 (60.03%)
     4.710184019          1,976,588      LLC-load-misses           (79.99%)
     4.810390355          8,089,376      LLC-loads                 (60.03%)
     4.810390355          2,047,388      LLC-load-misses           (79.99%)
     4.910604835          6,163,863      LLC-loads                 (60.04%)
     4.910604835          1,957,196      LLC-load-misses           (79.99%)
     5.010891498          6,697,348      LLC-loads                 (60.04%)
     5.010891498          1,801,982      LLC-load-misses           (79.99%)
     5.111089050          7,590,465      LLC-loads                 (60.04%)
     5.111089050          1,837,350      LLC-load-misses           (79.99%)
     5.211263806          9,248,107      LLC-loads                 (60.04%)
     5.211263806          2,441,640      LLC-load-misses           (80.00%)
     5.311555195          5,868,340      LLC-loads                 (60.04%)
     5.311555195          1,285,749      LLC-load-misses           (80.00%)
     5.411721721          6,385,975      LLC-loads                 (60.04%)
     5.411721721          1,836,305      LLC-load-misses           (80.00%)
     5.511881426          6,709,370      LLC-loads                 (60.04%)
     5.511881426          1,677,439      LLC-load-misses           (80.00%)
     5.612030685          5,466,330      LLC-loads                 (60.04%)
     5.612030685          1,732,143      LLC-load-misses           (80.00%)
     5.712172352          5,858,402      LLC-loads                 (60.04%)
     5.712172352          1,850,456      LLC-load-misses           (80.00%)
     5.812311231          7,340,835      LLC-loads                 (60.04%)
     5.812311231          2,009,890      LLC-load-misses           (80.00%)
     5.912461248          7,795,621      LLC-loads                 (60.04%)
     5.912461248          2,089,751      LLC-load-misses           (80.00%)
     6.012683980          7,698,080      LLC-loads                 (60.04%)
     6.012683980          2,112,743      LLC-load-misses           (80.00%)
     6.112876608          5,458,953      LLC-loads                 (60.05%)
     6.112876608          1,402,681      LLC-load-misses           (80.00%)
     6.213111277          7,732,855      LLC-loads                 (60.05%)
     6.213111277          2,064,375      LLC-load-misses           (80.00%)
     6.313246031          7,732,266      LLC-loads                 (60.05%)
     6.313246031          1,983,715      LLC-load-misses           (80.00%)
     6.413397536          6,745,784      LLC-loads                 (60.05%)
     6.413397536          1,553,448      LLC-load-misses           (80.00%)
     6.513599210          6,305,269      LLC-loads                 (60.05%)
     6.513599210          1,699,078      LLC-load-misses           (80.00%)
     6.613754586          8,693,506      LLC-loads                 (60.05%)
     6.613754586          2,362,783      LLC-load-misses           (80.00%)
     6.713924100          8,106,040      LLC-loads                 (60.05%)
     6.713924100          2,059,702      LLC-load-misses           (80.00%)
     6.814259341          6,225,664      LLC-loads                 (60.05%)
     6.814259341          1,673,899      LLC-load-misses           (80.01%)
     6.914392041          5,038,180      LLC-loads                 (60.05%)
     6.914392041          1,264,754      LLC-load-misses           (80.01%)
     7.014535678          5,323,706      LLC-loads                 (60.05%)
     7.014535678          1,436,486      LLC-load-misses           (80.01%)
     7.114825576          4,132,178      LLC-loads                 (60.05%)
     7.114825576          1,044,408      LLC-load-misses           (80.01%)
     7.215010573          2,787,987      LLC-loads                 (60.05%)
     7.215010573            832,491      LLC-load-misses           (80.01%)
     7.315135491          4,244,532      LLC-loads                 (60.04%)
     7.315135491            934,502      LLC-load-misses           (80.01%)
     7.415310818          2,669,181      LLC-loads                 (60.04%)
     7.415310818            811,456      LLC-load-misses           (80.01%)
     7.515495783          2,195,747      LLC-loads                 (60.04%)
     7.515495783            548,993      LLC-load-misses           (80.01%)
     7.615624047          4,218,688      LLC-loads                 (60.04%)
     7.615624047            902,037      LLC-load-misses           (80.01%)
     7.715858936          3,743,801      LLC-loads                 (60.04%)
     7.715858936          1,138,064      LLC-load-misses           (80.01%)
     7.815978797          2,551,670      LLC-loads                 (60.03%)
     7.815978797            475,162      LLC-load-misses           (80.01%)
     7.916105209          4,869,256      LLC-loads                 (60.03%)
     7.916105209          1,253,211      LLC-load-misses           (80.01%)
     8.016235743          4,818,248      LLC-loads                 (60.03%)
     8.016235743            988,193      LLC-load-misses           (80.01%)
     8.116429021          2,042,128      LLC-loads                 (60.03%)
     8.116429021            470,868      LLC-load-misses           (80.01%)
     8.216539728          4,696,752      LLC-loads                 (60.03%)
     8.216539728          1,252,260      LLC-load-misses           (80.01%)
     8.316681227          3,316,136      LLC-loads                 (60.03%)
     8.316681227            982,115      LLC-load-misses           (80.01%)
     8.416910460          2,405,257      LLC-loads                 (60.03%)
     8.416910460            529,853      LLC-load-misses           (80.01%)
     8.517044109          4,933,374      LLC-loads                 (60.02%)
     8.517044109          1,304,363      LLC-load-misses           (80.01%)
     8.617319982          4,155,716      LLC-loads                 (60.02%)
     8.617319982            773,799      LLC-load-misses           (80.01%)
     8.717474348          2,627,045      LLC-loads                 (60.02%)
     8.717474348            779,735      LLC-load-misses           (80.01%)
     8.817603263          4,118,374      LLC-loads                 (60.02%)
     8.817603263            944,485      LLC-load-misses           (80.01%)
     8.917745490          3,837,543      LLC-loads                 (60.02%)
     8.917745490            980,258      LLC-load-misses           (80.01%)
     9.017930140          1,946,767      LLC-loads                 (60.02%)
     9.017930140            560,308      LLC-load-misses           (80.01%)
     9.118058769          4,224,768      LLC-loads                 (60.02%)
     9.118058769            988,105      LLC-load-misses           (80.01%)
     9.218286535          3,772,021      LLC-loads                 (60.01%)
     9.218286535          1,042,505      LLC-load-misses           (80.01%)
     9.318438294          1,940,746      LLC-loads                 (60.01%)
     9.318438294            475,871      LLC-load-misses           (80.01%)
     9.418570485          3,553,275      LLC-loads                 (60.01%)
     9.418570485            913,358      LLC-load-misses           (80.01%)
     9.518730735          4,397,630      LLC-loads                 (60.01%)
     9.518730735          1,110,066      LLC-load-misses           (80.01%)
     9.618874875          2,025,389      LLC-loads                 (60.01%)
     9.618874875            457,365      LLC-load-misses           (80.01%)
     9.718983317          3,076,601      LLC-loads                 (60.01%)
     9.718983317            720,011      LLC-load-misses           (80.01%)
     9.819097363          4,610,449      LLC-loads                 (60.01%)
     9.819097363            938,152      LLC-load-misses           (80.01%)
     9.919213028          3,805,617      LLC-loads                 (60.01%)
     9.919213028          1,016,548      LLC-load-misses           (80.01%)
    10.000731295          4,540,482      LLC-loads                 (60.00%)
    10.000731295            590,726      LLC-load-misses           (79.99%)
