# started on Wed Nov  6 01:32:44 2019

#           time             counts unit events
     0.100813223                337      context-switches                                            
     0.201505217                186      context-switches                                            
     0.302137687                206      context-switches                                            
     0.402668111                379      context-switches                                            
     0.503331045                209      context-switches                                            
     0.603932115                200      context-switches                                            
     0.704331301              2,815      context-switches                                            
     0.804757514                536      context-switches                                            
     0.905344412              4,332      context-switches                                            
     1.005943587                239      context-switches                                            
     1.106549255                192      context-switches                                            
     1.207015407                250      context-switches                                            
     1.307534690                256      context-switches                                            
     1.408139530                381      context-switches                                            
     1.508763676                173      context-switches                                            
     1.609333412                181      context-switches                                            
     1.709931846                205      context-switches                                            
     1.810427838                244      context-switches                                            
     1.911049362                275      context-switches                                            
     2.011654369                213      context-switches                                            
     2.112255133                188      context-switches                                            
     2.212771748                221      context-switches                                            
     2.313169832                234      context-switches                                            
     2.413784863                333      context-switches                                            
     2.514432514                154      context-switches                                            
#           time             counts unit events
     2.615030006                170      context-switches                                            
     2.715485862                192      context-switches                                            
     2.815954401                210      context-switches                                            
     2.916534841                264      context-switches                                            
     3.017181917                241      context-switches                                            
     3.117831725                170      context-switches                                            
     3.218486660                177      context-switches                                            
     3.318960973                374      context-switches                                            
     3.419593496                216      context-switches                                            
     3.520218117                195      context-switches                                            
     3.620845942                198      context-switches                                            
     3.721433647                174      context-switches                                            
     3.822043568                224      context-switches                                            
     3.922629001                331      context-switches                                            
     4.023230253                260      context-switches                                            
     4.123784947                230      context-switches                                            
     4.224265140                281      context-switches                                            
     4.324650622                472      context-switches                                            
     4.425259668                158      context-switches                                            
     4.525863431                186      context-switches                                            
     4.626073717              6,140      context-switches                                            
     4.726638507                208      context-switches                                            
     4.827301813                214      context-switches                                            
     4.927740539                246      context-switches                                            
     5.027957010              1,444      context-switches                                            
#           time             counts unit events
     5.128317627              5,422      context-switches                                            
     5.228583171              7,821      context-switches                                            
     5.328786733             24,717      context-switches                                            
     5.429247464              1,642      context-switches                                            
     5.529624372              2,376      context-switches                                            
     5.630044024              1,641      context-switches                                            
     5.730423849              3,866      context-switches                                            
     5.830855055              2,520      context-switches                                            
     5.931399224              1,054      context-switches                                            
     6.031944914              2,224      context-switches                                            
     6.132240022              1,809      context-switches                                            
     6.232524986              5,379      context-switches                                            
     6.333034140                576      context-switches                                            
     6.433395457              1,985      context-switches                                            
     6.533559006              1,681      context-switches                                            
     6.633768216              3,724      context-switches                                            
     6.734291513              2,003      context-switches                                            
     6.834594260              1,704      context-switches                                            
     6.935245376              1,725      context-switches                                            
     7.035425275              3,702      context-switches                                            
     7.135823111              3,187      context-switches                                            
     7.236273368              1,169      context-switches                                            
     7.336791317              1,873      context-switches                                            
     7.437082600              1,769      context-switches                                            
     7.537260326              4,154      context-switches                                            
#           time             counts unit events
     7.637779407              2,438      context-switches                                            
     7.738020872              4,560      context-switches                                            
     7.838332735              3,560      context-switches                                            
     7.938867063              2,364      context-switches                                            
     8.039390804              2,453      context-switches                                            
     8.139773523              1,485      context-switches                                            
     8.240096944              5,239      context-switches                                            
     8.340667204                570      context-switches                                            
     8.441109266              2,258      context-switches                                            
     8.541673094              1,205      context-switches                                            
     8.642106009              1,587      context-switches                                            
     8.742657628              1,270      context-switches                                            
     8.843188562              1,682      context-switches                                            
     8.943737295              1,263      context-switches                                            
     9.044285153              1,818      context-switches                                            
     9.144912874              1,120      context-switches                                            
     9.245375248              1,878      context-switches                                            
     9.345988564              1,179      context-switches                                            
     9.446429951              1,721      context-switches                                            
     9.547100266              1,056      context-switches                                            
     9.647668487              1,603      context-switches                                            
     9.748306264              1,150      context-switches                                            
     9.848689623              1,709      context-switches                                            
     9.949193182              1,215      context-switches                                            
    10.000834921              1,515      context-switches                                            
