# started on Thu Nov  7 01:59:32 2019

#           time             counts unit events
     0.100498711              2,339      context-switches                                            
     0.200789561              3,263      context-switches                                            
     0.301278280              2,174      context-switches                                            
     0.401860922              3,001      context-switches                                            
     0.502421249              1,841      context-switches                                            
     0.602703384              4,188      context-switches                                            
     0.702894446              5,713      context-switches                                            
     0.803113318              4,820      context-switches                                            
     0.903584456              3,206      context-switches                                            
     1.003895733              1,901      context-switches                                            
     1.104023608              8,326      context-switches                                            
     1.204378019              7,962      context-switches                                            
     1.304677538              3,379      context-switches                                            
     1.405077126              2,189      context-switches                                            
     1.505695868              1,207      context-switches                                            
     1.605937481              4,009      context-switches                                            
     1.706294512              9,216      context-switches                                            
     1.806526593              4,837      context-switches                                            
     1.907027001              6,694      context-switches                                            
     2.007342751              1,865      context-switches                                            
     2.107457415              9,305      context-switches                                            
     2.207703665              7,445      context-switches                                            
     2.307876162              8,089      context-switches                                            
     2.408216213              1,960      context-switches                                            
     2.508572714              1,466      context-switches                                            
#           time             counts unit events
     2.608764660              5,060      context-switches                                            
     2.708904463              8,081      context-switches                                            
     2.809161058              4,989      context-switches                                            
     2.909592008              2,853      context-switches                                            
     3.009956363              1,565      context-switches                                            
     3.110072746              8,663      context-switches                                            
     3.210207481              7,799      context-switches                                            
     3.310509546             13,946      context-switches                                            
     3.410846888              4,448      context-switches                                            
     3.511489108              1,539      context-switches                                            
     3.611706414              4,854      context-switches                                            
     3.711824691              8,567      context-switches                                            
     3.811930485              5,167      context-switches                                            
     3.912312959              2,272      context-switches                                            
     4.012959180              1,780      context-switches                                            
     4.113162397              4,439      context-switches                                            
     4.213478571              9,369      context-switches                                            
     4.313632265              5,083      context-switches                                            
     4.413952975              5,492      context-switches                                            
     4.514561841              1,786      context-switches                                            
     4.614772369              4,762      context-switches                                            
     4.715114352              8,200      context-switches                                            
     4.815379504              4,179      context-switches                                            
     4.915743225              4,121      context-switches                                            
     5.016319836              1,208      context-switches                                            
#           time             counts unit events
     5.116552701              4,258      context-switches                                            
     5.216905363              5,458      context-switches                                            
     5.317068795              5,146      context-switches                                            
     5.417597122              2,358      context-switches                                            
     5.517815841              2,204      context-switches                                            
     5.617926990              9,116      context-switches                                            
     5.718069851              6,280      context-switches                                            
     5.818528217              3,891      context-switches                                            
     5.918970296              1,726      context-switches                                            
     6.019474437              2,056      context-switches                                            
     6.119742857              4,643      context-switches                                            
     6.219984883              8,634      context-switches                                            
     6.320091307              4,964      context-switches                                            
     6.420462852              4,777      context-switches                                            
     6.520961966              1,169      context-switches                                            
     6.621251167              4,468      context-switches                                            
     6.721457107              8,840      context-switches                                            
     6.821621635              4,958      context-switches                                            
     6.921958880              2,981      context-switches                                            
     7.022432690              1,195      context-switches                                            
     7.122718406              4,578      context-switches                                            
     7.222965205              8,678      context-switches                                            
     7.323155042              5,555      context-switches                                            
     7.423616803              1,788      context-switches                                            
     7.524204563              1,334      context-switches                                            
#           time             counts unit events
     7.624356520              4,692      context-switches                                            
     7.724709927              8,617      context-switches                                            
     7.824960663              5,034      context-switches                                            
     7.925304639              3,496      context-switches                                            
     8.025478337              3,381      context-switches                                            
     8.125621081             10,068      context-switches                                            
     8.225977255              6,702      context-switches                                            
     8.326416367              4,189      context-switches                                            
     8.426889181              3,185      context-switches                                            
     8.527462876              1,106      context-switches                                            
     8.627799226              4,151      context-switches                                            
     8.727985126              4,814      context-switches                                            
     8.828091955              5,816      context-switches                                            
     8.928663393              1,368      context-switches                                            
     9.029064058              2,807      context-switches                                            
     9.129398710              4,584      context-switches                                            
     9.229710484              6,557      context-switches                                            
     9.330234697              2,930      context-switches                                            
     9.430386721              2,588      context-switches                                            
     9.530652925              4,735      context-switches                                            
     9.630762196              5,923      context-switches                                            
     9.731370541              3,900      context-switches                                            
     9.831679691              1,094      context-switches                                            
     9.932013209              6,067      context-switches                                            
    10.000712182              1,250      context-switches                                            
