# started on Tue Nov  5 21:32:46 2019

#           time             counts unit events
     0.100655356                409      context-switches                                            
     0.201303694                231      context-switches                                            
     0.301877215                225      context-switches                                            
     0.402454288                422      context-switches                                            
     0.503061915                213      context-switches                                            
     0.603649351                297      context-switches                                            
     0.704276423                166      context-switches                                            
     0.804782083                192      context-switches                                            
     0.905320339                241      context-switches                                            
     1.005926027                169      context-switches                                            
     1.106507041                259      context-switches                                            
     1.207064074                168      context-switches                                            
     1.307683681                250      context-switches                                            
     1.408358885                400      context-switches                                            
     1.508957110                168      context-switches                                            
     1.609467133                311      context-switches                                            
     1.710034246                184      context-switches                                            
     1.810615597                300      context-switches                                            
     1.911198856                328      context-switches                                            
     2.011790637                144      context-switches                                            
     2.112432004                307      context-switches                                            
     2.212977533                258      context-switches                                            
     2.313511382                281      context-switches                                            
     2.413962095              6,319      context-switches                                            
     2.514515395                164      context-switches                                            
#           time             counts unit events
     2.615063496                253      context-switches                                            
     2.715635815                181      context-switches                                            
     2.816242134                182      context-switches                                            
     2.916828111                174      context-switches                                            
     3.017398094                175      context-switches                                            
     3.117982091                218      context-switches                                            
     3.218680084                238      context-switches                                            
     3.319320122                238      context-switches                                            
     3.419921803                371      context-switches                                            
     3.520569179                202      context-switches                                            
     3.621189171                312      context-switches                                            
     3.721697990                153      context-switches                                            
     3.822265573                168      context-switches                                            
     3.922854843                188      context-switches                                            
     4.023478211                182      context-switches                                            
     4.124023529                256      context-switches                                            
     4.224649016                222      context-switches                                            
     4.325131508                170      context-switches                                            
     4.425722749                306      context-switches                                            
     4.526282459                181      context-switches                                            
     4.626854800                192      context-switches                                            
     4.727426342                253      context-switches                                            
     4.827986849                176      context-switches                                            
     4.928441520                204      context-switches                                            
     5.028546315              4,211      context-switches                                            
#           time             counts unit events
     5.128761201             19,413      context-switches                                            
     5.229013481             37,184      context-switches                                            
     5.329148523             36,975      context-switches                                            
     5.429423747             35,591      context-switches                                            
     5.529668943             38,007      context-switches                                            
     5.629915409             36,858      context-switches                                            
     5.730167899             37,519      context-switches                                            
     5.830336451             37,278      context-switches                                            
     5.930606747             37,686      context-switches                                            
     6.030883384             37,120      context-switches                                            
     6.131093444             38,619      context-switches                                            
     6.231341895             37,030      context-switches                                            
     6.331529580             38,258      context-switches                                            
     6.431721691             36,394      context-switches                                            
     6.531829036             38,492      context-switches                                            
     6.632066953             37,013      context-switches                                            
     6.732175784             38,051      context-switches                                            
     6.832281017             35,257      context-switches                                            
     6.932413158             38,989      context-switches                                            
     7.032575893             36,338      context-switches                                            
     7.132746881             38,798      context-switches                                            
     7.232948997             37,025      context-switches                                            
     7.333056620             38,385      context-switches                                            
     7.433347334             36,704      context-switches                                            
     7.533551659             38,245      context-switches                                            
#           time             counts unit events
     7.633698738             36,486      context-switches                                            
     7.733938143             36,071      context-switches                                            
     7.834095115             37,113      context-switches                                            
     7.934248103             37,752      context-switches                                            
     8.034478340             36,257      context-switches                                            
     8.134729438             38,424      context-switches                                            
     8.234980890             36,984      context-switches                                            
     8.335252250             38,161      context-switches                                            
     8.435415313             35,648      context-switches                                            
     8.535522188             37,878      context-switches                                            
     8.635665880             37,180      context-switches                                            
     8.735850775             37,825      context-switches                                            
     8.835988218             36,544      context-switches                                            
     8.936180104             37,497      context-switches                                            
     9.036336653             36,833      context-switches                                            
     9.136593781             38,217      context-switches                                            
     9.236783048             36,939      context-switches                                            
     9.336953147             38,146      context-switches                                            
     9.437117397             36,948      context-switches                                            
     9.537288554             37,489      context-switches                                            
     9.637557065             36,450      context-switches                                            
     9.737721927             38,118      context-switches                                            
     9.837941840             35,585      context-switches                                            
     9.938050405             37,860      context-switches                                            
    10.000728630             23,040      context-switches                                            
