# started on Tue Nov 12 11:14:42 2019

#           time             counts unit events
     0.100126134             37,985      context-switches                                            
     0.200296869             39,904      context-switches                                            
     0.300440874             38,205      context-switches                                            
     0.400607900             33,906      context-switches                                            
     0.500773127             38,006      context-switches                                            
     0.600945514             40,640      context-switches                                            
     0.701131917             38,547      context-switches                                            
     0.801274902             39,838      context-switches                                            
     0.901511427             42,944      context-switches                                            
     1.001663679             38,800      context-switches                                            
     1.101766358             41,131      context-switches                                            
     1.201926998             40,291      context-switches                                            
     1.302110118             36,843      context-switches                                            
     1.402343936             36,853      context-switches                                            
     1.502448203             34,933      context-switches                                            
     1.602563130             39,773      context-switches                                            
     1.702668910             37,392      context-switches                                            
     1.802857902             33,404      context-switches                                            
     1.902969158             38,701      context-switches                                            
     2.003105199             40,624      context-switches                                            
     2.103238349             38,729      context-switches                                            
     2.203344635             40,249      context-switches                                            
     2.303500140             39,045      context-switches                                            
     2.403687388             34,846      context-switches                                            
     2.503798841             34,193      context-switches                                            
#           time             counts unit events
     2.603916648             33,826      context-switches                                            
     2.704137405             36,996      context-switches                                            
     2.804243148             34,493      context-switches                                            
     2.904376062             38,772      context-switches                                            
     3.004437223             38,005      context-switches                                            
     3.104531186             40,189      context-switches                                            
     3.204731518             41,611      context-switches                                            
     3.304895212             38,703      context-switches                                            
     3.405133857             41,601      context-switches                                            
     3.505244336             43,657      context-switches                                            
     3.605380343             41,585      context-switches                                            
     3.705521038             36,067      context-switches                                            
     3.805692196             38,524      context-switches                                            
     3.905809788             41,205      context-switches                                            
     4.005963328             41,469      context-switches                                            
     4.106068430             41,309      context-switches                                            
     4.206201850             36,045      context-switches                                            
     4.306360259             39,653      context-switches                                            
     4.406509322             39,869      context-switches                                            
     4.506614050             38,857      context-switches                                            
     4.606801826             36,087      context-switches                                            
     4.707000949             34,211      context-switches                                            
     4.807117973             35,869      context-switches                                            
     4.907237262             33,834      context-switches                                            
     5.007357820             37,139      context-switches                                            
#           time             counts unit events
     5.107519561             37,486      context-switches                                            
     5.207634131             35,742      context-switches                                            
     5.307763939             35,421      context-switches                                            
     5.407924284             36,503      context-switches                                            
     5.508096105             34,590      context-switches                                            
     5.608211341             38,531      context-switches                                            
     5.708315035             39,124      context-switches                                            
     5.808420579             37,110      context-switches                                            
     5.908522278             35,116      context-switches                                            
     6.008616729             38,686      context-switches                                            
     6.108797255             34,318      context-switches                                            
     6.208954428             37,104      context-switches                                            
     6.309076085             39,012      context-switches                                            
     6.409290270             36,765      context-switches                                            
     6.509402353             35,961      context-switches                                            
     6.609519980             41,686      context-switches                                            
     6.709626321             41,249      context-switches                                            
     6.809700446             36,067      context-switches                                            
     6.909934550             37,963      context-switches                                            
     7.010066163             39,506      context-switches                                            
     7.110246754             41,991      context-switches                                            
     7.210476961             40,842      context-switches                                            
     7.310593740             39,456      context-switches                                            
     7.410762207             37,799      context-switches                                            
     7.510892330             39,776      context-switches                                            
#           time             counts unit events
     7.611053249             37,134      context-switches                                            
     7.711183029             39,517      context-switches                                            
     7.811321084             40,586      context-switches                                            
     7.911470731             37,601      context-switches                                            
     8.011604366             35,745      context-switches                                            
     8.111710330             35,418      context-switches                                            
     8.211818301             36,657      context-switches                                            
     8.311945848             35,655      context-switches                                            
     8.412055333             35,927      context-switches                                            
     8.512254632             36,955      context-switches                                            
     8.612367443             40,487      context-switches                                            
     8.712491216             36,273      context-switches                                            
     8.812690758             35,540      context-switches                                            
     8.912900810             39,434      context-switches                                            
     9.013040898             37,799      context-switches                                            
     9.113156905             39,708      context-switches                                            
     9.213278350             40,711      context-switches                                            
     9.313389672             30,963      context-switches                                            
     9.413511865             37,735      context-switches                                            
     9.513712065             38,312      context-switches                                            
     9.613848131             36,329      context-switches                                            
     9.714079925             37,147      context-switches                                            
     9.814215068             38,232      context-switches                                            
     9.914323453             38,845      context-switches                                            
    10.000639545             37,309      context-switches                                            
