# started on Thu Nov  7 01:35:23 2019

#           time             counts unit events
     0.100325902             37,299      context-switches                                            
     0.200528591             36,923      context-switches                                            
     0.300751884             38,289      context-switches                                            
     0.401052031             36,905      context-switches                                            
     0.501190046             38,495      context-switches                                            
     0.601404265             37,040      context-switches                                            
     0.701650408             38,343      context-switches                                            
     0.801823751             36,906      context-switches                                            
     0.902041038             38,010      context-switches                                            
     1.002208440             36,480      context-switches                                            
     1.102402189             38,688      context-switches                                            
     1.202633713             36,472      context-switches                                            
     1.302874329             38,890      context-switches                                            
     1.403128635             37,114      context-switches                                            
     1.503281132             38,320      context-switches                                            
     1.603478436             36,422      context-switches                                            
     1.703743395             38,595      context-switches                                            
     1.803970291             36,615      context-switches                                            
     1.904182687             39,022      context-switches                                            
     2.004425123             35,844      context-switches                                            
     2.104673768             38,565      context-switches                                            
     2.204860034             36,335      context-switches                                            
     2.305081567             38,894      context-switches                                            
     2.405318068             35,384      context-switches                                            
     2.505481152             37,534      context-switches                                            
#           time             counts unit events
     2.605673949             35,482      context-switches                                            
     2.705886580             38,586      context-switches                                            
     2.806128733             36,885      context-switches                                            
     2.906266889             38,758      context-switches                                            
     3.006522145             37,138      context-switches                                            
     3.106711876             38,719      context-switches                                            
     3.206911273             37,079      context-switches                                            
     3.307109374             37,936      context-switches                                            
     3.407357679             36,519      context-switches                                            
     3.507464146             38,662      context-switches                                            
     3.607598405             35,980      context-switches                                            
     3.707783214             37,493      context-switches                                            
     3.808089869             36,125      context-switches                                            
     3.908336394             38,964      context-switches                                            
     4.008559220             35,914      context-switches                                            
     4.108744818             38,091      context-switches                                            
     4.208896406             36,834      context-switches                                            
     4.309132135             38,354      context-switches                                            
     4.409394534             36,439      context-switches                                            
     4.509591918             37,787      context-switches                                            
     4.609817936             36,620      context-switches                                            
     4.710063059             38,206      context-switches                                            
     4.810176824             37,372      context-switches                                            
     4.910344259             38,725      context-switches                                            
     5.010451467             36,909      context-switches                                            
#           time             counts unit events
     5.110599868             38,208      context-switches                                            
     5.210789169             37,229      context-switches                                            
     5.310901843             37,984      context-switches                                            
     5.411213806             36,983      context-switches                                            
     5.511357319             38,799      context-switches                                            
     5.611626254             36,266      context-switches                                            
     5.711788282             37,788      context-switches                                            
     5.812063266             36,846      context-switches                                            
     5.912287754             37,555      context-switches                                            
     6.012501785             36,169      context-switches                                            
     6.112667172             38,440      context-switches                                            
     6.212911241             37,205      context-switches                                            
     6.313017686             37,631      context-switches                                            
     6.413268012             36,359      context-switches                                            
     6.513375229             37,291      context-switches                                            
     6.613539126             36,509      context-switches                                            
     6.713666305             37,816      context-switches                                            
     6.813969450             37,004      context-switches                                            
     6.914178327             38,525      context-switches                                            
     7.014285859             37,829      context-switches                                            
     7.114392136             37,238      context-switches                                            
     7.214588972             37,465      context-switches                                            
     7.314694085             38,243      context-switches                                            
     7.414914235             38,172      context-switches                                            
     7.515111499             37,723      context-switches                                            
#           time             counts unit events
     7.615355550             36,834      context-switches                                            
     7.715523327             35,814      context-switches                                            
     7.815797974             37,905      context-switches                                            
     7.915904950             37,724      context-switches                                            
     8.016162237             36,209      context-switches                                            
     8.116279002             37,062      context-switches                                            
     8.216512124             37,534      context-switches                                            
     8.316619234             36,189      context-switches                                            
     8.416736700             37,867      context-switches                                            
     8.516986765             36,934      context-switches                                            
     8.617098681             38,287      context-switches                                            
     8.717386552             36,175      context-switches                                            
     8.817567772             37,791      context-switches                                            
     8.917792399             36,255      context-switches                                            
     9.018028346             37,749      context-switches                                            
     9.118218207             36,485      context-switches                                            
     9.218495179             38,575      context-switches                                            
     9.318754209             37,176      context-switches                                            
     9.419027042             37,796      context-switches                                            
     9.519225367             36,663      context-switches                                            
     9.619480349             38,054      context-switches                                            
     9.719587836             36,917      context-switches                                            
     9.819808078             39,511      context-switches                                            
     9.920004501             36,565      context-switches                                            
    10.000707412             31,985      context-switches                                            
