# started on Tue Nov 12 11:09:19 2019

#           time             counts unit events
     0.100324828             37,802      context-switches                                            
     0.200567460             40,730      context-switches                                            
     0.300788576             38,399      context-switches                                            
     0.401028205             38,411      context-switches                                            
     0.501134625             38,701      context-switches                                            
     0.601248081             39,095      context-switches                                            
     0.701381936             35,894      context-switches                                            
     0.801517319             36,147      context-switches                                            
     0.901762322             34,397      context-switches                                            
     1.002019321             36,843      context-switches                                            
     1.102155171             37,568      context-switches                                            
     1.202422725             40,359      context-switches                                            
     1.302680879             39,669      context-switches                                            
     1.402928528             41,564      context-switches                                            
     1.503043017             37,634      context-switches                                            
     1.603323445             35,330      context-switches                                            
     1.703601308             32,843      context-switches                                            
     1.803768285             37,924      context-switches                                            
     1.903932500             34,323      context-switches                                            
     2.004045229             38,604      context-switches                                            
     2.104153835             39,120      context-switches                                            
     2.204314763             36,635      context-switches                                            
     2.304451655             38,762      context-switches                                            
     2.404648571             39,994      context-switches                                            
     2.504912860             40,705      context-switches                                            
#           time             counts unit events
     2.605023063             39,593      context-switches                                            
     2.705182621             37,253      context-switches                                            
     2.805291956             37,422      context-switches                                            
     2.905395990             33,177      context-switches                                            
     3.005560903             39,924      context-switches                                            
     3.105681665             35,514      context-switches                                            
     3.205819161             37,237      context-switches                                            
     3.305934572             39,954      context-switches                                            
     3.406140621             36,387      context-switches                                            
     3.506382019             40,501      context-switches                                            
     3.606559084             41,005      context-switches                                            
     3.706662865             41,872      context-switches                                            
     3.806893538             42,618      context-switches                                            
     3.906999213             39,993      context-switches                                            
     4.007127559             35,927      context-switches                                            
     4.107366241             38,110      context-switches                                            
     4.207616963             40,030      context-switches                                            
     4.307826306             38,231      context-switches                                            
     4.408020878             39,649      context-switches                                            
     4.508200769             40,295      context-switches                                            
     4.608436313             38,863      context-switches                                            
     4.708595953             42,255      context-switches                                            
     4.808807922             36,088      context-switches                                            
     4.909060629             38,366      context-switches                                            
     5.009229007             35,277      context-switches                                            
#           time             counts unit events
     5.109390149             35,082      context-switches                                            
     5.209543826             35,880      context-switches                                            
     5.309657322             32,833      context-switches                                            
     5.409809653             42,049      context-switches                                            
     5.509967149             39,315      context-switches                                            
     5.610132350             39,692      context-switches                                            
     5.710381946             40,925      context-switches                                            
     5.810610785             38,638      context-switches                                            
     5.910768581             42,887      context-switches                                            
     6.010940520             39,106      context-switches                                            
     6.111044608             38,601      context-switches                                            
     6.211161276             41,070      context-switches                                            
     6.311273295             36,131      context-switches                                            
     6.411385556             35,463      context-switches                                            
     6.511599753             37,597      context-switches                                            
     6.611738384             42,399      context-switches                                            
     6.711994622             42,982      context-switches                                            
     6.812224910             41,955      context-switches                                            
     6.912480171             42,160      context-switches                                            
     7.012680779             43,308      context-switches                                            
     7.112785787             41,382      context-switches                                            
     7.213001140             36,916      context-switches                                            
     7.313222890             34,683      context-switches                                            
     7.413331468             33,409      context-switches                                            
     7.513438462             40,232      context-switches                                            
#           time             counts unit events
     7.613548118             34,527      context-switches                                            
     7.713665498             35,825      context-switches                                            
     7.813874377             43,539      context-switches                                            
     7.914024250             39,567      context-switches                                            
     8.014182025             43,328      context-switches                                            
     8.114313452             37,716      context-switches                                            
     8.214540578             40,637      context-switches                                            
     8.314699258             39,713      context-switches                                            
     8.414874880             37,880      context-switches                                            
     8.514980270             39,810      context-switches                                            
     8.615232683             38,884      context-switches                                            
     8.715386007             40,377      context-switches                                            
     8.815672456             40,160      context-switches                                            
     8.915951928             43,097      context-switches                                            
     9.016144319             41,774      context-switches                                            
     9.116342535             42,435      context-switches                                            
     9.216449703             41,982      context-switches                                            
     9.316568167             42,214      context-switches                                            
     9.416672418             44,190      context-switches                                            
     9.516776601             43,243      context-switches                                            
     9.616890556             39,140      context-switches                                            
     9.717089391             42,210      context-switches                                            
     9.817274909             42,043      context-switches                                            
     9.917457143             42,846      context-switches                                            
    10.000723495             36,078      context-switches                                            
