# started on Thu Nov  7 01:56:51 2019

#           time             counts unit events
     0.100315113             38,431      context-switches                                            
     0.200491896             37,002      context-switches                                            
     0.300663847             38,682      context-switches                                            
     0.400937670             37,255      context-switches                                            
     0.501071811             38,617      context-switches                                            
     0.601185662             36,618      context-switches                                            
     0.701363337             38,772      context-switches                                            
     0.801659577             37,648      context-switches                                            
     0.901886128             38,154      context-switches                                            
     1.002137368             36,368      context-switches                                            
     1.102308421             38,392      context-switches                                            
     1.202464880             36,687      context-switches                                            
     1.302688628             38,959      context-switches                                            
     1.402934114             36,174      context-switches                                            
     1.503122299             38,300      context-switches                                            
     1.603230446             35,322      context-switches                                            
     1.703448874             38,969      context-switches                                            
     1.803608379             36,942      context-switches                                            
     1.903750135             38,159      context-switches                                            
     2.003995777             37,772      context-switches                                            
     2.104156532             38,289      context-switches                                            
     2.204431994             36,742      context-switches                                            
     2.304768486             38,101      context-switches                                            
     2.404874385             36,843      context-switches                                            
     2.505066185             39,108      context-switches                                            
#           time             counts unit events
     2.605201290             36,919      context-switches                                            
     2.705466964             38,424      context-switches                                            
     2.805768994             36,334      context-switches                                            
     2.905981408             38,392      context-switches                                            
     3.006202930             36,745      context-switches                                            
     3.106475183             38,473      context-switches                                            
     3.206621006             36,042      context-switches                                            
     3.306828345             38,896      context-switches                                            
     3.407072381             36,715      context-switches                                            
     3.507251576             39,393      context-switches                                            
     3.607382812             37,828      context-switches                                            
     3.707629518             38,707      context-switches                                            
     3.807787183             36,473      context-switches                                            
     3.907984503             39,185      context-switches                                            
     4.008247883             36,796      context-switches                                            
     4.108531498             38,858      context-switches                                            
     4.208745793             36,921      context-switches                                            
     4.308858174             38,946      context-switches                                            
     4.409085635             36,535      context-switches                                            
     4.509224747             38,607      context-switches                                            
     4.609351313             39,099      context-switches                                            
     4.709478889             38,642      context-switches                                            
     4.809659821             40,494      context-switches                                            
     4.909808714             38,250      context-switches                                            
     5.010024230             37,178      context-switches                                            
#           time             counts unit events
     5.110269447             39,087      context-switches                                            
     5.210428401             37,359      context-switches                                            
     5.310544241             38,502      context-switches                                            
     5.410766669             37,476      context-switches                                            
     5.510930601             38,988      context-switches                                            
     5.611129305             37,453      context-switches                                            
     5.711262753             38,369      context-switches                                            
     5.811417160             37,553      context-switches                                            
     5.911593103             37,619      context-switches                                            
     6.011703768             37,887      context-switches                                            
     6.111885239             38,497      context-switches                                            
     6.212128305             37,473      context-switches                                            
     6.312384757             37,228      context-switches                                            
     6.412675586             37,895      context-switches                                            
     6.512841340             37,985      context-switches                                            
     6.613081929             37,844      context-switches                                            
     6.713190390             36,975      context-switches                                            
     6.813406756             38,278      context-switches                                            
     6.913512729             38,039      context-switches                                            
     7.013649020             37,483      context-switches                                            
     7.113754773             36,833      context-switches                                            
     7.214006454             37,965      context-switches                                            
     7.314118811             37,768      context-switches                                            
     7.414419518             38,706      context-switches                                            
     7.514524648             37,484      context-switches                                            
#           time             counts unit events
     7.614803014             39,378      context-switches                                            
     7.714909360             36,705      context-switches                                            
     7.815075103             38,935      context-switches                                            
     7.915184329             36,381      context-switches                                            
     8.015346594             38,575      context-switches                                            
     8.115528386             37,282      context-switches                                            
     8.215644039             38,474      context-switches                                            
     8.315900813             36,724      context-switches                                            
     8.416126837             38,216      context-switches                                            
     8.516293114             37,041      context-switches                                            
     8.616542802             38,548      context-switches                                            
     8.716762729             36,583      context-switches                                            
     8.816985696             39,546      context-switches                                            
     8.917097539             35,686      context-switches                                            
     9.017355111             38,427      context-switches                                            
     9.117540135             36,770      context-switches                                            
     9.217733484             39,239      context-switches                                            
     9.317911745             35,888      context-switches                                            
     9.418080293             39,231      context-switches                                            
     9.518194905             36,272      context-switches                                            
     9.618333923             38,780      context-switches                                            
     9.718628454             36,987      context-switches                                            
     9.818784663             38,958      context-switches                                            
     9.918902363             36,661      context-switches                                            
    10.000690864             32,229      context-switches                                            
