# started on Wed Nov  6 00:03:37 2019

#           time             counts unit events
     0.100820084                497      context-switches                                            
     0.201539993                274      context-switches                                            
     0.302169439                166      context-switches                                            
     0.402705806                225      context-switches                                            
     0.503278307                162      context-switches                                            
     0.603839354                253      context-switches                                            
     0.704440261                204      context-switches                                            
     0.805050263                349      context-switches                                            
     0.905664106                243      context-switches                                            
     1.006083995                373      context-switches                                            
     1.106570219                374      context-switches                                            
     1.207211043                205      context-switches                                            
     1.307789079              6,590      context-switches                                            
     1.408381198                217      context-switches                                            
     1.508929597                155      context-switches                                            
     1.609432622                300      context-switches                                            
     1.709929041                373      context-switches                                            
     1.810493026                322      context-switches                                            
     1.911026775                214      context-switches                                            
     2.011627732                222      context-switches                                            
     2.112253933                471      context-switches                                            
     2.212845108                222      context-switches                                            
     2.313332519                306      context-switches                                            
     2.413937513                394      context-switches                                            
     2.514552180                182      context-switches                                            
#           time             counts unit events
     2.615230768                248      context-switches                                            
     2.715785747                218      context-switches                                            
     2.816250869                349      context-switches                                            
     2.916743140                224      context-switches                                            
     3.017210557                246      context-switches                                            
     3.117772709                410      context-switches                                            
     3.218382943                165      context-switches                                            
     3.318978320                180      context-switches                                            
     3.419589489                200      context-switches                                            
     3.520187935                140      context-switches                                            
     3.620708721                178      context-switches                                            
     3.721282711                169      context-switches                                            
     3.821818901                234      context-switches                                            
     3.922460675                263      context-switches                                            
     4.023083698                341      context-switches                                            
     4.123674248                508      context-switches                                            
     4.224292824                188      context-switches                                            
     4.324842229                142      context-switches                                            
     4.425377638                221      context-switches                                            
     4.525944784                243      context-switches                                            
     4.626463980                218      context-switches                                            
     4.726987600                213      context-switches                                            
     4.827551087                254      context-switches                                            
     4.928106477                290      context-switches                                            
     5.028300949             21,165      context-switches                                            
#           time             counts unit events
     5.128502936             37,573      context-switches                                            
     5.228617642             37,202      context-switches                                            
     5.328833743             38,509      context-switches                                            
     5.428941511             37,137      context-switches                                            
     5.529151908             36,827      context-switches                                            
     5.629260832             37,126      context-switches                                            
     5.729502582             37,422      context-switches                                            
     5.829670878             37,006      context-switches                                            
     5.929826888             37,947      context-switches                                            
     6.029960870             37,097      context-switches                                            
     6.130171273             37,293      context-switches                                            
     6.230304870             36,917      context-switches                                            
     6.330502765             38,299      context-switches                                            
     6.430608648             35,520      context-switches                                            
     6.530767066             37,739      context-switches                                            
     6.630874927             37,601      context-switches                                            
     6.731065160             35,149      context-switches                                            
     6.831163952             37,274      context-switches                                            
     6.931332885             38,821      context-switches                                            
     7.031605226             37,532      context-switches                                            
     7.131711780             38,731      context-switches                                            
     7.231904372             35,874      context-switches                                            
     7.332026724             38,809      context-switches                                            
     7.432195341             36,969      context-switches                                            
     7.532351386             37,535      context-switches                                            
#           time             counts unit events
     7.632571882             36,107      context-switches                                            
     7.732797233             38,506      context-switches                                            
     7.833035864             36,439      context-switches                                            
     7.933269041             38,555      context-switches                                            
     8.033493700             35,228      context-switches                                            
     8.133688271             38,217      context-switches                                            
     8.233828952             35,103      context-switches                                            
     8.334021341             38,585      context-switches                                            
     8.434129366             36,494      context-switches                                            
     8.534319708             38,747      context-switches                                            
     8.634536440             37,206      context-switches                                            
     8.734701505             38,067      context-switches                                            
     8.834841751             36,676      context-switches                                            
     8.935045172             38,144      context-switches                                            
     9.035220909             36,419      context-switches                                            
     9.135437374             37,957      context-switches                                            
     9.235719276             37,560      context-switches                                            
     9.335978507             39,151      context-switches                                            
     9.436267402             36,566      context-switches                                            
     9.536454047             38,514      context-switches                                            
     9.636701699             37,375      context-switches                                            
     9.736916244             36,473      context-switches                                            
     9.837128697             37,386      context-switches                                            
     9.937294274             38,070      context-switches                                            
    10.000745070             22,753      context-switches                                            
