# started on Mon Nov 11 22:28:37 2019

#           time             counts unit events
     0.100214041              1,477      context-switches                                            
     0.200387452              7,434      context-switches                                            
     0.300525903             11,132      context-switches                                            
     0.400665245             13,990      context-switches                                            
     0.500797086             25,080      context-switches                                            
     0.600929497             47,621      context-switches                                            
     0.701079928             43,859      context-switches                                            
     0.801233250             44,578      context-switches                                            
     0.901374101             44,926      context-switches                                            
     1.001509982             46,093      context-switches                                            
     1.101651463             42,513      context-switches                                            
     1.201780224             45,422      context-switches                                            
     1.301933606             46,198      context-switches                                            
     1.402077407             50,164      context-switches                                            
     1.502201888             49,549      context-switches                                            
     1.602334990             44,814      context-switches                                            
     1.702476301             43,104      context-switches                                            
     1.802624601             48,254      context-switches                                            
     1.902769013             35,785      context-switches                                            
     2.002925394             49,556      context-switches                                            
     2.103100035             52,870      context-switches                                            
     2.203224886             48,464      context-switches                                            
     2.303347938             48,470      context-switches                                            
     2.403495468             49,716      context-switches                                            
     2.503633700             46,484      context-switches                                            
#           time             counts unit events
     2.603782311             42,618      context-switches                                            
     2.703917852             44,516      context-switches                                            
     2.804065933             43,780      context-switches                                            
     2.904204565             49,934      context-switches                                            
     3.004304756             42,017      context-switches                                            
     3.104448217             43,493      context-switches                                            
     3.204581818             51,768      context-switches                                            
     3.304744039             41,362      context-switches                                            
     3.404886201             40,665      context-switches                                            
     3.505012441             39,346      context-switches                                            
     3.605173103             44,743      context-switches                                            
     3.705315394             41,009      context-switches                                            
     3.805451995             41,290      context-switches                                            
     3.905598026             46,754      context-switches                                            
     4.005757327             48,055      context-switches                                            
     4.105902198             48,370      context-switches                                            
     4.206058480             45,088      context-switches                                            
     4.306214130             36,235      context-switches                                            
     4.406369131             41,717      context-switches                                            
     4.506511363             41,497      context-switches                                            
     4.606651974             38,725      context-switches                                            
     4.706806874             44,637      context-switches                                            
     4.806985006             42,185      context-switches                                            
     4.907106107             47,442      context-switches                                            
     5.007234518             46,864      context-switches                                            
#           time             counts unit events
     5.107380339             40,243      context-switches                                            
     5.207530080             35,026      context-switches                                            
     5.307682571             42,068      context-switches                                            
     5.407833423             42,522      context-switches                                            
     5.507963673             42,637      context-switches                                            
     5.608090585             47,105      context-switches                                            
     5.708248376             51,174      context-switches                                            
     5.808385457             48,509      context-switches                                            
     5.908538348             41,213      context-switches                                            
     6.008689429             46,089      context-switches                                            
     6.108840910             38,878      context-switches                                            
     6.208984801             45,590      context-switches                                            
     6.309134432             38,973      context-switches                                            
     6.409267473             42,831      context-switches                                            
     6.509419694             43,772      context-switches                                            
     6.609554875             46,318      context-switches                                            
     6.709686677             47,179      context-switches                                            
     6.809829257             44,848      context-switches                                            
     6.909983029             42,363      context-switches                                            
     7.010136020             43,300      context-switches                                            
     7.110291011             31,352      context-switches                                            
     7.210426372             38,767      context-switches                                            
     7.310563753             42,854      context-switches                                            
     7.410713334             45,614      context-switches                                            
     7.510855565             38,788      context-switches                                            
#           time             counts unit events
     7.611012356             46,794      context-switches                                            
     7.711137587             42,363      context-switches                                            
     7.811278578             44,797      context-switches                                            
     7.911434789             45,628      context-switches                                            
     8.011597860             44,875      context-switches                                            
     8.111736561             47,150      context-switches                                            
     8.211881582             45,899      context-switches                                            
     8.312006923             47,305      context-switches                                            
     8.412141594             40,646      context-switches                                            
     8.512271705             44,623      context-switches                                            
     8.612410306             50,218      context-switches                                            
     8.712548937             53,738      context-switches                                            
     8.812679449             49,688      context-switches                                            
     8.912806110             50,863      context-switches                                            
     9.012924791             48,256      context-switches                                            
     9.113057722             50,040      context-switches                                            
     9.213196873             44,950      context-switches                                            
     9.313356714             46,671      context-switches                                            
     9.413486425             46,423      context-switches                                            
     9.513622806             49,678      context-switches                                            
     9.613767297             47,159      context-switches                                            
     9.713902518             46,114      context-switches                                            
     9.814046719             51,399      context-switches                                            
     9.914178200             49,450      context-switches                                            
    10.000759781             46,912      context-switches                                            
