# started on Tue Nov 12 11:16:42 2019

#           time             counts unit events
     0.100180699             41,649      context-switches                                            
     0.200325472             42,224      context-switches                                            
     0.300589868             40,918      context-switches                                            
     0.400757664             38,873      context-switches                                            
     0.500868003             44,225      context-switches                                            
     0.601036260             42,011      context-switches                                            
     0.701172000             42,426      context-switches                                            
     0.801282888             41,041      context-switches                                            
     0.901392498             39,845      context-switches                                            
     1.001576361             41,352      context-switches                                            
     1.101782119             44,013      context-switches                                            
     1.201943485             41,496      context-switches                                            
     1.302046435             42,788      context-switches                                            
     1.402153656             39,362      context-switches                                            
     1.502321333             41,297      context-switches                                            
     1.602428263             42,073      context-switches                                            
     1.702564953             41,951      context-switches                                            
     1.802725616             38,553      context-switches                                            
     1.902833423             41,830      context-switches                                            
     2.002945427             40,050      context-switches                                            
     2.103066682             39,034      context-switches                                            
     2.203219872             42,396      context-switches                                            
     2.303327466             43,855      context-switches                                            
     2.403541844             37,965      context-switches                                            
     2.503665470             40,955      context-switches                                            
#           time             counts unit events
     2.603781041             40,261      context-switches                                            
     2.703943507             43,132      context-switches                                            
     2.804107602             41,052      context-switches                                            
     2.904245296             39,404      context-switches                                            
     3.004365048             44,596      context-switches                                            
     3.104602481             41,542      context-switches                                            
     3.204707580             42,359      context-switches                                            
     3.304916299             42,592      context-switches                                            
     3.405119460             42,139      context-switches                                            
     3.505349719             44,150      context-switches                                            
     3.605469318             42,872      context-switches                                            
     3.705707155             37,342      context-switches                                            
     3.805813141             41,842      context-switches                                            
     3.905925659             42,804      context-switches                                            
     4.006206819             41,067      context-switches                                            
     4.106390099             40,689      context-switches                                            
     4.206583800             42,213      context-switches                                            
     4.306797798             42,324      context-switches                                            
     4.407056095             41,742      context-switches                                            
     4.507306281             42,171      context-switches                                            
     4.607411823             39,297      context-switches                                            
     4.707642302             40,495      context-switches                                            
     4.807831408             40,289      context-switches                                            
     4.907943316             38,691      context-switches                                            
     5.008130033             38,854      context-switches                                            
#           time             counts unit events
     5.108271945             36,999      context-switches                                            
     5.208482993             38,550      context-switches                                            
     5.308683227             41,524      context-switches                                            
     5.408892918             42,316      context-switches                                            
     5.509121935             40,546      context-switches                                            
     5.609300203             42,016      context-switches                                            
     5.709414025             42,520      context-switches                                            
     5.809534539             38,795      context-switches                                            
     5.909696552             37,654      context-switches                                            
     6.009865811             39,783      context-switches                                            
     6.109978451             40,502      context-switches                                            
     6.210233745             39,926      context-switches                                            
     6.310348482             39,777      context-switches                                            
     6.410489086             41,804      context-switches                                            
     6.510713040             43,381      context-switches                                            
     6.610954292             39,609      context-switches                                            
     6.711241467             41,482      context-switches                                            
     6.811376883             41,340      context-switches                                            
     6.911563175             41,754      context-switches                                            
     7.011756734             36,990      context-switches                                            
     7.111861666             39,139      context-switches                                            
     7.211992450             37,968      context-switches                                            
     7.312104061             39,471      context-switches                                            
     7.412293928             38,027      context-switches                                            
     7.512508198             41,513      context-switches                                            
#           time             counts unit events
     7.612667250             40,284      context-switches                                            
     7.712885532             37,756      context-switches                                            
     7.813064692             42,697      context-switches                                            
     7.913174921             40,265      context-switches                                            
     8.013350389             38,599      context-switches                                            
     8.113574711             40,901      context-switches                                            
     8.213681099             39,820      context-switches                                            
     8.313831404             38,325      context-switches                                            
     8.413941756             43,400      context-switches                                            
     8.514173439             44,126      context-switches                                            
     8.614411244             42,883      context-switches                                            
     8.714643190             42,728      context-switches                                            
     8.814831344             42,117      context-switches                                            
     8.915036367             39,813      context-switches                                            
     9.015141409             40,772      context-switches                                            
     9.115246047             43,165      context-switches                                            
     9.215356328             41,541      context-switches                                            
     9.315462510             42,777      context-switches                                            
     9.415630491             40,002      context-switches                                            
     9.515809819             40,555      context-switches                                            
     9.616026170             42,303      context-switches                                            
     9.716186675             43,974      context-switches                                            
     9.816367123             42,137      context-switches                                            
     9.916637413             42,586      context-switches                                            
    10.000822163             35,226      context-switches                                            
