# started on Mon Nov 11 22:54:07 2019

#           time             counts unit events
     0.100174311             48,294      context-switches                                            
     0.200351163             39,726      context-switches                                            
     0.300509625             31,867      context-switches                                            
     0.400655037             36,594      context-switches                                            
     0.500785288             43,203      context-switches                                            
     0.600935280             46,496      context-switches                                            
     0.701073823             48,875      context-switches                                            
     0.801157215             43,978      context-switches                                            
     0.901291997             46,467      context-switches                                            
     1.001424429             48,452      context-switches                                            
     1.101564061             51,785      context-switches                                            
     1.201698464             47,185      context-switches                                            
     1.301834996             47,894      context-switches                                            
     1.401971378             49,626      context-switches                                            
     1.502104361             49,161      context-switches                                            
     1.602233883             43,671      context-switches                                            
     1.702361566             49,684      context-switches                                            
     1.802496278             48,213      context-switches                                            
     1.902630461             49,240      context-switches                                            
     2.002764063             46,144      context-switches                                            
     2.102893286             47,843      context-switches                                            
     2.203025369             43,674      context-switches                                            
     2.303154461             45,705      context-switches                                            
     2.403279764             50,835      context-switches                                            
     2.503418167             45,971      context-switches                                            
#           time             counts unit events
     2.603558270             45,394      context-switches                                            
     2.703696113             42,611      context-switches                                            
     2.803830196             45,846      context-switches                                            
     2.903959839             45,157      context-switches                                            
     3.004086222             47,246      context-switches                                            
     3.104217215             43,294      context-switches                                            
     3.204349528             44,316      context-switches                                            
     3.304492591             46,319      context-switches                                            
     3.404622035             44,557      context-switches                                            
     3.504748048             41,935      context-switches                                            
     3.604889071             42,756      context-switches                                            
     3.705027754             47,354      context-switches                                            
     3.805152398             45,080      context-switches                                            
     3.905291461             43,954      context-switches                                            
     4.005442744             41,292      context-switches                                            
     4.105580907             41,041      context-switches                                            
     4.205718011             43,101      context-switches                                            
     4.305844005             43,163      context-switches                                            
     4.405989758             47,622      context-switches                                            
     4.506127272             45,986      context-switches                                            
     4.606288316             45,713      context-switches                                            
     4.706450359             32,261      context-switches                                            
     4.806600882             32,551      context-switches                                            
     4.906732346             44,200      context-switches                                            
     5.006875010             39,708      context-switches                                            
#           time             counts unit events
     5.107011424             43,476      context-switches                                            
     5.207162707             42,731      context-switches                                            
     5.307302891             46,457      context-switches                                            
     5.407435306             41,940      context-switches                                            
     5.507585970             32,161      context-switches                                            
     5.607725924             37,291      context-switches                                            
     5.707869507             43,019      context-switches                                            
     5.808011032             35,258      context-switches                                            
     5.908150616             35,782      context-switches                                            
     6.008293120             43,967      context-switches                                            
     6.108456893             44,642      context-switches                                            
     6.208598368             42,708      context-switches                                            
     6.308729413             43,049      context-switches                                            
     6.408867787             47,008      context-switches                                            
     6.509006221             44,144      context-switches                                            
     6.609144306             42,762      context-switches                                            
     6.709283891             46,884      context-switches                                            
     6.809425295             43,428      context-switches                                            
     6.909587219             43,225      context-switches                                            
     7.009728674             46,603      context-switches                                            
     7.109850098             48,720      context-switches                                            
     7.209993823             43,905      context-switches                                            
     7.310133838             40,444      context-switches                                            
     7.410270853             43,825      context-switches                                            
     7.510404428             47,540      context-switches                                            
#           time             counts unit events
     7.610539293             48,518      context-switches                                            
     7.710678318             48,575      context-switches                                            
     7.810829023             42,739      context-switches                                            
     7.910993057             51,470      context-switches                                            
     8.011133592             46,217      context-switches                                            
     8.111255347             47,461      context-switches                                            
     8.211386993             47,336      context-switches                                            
     8.311526068             50,414      context-switches                                            
     8.411655683             50,850      context-switches                                            
     8.511785319             47,306      context-switches                                            
     8.611923594             44,190      context-switches                                            
     8.712052350             44,071      context-switches                                            
     8.812176095             46,741      context-switches                                            
     8.912306630             44,215      context-switches                                            
     9.012436266             47,832      context-switches                                            
     9.112573491             47,144      context-switches                                            
     9.212697457             36,434      context-switches                                            
     9.312843853             45,213      context-switches                                            
     9.412973328             46,709      context-switches                                            
     9.513116324             44,403      context-switches                                            
     9.613263880             45,254      context-switches                                            
     9.713387686             44,457      context-switches                                            
     9.813526881             46,462      context-switches                                            
     9.913666327             44,418      context-switches                                            
    10.000863366             40,407      context-switches                                            
