# started on Thu Nov  7 02:05:34 2019

#           time             counts unit events
     0.100309358             38,100      context-switches                                            
     0.200451782             37,727      context-switches                                            
     0.300587021             38,055      context-switches                                            
     0.400695569             36,925      context-switches                                            
     0.500960439             39,077      context-switches                                            
     0.601155079             36,597      context-switches                                            
     0.701429894             39,063      context-switches                                            
     0.801558574             35,941      context-switches                                            
     0.901740212             38,492      context-switches                                            
     1.001931632             36,609      context-switches                                            
     1.102207900             39,023      context-switches                                            
     1.202418704             36,091      context-switches                                            
     1.302641044             38,329      context-switches                                            
     1.402748824             36,342      context-switches                                            
     1.503017580             38,521      context-switches                                            
     1.603191020             37,496      context-switches                                            
     1.703398024             38,730      context-switches                                            
     1.803836736             37,134      context-switches                                            
     1.904008709             38,763      context-switches                                            
     2.004145398             36,235      context-switches                                            
     2.104446589             39,136      context-switches                                            
     2.204719026             36,987      context-switches                                            
     2.304870855             37,773      context-switches                                            
     2.405087768             36,305      context-switches                                            
     2.505345254             38,484      context-switches                                            
#           time             counts unit events
     2.605645106             36,393      context-switches                                            
     2.705750749             38,404      context-switches                                            
     2.806011227             35,817      context-switches                                            
     2.906343971             38,432      context-switches                                            
     3.006472976             35,348      context-switches                                            
     3.106762880             38,731      context-switches                                            
     3.206964223             35,361      context-switches                                            
     3.307094835             38,669      context-switches                                            
     3.407288404             34,950      context-switches                                            
     3.507510612             38,866      context-switches                                            
     3.607713271             37,354      context-switches                                            
     3.707916343             38,278      context-switches                                            
     3.808179469             36,480      context-switches                                            
     3.908361311             38,887      context-switches                                            
     4.008600064             35,961      context-switches                                            
     4.108815173             38,945      context-switches                                            
     4.209007599             36,375      context-switches                                            
     4.309238936             38,518      context-switches                                            
     4.409368437             36,100      context-switches                                            
     4.509590589             38,907      context-switches                                            
     4.609756261             37,720      context-switches                                            
     4.709946323             37,481      context-switches                                            
     4.810217673             36,366      context-switches                                            
     4.910359061             36,966      context-switches                                            
     5.010488953             37,392      context-switches                                            
#           time             counts unit events
     5.110725473             39,015      context-switches                                            
     5.210893275             36,156      context-switches                                            
     5.311155512             38,750      context-switches                                            
     5.411294554             36,792      context-switches                                            
     5.511488579             38,249      context-switches                                            
     5.611598335             37,104      context-switches                                            
     5.711888960             37,855      context-switches                                            
     5.812152744             37,077      context-switches                                            
     5.912393037             39,505      context-switches                                            
     6.012615167             37,169      context-switches                                            
     6.112918990             38,854      context-switches                                            
     6.213159069             37,124      context-switches                                            
     6.313377898             37,728      context-switches                                            
     6.413724303             36,390      context-switches                                            
     6.513943913             37,439      context-switches                                            
     6.614230237             36,921      context-switches                                            
     6.714365821             37,898      context-switches                                            
     6.814505971             36,031      context-switches                                            
     6.914677443             37,767      context-switches                                            
     7.014858270             37,000      context-switches                                            
     7.115046306             38,301      context-switches                                            
     7.215331187             37,252      context-switches                                            
     7.315545663             38,029      context-switches                                            
     7.415796281             37,467      context-switches                                            
     7.515932724             38,477      context-switches                                            
#           time             counts unit events
     7.616087698             36,524      context-switches                                            
     7.716197639             38,382      context-switches                                            
     7.816388727             36,581      context-switches                                            
     7.916499180             36,105      context-switches                                            
     8.016725275             37,555      context-switches                                            
     8.116831244             37,976      context-switches                                            
     8.217080276             37,007      context-switches                                            
     8.317184323             36,736      context-switches                                            
     8.417432399             37,034      context-switches                                            
     8.517560144             37,795      context-switches                                            
     8.617688635             37,831      context-switches                                            
     8.717796129             37,365      context-switches                                            
     8.818045581             36,993      context-switches                                            
     8.918153228             36,810      context-switches                                            
     9.018360289             37,339      context-switches                                            
     9.118467960             38,068      context-switches                                            
     9.218702712             38,565      context-switches                                            
     9.318810483             36,473      context-switches                                            
     9.419038728             37,204      context-switches                                            
     9.519195584             37,557      context-switches                                            
     9.619484425             39,165      context-switches                                            
     9.719612335             37,526      context-switches                                            
     9.819852557             38,005      context-switches                                            
     9.919970278             36,787      context-switches                                            
    10.000696434             32,010      context-switches                                            
