# started on Tue Nov 12 12:08:09 2019

#           time             counts unit events
     0.100184003             41,886      context-switches                                            
     0.200382276             41,246      context-switches                                            
     0.300534266             42,823      context-switches                                            
     0.400677802             41,605      context-switches                                            
     0.500834875             40,491      context-switches                                            
     0.601019336             41,927      context-switches                                            
     0.701249589             35,835      context-switches                                            
     0.801415176             35,395      context-switches                                            
     0.901535507             41,371      context-switches                                            
     1.001727750             41,328      context-switches                                            
     1.101886250             38,993      context-switches                                            
     1.202108119             37,609      context-switches                                            
     1.302235141             39,361      context-switches                                            
     1.402346238             38,658      context-switches                                            
     1.502494504             40,489      context-switches                                            
     1.602602718             42,222      context-switches                                            
     1.702715129             39,102      context-switches                                            
     1.802862734             40,843      context-switches                                            
     1.903123010             39,488      context-switches                                            
     2.003232619             36,089      context-switches                                            
     2.103339827             39,747      context-switches                                            
     2.203481071             45,204      context-switches                                            
     2.303615688             42,201      context-switches                                            
     2.403843593             42,581      context-switches                                            
     2.504120334             42,017      context-switches                                            
#           time             counts unit events
     2.604229319             35,157      context-switches                                            
     2.704368260             39,951      context-switches                                            
     2.804476738             36,257      context-switches                                            
     2.904680423             42,653      context-switches                                            
     3.004886720             37,234      context-switches                                            
     3.105001153             38,807      context-switches                                            
     3.205123028             37,706      context-switches                                            
     3.305318331             38,399      context-switches                                            
     3.405434607             41,782      context-switches                                            
     3.505559488             41,669      context-switches                                            
     3.605670584             39,184      context-switches                                            
     3.705922672             41,929      context-switches                                            
     3.806039612             41,429      context-switches                                            
     3.906214619             41,160      context-switches                                            
     4.006375657             43,663      context-switches                                            
     4.106483766             40,745      context-switches                                            
     4.206594060             42,911      context-switches                                            
     4.306697365             40,186      context-switches                                            
     4.406806092             38,455      context-switches                                            
     4.506977236             39,708      context-switches                                            
     4.607089564             41,940      context-switches                                            
     4.707265859             41,455      context-switches                                            
     4.807403328             39,867      context-switches                                            
     4.907561688             38,486      context-switches                                            
     5.007690778             39,237      context-switches                                            
#           time             counts unit events
     5.107876740             38,377      context-switches                                            
     5.207987678             42,005      context-switches                                            
     5.308105735             40,605      context-switches                                            
     5.408218792             41,801      context-switches                                            
     5.508403800             39,829      context-switches                                            
     5.608598103             36,455      context-switches                                            
     5.708715807             39,420      context-switches                                            
     5.808826757             38,177      context-switches                                            
     5.908959667             42,130      context-switches                                            
     6.009157028             35,048      context-switches                                            
     6.109297127             39,857      context-switches                                            
     6.209461023             37,313      context-switches                                            
     6.309667408             41,618      context-switches                                            
     6.409918709             40,573      context-switches                                            
     6.510057350             40,807      context-switches                                            
     6.610312423             42,051      context-switches                                            
     6.710504673             37,307      context-switches                                            
     6.810621951             39,463      context-switches                                            
     6.910877414             43,689      context-switches                                            
     7.011149644             39,807      context-switches                                            
     7.111284499             40,322      context-switches                                            
     7.211398820             41,676      context-switches                                            
     7.311679182             43,500      context-switches                                            
     7.411906201             43,001      context-switches                                            
     7.512129461             39,238      context-switches                                            
#           time             counts unit events
     7.612240958             43,232      context-switches                                            
     7.712373093             42,412      context-switches                                            
     7.812497946             43,733      context-switches                                            
     7.912657452             42,646      context-switches                                            
     8.012799253             42,395      context-switches                                            
     8.112962588             43,207      context-switches                                            
     8.213182526             42,711      context-switches                                            
     8.313318518             42,314      context-switches                                            
     8.413429777             39,277      context-switches                                            
     8.513642118             41,135      context-switches                                            
     8.613777117             37,853      context-switches                                            
     8.713963650             42,226      context-switches                                            
     8.814106022             40,604      context-switches                                            
     8.914216838             38,049      context-switches                                            
     9.014356987             41,302      context-switches                                            
     9.114467093             37,941      context-switches                                            
     9.214576607             40,552      context-switches                                            
     9.314685503             41,706      context-switches                                            
     9.414827139             40,162      context-switches                                            
     9.514941519             36,955      context-switches                                            
     9.615061034             41,936      context-switches                                            
     9.715178321             36,839      context-switches                                            
     9.815421562             37,001      context-switches                                            
     9.915586879             41,662      context-switches                                            
    10.000720893             33,306      context-switches                                            
