# started on Tue Nov  5 20:57:07 2019

#           time             counts unit events
     0.100343374             37,596      context-switches                                            
     0.200645987             36,269      context-switches                                            
     0.300884322             37,992      context-switches                                            
     0.401183107             36,273      context-switches                                            
     0.501427742             38,752      context-switches                                            
     0.601722805             35,902      context-switches                                            
     0.701931974             38,279      context-switches                                            
     0.802096361             36,269      context-switches                                            
     0.902258880             37,982      context-switches                                            
     1.002424163             35,946      context-switches                                            
     1.102597483             37,935      context-switches                                            
     1.202837570             36,220      context-switches                                            
     1.303133586             39,075      context-switches                                            
     1.403372661             37,937      context-switches                                            
     1.503569184             38,304      context-switches                                            
     1.603785680             36,215      context-switches                                            
     1.703895548             38,407      context-switches                                            
     1.804150816             35,754      context-switches                                            
     1.904297341             38,114      context-switches                                            
     2.004595220             36,631      context-switches                                            
     2.104759844             38,190      context-switches                                            
     2.205039239             37,088      context-switches                                            
     2.305190737             38,698      context-switches                                            
     2.405377805             36,019      context-switches                                            
     2.505549505             38,421      context-switches                                            
#           time             counts unit events
     2.605857279             37,009      context-switches                                            
     2.705995801             38,820      context-switches                                            
     2.806239059             36,485      context-switches                                            
     2.906369389             37,586      context-switches                                            
     3.006634498             36,334      context-switches                                            
     3.106741126             37,226      context-switches                                            
     3.206963372             36,852      context-switches                                            
     3.307074804             37,550      context-switches                                            
     3.407255360             36,644      context-switches                                            
     3.507372753             37,520      context-switches                                            
     3.607586667             36,606      context-switches                                            
     3.707708453             37,071      context-switches                                            
     3.807924205             37,268      context-switches                                            
     3.908036690             37,110      context-switches                                            
     4.008276598             36,280      context-switches                                            
     4.108604549             37,093      context-switches                                            
     4.208919797             37,957      context-switches                                            
     4.309164756             36,863      context-switches                                            
     4.409421839             37,483      context-switches                                            
     4.509722089             36,566      context-switches                                            
     4.609903642             37,071      context-switches                                            
     4.710197742             37,303      context-switches                                            
     4.810336443             36,630      context-switches                                            
     4.910474044             37,293      context-switches                                            
     5.010706949             37,541      context-switches                                            
#           time             counts unit events
     5.110989243             36,885      context-switches                                            
     5.211138132             36,882      context-switches                                            
     5.311444729             37,387      context-switches                                            
     5.411773662             35,940      context-switches                                            
     5.512031467             36,661      context-switches                                            
     5.612193810             35,534      context-switches                                            
     5.712328250             37,330      context-switches                                            
     5.812599910             37,310      context-switches                                            
     5.912856479             36,947      context-switches                                            
     6.013137668             37,408      context-switches                                            
     6.113390360             36,829      context-switches                                            
     6.213642272             37,186      context-switches                                            
     6.313892119             35,318      context-switches                                            
     6.414125340             38,021      context-switches                                            
     6.514351998             37,311      context-switches                                            
     6.614668443             12,863      context-switches                                            
     6.715072309              3,587      context-switches                                            
     6.815452363              2,238      context-switches                                            
     6.915813095              5,352      context-switches                                            
     7.016302027                810      context-switches                                            
     7.116911810                182      context-switches                                            
     7.217212190              1,355      context-switches                                            
     7.317712218              3,691      context-switches                                            
     7.418179068                345      context-switches                                            
     7.518330222                892      context-switches                                            
#           time             counts unit events
     7.618470681              3,679      context-switches                                            
     7.718942722                719      context-switches                                            
     7.819356976                497      context-switches                                            
     7.919726295              1,537      context-switches                                            
     8.020355060              3,434      context-switches                                            
     8.120972380                217      context-switches                                            
     8.221498735              1,054      context-switches                                            
     8.321659685              3,565      context-switches                                            
     8.422195567              1,110      context-switches                                            
     8.522790388                157      context-switches                                            
     8.623081407              3,661      context-switches                                            
     8.723535355              1,304      context-switches                                            
     8.824118099                858      context-switches                                            
     8.924333531              1,315      context-switches                                            
     9.024941814              2,960      context-switches                                            
     9.125536662                172      context-switches                                            
     9.225959666              1,096      context-switches                                            
     9.326338882              4,032      context-switches                                            
     9.426829569                382      context-switches                                            
     9.527229225                558      context-switches                                            
     9.627487743              2,616      context-switches                                            
     9.727973186              2,137      context-switches                                            
     9.828505126                274      context-switches                                            
     9.928749537              1,830      context-switches                                            
    10.000937712              3,333      context-switches                                            
