# started on Tue Nov  5 20:59:08 2019

#           time             counts unit events
     0.100797785                428      context-switches                                            
     0.201409645                313      context-switches                                            
     0.301997050                212      context-switches                                            
     0.402628193                359      context-switches                                            
     0.503006746              7,250      context-switches                                            
     0.603575973                160      context-switches                                            
     0.704162589                226      context-switches                                            
     0.804668011                202      context-switches                                            
     0.905176860                143      context-switches                                            
     1.005767216                175      context-switches                                            
     1.106379118                218      context-switches                                            
     1.206954840                287      context-switches                                            
     1.307464342                211      context-switches                                            
     1.407920249                223      context-switches                                            
     1.508424717                332      context-switches                                            
     1.608862837                203      context-switches                                            
     1.709509719                289      context-switches                                            
     1.810106180                223      context-switches                                            
     1.910580879                158      context-switches                                            
     2.011148860                198      context-switches                                            
     2.111551440                293      context-switches                                            
     2.211989158                302      context-switches                                            
     2.312509590                176      context-switches                                            
     2.413080888                190      context-switches                                            
     2.513590599                357      context-switches                                            
#           time             counts unit events
     2.614066654                162      context-switches                                            
     2.714644528                253      context-switches                                            
     2.815248740                209      context-switches                                            
     2.915896299                168      context-switches                                            
     3.016343889                176      context-switches                                            
     3.116932107                192      context-switches                                            
     3.217597280                281      context-switches                                            
     3.318180907                181      context-switches                                            
     3.418807360                209      context-switches                                            
     3.519221377                402      context-switches                                            
     3.619719930                252      context-switches                                            
     3.720288817                250      context-switches                                            
     3.820917827                178      context-switches                                            
     3.921410368                178      context-switches                                            
     4.021858201                189      context-switches                                            
     4.122403827                232      context-switches                                            
     4.222961824                305      context-switches                                            
     4.323481259                188      context-switches                                            
     4.424102340                238      context-switches                                            
     4.524670931                430      context-switches                                            
     4.625091671                196      context-switches                                            
     4.725622013                271      context-switches                                            
     4.826122735                174      context-switches                                            
     4.926694567                155      context-switches                                            
     5.027064875              1,924      context-switches                                            
#           time             counts unit events
     5.127295653              4,228      context-switches                                            
     5.227578926              7,029      context-switches                                            
     5.327793586             32,908      context-switches                                            
     5.428251501              3,557      context-switches                                            
     5.528776444              1,479      context-switches                                            
     5.629135852              1,891      context-switches                                            
     5.729437761              3,833      context-switches                                            
     5.829935933              2,711      context-switches                                            
     5.930398950              1,018      context-switches                                            
     6.030817402              1,806      context-switches                                            
     6.131444752              1,771      context-switches                                            
     6.231823388              1,297      context-switches                                            
     6.332301691              1,777      context-switches                                            
     6.432622080              1,256      context-switches                                            
     6.533239582              1,738      context-switches                                            
     6.633656602              1,275      context-switches                                            
     6.734239154              1,704      context-switches                                            
     6.834657765              1,269      context-switches                                            
     6.935272553              1,523      context-switches                                            
     7.035836599              1,256      context-switches                                            
     7.136462428              1,489      context-switches                                            
     7.236857450              1,359      context-switches                                            
     7.337479111              1,546      context-switches                                            
     7.437953168              1,327      context-switches                                            
     7.538604638              1,743      context-switches                                            
#           time             counts unit events
     7.639038343              1,301      context-switches                                            
     7.739673805              1,471      context-switches                                            
     7.840071755              1,358      context-switches                                            
     7.940679470              1,375      context-switches                                            
     8.041173027              1,362      context-switches                                            
     8.141797782              1,352      context-switches                                            
     8.242077207              1,365      context-switches                                            
     8.342673687              1,423      context-switches                                            
     8.443044228              1,413      context-switches                                            
     8.543632912              1,664      context-switches                                            
     8.643928477              1,360      context-switches                                            
     8.744559788              1,454      context-switches                                            
     8.844939513              1,366      context-switches                                            
     8.945581379              1,338      context-switches                                            
     9.045941983              1,343      context-switches                                            
     9.146502071              1,434      context-switches                                            
     9.246883528              1,479      context-switches                                            
     9.347329871              1,432      context-switches                                            
     9.447848229              1,496      context-switches                                            
     9.548483173              1,658      context-switches                                            
     9.648838110              1,441      context-switches                                            
     9.749462554              1,384      context-switches                                            
     9.849888898              1,442      context-switches                                            
     9.950299163              1,388      context-switches                                            
    10.000830926              1,320      context-switches                                            
