# started on Tue Nov  5 23:07:11 2019

#           time             counts unit events
     0.100763448                493      context-switches                                            
     0.201461238                149      context-switches                                            
     0.302038102                225      context-switches                                            
     0.402523643                249      context-switches                                            
     0.503183503                178      context-switches                                            
     0.603823789                184      context-switches                                            
     0.704383476                177      context-switches                                            
     0.804865743                274      context-switches                                            
     0.905493715                240      context-switches                                            
     1.006102270                251      context-switches                                            
     1.106514768                333      context-switches                                            
     1.207060359                148      context-switches                                            
     1.307715754                238      context-switches                                            
     1.408327972                257      context-switches                                            
     1.508971459                162      context-switches                                            
     1.609597764                206      context-switches                                            
     1.710254786                121      context-switches                                            
     1.810682334                286      context-switches                                            
     1.911175266                247      context-switches                                            
     2.011774929                369      context-switches                                            
     2.112210670                353      context-switches                                            
     2.212807288                159      context-switches                                            
     2.313405804                198      context-switches                                            
     2.413971688                226      context-switches                                            
     2.514460245                177      context-switches                                            
#           time             counts unit events
     2.614957059                122      context-switches                                            
     2.715591288                167      context-switches                                            
     2.816140985                242      context-switches                                            
     2.916729027                169      context-switches                                            
     3.016944217                380      context-switches                                            
     3.117502302                382      context-switches                                            
     3.218049306                223      context-switches                                            
     3.318641976                273      context-switches                                            
     3.419209075                222      context-switches                                            
     3.519792097                216      context-switches                                            
     3.620352052                165      context-switches                                            
     3.720932107                153      context-switches                                            
     3.821503969                222      context-switches                                            
     3.922083617                185      context-switches                                            
     4.022741484                249      context-switches                                            
     4.123303654                372      context-switches                                            
     4.223938353                132      context-switches                                            
     4.324381325                226      context-switches                                            
     4.424919938                135      context-switches                                            
     4.525496034                254      context-switches                                            
     4.626120971                202      context-switches                                            
     4.726648917                176      context-switches                                            
     4.827171171                307      context-switches                                            
     4.927763133                175      context-switches                                            
     5.028187874                431      context-switches                                            
#           time             counts unit events
     5.128642098              1,020      context-switches                                            
     5.228827310              3,684      context-switches                                            
     5.329384925                392      context-switches                                            
     5.429572882              3,214      context-switches                                            
     5.529835170              4,117      context-switches                                            
     5.630188262              4,838      context-switches                                            
     5.730549692              1,982      context-switches                                            
     5.831107740              3,959      context-switches                                            
     5.931263098              2,940      context-switches                                            
     6.031818131              2,435      context-switches                                            
     6.132431040              4,017      context-switches                                            
     6.232732317              1,975      context-switches                                            
     6.332984453              3,723      context-switches                                            
     6.433264689              1,765      context-switches                                            
     6.533514618              4,556      context-switches                                            
     6.633969555              3,469      context-switches                                            
     6.734165432              1,810      context-switches                                            
     6.834398795              4,093      context-switches                                            
     6.934760910              4,057      context-switches                                            
     7.035048152              1,580      context-switches                                            
     7.135335819              4,383      context-switches                                            
     7.235405761              7,330      context-switches                                            
     7.335925538              3,935      context-switches                                            
     7.436446882              4,127      context-switches                                            
     7.536687592              1,447      context-switches                                            
#           time             counts unit events
     7.636939352              4,141      context-switches                                            
     7.737177205              1,658      context-switches                                            
     7.837542636              3,517      context-switches                                            
     7.937895199              4,167      context-switches                                            
     8.038189042              1,574      context-switches                                            
     8.138676621              3,989      context-switches                                            
     8.238971693              1,988      context-switches                                            
     8.339295526              3,572      context-switches                                            
     8.439568212              4,079      context-switches                                            
     8.539915151              1,649      context-switches                                            
     8.640231205              4,234      context-switches                                            
     8.740526541              1,626      context-switches                                            
     8.841035570              3,590      context-switches                                            
     8.941360470              3,911      context-switches                                            
     9.041658816              1,700      context-switches                                            
     9.142110768              3,730      context-switches                                            
     9.242386448              2,083      context-switches                                            
     9.342765169              3,726      context-switches                                            
     9.442980114              2,650      context-switches                                            
     9.543236907              3,371      context-switches                                            
     9.643712397              2,994      context-switches                                            
     9.743864024              1,806      context-switches                                            
     9.844237208              4,480      context-switches                                            
     9.944741284              4,179      context-switches                                            
    10.000775296                466      context-switches                                            
