# started on Tue Nov  5 22:56:20 2019

#           time             counts unit events
     0.101202502                361      context-switches                                            
     0.201909850                328      context-switches                                            
     0.302529834                227      context-switches                                            
     0.403101725                214      context-switches                                            
     0.503697795                195      context-switches                                            
     0.604282044                163      context-switches                                            
     0.704879441                190      context-switches                                            
     0.805448320                309      context-switches                                            
     0.905916196                215      context-switches                                            
     1.006400316                169      context-switches                                            
     1.106941487                283      context-switches                                            
     1.207496538                417      context-switches                                            
     1.308093660                353      context-switches                                            
     1.408711487                318      context-switches                                            
     1.509182075                220      context-switches                                            
     1.609752062                143      context-switches                                            
     1.710402272                237      context-switches                                            
     1.811001155                254      context-switches                                            
     1.911637201                273      context-switches                                            
     2.012306471                216      context-switches                                            
     2.112793880                198      context-switches                                            
     2.213156655                420      context-switches                                            
     2.313664160                199      context-switches                                            
     2.414098480                242      context-switches                                            
     2.514694690                187      context-switches                                            
#           time             counts unit events
     2.615329506                158      context-switches                                            
     2.715891179                171      context-switches                                            
     2.816332983                266      context-switches                                            
     2.916903980                292      context-switches                                            
     3.017423239                186      context-switches                                            
     3.117985393                363      context-switches                                            
     3.218384106                371      context-switches                                            
     3.319003925                246      context-switches                                            
     3.419653846                190      context-switches                                            
     3.520195826                159      context-switches                                            
     3.620691616                134      context-switches                                            
     3.721323081                199      context-switches                                            
     3.821862073                258      context-switches                                            
     3.922443942                235      context-switches                                            
     4.022946350                165      context-switches                                            
     4.123455090                191      context-switches                                            
     4.223980041                397      context-switches                                            
     4.324604899                386      context-switches                                            
     4.424970150              3,175      context-switches                                            
     4.525246966                215      context-switches                                            
     4.625707057              4,188      context-switches                                            
     4.726326763                227      context-switches                                            
     4.826916421                328      context-switches                                            
     4.927467667                324      context-switches                                            
     5.027614017             10,939      context-switches                                            
#           time             counts unit events
     5.127840614             37,003      context-switches                                            
     5.228063542             37,456      context-switches                                            
     5.328341562             37,481      context-switches                                            
     5.428572728             36,095      context-switches                                            
     5.528716664             36,890      context-switches                                            
     5.629013677             36,454      context-switches                                            
     5.729343550             38,365      context-switches                                            
     5.829624777             35,922      context-switches                                            
     5.929875938             37,940      context-switches                                            
     6.030103372             35,421      context-switches                                            
     6.130309987             38,211      context-switches                                            
     6.230453920             35,514      context-switches                                            
     6.330708369             38,815      context-switches                                            
     6.430900248             35,852      context-switches                                            
     6.531096532             37,273      context-switches                                            
     6.631379860             36,574      context-switches                                            
     6.731551466             37,621      context-switches                                            
     6.831773252             36,207      context-switches                                            
     6.931982588             37,040      context-switches                                            
     7.032129515             36,135      context-switches                                            
     7.132339912             37,332      context-switches                                            
     7.232532858             35,662      context-switches                                            
     7.332781086             37,187      context-switches                                            
     7.433026148             36,215      context-switches                                            
     7.533284798             38,754      context-switches                                            
#           time             counts unit events
     7.633570319             35,881      context-switches                                            
     7.733749315             38,422      context-switches                                            
     7.833886280             36,554      context-switches                                            
     7.934153025             37,858      context-switches                                            
     8.034395968             36,106      context-switches                                            
     8.134666372             38,528      context-switches                                            
     8.234928178             36,419      context-switches                                            
     8.335231147             36,805      context-switches                                            
     8.435483287             36,591      context-switches                                            
     8.535708516             37,809      context-switches                                            
     8.635909599             37,092      context-switches                                            
     8.736144747             38,841      context-switches                                            
     8.836307266             36,366      context-switches                                            
     8.936435906             39,201      context-switches                                            
     9.036609558             35,619      context-switches                                            
     9.136802219             37,700      context-switches                                            
     9.237005689             35,710      context-switches                                            
     9.337223288             38,426      context-switches                                            
     9.437456231             35,787      context-switches                                            
     9.537751067             37,419      context-switches                                            
     9.637976222             36,263      context-switches                                            
     9.738193320             37,830      context-switches                                            
     9.838482380             36,512      context-switches                                            
     9.938707949             37,935      context-switches                                            
    10.001117229             23,452      context-switches                                            
