# started on Wed Nov  6 01:28:08 2019

#           time             counts unit events
     0.100659270                319      context-switches                                            
     0.201335139                310      context-switches                                            
     0.301911115                193      context-switches                                            
     0.402417692                350      context-switches                                            
     0.503037038                382      context-switches                                            
     0.603648268                233      context-switches                                            
     0.703796941              4,092      context-switches                                            
     0.804429277              2,388      context-switches                                            
     0.905009313                162      context-switches                                            
     1.005611442                226      context-switches                                            
     1.106083293                178      context-switches                                            
     1.206677872                228      context-switches                                            
     1.307275189                187      context-switches                                            
     1.407833836                222      context-switches                                            
     1.508554330                346      context-switches                                            
     1.609142756                230      context-switches                                            
     1.709724965                294      context-switches                                            
     1.810267424                181      context-switches                                            
     1.910876568                192      context-switches                                            
     2.011437492                202      context-switches                                            
     2.112105876                254      context-switches                                            
     2.212808036                274      context-switches                                            
     2.313275609                154      context-switches                                            
     2.413717502                207      context-switches                                            
     2.514280786                313      context-switches                                            
#           time             counts unit events
     2.614917535                234      context-switches                                            
     2.715479833                228      context-switches                                            
     2.816066730                266      context-switches                                            
     2.916667856                179      context-switches                                            
     3.017238553                201      context-switches                                            
     3.117850422                168      context-switches                                            
     3.218517548                245      context-switches                                            
     3.319160173                154      context-switches                                            
     3.419753106                182      context-switches                                            
     3.520370909                343      context-switches                                            
     3.621043586                239      context-switches                                            
     3.721700400                280      context-switches                                            
     3.822177124                212      context-switches                                            
     3.922678117                178      context-switches                                            
     4.023257791                209      context-switches                                            
     4.123782857                195      context-switches                                            
     4.224383892                267      context-switches                                            
     4.324874994                199      context-switches                                            
     4.425124922              1,400      context-switches                                            
     4.525475636              2,005      context-switches                                            
     4.625627788              2,076      context-switches                                            
     4.726190456              2,391      context-switches                                            
     4.826672120                177      context-switches                                            
     4.927156329                214      context-switches                                            
     5.027353235             27,872      context-switches                                            
#           time             counts unit events
     5.127519552             36,886      context-switches                                            
     5.227630176             35,739      context-switches                                            
     5.327872833             37,056      context-switches                                            
     5.427998781             38,121      context-switches                                            
     5.528233300             37,328      context-switches                                            
     5.628353442             37,849      context-switches                                            
     5.728530619             36,136      context-switches                                            
     5.828721518             37,440      context-switches                                            
     5.928898259             36,984      context-switches                                            
     6.029035949             38,528      context-switches                                            
     6.129247375             36,863      context-switches                                            
     6.229367743             37,915      context-switches                                            
     6.329709979             38,328      context-switches                                            
     6.429834484             36,704      context-switches                                            
     6.529995835             37,656      context-switches                                            
     6.630109884             37,243      context-switches                                            
     6.730316746             38,400      context-switches                                            
     6.830424997             37,104      context-switches                                            
     6.930717274             37,918      context-switches                                            
     7.030884138             36,375      context-switches                                            
     7.131196179             37,773      context-switches                                            
     7.231303279             36,388      context-switches                                            
     7.331505541             38,331      context-switches                                            
     7.431694692             37,163      context-switches                                            
     7.531890458             38,602      context-switches                                            
#           time             counts unit events
     7.632112535             37,087      context-switches                                            
     7.732236987             37,982      context-switches                                            
     7.832398233             35,358      context-switches                                            
     7.932534413             38,747      context-switches                                            
     8.032706437             36,447      context-switches                                            
     8.132945895             38,069      context-switches                                            
     8.233140809             35,873      context-switches                                            
     8.333375128             37,836      context-switches                                            
     8.433548285             37,371      context-switches                                            
     8.533735393             38,388      context-switches                                            
     8.633947519             36,042      context-switches                                            
     8.734139901             37,937      context-switches                                            
     8.834362203             37,185      context-switches                                            
     8.934527885             38,645      context-switches                                            
     9.034661517             37,088      context-switches                                            
     9.134861256             37,401      context-switches                                            
     9.235111454             36,728      context-switches                                            
     9.335251461             38,453      context-switches                                            
     9.435466117             36,892      context-switches                                            
     9.535714572             37,871      context-switches                                            
     9.635831737             36,220      context-switches                                            
     9.735984353             37,779      context-switches                                            
     9.836117101             35,930      context-switches                                            
     9.936347698             37,072      context-switches                                            
    10.000643986             23,675      context-switches                                            
