# started on Thu Nov  7 01:32:02 2019

#           time             counts unit events
     0.100438838              5,592      context-switches                                            
     0.200701743             23,498      context-switches                                            
     0.300972285             37,427      context-switches                                            
     0.401174656             38,252      context-switches                                            
     0.501431678             39,034      context-switches                                            
     0.601670173             38,597      context-switches                                            
     0.701949689             36,099      context-switches                                            
     0.802169896             38,397      context-switches                                            
     0.902438076             38,323      context-switches                                            
     1.002604225             38,423      context-switches                                            
     1.102895529             37,657      context-switches                                            
     1.203136293             37,122      context-switches                                            
     1.303346946             38,136      context-switches                                            
     1.403611372             37,666      context-switches                                            
     1.503922459             38,089      context-switches                                            
     1.604086317             39,310      context-switches                                            
     1.704308877             37,509      context-switches                                            
     1.804518038             37,412      context-switches                                            
     1.904623503             38,128      context-switches                                            
     2.004842351             38,786      context-switches                                            
     2.104946548             37,741      context-switches                                            
     2.205254883             38,578      context-switches                                            
     2.305421882             37,464      context-switches                                            
     2.405687964             38,133      context-switches                                            
     2.505804117             38,462      context-switches                                            
#           time             counts unit events
     2.606075854             38,267      context-switches                                            
     2.706257789             38,267      context-switches                                            
     2.806468683             37,594      context-switches                                            
     2.906575567             37,691      context-switches                                            
     3.006825242             38,713      context-switches                                            
     3.106942208             37,045      context-switches                                            
     3.207111479             38,638      context-switches                                            
     3.307221104             37,342      context-switches                                            
     3.407468131             37,971      context-switches                                            
     3.507573950             37,413      context-switches                                            
     3.607678048             38,758      context-switches                                            
     3.707783180             36,660      context-switches                                            
     3.807944483             39,237      context-switches                                            
     3.908053325             37,596      context-switches                                            
     4.008174444             39,635      context-switches                                            
     4.108312120             36,629      context-switches                                            
     4.208425654             39,953      context-switches                                            
     4.308750686             35,632      context-switches                                            
     4.408830888             39,015      context-switches                                            
     4.508978964             37,462      context-switches                                            
     4.609253730             39,520      context-switches                                            
     4.709468931             38,269      context-switches                                            
     4.809639210             38,813      context-switches                                            
     4.909836715             37,284      context-switches                                            
     5.010102747             38,284      context-switches                                            
#           time             counts unit events
     5.110339706             37,997      context-switches                                            
     5.210604132             39,577      context-switches                                            
     5.310775051             36,551      context-switches                                            
     5.410903036             37,526      context-switches                                            
     5.511140284             37,137      context-switches                                            
     5.611402297             39,118      context-switches                                            
     5.711649698             37,815      context-switches                                            
     5.811929500             39,099      context-switches                                            
     5.912150244             38,204      context-switches                                            
     6.012380509             39,005      context-switches                                            
     6.112609602             37,889      context-switches                                            
     6.212751043             39,145      context-switches                                            
     6.313042406             38,161      context-switches                                            
     6.413234227             38,219      context-switches                                            
     6.513574122             38,461      context-switches                                            
     6.613826415             37,887      context-switches                                            
     6.714024663             37,298      context-switches                                            
     6.814296003             39,110      context-switches                                            
     6.914505108             37,716      context-switches                                            
     7.014737989             39,225      context-switches                                            
     7.114894013             37,403      context-switches                                            
     7.215065017             38,252      context-switches                                            
     7.315342060             37,850      context-switches                                            
     7.415528835             39,175      context-switches                                            
     7.515775196             38,273      context-switches                                            
#           time             counts unit events
     7.615965217             38,592      context-switches                                            
     7.716167528             37,481      context-switches                                            
     7.816294420             38,916      context-switches                                            
     7.916540242             37,962      context-switches                                            
     8.016650473             39,408      context-switches                                            
     8.116759352             39,611      context-switches                                            
     8.216894824             38,536      context-switches                                            
     8.317170138             38,867      context-switches                                            
     8.417324675             38,960      context-switches                                            
     8.517563812             36,987      context-switches                                            
     8.617731128             38,808      context-switches                                            
     8.718002731             37,257      context-switches                                            
     8.818168742             38,578      context-switches                                            
     8.918424795             38,120      context-switches                                            
     9.018558287             38,458      context-switches                                            
     9.118752642             38,364      context-switches                                            
     9.219030349             37,710      context-switches                                            
     9.319294219             38,367      context-switches                                            
     9.419491691             37,744      context-switches                                            
     9.519732332             37,317      context-switches                                            
     9.619958684             38,023      context-switches                                            
     9.720151196             38,159      context-switches                                            
     9.820306713             38,800      context-switches                                            
     9.920516554             38,228      context-switches                                            
    10.000695002             28,431      context-switches                                            
