# started on Tue Nov 12 12:28:31 2019

#           time             counts unit events
     0.100131505             34,834      context-switches                                            
     0.200302761             36,160      context-switches                                            
     0.300420070             29,929      context-switches                                            
     0.400555444             35,155      context-switches                                            
     0.500674989             35,316      context-switches                                            
     0.600767175             35,986      context-switches                                            
     0.700888953             33,864      context-switches                                            
     0.801002001             37,190      context-switches                                            
     0.901121882             34,476      context-switches                                            
     1.001263979             32,205      context-switches                                            
     1.101413854             31,340      context-switches                                            
     1.201555992             33,927      context-switches                                            
     1.301670436             36,062      context-switches                                            
     1.401783540             34,990      context-switches                                            
     1.501908814             32,459      context-switches                                            
     1.602040122             33,922      context-switches                                            
     1.702168613             33,792      context-switches                                            
     1.802290951             32,912      context-switches                                            
     1.902417230             31,781      context-switches                                            
     2.002541255             32,313      context-switches                                            
     2.102665317             31,161      context-switches                                            
     2.202778538             34,541      context-switches                                            
     2.302899466             33,981      context-switches                                            
     2.403040320             32,757      context-switches                                            
     2.503159013             31,514      context-switches                                            
#           time             counts unit events
     2.603277539             31,186      context-switches                                            
     2.703476870             35,631      context-switches                                            
     2.803673235             33,605      context-switches                                            
     2.903787915             32,197      context-switches                                            
     3.003908649             33,620      context-switches                                            
     3.104030007             32,457      context-switches                                            
     3.204142320             31,423      context-switches                                            
     3.304264174             33,084      context-switches                                            
     3.404411292             36,235      context-switches                                            
     3.504533422             38,625      context-switches                                            
     3.604669445             32,769      context-switches                                            
     3.704790574             38,203      context-switches                                            
     3.804910255             32,334      context-switches                                            
     3.905015273             31,661      context-switches                                            
     4.005143294             32,072      context-switches                                            
     4.105285973             36,170      context-switches                                            
     4.205422820             38,703      context-switches                                            
     4.305540783             33,952      context-switches                                            
     4.405683276             36,252      context-switches                                            
     4.505895242             34,476      context-switches                                            
     4.606052920             33,413      context-switches                                            
     4.706166861             31,735      context-switches                                            
     4.806284570             37,514      context-switches                                            
     4.906403170             36,796      context-switches                                            
     5.006521150             32,888      context-switches                                            
#           time             counts unit events
     5.106641300             33,799      context-switches                                            
     5.206769544             37,540      context-switches                                            
     5.306882259             33,058      context-switches                                            
     5.406999734             34,269      context-switches                                            
     5.507119634             32,703      context-switches                                            
     5.607239900             33,718      context-switches                                            
     5.707349808             36,237      context-switches                                            
     5.807457877             36,704      context-switches                                            
     5.907569482             34,208      context-switches                                            
     6.007686272             36,542      context-switches                                            
     6.107809011             37,385      context-switches                                            
     6.207934910             33,460      context-switches                                            
     6.308045541             38,689      context-switches                                            
     6.408158741             34,518      context-switches                                            
     6.508292262             33,390      context-switches                                            
     6.608413415             33,163      context-switches                                            
     6.708528914             32,493      context-switches                                            
     6.808664527             36,236      context-switches                                            
     6.908773504             34,139      context-switches                                            
     7.008895123             35,858      context-switches                                            
     7.109022267             30,600      context-switches                                            
     7.209144196             33,577      context-switches                                            
     7.309332491             32,741      context-switches                                            
     7.409450200             38,340      context-switches                                            
     7.509589814             36,767      context-switches                                            
#           time             counts unit events
     7.609705202             38,018      context-switches                                            
     7.709828281             32,148      context-switches                                            
     7.809983935             30,097      context-switches                                            
     7.910100195             32,178      context-switches                                            
     8.010285429             36,049      context-switches                                            
     8.110408113             24,194      context-switches                                            
     8.210591046             32,314      context-switches                                            
     8.310710716             25,555      context-switches                                            
     8.410824061             29,827      context-switches                                            
     8.510965823             38,867      context-switches                                            
     8.611085514             34,123      context-switches                                            
     8.711211925             35,556      context-switches                                            
     8.811333510             32,431      context-switches                                            
     8.911457171             32,212      context-switches                                            
     9.011582207             36,427      context-switches                                            
     9.111702944             35,834      context-switches                                            
     9.211886435             33,278      context-switches                                            
     9.311994087             30,430      context-switches                                            
     9.412106576             32,877      context-switches                                            
     9.512231138             34,667      context-switches                                            
     9.612366103             40,487      context-switches                                            
     9.712481613             36,007      context-switches                                            
     9.812607320             29,959      context-switches                                            
     9.912729871             34,005      context-switches                                            
    10.000617163             28,865      context-switches                                            
