# started on Tue Nov 12 12:58:37 2019

#           time             counts unit events
     0.100405243              1,874      context-switches                                            
     0.200677437              1,517      context-switches                                            
     0.301044903              1,712      context-switches                                            
     0.401540950              1,629      context-switches                                            
     0.501866564              1,867      context-switches                                            
     0.602112213              1,962      context-switches                                            
     0.702508605              1,503      context-switches                                            
     0.802915183              8,408      context-switches                                            
     0.903264444              1,990      context-switches                                            
     1.003603836              1,884      context-switches                                            
     1.103911545              1,727      context-switches                                            
     1.204269837              1,854      context-switches                                            
     1.304606336              1,835      context-switches                                            
     1.405068365              1,643      context-switches                                            
     1.505499340              1,682      context-switches                                            
     1.605792333              1,976      context-switches                                            
     1.706239745              1,644      context-switches                                            
     1.806660020              1,700      context-switches                                            
     1.907216595              1,980      context-switches                                            
     2.007730320              1,409      context-switches                                            
     2.108278444              1,676      context-switches                                            
     2.208569506              1,567      context-switches                                            
     2.309021636              1,628      context-switches                                            
     2.409508345              1,642      context-switches                                            
     2.509864692              1,806      context-switches                                            
#           time             counts unit events
     2.610310491              1,932      context-switches                                            
     2.710634916              1,632      context-switches                                            
     2.810876833              1,707      context-switches                                            
     2.911294410              1,758      context-switches                                            
     3.011526945              1,589      context-switches                                            
     3.111804508              1,873      context-switches                                            
     3.212180409              1,899      context-switches                                            
     3.312556122              1,871      context-switches                                            
     3.412889034              1,828      context-switches                                            
     3.513303534              1,725      context-switches                                            
     3.613687729              2,128      context-switches                                            
     3.714189918              1,499      context-switches                                            
     3.814481005              1,683      context-switches                                            
     3.914945478              1,857      context-switches                                            
     4.015379160              1,552      context-switches                                            
     4.115719769              1,685      context-switches                                            
     4.216130108              1,453      context-switches                                            
     4.316630829              1,782      context-switches                                            
     4.417073694              1,630      context-switches                                            
     4.517345790              1,820      context-switches                                            
     4.617719665              1,914      context-switches                                            
     4.718187978              1,584      context-switches                                            
     4.818592218              1,633      context-switches                                            
     4.918958359              1,650      context-switches                                            
     5.019234862              1,906      context-switches                                            
#           time             counts unit events
     5.119587397              1,565      context-switches                                            
     5.220131758              1,453      context-switches                                            
     5.320453812              1,650      context-switches                                            
     5.420799415              1,650      context-switches                                            
     5.521300041              1,897      context-switches                                            
     5.621573023              1,766      context-switches                                            
     5.721933465              1,808      context-switches                                            
     5.822281634              1,578      context-switches                                            
     5.922521172              1,765      context-switches                                            
     6.023055164              1,657      context-switches                                            
     6.123372848              1,897      context-switches                                            
     6.223667422              1,666      context-switches                                            
     6.324161627              1,552      context-switches                                            
     6.424482521              1,549      context-switches                                            
     6.524763116              1,905      context-switches                                            
     6.624974303              2,067      context-switches                                            
     6.725150351              1,879      context-switches                                            
     6.825502227              1,788      context-switches                                            
     6.926034844              1,371      context-switches                                            
     7.026485685              1,580      context-switches                                            
     7.127034596              1,777      context-switches                                            
     7.227494924              1,688      context-switches                                            
     7.327761484              1,747      context-switches                                            
     7.428193198              1,638      context-switches                                            
     7.528488321              1,851      context-switches                                            
#           time             counts unit events
     7.628751940              1,795      context-switches                                            
     7.729249083              1,602      context-switches                                            
     7.829699046              1,920      context-switches                                            
     7.930119245              1,871      context-switches                                            
     8.030577093              1,465      context-switches                                            
     8.130880365              1,588      context-switches                                            
     8.231187428              1,831      context-switches                                            
     8.331507816              2,000      context-switches                                            
     8.431837032              1,796      context-switches                                            
     8.532116263              2,249      context-switches                                            
     8.632246642              2,091      context-switches                                            
     8.732493743              2,085      context-switches                                            
     8.832752758              2,426      context-switches                                            
     8.933061629              2,123      context-switches                                            
     9.033488799              2,003      context-switches                                            
     9.133995165              1,717      context-switches                                            
     9.234523634              1,929      context-switches                                            
     9.334847543              1,690      context-switches                                            
     9.435194523              1,633      context-switches                                            
     9.535436350              2,029      context-switches                                            
     9.635699608              2,272      context-switches                                            
     9.736106709              1,984      context-switches                                            
     9.836488213              1,970      context-switches                                            
     9.936885181              1,751      context-switches                                            
    10.000927676              1,190      context-switches                                            
