# started on Tue Nov 12 12:21:48 2019

#           time             counts unit events
     0.100168432             36,997      context-switches                                            
     0.200311746             36,094      context-switches                                            
     0.300481962             39,123      context-switches                                            
     0.400600233             32,436      context-switches                                            
     0.500723309             33,442      context-switches                                            
     0.600972337             35,119      context-switches                                            
     0.701080282             37,626      context-switches                                            
     0.801187235             37,398      context-switches                                            
     0.901305729             38,880      context-switches                                            
     1.001429769             32,905      context-switches                                            
     1.101555855             33,120      context-switches                                            
     1.201708574             34,336      context-switches                                            
     1.301817656             38,306      context-switches                                            
     1.401947297             40,337      context-switches                                            
     1.502058965             36,921      context-switches                                            
     1.602253962             38,067      context-switches                                            
     1.702401936             39,229      context-switches                                            
     1.802509115             37,916      context-switches                                            
     1.902621064             33,943      context-switches                                            
     2.002734695             24,592      context-switches                                            
     2.102849856             33,201      context-switches                                            
     2.202985221             35,970      context-switches                                            
     2.303397624             31,532      context-switches                                            
     2.403518725             34,755      context-switches                                            
     2.503688983             37,991      context-switches                                            
#           time             counts unit events
     2.603887030             39,240      context-switches                                            
     2.704022297             38,232      context-switches                                            
     2.804138890             37,021      context-switches                                            
     2.904255248             38,137      context-switches                                            
     3.004428422             40,239      context-switches                                            
     3.104543831             35,085      context-switches                                            
     3.204738522             39,760      context-switches                                            
     3.304851057             38,015      context-switches                                            
     3.405018530             37,450      context-switches                                            
     3.505151335             39,470      context-switches                                            
     3.605338639             35,308      context-switches                                            
     3.705461857             40,144      context-switches                                            
     3.805584227             35,898      context-switches                                            
     3.905721570             40,243      context-switches                                            
     4.005847221             43,715      context-switches                                            
     4.105963192             40,144      context-switches                                            
     4.206086005             39,207      context-switches                                            
     4.306224729             34,677      context-switches                                            
     4.406436890             29,827      context-switches                                            
     4.506565673             31,837      context-switches                                            
     4.606687970             31,363      context-switches                                            
     4.706815611             36,273      context-switches                                            
     4.807059880             31,452      context-switches                                            
     4.907247423             35,950      context-switches                                            
     5.007426852             37,975      context-switches                                            
#           time             counts unit events
     5.107556926             40,297      context-switches                                            
     5.207665703             35,229      context-switches                                            
     5.307798719             39,291      context-switches                                            
     5.407919506             31,971      context-switches                                            
     5.508086479             36,943      context-switches                                            
     5.608247636             33,663      context-switches                                            
     5.708464367             34,135      context-switches                                            
     5.808603144             29,145      context-switches                                            
     5.908720032             35,346      context-switches                                            
     6.008885720             35,035      context-switches                                            
     6.109066807             37,795      context-switches                                            
     6.209179126             39,554      context-switches                                            
     6.309299289             39,068      context-switches                                            
     6.409441700             33,271      context-switches                                            
     6.509627796             33,534      context-switches                                            
     6.609865312             40,867      context-switches                                            
     6.710032651             36,805      context-switches                                            
     6.810143856             40,318      context-switches                                            
     6.910276283             36,229      context-switches                                            
     7.010461579             38,287      context-switches                                            
     7.110704162             39,887      context-switches                                            
     7.210906677             39,759      context-switches                                            
     7.311096253             40,971      context-switches                                            
     7.411281472             42,459      context-switches                                            
     7.511478436             38,556      context-switches                                            
#           time             counts unit events
     7.611730811             42,332      context-switches                                            
     7.711922092             40,496      context-switches                                            
     7.812161415             41,425      context-switches                                            
     7.912329575             38,781      context-switches                                            
     8.012496896             40,586      context-switches                                            
     8.112608351             43,622      context-switches                                            
     8.212822021             41,781      context-switches                                            
     8.313001585             37,866      context-switches                                            
     8.413109554             41,758      context-switches                                            
     8.513214944             37,880      context-switches                                            
     8.613336419             35,861      context-switches                                            
     8.713552847             38,928      context-switches                                            
     8.813725421             39,228      context-switches                                            
     8.913913709             37,591      context-switches                                            
     9.014027971             35,793      context-switches                                            
     9.114148785             32,236      context-switches                                            
     9.214272634             36,401      context-switches                                            
     9.314398340             34,319      context-switches                                            
     9.414608363             38,609      context-switches                                            
     9.514808499             35,622      context-switches                                            
     9.614924468             37,198      context-switches                                            
     9.715125890             40,554      context-switches                                            
     9.815234398             40,109      context-switches                                            
     9.915366917             39,819      context-switches                                            
    10.000658736             31,422      context-switches                                            
