# started on Tue Nov 12 23:46:47 2019

#           time             counts unit events
     0.100217127                735      context-switches                                            
     0.200415884              2,170      context-switches                                            
     0.300582630              7,080      context-switches                                            
     0.400733647              7,805      context-switches                                            
     0.500901884              7,389      context-switches                                            
     0.601053280              6,591      context-switches                                            
     0.701187248              5,339      context-switches                                            
     0.801332994              5,665      context-switches                                            
     0.901472651             33,526      context-switches                                            
     1.001617227             42,388      context-switches                                            
     1.101755125             42,262      context-switches                                            
     1.201916301             39,711      context-switches                                            
     1.302077877             30,124      context-switches                                            
     1.402246814             26,292      context-switches                                            
     1.502379630             42,417      context-switches                                            
     1.602522817             38,316      context-switches                                            
     1.702670393             39,274      context-switches                                            
     1.802854609             28,345      context-switches                                            
     1.903014125             37,130      context-switches                                            
     2.003175891             42,517      context-switches                                            
     2.103340338             40,449      context-switches                                            
     2.203486054             39,963      context-switches                                            
     2.303649021             33,226      context-switches                                            
     2.403815916             28,726      context-switches                                            
     2.503974062             29,179      context-switches                                            
#           time             counts unit events
     2.604138668             37,425      context-switches                                            
     2.704291004             39,336      context-switches                                            
     2.804447570             29,283      context-switches                                            
     2.904609476             28,154      context-switches                                            
     3.004754472             30,096      context-switches                                            
     3.104899758             39,858      context-switches                                            
     3.205046304             35,431      context-switches                                            
     3.305182340             44,260      context-switches                                            
     3.405342375             40,000      context-switches                                            
     3.505495280             33,043      context-switches                                            
     3.605644596             40,611      context-switches                                            
     3.705797371             43,287      context-switches                                            
     3.805964007             35,902      context-switches                                            
     3.906112072             36,969      context-switches                                            
     4.006291418             37,868      context-switches                                            
     4.106427853             34,530      context-switches                                            
     4.206556739             45,279      context-switches                                            
     4.306715615             39,857      context-switches                                            
     4.406873610             36,889      context-switches                                            
     4.507035955             36,068      context-switches                                            
     4.607192771             37,108      context-switches                                            
     4.707404715             42,411      context-switches                                            
     4.807570930             40,063      context-switches                                            
     4.907737195             40,231      context-switches                                            
     5.007887081             37,063      context-switches                                            
#           time             counts unit events
     5.108043255             31,306      context-switches                                            
     5.208179371             33,858      context-switches                                            
     5.308323166             39,991      context-switches                                            
     5.408483491             41,077      context-switches                                            
     5.508618416             36,826      context-switches                                            
     5.608762901             37,907      context-switches                                            
     5.708903126             35,033      context-switches                                            
     5.809059180             48,215      context-switches                                            
     5.909218675             50,614      context-switches                                            
     6.009370250             41,638      context-switches                                            
     6.109519945             45,410      context-switches                                            
     6.209665069             50,264      context-switches                                            
     6.309805705             46,546      context-switches                                            
     6.409962789             46,010      context-switches                                            
     6.510117254             42,910      context-switches                                            
     6.610251549             37,718      context-switches                                            
     6.710394432             43,442      context-switches                                            
     6.810532047             43,249      context-switches                                            
     6.910666192             45,724      context-switches                                            
     7.010802476             44,829      context-switches                                            
     7.110953051             45,204      context-switches                                            
     7.211092256             41,221      context-switches                                            
     7.311249800             39,959      context-switches                                            
     7.411413304             41,662      context-switches                                            
     7.511568358             43,335      context-switches                                            
#           time             counts unit events
     7.611709682             45,548      context-switches                                            
     7.711843936             43,805      context-switches                                            
     7.811999941             40,627      context-switches                                            
     7.912153345             34,046      context-switches                                            
     8.012319068             39,464      context-switches                                            
     8.112480902             37,754      context-switches                                            
     8.212632107             39,800      context-switches                                            
     8.312783281             42,296      context-switches                                            
     8.412932205             33,568      context-switches                                            
     8.513087969             41,378      context-switches                                            
     8.613237832             41,270      context-switches                                            
     8.713390055             31,320      context-switches                                            
     8.813536169             38,935      context-switches                                            
     8.913676003             39,729      context-switches                                            
     9.013831957             38,782      context-switches                                            
     9.113987310             34,351      context-switches                                            
     9.214156844             28,305      context-switches                                            
     9.314301948             40,903      context-switches                                            
     9.414444952             41,993      context-switches                                            
     9.514594085             44,535      context-switches                                            
     9.614774758             41,009      context-switches                                            
     9.714930411             38,786      context-switches                                            
     9.815098084             33,385      context-switches                                            
     9.915255307             35,021      context-switches                                            
    10.000608015             32,965      context-switches                                            
