# started on Thu Nov  7 02:02:13 2019

#           time             counts unit events
     0.100424689              6,466      context-switches                                            
     0.200647647             19,893      context-switches                                            
     0.300810952             38,173      context-switches                                            
     0.401014119             36,930      context-switches                                            
     0.501120820             38,275      context-switches                                            
     0.601392545             37,653      context-switches                                            
     0.701502407             38,707      context-switches                                            
     0.801711250             38,413      context-switches                                            
     0.901818336             37,623      context-switches                                            
     1.002058974             37,805      context-switches                                            
     1.102176161             37,796      context-switches                                            
     1.202366216             38,550      context-switches                                            
     1.302475710             37,915      context-switches                                            
     1.402696582             38,840      context-switches                                            
     1.502801634             36,890      context-switches                                            
     1.602983835             38,412      context-switches                                            
     1.703096194             35,820      context-switches                                            
     1.803305561             38,878      context-switches                                            
     1.903505066             36,535      context-switches                                            
     2.003729989             39,515      context-switches                                            
     2.103929683             36,650      context-switches                                            
     2.204112282             39,360      context-switches                                            
     2.304410888             37,096      context-switches                                            
     2.404667767             38,726      context-switches                                            
     2.504901233             36,825      context-switches                                            
#           time             counts unit events
     2.605064987             39,112      context-switches                                            
     2.705311224             36,190      context-switches                                            
     2.805470461             39,354      context-switches                                            
     2.905745633             36,460      context-switches                                            
     3.005857867             38,861      context-switches                                            
     3.106146303             35,428      context-switches                                            
     3.206261732             38,301      context-switches                                            
     3.306538406             36,310      context-switches                                            
     3.406649270             38,407      context-switches                                            
     3.506905857             37,228      context-switches                                            
     3.607015694             38,948      context-switches                                            
     3.707302675             37,552      context-switches                                            
     3.807509407             38,723      context-switches                                            
     3.907779379             37,851      context-switches                                            
     4.008000101             37,806      context-switches                                            
     4.108246045             36,409      context-switches                                            
     4.208467018             37,975      context-switches                                            
     4.308746388             37,278      context-switches                                            
     4.408985195             38,935      context-switches                                            
     4.509213339             37,573      context-switches                                            
     4.609460651             37,060      context-switches                                            
     4.709672286             38,291      context-switches                                            
     4.809916220             38,122      context-switches                                            
     4.910061579             37,744      context-switches                                            
     5.010280369             38,115      context-switches                                            
#           time             counts unit events
     5.110488434             36,652      context-switches                                            
     5.210661246             38,522      context-switches                                            
     5.310928029             37,509      context-switches                                            
     5.411120639             37,368      context-switches                                            
     5.511313925             37,047      context-switches                                            
     5.611498436             38,429      context-switches                                            
     5.711707173             37,648      context-switches                                            
     5.811858418             38,127      context-switches                                            
     5.912018603             37,687      context-switches                                            
     6.012176067             38,137      context-switches                                            
     6.112451072             36,212      context-switches                                            
     6.212565640             38,489      context-switches                                            
     6.312726509             37,048      context-switches                                            
     6.412891695             38,495      context-switches                                            
     6.513025078             38,040      context-switches                                            
     6.613277151             38,104      context-switches                                            
     6.713499536             37,773      context-switches                                            
     6.813655759             37,662      context-switches                                            
     6.913889137             37,141      context-switches                                            
     7.013995611             38,290      context-switches                                            
     7.114222300             38,688      context-switches                                            
     7.214335386             38,486      context-switches                                            
     7.314543921             37,552      context-switches                                            
     7.414649704             38,008      context-switches                                            
     7.514923665             37,304      context-switches                                            
#           time             counts unit events
     7.615033949             38,226      context-switches                                            
     7.715183353             38,273      context-switches                                            
     7.815373331             38,484      context-switches                                            
     7.915648503             37,648      context-switches                                            
     8.015816453             37,171      context-switches                                            
     8.116121160             38,423      context-switches                                            
     8.216231113             37,771      context-switches                                            
     8.316523615             38,634      context-switches                                            
     8.416722818             37,579      context-switches                                            
     8.516980144             37,896      context-switches                                            
     8.617258208             37,395      context-switches                                            
     8.717368323             37,559      context-switches                                            
     8.817632724             37,638      context-switches                                            
     8.917882649             37,926      context-switches                                            
     9.018054708             37,458      context-switches                                            
     9.118281577             38,211      context-switches                                            
     9.218398911             37,994      context-switches                                            
     9.318611112             38,669      context-switches                                            
     9.418799142             37,901      context-switches                                            
     9.519002760             38,107      context-switches                                            
     9.619132247             37,480      context-switches                                            
     9.719359120             37,797      context-switches                                            
     9.819628709             37,440      context-switches                                            
     9.919885007             37,473      context-switches                                            
    10.000735467             27,726      context-switches                                            
