# started on Tue Nov 12 11:08:39 2019

#           time             counts unit events
     0.100124941             42,285      context-switches                                            
     0.200387651             40,716      context-switches                                            
     0.300588585             44,292      context-switches                                            
     0.400764579             42,029      context-switches                                            
     0.500944527             42,380      context-switches                                            
     0.601134152             41,606      context-switches                                            
     0.701301414             41,120      context-switches                                            
     0.801454233             41,746      context-switches                                            
     0.901593180             44,714      context-switches                                            
     1.001720318             38,241      context-switches                                            
     1.101939306             42,278      context-switches                                            
     1.202236238             40,070      context-switches                                            
     1.302371232             38,075      context-switches                                            
     1.402530407             42,081      context-switches                                            
     1.502737515             43,030      context-switches                                            
     1.602902644             43,449      context-switches                                            
     1.703136302             40,672      context-switches                                            
     1.803349396             43,012      context-switches                                            
     1.903456743             39,685      context-switches                                            
     2.003595697             38,070      context-switches                                            
     2.103679214             41,256      context-switches                                            
     2.205685389             42,887      context-switches                                            
     2.305763374             43,331      context-switches                                            
     2.405929099             42,777      context-switches                                            
     2.506120020             43,968      context-switches                                            
#           time             counts unit events
     2.606283274             41,758      context-switches                                            
     2.706414575             39,536      context-switches                                            
     2.806524362             42,083      context-switches                                            
     2.906715599             38,877      context-switches                                            
     3.006882227             37,213      context-switches                                            
     3.107062139             36,220      context-switches                                            
     3.207192318             39,543      context-switches                                            
     3.307304099             42,953      context-switches                                            
     3.407555371             42,104      context-switches                                            
     3.507703706             41,518      context-switches                                            
     3.607806721             39,507      context-switches                                            
     3.707937612             42,635      context-switches                                            
     3.808252271             37,216      context-switches                                            
     3.908354208             39,288      context-switches                                            
     4.008464649             43,289      context-switches                                            
     4.108585054             45,047      context-switches                                            
     4.208845159             43,970      context-switches                                            
     4.309012257             38,484      context-switches                                            
     4.409274405             42,985      context-switches                                            
     4.509415690             43,636      context-switches                                            
     4.609616453             43,400      context-switches                                            
     4.709902231             42,633      context-switches                                            
     4.810111624             42,834      context-switches                                            
     4.910336715             42,851      context-switches                                            
     5.010445581             43,071      context-switches                                            
#           time             counts unit events
     5.110553356             41,124      context-switches                                            
     5.210657208             41,384      context-switches                                            
     5.310815895             44,179      context-switches                                            
     5.410930770             40,788      context-switches                                            
     5.511084272             41,085      context-switches                                            
     5.611277349             43,544      context-switches                                            
     5.711446229             40,263      context-switches                                            
     5.811618245             41,284      context-switches                                            
     5.911806558             41,336      context-switches                                            
     6.011915571             43,006      context-switches                                            
     6.112071997             41,713      context-switches                                            
     6.212294289             42,752      context-switches                                            
     6.312402412             40,712      context-switches                                            
     6.412505730             43,700      context-switches                                            
     6.512618268             43,816      context-switches                                            
     6.612859534             41,391      context-switches                                            
     6.713081600             42,880      context-switches                                            
     6.813251501             37,050      context-switches                                            
     6.913498876             43,043      context-switches                                            
     7.013679963             44,152      context-switches                                            
     7.113845321             43,068      context-switches                                            
     7.214006376             43,310      context-switches                                            
     7.314113279             42,945      context-switches                                            
     7.414275869             43,033      context-switches                                            
     7.514381539             39,896      context-switches                                            
#           time             counts unit events
     7.614543887             40,483      context-switches                                            
     7.714655108             40,945      context-switches                                            
     7.814812254             41,208      context-switches                                            
     7.914980010             33,225      context-switches                                            
     8.015091934             40,633      context-switches                                            
     8.115245042             36,366      context-switches                                            
     8.215426186             35,679      context-switches                                            
     8.315535535             38,605      context-switches                                            
     8.415650307             38,961      context-switches                                            
     8.515816870             40,854      context-switches                                            
     8.615928400             35,655      context-switches                                            
     8.716041204             37,789      context-switches                                            
     8.816232090             36,967      context-switches                                            
     8.916339680             37,869      context-switches                                            
     9.016460675             38,159      context-switches                                            
     9.116715843             34,443      context-switches                                            
     9.216825394             37,407      context-switches                                            
     9.316939359             41,912      context-switches                                            
     9.417052673             41,162      context-switches                                            
     9.517234252             39,590      context-switches                                            
     9.617342624             39,492      context-switches                                            
     9.717436769             40,602      context-switches                                            
     9.817595741             43,043      context-switches                                            
     9.917700724             42,914      context-switches                                            
    10.000542780             38,662      context-switches                                            
