# started on Mon Nov 11 22:48:05 2019

#           time             counts unit events
     0.100182379             45,202      context-switches                                            
     0.200348308             39,666      context-switches                                            
     0.300502377             31,855      context-switches                                            
     0.400639227             32,066      context-switches                                            
     0.500763157             39,860      context-switches                                            
     0.600895307             48,265      context-switches                                            
     0.701036447             50,067      context-switches                                            
     0.801161927             44,277      context-switches                                            
     0.901304547             53,295      context-switches                                            
     1.001447408             48,438      context-switches                                            
     1.101577638             49,238      context-switches                                            
     1.201716879             53,617      context-switches                                            
     1.301856320             44,788      context-switches                                            
     1.401988330             47,059      context-switches                                            
     1.502122181             44,155      context-switches                                            
     1.602253961             41,906      context-switches                                            
     1.702385842             46,825      context-switches                                            
     1.802514723             53,066      context-switches                                            
     1.902669954             49,421      context-switches                                            
     2.002794095             45,621      context-switches                                            
     2.102918767             43,173      context-switches                                            
     2.203053299             48,190      context-switches                                            
     2.303199330             46,312      context-switches                                            
     2.403357161             45,742      context-switches                                            
     2.503496462             42,859      context-switches                                            
#           time             counts unit events
     2.603638484             47,371      context-switches                                            
     2.703788185             44,244      context-switches                                            
     2.803921207             43,630      context-switches                                            
     2.904056599             49,897      context-switches                                            
     3.004198761             40,419      context-switches                                            
     3.104345843             35,901      context-switches                                            
     3.204492196             45,656      context-switches                                            
     3.304637748             44,323      context-switches                                            
     3.404784150             32,609      context-switches                                            
     3.504961622             45,231      context-switches                                            
     3.605103964             48,142      context-switches                                            
     3.705241587             47,162      context-switches                                            
     3.805369810             45,508      context-switches                                            
     3.905500333             47,590      context-switches                                            
     4.005639536             49,032      context-switches                                            
     4.105769419             41,219      context-switches                                            
     4.205915812             40,896      context-switches                                            
     4.306068605             43,685      context-switches                                            
     4.406243068             43,959      context-switches                                            
     4.506380691             49,394      context-switches                                            
     4.606549173             49,619      context-switches                                            
     4.706696496             41,735      context-switches                                            
     4.806835490             39,929      context-switches                                            
     4.906995233             44,139      context-switches                                            
     5.007090678             40,748      context-switches                                            
#           time             counts unit events
     5.107217532             44,296      context-switches                                            
     5.207370065             43,117      context-switches                                            
     5.307519379             37,186      context-switches                                            
     5.407671174             37,054      context-switches                                            
     5.507807597             45,751      context-switches                                            
     5.607934751             45,022      context-switches                                            
     5.708065585             44,473      context-switches                                            
     5.808206020             42,215      context-switches                                            
     5.908365464             47,525      context-switches                                            
     6.008509119             41,820      context-switches                                            
     6.108670703             51,063      context-switches                                            
     6.208821388             35,578      context-switches                                            
     6.308960573             34,183      context-switches                                            
     6.409105547             41,782      context-switches                                            
     6.509241992             44,027      context-switches                                            
     6.609375007             45,678      context-switches                                            
     6.709507812             44,592      context-switches                                            
     6.809654558             46,609      context-switches                                            
     6.909801743             49,285      context-switches                                            
     7.009940119             47,342      context-switches                                            
     7.110084864             46,531      context-switches                                            
     7.210231199             45,697      context-switches                                            
     7.310365015             44,667      context-switches                                            
     7.410499111             50,818      context-switches                                            
     7.510611266             53,313      context-switches                                            
#           time             counts unit events
     7.610744242             52,522      context-switches                                            
     7.710886238             46,439      context-switches                                            
     7.811036874             49,267      context-switches                                            
     7.911177560             51,958      context-switches                                            
     8.011311127             49,691      context-switches                                            
     8.111443913             48,862      context-switches                                            
     8.211585359             48,059      context-switches                                            
     8.311726806             42,309      context-switches                                            
     8.411880092             49,903      context-switches                                            
     8.512024728             44,174      context-switches                                            
     8.612166925             45,831      context-switches                                            
     8.712310951             47,569      context-switches                                            
     8.812450579             45,763      context-switches                                            
     8.912616676             47,627      context-switches                                            
     9.012793552             48,384      context-switches                                            
     9.112934450             44,409      context-switches                                            
     9.213059787             44,623      context-switches                                            
     9.313190394             45,447      context-switches                                            
     9.413351311             42,774      context-switches                                            
     9.513499349             44,602      context-switches                                            
     9.613644876             41,615      context-switches                                            
     9.713787103             44,328      context-switches                                            
     9.813944311             44,302      context-switches                                            
     9.914136379             42,381      context-switches                                            
    10.000649926             41,570      context-switches                                            
