# started on Tue Nov  5 21:38:37 2019

#           time             counts unit events
     0.100622056                517      context-switches                                            
     0.201291907                309      context-switches                                            
     0.301784286                182      context-switches                                            
     0.402282650                168      context-switches                                            
     0.502865179                169      context-switches                                            
     0.603432281                218      context-switches                                            
     0.704011314                288      context-switches                                            
     0.804533188                222      context-switches                                            
     0.905064291                229      context-switches                                            
     1.005592324                341      context-switches                                            
     1.105746137              1,320      context-switches                                            
     1.206323072              5,348      context-switches                                            
     1.306940733                196      context-switches                                            
     1.407364466                141      context-switches                                            
     1.507849861                162      context-switches                                            
     1.608413326                201      context-switches                                            
     1.708999435                324      context-switches                                            
     1.809441764                198      context-switches                                            
     1.910071558                182      context-switches                                            
     2.010662459                242      context-switches                                            
     2.111152694                388      context-switches                                            
     2.211720440                282      context-switches                                            
     2.312228944                298      context-switches                                            
     2.412808000                154      context-switches                                            
     2.513405841                160      context-switches                                            
#           time             counts unit events
     2.613936821                223      context-switches                                            
     2.714563479                247      context-switches                                            
     2.815215681                276      context-switches                                            
     2.915775847                161      context-switches                                            
     3.016283354                239      context-switches                                            
     3.116617398                371      context-switches                                            
     3.217235930                210      context-switches                                            
     3.317882182                358      context-switches                                            
     3.418297514                146      context-switches                                            
     3.518783106                199      context-switches                                            
     3.619384208                210      context-switches                                            
     3.719924017                264      context-switches                                            
     3.820452576                177      context-switches                                            
     3.921053468                173      context-switches                                            
     4.021551264                245      context-switches                                            
     4.122121767                340      context-switches                                            
     4.222690303                188      context-switches                                            
     4.323164210                283      context-switches                                            
     4.423671966                144      context-switches                                            
     4.524114510                157      context-switches                                            
     4.624652232                204      context-switches                                            
     4.725120744                308      context-switches                                            
     4.825786011                217      context-switches                                            
     4.926335328                205      context-switches                                            
     5.026569564             28,237      context-switches                                            
#           time             counts unit events
     5.126814521             37,092      context-switches                                            
     5.226919330             35,003      context-switches                                            
     5.327096199             35,594      context-switches                                            
     5.427208609             36,317      context-switches                                            
     5.527468810             38,245      context-switches                                            
     5.627576683             35,131      context-switches                                            
     5.727860960             37,313      context-switches                                            
     5.828011255             35,795      context-switches                                            
     5.928172481             37,518      context-switches                                            
     6.028394810             36,805      context-switches                                            
     6.128530174             37,131      context-switches                                            
     6.228661449             36,771      context-switches                                            
     6.328770633             37,043      context-switches                                            
     6.428985100             36,015      context-switches                                            
     6.529123674             35,904      context-switches                                            
     6.629347100             35,330      context-switches                                            
     6.729509262             37,471      context-switches                                            
     6.829642066             36,069      context-switches                                            
     6.929828016             37,170      context-switches                                            
     7.030008675             37,023      context-switches                                            
     7.130272816             36,843      context-switches                                            
     7.230550031             36,007      context-switches                                            
     7.330765655             37,282      context-switches                                            
     7.430962168             36,822      context-switches                                            
     7.531182744             37,710      context-switches                                            
#           time             counts unit events
     7.631415919             37,630      context-switches                                            
     7.731624464             36,035      context-switches                                            
     7.831840538             37,744      context-switches                                            
     7.932048179             37,057      context-switches                                            
     8.032163748             36,356      context-switches                                            
     8.132439202             37,943      context-switches                                            
     8.232552255             35,732      context-switches                                            
     8.332760047             37,659      context-switches                                            
     8.432951339             35,315      context-switches                                            
     8.533140156             37,112      context-switches                                            
     8.633319759             36,797      context-switches                                            
     8.733599316             37,008      context-switches                                            
     8.833822888             34,883      context-switches                                            
     8.934103659             37,369      context-switches                                            
     9.034287352             36,990      context-switches                                            
     9.134506279             37,297      context-switches                                            
     9.234613255             36,279      context-switches                                            
     9.334831205             37,228      context-switches                                            
     9.435113209             35,361      context-switches                                            
     9.535220676             37,045      context-switches                                            
     9.635440228             37,027      context-switches                                            
     9.735689580             36,772      context-switches                                            
     9.835900819             36,596      context-switches                                            
     9.936111021             37,232      context-switches                                            
    10.000662900             23,397      context-switches                                            
