# started on Tue Nov  5 20:36:58 2019

#           time             counts unit events
     0.100840441                289      context-switches                                            
     0.201542771                159      context-switches                                            
     0.301973833                410      context-switches                                            
     0.402126052              6,544      context-switches                                            
     0.502529398                436      context-switches                                            
     0.602955004                421      context-switches                                            
     0.703563675                160      context-switches                                            
     0.804150578                161      context-switches                                            
     0.904759014                373      context-switches                                            
     1.005297592                290      context-switches                                            
     1.105721729                218      context-switches                                            
     1.206204371                180      context-switches                                            
     1.306716284                369      context-switches                                            
     1.407129464                427      context-switches                                            
     1.507740138                237      context-switches                                            
     1.608332161                505      context-switches                                            
     1.708947733                132      context-switches                                            
     1.809473432                270      context-switches                                            
     1.910071517                381      context-switches                                            
     2.010668782                358      context-switches                                            
     2.111224329                204      context-switches                                            
     2.211794486                168      context-switches                                            
     2.312453092                386      context-switches                                            
     2.413050083                323      context-switches                                            
     2.513598418                225      context-switches                                            
#           time             counts unit events
     2.614128138                452      context-switches                                            
     2.714633523                174      context-switches                                            
     2.815220984                198      context-switches                                            
     2.915821820                370      context-switches                                            
     3.016316797                231      context-switches                                            
     3.116897660                218      context-switches                                            
     3.217445141                183      context-switches                                            
     3.318072400                423      context-switches                                            
     3.418659987                406      context-switches                                            
     3.519293524                190      context-switches                                            
     3.619923405                497      context-switches                                            
     3.720405372                160      context-switches                                            
     3.821068087                192      context-switches                                            
     3.921739418                382      context-switches                                            
     4.022355131                200      context-switches                                            
     4.122900218                249      context-switches                                            
     4.223421256                207      context-switches                                            
     4.323954545                419      context-switches                                            
     4.424633454                358      context-switches                                            
     4.525298282                288      context-switches                                            
     4.625906228                428      context-switches                                            
     4.726251215                203      context-switches                                            
     4.826852623                175      context-switches                                            
     4.927464676                358      context-switches                                            
     5.027717535              2,797      context-switches                                            
#           time             counts unit events
     5.128158748              5,143      context-switches                                            
     5.228448183             17,756      context-switches                                            
     5.328867443             19,453      context-switches                                            
     5.429231754              7,889      context-switches                                            
     5.529438674             11,393      context-switches                                            
     5.630001079              5,479      context-switches                                            
     5.730606139              3,485      context-switches                                            
     5.831012584              1,816      context-switches                                            
     5.931597115              2,963      context-switches                                            
     6.031987106              1,645      context-switches                                            
     6.132343396              1,558      context-switches                                            
     6.232943154              1,516      context-switches                                            
     6.333413016              2,425      context-switches                                            
     6.433925464              1,986      context-switches                                            
     6.534199757              2,028      context-switches                                            
     6.634739008              1,389      context-switches                                            
     6.735327063              1,620      context-switches                                            
     6.835885354              1,884      context-switches                                            
     6.936478066              1,929      context-switches                                            
     7.036857752              1,853      context-switches                                            
     7.137284629              1,505      context-switches                                            
     7.237668050              1,395      context-switches                                            
     7.338163757              2,010      context-switches                                            
     7.438818051              2,029      context-switches                                            
     7.539347526              2,077      context-switches                                            
#           time             counts unit events
     7.639778544              1,374      context-switches                                            
     7.740280944              1,473      context-switches                                            
     7.840967972              1,604      context-switches                                            
     7.941547408              1,972      context-switches                                            
     8.041907865              1,745      context-switches                                            
     8.142181247              1,754      context-switches                                            
     8.242597723              1,466      context-switches                                            
     8.343122580              1,958      context-switches                                            
     8.443743707              2,010      context-switches                                            
     8.544331629              2,114      context-switches                                            
     8.644768410              1,639      context-switches                                            
     8.745335893              1,397      context-switches                                            
     8.845967161              1,658      context-switches                                            
     8.946550615              2,140      context-switches                                            
     9.047050796              1,861      context-switches                                            
     9.147364506              1,830      context-switches                                            
     9.247661864              1,680      context-switches                                            
     9.348242205              1,573      context-switches                                            
     9.448789595              1,993      context-switches                                            
     9.549330114              2,111      context-switches                                            
     9.649615168              2,029      context-switches                                            
     9.749946405              1,138      context-switches                                            
     9.850283286              1,932      context-switches                                            
     9.950655438              2,073      context-switches                                            
    10.000901469                888      context-switches                                            
