# started on Tue Nov  5 22:02:01 2019

#           time             counts unit events
     0.100695580                399      context-switches                                            
     0.201347024                169      context-switches                                            
     0.301938057                155      context-switches                                            
     0.402554196                305      context-switches                                            
     0.503117563                177      context-switches                                            
     0.603639888                237      context-switches                                            
     0.704256008                236      context-switches                                            
     0.804815055                427      context-switches                                            
     0.905367238                235      context-switches                                            
     1.005973686                204      context-switches                                            
     1.106558810                244      context-switches                                            
     1.207122375                183      context-switches                                            
     1.307653448                180      context-switches                                            
     1.408152493                373      context-switches                                            
     1.508751764                190      context-switches                                            
     1.609366344                352      context-switches                                            
     1.709970206                285      context-switches                                            
     1.810477004                377      context-switches                                            
     1.911014039                209      context-switches                                            
     2.011596642                243      context-switches                                            
     2.112282734                218      context-switches                                            
     2.212945007                214      context-switches                                            
     2.313490087                139      context-switches                                            
     2.413940954                304      context-switches                                            
     2.514691661                160      context-switches                                            
#           time             counts unit events
     2.615230785                223      context-switches                                            
     2.715571822                266      context-switches                                            
     2.816220634                312      context-switches                                            
     2.916845381                190      context-switches                                            
     3.017495599                274      context-switches                                            
     3.118033670                200      context-switches                                            
     3.218658657                186      context-switches                                            
     3.319219156                160      context-switches                                            
     3.419831358                234      context-switches                                            
     3.520416714                187      context-switches                                            
     3.621060083                268      context-switches                                            
     3.721640824                376      context-switches                                            
     3.822193485                153      context-switches                                            
     3.922796371                205      context-switches                                            
     4.023331240                182      context-switches                                            
     4.123851479                220      context-switches                                            
     4.224541356                240      context-switches                                            
     4.324947844                169      context-switches                                            
     4.425343101                224      context-switches                                            
     4.525844905                207      context-switches                                            
     4.626367364                261      context-switches                                            
     4.726844388                368      context-switches                                            
     4.827473857                274      context-switches                                            
     4.928128599                132      context-switches                                            
     5.028416917              3,253      context-switches                                            
#           time             counts unit events
     5.128805820              3,630      context-switches                                            
     5.229106415             10,762      context-switches                                            
     5.329580035              2,328      context-switches                                            
     5.430174013              1,379      context-switches                                            
     5.530770153              1,525      context-switches                                            
     5.631040994              3,669      context-switches                                            
     5.731561172              3,063      context-switches                                            
     5.831994074                987      context-switches                                            
     5.932468247              1,470      context-switches                                            
     6.033042883              1,550      context-switches                                            
     6.133660941              1,047      context-switches                                            
     6.234059631              1,532      context-switches                                            
     6.334706749                982      context-switches                                            
     6.435159161              1,608      context-switches                                            
     6.535660044              1,072      context-switches                                            
     6.635991157              1,867      context-switches                                            
     6.736404195              1,528      context-switches                                            
     6.836883186              7,869      context-switches                                            
     6.937430691                942      context-switches                                            
     7.038019725              1,820      context-switches                                            
     7.138328705              1,596      context-switches                                            
     7.238527214              5,218      context-switches                                            
     7.339047844                524      context-switches                                            
     7.439634764              1,831      context-switches                                            
     7.540195735              1,762      context-switches                                            
#           time             counts unit events
     7.640685826              1,766      context-switches                                            
     7.741218668              1,354      context-switches                                            
     7.841570645              1,755      context-switches                                            
     7.942164669              1,042      context-switches                                            
     8.042590413              1,743      context-switches                                            
     8.143176777                933      context-switches                                            
     8.243618061              1,713      context-switches                                            
     8.344032228                963      context-switches                                            
     8.444737294              1,536      context-switches                                            
     8.545054463              1,165      context-switches                                            
     8.645532711              1,566      context-switches                                            
     8.745952303              1,181      context-switches                                            
     8.846558715              1,741      context-switches                                            
     8.946862955              1,828      context-switches                                            
     9.047185726              5,235      context-switches                                            
     9.147440855                525      context-switches                                            
     9.247776172              1,783      context-switches                                            
     9.348271656              1,696      context-switches                                            
     9.448437796              3,997      context-switches                                            
     9.548842502              2,657      context-switches                                            
     9.649412217              1,165      context-switches                                            
     9.749794923              1,873      context-switches                                            
     9.850410109              1,616      context-switches                                            
     9.950766649              2,001      context-switches                                            
    10.000662547              4,317      context-switches                                            
