# started on Tue Nov 12 11:16:02 2019

#           time             counts unit events
     0.100123317             35,751      context-switches                                            
     0.200385014             38,228      context-switches                                            
     0.300486905             36,474      context-switches                                            
     0.400640140             40,144      context-switches                                            
     0.500749609             42,494      context-switches                                            
     0.600855546             42,172      context-switches                                            
     0.700961721             37,568      context-switches                                            
     0.801150141             40,174      context-switches                                            
     0.901264406             40,300      context-switches                                            
     1.001471855             41,882      context-switches                                            
     1.101577378             38,938      context-switches                                            
     1.201809913             40,406      context-switches                                            
     1.302005989             38,417      context-switches                                            
     1.402175362             44,169      context-switches                                            
     1.502280480             42,104      context-switches                                            
     1.602412752             43,805      context-switches                                            
     1.702548184             37,652      context-switches                                            
     1.802714462             42,013      context-switches                                            
     1.902916475             33,686      context-switches                                            
     2.003078277             35,936      context-switches                                            
     2.103189612             35,170      context-switches                                            
     2.203299600             40,232      context-switches                                            
     2.303407632             38,777      context-switches                                            
     2.403515881             35,071      context-switches                                            
     2.503693574             38,548      context-switches                                            
#           time             counts unit events
     2.603861376             39,798      context-switches                                            
     2.703976303             39,696      context-switches                                            
     2.804227141             40,755      context-switches                                            
     2.904447724             41,931      context-switches                                            
     3.004610656             39,384      context-switches                                            
     3.104772920             42,672      context-switches                                            
     3.204940480             37,096      context-switches                                            
     3.305111513             41,162      context-switches                                            
     3.405263667             38,924      context-switches                                            
     3.505369310             39,148      context-switches                                            
     3.605611209             40,027      context-switches                                            
     3.705801801             42,367      context-switches                                            
     3.806035034             41,641      context-switches                                            
     3.906226092             38,855      context-switches                                            
     4.006343063             40,986      context-switches                                            
     4.106455701             36,413      context-switches                                            
     4.206641573             36,203      context-switches                                            
     4.306750734             33,981      context-switches                                            
     4.406984760             37,610      context-switches                                            
     4.507165352             35,487      context-switches                                            
     4.607280095             36,459      context-switches                                            
     4.707483894             35,429      context-switches                                            
     4.807692471             36,254      context-switches                                            
     4.907889659             39,523      context-switches                                            
     5.007997129             38,807      context-switches                                            
#           time             counts unit events
     5.108115308             37,655      context-switches                                            
     5.208254240             36,874      context-switches                                            
     5.308360304             35,003      context-switches                                            
     5.408476389             37,658      context-switches                                            
     5.508659890             38,258      context-switches                                            
     5.608830345             39,143      context-switches                                            
     5.708936678             43,457      context-switches                                            
     5.809037877             38,807      context-switches                                            
     5.909273402             42,509      context-switches                                            
     6.009402014             40,667      context-switches                                            
     6.109511014             41,608      context-switches                                            
     6.209616574             38,806      context-switches                                            
     6.309794157             40,869      context-switches                                            
     6.409949317             39,162      context-switches                                            
     6.510112588             41,368      context-switches                                            
     6.610322986             36,993      context-switches                                            
     6.710461333             38,138      context-switches                                            
     6.810572308             39,641      context-switches                                            
     6.910668479             42,827      context-switches                                            
     7.010853947             37,457      context-switches                                            
     7.110958622             38,677      context-switches                                            
     7.211138445             39,706      context-switches                                            
     7.311270587             36,546      context-switches                                            
     7.411436392             31,471      context-switches                                            
     7.511567898             34,570      context-switches                                            
#           time             counts unit events
     7.611750692             33,573      context-switches                                            
     7.711862793             34,214      context-switches                                            
     7.811985630             39,013      context-switches                                            
     7.912125035             36,549      context-switches                                            
     8.012214301             35,415      context-switches                                            
     8.112304406             36,196      context-switches                                            
     8.212493682             41,801      context-switches                                            
     8.312680374             39,507      context-switches                                            
     8.412797784             38,957      context-switches                                            
     8.512998782             37,532      context-switches                                            
     8.613243323             41,539      context-switches                                            
     8.713353383             38,371      context-switches                                            
     8.813463474             36,671      context-switches                                            
     8.913574710             40,532      context-switches                                            
     9.013785174             41,722      context-switches                                            
     9.113896362             40,925      context-switches                                            
     9.214059350             43,129      context-switches                                            
     9.314164105             39,408      context-switches                                            
     9.414383258             40,022      context-switches                                            
     9.514590677             43,411      context-switches                                            
     9.614692213             44,715      context-switches                                            
     9.714897751             40,906      context-switches                                            
     9.815056736             35,771      context-switches                                            
     9.915293890             37,015      context-switches                                            
    10.000793533             34,706      context-switches                                            
