# started on Tue Nov  5 22:03:12 2019

#           time             counts unit events
     0.100815637                318      context-switches                                            
     0.201475865                232      context-switches                                            
     0.302024880                205      context-switches                                            
     0.402625129                234      context-switches                                            
     0.503258249                499      context-switches                                            
     0.603916429                183      context-switches                                            
     0.704495394                187      context-switches                                            
     0.804973186                225      context-switches                                            
     0.905443171                158      context-switches                                            
     1.006014698                288      context-switches                                            
     1.106658505                224      context-switches                                            
     1.207254789                220      context-switches                                            
     1.307755097                199      context-switches                                            
     1.408337147                420      context-switches                                            
     1.508896251                457      context-switches                                            
     1.609536360                151      context-switches                                            
     1.710164968                193      context-switches                                            
     1.810771018                193      context-switches                                            
     1.911061164                515      context-switches                                            
     2.011666291                242      context-switches                                            
     2.112278937                178      context-switches                                            
     2.212782746                186      context-switches                                            
     2.313268957                158      context-switches                                            
     2.413756573                255      context-switches                                            
     2.514399573                456      context-switches                                            
#           time             counts unit events
     2.614895847                183      context-switches                                            
     2.715387675                202      context-switches                                            
     2.815967445                197      context-switches                                            
     2.916535505                169      context-switches                                            
     3.017123237                244      context-switches                                            
     3.117601758                234      context-switches                                            
     3.218216581                175      context-switches                                            
     3.318760648                148      context-switches                                            
     3.419271257                211      context-switches                                            
     3.519898058                370      context-switches                                            
     3.620307776                193      context-switches                                            
     3.720801431                182      context-switches                                            
     3.821395708                225      context-switches                                            
     3.922075174                188      context-switches                                            
     4.022724899                172      context-switches                                            
     4.123206178                231      context-switches                                            
     4.223701061                175      context-switches                                            
     4.324338565                166      context-switches                                            
     4.424890846                239      context-switches                                            
     4.525557108                368      context-switches                                            
     4.626209997                238      context-switches                                            
     4.726786684                151      context-switches                                            
     4.827336467                188      context-switches                                            
     4.927800061                164      context-switches                                            
     5.028021604              2,300      context-switches                                            
#           time             counts unit events
     5.128308311              5,305      context-switches                                            
     5.228474019             22,251      context-switches                                            
     5.328839397             31,193      context-switches                                            
     5.429067360             18,650      context-switches                                            
     5.529367673             17,026      context-switches                                            
     5.629822543              1,664      context-switches                                            
     5.730312099              3,952      context-switches                                            
     5.830820708              1,570      context-switches                                            
     5.931436935              2,918      context-switches                                            
     6.032025729              1,896      context-switches                                            
     6.132482004              2,001      context-switches                                            
     6.232906145              1,515      context-switches                                            
     6.333344169              1,423      context-switches                                            
     6.433869803              1,745      context-switches                                            
     6.534250258              8,617      context-switches                                            
     6.634753937              1,937      context-switches                                            
     6.735163053              1,576      context-switches                                            
     6.835688716              1,258      context-switches                                            
     6.936265577              1,717      context-switches                                            
     7.036930079              1,780      context-switches                                            
     7.137543299              1,880      context-switches                                            
     7.238000391              1,479      context-switches                                            
     7.338639721              1,519      context-switches                                            
     7.439262866              1,468      context-switches                                            
     7.539815079              2,036      context-switches                                            
#           time             counts unit events
     7.640394073              1,913      context-switches                                            
     7.740801554              1,593      context-switches                                            
     7.841295485              1,455      context-switches                                            
     7.941795041              1,757      context-switches                                            
     8.042490376              1,833      context-switches                                            
     8.143118042              1,780      context-switches                                            
     8.243462460              1,709      context-switches                                            
     8.343951858              1,168      context-switches                                            
     8.444283563              1,624      context-switches                                            
     8.544919743              1,993      context-switches                                            
     8.645504517              1,861      context-switches                                            
     8.745805197              1,677      context-switches                                            
     8.846157387              1,474      context-switches                                            
     8.946793733              1,631      context-switches                                            
     9.047461372              1,777      context-switches                                            
     9.148038578              1,776      context-switches                                            
     9.248370638              1,807      context-switches                                            
     9.348661202              1,322      context-switches                                            
     9.449260808              1,616      context-switches                                            
     9.549819118              1,835      context-switches                                            
     9.650357066              1,811      context-switches                                            
     9.750822212              1,777      context-switches                                            
     9.851171732              1,412      context-switches                                            
     9.951571915              1,569      context-switches                                            
    10.001189152                797      context-switches                                            
