# started on Tue Nov 12 12:00:45 2019

#           time             counts unit events
     0.100190591             39,874      context-switches                                            
     0.200407352             38,861      context-switches                                            
     0.300569084             42,659      context-switches                                            
     0.400747406             44,456      context-switches                                            
     0.500946002             40,549      context-switches                                            
     0.601115101             38,791      context-switches                                            
     0.701281536             39,508      context-switches                                            
     0.801375526             41,265      context-switches                                            
     0.901482403             42,018      context-switches                                            
     1.001589490             41,688      context-switches                                            
     1.101762119             43,712      context-switches                                            
     1.201963993             39,341      context-switches                                            
     1.302071857             40,602      context-switches                                            
     1.402263275             39,218      context-switches                                            
     1.502422471             43,175      context-switches                                            
     1.602582581             42,374      context-switches                                            
     1.702770417             40,329      context-switches                                            
     1.802884071             39,259      context-switches                                            
     1.903090567             39,233      context-switches                                            
     2.003198932             38,498      context-switches                                            
     2.103415265             42,127      context-switches                                            
     2.203528678             43,137      context-switches                                            
     2.303775493             40,661      context-switches                                            
     2.403892682             39,686      context-switches                                            
     2.504011878             42,645      context-switches                                            
#           time             counts unit events
     2.604157068             41,058      context-switches                                            
     2.704283436             41,437      context-switches                                            
     2.804393263             41,094      context-switches                                            
     2.904524966             43,918      context-switches                                            
     3.004698579             42,013      context-switches                                            
     3.104814603             40,166      context-switches                                            
     3.204987249             34,621      context-switches                                            
     3.305215877             40,364      context-switches                                            
     3.405447396             38,680      context-switches                                            
     3.505586900             38,275      context-switches                                            
     3.605704731             44,205      context-switches                                            
     3.705814473             42,442      context-switches                                            
     3.805952649             40,499      context-switches                                            
     3.906093733             41,273      context-switches                                            
     4.006248874             41,858      context-switches                                            
     4.106369586             43,661      context-switches                                            
     4.206482075             43,258      context-switches                                            
     4.306641530             38,865      context-switches                                            
     4.406816939             39,292      context-switches                                            
     4.507070796             41,432      context-switches                                            
     4.607369065             36,922      context-switches                                            
     4.707528168             38,377      context-switches                                            
     4.807639644             43,920      context-switches                                            
     4.907843307             41,308      context-switches                                            
     5.008067978             38,246      context-switches                                            
#           time             counts unit events
     5.108157467             40,115      context-switches                                            
     5.208434315             43,114      context-switches                                            
     5.308636669             42,885      context-switches                                            
     5.408802688             39,530      context-switches                                            
     5.508911576             42,012      context-switches                                            
     5.609027674             37,935      context-switches                                            
     5.709175241             39,433      context-switches                                            
     5.809288043             36,031      context-switches                                            
     5.909482525             40,282      context-switches                                            
     6.009616678             42,583      context-switches                                            
     6.109772256             40,065      context-switches                                            
     6.209908808             39,907      context-switches                                            
     6.310045571             39,765      context-switches                                            
     6.410155171             38,245      context-switches                                            
     6.510387292             41,551      context-switches                                            
     6.610551114             42,521      context-switches                                            
     6.710680676             37,780      context-switches                                            
     6.810889431             40,836      context-switches                                            
     6.911068597             41,264      context-switches                                            
     7.011331048             37,378      context-switches                                            
     7.111493036             41,322      context-switches                                            
     7.211602301             41,031      context-switches                                            
     7.311746324             43,366      context-switches                                            
     7.411862789             42,136      context-switches                                            
     7.512003796             39,690      context-switches                                            
#           time             counts unit events
     7.612311000             40,228      context-switches                                            
     7.712495553             39,115      context-switches                                            
     7.812604854             39,833      context-switches                                            
     7.912721256             41,821      context-switches                                            
     8.012951918             43,848      context-switches                                            
     8.113062800             43,665      context-switches                                            
     8.213178342             39,209      context-switches                                            
     8.313295060             40,565      context-switches                                            
     8.413411704             42,312      context-switches                                            
     8.513550042             41,945      context-switches                                            
     8.613661272             37,657      context-switches                                            
     8.713781831             39,918      context-switches                                            
     8.813904029             41,630      context-switches                                            
     8.914024939             36,486      context-switches                                            
     9.014166791             42,201      context-switches                                            
     9.114382222             41,373      context-switches                                            
     9.214526279             36,124      context-switches                                            
     9.314701223             42,782      context-switches                                            
     9.414814732             41,476      context-switches                                            
     9.515083410             41,804      context-switches                                            
     9.615306557             43,208      context-switches                                            
     9.715421867             40,910      context-switches                                            
     9.815719014             41,164      context-switches                                            
     9.915954476             43,033      context-switches                                            
    10.000726302             36,067      context-switches                                            
