# started on Tue Nov  5 22:19:35 2019

#           time             counts unit events
     0.100776314                367      context-switches                                            
     0.201491184                247      context-switches                                            
     0.302088352                215      context-switches                                            
     0.402600125                315      context-switches                                            
     0.503053574                151      context-switches                                            
     0.603540075                157      context-switches                                            
     0.703942647                215      context-switches                                            
     0.804497284              2,548      context-switches                                            
     0.904904427                691      context-switches                                            
     1.005177025              4,360      context-switches                                            
     1.105661517                225      context-switches                                            
     1.206137020                235      context-switches                                            
     1.306681131                267      context-switches                                            
     1.407310015                337      context-switches                                            
     1.507913840                198      context-switches                                            
     1.608498811                159      context-switches                                            
     1.709007585                207      context-switches                                            
     1.809521061                350      context-switches                                            
     1.910138917                234      context-switches                                            
     2.010633416                233      context-switches                                            
     2.111264160                224      context-switches                                            
     2.211950289                218      context-switches                                            
     2.312613556                230      context-switches                                            
     2.413214349                424      context-switches                                            
     2.513827822                205      context-switches                                            
#           time             counts unit events
     2.614427085                168      context-switches                                            
     2.715035591                156      context-switches                                            
     2.815519130                323      context-switches                                            
     2.916086134                195      context-switches                                            
     3.016735922                255      context-switches                                            
     3.117259676                265      context-switches                                            
     3.217887501                213      context-switches                                            
     3.318282753                380      context-switches                                            
     3.418620165                424      context-switches                                            
     3.519177873              7,017      context-switches                                            
     3.619790848                149      context-switches                                            
     3.720354006                158      context-switches                                            
     3.821007902                300      context-switches                                            
     3.921610870                206      context-switches                                            
     4.022231015                121      context-switches                                            
     4.122690854                233      context-switches                                            
     4.223193226                222      context-switches                                            
     4.323656450                215      context-switches                                            
     4.424208708                351      context-switches                                            
     4.524782325                193      context-switches                                            
     4.625279784                203      context-switches                                            
     4.725801851                194      context-switches                                            
     4.826323848                340      context-switches                                            
     4.926720802                203      context-switches                                            
     5.026830971              2,691      context-switches                                            
#           time             counts unit events
     5.127267115              4,487      context-switches                                            
     5.227553285              7,681      context-switches                                            
     5.327941503             16,410      context-switches                                            
     5.428457699              2,317      context-switches                                            
     5.528827869              5,421      context-switches                                            
     5.629414962              1,079      context-switches                                            
     5.729904913              1,536      context-switches                                            
     5.830254651              2,598      context-switches                                            
     5.930698770              4,336      context-switches                                            
     6.031198986              1,119      context-switches                                            
     6.131556710              2,314      context-switches                                            
     6.231806445              2,123      context-switches                                            
     6.332198391              4,635      context-switches                                            
     6.432445530              1,283      context-switches                                            
     6.532633901              5,068      context-switches                                            
     6.632919142              1,596      context-switches                                            
     6.733275509              5,856      context-switches                                            
     6.833921787              1,572      context-switches                                            
     6.934256293              1,579      context-switches                                            
     7.034882227              1,670      context-switches                                            
     7.135371766                991      context-switches                                            
     7.235993950              1,483      context-switches                                            
     7.336509836              1,287      context-switches                                            
     7.437169021              1,640      context-switches                                            
     7.537764837              1,074      context-switches                                            
#           time             counts unit events
     7.638383343              1,446      context-switches                                            
     7.738784992              1,018      context-switches                                            
     7.839404767              1,460      context-switches                                            
     7.939736531              1,087      context-switches                                            
     8.040390335              1,482      context-switches                                            
     8.140847149              1,162      context-switches                                            
     8.241445237              1,439      context-switches                                            
     8.342047433              1,197      context-switches                                            
     8.442674615              1,621      context-switches                                            
     8.543225341              1,009      context-switches                                            
     8.643865728              1,401      context-switches                                            
     8.744394161              1,021      context-switches                                            
     8.845081809              1,478      context-switches                                            
     8.945566941              1,119      context-switches                                            
     9.046111320              1,469      context-switches                                            
     9.146390275              1,079      context-switches                                            
     9.247009016              1,395      context-switches                                            
     9.347305555              1,229      context-switches                                            
     9.447947478              1,817      context-switches                                            
     9.548286742              1,269      context-switches                                            
     9.648900623              1,613      context-switches                                            
     9.749236267              1,199      context-switches                                            
     9.849904341              1,365      context-switches                                            
     9.950253353              1,227      context-switches                                            
    10.000701096              1,689      context-switches                                            
