# started on Thu Nov  7 01:42:06 2019

#           time             counts unit events
     0.100264557              5,588      context-switches                                            
     0.200522716             25,200      context-switches                                            
     0.300799701             38,095      context-switches                                            
     0.400994349             38,711      context-switches                                            
     0.501303103             37,689      context-switches                                            
     0.601487021             38,311      context-switches                                            
     0.701666760             38,474      context-switches                                            
     0.801918146             39,310      context-switches                                            
     0.902212749             38,330      context-switches                                            
     1.002416514             37,253      context-switches                                            
     1.102599757             38,499      context-switches                                            
     1.202826627             38,276      context-switches                                            
     1.303050538             38,876      context-switches                                            
     1.403364398             38,304      context-switches                                            
     1.503596018             38,424      context-switches                                            
     1.603837382             38,877      context-switches                                            
     1.704118006             37,750      context-switches                                            
     1.804334639             39,103      context-switches                                            
     1.904549677             38,125      context-switches                                            
     2.004788863             38,803      context-switches                                            
     2.104981431             36,783      context-switches                                            
     2.205252282             39,241      context-switches                                            
     2.305417695             37,658      context-switches                                            
     2.405659561             38,647      context-switches                                            
     2.505790142             37,892      context-switches                                            
#           time             counts unit events
     2.606033816             37,635      context-switches                                            
     2.706185525             38,151      context-switches                                            
     2.806395473             38,392      context-switches                                            
     2.906613448             38,651      context-switches                                            
     3.006865753             37,050      context-switches                                            
     3.107036523             38,177      context-switches                                            
     3.207338356             39,018      context-switches                                            
     3.307503537             38,118      context-switches                                            
     3.407661426             38,745      context-switches                                            
     3.507768784             38,871      context-switches                                            
     3.608024332             38,788      context-switches                                            
     3.708132319             37,425      context-switches                                            
     3.808296695             39,030      context-switches                                            
     3.908442090             37,806      context-switches                                            
     4.008671385             37,462      context-switches                                            
     4.108809357             38,334      context-switches                                            
     4.208960327             39,178      context-switches                                            
     4.309066186             38,944      context-switches                                            
     4.409177106             38,454      context-switches                                            
     4.509290008             37,627      context-switches                                            
     4.609398846             38,878      context-switches                                            
     4.709620302             36,761      context-switches                                            
     4.809728437             39,637      context-switches                                            
     4.909984403             38,241      context-switches                                            
     5.010089345             39,240      context-switches                                            
#           time             counts unit events
     5.110442654             37,298      context-switches                                            
     5.210555400             39,064      context-switches                                            
     5.310852103             37,027      context-switches                                            
     5.411000298             37,998      context-switches                                            
     5.511234036             37,509      context-switches                                            
     5.611372613             39,240      context-switches                                            
     5.711685189             37,306      context-switches                                            
     5.811898539             39,138      context-switches                                            
     5.912165279             37,377      context-switches                                            
     6.012379661             37,959      context-switches                                            
     6.112620968             36,860      context-switches                                            
     6.212839024             39,075      context-switches                                            
     6.313061098             38,660      context-switches                                            
     6.413248540             38,534      context-switches                                            
     6.513481584             37,906      context-switches                                            
     6.613597180             39,716      context-switches                                            
     6.713782439             38,004      context-switches                                            
     6.813962585             39,104      context-switches                                            
     6.914130897             38,042      context-switches                                            
     7.014343816             39,474      context-switches                                            
     7.114594268             37,980      context-switches                                            
     7.214812985             38,183      context-switches                                            
     7.315012091             38,076      context-switches                                            
     7.415296404             39,192      context-switches                                            
     7.515600503             37,541      context-switches                                            
#           time             counts unit events
     7.615866570             38,586      context-switches                                            
     7.716164896             37,820      context-switches                                            
     7.816410451             39,200      context-switches                                            
     7.916706937             37,498      context-switches                                            
     8.016882479             39,067      context-switches                                            
     8.117104190             37,621      context-switches                                            
     8.217308689             38,843      context-switches                                            
     8.317570455             38,797      context-switches                                            
     8.417677252             38,646      context-switches                                            
     8.517979637             37,735      context-switches                                            
     8.618088216             38,562      context-switches                                            
     8.718269512             38,387      context-switches                                            
     8.818415121             38,832      context-switches                                            
     8.918585050             37,923      context-switches                                            
     9.018698009             39,405      context-switches                                            
     9.118826882             37,700      context-switches                                            
     9.218933103             38,158      context-switches                                            
     9.319159498             36,932      context-switches                                            
     9.419280708             37,705      context-switches                                            
     9.519574270             38,625      context-switches                                            
     9.619720583             38,041      context-switches                                            
     9.719928836             38,409      context-switches                                            
     9.820144952             38,484      context-switches                                            
     9.920360881             39,275      context-switches                                            
    10.000883509             31,438      context-switches                                            
