# started on Tue Nov 12 12:33:14 2019

#           time             counts unit events
     0.101750387             36,877      context-switches                                            
     0.201964905             36,860      context-switches                                            
     0.302124301             38,310      context-switches                                            
     0.402260461             40,159      context-switches                                            
     0.502376901             39,186      context-switches                                            
     0.602492082             40,681      context-switches                                            
     0.702683564             40,520      context-switches                                            
     0.802857805             36,688      context-switches                                            
     0.902984409             37,071      context-switches                                            
     1.003200221             34,688      context-switches                                            
     1.103383784             37,784      context-switches                                            
     1.203617297             39,519      context-switches                                            
     1.303800901             40,169      context-switches                                            
     1.403933439             38,497      context-switches                                            
     1.504170396             38,424      context-switches                                            
     1.604326988             41,593      context-switches                                            
     1.704471987             35,209      context-switches                                            
     1.804645288             36,830      context-switches                                            
     1.904757953             37,794      context-switches                                            
     2.004958372             37,832      context-switches                                            
     2.105038062             31,670      context-switches                                            
     2.205162893             36,267      context-switches                                            
     2.305278599             36,614      context-switches                                            
     2.405473465             35,027      context-switches                                            
     2.505612379             38,174      context-switches                                            
#           time             counts unit events
     2.605728187             37,385      context-switches                                            
     2.705840707             35,835      context-switches                                            
     2.806004595             33,607      context-switches                                            
     2.906193411             35,033      context-switches                                            
     3.006348167             33,601      context-switches                                            
     3.106518145             32,793      context-switches                                            
     3.206778800             32,698      context-switches                                            
     3.306893107             32,041      context-switches                                            
     3.407056594             32,599      context-switches                                            
     3.507327781             37,603      context-switches                                            
     3.607559126             31,948      context-switches                                            
     3.707737563             36,810      context-switches                                            
     3.807897640             36,698      context-switches                                            
     3.908009942             36,390      context-switches                                            
     4.008130835             29,332      context-switches                                            
     4.108318971             31,028      context-switches                                            
     4.208461703             33,436      context-switches                                            
     4.308695815             33,776      context-switches                                            
     4.408933974             29,587      context-switches                                            
     4.509170232             33,504      context-switches                                            
     4.609385156             36,408      context-switches                                            
     4.709534617             37,086      context-switches                                            
     4.809708996             34,191      context-switches                                            
     4.909853085             34,302      context-switches                                            
     5.009971360             35,947      context-switches                                            
#           time             counts unit events
     5.110118825             34,975      context-switches                                            
     5.210295685             33,146      context-switches                                            
     5.310465803             32,347      context-switches                                            
     5.410586169             30,761      context-switches                                            
     5.510826910             26,979      context-switches                                            
     5.610971388             27,862      context-switches                                            
     5.711087060             26,392      context-switches                                            
     5.811278345             30,356      context-switches                                            
     5.911398913             35,645      context-switches                                            
     6.011512191             33,686      context-switches                                            
     6.111691862             33,569      context-switches                                            
     6.211860186             36,144      context-switches                                            
     6.312030642             32,109      context-switches                                            
     6.412235706             32,744      context-switches                                            
     6.512351823             34,674      context-switches                                            
     6.612533668             32,759      context-switches                                            
     6.720846670             40,981      context-switches                                            
     6.820965171             36,189      context-switches                                            
     6.921075437             34,235      context-switches                                            
     7.021223513             33,629      context-switches                                            
     7.121344214             32,741      context-switches                                            
     7.221483134             44,620      context-switches                                            
     7.321601836             36,055      context-switches                                            
     7.421786442             35,498      context-switches                                            
     7.522010086             34,241      context-switches                                            
#           time             counts unit events
     7.622196287             34,923      context-switches                                            
     7.722384158             34,568      context-switches                                            
     7.822558793             33,726      context-switches                                            
     7.922675602             31,332      context-switches                                            
     8.022841633             33,364      context-switches                                            
     8.123011150             34,696      context-switches                                            
     8.223198715             30,487      context-switches                                            
     8.323315721             32,007      context-switches                                            
     8.423431462             33,743      context-switches                                            
     8.523574193             31,283      context-switches                                            
     8.623785453             29,765      context-switches                                            
     8.723907378             34,285      context-switches                                            
     8.824143881             28,951      context-switches                                            
     8.924268855             35,862      context-switches                                            
     9.024438618             31,948      context-switches                                            
     9.124570654             35,050      context-switches                                            
     9.224682827             31,941      context-switches                                            
     9.324795969             37,114      context-switches                                            
     9.424919565             34,266      context-switches                                            
     9.525139299             34,713      context-switches                                            
     9.625276832             36,657      context-switches                                            
     9.725401661             32,483      context-switches                                            
     9.825527482             36,685      context-switches                                            
     9.925640647             36,302      context-switches                                            
    10.000579964             28,418      context-switches                                            
