# started on Wed Nov  6 01:57:35 2019

#           time             counts unit events
     0.100814809                344      context-switches                                            
     0.201481988                162      context-switches                                            
     0.302005076                209      context-switches                                            
     0.402582866                202      context-switches                                            
     0.503239243                187      context-switches                                            
     0.603853130                179      context-switches                                            
     0.704376403                149      context-switches                                            
     0.804900770                298      context-switches                                            
     0.905458328                181      context-switches                                            
     1.006016917                363      context-switches                                            
     1.106678201                224      context-switches                                            
     1.207317806                138      context-switches                                            
     1.307917353                218      context-switches                                            
     1.408590534                146      context-switches                                            
     1.509188920                148      context-switches                                            
     1.609639678                174      context-switches                                            
     1.710198398                225      context-switches                                            
     1.810855633                301      context-switches                                            
     1.911513865                211      context-switches                                            
     2.012065170                375      context-switches                                            
     2.112683108                221      context-switches                                            
     2.213260487                160      context-switches                                            
     2.313902557                192      context-switches                                            
     2.414417181                191      context-switches                                            
     2.514957758                197      context-switches                                            
#           time             counts unit events
     2.615610135                182      context-switches                                            
     2.716162412                207      context-switches                                            
     2.816746738                309      context-switches                                            
     2.917419868                348      context-switches                                            
     3.018039681                332      context-switches                                            
     3.118616336                225      context-switches                                            
     3.218800713                221      context-switches                                            
     3.319273499              6,313      context-switches                                            
     3.419866835                183      context-switches                                            
     3.520404589                195      context-switches                                            
     3.621122942                174      context-switches                                            
     3.721728043                162      context-switches                                            
     3.822214856                308      context-switches                                            
     3.922664039                204      context-switches                                            
     4.023251160                366      context-switches                                            
     4.123767804                233      context-switches                                            
     4.224270105                232      context-switches                                            
     4.324850035                213      context-switches                                            
     4.425441377                213      context-switches                                            
     4.526081011                183      context-switches                                            
     4.626587312                250      context-switches                                            
     4.727120541                189      context-switches                                            
     4.827604536                330      context-switches                                            
     4.928164081                178      context-switches                                            
     5.028381799              2,415      context-switches                                            
#           time             counts unit events
     5.128861682                477      context-switches                                            
     5.229199339              2,095      context-switches                                            
     5.329304145              2,955      context-switches                                            
     5.429874321              2,270      context-switches                                            
     5.530145693              2,269      context-switches                                            
     5.630512223              3,824      context-switches                                            
     5.731028992              3,868      context-switches                                            
     5.831195504              1,994      context-switches                                            
     5.931561253              3,424      context-switches                                            
     6.031868917              2,412      context-switches                                            
     6.132268050              3,443      context-switches                                            
     6.232814683              4,026      context-switches                                            
     6.333145586              1,568      context-switches                                            
     6.433654944              4,127      context-switches                                            
     6.533856603              1,973      context-switches                                            
     6.634288513              3,292      context-switches                                            
     6.734834967              4,017      context-switches                                            
     6.835049548              1,690      context-switches                                            
     6.935414621              4,328      context-switches                                            
     7.035726588              1,608      context-switches                                            
     7.135976056              3,873      context-switches                                            
     7.236243192              2,727      context-switches                                            
     7.336383221              3,219      context-switches                                            
     7.436787779              4,539      context-switches                                            
     7.536930361              2,340      context-switches                                            
#           time             counts unit events
     7.637299562              3,054      context-switches                                            
     7.737454520              3,651      context-switches                                            
     7.837613970              2,845      context-switches                                            
     7.938182113              2,881      context-switches                                            
     8.038463454              3,196      context-switches                                            
     8.138761900              3,478      context-switches                                            
     8.239205797              3,564      context-switches                                            
     8.339471736              1,612      context-switches                                            
     8.439969518              4,089      context-switches                                            
     8.540220081              3,160      context-switches                                            
     8.640535891              2,376      context-switches                                            
     8.740975762              3,991      context-switches                                            
     8.841399476              1,749      context-switches                                            
     8.941923191              3,939      context-switches                                            
     9.042181345              2,998      context-switches                                            
     9.142598303              2,519      context-switches                                            
     9.243062165              4,146      context-switches                                            
     9.343510345              1,541      context-switches                                            
     9.444031994              4,172      context-switches                                            
     9.544390554              1,411      context-switches                                            
     9.644796012              4,153      context-switches                                            
     9.745308869              4,072      context-switches                                            
     9.845647892              1,513      context-switches                                            
     9.946104196              4,356      context-switches                                            
    10.001092960                500      context-switches                                            
