# started on Thu Nov  7 01:49:28 2019

#           time             counts unit events
     0.100599377                210      context-switches                                            
     0.201032224              1,689      context-switches                                            
     0.301385358              4,970      context-switches                                            
     0.401603731              2,201      context-switches                                            
     0.501962118             13,160      context-switches                                            
     0.602256921              3,619      context-switches                                            
     0.702893509              7,137      context-switches                                            
     0.803230836              2,567      context-switches                                            
     0.903666256             12,828      context-switches                                            
     1.003940935              1,027      context-switches                                            
     1.104339655              5,066      context-switches                                            
     1.204440193              3,881      context-switches                                            
     1.304818755              6,898      context-switches                                            
     1.405274466                791      context-switches                                            
     1.505412751              4,731      context-switches                                            
     1.605655861              2,454      context-switches                                            
     1.705773769              7,788      context-switches                                            
     1.806061015              8,674      context-switches                                            
     1.906449987              4,151      context-switches                                            
     2.006915979              2,793      context-switches                                            
     2.107185378              6,009      context-switches                                            
     2.207558208              3,991      context-switches                                            
     2.307925844              2,757      context-switches                                            
     2.408456419              5,040      context-switches                                            
     2.508643391              2,154      context-switches                                            
#           time             counts unit events
     2.609010481              7,994      context-switches                                            
     2.709401157              2,940      context-switches                                            
     2.809918403             13,723      context-switches                                            
     2.910308313              1,056      context-switches                                            
     3.010594797              5,231      context-switches                                            
     3.110807203              2,604      context-switches                                            
     3.210970720              7,951      context-switches                                            
     3.311316293              1,299      context-switches                                            
     3.411915321              4,327      context-switches                                            
     3.512421193              2,237      context-switches                                            
     3.612570998              5,912      context-switches                                            
     3.712763833              4,956      context-switches                                            
     3.813205312              6,862      context-switches                                            
     3.913582661              2,164      context-switches                                            
     4.013834107              4,415      context-switches                                            
     4.114083682              4,081      context-switches                                            
     4.214189975              7,430      context-switches                                            
     4.314788376              1,403      context-switches                                            
     4.415134864              3,362      context-switches                                            
     4.515442053              4,164      context-switches                                            
     4.615597365              6,898      context-switches                                            
     4.716223281              3,042      context-switches                                            
     4.816508918              1,969      context-switches                                            
     4.916747376              6,087      context-switches                                            
     5.017102655              6,420      context-switches                                            
#           time             counts unit events
     5.117548614              3,244      context-switches                                            
     5.217861077              1,640      context-switches                                            
     5.318221869              5,404      context-switches                                            
     5.418370904              3,171      context-switches                                            
     5.518698995              7,105      context-switches                                            
     5.619163931                811      context-switches                                            
     5.719426323              7,391      context-switches                                            
     5.819585376              2,446      context-switches                                            
     5.919885309              7,348      context-switches                                            
     6.020324396              1,399      context-switches                                            
     6.120610633              6,748      context-switches                                            
     6.220963157              3,416      context-switches                                            
     6.321097407              7,587      context-switches                                            
     6.421576403              1,760      context-switches                                            
     6.521761295              8,361      context-switches                                            
     6.622005698              4,599      context-switches                                            
     6.722232759              5,992      context-switches                                            
     6.822620682              3,565      context-switches                                            
     6.922778401              2,421      context-switches                                            
     7.022901432             10,513      context-switches                                            
     7.122981961              6,119      context-switches                                            
     7.223547567              3,267      context-switches                                            
     7.323916532              1,048      context-switches                                            
     7.424067021              6,215      context-switches                                            
     7.524397358              6,198      context-switches                                            
#           time             counts unit events
     7.624827582              3,364      context-switches                                            
     7.725049568              1,382      context-switches                                            
     7.825502775              5,209      context-switches                                            
     7.925607309              6,364      context-switches                                            
     8.025998924              3,501      context-switches                                            
     8.126463134                792      context-switches                                            
     8.226594080              5,846      context-switches                                            
     8.326695657              3,326      context-switches                                            
     8.426996795              6,955      context-switches                                            
     8.527468527              1,241      context-switches                                            
     8.627995261              1,696      context-switches                                            
     8.728234174              2,696      context-switches                                            
     8.828408615              9,356      context-switches                                            
     8.928637271              5,654      context-switches                                            
     9.028881177              4,153      context-switches                                            
     9.129357879              2,029      context-switches                                            
     9.229491215              7,021      context-switches                                            
     9.329597199              7,228      context-switches                                            
     9.430015707              3,890      context-switches                                            
     9.530528378              2,745      context-switches                                            
     9.631056570              1,906      context-switches                                            
     9.731259683              2,587      context-switches                                            
     9.831415901              9,419      context-switches                                            
     9.931673602              5,332      context-switches                                            
    10.000971594              2,145      context-switches                                            
