# started on Tue Nov  5 20:56:36 2019

#           time             counts unit events
     0.100385872              2,999      context-switches                                            
     0.200608021              6,807      context-switches                                            
     0.301187568              1,139      context-switches                                            
     0.401813942                191      context-switches                                            
     0.502179024                164      context-switches                                            
     0.602716892                265      context-switches                                            
     0.703254988                325      context-switches                                            
     0.803855252                192      context-switches                                            
     0.904392913                147      context-switches                                            
     1.004839969                169      context-switches                                            
     1.105415154                212      context-switches                                            
     1.206071608                274      context-switches                                            
     1.306665745                393      context-switches                                            
     1.407276369                307      context-switches                                            
     1.507732604                251      context-switches                                            
     1.607854851              4,781      context-switches                                            
     1.708439999              2,653      context-switches                                            
     1.809063628                146      context-switches                                            
     1.909613599                177      context-switches                                            
     2.010180983                317      context-switches                                            
     2.110726670                220      context-switches                                            
     2.211219154                147      context-switches                                            
     2.311759615                243      context-switches                                            
     2.412360935                287      context-switches                                            
     2.513066966                238      context-switches                                            
#           time             counts unit events
     2.613704451                208      context-switches                                            
     2.714336589                351      context-switches                                            
     2.814755233                210      context-switches                                            
     2.915295884                249      context-switches                                            
     3.015901883                153      context-switches                                            
     3.116497314                243      context-switches                                            
     3.217090107                176      context-switches                                            
     3.317724159                294      context-switches                                            
     3.418240080                274      context-switches                                            
     3.518806165                231      context-switches                                            
     3.619200620                231      context-switches                                            
     3.719756204                318      context-switches                                            
     3.820358391                175      context-switches                                            
     3.920789922                220      context-switches                                            
     4.021330754                152      context-switches                                            
     4.121846859                258      context-switches                                            
     4.222411374                170      context-switches                                            
     4.322916235                220      context-switches                                            
     4.423573554                260      context-switches                                            
     4.524243723                257      context-switches                                            
     4.624561006                418      context-switches                                            
     4.725043195                166      context-switches                                            
     4.825609207                178      context-switches                                            
     4.925746726                264      context-switches                                            
     5.025976292             30,840      context-switches                                            
#           time             counts unit events
     5.126138237             35,816      context-switches                                            
     5.226284489             34,010      context-switches                                            
     5.326561674             35,310      context-switches                                            
     5.426677542             36,103      context-switches                                            
     5.526896960             35,622      context-switches                                            
     5.627004906             37,025      context-switches                                            
     5.727270653             36,695      context-switches                                            
     5.827385823             37,372      context-switches                                            
     5.927547146             35,989      context-switches                                            
     6.027657835             36,213      context-switches                                            
     6.127897215             37,459      context-switches                                            
     6.228012283             35,865      context-switches                                            
     6.328276178             36,852      context-switches                                            
     6.428386571             35,362      context-switches                                            
     6.528591723             37,713      context-switches                                            
     6.628704597             36,679      context-switches                                            
     6.728931693             36,947      context-switches                                            
     6.829040447             35,654      context-switches                                            
     6.929205354             38,200      context-switches                                            
     7.029315373             35,657      context-switches                                            
     7.129473936             37,497      context-switches                                            
     7.229580315             35,641      context-switches                                            
     7.329749330             37,990      context-switches                                            
     7.429963680             34,982      context-switches                                            
     7.530159839             38,784      context-switches                                            
#           time             counts unit events
     7.630406761             35,190      context-switches                                            
     7.730645528             37,177      context-switches                                            
     7.830757261             34,806      context-switches                                            
     7.930865707             37,436      context-switches                                            
     8.031165088             36,234      context-switches                                            
     8.131360215             38,254      context-switches                                            
     8.231589697             36,172      context-switches                                            
     8.331828531             38,086      context-switches                                            
     8.431960750             36,227      context-switches                                            
     8.532259666             37,987      context-switches                                            
     8.632434119             35,769      context-switches                                            
     8.732648199             37,192      context-switches                                            
     8.832853457             36,426      context-switches                                            
     8.933019501             37,387      context-switches                                            
     9.033185002             36,352      context-switches                                            
     9.133406608             37,370      context-switches                                            
     9.233628219             37,884      context-switches                                            
     9.333738532             37,343      context-switches                                            
     9.433984955             36,705      context-switches                                            
     9.534152227             36,688      context-switches                                            
     9.634335070             36,223      context-switches                                            
     9.734573044             36,881      context-switches                                            
     9.834780855             37,417      context-switches                                            
     9.934969594             37,208      context-switches                                            
    10.000806259             23,839      context-switches                                            
