# started on Tue Nov 12 12:39:58 2019

#           time             counts unit events
     0.100186343             37,814      context-switches                                            
     0.200321393             35,106      context-switches                                            
     0.300434658             37,808      context-switches                                            
     0.400628150             34,304      context-switches                                            
     0.500752306             33,752      context-switches                                            
     0.600925418             33,011      context-switches                                            
     0.701040517             35,064      context-switches                                            
     0.801158592             36,555      context-switches                                            
     0.901293201             32,282      context-switches                                            
     1.001414797             36,527      context-switches                                            
     1.101608310             29,510      context-switches                                            
     1.201727452             27,891      context-switches                                            
     1.301849139             32,583      context-switches                                            
     1.402000801             35,950      context-switches                                            
     1.502196663             38,620      context-switches                                            
     1.602359131             37,103      context-switches                                            
     1.702532971             36,180      context-switches                                            
     1.802649721             35,827      context-switches                                            
     1.902778649             35,387      context-switches                                            
     2.002897399             31,912      context-switches                                            
     2.103021400             32,711      context-switches                                            
     2.203204248             36,806      context-switches                                            
     2.303328172             36,594      context-switches                                            
     2.403502839             37,262      context-switches                                            
     2.503785560             39,540      context-switches                                            
#           time             counts unit events
     2.603919684             42,128      context-switches                                            
     2.704106650             41,155      context-switches                                            
     2.804216171             41,260      context-switches                                            
     2.904328645             42,661      context-switches                                            
     3.004445519             41,686      context-switches                                            
     3.104583944             40,769      context-switches                                            
     3.204692188             39,894      context-switches                                            
     3.304832396             39,236      context-switches                                            
     3.404945016             36,524      context-switches                                            
     3.505067579             37,165      context-switches                                            
     3.605176354             37,743      context-switches                                            
     3.705288315             42,337      context-switches                                            
     3.805449782             40,840      context-switches                                            
     3.905618081             35,862      context-switches                                            
     4.005790704             42,487      context-switches                                            
     4.105895340             43,188      context-switches                                            
     4.206030396             40,629      context-switches                                            
     4.306240125             37,719      context-switches                                            
     4.406307678             38,586      context-switches                                            
     4.506427700             41,287      context-switches                                            
     4.606623723             41,239      context-switches                                            
     4.706740051             42,874      context-switches                                            
     4.806847760             41,264      context-switches                                            
     4.907038648             41,939      context-switches                                            
     5.007215440             39,893      context-switches                                            
#           time             counts unit events
     5.107351496             40,738      context-switches                                            
     5.207500520             43,982      context-switches                                            
     5.307608965             41,891      context-switches                                            
     5.407720737             42,969      context-switches                                            
     5.507898842             37,775      context-switches                                            
     5.608013967             35,320      context-switches                                            
     5.708210874             39,464      context-switches                                            
     5.808436188             40,453      context-switches                                            
     5.908635396             43,348      context-switches                                            
     6.008808567             38,005      context-switches                                            
     6.108917960             36,838      context-switches                                            
     6.209029851             39,511      context-switches                                            
     6.309151833             42,260      context-switches                                            
     6.409329717             35,084      context-switches                                            
     6.509490225             38,566      context-switches                                            
     6.609608740             41,069      context-switches                                            
     6.709833782             36,233      context-switches                                            
     6.809942295             38,105      context-switches                                            
     6.910110224             37,250      context-switches                                            
     7.010250411             39,933      context-switches                                            
     7.110500574             38,585      context-switches                                            
     7.210608405             42,082      context-switches                                            
     7.310746395             37,132      context-switches                                            
     7.410911893             40,031      context-switches                                            
     7.511024060             34,439      context-switches                                            
#           time             counts unit events
     7.611298048             39,361      context-switches                                            
     7.711423657             38,142      context-switches                                            
     7.811554943             35,863      context-switches                                            
     7.911732298             36,190      context-switches                                            
     8.011940100             38,597      context-switches                                            
     8.112132840             41,660      context-switches                                            
     8.212383271             40,917      context-switches                                            
     8.312496433             37,947      context-switches                                            
     8.412608429             40,959      context-switches                                            
     8.512717493             39,493      context-switches                                            
     8.612822977             36,261      context-switches                                            
     8.713028138             37,435      context-switches                                            
     8.813146332             37,364      context-switches                                            
     8.913386713             37,356      context-switches                                            
     9.013554537             40,506      context-switches                                            
     9.113775015             40,529      context-switches                                            
     9.213971832             41,536      context-switches                                            
     9.314197712             42,703      context-switches                                            
     9.414315521             39,217      context-switches                                            
     9.514486736             41,107      context-switches                                            
     9.614620079             38,227      context-switches                                            
     9.714737211             38,588      context-switches                                            
     9.814939821             38,454      context-switches                                            
     9.915073038             37,580      context-switches                                            
    10.000709301             34,003      context-switches                                            
