# started on Tue Nov 12 11:15:22 2019

#           time             counts unit events
     0.100208044             37,108      context-switches                                            
     0.200444651             40,778      context-switches                                            
     0.300549627             42,891      context-switches                                            
     0.400794806             42,499      context-switches                                            
     0.500962777             42,862      context-switches                                            
     0.601122280             44,879      context-switches                                            
     0.701307564             42,260      context-switches                                            
     0.801486222             43,463      context-switches                                            
     0.901744091             39,830      context-switches                                            
     1.001968938             41,572      context-switches                                            
     1.102144023             37,851      context-switches                                            
     1.202366227             42,918      context-switches                                            
     1.302554913             42,528      context-switches                                            
     1.402772392             41,843      context-switches                                            
     1.502973087             37,586      context-switches                                            
     1.603084515             40,843      context-switches                                            
     1.703205669             42,771      context-switches                                            
     1.803402881             41,000      context-switches                                            
     1.903553933             40,328      context-switches                                            
     2.005762113             43,072      context-switches                                            
     2.105898286             41,206      context-switches                                            
     2.206072070             41,049      context-switches                                            
     2.306268296             42,339      context-switches                                            
     2.406492811             43,767      context-switches                                            
     2.506744820             42,404      context-switches                                            
#           time             counts unit events
     2.606935347             39,913      context-switches                                            
     2.707069619             42,957      context-switches                                            
     2.807222826             40,087      context-switches                                            
     2.907357029             36,328      context-switches                                            
     3.007458572             41,560      context-switches                                            
     3.107640263             41,571      context-switches                                            
     3.207828362             42,758      context-switches                                            
     3.307985298             42,756      context-switches                                            
     3.408096460             40,440      context-switches                                            
     3.508201349             42,509      context-switches                                            
     3.608401592             43,018      context-switches                                            
     3.708508087             41,644      context-switches                                            
     3.808723225             43,016      context-switches                                            
     3.908885530             43,417      context-switches                                            
     4.009040146             43,100      context-switches                                            
     4.109278260             43,715      context-switches                                            
     4.209445783             42,854      context-switches                                            
     4.309595465             43,627      context-switches                                            
     4.409817870             43,691      context-switches                                            
     4.510012368             42,640      context-switches                                            
     4.610244481             43,239      context-switches                                            
     4.710429318             43,557      context-switches                                            
     4.810694722             42,940      context-switches                                            
     4.910972607             42,361      context-switches                                            
     5.011123696             42,517      context-switches                                            
#           time             counts unit events
     5.111319321             36,794      context-switches                                            
     5.211438096             37,438      context-switches                                            
     5.311558630             39,471      context-switches                                            
     5.411712209             36,552      context-switches                                            
     5.511870054             40,398      context-switches                                            
     5.612125519             38,066      context-switches                                            
     5.712334397             37,028      context-switches                                            
     5.812487614             42,771      context-switches                                            
     5.912690802             40,419      context-switches                                            
     6.012910865             37,063      context-switches                                            
     6.113163615             37,559      context-switches                                            
     6.213315447             37,498      context-switches                                            
     6.313502317             36,521      context-switches                                            
     6.413613035             36,381      context-switches                                            
     6.513722387             35,608      context-switches                                            
     6.613931115             38,146      context-switches                                            
     6.714073363             35,777      context-switches                                            
     6.814182575             39,596      context-switches                                            
     6.914400682             39,409      context-switches                                            
     7.014508007             37,244      context-switches                                            
     7.114617006             35,767      context-switches                                            
     7.214818921             33,665      context-switches                                            
     7.314932181             34,504      context-switches                                            
     7.415047130             28,786      context-switches                                            
     7.516706815             33,686      context-switches                                            
#           time             counts unit events
     7.616843681             29,501      context-switches                                            
     7.716981319             30,286      context-switches                                            
     7.817141389             30,767      context-switches                                            
     7.917303484             35,782      context-switches                                            
     8.017454384             32,556      context-switches                                            
     8.117563925             35,774      context-switches                                            
     8.217724943             32,878      context-switches                                            
     8.317926262             32,882      context-switches                                            
     8.418143203             34,718      context-switches                                            
     8.518255234             35,216      context-switches                                            
     8.618421182             37,326      context-switches                                            
     8.718526579             36,429      context-switches                                            
     8.818644570             35,977      context-switches                                            
     8.918766790             35,526      context-switches                                            
     9.018952030             34,340      context-switches                                            
     9.119094467             36,799      context-switches                                            
     9.219272960             40,444      context-switches                                            
     9.319393138             35,204      context-switches                                            
     9.419529734             33,335      context-switches                                            
     9.519690294             37,600      context-switches                                            
     9.619802117             36,726      context-switches                                            
     9.719940781             34,768      context-switches                                            
     9.820087274             33,889      context-switches                                            
     9.920202227             32,039      context-switches                                            
    10.000585833             27,417      context-switches                                            
