# started on Wed Nov 13 11:50:14 2019

#           time             counts unit events
     0.101429891                969      context-switches                                            
     0.202650695                959      context-switches                                            
     0.303865796              1,890      context-switches                                            
     0.405210577                925      context-switches                                            
     0.506383705                860      context-switches                                            
     0.607649421              1,140      context-switches                                            
     0.708447678              1,147      context-switches                                            
     0.809522350              1,026      context-switches                                            
     0.910083350                884      context-switches                                            
     1.011267129              1,081      context-switches                                            
     1.111902598              1,119      context-switches                                            
     1.212856190              2,428      context-switches                                            
     1.314004517                939      context-switches                                            
     1.415297897                892      context-switches                                            
     1.516749676                726      context-switches                                            
     1.617952667              1,005      context-switches                                            
     1.719313256                936      context-switches                                            
     1.820523127              1,072      context-switches                                            
     1.921651156              1,226      context-switches                                            
     2.022787701                835      context-switches                                            
     2.124193308                786      context-switches                                            
     2.225518774              1,227      context-switches                                            
     2.326131925              1,060      context-switches                                            
     2.427448402              1,074      context-switches                                            
     2.528865905                830      context-switches                                            
#           time             counts unit events
     2.630447812                912      context-switches                                            
     2.731956004                957      context-switches                                            
     2.833264700                925      context-switches                                            
     2.934540961                931      context-switches                                            
     3.035962417              1,079      context-switches                                            
     3.137146810              1,044      context-switches                                            
     3.238350354              1,233      context-switches                                            
     3.339592924             13,269      context-switches                                            
     3.440492330              1,280      context-switches                                            
     3.541634893                949      context-switches                                            
     3.642916561              1,069      context-switches                                            
     3.744290992                923      context-switches                                            
     3.845527009                928      context-switches                                            
     3.946929287                892      context-switches                                            
     4.048206303                830      context-switches                                            
     4.149564191                820      context-switches                                            
     4.250546203              1,261      context-switches                                            
     4.351405004              1,174      context-switches                                            
     4.452029475              1,094      context-switches                                            
     4.553075382              1,024      context-switches                                            
     4.653764256              1,186      context-switches                                            
     4.754951825              1,000      context-switches                                            
     4.855999390              1,234      context-switches                                            
     4.957315505                937      context-switches                                            
     5.058207316                940      context-switches                                            
#           time             counts unit events
     5.159339397                887      context-switches                                            
     5.259746692              1,967      context-switches                                            
     5.361031006                939      context-switches                                            
     5.462024935              1,079      context-switches                                            
     5.563164848              1,070      context-switches                                            
     5.664502403              1,066      context-switches                                            
     5.765829657                917      context-switches                                            
     5.867154571              1,111      context-switches                                            
     5.968486258              1,040      context-switches                                            
     6.069816615                980      context-switches                                            
     6.171219649                817      context-switches                                            
     6.272635365              1,092      context-switches                                            
     6.373715556                858      context-switches                                            
     6.475022945                837      context-switches                                            
     6.576623516                834      context-switches                                            
     6.677575017              1,228      context-switches                                            
     6.778177819              1,101      context-switches                                            
     6.879571268              1,076      context-switches                                            
     6.981017385                942      context-switches                                            
     7.082316854                809      context-switches                                            
     7.183506299              1,128      context-switches                                            
     7.284655384              1,283      context-switches                                            
     7.386006027              1,048      context-switches                                            
     7.487392584                883      context-switches                                            
     7.588765323                870      context-switches                                            
#           time             counts unit events
     7.690181292                919      context-switches                                            
     7.791518553              1,003      context-switches                                            
     7.891955985              1,173      context-switches                                            
     7.993136214              1,073      context-switches                                            
     8.093797567              1,085      context-switches                                            
     8.194796120                869      context-switches                                            
     8.295527518              1,098      context-switches                                            
     8.396725707              1,233      context-switches                                            
     8.497914654              1,076      context-switches                                            
     8.599068188                916      context-switches                                            
     8.700351924                806      context-switches                                            
     8.801463024                969      context-switches                                            
     8.902146807                918      context-switches                                            
     9.003302247                779      context-switches                                            
     9.104496759                901      context-switches                                            
     9.205290101              1,128      context-switches                                            
     9.305920725              1,216      context-switches                                            
     9.407037877                865      context-switches                                            
     9.508114190                813      context-switches                                            
     9.609337422              1,432      context-switches                                            
     9.710113521              1,094      context-switches                                            
     9.810522037              1,067      context-switches                                            
     9.912000905              1,128      context-switches                                            
    10.002333571                320      context-switches                                            
