# started on Tue Nov  5 21:47:59 2019

#           time             counts unit events
     0.100788162                357      context-switches                                            
     0.201539687                174      context-switches                                            
     0.302158603                281      context-switches                                            
     0.402781063                453      context-switches                                            
     0.503366405                283      context-switches                                            
     0.603974982                227      context-switches                                            
     0.704449518                143      context-switches                                            
     0.805070436                238      context-switches                                            
     0.905716575                220      context-switches                                            
     1.006302513                199      context-switches                                            
     1.106872162                254      context-switches                                            
     1.207324511                195      context-switches                                            
     1.307714674                289      context-switches                                            
     1.408297003                404      context-switches                                            
     1.508879841                231      context-switches                                            
     1.609428723                181      context-switches                                            
     1.710116323                131      context-switches                                            
     1.810707359                237      context-switches                                            
     1.911346659                243      context-switches                                            
     2.011899827                244      context-switches                                            
     2.112449694                180      context-switches                                            
     2.213085358                161      context-switches                                            
     2.313731630                294      context-switches                                            
     2.414263534                411      context-switches                                            
     2.514934192                243      context-switches                                            
#           time             counts unit events
     2.615606017                194      context-switches                                            
     2.716186779                130      context-switches                                            
     2.816656618                209      context-switches                                            
     2.917290407                235      context-switches                                            
     3.017823356                204      context-switches                                            
     3.118429010                159      context-switches                                            
     3.218951012                201      context-switches                                            
     3.319632812                269      context-switches                                            
     3.420278330                470      context-switches                                            
     3.520810823                204      context-switches                                            
     3.621425311                182      context-switches                                            
     3.722103862                140      context-switches                                            
     3.822747339                213      context-switches                                            
     3.923323063                251      context-switches                                            
     4.023812359                257      context-switches                                            
     4.124453311                232      context-switches                                            
     4.224969787                200      context-switches                                            
     4.325449015                346      context-switches                                            
     4.426069730                392      context-switches                                            
     4.526526437                163      context-switches                                            
     4.627144839                262      context-switches                                            
     4.727800782                152      context-switches                                            
     4.828347241                165      context-switches                                            
     4.928784007                197      context-switches                                            
     5.028993086              5,319      context-switches                                            
#           time             counts unit events
     5.129229559             14,646      context-switches                                            
     5.229344500             35,986      context-switches                                            
     5.329574029             39,238      context-switches                                            
     5.429709042             37,197      context-switches                                            
     5.529934246             38,833      context-switches                                            
     5.630072590             37,345      context-switches                                            
     5.730295986             39,265      context-switches                                            
     5.830518992             35,727      context-switches                                            
     5.930673989             38,546      context-switches                                            
     6.030836865             36,982      context-switches                                            
     6.130965128             38,845      context-switches                                            
     6.231128569             37,006      context-switches                                            
     6.331236446             38,635      context-switches                                            
     6.431403767             37,132      context-switches                                            
     6.531561237             37,806      context-switches                                            
     6.631885634             36,482      context-switches                                            
     6.731998878             38,587      context-switches                                            
     6.832244659             37,882      context-switches                                            
     6.932352366             37,639      context-switches                                            
     7.032596295             37,256      context-switches                                            
     7.132708747             37,901      context-switches                                            
     7.232880037             36,212      context-switches                                            
     7.332998641             38,499      context-switches                                            
     7.433292456             37,321      context-switches                                            
     7.533490104             37,570      context-switches                                            
#           time             counts unit events
     7.633733622             37,564      context-switches                                            
     7.733878542             37,652      context-switches                                            
     7.834044564             38,050      context-switches                                            
     7.934320896             37,856      context-switches                                            
     8.034460206             37,530      context-switches                                            
     8.134627933             37,854      context-switches                                            
     8.234843538             37,490      context-switches                                            
     8.334947775             38,729      context-switches                                            
     8.435201761             36,519      context-switches                                            
     8.535452497             38,016      context-switches                                            
     8.635616875             37,592      context-switches                                            
     8.735878689             38,440      context-switches                                            
     8.836158553             37,024      context-switches                                            
     8.936419346             39,025      context-switches                                            
     9.036610011             37,156      context-switches                                            
     9.136815336             39,090      context-switches                                            
     9.237083307             37,460      context-switches                                            
     9.337201092             50,077      context-switches                                            
     9.437355261             64,489      context-switches                                            
     9.537562381             68,399      context-switches                                            
     9.637727760             53,388      context-switches                                            
     9.738002914             39,784      context-switches                                            
     9.838174914             37,627      context-switches                                            
     9.938412504             38,105      context-switches                                            
    10.000786500             24,160      context-switches                                            
