# started on Tue Nov 12 21:11:05 2019

#           time             counts unit events
     0.100997262              1,075      context-switches                                            
     0.202127749              1,384      context-switches                                            
     0.303208963              1,164      context-switches                                            
     0.404576630              1,130      context-switches                                            
     0.506013826                942      context-switches                                            
     0.607458181                826      context-switches                                            
     0.708943587                952      context-switches                                            
     0.810361433                930      context-switches                                            
     0.910681153             11,761      context-switches                                            
     1.011967560              1,282      context-switches                                            
     1.112975247              1,052      context-switches                                            
     1.214378025                908      context-switches                                            
     1.315837232              1,088      context-switches                                            
     1.416391391              1,439      context-switches                                            
     1.517176743                972      context-switches                                            
     1.618710146              1,486      context-switches                                            
     1.720026844              1,036      context-switches                                            
     1.821153398                844      context-switches                                            
     1.922656816              1,041      context-switches                                            
     2.023924948                828      context-switches                                            
     2.125094639                859      context-switches                                            
     2.225848926              1,640      context-switches                                            
     2.327109516              1,047      context-switches                                            
     2.428273533              1,317      context-switches                                            
     2.529079847                826      context-switches                                            
#           time             counts unit events
     2.629865640              1,158      context-switches                                            
     2.730469407              1,872      context-switches                                            
     2.831149536              2,563      context-switches                                            
     2.931667040              1,011      context-switches                                            
     3.032436069                836      context-switches                                            
     3.133442546                913      context-switches                                            
     3.233907019                872      context-switches                                            
     3.334877933                936      context-switches                                            
     3.435723326              1,522      context-switches                                            
     3.536211078              1,086      context-switches                                            
     3.637542134                925      context-switches                                            
     3.738917704              1,928      context-switches                                            
     3.839820131              1,391      context-switches                                            
     3.940982205              1,274      context-switches                                            
     4.042304041                950      context-switches                                            
     4.143650089                997      context-switches                                            
     4.244957570                856      context-switches                                            
     4.346751305                877      context-switches                                            
     4.448241711              1,019      context-switches                                            
     4.549551812              1,032      context-switches                                            
     4.651140646              1,246      context-switches                                            
     4.752180951                917      context-switches                                            
     4.852719841              1,174      context-switches                                            
     4.954072506                971      context-switches                                            
     5.055379223              1,265      context-switches                                            
#           time             counts unit events
     5.156806797                767      context-switches                                            
     5.258004660                991      context-switches                                            
     5.359423418              1,091      context-switches                                            
     5.460988874              1,012      context-switches                                            
     5.562537835                873      context-switches                                            
     5.663993229                721      context-switches                                            
     5.765271297                940      context-switches                                            
     5.866276179              1,231      context-switches                                            
     5.967728687              1,167      context-switches                                            
     6.068974509                939      context-switches                                            
     6.170146240                832      context-switches                                            
     6.271081603                897      context-switches                                            
     6.372145695              1,186      context-switches                                            
     6.473219183              1,196      context-switches                                            
     6.574498709                989      context-switches                                            
     6.675766317                781      context-switches                                            
     6.777029316                785      context-switches                                            
     6.877671370                811      context-switches                                            
     6.978705656                914      context-switches                                            
     7.079915311              1,122      context-switches                                            
     7.180964109                826      context-switches                                            
     7.282010693              1,290      context-switches                                            
     7.383263283                913      context-switches                                            
     7.484455908              1,228      context-switches                                            
     7.585100516              1,022      context-switches                                            
#           time             counts unit events
     7.686757424                996      context-switches                                            
     7.788466206                754      context-switches                                            
     7.889966949                822      context-switches                                            
     7.991446202                977      context-switches                                            
     8.092928897                913      context-switches                                            
     8.194629289                800      context-switches                                            
     8.295663608              1,592      context-switches                                            
     8.396919041              1,083      context-switches                                            
     8.498206046              1,130      context-switches                                            
     8.599878532                784      context-switches                                            
     8.700925622              2,078      context-switches                                            
     8.802215904                959      context-switches                                            
     8.903547882              1,031      context-switches                                            
     9.004979095                876      context-switches                                            
     9.106377060                752      context-switches                                            
     9.207832591                826      context-switches                                            
     9.309115422                766      context-switches                                            
     9.410362831                953      context-switches                                            
     9.511692229              1,315      context-switches                                            
     9.612914425              1,277      context-switches                                            
     9.714048926              1,073      context-switches                                            
     9.814964248                806      context-switches                                            
     9.916373531              1,463      context-switches                                            
    10.001822320                648      context-switches                                            
