# started on Mon Nov  4 20:07:45 2019

#           time             counts unit events
     0.120644825                247      context-switches                                            
     0.241347266                338      context-switches                                            
     0.361948107                210      context-switches                                            
     0.482558499                276      context-switches                                            
     0.603143328                192      context-switches                                            
     0.723778898                192      context-switches                                            
     0.844367064                233      context-switches                                            
     0.964926301                570      context-switches                                            
     1.085561547                130      context-switches                                            
     1.206159163                368      context-switches                                            
     1.326762856                220      context-switches                                            
     1.447227919                242      context-switches                                            
     1.567828628                289      context-switches                                            
     1.688421906                310      context-switches                                            
     1.809041833                199      context-switches                                            
     1.929706220                168      context-switches                                            
     2.050290417                430      context-switches                                            
     2.170491478                681      context-switches                                            
     2.290863866              2,777      context-switches                                            
     2.411029182              3,731      context-switches                                            
     2.531638154                856      context-switches                                            
     2.652214757                218      context-switches                                            
     2.772811962                278      context-switches                                            
     2.893436260                320      context-switches                                            
     3.014027980                548      context-switches                                            
     3.134624000                340      context-switches                                            
     3.255196017                241      context-switches                                            
     3.375794902                276      context-switches                                            
     3.496429637                365      context-switches                                            
     3.617049383                166      context-switches                                            
     3.737700882                250      context-switches                                            
     3.858293868                225      context-switches                                            
     3.978731338                540      context-switches                                            
     4.099343724                168      context-switches                                            
     4.220030502                344      context-switches                                            
     4.340617822                199      context-switches                                            
     4.461230137                182      context-switches                                            
     4.581881550                311      context-switches                                            
     4.702455821                190      context-switches                                            
     4.823125871                216      context-switches                                            
     4.943529274                406      context-switches                                            
     5.063975486              2,591      context-switches                                            
     5.184590814                398      context-switches                                            
     5.304781861              1,968      context-switches                                            
     5.425322662              3,659      context-switches                                            
     5.545657426                529      context-switches                                            
     5.666014296              1,666      context-switches                                            
     5.786503625              3,130      context-switches                                            
     5.907121986                241      context-switches                                            
     6.027332368              3,226      context-switches                                            
     6.147915403              2,539      context-switches                                            
     6.268451181                812      context-switches                                            
     6.389062882              4,385      context-switches                                            
     6.509668968                187      context-switches                                            
     6.629923004              7,917      context-switches                                            
     6.750497692              3,838      context-switches                                            
     6.870994811                273      context-switches                                            
     6.991199092              3,180      context-switches                                            
     7.111810105              2,262      context-switches                                            
     7.232219141                966      context-switches                                            
     7.352543374              2,015      context-switches                                            
     7.473149584              2,622      context-switches                                            
     7.593617012                791      context-switches                                            
     7.713762931              3,801      context-switches                                            
     7.834356186              1,089      context-switches                                            
     7.954724748              1,393      context-switches                                            
     8.075183922              4,447      context-switches                                            
     8.195773538                389      context-switches                                            
     8.316196311              1,404      context-switches                                            
     8.436793387              3,971      context-switches                                            
     8.557387076                198      context-switches                                            
     8.677748487              4,005      context-switches                                            
     8.798307590              1,517      context-switches                                            
     8.918886773                944      context-switches                                            
     9.039030015              4,037      context-switches                                            
     9.159576599                757      context-switches                                            
     9.280211205                989      context-switches                                            
     9.400847818              4,274      context-switches                                            
     9.521465212                188      context-switches                                            
     9.641965313              1,415      context-switches                                            
     9.762589025              3,999      context-switches                                            
     9.883196316                222      context-switches                                            
    10.001168185              1,346      context-switches                                            
