# started on Mon Nov  4 20:22:24 2019

#           time             counts unit events
     0.120764916                209      context-switches                                            
     0.241434693                211      context-switches                                            
     0.362022764                290      context-switches                                            
     0.482610091                544      context-switches                                            
     0.603231547                214      context-switches                                            
     0.723929920                146      context-switches                                            
     0.844376101                854      context-switches                                            
     0.964673254              2,713      context-switches                                            
     1.084775677              2,163      context-switches                                            
     1.205348108              2,050      context-switches                                            
     1.325938433                239      context-switches                                            
     1.446399491                981      context-switches                                            
     1.567067435                489      context-switches                                            
     1.687784363                134      context-switches                                            
     1.808382235                176      context-switches                                            
     1.928781568                504      context-switches                                            
     2.049385808                166      context-switches                                            
     2.170043998                260      context-switches                                            
     2.290697928                193      context-switches                                            
     2.411390995                235      context-switches                                            
     2.532029213                526      context-switches                                            
     2.652586582                141      context-switches                                            
     2.773241997                209      context-switches                                            
     2.893689707                242      context-switches                                            
     3.014361252                399      context-switches                                            
#           time             counts unit events
     3.134953988                130      context-switches                                            
     3.255551912                214      context-switches                                            
     3.376151220                250      context-switches                                            
     3.496674347                569      context-switches                                            
     3.617339096                277      context-switches                                            
     3.737934530                280      context-switches                                            
     3.858589244                206      context-switches                                            
     3.979227707                382      context-switches                                            
     4.099930596                177      context-switches                                            
     4.220236483                203      context-switches                                            
     4.340891542                232      context-switches                                            
     4.461480124                494      context-switches                                            
     4.582134888                275      context-switches                                            
     4.702793121                104      context-switches                                            
     4.823489005                194      context-switches                                            
     4.943760944                550      context-switches                                            
     5.064015243              6,546      context-switches                                            
     5.184210609             30,131      context-switches                                            
     5.304432449             38,235      context-switches                                            
     5.424590458             52,958      context-switches                                            
     5.544846993             53,810      context-switches                                            
     5.665010471             54,730      context-switches                                            
     5.785246452             53,785      context-switches                                            
     5.905532246             50,395      context-switches                                            
     6.025846338             50,977      context-switches                                            
#           time             counts unit events
     6.146158078             49,750      context-switches                                            
     6.266292337             51,572      context-switches                                            
     6.386405331             53,707      context-switches                                            
     6.506703184             51,007      context-switches                                            
     6.626874600             49,185      context-switches                                            
     6.747101377             46,720      context-switches                                            
     6.867315649             50,173      context-switches                                            
     6.987631428             48,944      context-switches                                            
     7.107928697             51,579      context-switches                                            
     7.228211044             50,566      context-switches                                            
     7.348342307             51,738      context-switches                                            
     7.468496920             53,583      context-switches                                            
     7.588744209             46,382      context-switches                                            
     7.708941239             48,041      context-switches                                            
     7.829180180             51,303      context-switches                                            
     7.949441937             50,222      context-switches                                            
     8.069605508             50,323      context-switches                                            
     8.189782881             50,193      context-switches                                            
     8.309960965             49,555      context-switches                                            
     8.430113882             51,697      context-switches                                            
     8.550222542             52,171      context-switches                                            
     8.670460533             52,143      context-switches                                            
     8.790683449             51,176      context-switches                                            
     8.910914586             50,158      context-switches                                            
     9.031223797             48,855      context-switches                                            
#           time             counts unit events
     9.151342568             51,506      context-switches                                            
     9.271409650             50,273      context-switches                                            
     9.391588833             51,595      context-switches                                            
     9.511782288             51,855      context-switches                                            
     9.631924259             52,250      context-switches                                            
     9.752180951             49,527      context-switches                                            
     9.872393114             50,559      context-switches                                            
     9.992638180             50,562      context-switches                                            
    10.000730036              3,489      context-switches                                            
