# started on Mon Nov  4 23:47:29 2019

#           time             counts unit events
     0.120202300                412      context-switches                                            
     0.240390311              8,936      context-switches                                            
     0.360680587                308      context-switches                                            
     0.481192156                412      context-switches                                            
     0.601695937                345      context-switches                                            
     0.722205085                523      context-switches                                            
     0.842739130                715      context-switches                                            
     0.963366011                344      context-switches                                            
     1.084270681                337      context-switches                                            
     1.204660401                319      context-switches                                            
     1.325492035                296      context-switches                                            
     1.445855845                470      context-switches                                            
     1.566462587                325      context-switches                                            
     1.686763029                577      context-switches                                            
     1.807114493                510      context-switches                                            
     1.927648222                248      context-switches                                            
     2.048628667                250      context-switches                                            
     2.168990902                254      context-switches                                            
     2.289627028                303      context-switches                                            
     2.409987843                358      context-switches                                            
     2.530490284                454      context-switches                                            
     2.651289704                311      context-switches                                            
     2.772168435                602      context-switches                                            
     2.892585684                530      context-switches                                            
     3.013061361                221      context-switches                                            
#           time             counts unit events
     3.133994512                223      context-switches                                            
     3.254277896                277      context-switches                                            
     3.375149940                334      context-switches                                            
     3.495582928                340      context-switches                                            
     3.615959248                320      context-switches                                            
     3.736316789                500      context-switches                                            
     3.856616898                462      context-switches                                            
     3.976884116                234      context-switches                                            
     4.097397838                263      context-switches                                            
     4.218294626                240      context-switches                                            
     4.338665162                237      context-switches                                            
     4.459294169                435      context-switches                                            
     4.580190708                281      context-switches                                            
     4.700674709                517      context-switches                                            
     4.821013039                543      context-switches                                            
     4.941906343                248      context-switches                                            
     5.062074231              1,630      context-switches                                            
     5.182241489              7,226      context-switches                                            
     5.302401987             29,447      context-switches                                            
     5.422556555             43,012      context-switches                                            
     5.542705444             44,846      context-switches                                            
     5.662864522             44,207      context-switches                                            
     5.783010943             44,811      context-switches                                            
     5.903170397             41,461      context-switches                                            
     6.023333820             43,934      context-switches                                            
#           time             counts unit events
     6.143471025             47,699      context-switches                                            
     6.263625158             43,234      context-switches                                            
     6.383794571             37,621      context-switches                                            
     6.503950115             38,264      context-switches                                            
     6.624089519             38,481      context-switches                                            
     6.744242033             43,654      context-switches                                            
     6.864391802             38,228      context-switches                                            
     6.984555861             36,092      context-switches                                            
     7.104730369             46,046      context-switches                                            
     7.224881219             49,135      context-switches                                            
     7.345026888             45,701      context-switches                                            
     7.465175847             46,327      context-switches                                            
     7.585328476             47,388      context-switches                                            
     7.705502475             46,394      context-switches                                            
     7.825651609             44,300      context-switches                                            
     7.945803693             45,223      context-switches                                            
     8.065941928             39,937      context-switches                                            
     8.186100923             39,421      context-switches                                            
     8.306265027             38,511      context-switches                                            
     8.426420381             47,500      context-switches                                            
     8.546580365             47,686      context-switches                                            
     8.666736799             39,610      context-switches                                            
     8.786893586             37,234      context-switches                                            
     8.907052026             44,585      context-switches                                            
     9.027213435             46,064      context-switches                                            
#           time             counts unit events
     9.147379364             37,890      context-switches                                            
     9.267529354             41,158      context-switches                                            
     9.387697373             39,024      context-switches                                            
     9.507849214             42,492      context-switches                                            
     9.628019423             43,322      context-switches                                            
     9.748181972             35,876      context-switches                                            
     9.868338087             36,997      context-switches                                            
     9.988485642             45,600      context-switches                                            
    10.000601881              4,717      context-switches                                            
