# started on Mon Nov 11 22:49:25 2019

#           time             counts unit events
     0.100169662             42,277      context-switches                                            
     0.200340185             47,090      context-switches                                            
     0.300471699             41,526      context-switches                                            
     0.400617462             42,191      context-switches                                            
     0.500748236             43,432      context-switches                                            
     0.600876000             45,569      context-switches                                            
     0.701030543             43,169      context-switches                                            
     0.801167997             38,637      context-switches                                            
     0.901299691             46,460      context-switches                                            
     1.001423015             50,879      context-switches                                            
     1.101545139             44,699      context-switches                                            
     1.201683633             45,880      context-switches                                            
     1.301786977             45,739      context-switches                                            
     1.401935182             41,481      context-switches                                            
     1.502069126             46,601      context-switches                                            
     1.602199511             49,680      context-switches                                            
     1.702322475             45,991      context-switches                                            
     1.802452370             49,019      context-switches                                            
     1.902580794             46,420      context-switches                                            
     2.002720739             45,193      context-switches                                            
     2.102809213             49,627      context-switches                                            
     2.202947888             48,786      context-switches                                            
     2.303067033             45,627      context-switches                                            
     2.403192189             52,560      context-switches                                            
     2.503322164             52,025      context-switches                                            
#           time             counts unit events
     2.603459669             46,116      context-switches                                            
     2.703592265             43,946      context-switches                                            
     2.803732159             47,763      context-switches                                            
     2.903868214             46,572      context-switches                                            
     3.003998030             48,614      context-switches                                            
     3.104147685             46,469      context-switches                                            
     3.204300619             36,492      context-switches                                            
     3.304450936             36,101      context-switches                                            
     3.404595852             34,241      context-switches                                            
     3.504727997             36,310      context-switches                                            
     3.604861643             47,563      context-switches                                            
     3.705000449             45,776      context-switches                                            
     3.805144415             51,645      context-switches                                            
     3.905286451             45,399      context-switches                                            
     4.005437937             47,077      context-switches                                            
     4.105580182             44,423      context-switches                                            
     4.205712928             44,820      context-switches                                            
     4.305839815             40,947      context-switches                                            
     4.405972692             38,096      context-switches                                            
     4.506138628             42,188      context-switches                                            
     4.606313895             42,437      context-switches                                            
     4.706459781             45,971      context-switches                                            
     4.806594068             39,529      context-switches                                            
     4.906736694             35,086      context-switches                                            
     5.006857531             36,407      context-switches                                            
#           time             counts unit events
     5.106985318             40,686      context-switches                                            
     5.207117974             51,468      context-switches                                            
     5.307242852             42,271      context-switches                                            
     5.407393989             45,372      context-switches                                            
     5.507521527             46,289      context-switches                                            
     5.607671664             49,714      context-switches                                            
     5.707799721             44,704      context-switches                                            
     5.807937778             47,259      context-switches                                            
     5.908070155             43,374      context-switches                                            
     6.008210763             42,884      context-switches                                            
     6.108333280             46,217      context-switches                                            
     6.208479248             41,425      context-switches                                            
     6.308614647             36,780      context-switches                                            
     6.408840893             43,636      context-switches                                            
     6.508992231             40,346      context-switches                                            
     6.609133810             41,442      context-switches                                            
     6.709267008             44,081      context-switches                                            
     6.809412115             42,626      context-switches                                            
     6.909533774             46,221      context-switches                                            
     7.009665542             46,186      context-switches                                            
     7.109791261             49,835      context-switches                                            
     7.209916568             42,562      context-switches                                            
     7.310047447             47,480      context-switches                                            
     7.410201316             39,973      context-switches                                            
     7.510321935             46,058      context-switches                                            
#           time             counts unit events
     7.610447714             43,036      context-switches                                            
     7.710587002             42,994      context-switches                                            
     7.810738421             45,376      context-switches                                            
     7.910870060             43,142      context-switches                                            
     8.011012749             43,894      context-switches                                            
     8.111148177             48,459      context-switches                                            
     8.211287806             47,459      context-switches                                            
     8.311416786             36,302      context-switches                                            
     8.411549626             48,905      context-switches                                            
     8.511690475             50,664      context-switches                                            
     8.611827225             50,140      context-switches                                            
     8.711971944             40,438      context-switches                                            
     8.812110924             44,994      context-switches                                            
     8.912242473             44,559      context-switches                                            
     9.012363052             43,788      context-switches                                            
     9.112513992             45,896      context-switches                                            
     9.212653831             47,255      context-switches                                            
     9.312787812             39,931      context-switches                                            
     9.412915572             47,863      context-switches                                            
     9.513045942             51,722      context-switches                                            
     9.613184352             45,816      context-switches                                            
     9.713318973             46,777      context-switches                                            
     9.813454703             43,133      context-switches                                            
     9.913581183             44,906      context-switches                                            
    10.000816337             37,086      context-switches                                            
