# started on Tue Nov 12 12:54:58 2019

#           time             counts unit events
     0.100713898              1,529      context-switches                                            
     0.201237053              1,438      context-switches                                            
     0.301640761              1,610      context-switches                                            
     0.401829556              1,619      context-switches                                            
     0.502394787              1,490      context-switches                                            
     0.602798573              1,230      context-switches                                            
     0.703200542              1,440      context-switches                                            
     0.803485860              1,687      context-switches                                            
     0.903692487              1,427      context-switches                                            
     1.003972215              1,525      context-switches                                            
     1.104323970              1,521      context-switches                                            
     1.204697496              1,619      context-switches                                            
     1.305081031              1,620      context-switches                                            
     1.405463084              1,633      context-switches                                            
     1.505795887              1,445      context-switches                                            
     1.606150849              1,535      context-switches                                            
     1.706380568              1,315      context-switches                                            
     1.806649076              1,490      context-switches                                            
     1.906974685              1,412      context-switches                                            
     2.007334434              1,503      context-switches                                            
     2.107637345              1,642      context-switches                                            
     2.208192395              1,673      context-switches                                            
     2.308642373              1,373      context-switches                                            
     2.408900927              1,717      context-switches                                            
     2.509141434              1,566      context-switches                                            
#           time             counts unit events
     2.609492219              1,562      context-switches                                            
     2.709904734              1,419      context-switches                                            
     2.810168900              1,391      context-switches                                            
     2.910440592              1,397      context-switches                                            
     3.010855456              1,554      context-switches                                            
     3.111055851              1,499      context-switches                                            
     3.211357653              1,644      context-switches                                            
     3.311876716              1,473      context-switches                                            
     3.412271979              1,525      context-switches                                            
     3.512614878              1,411      context-switches                                            
     3.613000095              1,509      context-switches                                            
     3.713467268              1,232      context-switches                                            
     3.813713978              1,432      context-switches                                            
     3.914236929              1,449      context-switches                                            
     4.014862641              1,182      context-switches                                            
     4.115143455              1,879      context-switches                                            
     4.215515116              1,594      context-switches                                            
     4.315803296              1,465      context-switches                                            
     4.416096072              1,596      context-switches                                            
     4.516467960              1,371      context-switches                                            
     4.616836467              1,449      context-switches                                            
     4.717160258              1,518      context-switches                                            
     4.817542365              1,462      context-switches                                            
     4.917896712              1,444      context-switches                                            
     5.018213014              1,537      context-switches                                            
#           time             counts unit events
     5.118439571              1,715      context-switches                                            
     5.218888926              1,479      context-switches                                            
     5.319254613              1,421      context-switches                                            
     5.419665794              1,622      context-switches                                            
     5.520109228              1,187      context-switches                                            
     5.620595765              1,525      context-switches                                            
     5.721157318              1,397      context-switches                                            
     5.821500095              1,441      context-switches                                            
     5.921910586              1,537      context-switches                                            
     6.022371360              1,566      context-switches                                            
     6.122724232              2,071      context-switches                                            
     6.223069301              1,392      context-switches                                            
     6.323399851              1,463      context-switches                                            
     6.423637917              1,683      context-switches                                            
     6.524072748              1,811      context-switches                                            
     6.624359258              1,423      context-switches                                            
     6.724680749              1,425      context-switches                                            
     6.825142624              1,491      context-switches                                            
     6.925448509              1,472      context-switches                                            
     7.025840075              1,574      context-switches                                            
     7.126172714              1,873      context-switches                                            
     7.226568377              1,271      context-switches                                            
     7.327074877              1,476      context-switches                                            
     7.427589398              1,449      context-switches                                            
     7.528037173              1,322      context-switches                                            
#           time             counts unit events
     7.628480760              1,431      context-switches                                            
     7.728802460              1,434      context-switches                                            
     7.829076567              1,470      context-switches                                            
     7.929530440              1,443      context-switches                                            
     8.030066331              1,545      context-switches                                            
     8.130449498              2,003      context-switches                                            
     8.230798490              1,231      context-switches                                            
     8.331218227              1,563      context-switches                                            
     8.431566374              1,515      context-switches                                            
     8.531724647              1,475      context-switches                                            
     8.632172008              1,354      context-switches                                            
     8.732440591              1,421      context-switches                                            
     8.833005522              1,526      context-switches                                            
     8.933538070              1,402      context-switches                                            
     9.033805863              1,425      context-switches                                            
     9.134134832              1,919      context-switches                                            
     9.234420347              1,502      context-switches                                            
     9.334551002              1,592      context-switches                                            
     9.435114856              7,451      context-switches                                            
     9.535565667              1,674      context-switches                                            
     9.635828733              1,535      context-switches                                            
     9.736292388              1,479      context-switches                                            
     9.836750004              1,242      context-switches                                            
     9.937248278              1,473      context-switches                                            
    10.001204954                782      context-switches                                            
