# started on Tue Nov  5 21:46:48 2019

#           time             counts unit events
     0.100836059                363      context-switches                                            
     0.201482332                149      context-switches                                            
     0.302013399                873      context-switches                                            
     0.402356640              2,539      context-switches                                            
     0.502568732                210      context-switches                                            
     0.603059244              4,508      context-switches                                            
     0.703618999                229      context-switches                                            
     0.804212790                219      context-switches                                            
     0.904842185                220      context-switches                                            
     1.005390112                191      context-switches                                            
     1.105892253                197      context-switches                                            
     1.206460723                150      context-switches                                            
     1.307096479                208      context-switches                                            
     1.407532790                297      context-switches                                            
     1.507965780                233      context-switches                                            
     1.608332744                436      context-switches                                            
     1.708797260                161      context-switches                                            
     1.809370920                191      context-switches                                            
     1.909966711                194      context-switches                                            
     2.010476619                195      context-switches                                            
     2.111051432                216      context-switches                                            
     2.211701083                163      context-switches                                            
     2.312125083                225      context-switches                                            
     2.412657726                261      context-switches                                            
     2.513249455                221      context-switches                                            
#           time             counts unit events
     2.613641762                349      context-switches                                            
     2.714204779                172      context-switches                                            
     2.814835156                243      context-switches                                            
     2.915394782                321      context-switches                                            
     3.015992144                216      context-switches                                            
     3.116642442                186      context-switches                                            
     3.217189177                166      context-switches                                            
     3.317847617                232      context-switches                                            
     3.418495332                316      context-switches                                            
     3.518984397                194      context-switches                                            
     3.619394202                372      context-switches                                            
     3.719937189                197      context-switches                                            
     3.820536008                207      context-switches                                            
     3.921099538                286      context-switches                                            
     4.021665652                191      context-switches                                            
     4.122285080                213      context-switches                                            
     4.222724233                206      context-switches                                            
     4.323262436                286      context-switches                                            
     4.423734869                305      context-switches                                            
     4.524353142                359      context-switches                                            
     4.625064744                376      context-switches                                            
     4.725723898                144      context-switches                                            
     4.826244732                222      context-switches                                            
     4.926796599                254      context-switches                                            
     5.026988686              3,193      context-switches                                            
#           time             counts unit events
     5.127172205              4,710      context-switches                                            
     5.227364688             30,754      context-switches                                            
     5.327555691             38,666      context-switches                                            
     5.427720789             36,823      context-switches                                            
     5.527950922             38,054      context-switches                                            
     5.628159401             37,785      context-switches                                            
     5.728393450             36,432      context-switches                                            
     5.828598631             37,504      context-switches                                            
     5.928752539             36,977      context-switches                                            
     6.028944841             37,351      context-switches                                            
     6.129148174             36,675      context-switches                                            
     6.229373278             36,869      context-switches                                            
     6.329649522             37,962      context-switches                                            
     6.429775095             36,817      context-switches                                            
     6.529958362             38,300      context-switches                                            
     6.630182561             36,637      context-switches                                            
     6.730311931             38,481      context-switches                                            
     6.830596262             37,118      context-switches                                            
     6.930759200             37,454      context-switches                                            
     7.031009559             36,755      context-switches                                            
     7.131165005             37,805      context-switches                                            
     7.231506830             36,454      context-switches                                            
     7.331669329             36,884      context-switches                                            
     7.431862132             36,305      context-switches                                            
     7.532013426             37,506      context-switches                                            
#           time             counts unit events
     7.632275126             35,518      context-switches                                            
     7.732380928             36,619      context-switches                                            
     7.832636663             36,442      context-switches                                            
     7.932780144             38,127      context-switches                                            
     8.033047202             36,969      context-switches                                            
     8.133190477             38,059      context-switches                                            
     8.233456503             37,230      context-switches                                            
     8.333722650             37,490      context-switches                                            
     8.433935439             36,437      context-switches                                            
     8.534195221             37,505      context-switches                                            
     8.634357596             37,131      context-switches                                            
     8.734643812             37,131      context-switches                                            
     8.834928862             38,238      context-switches                                            
     8.935188600             36,624      context-switches                                            
     9.035431034             38,046      context-switches                                            
     9.135660372             36,705      context-switches                                            
     9.235862620             37,131      context-switches                                            
     9.336174439             35,848      context-switches                                            
     9.436367659             36,802      context-switches                                            
     9.536504618             36,931      context-switches                                            
     9.636641543             39,765      context-switches                                            
     9.736889518             37,430      context-switches                                            
     9.837067402             37,315      context-switches                                            
     9.937286008             37,502      context-switches                                            
    10.000681316             23,271      context-switches                                            
