# started on Wed Nov  6 01:51:08 2019

#           time             counts unit events
     0.100638550              2,306      context-switches                                            
     0.201254036                190      context-switches                                            
     0.301853589                177      context-switches                                            
     0.402407934                230      context-switches                                            
     0.502807372                178      context-switches                                            
     0.603380378                214      context-switches                                            
     0.704015529                249      context-switches                                            
     0.804589712                329      context-switches                                            
     0.905125592                237      context-switches                                            
     1.005697948                284      context-switches                                            
     1.106287727                162      context-switches                                            
     1.206785269                212      context-switches                                            
     1.307339926                161      context-switches                                            
     1.407903001                278      context-switches                                            
     1.508380011                188      context-switches                                            
     1.608982265                247      context-switches                                            
     1.709531929                216      context-switches                                            
     1.810134320                340      context-switches                                            
     1.910685668                220      context-switches                                            
     2.011185856                254      context-switches                                            
     2.111703964                132      context-switches                                            
     2.212361233                198      context-switches                                            
     2.312991296                178      context-switches                                            
     2.413552059                220      context-switches                                            
     2.514092348                189      context-switches                                            
#           time             counts unit events
     2.614648257                201      context-switches                                            
     2.714818056                397      context-switches                                            
     2.815318464                202      context-switches                                            
     2.915925614                195      context-switches                                            
     3.016444674                236      context-switches                                            
     3.117072256                161      context-switches                                            
     3.217594083                201      context-switches                                            
     3.318248325                183      context-switches                                            
     3.418865693                200      context-switches                                            
     3.519467919                163      context-switches                                            
     3.619961391                227      context-switches                                            
     3.720333718                393      context-switches                                            
     3.820952754                184      context-switches                                            
     3.921575469                166      context-switches                                            
     4.022199669                280      context-switches                                            
     4.122814038                151      context-switches                                            
     4.223356334                181      context-switches                                            
     4.323915754                207      context-switches                                            
     4.424475785                226      context-switches                                            
     4.524993853                225      context-switches                                            
     4.625498832                307      context-switches                                            
     4.725888629                493      context-switches                                            
     4.826466208                139      context-switches                                            
     4.927008482                191      context-switches                                            
     5.027329334              5,581      context-switches                                            
#           time             counts unit events
     5.127626086             23,808      context-switches                                            
     5.227735558             37,188      context-switches                                            
     5.327952575             38,397      context-switches                                            
     5.428172509             36,861      context-switches                                            
     5.528420226             38,431      context-switches                                            
     5.628531048             36,970      context-switches                                            
     5.728637530             38,313      context-switches                                            
     5.828860712             36,338      context-switches                                            
     5.929126495             38,088      context-switches                                            
     6.029371876             37,857      context-switches                                            
     6.129593094             38,297      context-switches                                            
     6.229829277             37,123      context-switches                                            
     6.330127192             39,181      context-switches                                            
     6.430294044             36,739      context-switches                                            
     6.530501935             38,682      context-switches                                            
     6.630829190             37,034      context-switches                                            
     6.731074639             39,415      context-switches                                            
     6.831293092             37,029      context-switches                                            
     6.931530392             38,969      context-switches                                            
     7.031782785             36,875      context-switches                                            
     7.131976252             39,408      context-switches                                            
     7.232199692             37,402      context-switches                                            
     7.332404592             38,661      context-switches                                            
     7.432631678             35,898      context-switches                                            
     7.532866048             39,294      context-switches                                            
#           time             counts unit events
     7.633098125             37,285      context-switches                                            
     7.733350500             38,856      context-switches                                            
     7.833592663             37,119      context-switches                                            
     7.933787854             38,422      context-switches                                            
     8.034012280             36,045      context-switches                                            
     8.134285634             38,695      context-switches                                            
     8.234556905             34,977      context-switches                                            
     8.334744368             39,180      context-switches                                            
     8.434877341             36,706      context-switches                                            
     8.535060772             38,463      context-switches                                            
     8.635367070             37,305      context-switches                                            
     8.735474231             38,663      context-switches                                            
     8.835647282             36,666      context-switches                                            
     8.935755435             38,812      context-switches                                            
     9.036050830             37,585      context-switches                                            
     9.136161354             38,702      context-switches                                            
     9.236342732             36,722      context-switches                                            
     9.336560928             38,909      context-switches                                            
     9.436792952             37,824      context-switches                                            
     9.537057808             38,431      context-switches                                            
     9.637283379             36,345      context-switches                                            
     9.737547563             38,017      context-switches                                            
     9.837770478             37,503      context-switches                                            
     9.938076884             38,195      context-switches                                            
    10.000709791             24,544      context-switches                                            
