# started on Thu Nov  7 01:34:43 2019

#           time             counts unit events
     0.100253531             36,186      context-switches                                            
     0.200464264             36,566      context-switches                                            
     0.300676577             37,730      context-switches                                            
     0.400901617             37,263      context-switches                                            
     0.501043406             37,649      context-switches                                            
     0.601229419             36,492      context-switches                                            
     0.701447373             38,007      context-switches                                            
     0.801704771             36,006      context-switches                                            
     0.901958392             37,770      context-switches                                            
     1.002175756             36,476      context-switches                                            
     1.102335690             37,633      context-switches                                            
     1.202543080             36,980      context-switches                                            
     1.302740374             38,916      context-switches                                            
     1.402991663             37,412      context-switches                                            
     1.503212992             38,745      context-switches                                            
     1.603436711             35,823      context-switches                                            
     1.703575640             38,333      context-switches                                            
     1.803778129             36,260      context-switches                                            
     1.903963808             38,402      context-switches                                            
     2.004101189             38,072      context-switches                                            
     2.104234834             38,254      context-switches                                            
     2.204377617             38,993      context-switches                                            
     2.304548847             38,712      context-switches                                            
     2.404661343             37,445      context-switches                                            
     2.504858903             39,203      context-switches                                            
#           time             counts unit events
     2.604989894             37,390      context-switches                                            
     2.705179305             38,651      context-switches                                            
     2.805377025             36,723      context-switches                                            
     2.905569219             38,437      context-switches                                            
     3.005761695             37,082      context-switches                                            
     3.105961306             38,852      context-switches                                            
     3.206159579             37,282      context-switches                                            
     3.306363751             38,433      context-switches                                            
     3.406474980             35,413      context-switches                                            
     3.506697849             38,832      context-switches                                            
     3.606865019             36,995      context-switches                                            
     3.707067123             38,794      context-switches                                            
     3.807254938             37,054      context-switches                                            
     3.907398319             37,938      context-switches                                            
     4.007616414             36,247      context-switches                                            
     4.107758882             38,761      context-switches                                            
     4.207898409             35,824      context-switches                                            
     4.308064798             38,874      context-switches                                            
     4.408205087             36,232      context-switches                                            
     4.508367131             37,599      context-switches                                            
     4.608562267             37,180      context-switches                                            
     4.708789289             38,697      context-switches                                            
     4.809010697             36,155      context-switches                                            
     4.909295886             38,968      context-switches                                            
     5.009573260             36,694      context-switches                                            
#           time             counts unit events
     5.109834597             37,941      context-switches                                            
     5.210065371             36,006      context-switches                                            
     5.310325597             38,175      context-switches                                            
     5.410522988             35,703      context-switches                                            
     5.510736829             37,687      context-switches                                            
     5.610873565             36,872      context-switches                                            
     5.711144835             38,091      context-switches                                            
     5.811424805             36,910      context-switches                                            
     5.911588512             38,700      context-switches                                            
     6.011883574             37,016      context-switches                                            
     6.112080401             39,061      context-switches                                            
     6.212341971             36,703      context-switches                                            
     6.312477351             38,858      context-switches                                            
     6.412642157             37,161      context-switches                                            
     6.512800906             38,644      context-switches                                            
     6.613065958             35,928      context-switches                                            
     6.713171038             38,110      context-switches                                            
     6.813396044             36,565      context-switches                                            
     6.913565114             38,275      context-switches                                            
     7.013821661             37,038      context-switches                                            
     7.113912157             36,862      context-switches                                            
     7.214134499             38,056      context-switches                                            
     7.314246433             37,902      context-switches                                            
     7.414435773             37,639      context-switches                                            
     7.514542993             37,798      context-switches                                            
#           time             counts unit events
     7.614673907             37,071      context-switches                                            
     7.714783079             37,335      context-switches                                            
     7.814974350             37,214      context-switches                                            
     7.915088906             37,834      context-switches                                            
     8.015280461             37,855      context-switches                                            
     8.115385643             37,620      context-switches                                            
     8.215550273             37,553      context-switches                                            
     8.315661257             37,285      context-switches                                            
     8.415859150             37,362      context-switches                                            
     8.515966122             37,160      context-switches                                            
     8.616236345             38,195      context-switches                                            
     8.716348764             37,141      context-switches                                            
     8.816524475             38,015      context-switches                                            
     8.916634093             36,740      context-switches                                            
     9.016803939             38,144      context-switches                                            
     9.116913373             37,237      context-switches                                            
     9.217175853             38,032      context-switches                                            
     9.317401449             36,718      context-switches                                            
     9.417566382             38,994      context-switches                                            
     9.517743157             35,420      context-switches                                            
     9.617903900             38,985      context-switches                                            
     9.718163284             36,413      context-switches                                            
     9.818421771             39,143      context-switches                                            
     9.918678674             36,465      context-switches                                            
    10.000730756             31,325      context-switches                                            
