# started on Mon Nov 11 22:47:25 2019

#           time             counts unit events
     0.100179304             49,549      context-switches                                            
     0.200294138             48,535      context-switches                                            
     0.300442162             48,369      context-switches                                            
     0.400578636             51,660      context-switches                                            
     0.500718930             44,513      context-switches                                            
     0.600860054             44,873      context-switches                                            
     0.700987368             46,507      context-switches                                            
     0.801127722             46,918      context-switches                                            
     0.901270727             46,607      context-switches                                            
     1.001409271             43,733      context-switches                                            
     1.101549636             43,217      context-switches                                            
     1.201697901             40,414      context-switches                                            
     1.301823946             43,959      context-switches                                            
     1.401975331             49,092      context-switches                                            
     1.502132516             40,500      context-switches                                            
     1.602275840             43,248      context-switches                                            
     1.702420205             47,258      context-switches                                            
     1.802571850             37,983      context-switches                                            
     1.902696596             40,357      context-switches                                            
     2.002839902             45,178      context-switches                                            
     2.102974447             49,465      context-switches                                            
     2.203116753             45,142      context-switches                                            
     2.303241709             43,194      context-switches                                            
     2.403380425             45,719      context-switches                                            
     2.503459932             43,757      context-switches                                            
#           time             counts unit events
     2.603608407             44,524      context-switches                                            
     2.703766083             49,105      context-switches                                            
     2.803929139             42,248      context-switches                                            
     2.904095554             41,457      context-switches                                            
     3.004231241             43,892      context-switches                                            
     3.104369978             42,691      context-switches                                            
     3.204517955             42,693      context-switches                                            
     3.304665572             44,952      context-switches                                            
     3.404808738             44,816      context-switches                                            
     3.504958345             49,741      context-switches                                            
     3.605087032             41,517      context-switches                                            
     3.705228548             45,674      context-switches                                            
     3.805366815             47,324      context-switches                                            
     3.905500083             49,993      context-switches                                            
     4.005661840             41,464      context-switches                                            
     4.105808708             43,707      context-switches                                            
     4.205982875             42,362      context-switches                                            
     4.306139362             46,069      context-switches                                            
     4.406297570             40,032      context-switches                                            
     4.506431708             47,145      context-switches                                            
     4.606587175             37,777      context-switches                                            
     4.706717743             43,396      context-switches                                            
     4.806865271             38,730      context-switches                                            
     4.906998398             40,411      context-switches                                            
     5.007128047             39,754      context-switches                                            
#           time             counts unit events
     5.107261296             39,263      context-switches                                            
     5.207413354             46,726      context-switches                                            
     5.307551093             45,496      context-switches                                            
     5.407706442             42,825      context-switches                                            
     5.507858150             38,342      context-switches                                            
     5.608003309             40,999      context-switches                                            
     5.708177757             47,163      context-switches                                            
     5.808327395             42,043      context-switches                                            
     5.908481034             46,767      context-switches                                            
     6.008632443             42,165      context-switches                                            
     6.108779223             35,646      context-switches                                            
     6.208909153             47,190      context-switches                                            
     6.309047832             47,154      context-switches                                            
     6.409180492             49,476      context-switches                                            
     6.509322041             38,336      context-switches                                            
     6.609461891             47,494      context-switches                                            
     6.709612030             51,125      context-switches                                            
     6.809759670             42,359      context-switches                                            
     6.909897889             48,942      context-switches                                            
     7.010023770             50,694      context-switches                                            
     7.110150281             45,356      context-switches                                            
     7.210277221             48,171      context-switches                                            
     7.310408642             52,649      context-switches                                            
     7.410545402             48,675      context-switches                                            
     7.510697163             49,532      context-switches                                            
#           time             counts unit events
     7.610842783             48,871      context-switches                                            
     7.710989193             51,386      context-switches                                            
     7.811137374             44,144      context-switches                                            
     7.911272265             50,175      context-switches                                            
     8.011412065             48,066      context-switches                                            
     8.111562277             45,552      context-switches                                            
     8.211715698             43,287      context-switches                                            
     8.311859639             31,966      context-switches                                            
     8.411981651             39,213      context-switches                                            
     8.512125672             44,882      context-switches                                            
     8.612274903             46,709      context-switches                                            
     8.712408984             43,954      context-switches                                            
     8.812562916             46,136      context-switches                                            
     8.912716137             34,099      context-switches                                            
     9.012848050             42,832      context-switches                                            
     9.112968392             44,789      context-switches                                            
     9.213106554             38,120      context-switches                                            
     9.313266376             45,476      context-switches                                            
     9.413405409             47,420      context-switches                                            
     9.513557091             38,511      context-switches                                            
     9.613720663             33,530      context-switches                                            
     9.713849105             36,820      context-switches                                            
     9.813961848             33,946      context-switches                                            
     9.914100600             44,947      context-switches                                            
    10.000584668             38,138      context-switches                                            
