# started on Wed Nov  6 00:12:18 2019

#           time             counts unit events
     0.100753384                400      context-switches                                            
     0.201521342                163      context-switches                                            
     0.302072762                774      context-switches                                            
     0.402682411                502      context-switches                                            
     0.502934750                700      context-switches                                            
     0.603507912              6,246      context-switches                                            
     0.704064616                126      context-switches                                            
     0.804473047                218      context-switches                                            
     0.905012197                314      context-switches                                            
     1.005492738                242      context-switches                                            
     1.106122216                242      context-switches                                            
     1.206776180                172      context-switches                                            
     1.307322211                631      context-switches                                            
     1.407936450                412      context-switches                                            
     1.508542697                266      context-switches                                            
     1.608953361                256      context-switches                                            
     1.709544596                169      context-switches                                            
     1.810081191                213      context-switches                                            
     1.910685589                190      context-switches                                            
     2.011083503                211      context-switches                                            
     2.111677863                251      context-switches                                            
     2.212069208                213      context-switches                                            
     2.312496046                621      context-switches                                            
     2.413112113                321      context-switches                                            
     2.513737297                346      context-switches                                            
#           time             counts unit events
     2.614306973                163      context-switches                                            
     2.714871146                154      context-switches                                            
     2.815452395                232      context-switches                                            
     2.915990288                218      context-switches                                            
     3.016604922                281      context-switches                                            
     3.117211354                236      context-switches                                            
     3.217529800                181      context-switches                                            
     3.318167618                679      context-switches                                            
     3.418710869                300      context-switches                                            
     3.519377773                246      context-switches                                            
     3.619968135                325      context-switches                                            
     3.720598947                146      context-switches                                            
     3.821239638                202      context-switches                                            
     3.921798432                172      context-switches                                            
     4.022362996                275      context-switches                                            
     4.122917608                191      context-switches                                            
     4.223535377                194      context-switches                                            
     4.324061668                614      context-switches                                            
     4.424621093                378      context-switches                                            
     4.525114520                238      context-switches                                            
     4.625756495                150      context-switches                                            
     4.726245948                148      context-switches                                            
     4.826738406                214      context-switches                                            
     4.927307860                214      context-switches                                            
     5.027844702                303      context-switches                                            
#           time             counts unit events
     5.128133662              1,211      context-switches                                            
     5.228719200              1,777      context-switches                                            
     5.329026838              1,633      context-switches                                            
     5.429347348              2,330      context-switches                                            
     5.529610323              5,925      context-switches                                            
     5.629937760              1,982      context-switches                                            
     5.730414285              4,267      context-switches                                            
     5.830702661              1,479      context-switches                                            
     5.930993848              4,228      context-switches                                            
     6.031537753              3,746      context-switches                                            
     6.131933673              1,520      context-switches                                            
     6.232434741              4,610      context-switches                                            
     6.332584922              2,751      context-switches                                            
     6.432943699              3,208      context-switches                                            
     6.533387620              4,134      context-switches                                            
     6.633734234              1,736      context-switches                                            
     6.734232020              4,331      context-switches                                            
     6.834490318              3,963      context-switches                                            
     6.934976093              2,182      context-switches                                            
     7.035321948              4,210      context-switches                                            
     7.135662285              1,782      context-switches                                            
     7.235866885              4,093      context-switches                                            
     7.336009044              2,390      context-switches                                            
     7.436244426              3,911      context-switches                                            
     7.536717157              3,916      context-switches                                            
#           time             counts unit events
     7.636984388              1,594      context-switches                                            
     7.737502191              4,254      context-switches                                            
     7.837658815              2,532      context-switches                                            
     7.938022680              2,971      context-switches                                            
     8.038552434              3,953      context-switches                                            
     8.138733049              1,801      context-switches                                            
     8.239148091              3,753      context-switches                                            
     8.339319328              2,907      context-switches                                            
     8.439796498              3,125      context-switches                                            
     8.540328452              3,820      context-switches                                            
     8.640589706              1,908      context-switches                                            
     8.741031427              3,910      context-switches                                            
     8.841155694              2,672      context-switches                                            
     8.941536090              2,521      context-switches                                            
     9.042001816              3,863      context-switches                                            
     9.142196923              1,666      context-switches                                            
     9.242674146              4,081      context-switches                                            
     9.342796672              2,666      context-switches                                            
     9.443263163              3,422      context-switches                                            
     9.543744740              3,964      context-switches                                            
     9.644187550              1,476      context-switches                                            
     9.744650579              4,023      context-switches                                            
     9.844821569              3,662      context-switches                                            
     9.945167094              1,737      context-switches                                            
    10.000559937              1,568      context-switches                                            
