# started on Tue Nov  5 20:28:54 2019

#           time             counts unit events
     0.100834532                426      context-switches                                            
     0.201538770                286      context-switches                                            
     0.302083610                218      context-switches                                            
     0.402690335                165      context-switches                                            
     0.503273246                152      context-switches                                            
     0.603856634                267      context-switches                                            
     0.704370169                179      context-switches                                            
     0.804938889                247      context-switches                                            
     0.905517337                442      context-switches                                            
     1.006129395                222      context-switches                                            
     1.106672818                341      context-switches                                            
     1.207296084                281      context-switches                                            
     1.307920742                158      context-switches                                            
     1.408536915                152      context-switches                                            
     1.508976469                200      context-switches                                            
     1.609523872                226      context-switches                                            
     1.710067095                176      context-switches                                            
     1.810524953                271      context-switches                                            
     1.911018521                462      context-switches                                            
     2.011626799                190      context-switches                                            
     2.112188078                390      context-switches                                            
     2.212727868                278      context-switches                                            
     2.313377086                164      context-switches                                            
     2.413985333                266      context-switches                                            
     2.514600500                168      context-switches                                            
#           time             counts unit events
     2.615199841                250      context-switches                                            
     2.715785670                167      context-switches                                            
     2.816388662                237      context-switches                                            
     2.916993014                452      context-switches                                            
     3.017597307                276      context-switches                                            
     3.118153297                372      context-switches                                            
     3.218757590                285      context-switches                                            
     3.319302696                271      context-switches                                            
     3.419844398                189      context-switches                                            
     3.520400161                209      context-switches                                            
     3.620893892                310      context-switches                                            
     3.721500669                185      context-switches                                            
     3.822119530                312      context-switches                                            
     3.922661867                560      context-switches                                            
     4.022840498              3,968      context-switches                                            
     4.123349688              3,400      context-switches                                            
     4.223919727                247      context-switches                                            
     4.324532858                197      context-switches                                            
     4.425155816                164      context-switches                                            
     4.525748114                174      context-switches                                            
     4.626311826                239      context-switches                                            
     4.726769200                249      context-switches                                            
     4.827374927                269      context-switches                                            
     4.927932160                438      context-switches                                            
     5.028119434              1,790      context-switches                                            
#           time             counts unit events
     5.128432032              3,838      context-switches                                            
     5.228591427              3,745      context-switches                                            
     5.329087116              7,415      context-switches                                            
     5.429528629              1,539      context-switches                                            
     5.529991680              1,944      context-switches                                            
     5.630539497              1,248      context-switches                                            
     5.731056288              1,710      context-switches                                            
     5.831603425              1,163      context-switches                                            
     5.932005985              2,121      context-switches                                            
     6.032568024                953      context-switches                                            
     6.133143493              1,892      context-switches                                            
     6.233403819              1,907      context-switches                                            
     6.333760713              5,285      context-switches                                            
     6.434079971                456      context-switches                                            
     6.534735894              1,797      context-switches                                            
     6.635133264              2,129      context-switches                                            
     6.735739953              1,727      context-switches                                            
     6.836172623              1,081      context-switches                                            
     6.936660596              1,974      context-switches                                            
     7.037037798              1,052      context-switches                                            
     7.137600900              1,879      context-switches                                            
     7.237988909              1,151      context-switches                                            
     7.338600141              1,982      context-switches                                            
     7.439082664              1,187      context-switches                                            
     7.539609224              1,602      context-switches                                            
#           time             counts unit events
     7.640003496              1,112      context-switches                                            
     7.740435005              1,688      context-switches                                            
     7.840876091              1,308      context-switches                                            
     7.941449645              1,892      context-switches                                            
     8.041897828              1,106      context-switches                                            
     8.142521390              1,808      context-switches                                            
     8.242996113              1,035      context-switches                                            
     8.343527693              1,575      context-switches                                            
     8.443940706              1,081      context-switches                                            
     8.544511933              1,491      context-switches                                            
     8.644904744              1,196      context-switches                                            
     8.745499538              1,486      context-switches                                            
     8.845836795              1,595      context-switches                                            
     8.946227991              1,735      context-switches                                            
     9.046529923              3,418      context-switches                                            
     9.147007784              2,683      context-switches                                            
     9.247381454              1,170      context-switches                                            
     9.348056862              2,020      context-switches                                            
     9.448546322              1,124      context-switches                                            
     9.549102007              1,680      context-switches                                            
     9.649622955              1,215      context-switches                                            
     9.750217726              1,578      context-switches                                            
     9.850766111              1,443      context-switches                                            
     9.951281810              1,725      context-switches                                            
    10.000994420                880      context-switches                                            
