# started on Thu Nov  7 02:11:36 2019

#           time             counts unit events
     0.100426589              5,582      context-switches                                            
     0.200580787             20,358      context-switches                                            
     0.300743315             37,938      context-switches                                            
     0.400993473             38,197      context-switches                                            
     0.501208073             37,058      context-switches                                            
     0.601476088             38,480      context-switches                                            
     0.701726210             37,036      context-switches                                            
     0.801861304             38,881      context-switches                                            
     0.902074998             37,748      context-switches                                            
     1.002302373             38,875      context-switches                                            
     1.102525386             38,112      context-switches                                            
     1.202710529             38,412      context-switches                                            
     1.303027811             37,530      context-switches                                            
     1.403263940             37,372      context-switches                                            
     1.503483261             37,280      context-switches                                            
     1.603708577             38,142      context-switches                                            
     1.703873513             37,446      context-switches                                            
     1.804094180             38,651      context-switches                                            
     1.904290841             37,067      context-switches                                            
     2.004535713             36,985      context-switches                                            
     2.104653188             37,584      context-switches                                            
     2.204817194             38,694      context-switches                                            
     2.304930807             37,281      context-switches                                            
     2.405249570             37,565      context-switches                                            
     2.505360049             36,996      context-switches                                            
#           time             counts unit events
     2.605491158             39,148      context-switches                                            
     2.705720877             37,011      context-switches                                            
     2.805879827             38,921      context-switches                                            
     2.906089108             37,453      context-switches                                            
     3.006337194             38,287      context-switches                                            
     3.106450761             37,039      context-switches                                            
     3.206723526             38,993      context-switches                                            
     3.306856163             37,320      context-switches                                            
     3.407101628             38,868      context-switches                                            
     3.507209150             37,743      context-switches                                            
     3.607460520             38,684      context-switches                                            
     3.707600522             37,207      context-switches                                            
     3.807913407             39,018      context-switches                                            
     3.908038926             35,851      context-switches                                            
     4.008238489             38,981      context-switches                                            
     4.108535168             37,578      context-switches                                            
     4.208735662             38,753      context-switches                                            
     4.308848384             36,010      context-switches                                            
     4.409062919             39,479      context-switches                                            
     4.509298449             37,088      context-switches                                            
     4.609451025             39,038      context-switches                                            
     4.709721669             37,179      context-switches                                            
     4.809832308             39,761      context-switches                                            
     4.910002489             36,341      context-switches                                            
     5.010109187             39,716      context-switches                                            
#           time             counts unit events
     5.110278789             36,968      context-switches                                            
     5.210387402             39,286      context-switches                                            
     5.310608257             37,261      context-switches                                            
     5.410884353             39,274      context-switches                                            
     5.511092331             36,844      context-switches                                            
     5.611332499             39,180      context-switches                                            
     5.711464135             37,160      context-switches                                            
     5.811735046             38,214      context-switches                                            
     5.911922373             37,762      context-switches                                            
     6.012123401             38,482      context-switches                                            
     6.112258782             36,941      context-switches                                            
     6.212524553             38,067      context-switches                                            
     6.312694709             36,953      context-switches                                            
     6.412834866             37,990      context-switches                                            
     6.513001399             37,070      context-switches                                            
     6.613214386             39,032      context-switches                                            
     6.713320996             36,841      context-switches                                            
     6.813576112             39,272      context-switches                                            
     6.913828195             37,594      context-switches                                            
     7.014003194             39,429      context-switches                                            
     7.114198578             37,364      context-switches                                            
     7.214437752             39,154      context-switches                                            
     7.314624706             37,249      context-switches                                            
     7.414905780             37,595      context-switches                                            
     7.515153236             37,405      context-switches                                            
#           time             counts unit events
     7.615400087             38,478      context-switches                                            
     7.715568289             37,295      context-switches                                            
     7.815773302             38,507      context-switches                                            
     7.916015683             37,390      context-switches                                            
     8.016157152             38,175      context-switches                                            
     8.116353166             37,970      context-switches                                            
     8.216464050             38,668      context-switches                                            
     8.316667822             37,729      context-switches                                            
     8.416801164             38,866      context-switches                                            
     8.517127282             37,104      context-switches                                            
     8.617350906             37,490      context-switches                                            
     8.717542970             37,401      context-switches                                            
     8.817649001             38,953      context-switches                                            
     8.917910958             37,361      context-switches                                            
     9.018075185             38,117      context-switches                                            
     9.118299757             36,539      context-switches                                            
     9.218414568             37,978      context-switches                                            
     9.318674760             37,551      context-switches                                            
     9.418860239             38,200      context-switches                                            
     9.519134062             37,927      context-switches                                            
     9.619386283             38,160      context-switches                                            
     9.719582259             38,204      context-switches                                            
     9.819827209             38,424      context-switches                                            
     9.920097068             37,029      context-switches                                            
    10.000592096             29,932      context-switches                                            
