# started on Wed Nov  6 01:43:46 2019

#           time             counts unit events
     0.100871800                417      context-switches                                            
     0.201588265                196      context-switches                                            
     0.302131643                224      context-switches                                            
     0.402752513                169      context-switches                                            
     0.503386227                230      context-switches                                            
     0.603949285                378      context-switches                                            
     0.704525375                201      context-switches                                            
     0.805055555                192      context-switches                                            
     0.905670868                141      context-switches                                            
     1.006241565                208      context-switches                                            
     1.106789119                229      context-switches                                            
     1.207299176                331      context-switches                                            
     1.307918364                222      context-switches                                            
     1.408519876                176      context-switches                                            
     1.509024701                315      context-switches                                            
     1.609550336                375      context-switches                                            
     1.710124645                212      context-switches                                            
     1.810738290                180      context-switches                                            
     1.911196686              6,406      context-switches                                            
     2.011772408                184      context-switches                                            
     2.112380930                232      context-switches                                            
     2.213004273                257      context-switches                                            
     2.313618769                187      context-switches                                            
     2.414234534                160      context-switches                                            
     2.514711445                228      context-switches                                            
#           time             counts unit events
     2.615160516                581      context-switches                                            
     2.715636495                206      context-switches                                            
     2.816130298                246      context-switches                                            
     2.916741021                181      context-switches                                            
     3.017354544                224      context-switches                                            
     3.117958970                240      context-switches                                            
     3.218482562                233      context-switches                                            
     3.319043882                809      context-switches                                            
     3.419411780              2,511      context-switches                                            
     3.519814677                273      context-switches                                            
     3.620398641              4,599      context-switches                                            
     3.720944105                219      context-switches                                            
     3.821515289                209      context-switches                                            
     3.922016653                155      context-switches                                            
     4.022589607                163      context-switches                                            
     4.123024148                232      context-switches                                            
     4.223487731                247      context-switches                                            
     4.324077536                198      context-switches                                            
     4.424683259                154      context-switches                                            
     4.525164115                235      context-switches                                            
     4.625675531                424      context-switches                                            
     4.726314575                203      context-switches                                            
     4.826787975                220      context-switches                                            
     4.927312718                178      context-switches                                            
     5.027665864                826      context-switches                                            
#           time             counts unit events
     5.128273519              1,856      context-switches                                            
     5.228604793              2,089      context-switches                                            
     5.328818495              1,180      context-switches                                            
     5.429059709              4,872      context-switches                                            
     5.529443174              2,189      context-switches                                            
     5.629958821              3,706      context-switches                                            
     5.730267690              1,940      context-switches                                            
     5.830791543              3,678      context-switches                                            
     5.930961205              2,079      context-switches                                            
     6.031356841              3,509      context-switches                                            
     6.131871951              3,655      context-switches                                            
     6.232106529              2,004      context-switches                                            
     6.332515369              4,130      context-switches                                            
     6.432655310              3,648      context-switches                                            
     6.533030404              1,825      context-switches                                            
     6.633521541              3,883      context-switches                                            
     6.733725258              1,946      context-switches                                            
     6.834100427              3,496      context-switches                                            
     6.934291023              3,459      context-switches                                            
     7.034559335              2,230      context-switches                                            
     7.134873081              3,509      context-switches                                            
     7.234974642              3,840      context-switches                                            
     7.335508216              1,802      context-switches                                            
     7.435893504              4,285      context-switches                                            
     7.536189430              1,251      context-switches                                            
#           time             counts unit events
     7.636624174              3,615      context-switches                                            
     7.736941239              1,904      context-switches                                            
     7.837248456              3,763      context-switches                                            
     7.937377524              3,448      context-switches                                            
     8.037756371              1,840      context-switches                                            
     8.138223783              3,719      context-switches                                            
     8.238411032              3,401      context-switches                                            
     8.338752228              2,284      context-switches                                            
     8.438917362              3,905      context-switches                                            
     8.539185884              2,244      context-switches                                            
     8.639408162              3,402      context-switches                                            
     8.739604791              1,804      context-switches                                            
     8.840071667              3,621      context-switches                                            
     8.940385384              3,962      context-switches                                            
     9.040782851              1,395      context-switches                                            
     9.141132171              4,030      context-switches                                            
     9.241464891              1,306      context-switches                                            
     9.341909008              3,808      context-switches                                            
     9.442387050              4,170      context-switches                                            
     9.542769431              1,340      context-switches                                            
     9.642970073              4,411      context-switches                                            
     9.743074829              3,491      context-switches                                            
     9.843350254              2,081      context-switches                                            
     9.943820075              4,125      context-switches                                            
    10.001167078                732      context-switches                                            
