# started on Tue Nov  5 20:26:57 2019

#           time             counts unit events
     0.100684657                277      context-switches                                            
     0.201377314                408      context-switches                                            
     0.302002602                253      context-switches                                            
     0.402630115                593      context-switches                                            
     0.503232656                288      context-switches                                            
     0.603544938                945      context-switches                                            
     0.704058955              6,027      context-switches                                            
     0.804623767                159      context-switches                                            
     0.905129037                245      context-switches                                            
     1.005725781                161      context-switches                                            
     1.106314342                220      context-switches                                            
     1.206788019              3,522      context-switches                                            
     1.307025155              2,176      context-switches                                            
     1.407567792              2,971      context-switches                                            
     1.507852741              1,857      context-switches                                            
     1.608101879              4,035      context-switches                                            
     1.708306014              4,116      context-switches                                            
     1.808536080              1,716      context-switches                                            
     1.908710639              4,479      context-switches                                            
     2.009084406              1,782      context-switches                                            
     2.109539890              2,886      context-switches                                            
     2.209742210              3,944      context-switches                                            
     2.309952203              4,279      context-switches                                            
     2.410318404              6,134      context-switches                                            
     2.510515775             22,517      context-switches                                            
#           time             counts unit events
     2.610716823             38,061      context-switches                                            
     2.710938905             36,009      context-switches                                            
     2.811204510             34,016      context-switches                                            
     2.911345312             37,308      context-switches                                            
     3.011511463             35,775      context-switches                                            
     3.111765008             35,723      context-switches                                            
     3.211959733             35,700      context-switches                                            
     3.312179065             36,989      context-switches                                            
     3.412518701             22,012      context-switches                                            
     3.512924009              3,928      context-switches                                            
     3.613507168              3,190      context-switches                                            
     3.713820677              2,083      context-switches                                            
     3.814117428              5,675      context-switches                                            
     3.914434453              5,357      context-switches                                            
     4.014793936                203      context-switches                                            
     4.115273538              2,214      context-switches                                            
     4.215773323              4,384      context-switches                                            
     4.316122450              1,106      context-switches                                            
     4.416245585              3,920      context-switches                                            
     4.516368547              7,176      context-switches                                            
     4.616692918              1,779      context-switches                                            
     4.716970389              1,097      context-switches                                            
     4.817418220              1,047      context-switches                                            
     4.918114150              3,552      context-switches                                            
     5.018664024                989      context-switches                                            
#           time             counts unit events
     5.119120947              2,123      context-switches                                            
     5.219295042              3,799      context-switches                                            
     5.319932276              1,221      context-switches                                            
     5.420270805                835      context-switches                                            
     5.520551485              1,481      context-switches                                            
     5.621208315              3,694      context-switches                                            
     5.721745805                308      context-switches                                            
     5.821977586              1,955      context-switches                                            
     5.922417386              3,711      context-switches                                            
     6.022931241                166      context-switches                                            
     6.123485269                873      context-switches                                            
     6.223951834              2,253      context-switches                                            
     6.324534047                232      context-switches                                            
     6.425070531                501      context-switches                                            
     6.525625150                184      context-switches                                            
     6.626187375                307      context-switches                                            
     6.726758515                350      context-switches                                            
     6.827378348                227      context-switches                                            
     6.927994138                248      context-switches                                            
     7.028490075                164      context-switches                                            
     7.129123247                269      context-switches                                            
     7.229746336                710      context-switches                                            
     7.330201910                224      context-switches                                            
     7.430740759                487      context-switches                                            
     7.531297880                170      context-switches                                            
#           time             counts unit events
     7.631907287                314      context-switches                                            
     7.732543413                365      context-switches                                            
     7.833035932                269      context-switches                                            
     7.933657465                214      context-switches                                            
     8.034298786                192      context-switches                                            
     8.134851577                241      context-switches                                            
     8.235374396                180      context-switches                                            
     8.335783970                551      context-switches                                            
     8.436376936                220      context-switches                                            
     8.537047581                164      context-switches                                            
     8.637647888                247      context-switches                                            
     8.738288920                339      context-switches                                            
     8.838908322                290      context-switches                                            
     8.939524260                220      context-switches                                            
     9.040058719                178      context-switches                                            
     9.140633062                238      context-switches                                            
     9.241221286                181      context-switches                                            
     9.341714540                473      context-switches                                            
     9.442335723                185      context-switches                                            
     9.542886574                186      context-switches                                            
     9.643449238                213      context-switches                                            
     9.744069401                375      context-switches                                            
     9.844680425                190      context-switches                                            
     9.945245245                211      context-switches                                            
    10.001296000                100      context-switches                                            
