# started on Mon Nov 11 22:50:46 2019

#           time             counts unit events
     0.100190377             45,058      context-switches                                            
     0.200363764             45,337      context-switches                                            
     0.300502172             45,656      context-switches                                            
     0.400644290             43,330      context-switches                                            
     0.500796308             45,410      context-switches                                            
     0.600925475             42,579      context-switches                                            
     0.701081493             36,116      context-switches                                            
     0.801216672             37,396      context-switches                                            
     0.901355130             33,736      context-switches                                            
     1.001503448             33,312      context-switches                                            
     1.101636936             42,822      context-switches                                            
     1.201797465             47,701      context-switches                                            
     1.301940973             45,568      context-switches                                            
     1.402076672             46,218      context-switches                                            
     1.502205520             45,666      context-switches                                            
     1.602339709             48,732      context-switches                                            
     1.702499117             45,578      context-switches                                            
     1.802649416             42,791      context-switches                                            
     1.902817745             35,576      context-switches                                            
     2.002973064             50,077      context-switches                                            
     2.103133132             43,682      context-switches                                            
     2.203283921             46,635      context-switches                                            
     2.303430370             43,275      context-switches                                            
     2.403585089             32,754      context-switches                                            
     2.503730648             50,399      context-switches                                            
#           time             counts unit events
     2.603867357             41,268      context-switches                                            
     2.704012676             43,917      context-switches                                            
     2.804142076             45,479      context-switches                                            
     2.904274236             44,554      context-switches                                            
     3.004430235             35,304      context-switches                                            
     3.104581055             46,939      context-switches                                            
     3.204713884             36,264      context-switches                                            
     3.304844774             45,803      context-switches                                            
     3.404990054             41,545      context-switches                                            
     3.505130783             45,898      context-switches                                            
     3.605277072             43,699      context-switches                                            
     3.705397932             41,233      context-switches                                            
     3.805524733             47,918      context-switches                                            
     3.905658453             47,543      context-switches                                            
     4.005811654             47,381      context-switches                                            
     4.105950694             48,233      context-switches                                            
     4.206100424             50,228      context-switches                                            
     4.306233164             49,179      context-switches                                            
     4.406360865             45,290      context-switches                                            
     4.506484675             48,111      context-switches                                            
     4.606610586             49,940      context-switches                                            
     4.706748426             48,695      context-switches                                            
     4.806884047             50,554      context-switches                                            
     4.907007498             51,340      context-switches                                            
     5.007135289             49,551      context-switches                                            
#           time             counts unit events
     5.107279310             46,549      context-switches                                            
     5.207426610             48,696      context-switches                                            
     5.307569271             42,962      context-switches                                            
     5.407709412             44,181      context-switches                                            
     5.507847453             46,632      context-switches                                            
     5.607979644             51,639      context-switches                                            
     5.708114725             50,709      context-switches                                            
     5.808239037             52,719      context-switches                                            
     5.908382358             48,092      context-switches                                            
     6.008539000             42,246      context-switches                                            
     6.108675851             40,724      context-switches                                            
     6.208803133             42,992      context-switches                                            
     6.308945604             43,347      context-switches                                            
     6.409083095             36,157      context-switches                                            
     6.509212667             49,039      context-switches                                            
     6.609344178             44,211      context-switches                                            
     6.709484680             45,040      context-switches                                            
     6.809611663             44,022      context-switches                                            
     6.909754675             44,269      context-switches                                            
     7.009895056             44,670      context-switches                                            
     7.110639143             42,899      context-switches                                            
     7.210794785             48,293      context-switches                                            
     7.310949406             48,417      context-switches                                            
     7.411107688             39,193      context-switches                                            
     7.511254770             40,229      context-switches                                            
#           time             counts unit events
     7.611403652             44,394      context-switches                                            
     7.711529595             44,240      context-switches                                            
     7.811685297             44,750      context-switches                                            
     7.911828280             47,254      context-switches                                            
     8.011980423             43,716      context-switches                                            
     8.112130015             46,595      context-switches                                            
     8.212273298             42,075      context-switches                                            
     8.312409011             45,250      context-switches                                            
     8.412549753             44,944      context-switches                                            
     8.512664836             43,864      context-switches                                            
     8.612797499             40,124      context-switches                                            
     8.712934732             43,552      context-switches                                            
     8.813058215             40,248      context-switches                                            
     8.913206969             35,167      context-switches                                            
     9.013346692             39,354      context-switches                                            
     9.113484676             41,257      context-switches                                            
     9.213618839             42,496      context-switches                                            
     9.313775992             44,369      context-switches                                            
     9.413927845             43,860      context-switches                                            
     9.514067829             41,407      context-switches                                            
     9.614217422             39,396      context-switches                                            
     9.714361955             34,288      context-switches                                            
     9.814505269             50,405      context-switches                                            
     9.914649203             44,066      context-switches                                            
    10.000571807             33,663      context-switches                                            
