# started on Mon Nov 11 22:27:57 2019

#           time             counts unit events
     0.100208592                858      context-switches                                            
     0.200391144                821      context-switches                                            
     0.300533556              3,396      context-switches                                            
     0.400673698              3,960      context-switches                                            
     0.500825100              6,182      context-switches                                            
     0.600957952              8,442      context-switches                                            
     0.701092195             19,371      context-switches                                            
     0.801236247             39,787      context-switches                                            
     0.901399279             34,559      context-switches                                            
     1.001553332             37,452      context-switches                                            
     1.101701034             44,098      context-switches                                            
     1.201853776             40,102      context-switches                                            
     1.302007538             35,499      context-switches                                            
     1.402147820             36,240      context-switches                                            
     1.502299532             35,806      context-switches                                            
     1.602461924             33,343      context-switches                                            
     1.702601557             33,408      context-switches                                            
     1.802743779             38,222      context-switches                                            
     1.902908651             39,136      context-switches                                            
     2.003068473             44,656      context-switches                                            
     2.103206325             45,736      context-switches                                            
     2.203346667             38,136      context-switches                                            
     2.303501229             41,502      context-switches                                            
     2.403641991             29,893      context-switches                                            
     2.503770154             44,911      context-switches                                            
#           time             counts unit events
     2.603900945             52,832      context-switches                                            
     2.704030568             51,983      context-switches                                            
     2.804177000             49,941      context-switches                                            
     2.904326362             35,333      context-switches                                            
     3.004491184             33,498      context-switches                                            
     3.104650116             33,164      context-switches                                            
     3.204792428             42,514      context-switches                                            
     3.304947070             44,948      context-switches                                            
     3.405078203             47,969      context-switches                                            
     3.505237815             49,564      context-switches                                            
     3.605383677             51,467      context-switches                                            
     3.705524259             49,850      context-switches                                            
     3.805667341             54,007      context-switches                                            
     3.905799404             51,840      context-switches                                            
     4.005956185             32,509      context-switches                                            
     4.106105887             51,355      context-switches                                            
     4.206257139             45,410      context-switches                                            
     4.306386881             49,935      context-switches                                            
     4.406527954             31,060      context-switches                                            
     4.506654156             45,265      context-switches                                            
     4.606796008             43,882      context-switches                                            
     4.706914750             44,146      context-switches                                            
     4.807049462             43,569      context-switches                                            
     4.907186905             41,267      context-switches                                            
     5.007339237             38,355      context-switches                                            
#           time             counts unit events
     5.107482888             48,867      context-switches                                            
     5.207637530             48,503      context-switches                                            
     5.307777153             45,054      context-switches                                            
     5.407943605             40,570      context-switches                                            
     5.508102937             33,875      context-switches                                            
     5.608258309             45,937      context-switches                                            
     5.708417701             44,130      context-switches                                            
     5.808568533             38,118      context-switches                                            
     5.908714965             41,430      context-switches                                            
     6.008858097             45,688      context-switches                                            
     6.108999459             40,182      context-switches                                            
     6.209151521             45,024      context-switches                                            
     6.309288133             45,604      context-switches                                            
     6.409429165             39,061      context-switches                                            
     6.509564367             41,849      context-switches                                            
     6.609710529             47,608      context-switches                                            
     6.709850861             46,087      context-switches                                            
     6.809997053             44,475      context-switches                                            
     6.910138015             48,209      context-switches                                            
     7.010272828             50,189      context-switches                                            
     7.110404529             51,281      context-switches                                            
     7.210527501             46,137      context-switches                                            
     7.310655864             41,106      context-switches                                            
     7.410786896             45,014      context-switches                                            
     7.510911308             45,472      context-switches                                            
#           time             counts unit events
     7.611060600             49,599      context-switches                                            
     7.711185502             51,687      context-switches                                            
     7.811323414             54,218      context-switches                                            
     7.911460806             44,400      context-switches                                            
     8.011621168             46,191      context-switches                                            
     8.111771310             51,428      context-switches                                            
     8.211927812             40,147      context-switches                                            
     8.312080524             46,536      context-switches                                            
     8.412257816             45,670      context-switches                                            
     8.512419018             42,116      context-switches                                            
     8.612563830             47,505      context-switches                                            
     8.712699721             50,242      context-switches                                            
     8.812845034             48,474      context-switches                                            
     8.912988276             43,850      context-switches                                            
     9.013122498             39,831      context-switches                                            
     9.113256600             36,109      context-switches                                            
     9.213390622             35,894      context-switches                                            
     9.313543924             42,559      context-switches                                            
     9.413679466             38,304      context-switches                                            
     9.513826497             38,759      context-switches                                            
     9.613955350             46,922      context-switches                                            
     9.714083862             45,184      context-switches                                            
     9.814221914             44,031      context-switches                                            
     9.914356745             38,730      context-switches                                            
    10.000697349             33,184      context-switches                                            
