# started on Tue Nov 12 12:01:25 2019

#           time             counts unit events
     0.100197209             44,641      context-switches                                            
     0.200404379             42,719      context-switches                                            
     0.300700705             39,062      context-switches                                            
     0.400828831             41,028      context-switches                                            
     0.501012098             43,741      context-switches                                            
     0.601235174             42,936      context-switches                                            
     0.701338547             40,666      context-switches                                            
     0.801467925             42,729      context-switches                                            
     0.901715092             39,050      context-switches                                            
     1.001861226             40,874      context-switches                                            
     1.101967973             41,846      context-switches                                            
     1.202157535             43,336      context-switches                                            
     1.302272855             42,377      context-switches                                            
     1.402519510             42,661      context-switches                                            
     1.502659509             42,183      context-switches                                            
     1.602767478             43,078      context-switches                                            
     1.703054281             39,276      context-switches                                            
     1.803310163             42,269      context-switches                                            
     1.903506003             42,693      context-switches                                            
     2.003639448             43,724      context-switches                                            
     2.103778765             42,672      context-switches                                            
     2.203938745             41,606      context-switches                                            
     2.304046239             41,705      context-switches                                            
     2.404155398             43,239      context-switches                                            
     2.504260646             42,011      context-switches                                            
#           time             counts unit events
     2.604374684             43,341      context-switches                                            
     2.704544384             39,492      context-switches                                            
     2.804670623             36,218      context-switches                                            
     2.904813395             38,607      context-switches                                            
     3.005037088             38,320      context-switches                                            
     3.105146511             43,535      context-switches                                            
     3.205292236             38,938      context-switches                                            
     3.305503769             40,941      context-switches                                            
     3.405639410             40,631      context-switches                                            
     3.505753702             42,260      context-switches                                            
     3.605959893             41,412      context-switches                                            
     3.706182238             36,731      context-switches                                            
     3.806289533             39,545      context-switches                                            
     3.906402997             39,045      context-switches                                            
     4.006536069             41,188      context-switches                                            
     4.106740098             38,180      context-switches                                            
     4.206900663             40,141      context-switches                                            
     4.307031193             42,156      context-switches                                            
     4.407114615             38,077      context-switches                                            
     4.507223626             39,739      context-switches                                            
     4.607355896             37,530      context-switches                                            
     4.707511567             37,432      context-switches                                            
     4.807625582             41,982      context-switches                                            
     4.907738888             43,393      context-switches                                            
     5.007851019             38,083      context-switches                                            
#           time             counts unit events
     5.108063027             40,159      context-switches                                            
     5.208260810             43,046      context-switches                                            
     5.308407488             42,233      context-switches                                            
     5.408601042             41,069      context-switches                                            
     5.508713206             42,850      context-switches                                            
     5.608825277             41,090      context-switches                                            
     5.708951618             39,567      context-switches                                            
     5.809086492             37,884      context-switches                                            
     5.909354479             41,325      context-switches                                            
     6.009556040             40,328      context-switches                                            
     6.109662648             40,828      context-switches                                            
     6.209802968             42,579      context-switches                                            
     6.309923684             43,705      context-switches                                            
     6.410088994             39,649      context-switches                                            
     6.510257826             39,833      context-switches                                            
     6.610368739             43,221      context-switches                                            
     6.710522788             40,571      context-switches                                            
     6.810643976             40,832      context-switches                                            
     6.910763765             44,901      context-switches                                            
     7.011012334             40,863      context-switches                                            
     7.111151602             37,371      context-switches                                            
     7.211317904             40,435      context-switches                                            
     7.311473645             41,929      context-switches                                            
     7.411671951             42,354      context-switches                                            
     7.511897040             41,133      context-switches                                            
#           time             counts unit events
     7.612059321             43,507      context-switches                                            
     7.712223243             40,536      context-switches                                            
     7.812367667             39,529      context-switches                                            
     7.912527453             40,133      context-switches                                            
     8.012762475             41,080      context-switches                                            
     8.112872328             37,701      context-switches                                            
     8.213056771             41,251      context-switches                                            
     8.313292627             42,962      context-switches                                            
     8.413544279             38,389      context-switches                                            
     8.513667761             39,020      context-switches                                            
     8.613800792             41,650      context-switches                                            
     8.714061430             38,727      context-switches                                            
     8.814263138             43,619      context-switches                                            
     8.914372933             39,020      context-switches                                            
     9.014518670             39,243      context-switches                                            
     9.114632521             40,008      context-switches                                            
     9.214846274             40,398      context-switches                                            
     9.315011333             37,847      context-switches                                            
     9.415121461             40,001      context-switches                                            
     9.515229700             42,312      context-switches                                            
     9.615452305             38,838      context-switches                                            
     9.715757944             39,965      context-switches                                            
     9.815875523             40,754      context-switches                                            
     9.916014977             42,284      context-switches                                            
    10.000649765             34,594      context-switches                                            
