# started on Tue Nov  5 22:07:53 2019

#           time             counts unit events
     0.100831672                471      context-switches                                            
     0.201508350                134      context-switches                                            
     0.301940418                576      context-switches                                            
     0.402500936                219      context-switches                                            
     0.503056750                390      context-switches                                            
     0.603668358                384      context-switches                                            
     0.704173747                167      context-switches                                            
     0.804757492                191      context-switches                                            
     0.905362767                245      context-switches                                            
     1.005974406                173      context-switches                                            
     1.106526341                263      context-switches                                            
     1.207099544                163      context-switches                                            
     1.307676125                543      context-switches                                            
     1.408281096                182      context-switches                                            
     1.508877353                192      context-switches                                            
     1.609491920                482      context-switches                                            
     1.710072694                244      context-switches                                            
     1.810613339                345      context-switches                                            
     1.911137349                220      context-switches                                            
     2.011721121                185      context-switches                                            
     2.112328057              1,130      context-switches                                            
     2.212946895                183      context-switches                                            
     2.313504261                499      context-switches                                            
     2.413984051                196      context-switches                                            
     2.514509953                187      context-switches                                            
#           time             counts unit events
     2.615134347                489      context-switches                                            
     2.715624672                192      context-switches                                            
     2.816111408                212      context-switches                                            
     2.916718760                204      context-switches                                            
     3.017328442                182      context-switches                                            
     3.117921469                252      context-switches                                            
     3.218310072                223      context-switches                                            
     3.318705723                537      context-switches                                            
     3.419424891                170      context-switches                                            
     3.520036151                188      context-switches                                            
     3.620662251                431      context-switches                                            
     3.721274265                213      context-switches                                            
     3.821744473                173      context-switches                                            
     3.922287597                184      context-switches                                            
     4.022930448                153      context-switches                                            
     4.123310350                232      context-switches                                            
     4.223748398                298      context-switches                                            
     4.324271260                494      context-switches                                            
     4.424881882                190      context-switches                                            
     4.525480777                208      context-switches                                            
     4.626090146                371      context-switches                                            
     4.726659390                247      context-switches                                            
     4.827260620                305      context-switches                                            
     4.927872460                224      context-switches                                            
     5.028223054              5,465      context-switches                                            
#           time             counts unit events
     5.128532784             25,886      context-switches                                            
     5.228650493             37,605      context-switches                                            
     5.328796861             37,881      context-switches                                            
     5.428961882             35,215      context-switches                                            
     5.529154231             37,584      context-switches                                            
     5.629265167             35,987      context-switches                                            
     5.729475455             37,716      context-switches                                            
     5.829585964             36,190      context-switches                                            
     5.929851048             39,146      context-switches                                            
     6.030017031             35,698      context-switches                                            
     6.130222354             37,196      context-switches                                            
     6.230467804             36,652      context-switches                                            
     6.330605270             38,549      context-switches                                            
     6.430879898             37,094      context-switches                                            
     6.531157739             37,805      context-switches                                            
     6.631376176             36,633      context-switches                                            
     6.731653126             37,971      context-switches                                            
     6.831871556             36,493      context-switches                                            
     6.932145878             37,088      context-switches                                            
     7.032491549             35,172      context-switches                                            
     7.132647996             37,477      context-switches                                            
     7.232900594             35,209      context-switches                                            
     7.333039997             37,195      context-switches                                            
     7.433281557             37,916      context-switches                                            
     7.533532065             37,988      context-switches                                            
#           time             counts unit events
     7.633791842             36,962      context-switches                                            
     7.734049095             38,383      context-switches                                            
     7.834282197             37,122      context-switches                                            
     7.934470293             38,140      context-switches                                            
     8.034671623             36,197      context-switches                                            
     8.134832872             38,478      context-switches                                            
     8.235160441             35,501      context-switches                                            
     8.335266814             39,476      context-switches                                            
     8.435542323             35,923      context-switches                                            
     8.535708889             38,670      context-switches                                            
     8.635963304             36,759      context-switches                                            
     8.736095662             38,682      context-switches                                            
     8.836335294             36,884      context-switches                                            
     8.936443534             38,811      context-switches                                            
     9.036715236             37,092      context-switches                                            
     9.136821872             38,379      context-switches                                            
     9.236997647             36,910      context-switches                                            
     9.337101792             38,002      context-switches                                            
     9.437337217             36,659      context-switches                                            
     9.537450929             37,553      context-switches                                            
     9.637657876             37,482      context-switches                                            
     9.737918161             37,724      context-switches                                            
     9.838161660             37,005      context-switches                                            
     9.938408351             36,960      context-switches                                            
    10.000742421             22,906      context-switches                                            
