# started on Tue Nov  5 21:16:23 2019

#           time             counts unit events
     0.100657757                383      context-switches                                            
     0.201349100                194      context-switches                                            
     0.301918421                229      context-switches                                            
     0.402457928                217      context-switches                                            
     0.503070260                471      context-switches                                            
     0.603643549                403      context-switches                                            
     0.704267835                185      context-switches                                            
     0.804805927                156      context-switches                                            
     0.905325514                173      context-switches                                            
     1.005770010                177      context-switches                                            
     1.106185950                227      context-switches                                            
     1.206759720                238      context-switches                                            
     1.307349799                182      context-switches                                            
     1.407881872                144      context-switches                                            
     1.508438154                300      context-switches                                            
     1.609006911                416      context-switches                                            
     1.709570288                214      context-switches                                            
     1.810134645                197      context-switches                                            
     1.910710833                171      context-switches                                            
     2.011198461                185      context-switches                                            
     2.111733665                225      context-switches                                            
     2.212346715                191      context-switches                                            
     2.312959121                162      context-switches                                            
     2.413552235                192      context-switches                                            
     2.513927492                338      context-switches                                            
#           time             counts unit events
     2.614454819                495      context-switches                                            
     2.715123504                259      context-switches                                            
     2.815664772                140      context-switches                                            
     2.916254176                194      context-switches                                            
     3.016797029                204      context-switches                                            
     3.117384691                255      context-switches                                            
     3.217925369                197      context-switches                                            
     3.318521159                262      context-switches                                            
     3.419117083                170      context-switches                                            
     3.519654047                256      context-switches                                            
     3.620283098                475      context-switches                                            
     3.720864696                163      context-switches                                            
     3.821415880                173      context-switches                                            
     3.921961201                180      context-switches                                            
     4.022560945                169      context-switches                                            
     4.123079036                258      context-switches                                            
     4.223574103                188      context-switches                                            
     4.324158459                155      context-switches                                            
     4.424669122                221      context-switches                                            
     4.525197483                198      context-switches                                            
     4.625688515                492      context-switches                                            
     4.726313541                226      context-switches                                            
     4.826879910                230      context-switches                                            
     4.927340077                168      context-switches                                            
     5.027446422              5,726      context-switches                                            
#           time             counts unit events
     5.127760174             34,832      context-switches                                            
     5.227995259             35,898      context-switches                                            
     5.328234227             37,904      context-switches                                            
     5.428446362             37,355      context-switches                                            
     5.528562399             38,547      context-switches                                            
     5.628820631             37,077      context-switches                                            
     5.729066960             37,878      context-switches                                            
     5.829178064             36,497      context-switches                                            
     5.929443143             38,337      context-switches                                            
     6.029649966             37,322      context-switches                                            
     6.129866097             37,629      context-switches                                            
     6.230099418             36,546      context-switches                                            
     6.330326156             37,891      context-switches                                            
     6.430512206             36,265      context-switches                                            
     6.530741394             37,438      context-switches                                            
     6.630900280             37,088      context-switches                                            
     6.731158019             37,866      context-switches                                            
     6.831449960             36,691      context-switches                                            
     6.931744637             37,835      context-switches                                            
     7.032035003             36,220      context-switches                                            
     7.132195007             37,346      context-switches                                            
     7.232502751             37,036      context-switches                                            
     7.332614022             37,814      context-switches                                            
     7.432757691             35,945      context-switches                                            
     7.533038903             36,868      context-switches                                            
#           time             counts unit events
     7.633259213             36,816      context-switches                                            
     7.733506081             38,126      context-switches                                            
     7.833705283             37,706      context-switches                                            
     7.933995189             37,734      context-switches                                            
     8.034268033             37,062      context-switches                                            
     8.134513606             38,449      context-switches                                            
     8.234735325             36,525      context-switches                                            
     8.334998954             39,068      context-switches                                            
     8.435162605             35,613      context-switches                                            
     8.535326224             39,132      context-switches                                            
     8.635547500             35,692      context-switches                                            
     8.735791949             37,745      context-switches                                            
     8.836044239             35,370      context-switches                                            
     8.936168806             37,923      context-switches                                            
     9.036438395             36,025      context-switches                                            
     9.136700019             39,171      context-switches                                            
     9.236836350             35,930      context-switches                                            
     9.337083861             38,682      context-switches                                            
     9.437347221             36,448      context-switches                                            
     9.537519182             38,827      context-switches                                            
     9.637792379             35,753      context-switches                                            
     9.738044985             38,920      context-switches                                            
     9.838215536             36,280      context-switches                                            
     9.938356055             37,668      context-switches                                            
    10.000806929             22,145      context-switches                                            
