# started on Thu Nov  7 02:16:58 2019

#           time             counts unit events
     0.100313390             36,918      context-switches                                            
     0.200521063             38,725      context-switches                                            
     0.300719801             36,965      context-switches                                            
     0.400874551             38,898      context-switches                                            
     0.501091437             36,806      context-switches                                            
     0.601211569             38,114      context-switches                                            
     0.701433686             35,738      context-switches                                            
     0.801540181             37,942      context-switches                                            
     0.901646285             37,446      context-switches                                            
     1.001925311             38,836      context-switches                                            
     1.102033463             36,526      context-switches                                            
     1.202250984             38,453      context-switches                                            
     1.302489206             36,760      context-switches                                            
     1.402625474             38,325      context-switches                                            
     1.502849278             36,618      context-switches                                            
     1.602969252             37,934      context-switches                                            
     1.703168635             37,076      context-switches                                            
     1.803282204             37,337      context-switches                                            
     1.903489537             37,521      context-switches                                            
     2.003651541             37,447      context-switches                                            
     2.103871283             37,506      context-switches                                            
     2.203983462             37,497      context-switches                                            
     2.304128846             37,711      context-switches                                            
     2.404241631             37,344      context-switches                                            
     2.504477142             37,539      context-switches                                            
#           time             counts unit events
     2.604585724             37,407      context-switches                                            
     2.704810925             38,345      context-switches                                            
     2.804921188             37,252      context-switches                                            
     2.905094248             38,404      context-switches                                            
     3.005205823             36,795      context-switches                                            
     3.105408998             37,149      context-switches                                            
     3.205545907             36,499      context-switches                                            
     3.305658896             39,061      context-switches                                            
     3.405814221             36,668      context-switches                                            
     3.506062024             38,023      context-switches                                            
     3.606284116             35,908      context-switches                                            
     3.706557246             38,993      context-switches                                            
     3.806699598             36,865      context-switches                                            
     3.906858756             39,076      context-switches                                            
     4.007032165             37,023      context-switches                                            
     4.107171957             38,898      context-switches                                            
     4.207330008             37,010      context-switches                                            
     4.307489678             38,451      context-switches                                            
     4.407702979             36,915      context-switches                                            
     4.507904354             39,254      context-switches                                            
     4.608119373             35,954      context-switches                                            
     4.708294966             38,979      context-switches                                            
     4.808467780             36,707      context-switches                                            
     4.908691854             38,950      context-switches                                            
     5.008922840             36,771      context-switches                                            
#           time             counts unit events
     5.109200775             38,996      context-switches                                            
     5.209317899             36,367      context-switches                                            
     5.309531872             39,239      context-switches                                            
     5.409766610             36,284      context-switches                                            
     5.509957753             38,625      context-switches                                            
     5.610215628             36,294      context-switches                                            
     5.710599905             37,074      context-switches                                            
     5.810830062             36,076      context-switches                                            
     5.910993866             38,058      context-switches                                            
     6.011215578             35,628      context-switches                                            
     6.111458119             37,794      context-switches                                            
     6.211691838             36,492      context-switches                                            
     6.311857994             38,458      context-switches                                            
     6.412079678             36,432      context-switches                                            
     6.512302289             38,427      context-switches                                            
     6.612516352             37,721      context-switches                                            
     6.712620258             37,055      context-switches                                            
     6.812856026             36,442      context-switches                                            
     6.912989245             38,393      context-switches                                            
     7.013123532             36,598      context-switches                                            
     7.113255215             40,180      context-switches                                            
     7.213415179             36,334      context-switches                                            
     7.313519415             38,134      context-switches                                            
     7.413746380             39,302      context-switches                                            
     7.513970429             38,259      context-switches                                            
#           time             counts unit events
     7.614079981             34,887      context-switches                                            
     7.714265250             38,670      context-switches                                            
     7.814536151             36,582      context-switches                                            
     7.914786163             38,090      context-switches                                            
     8.014987991             36,078      context-switches                                            
     8.115266122             38,366      context-switches                                            
     8.215480341             37,238      context-switches                                            
     8.315676669             38,398      context-switches                                            
     8.415933484             37,072      context-switches                                            
     8.516184641             37,920      context-switches                                            
     8.616349571             36,417      context-switches                                            
     8.716627733             38,111      context-switches                                            
     8.816909031             37,951      context-switches                                            
     8.917105238             38,824      context-switches                                            
     9.017361936             38,167      context-switches                                            
     9.117470879             38,356      context-switches                                            
     9.217710605             37,939      context-switches                                            
     9.317906195             38,070      context-switches                                            
     9.418132497             36,255      context-switches                                            
     9.518320468             38,011      context-switches                                            
     9.618492993             36,738      context-switches                                            
     9.718599649             38,385      context-switches                                            
     9.818733824             36,843      context-switches                                            
     9.918873726             38,126      context-switches                                            
    10.000770685             29,596      context-switches                                            
